<?xml version="1.0" encoding="UTF-8"?>
<testsuites name="nc-cp-bo-login-test-suit" time="2985" tests="113" failures="17" errors="0">
   <testsuite name="nc-cp-bo-login-test-suit" tests="113" failures="17" errors="0" time="2985" timestamp="2018-09-25 18:34:55" hostname="Mazhar - mazhar-pc.metafour.lan" id="Test Suites/nc-cp-bo-login-test-suit">
      <properties>
         <property name="deviceName" value=""/>
         <property name="devicePlatform" value=""/>
         <property name="logFolder" value="C:\\Users\\mazha\\Katalon Studio\\m4-monitoring\\Reports\\nc-cp-bo-login-test-suit\\20180925_183452"/>
         <property name="logFiles" value="C:\\Users\\mazha\\Katalon Studio\\m4-monitoring\\Reports\\nc-cp-bo-login-test-suit\\20180925_183452\\execution0.log"/>
         <property name="attachments" value="C:\\Users\\mazha\\Katalon Studio\\m4-monitoring\\Reports\\nc-cp-bo-login-test-suit\\20180925_183452\\1537878980896.png, C:\\Users\\mazha\\Katalon Studio\\m4-monitoring\\Reports\\nc-cp-bo-login-test-suit\\20180925_183452\\1537878981129.png, C:\\Users\\mazha\\Katalon Studio\\m4-monitoring\\Reports\\nc-cp-bo-login-test-suit\\20180925_183452\\1537879049613.png, C:\\Users\\mazha\\Katalon Studio\\m4-monitoring\\Reports\\nc-cp-bo-login-test-suit\\20180925_183452\\1537879143550.png, C:\\Users\\mazha\\Katalon Studio\\m4-monitoring\\Reports\\nc-cp-bo-login-test-suit\\20180925_183452\\1537879143770.png, C:\\Users\\mazha\\Katalon Studio\\m4-monitoring\\Reports\\nc-cp-bo-login-test-suit\\20180925_183452\\1537879197286.png, C:\\Users\\mazha\\Katalon Studio\\m4-monitoring\\Reports\\nc-cp-bo-login-test-suit\\20180925_183452\\1537879197532.png, C:\\Users\\mazha\\Katalon Studio\\m4-monitoring\\Reports\\nc-cp-bo-login-test-suit\\20180925_183452\\1537879253112.png, C:\\Users\\mazha\\Katalon Studio\\m4-monitoring\\Reports\\nc-cp-bo-login-test-suit\\20180925_183452\\1537879253358.png, C:\\Users\\mazha\\Katalon Studio\\m4-monitoring\\Reports\\nc-cp-bo-login-test-suit\\20180925_183452\\1537879294260.png, C:\\Users\\mazha\\Katalon Studio\\m4-monitoring\\Reports\\nc-cp-bo-login-test-suit\\20180925_183452\\1537879294480.png, C:\\Users\\mazha\\Katalon Studio\\m4-monitoring\\Reports\\nc-cp-bo-login-test-suit\\20180925_183452\\1537879640381.png, C:\\Users\\mazha\\Katalon Studio\\m4-monitoring\\Reports\\nc-cp-bo-login-test-suit\\20180925_183452\\1537879640621.png, C:\\Users\\mazha\\Katalon Studio\\m4-monitoring\\Reports\\nc-cp-bo-login-test-suit\\20180925_183452\\1537879830890.png, C:\\Users\\mazha\\Katalon Studio\\m4-monitoring\\Reports\\nc-cp-bo-login-test-suit\\20180925_183452\\1537879831111.png, C:\\Users\\mazha\\Katalon Studio\\m4-monitoring\\Reports\\nc-cp-bo-login-test-suit\\20180925_183452\\1537879876109.png, C:\\Users\\mazha\\Katalon Studio\\m4-monitoring\\Reports\\nc-cp-bo-login-test-suit\\20180925_183452\\1537879876315.png, C:\\Users\\mazha\\Katalon Studio\\m4-monitoring\\Reports\\nc-cp-bo-login-test-suit\\20180925_183452\\1537879974681.png, C:\\Users\\mazha\\Katalon Studio\\m4-monitoring\\Reports\\nc-cp-bo-login-test-suit\\20180925_183452\\1537879974898.png, C:\\Users\\mazha\\Katalon Studio\\m4-monitoring\\Reports\\nc-cp-bo-login-test-suit\\20180925_183452\\1537880110097.png, C:\\Users\\mazha\\Katalon Studio\\m4-monitoring\\Reports\\nc-cp-bo-login-test-suit\\20180925_183452\\1537880110375.png, C:\\Users\\mazha\\Katalon Studio\\m4-monitoring\\Reports\\nc-cp-bo-login-test-suit\\20180925_183452\\1537880174188.png, C:\\Users\\mazha\\Katalon Studio\\m4-monitoring\\Reports\\nc-cp-bo-login-test-suit\\20180925_183452\\1537880174432.png, C:\\Users\\mazha\\Katalon Studio\\m4-monitoring\\Reports\\nc-cp-bo-login-test-suit\\20180925_183452\\1537880221083.png, C:\\Users\\mazha\\Katalon Studio\\m4-monitoring\\Reports\\nc-cp-bo-login-test-suit\\20180925_183452\\1537880221352.png, C:\\Users\\mazha\\Katalon Studio\\m4-monitoring\\Reports\\nc-cp-bo-login-test-suit\\20180925_183452\\1537880286767.png, C:\\Users\\mazha\\Katalon Studio\\m4-monitoring\\Reports\\nc-cp-bo-login-test-suit\\20180925_183452\\1537880287009.png, C:\\Users\\mazha\\Katalon Studio\\m4-monitoring\\Reports\\nc-cp-bo-login-test-suit\\20180925_183452\\1537880651558.png, C:\\Users\\mazha\\Katalon Studio\\m4-monitoring\\Reports\\nc-cp-bo-login-test-suit\\20180925_183452\\1537881493355.png, C:\\Users\\mazha\\Katalon Studio\\m4-monitoring\\Reports\\nc-cp-bo-login-test-suit\\20180925_183452\\1537881714524.png, C:\\Users\\mazha\\Katalon Studio\\m4-monitoring\\Reports\\nc-cp-bo-login-test-suit\\20180925_183452\\1537881714760.png"/>
         <property name="hostName" value="Mazhar - mazhar-pc.metafour.lan"/>
         <property name="os" value="Windows 10 64bit"/>
         <property name="katalonVersion" value="5.7.1.1"/>
         <property name="browser" value="Chrome 69.0.3497.100"/>
         <property name="hostAddress" value="192.168.0.60"/>
         <property name="sessionId" value="1ae5848bdfa1c7509b2dfc597365683e"/>
         <property name="seleniumVersion" value="3.7.1"/>
         <property name="proxyInformation" value="ProxyInformation{proxyOption=NO_PROXY, proxyServerType=HTTP, password=, proxyServerAddress=, proxyServerPort=0}"/>
         <property name="platform" value="Windows 10"/>
      </properties>
      <testcase name="Test Cases/nc_cp_login_test" classname="Test Cases/nc_cp_login_test" status="PASSED">
         <system-out><![CDATA[2018-09-25 18:34:55 - [TEST_CASE][PASSED] - Test Cases/nc_cp_login_test: Test Cases/nc_cp_login_test

2018-09-25 18:34:56 - [TEST_STEP][PASSED] - openBrowser: Browser is opened with url: 'https://360.netcourier.net/metafour-auth/authenticate?appId=clon&accessCode=&continue=/online/authenticated'

2018-09-25 18:35:04 - [MESSAGE][PASSED] - Browser is opened with url: 'https://360.netcourier.net/metafour-auth/authenticate?appId=clon&accessCode=&continue=/online/authenticated'

2018-09-25 18:35:04 - [TEST_STEP][PASSED] - navigateToUrl: Navigate to 'https://360.netcourier.net/metafour-auth/authenticate?appId=clon&accessCode=&continue=/online/authenticated' successfully

2018-09-25 18:35:05 - [MESSAGE][PASSED] - Navigate to 'https://360.netcourier.net/metafour-auth/authenticate?appId=clon&accessCode=&continue=/online/authenticated' successfully

2018-09-25 18:35:05 - [TEST_STEP][PASSED] - setText: Text 'dumm' is set on object 'Object Repository/Page_Metafour User Login/input_Login_access_code'

2018-09-25 18:35:05 - [MESSAGE][PASSED] - Text 'dumm' is set on object 'Object Repository/Page_Metafour User Login/input_Login_access_code'

2018-09-25 18:35:05 - [TEST_STEP][PASSED] - setText: Text 'Jony' is set on object 'Object Repository/Page_Metafour User Login/input_Login_login'

2018-09-25 18:35:05 - [MESSAGE][PASSED] - Text 'Jony' is set on object 'Object Repository/Page_Metafour User Login/input_Login_login'

2018-09-25 18:35:05 - [TEST_STEP][PASSED] - setText: Text '1234' is set on object 'Object Repository/Page_Metafour User Login/input_Login_j_password'

2018-09-25 18:35:05 - [MESSAGE][PASSED] - Text '1234' is set on object 'Object Repository/Page_Metafour User Login/input_Login_j_password'

2018-09-25 18:35:05 - [TEST_STEP][PASSED] - click: Object: 'Object Repository/Page_Metafour User Login/button_Sign in' is clicked on

2018-09-25 18:35:08 - [MESSAGE][PASSED] - Object: 'Object Repository/Page_Metafour User Login/button_Sign in' is clicked on

2018-09-25 18:35:08 - [TEST_STEP][PASSED] - delay: Delayed 3 second(s)

2018-09-25 18:35:11 - [MESSAGE][PASSED] - Delayed 3 second(s)

2018-09-25 18:35:11 - [TEST_STEP][PASSED] - verifyElementNotPresent: Web element with id: 'Object Repository/Page_Metafour User Login/div_Sorry login failed' located by 'By.xpath: //div[@id='customerrormessagediv']' is not present after '30' second(s)

2018-09-25 18:35:11 - [MESSAGE][WARNING] - Timeout '0' is invalid. Using default page load timeout: '30'

2018-09-25 18:35:12 - [MESSAGE][PASSED] - Web element with id: 'Object Repository/Page_Metafour User Login/div_Sorry login failed' located by 'By.xpath: //div[@id='customerrormessagediv']' is not present after '30' second(s)

2018-09-25 18:35:12 - [TEST_STEP][PASSED] - closeBrowser: Browser is closed

2018-09-25 18:35:12 - [MESSAGE][PASSED] - Browser is closed]]></system-out>
         <system-err><![CDATA[]]></system-err>
      </testcase>
      <testcase name="Test Cases/nc_cp_login_test" classname="Test Cases/nc_cp_login_test" status="PASSED">
         <system-out><![CDATA[2018-09-25 18:35:12 - [TEST_CASE][PASSED] - Test Cases/nc_cp_login_test: Test Cases/nc_cp_login_test

2018-09-25 18:35:12 - [TEST_STEP][PASSED] - openBrowser: Browser is opened with url: 'https://ateamexpress.netcourier.net/metafour-auth/authenticate?appId=clon&accessCode=&continue=/online/authenticated'

2018-09-25 18:35:19 - [MESSAGE][PASSED] - Browser is opened with url: 'https://ateamexpress.netcourier.net/metafour-auth/authenticate?appId=clon&accessCode=&continue=/online/authenticated'

2018-09-25 18:35:19 - [TEST_STEP][PASSED] - navigateToUrl: Navigate to 'https://ateamexpress.netcourier.net/metafour-auth/authenticate?appId=clon&accessCode=&continue=/online/authenticated' successfully

2018-09-25 18:35:20 - [MESSAGE][PASSED] - Navigate to 'https://ateamexpress.netcourier.net/metafour-auth/authenticate?appId=clon&accessCode=&continue=/online/authenticated' successfully

2018-09-25 18:35:20 - [TEST_STEP][PASSED] - setText: Text 'ACME' is set on object 'Object Repository/Page_Metafour User Login/input_Login_access_code'

2018-09-25 18:35:20 - [MESSAGE][PASSED] - Text 'ACME' is set on object 'Object Repository/Page_Metafour User Login/input_Login_access_code'

2018-09-25 18:35:20 - [TEST_STEP][PASSED] - setText: Text 'Jony' is set on object 'Object Repository/Page_Metafour User Login/input_Login_login'

2018-09-25 18:35:20 - [MESSAGE][PASSED] - Text 'Jony' is set on object 'Object Repository/Page_Metafour User Login/input_Login_login'

2018-09-25 18:35:20 - [TEST_STEP][PASSED] - setText: Text '1234' is set on object 'Object Repository/Page_Metafour User Login/input_Login_j_password'

2018-09-25 18:35:20 - [MESSAGE][PASSED] - Text '1234' is set on object 'Object Repository/Page_Metafour User Login/input_Login_j_password'

2018-09-25 18:35:20 - [TEST_STEP][PASSED] - click: Object: 'Object Repository/Page_Metafour User Login/button_Sign in' is clicked on

2018-09-25 18:35:24 - [MESSAGE][PASSED] - Object: 'Object Repository/Page_Metafour User Login/button_Sign in' is clicked on

2018-09-25 18:35:24 - [TEST_STEP][PASSED] - delay: Delayed 3 second(s)

2018-09-25 18:35:27 - [MESSAGE][PASSED] - Delayed 3 second(s)

2018-09-25 18:35:27 - [TEST_STEP][PASSED] - verifyElementNotPresent: Web element with id: 'Object Repository/Page_Metafour User Login/div_Sorry login failed' located by 'By.xpath: //div[@id='customerrormessagediv']' is not present after '30' second(s)

2018-09-25 18:35:27 - [MESSAGE][WARNING] - Timeout '0' is invalid. Using default page load timeout: '30'

2018-09-25 18:35:27 - [MESSAGE][PASSED] - Web element with id: 'Object Repository/Page_Metafour User Login/div_Sorry login failed' located by 'By.xpath: //div[@id='customerrormessagediv']' is not present after '30' second(s)

2018-09-25 18:35:27 - [TEST_STEP][PASSED] - closeBrowser: Browser is closed

2018-09-25 18:35:28 - [MESSAGE][PASSED] - Browser is closed]]></system-out>
         <system-err><![CDATA[]]></system-err>
      </testcase>
      <testcase name="Test Cases/nc_cp_login_test" classname="Test Cases/nc_cp_login_test" status="PASSED">
         <system-out><![CDATA[2018-09-25 18:35:28 - [TEST_CASE][PASSED] - Test Cases/nc_cp_login_test: Test Cases/nc_cp_login_test

2018-09-25 18:35:28 - [TEST_STEP][PASSED] - openBrowser: Browser is opened with url: 'http://aands.metafour.com/metafour-auth/authenticate?appId=clon&accessCode=&continue=/online/authenticated'

2018-09-25 18:35:33 - [MESSAGE][PASSED] - Browser is opened with url: 'http://aands.metafour.com/metafour-auth/authenticate?appId=clon&accessCode=&continue=/online/authenticated'

2018-09-25 18:35:33 - [TEST_STEP][PASSED] - navigateToUrl: Navigate to 'http://aands.metafour.com/metafour-auth/authenticate?appId=clon&accessCode=&continue=/online/authenticated' successfully

2018-09-25 18:35:34 - [MESSAGE][PASSED] - Navigate to 'http://aands.metafour.com/metafour-auth/authenticate?appId=clon&accessCode=&continue=/online/authenticated' successfully

2018-09-25 18:35:34 - [TEST_STEP][PASSED] - setText: Text 'dummy' is set on object 'Object Repository/Page_Metafour User Login/input_Login_access_code'

2018-09-25 18:35:34 - [MESSAGE][PASSED] - Text 'dummy' is set on object 'Object Repository/Page_Metafour User Login/input_Login_access_code'

2018-09-25 18:35:34 - [TEST_STEP][PASSED] - setText: Text 'clon' is set on object 'Object Repository/Page_Metafour User Login/input_Login_login'

2018-09-25 18:35:34 - [MESSAGE][PASSED] - Text 'clon' is set on object 'Object Repository/Page_Metafour User Login/input_Login_login'

2018-09-25 18:35:34 - [TEST_STEP][PASSED] - setText: Text 'clon' is set on object 'Object Repository/Page_Metafour User Login/input_Login_j_password'

2018-09-25 18:35:34 - [MESSAGE][PASSED] - Text 'clon' is set on object 'Object Repository/Page_Metafour User Login/input_Login_j_password'

2018-09-25 18:35:34 - [TEST_STEP][PASSED] - click: Object: 'Object Repository/Page_Metafour User Login/button_Sign in' is clicked on

2018-09-25 18:35:37 - [MESSAGE][PASSED] - Object: 'Object Repository/Page_Metafour User Login/button_Sign in' is clicked on

2018-09-25 18:35:37 - [TEST_STEP][PASSED] - delay: Delayed 3 second(s)

2018-09-25 18:35:40 - [MESSAGE][PASSED] - Delayed 3 second(s)

2018-09-25 18:35:40 - [TEST_STEP][PASSED] - verifyElementNotPresent: Web element with id: 'Object Repository/Page_Metafour User Login/div_Sorry login failed' located by 'By.xpath: //div[@id='customerrormessagediv']' is not present after '30' second(s)

2018-09-25 18:35:40 - [MESSAGE][WARNING] - Timeout '0' is invalid. Using default page load timeout: '30'

2018-09-25 18:35:40 - [MESSAGE][PASSED] - Web element with id: 'Object Repository/Page_Metafour User Login/div_Sorry login failed' located by 'By.xpath: //div[@id='customerrormessagediv']' is not present after '30' second(s)

2018-09-25 18:35:40 - [TEST_STEP][PASSED] - closeBrowser: Browser is closed

2018-09-25 18:35:40 - [MESSAGE][PASSED] - Browser is closed]]></system-out>
         <system-err><![CDATA[]]></system-err>
      </testcase>
      <testcase name="Test Cases/nc_cp_login_test" classname="Test Cases/nc_cp_login_test" status="FAILED">
         <failure type="FAILED" message="(Stack trace: com.kms.katalon.core.exception.StepFailedException: Unable to verify object 'Object Repository/Page_Metafour User Login/div_Sorry login failed' is not present (Root cause: Web element with id: 'Object Repository/Page_Metafour User Login/div_Sorry login failed' located by 'By.xpath: //div[@id='customerrormessagediv']' is present after '30' second(s))
	at com.kms.katalon.core.keyword.internal.KeywordMain.stepFailed(KeywordMain.groovy:36)
	at com.kms.katalon.core.webui.keyword.internal.WebUIKeywordMain.stepFailed(WebUIKeywordMain.groovy:65)
	at com.kms.katalon.core.webui.keyword.internal.WebUIKeywordMain.runKeyword(WebUIKeywordMain.groovy:27)
	at com.kms.katalon.core.webui.keyword.builtin.VerifyElementNotPresentKeyword.verifyElementNotPresent(VerifyElementNotPresentKeyword.groovy:118)
	at com.kms.katalon.core.webui.keyword.builtin.VerifyElementNotPresentKeyword.execute(VerifyElementNotPresentKeyword.groovy:68)
	at com.kms.katalon.core.keyword.internal.KeywordExecutor.executeKeywordForPlatform(KeywordExecutor.groovy:53)
	at com.kms.katalon.core.webui.keyword.WebUiBuiltInKeywords.verifyElementNotPresent(WebUiBuiltInKeywords.groovy:1467)
	at com.kms.katalon.core.webui.keyword.WebUiBuiltInKeywords$verifyElementNotPresent$3.call(Unknown Source)
	at Script1537190043452.run(Script1537190043452.groovy:31)
	at com.kms.katalon.core.main.ScriptEngine.run(ScriptEngine.java:183)
	at com.kms.katalon.core.main.ScriptEngine.runScriptAsRawText(ScriptEngine.java:108)
	at com.kms.katalon.core.main.TestCaseExecutor.runScript(TestCaseExecutor.java:294)
	at com.kms.katalon.core.main.TestCaseExecutor.doExecute(TestCaseExecutor.java:285)
	at com.kms.katalon.core.main.TestCaseExecutor.processExecutionPhase(TestCaseExecutor.java:264)
	at com.kms.katalon.core.main.TestCaseExecutor.accessMainPhase(TestCaseExecutor.java:256)
	at com.kms.katalon.core.main.TestCaseExecutor.execute(TestCaseExecutor.java:200)
	at com.kms.katalon.core.main.TestSuiteExecutor.accessTestCaseMainPhase(TestSuiteExecutor.java:129)
	at com.kms.katalon.core.main.TestSuiteExecutor.accessTestSuiteMainPhase(TestSuiteExecutor.java:112)
	at com.kms.katalon.core.main.TestSuiteExecutor.execute(TestSuiteExecutor.java:81)
	at com.kms.katalon.core.main.TestCaseMain.startTestSuite(TestCaseMain.java:142)
	at com.kms.katalon.core.main.TestCaseMain$startTestSuite$0.call(Unknown Source)
	at org.codehaus.groovy.runtime.callsite.CallSiteArray.defaultCall(CallSiteArray.java:48)
	at org.codehaus.groovy.runtime.callsite.AbstractCallSite.call(AbstractCallSite.java:113)
	at org.codehaus.groovy.runtime.callsite.AbstractCallSite.call(AbstractCallSite.java:141)
	at TempTestSuite1537878892048.run(TempTestSuite1537878892048.groovy:36)
	at groovy.lang.GroovyShell.runScriptOrMainOrTestOrRunnable(GroovyShell.java:263)
	at groovy.lang.GroovyShell.run(GroovyShell.java:518)
	at groovy.lang.GroovyShell.run(GroovyShell.java:507)
	at groovy.ui.GroovyMain.processOnce(GroovyMain.java:653)
	at groovy.ui.GroovyMain.run(GroovyMain.java:384)
	at groovy.ui.GroovyMain.process(GroovyMain.java:370)
	at groovy.ui.GroovyMain.processArgs(GroovyMain.java:129)
	at groovy.ui.GroovyMain.main(GroovyMain.java:109)
	at sun.reflect.NativeMethodAccessorImpl.invoke0(Native Method)
	at sun.reflect.NativeMethodAccessorImpl.invoke(NativeMethodAccessorImpl.java:62)
	at sun.reflect.DelegatingMethodAccessorImpl.invoke(DelegatingMethodAccessorImpl.java:43)
	at java.lang.reflect.Method.invoke(Method.java:498)
	at org.codehaus.groovy.tools.GroovyStarter.rootLoader(GroovyStarter.java:109)
	at org.codehaus.groovy.tools.GroovyStarter.main(GroovyStarter.java:131)
)"/>
         <system-out><![CDATA[2018-09-25 18:35:41 - [TEST_CASE][FAILED] - Test Cases/nc_cp_login_test: Test Cases/nc_cp_login_test FAILED because (of) (Stack trace: com.kms.katalon.core.exception.StepFailedException: Unable to verify object 'Object Repository/Page_Metafour User Login/div_Sorry login failed' is not present (Root cause: Web element with id: 'Object Repository/Page_Metafour User Login/div_Sorry login failed' located by 'By.xpath: //div[@id='customerrormessagediv']' is present after '30' second(s))
	at com.kms.katalon.core.keyword.internal.KeywordMain.stepFailed(KeywordMain.groovy:36)
	at com.kms.katalon.core.webui.keyword.internal.WebUIKeywordMain.stepFailed(WebUIKeywordMain.groovy:65)
	at com.kms.katalon.core.webui.keyword.internal.WebUIKeywordMain.runKeyword(WebUIKeywordMain.groovy:27)
	at com.kms.katalon.core.webui.keyword.builtin.VerifyElementNotPresentKeyword.verifyElementNotPresent(VerifyElementNotPresentKeyword.groovy:118)
	at com.kms.katalon.core.webui.keyword.builtin.VerifyElementNotPresentKeyword.execute(VerifyElementNotPresentKeyword.groovy:68)
	at com.kms.katalon.core.keyword.internal.KeywordExecutor.executeKeywordForPlatform(KeywordExecutor.groovy:53)
	at com.kms.katalon.core.webui.keyword.WebUiBuiltInKeywords.verifyElementNotPresent(WebUiBuiltInKeywords.groovy:1467)
	at com.kms.katalon.core.webui.keyword.WebUiBuiltInKeywords$verifyElementNotPresent$3.call(Unknown Source)
	at Script1537190043452.run(Script1537190043452.groovy:31)
	at com.kms.katalon.core.main.ScriptEngine.run(ScriptEngine.java:183)
	at com.kms.katalon.core.main.ScriptEngine.runScriptAsRawText(ScriptEngine.java:108)
	at com.kms.katalon.core.main.TestCaseExecutor.runScript(TestCaseExecutor.java:294)
	at com.kms.katalon.core.main.TestCaseExecutor.doExecute(TestCaseExecutor.java:285)
	at com.kms.katalon.core.main.TestCaseExecutor.processExecutionPhase(TestCaseExecutor.java:264)
	at com.kms.katalon.core.main.TestCaseExecutor.accessMainPhase(TestCaseExecutor.java:256)
	at com.kms.katalon.core.main.TestCaseExecutor.execute(TestCaseExecutor.java:200)
	at com.kms.katalon.core.main.TestSuiteExecutor.accessTestCaseMainPhase(TestSuiteExecutor.java:129)
	at com.kms.katalon.core.main.TestSuiteExecutor.accessTestSuiteMainPhase(TestSuiteExecutor.java:112)
	at com.kms.katalon.core.main.TestSuiteExecutor.execute(TestSuiteExecutor.java:81)
	at com.kms.katalon.core.main.TestCaseMain.startTestSuite(TestCaseMain.java:142)
	at com.kms.katalon.core.main.TestCaseMain$startTestSuite$0.call(Unknown Source)
	at org.codehaus.groovy.runtime.callsite.CallSiteArray.defaultCall(CallSiteArray.java:48)
	at org.codehaus.groovy.runtime.callsite.AbstractCallSite.call(AbstractCallSite.java:113)
	at org.codehaus.groovy.runtime.callsite.AbstractCallSite.call(AbstractCallSite.java:141)
	at TempTestSuite1537878892048.run(TempTestSuite1537878892048.groovy:36)
	at groovy.lang.GroovyShell.runScriptOrMainOrTestOrRunnable(GroovyShell.java:263)
	at groovy.lang.GroovyShell.run(GroovyShell.java:518)
	at groovy.lang.GroovyShell.run(GroovyShell.java:507)
	at groovy.ui.GroovyMain.processOnce(GroovyMain.java:653)
	at groovy.ui.GroovyMain.run(GroovyMain.java:384)
	at groovy.ui.GroovyMain.process(GroovyMain.java:370)
	at groovy.ui.GroovyMain.processArgs(GroovyMain.java:129)
	at groovy.ui.GroovyMain.main(GroovyMain.java:109)
	at sun.reflect.NativeMethodAccessorImpl.invoke0(Native Method)
	at sun.reflect.NativeMethodAccessorImpl.invoke(NativeMethodAccessorImpl.java:62)
	at sun.reflect.DelegatingMethodAccessorImpl.invoke(DelegatingMethodAccessorImpl.java:43)
	at java.lang.reflect.Method.invoke(Method.java:498)
	at org.codehaus.groovy.tools.GroovyStarter.rootLoader(GroovyStarter.java:109)
	at org.codehaus.groovy.tools.GroovyStarter.main(GroovyStarter.java:131)
)

2018-09-25 18:35:41 - [TEST_STEP][PASSED] - openBrowser: Browser is opened with url: 'https://addlee.netcourier.net/metafour-auth/authenticate?appId=clon&accessCode=&continue=/online/authenticated'

2018-09-25 18:35:46 - [MESSAGE][PASSED] - Browser is opened with url: 'https://addlee.netcourier.net/metafour-auth/authenticate?appId=clon&accessCode=&continue=/online/authenticated'

2018-09-25 18:35:46 - [TEST_STEP][PASSED] - navigateToUrl: Navigate to 'https://addlee.netcourier.net/metafour-auth/authenticate?appId=clon&accessCode=&continue=/online/authenticated' successfully

2018-09-25 18:35:46 - [MESSAGE][PASSED] - Navigate to 'https://addlee.netcourier.net/metafour-auth/authenticate?appId=clon&accessCode=&continue=/online/authenticated' successfully

2018-09-25 18:35:46 - [TEST_STEP][PASSED] - setText: Text 'dummy' is set on object 'Object Repository/Page_Metafour User Login/input_Login_access_code'

2018-09-25 18:35:46 - [MESSAGE][PASSED] - Text 'dummy' is set on object 'Object Repository/Page_Metafour User Login/input_Login_access_code'

2018-09-25 18:35:46 - [TEST_STEP][PASSED] - setText: Text 'Hasan' is set on object 'Object Repository/Page_Metafour User Login/input_Login_login'

2018-09-25 18:35:46 - [MESSAGE][PASSED] - Text 'Hasan' is set on object 'Object Repository/Page_Metafour User Login/input_Login_login'

2018-09-25 18:35:46 - [TEST_STEP][PASSED] - setText: Text 'MFasia%123' is set on object 'Object Repository/Page_Metafour User Login/input_Login_j_password'

2018-09-25 18:35:46 - [MESSAGE][PASSED] - Text 'MFasia%123' is set on object 'Object Repository/Page_Metafour User Login/input_Login_j_password'

2018-09-25 18:35:46 - [TEST_STEP][PASSED] - click: Object: 'Object Repository/Page_Metafour User Login/button_Sign in' is clicked on

2018-09-25 18:35:47 - [MESSAGE][PASSED] - Object: 'Object Repository/Page_Metafour User Login/button_Sign in' is clicked on

2018-09-25 18:35:47 - [TEST_STEP][PASSED] - delay: Delayed 3 second(s)

2018-09-25 18:35:50 - [MESSAGE][PASSED] - Delayed 3 second(s)

2018-09-25 18:35:50 - [TEST_STEP][FAILED] - verifyElementNotPresent: Unable to verify object 'Object Repository/Page_Metafour User Login/div_Sorry login failed' is not present (Root cause: Web element with id: 'Object Repository/Page_Metafour User Login/div_Sorry login failed' located by 'By.xpath: //div[@id='customerrormessagediv']' is present after '30' second(s))

2018-09-25 18:35:50 - [MESSAGE][WARNING] - Timeout '0' is invalid. Using default page load timeout: '30'

2018-09-25 18:36:21 - [MESSAGE][FAILED] - Web element with id: 'Object Repository/Page_Metafour User Login/div_Sorry login failed' located by 'By.xpath: //div[@id='customerrormessagediv']' is present after '30' second(s)
[[ATTACHMENT|C:\\Users\\mazha\\Katalon Studio\\m4-monitoring\\Reports\\nc-cp-bo-login-test-suit\\20180925_183452\\1537878980896.png]]

2018-09-25 18:36:21 - [MESSAGE][FAILED] - Unable to verify object 'Object Repository/Page_Metafour User Login/div_Sorry login failed' is not present (Root cause: Web element with id: 'Object Repository/Page_Metafour User Login/div_Sorry login failed' located by 'By.xpath: //div[@id='customerrormessagediv']' is present after '30' second(s))
[[ATTACHMENT|C:\\Users\\mazha\\Katalon Studio\\m4-monitoring\\Reports\\nc-cp-bo-login-test-suit\\20180925_183452\\1537878981129.png]]]]></system-out>
         <system-err><![CDATA[2018-09-25 18:35:41 - [TEST_CASE][FAILED] - Test Cases/nc_cp_login_test: Test Cases/nc_cp_login_test FAILED because (of) (Stack trace: com.kms.katalon.core.exception.StepFailedException: Unable to verify object 'Object Repository/Page_Metafour User Login/div_Sorry login failed' is not present (Root cause: Web element with id: 'Object Repository/Page_Metafour User Login/div_Sorry login failed' located by 'By.xpath: //div[@id='customerrormessagediv']' is present after '30' second(s))
	at com.kms.katalon.core.keyword.internal.KeywordMain.stepFailed(KeywordMain.groovy:36)
	at com.kms.katalon.core.webui.keyword.internal.WebUIKeywordMain.stepFailed(WebUIKeywordMain.groovy:65)
	at com.kms.katalon.core.webui.keyword.internal.WebUIKeywordMain.runKeyword(WebUIKeywordMain.groovy:27)
	at com.kms.katalon.core.webui.keyword.builtin.VerifyElementNotPresentKeyword.verifyElementNotPresent(VerifyElementNotPresentKeyword.groovy:118)
	at com.kms.katalon.core.webui.keyword.builtin.VerifyElementNotPresentKeyword.execute(VerifyElementNotPresentKeyword.groovy:68)
	at com.kms.katalon.core.keyword.internal.KeywordExecutor.executeKeywordForPlatform(KeywordExecutor.groovy:53)
	at com.kms.katalon.core.webui.keyword.WebUiBuiltInKeywords.verifyElementNotPresent(WebUiBuiltInKeywords.groovy:1467)
	at com.kms.katalon.core.webui.keyword.WebUiBuiltInKeywords$verifyElementNotPresent$3.call(Unknown Source)
	at Script1537190043452.run(Script1537190043452.groovy:31)
	at com.kms.katalon.core.main.ScriptEngine.run(ScriptEngine.java:183)
	at com.kms.katalon.core.main.ScriptEngine.runScriptAsRawText(ScriptEngine.java:108)
	at com.kms.katalon.core.main.TestCaseExecutor.runScript(TestCaseExecutor.java:294)
	at com.kms.katalon.core.main.TestCaseExecutor.doExecute(TestCaseExecutor.java:285)
	at com.kms.katalon.core.main.TestCaseExecutor.processExecutionPhase(TestCaseExecutor.java:264)
	at com.kms.katalon.core.main.TestCaseExecutor.accessMainPhase(TestCaseExecutor.java:256)
	at com.kms.katalon.core.main.TestCaseExecutor.execute(TestCaseExecutor.java:200)
	at com.kms.katalon.core.main.TestSuiteExecutor.accessTestCaseMainPhase(TestSuiteExecutor.java:129)
	at com.kms.katalon.core.main.TestSuiteExecutor.accessTestSuiteMainPhase(TestSuiteExecutor.java:112)
	at com.kms.katalon.core.main.TestSuiteExecutor.execute(TestSuiteExecutor.java:81)
	at com.kms.katalon.core.main.TestCaseMain.startTestSuite(TestCaseMain.java:142)
	at com.kms.katalon.core.main.TestCaseMain$startTestSuite$0.call(Unknown Source)
	at org.codehaus.groovy.runtime.callsite.CallSiteArray.defaultCall(CallSiteArray.java:48)
	at org.codehaus.groovy.runtime.callsite.AbstractCallSite.call(AbstractCallSite.java:113)
	at org.codehaus.groovy.runtime.callsite.AbstractCallSite.call(AbstractCallSite.java:141)
	at TempTestSuite1537878892048.run(TempTestSuite1537878892048.groovy:36)
	at groovy.lang.GroovyShell.runScriptOrMainOrTestOrRunnable(GroovyShell.java:263)
	at groovy.lang.GroovyShell.run(GroovyShell.java:518)
	at groovy.lang.GroovyShell.run(GroovyShell.java:507)
	at groovy.ui.GroovyMain.processOnce(GroovyMain.java:653)
	at groovy.ui.GroovyMain.run(GroovyMain.java:384)
	at groovy.ui.GroovyMain.process(GroovyMain.java:370)
	at groovy.ui.GroovyMain.processArgs(GroovyMain.java:129)
	at groovy.ui.GroovyMain.main(GroovyMain.java:109)
	at sun.reflect.NativeMethodAccessorImpl.invoke0(Native Method)
	at sun.reflect.NativeMethodAccessorImpl.invoke(NativeMethodAccessorImpl.java:62)
	at sun.reflect.DelegatingMethodAccessorImpl.invoke(DelegatingMethodAccessorImpl.java:43)
	at java.lang.reflect.Method.invoke(Method.java:498)
	at org.codehaus.groovy.tools.GroovyStarter.rootLoader(GroovyStarter.java:109)
	at org.codehaus.groovy.tools.GroovyStarter.main(GroovyStarter.java:131)
)]]></system-err>
      </testcase>
      <testcase name="Test Cases/nc_cp_login_test" classname="Test Cases/nc_cp_login_test" status="FAILED">
         <failure type="FAILED" message="(Stack trace: com.kms.katalon.core.exception.StepFailedException: Unable to set text 'dummy' of object 'Object Repository/Page_Metafour User Login/input_Login_access_code' (Root cause: com.kms.katalon.core.webui.exception.WebElementNotFoundException: Web element with id: 'Object Repository/Page_Metafour User Login/input_Login_access_code' located by 'By.xpath: //input[@id='access_code']' not found)
	at com.kms.katalon.core.keyword.internal.KeywordMain.stepFailed(KeywordMain.groovy:36)
	at com.kms.katalon.core.webui.keyword.internal.WebUIKeywordMain.stepFailed(WebUIKeywordMain.groovy:65)
	at com.kms.katalon.core.webui.keyword.internal.WebUIKeywordMain.runKeyword(WebUIKeywordMain.groovy:27)
	at com.kms.katalon.core.webui.keyword.builtin.SetTextKeyword.setText(SetTextKeyword.groovy:65)
	at com.kms.katalon.core.webui.keyword.builtin.SetTextKeyword.execute(SetTextKeyword.groovy:37)
	at com.kms.katalon.core.keyword.internal.KeywordExecutor.executeKeywordForPlatform(KeywordExecutor.groovy:53)
	at com.kms.katalon.core.webui.keyword.WebUiBuiltInKeywords.setText(WebUiBuiltInKeywords.groovy:950)
	at com.kms.katalon.core.webui.keyword.WebUiBuiltInKeywords$setText$1.call(Unknown Source)
	at Script1537190043452.run(Script1537190043452.groovy:21)
	at com.kms.katalon.core.main.ScriptEngine.run(ScriptEngine.java:183)
	at com.kms.katalon.core.main.ScriptEngine.runScriptAsRawText(ScriptEngine.java:108)
	at com.kms.katalon.core.main.TestCaseExecutor.runScript(TestCaseExecutor.java:294)
	at com.kms.katalon.core.main.TestCaseExecutor.doExecute(TestCaseExecutor.java:285)
	at com.kms.katalon.core.main.TestCaseExecutor.processExecutionPhase(TestCaseExecutor.java:264)
	at com.kms.katalon.core.main.TestCaseExecutor.accessMainPhase(TestCaseExecutor.java:256)
	at com.kms.katalon.core.main.TestCaseExecutor.execute(TestCaseExecutor.java:200)
	at com.kms.katalon.core.main.TestSuiteExecutor.accessTestCaseMainPhase(TestSuiteExecutor.java:129)
	at com.kms.katalon.core.main.TestSuiteExecutor.accessTestSuiteMainPhase(TestSuiteExecutor.java:112)
	at com.kms.katalon.core.main.TestSuiteExecutor.execute(TestSuiteExecutor.java:81)
	at com.kms.katalon.core.main.TestCaseMain.startTestSuite(TestCaseMain.java:142)
	at com.kms.katalon.core.main.TestCaseMain$startTestSuite$0.call(Unknown Source)
	at org.codehaus.groovy.runtime.callsite.CallSiteArray.defaultCall(CallSiteArray.java:48)
	at org.codehaus.groovy.runtime.callsite.AbstractCallSite.call(AbstractCallSite.java:113)
	at org.codehaus.groovy.runtime.callsite.AbstractCallSite.call(AbstractCallSite.java:141)
	at TempTestSuite1537878892048.run(TempTestSuite1537878892048.groovy:36)
	at groovy.lang.GroovyShell.runScriptOrMainOrTestOrRunnable(GroovyShell.java:263)
	at groovy.lang.GroovyShell.run(GroovyShell.java:518)
	at groovy.lang.GroovyShell.run(GroovyShell.java:507)
	at groovy.ui.GroovyMain.processOnce(GroovyMain.java:653)
	at groovy.ui.GroovyMain.run(GroovyMain.java:384)
	at groovy.ui.GroovyMain.process(GroovyMain.java:370)
	at groovy.ui.GroovyMain.processArgs(GroovyMain.java:129)
	at groovy.ui.GroovyMain.main(GroovyMain.java:109)
	at sun.reflect.NativeMethodAccessorImpl.invoke0(Native Method)
	at sun.reflect.NativeMethodAccessorImpl.invoke(NativeMethodAccessorImpl.java:62)
	at sun.reflect.DelegatingMethodAccessorImpl.invoke(DelegatingMethodAccessorImpl.java:43)
	at java.lang.reflect.Method.invoke(Method.java:498)
	at org.codehaus.groovy.tools.GroovyStarter.rootLoader(GroovyStarter.java:109)
	at org.codehaus.groovy.tools.GroovyStarter.main(GroovyStarter.java:131)
)"/>
         <system-out><![CDATA[2018-09-25 18:36:21 - [TEST_CASE][FAILED] - Test Cases/nc_cp_login_test: Test Cases/nc_cp_login_test FAILED because (of) (Stack trace: com.kms.katalon.core.exception.StepFailedException: Unable to set text 'dummy' of object 'Object Repository/Page_Metafour User Login/input_Login_access_code' (Root cause: com.kms.katalon.core.webui.exception.WebElementNotFoundException: Web element with id: 'Object Repository/Page_Metafour User Login/input_Login_access_code' located by 'By.xpath: //input[@id='access_code']' not found)
	at com.kms.katalon.core.keyword.internal.KeywordMain.stepFailed(KeywordMain.groovy:36)
	at com.kms.katalon.core.webui.keyword.internal.WebUIKeywordMain.stepFailed(WebUIKeywordMain.groovy:65)
	at com.kms.katalon.core.webui.keyword.internal.WebUIKeywordMain.runKeyword(WebUIKeywordMain.groovy:27)
	at com.kms.katalon.core.webui.keyword.builtin.SetTextKeyword.setText(SetTextKeyword.groovy:65)
	at com.kms.katalon.core.webui.keyword.builtin.SetTextKeyword.execute(SetTextKeyword.groovy:37)
	at com.kms.katalon.core.keyword.internal.KeywordExecutor.executeKeywordForPlatform(KeywordExecutor.groovy:53)
	at com.kms.katalon.core.webui.keyword.WebUiBuiltInKeywords.setText(WebUiBuiltInKeywords.groovy:950)
	at com.kms.katalon.core.webui.keyword.WebUiBuiltInKeywords$setText$1.call(Unknown Source)
	at Script1537190043452.run(Script1537190043452.groovy:21)
	at com.kms.katalon.core.main.ScriptEngine.run(ScriptEngine.java:183)
	at com.kms.katalon.core.main.ScriptEngine.runScriptAsRawText(ScriptEngine.java:108)
	at com.kms.katalon.core.main.TestCaseExecutor.runScript(TestCaseExecutor.java:294)
	at com.kms.katalon.core.main.TestCaseExecutor.doExecute(TestCaseExecutor.java:285)
	at com.kms.katalon.core.main.TestCaseExecutor.processExecutionPhase(TestCaseExecutor.java:264)
	at com.kms.katalon.core.main.TestCaseExecutor.accessMainPhase(TestCaseExecutor.java:256)
	at com.kms.katalon.core.main.TestCaseExecutor.execute(TestCaseExecutor.java:200)
	at com.kms.katalon.core.main.TestSuiteExecutor.accessTestCaseMainPhase(TestSuiteExecutor.java:129)
	at com.kms.katalon.core.main.TestSuiteExecutor.accessTestSuiteMainPhase(TestSuiteExecutor.java:112)
	at com.kms.katalon.core.main.TestSuiteExecutor.execute(TestSuiteExecutor.java:81)
	at com.kms.katalon.core.main.TestCaseMain.startTestSuite(TestCaseMain.java:142)
	at com.kms.katalon.core.main.TestCaseMain$startTestSuite$0.call(Unknown Source)
	at org.codehaus.groovy.runtime.callsite.CallSiteArray.defaultCall(CallSiteArray.java:48)
	at org.codehaus.groovy.runtime.callsite.AbstractCallSite.call(AbstractCallSite.java:113)
	at org.codehaus.groovy.runtime.callsite.AbstractCallSite.call(AbstractCallSite.java:141)
	at TempTestSuite1537878892048.run(TempTestSuite1537878892048.groovy:36)
	at groovy.lang.GroovyShell.runScriptOrMainOrTestOrRunnable(GroovyShell.java:263)
	at groovy.lang.GroovyShell.run(GroovyShell.java:518)
	at groovy.lang.GroovyShell.run(GroovyShell.java:507)
	at groovy.ui.GroovyMain.processOnce(GroovyMain.java:653)
	at groovy.ui.GroovyMain.run(GroovyMain.java:384)
	at groovy.ui.GroovyMain.process(GroovyMain.java:370)
	at groovy.ui.GroovyMain.processArgs(GroovyMain.java:129)
	at groovy.ui.GroovyMain.main(GroovyMain.java:109)
	at sun.reflect.NativeMethodAccessorImpl.invoke0(Native Method)
	at sun.reflect.NativeMethodAccessorImpl.invoke(NativeMethodAccessorImpl.java:62)
	at sun.reflect.DelegatingMethodAccessorImpl.invoke(DelegatingMethodAccessorImpl.java:43)
	at java.lang.reflect.Method.invoke(Method.java:498)
	at org.codehaus.groovy.tools.GroovyStarter.rootLoader(GroovyStarter.java:109)
	at org.codehaus.groovy.tools.GroovyStarter.main(GroovyStarter.java:131)
)

2018-09-25 18:36:21 - [TEST_STEP][PASSED] - openBrowser: Browser is opened with url: 'http://aci.metafour.com/metafour-auth/authenticate?appId=clon&accessCode=&continue=/online/authenticated'

2018-09-25 18:36:21 - [MESSAGE][WARNING] - A browser is already opened. Closing browser and opening a new one

2018-09-25 18:36:58 - [MESSAGE][PASSED] - Browser is opened with url: 'http://aci.metafour.com/metafour-auth/authenticate?appId=clon&accessCode=&continue=/online/authenticated'

2018-09-25 18:36:58 - [TEST_STEP][PASSED] - navigateToUrl: Navigate to 'http://aci.metafour.com/metafour-auth/authenticate?appId=clon&accessCode=&continue=/online/authenticated' successfully

2018-09-25 18:36:58 - [MESSAGE][PASSED] - Navigate to 'http://aci.metafour.com/metafour-auth/authenticate?appId=clon&accessCode=&continue=/online/authenticated' successfully

2018-09-25 18:36:58 - [TEST_STEP][FAILED] - setText: Unable to set text 'dummy' of object 'Object Repository/Page_Metafour User Login/input_Login_access_code' (Root cause: com.kms.katalon.core.webui.exception.WebElementNotFoundException: Web element with id: 'Object Repository/Page_Metafour User Login/input_Login_access_code' located by 'By.xpath: //input[@id='access_code']' not found)

2018-09-25 18:37:29 - [MESSAGE][FAILED] - Unable to set text 'dummy' of object 'Object Repository/Page_Metafour User Login/input_Login_access_code' (Root cause: com.kms.katalon.core.webui.exception.WebElementNotFoundException: Web element with id: 'Object Repository/Page_Metafour User Login/input_Login_access_code' located by 'By.xpath: //input[@id='access_code']' not found)
[[ATTACHMENT|C:\\Users\\mazha\\Katalon Studio\\m4-monitoring\\Reports\\nc-cp-bo-login-test-suit\\20180925_183452\\1537879049613.png]]]]></system-out>
         <system-err><![CDATA[2018-09-25 18:36:21 - [TEST_CASE][FAILED] - Test Cases/nc_cp_login_test: Test Cases/nc_cp_login_test FAILED because (of) (Stack trace: com.kms.katalon.core.exception.StepFailedException: Unable to set text 'dummy' of object 'Object Repository/Page_Metafour User Login/input_Login_access_code' (Root cause: com.kms.katalon.core.webui.exception.WebElementNotFoundException: Web element with id: 'Object Repository/Page_Metafour User Login/input_Login_access_code' located by 'By.xpath: //input[@id='access_code']' not found)
	at com.kms.katalon.core.keyword.internal.KeywordMain.stepFailed(KeywordMain.groovy:36)
	at com.kms.katalon.core.webui.keyword.internal.WebUIKeywordMain.stepFailed(WebUIKeywordMain.groovy:65)
	at com.kms.katalon.core.webui.keyword.internal.WebUIKeywordMain.runKeyword(WebUIKeywordMain.groovy:27)
	at com.kms.katalon.core.webui.keyword.builtin.SetTextKeyword.setText(SetTextKeyword.groovy:65)
	at com.kms.katalon.core.webui.keyword.builtin.SetTextKeyword.execute(SetTextKeyword.groovy:37)
	at com.kms.katalon.core.keyword.internal.KeywordExecutor.executeKeywordForPlatform(KeywordExecutor.groovy:53)
	at com.kms.katalon.core.webui.keyword.WebUiBuiltInKeywords.setText(WebUiBuiltInKeywords.groovy:950)
	at com.kms.katalon.core.webui.keyword.WebUiBuiltInKeywords$setText$1.call(Unknown Source)
	at Script1537190043452.run(Script1537190043452.groovy:21)
	at com.kms.katalon.core.main.ScriptEngine.run(ScriptEngine.java:183)
	at com.kms.katalon.core.main.ScriptEngine.runScriptAsRawText(ScriptEngine.java:108)
	at com.kms.katalon.core.main.TestCaseExecutor.runScript(TestCaseExecutor.java:294)
	at com.kms.katalon.core.main.TestCaseExecutor.doExecute(TestCaseExecutor.java:285)
	at com.kms.katalon.core.main.TestCaseExecutor.processExecutionPhase(TestCaseExecutor.java:264)
	at com.kms.katalon.core.main.TestCaseExecutor.accessMainPhase(TestCaseExecutor.java:256)
	at com.kms.katalon.core.main.TestCaseExecutor.execute(TestCaseExecutor.java:200)
	at com.kms.katalon.core.main.TestSuiteExecutor.accessTestCaseMainPhase(TestSuiteExecutor.java:129)
	at com.kms.katalon.core.main.TestSuiteExecutor.accessTestSuiteMainPhase(TestSuiteExecutor.java:112)
	at com.kms.katalon.core.main.TestSuiteExecutor.execute(TestSuiteExecutor.java:81)
	at com.kms.katalon.core.main.TestCaseMain.startTestSuite(TestCaseMain.java:142)
	at com.kms.katalon.core.main.TestCaseMain$startTestSuite$0.call(Unknown Source)
	at org.codehaus.groovy.runtime.callsite.CallSiteArray.defaultCall(CallSiteArray.java:48)
	at org.codehaus.groovy.runtime.callsite.AbstractCallSite.call(AbstractCallSite.java:113)
	at org.codehaus.groovy.runtime.callsite.AbstractCallSite.call(AbstractCallSite.java:141)
	at TempTestSuite1537878892048.run(TempTestSuite1537878892048.groovy:36)
	at groovy.lang.GroovyShell.runScriptOrMainOrTestOrRunnable(GroovyShell.java:263)
	at groovy.lang.GroovyShell.run(GroovyShell.java:518)
	at groovy.lang.GroovyShell.run(GroovyShell.java:507)
	at groovy.ui.GroovyMain.processOnce(GroovyMain.java:653)
	at groovy.ui.GroovyMain.run(GroovyMain.java:384)
	at groovy.ui.GroovyMain.process(GroovyMain.java:370)
	at groovy.ui.GroovyMain.processArgs(GroovyMain.java:129)
	at groovy.ui.GroovyMain.main(GroovyMain.java:109)
	at sun.reflect.NativeMethodAccessorImpl.invoke0(Native Method)
	at sun.reflect.NativeMethodAccessorImpl.invoke(NativeMethodAccessorImpl.java:62)
	at sun.reflect.DelegatingMethodAccessorImpl.invoke(DelegatingMethodAccessorImpl.java:43)
	at java.lang.reflect.Method.invoke(Method.java:498)
	at org.codehaus.groovy.tools.GroovyStarter.rootLoader(GroovyStarter.java:109)
	at org.codehaus.groovy.tools.GroovyStarter.main(GroovyStarter.java:131)
)]]></system-err>
      </testcase>
      <testcase name="Test Cases/nc_cp_login_test" classname="Test Cases/nc_cp_login_test" status="PASSED">
         <system-out><![CDATA[2018-09-25 18:37:29 - [TEST_CASE][PASSED] - Test Cases/nc_cp_login_test: Test Cases/nc_cp_login_test

2018-09-25 18:37:29 - [TEST_STEP][PASSED] - openBrowser: Browser is opened with url: 'https://ajww.netcourier.net/metafour-auth/authenticate?appId=clon&accessCode=&continue=/online/authenticated'

2018-09-25 18:37:29 - [MESSAGE][WARNING] - A browser is already opened. Closing browser and opening a new one

2018-09-25 18:37:36 - [MESSAGE][PASSED] - Browser is opened with url: 'https://ajww.netcourier.net/metafour-auth/authenticate?appId=clon&accessCode=&continue=/online/authenticated'

2018-09-25 18:37:36 - [TEST_STEP][PASSED] - navigateToUrl: Navigate to 'https://ajww.netcourier.net/metafour-auth/authenticate?appId=clon&accessCode=&continue=/online/authenticated' successfully

2018-09-25 18:37:36 - [MESSAGE][PASSED] - Navigate to 'https://ajww.netcourier.net/metafour-auth/authenticate?appId=clon&accessCode=&continue=/online/authenticated' successfully

2018-09-25 18:37:36 - [TEST_STEP][PASSED] - setText: Text 'dummy' is set on object 'Object Repository/Page_Metafour User Login/input_Login_access_code'

2018-09-25 18:37:36 - [MESSAGE][PASSED] - Text 'dummy' is set on object 'Object Repository/Page_Metafour User Login/input_Login_access_code'

2018-09-25 18:37:36 - [TEST_STEP][PASSED] - setText: Text 'clon' is set on object 'Object Repository/Page_Metafour User Login/input_Login_login'

2018-09-25 18:37:36 - [MESSAGE][PASSED] - Text 'clon' is set on object 'Object Repository/Page_Metafour User Login/input_Login_login'

2018-09-25 18:37:36 - [TEST_STEP][PASSED] - setText: Text 'clon' is set on object 'Object Repository/Page_Metafour User Login/input_Login_j_password'

2018-09-25 18:37:36 - [MESSAGE][PASSED] - Text 'clon' is set on object 'Object Repository/Page_Metafour User Login/input_Login_j_password'

2018-09-25 18:37:36 - [TEST_STEP][PASSED] - click: Object: 'Object Repository/Page_Metafour User Login/button_Sign in' is clicked on

2018-09-25 18:37:40 - [MESSAGE][PASSED] - Object: 'Object Repository/Page_Metafour User Login/button_Sign in' is clicked on

2018-09-25 18:37:40 - [TEST_STEP][PASSED] - delay: Delayed 3 second(s)

2018-09-25 18:37:43 - [MESSAGE][PASSED] - Delayed 3 second(s)

2018-09-25 18:37:43 - [TEST_STEP][PASSED] - verifyElementNotPresent: Web element with id: 'Object Repository/Page_Metafour User Login/div_Sorry login failed' located by 'By.xpath: //div[@id='customerrormessagediv']' is not present after '30' second(s)

2018-09-25 18:37:43 - [MESSAGE][WARNING] - Timeout '0' is invalid. Using default page load timeout: '30'

2018-09-25 18:37:43 - [MESSAGE][PASSED] - Web element with id: 'Object Repository/Page_Metafour User Login/div_Sorry login failed' located by 'By.xpath: //div[@id='customerrormessagediv']' is not present after '30' second(s)

2018-09-25 18:37:43 - [TEST_STEP][PASSED] - closeBrowser: Browser is closed

2018-09-25 18:37:43 - [MESSAGE][PASSED] - Browser is closed]]></system-out>
         <system-err><![CDATA[]]></system-err>
      </testcase>
      <testcase name="Test Cases/nc_cp_login_test" classname="Test Cases/nc_cp_login_test" status="PASSED">
         <system-out><![CDATA[2018-09-25 18:37:43 - [TEST_CASE][PASSED] - Test Cases/nc_cp_login_test: Test Cases/nc_cp_login_test

2018-09-25 18:37:43 - [TEST_STEP][PASSED] - openBrowser: Browser is opened with url: 'http://allenovery.netcourier.net/metafour-auth/authenticate?appId=clon&accessCode=&continue=/online/authenticated'

2018-09-25 18:37:49 - [MESSAGE][PASSED] - Browser is opened with url: 'http://allenovery.netcourier.net/metafour-auth/authenticate?appId=clon&accessCode=&continue=/online/authenticated'

2018-09-25 18:37:49 - [TEST_STEP][PASSED] - navigateToUrl: Navigate to 'http://allenovery.netcourier.net/metafour-auth/authenticate?appId=clon&accessCode=&continue=/online/authenticated' successfully

2018-09-25 18:37:49 - [MESSAGE][PASSED] - Navigate to 'http://allenovery.netcourier.net/metafour-auth/authenticate?appId=clon&accessCode=&continue=/online/authenticated' successfully

2018-09-25 18:37:49 - [TEST_STEP][PASSED] - setText: Text 'dummy' is set on object 'Object Repository/Page_Metafour User Login/input_Login_access_code'

2018-09-25 18:37:49 - [MESSAGE][PASSED] - Text 'dummy' is set on object 'Object Repository/Page_Metafour User Login/input_Login_access_code'

2018-09-25 18:37:49 - [TEST_STEP][PASSED] - setText: Text 'Hasan' is set on object 'Object Repository/Page_Metafour User Login/input_Login_login'

2018-09-25 18:37:49 - [MESSAGE][PASSED] - Text 'Hasan' is set on object 'Object Repository/Page_Metafour User Login/input_Login_login'

2018-09-25 18:37:49 - [TEST_STEP][PASSED] - setText: Text 'hasan' is set on object 'Object Repository/Page_Metafour User Login/input_Login_j_password'

2018-09-25 18:37:49 - [MESSAGE][PASSED] - Text 'hasan' is set on object 'Object Repository/Page_Metafour User Login/input_Login_j_password'

2018-09-25 18:37:49 - [TEST_STEP][PASSED] - click: Object: 'Object Repository/Page_Metafour User Login/button_Sign in' is clicked on

2018-09-25 18:37:53 - [MESSAGE][PASSED] - Object: 'Object Repository/Page_Metafour User Login/button_Sign in' is clicked on

2018-09-25 18:37:53 - [TEST_STEP][PASSED] - delay: Delayed 3 second(s)

2018-09-25 18:37:56 - [MESSAGE][PASSED] - Delayed 3 second(s)

2018-09-25 18:37:56 - [TEST_STEP][PASSED] - verifyElementNotPresent: Web element with id: 'Object Repository/Page_Metafour User Login/div_Sorry login failed' located by 'By.xpath: //div[@id='customerrormessagediv']' is not present after '30' second(s)

2018-09-25 18:37:56 - [MESSAGE][WARNING] - Timeout '0' is invalid. Using default page load timeout: '30'

2018-09-25 18:37:56 - [MESSAGE][PASSED] - Web element with id: 'Object Repository/Page_Metafour User Login/div_Sorry login failed' located by 'By.xpath: //div[@id='customerrormessagediv']' is not present after '30' second(s)

2018-09-25 18:37:56 - [TEST_STEP][PASSED] - closeBrowser: Browser is closed

2018-09-25 18:37:56 - [MESSAGE][PASSED] - Browser is closed]]></system-out>
         <system-err><![CDATA[]]></system-err>
      </testcase>
      <testcase name="Test Cases/nc_cp_login_test" classname="Test Cases/nc_cp_login_test" status="PASSED">
         <system-out><![CDATA[2018-09-25 18:37:56 - [TEST_CASE][PASSED] - Test Cases/nc_cp_login_test: Test Cases/nc_cp_login_test

2018-09-25 18:37:56 - [TEST_STEP][PASSED] - openBrowser: Browser is opened with url: 'https://ariestransport.netcourier.net/metafour-auth/authenticate?appId=clon&accessCode=&continue=/online/authenticated'

2018-09-25 18:38:02 - [MESSAGE][PASSED] - Browser is opened with url: 'https://ariestransport.netcourier.net/metafour-auth/authenticate?appId=clon&accessCode=&continue=/online/authenticated'

2018-09-25 18:38:02 - [TEST_STEP][PASSED] - navigateToUrl: Navigate to 'https://ariestransport.netcourier.net/metafour-auth/authenticate?appId=clon&accessCode=&continue=/online/authenticated' successfully

2018-09-25 18:38:03 - [MESSAGE][PASSED] - Navigate to 'https://ariestransport.netcourier.net/metafour-auth/authenticate?appId=clon&accessCode=&continue=/online/authenticated' successfully

2018-09-25 18:38:03 - [TEST_STEP][PASSED] - setText: Text 'Test' is set on object 'Object Repository/Page_Metafour User Login/input_Login_access_code'

2018-09-25 18:38:03 - [MESSAGE][PASSED] - Text 'Test' is set on object 'Object Repository/Page_Metafour User Login/input_Login_access_code'

2018-09-25 18:38:03 - [TEST_STEP][PASSED] - setText: Text 'Jony' is set on object 'Object Repository/Page_Metafour User Login/input_Login_login'

2018-09-25 18:38:03 - [MESSAGE][PASSED] - Text 'Jony' is set on object 'Object Repository/Page_Metafour User Login/input_Login_login'

2018-09-25 18:38:03 - [TEST_STEP][PASSED] - setText: Text '1234' is set on object 'Object Repository/Page_Metafour User Login/input_Login_j_password'

2018-09-25 18:38:03 - [MESSAGE][PASSED] - Text '1234' is set on object 'Object Repository/Page_Metafour User Login/input_Login_j_password'

2018-09-25 18:38:03 - [TEST_STEP][PASSED] - click: Object: 'Object Repository/Page_Metafour User Login/button_Sign in' is clicked on

2018-09-25 18:38:07 - [MESSAGE][PASSED] - Object: 'Object Repository/Page_Metafour User Login/button_Sign in' is clicked on

2018-09-25 18:38:07 - [TEST_STEP][PASSED] - delay: Delayed 3 second(s)

2018-09-25 18:38:10 - [MESSAGE][PASSED] - Delayed 3 second(s)

2018-09-25 18:38:10 - [TEST_STEP][PASSED] - verifyElementNotPresent: Web element with id: 'Object Repository/Page_Metafour User Login/div_Sorry login failed' located by 'By.xpath: //div[@id='customerrormessagediv']' is not present after '30' second(s)

2018-09-25 18:38:10 - [MESSAGE][WARNING] - Timeout '0' is invalid. Using default page load timeout: '30'

2018-09-25 18:38:10 - [MESSAGE][PASSED] - Web element with id: 'Object Repository/Page_Metafour User Login/div_Sorry login failed' located by 'By.xpath: //div[@id='customerrormessagediv']' is not present after '30' second(s)

2018-09-25 18:38:10 - [TEST_STEP][PASSED] - closeBrowser: Browser is closed

2018-09-25 18:38:11 - [MESSAGE][PASSED] - Browser is closed]]></system-out>
         <system-err><![CDATA[]]></system-err>
      </testcase>
      <testcase name="Test Cases/nc_cp_login_test" classname="Test Cases/nc_cp_login_test" status="PASSED">
         <system-out><![CDATA[2018-09-25 18:38:11 - [TEST_CASE][PASSED] - Test Cases/nc_cp_login_test: Test Cases/nc_cp_login_test

2018-09-25 18:38:11 - [TEST_STEP][PASSED] - openBrowser: Browser is opened with url: 'https://asialogistics.netcourier.net/metafour-auth/authenticate?appId=clon&accessCode=&continue=/online/authenticated'

2018-09-25 18:38:16 - [MESSAGE][PASSED] - Browser is opened with url: 'https://asialogistics.netcourier.net/metafour-auth/authenticate?appId=clon&accessCode=&continue=/online/authenticated'

2018-09-25 18:38:16 - [TEST_STEP][PASSED] - navigateToUrl: Navigate to 'https://asialogistics.netcourier.net/metafour-auth/authenticate?appId=clon&accessCode=&continue=/online/authenticated' successfully

2018-09-25 18:38:16 - [MESSAGE][PASSED] - Navigate to 'https://asialogistics.netcourier.net/metafour-auth/authenticate?appId=clon&accessCode=&continue=/online/authenticated' successfully

2018-09-25 18:38:16 - [TEST_STEP][PASSED] - setText: Text 'dummy' is set on object 'Object Repository/Page_Metafour User Login/input_Login_access_code'

2018-09-25 18:38:16 - [MESSAGE][PASSED] - Text 'dummy' is set on object 'Object Repository/Page_Metafour User Login/input_Login_access_code'

2018-09-25 18:38:16 - [TEST_STEP][PASSED] - setText: Text 'Jony' is set on object 'Object Repository/Page_Metafour User Login/input_Login_login'

2018-09-25 18:38:16 - [MESSAGE][PASSED] - Text 'Jony' is set on object 'Object Repository/Page_Metafour User Login/input_Login_login'

2018-09-25 18:38:16 - [TEST_STEP][PASSED] - setText: Text '2021' is set on object 'Object Repository/Page_Metafour User Login/input_Login_j_password'

2018-09-25 18:38:16 - [MESSAGE][PASSED] - Text '2021' is set on object 'Object Repository/Page_Metafour User Login/input_Login_j_password'

2018-09-25 18:38:16 - [TEST_STEP][PASSED] - click: Object: 'Object Repository/Page_Metafour User Login/button_Sign in' is clicked on

2018-09-25 18:38:20 - [MESSAGE][PASSED] - Object: 'Object Repository/Page_Metafour User Login/button_Sign in' is clicked on

2018-09-25 18:38:20 - [TEST_STEP][PASSED] - delay: Delayed 3 second(s)

2018-09-25 18:38:23 - [MESSAGE][PASSED] - Delayed 3 second(s)

2018-09-25 18:38:23 - [TEST_STEP][PASSED] - verifyElementNotPresent: Web element with id: 'Object Repository/Page_Metafour User Login/div_Sorry login failed' located by 'By.xpath: //div[@id='customerrormessagediv']' is not present after '30' second(s)

2018-09-25 18:38:23 - [MESSAGE][WARNING] - Timeout '0' is invalid. Using default page load timeout: '30'

2018-09-25 18:38:23 - [MESSAGE][PASSED] - Web element with id: 'Object Repository/Page_Metafour User Login/div_Sorry login failed' located by 'By.xpath: //div[@id='customerrormessagediv']' is not present after '30' second(s)

2018-09-25 18:38:23 - [TEST_STEP][PASSED] - closeBrowser: Browser is closed

2018-09-25 18:38:23 - [MESSAGE][PASSED] - Browser is closed]]></system-out>
         <system-err><![CDATA[]]></system-err>
      </testcase>
      <testcase name="Test Cases/nc_cp_login_test" classname="Test Cases/nc_cp_login_test" status="FAILED">
         <failure type="FAILED" message="(Stack trace: com.kms.katalon.core.exception.StepFailedException: Unable to verify object 'Object Repository/Page_Metafour User Login/div_Sorry login failed' is not present (Root cause: Web element with id: 'Object Repository/Page_Metafour User Login/div_Sorry login failed' located by 'By.xpath: //div[@id='customerrormessagediv']' is present after '30' second(s))
	at com.kms.katalon.core.keyword.internal.KeywordMain.stepFailed(KeywordMain.groovy:36)
	at com.kms.katalon.core.webui.keyword.internal.WebUIKeywordMain.stepFailed(WebUIKeywordMain.groovy:65)
	at com.kms.katalon.core.webui.keyword.internal.WebUIKeywordMain.runKeyword(WebUIKeywordMain.groovy:27)
	at com.kms.katalon.core.webui.keyword.builtin.VerifyElementNotPresentKeyword.verifyElementNotPresent(VerifyElementNotPresentKeyword.groovy:118)
	at com.kms.katalon.core.webui.keyword.builtin.VerifyElementNotPresentKeyword.execute(VerifyElementNotPresentKeyword.groovy:68)
	at com.kms.katalon.core.keyword.internal.KeywordExecutor.executeKeywordForPlatform(KeywordExecutor.groovy:53)
	at com.kms.katalon.core.webui.keyword.WebUiBuiltInKeywords.verifyElementNotPresent(WebUiBuiltInKeywords.groovy:1467)
	at com.kms.katalon.core.webui.keyword.WebUiBuiltInKeywords$verifyElementNotPresent$3.call(Unknown Source)
	at Script1537190043452.run(Script1537190043452.groovy:31)
	at com.kms.katalon.core.main.ScriptEngine.run(ScriptEngine.java:183)
	at com.kms.katalon.core.main.ScriptEngine.runScriptAsRawText(ScriptEngine.java:108)
	at com.kms.katalon.core.main.TestCaseExecutor.runScript(TestCaseExecutor.java:294)
	at com.kms.katalon.core.main.TestCaseExecutor.doExecute(TestCaseExecutor.java:285)
	at com.kms.katalon.core.main.TestCaseExecutor.processExecutionPhase(TestCaseExecutor.java:264)
	at com.kms.katalon.core.main.TestCaseExecutor.accessMainPhase(TestCaseExecutor.java:256)
	at com.kms.katalon.core.main.TestCaseExecutor.execute(TestCaseExecutor.java:200)
	at com.kms.katalon.core.main.TestSuiteExecutor.accessTestCaseMainPhase(TestSuiteExecutor.java:129)
	at com.kms.katalon.core.main.TestSuiteExecutor.accessTestSuiteMainPhase(TestSuiteExecutor.java:112)
	at com.kms.katalon.core.main.TestSuiteExecutor.execute(TestSuiteExecutor.java:81)
	at com.kms.katalon.core.main.TestCaseMain.startTestSuite(TestCaseMain.java:142)
	at com.kms.katalon.core.main.TestCaseMain$startTestSuite$0.call(Unknown Source)
	at org.codehaus.groovy.runtime.callsite.CallSiteArray.defaultCall(CallSiteArray.java:48)
	at org.codehaus.groovy.runtime.callsite.AbstractCallSite.call(AbstractCallSite.java:113)
	at org.codehaus.groovy.runtime.callsite.AbstractCallSite.call(AbstractCallSite.java:141)
	at TempTestSuite1537878892048.run(TempTestSuite1537878892048.groovy:36)
	at groovy.lang.GroovyShell.runScriptOrMainOrTestOrRunnable(GroovyShell.java:263)
	at groovy.lang.GroovyShell.run(GroovyShell.java:518)
	at groovy.lang.GroovyShell.run(GroovyShell.java:507)
	at groovy.ui.GroovyMain.processOnce(GroovyMain.java:653)
	at groovy.ui.GroovyMain.run(GroovyMain.java:384)
	at groovy.ui.GroovyMain.process(GroovyMain.java:370)
	at groovy.ui.GroovyMain.processArgs(GroovyMain.java:129)
	at groovy.ui.GroovyMain.main(GroovyMain.java:109)
	at sun.reflect.NativeMethodAccessorImpl.invoke0(Native Method)
	at sun.reflect.NativeMethodAccessorImpl.invoke(NativeMethodAccessorImpl.java:62)
	at sun.reflect.DelegatingMethodAccessorImpl.invoke(DelegatingMethodAccessorImpl.java:43)
	at java.lang.reflect.Method.invoke(Method.java:498)
	at org.codehaus.groovy.tools.GroovyStarter.rootLoader(GroovyStarter.java:109)
	at org.codehaus.groovy.tools.GroovyStarter.main(GroovyStarter.java:131)
)"/>
         <system-out><![CDATA[2018-09-25 18:38:23 - [TEST_CASE][FAILED] - Test Cases/nc_cp_login_test: Test Cases/nc_cp_login_test FAILED because (of) (Stack trace: com.kms.katalon.core.exception.StepFailedException: Unable to verify object 'Object Repository/Page_Metafour User Login/div_Sorry login failed' is not present (Root cause: Web element with id: 'Object Repository/Page_Metafour User Login/div_Sorry login failed' located by 'By.xpath: //div[@id='customerrormessagediv']' is present after '30' second(s))
	at com.kms.katalon.core.keyword.internal.KeywordMain.stepFailed(KeywordMain.groovy:36)
	at com.kms.katalon.core.webui.keyword.internal.WebUIKeywordMain.stepFailed(WebUIKeywordMain.groovy:65)
	at com.kms.katalon.core.webui.keyword.internal.WebUIKeywordMain.runKeyword(WebUIKeywordMain.groovy:27)
	at com.kms.katalon.core.webui.keyword.builtin.VerifyElementNotPresentKeyword.verifyElementNotPresent(VerifyElementNotPresentKeyword.groovy:118)
	at com.kms.katalon.core.webui.keyword.builtin.VerifyElementNotPresentKeyword.execute(VerifyElementNotPresentKeyword.groovy:68)
	at com.kms.katalon.core.keyword.internal.KeywordExecutor.executeKeywordForPlatform(KeywordExecutor.groovy:53)
	at com.kms.katalon.core.webui.keyword.WebUiBuiltInKeywords.verifyElementNotPresent(WebUiBuiltInKeywords.groovy:1467)
	at com.kms.katalon.core.webui.keyword.WebUiBuiltInKeywords$verifyElementNotPresent$3.call(Unknown Source)
	at Script1537190043452.run(Script1537190043452.groovy:31)
	at com.kms.katalon.core.main.ScriptEngine.run(ScriptEngine.java:183)
	at com.kms.katalon.core.main.ScriptEngine.runScriptAsRawText(ScriptEngine.java:108)
	at com.kms.katalon.core.main.TestCaseExecutor.runScript(TestCaseExecutor.java:294)
	at com.kms.katalon.core.main.TestCaseExecutor.doExecute(TestCaseExecutor.java:285)
	at com.kms.katalon.core.main.TestCaseExecutor.processExecutionPhase(TestCaseExecutor.java:264)
	at com.kms.katalon.core.main.TestCaseExecutor.accessMainPhase(TestCaseExecutor.java:256)
	at com.kms.katalon.core.main.TestCaseExecutor.execute(TestCaseExecutor.java:200)
	at com.kms.katalon.core.main.TestSuiteExecutor.accessTestCaseMainPhase(TestSuiteExecutor.java:129)
	at com.kms.katalon.core.main.TestSuiteExecutor.accessTestSuiteMainPhase(TestSuiteExecutor.java:112)
	at com.kms.katalon.core.main.TestSuiteExecutor.execute(TestSuiteExecutor.java:81)
	at com.kms.katalon.core.main.TestCaseMain.startTestSuite(TestCaseMain.java:142)
	at com.kms.katalon.core.main.TestCaseMain$startTestSuite$0.call(Unknown Source)
	at org.codehaus.groovy.runtime.callsite.CallSiteArray.defaultCall(CallSiteArray.java:48)
	at org.codehaus.groovy.runtime.callsite.AbstractCallSite.call(AbstractCallSite.java:113)
	at org.codehaus.groovy.runtime.callsite.AbstractCallSite.call(AbstractCallSite.java:141)
	at TempTestSuite1537878892048.run(TempTestSuite1537878892048.groovy:36)
	at groovy.lang.GroovyShell.runScriptOrMainOrTestOrRunnable(GroovyShell.java:263)
	at groovy.lang.GroovyShell.run(GroovyShell.java:518)
	at groovy.lang.GroovyShell.run(GroovyShell.java:507)
	at groovy.ui.GroovyMain.processOnce(GroovyMain.java:653)
	at groovy.ui.GroovyMain.run(GroovyMain.java:384)
	at groovy.ui.GroovyMain.process(GroovyMain.java:370)
	at groovy.ui.GroovyMain.processArgs(GroovyMain.java:129)
	at groovy.ui.GroovyMain.main(GroovyMain.java:109)
	at sun.reflect.NativeMethodAccessorImpl.invoke0(Native Method)
	at sun.reflect.NativeMethodAccessorImpl.invoke(NativeMethodAccessorImpl.java:62)
	at sun.reflect.DelegatingMethodAccessorImpl.invoke(DelegatingMethodAccessorImpl.java:43)
	at java.lang.reflect.Method.invoke(Method.java:498)
	at org.codehaus.groovy.tools.GroovyStarter.rootLoader(GroovyStarter.java:109)
	at org.codehaus.groovy.tools.GroovyStarter.main(GroovyStarter.java:131)
)

2018-09-25 18:38:23 - [TEST_STEP][PASSED] - openBrowser: Browser is opened with url: 'https://avgo-eu.netcourier.net/metafour-auth/authenticate?appId=clon&accessCode=&continue=/online/authenticated'

2018-09-25 18:38:28 - [MESSAGE][PASSED] - Browser is opened with url: 'https://avgo-eu.netcourier.net/metafour-auth/authenticate?appId=clon&accessCode=&continue=/online/authenticated'

2018-09-25 18:38:28 - [TEST_STEP][PASSED] - navigateToUrl: Navigate to 'https://avgo-eu.netcourier.net/metafour-auth/authenticate?appId=clon&accessCode=&continue=/online/authenticated' successfully

2018-09-25 18:38:29 - [MESSAGE][PASSED] - Navigate to 'https://avgo-eu.netcourier.net/metafour-auth/authenticate?appId=clon&accessCode=&continue=/online/authenticated' successfully

2018-09-25 18:38:29 - [TEST_STEP][PASSED] - setText: Text 'DUMMY ASIA' is set on object 'Object Repository/Page_Metafour User Login/input_Login_access_code'

2018-09-25 18:38:29 - [MESSAGE][PASSED] - Text 'DUMMY ASIA' is set on object 'Object Repository/Page_Metafour User Login/input_Login_access_code'

2018-09-25 18:38:29 - [TEST_STEP][PASSED] - setText: Text 'Hasan' is set on object 'Object Repository/Page_Metafour User Login/input_Login_login'

2018-09-25 18:38:29 - [MESSAGE][PASSED] - Text 'Hasan' is set on object 'Object Repository/Page_Metafour User Login/input_Login_login'

2018-09-25 18:38:29 - [TEST_STEP][PASSED] - setText: Text 'hasan' is set on object 'Object Repository/Page_Metafour User Login/input_Login_j_password'

2018-09-25 18:38:29 - [MESSAGE][PASSED] - Text 'hasan' is set on object 'Object Repository/Page_Metafour User Login/input_Login_j_password'

2018-09-25 18:38:29 - [TEST_STEP][PASSED] - click: Object: 'Object Repository/Page_Metafour User Login/button_Sign in' is clicked on

2018-09-25 18:38:30 - [MESSAGE][PASSED] - Object: 'Object Repository/Page_Metafour User Login/button_Sign in' is clicked on

2018-09-25 18:38:30 - [TEST_STEP][PASSED] - delay: Delayed 3 second(s)

2018-09-25 18:38:33 - [MESSAGE][PASSED] - Delayed 3 second(s)

2018-09-25 18:38:33 - [TEST_STEP][FAILED] - verifyElementNotPresent: Unable to verify object 'Object Repository/Page_Metafour User Login/div_Sorry login failed' is not present (Root cause: Web element with id: 'Object Repository/Page_Metafour User Login/div_Sorry login failed' located by 'By.xpath: //div[@id='customerrormessagediv']' is present after '30' second(s))

2018-09-25 18:38:33 - [MESSAGE][WARNING] - Timeout '0' is invalid. Using default page load timeout: '30'

2018-09-25 18:39:03 - [MESSAGE][FAILED] - Web element with id: 'Object Repository/Page_Metafour User Login/div_Sorry login failed' located by 'By.xpath: //div[@id='customerrormessagediv']' is present after '30' second(s)
[[ATTACHMENT|C:\\Users\\mazha\\Katalon Studio\\m4-monitoring\\Reports\\nc-cp-bo-login-test-suit\\20180925_183452\\1537879143550.png]]

2018-09-25 18:39:03 - [MESSAGE][FAILED] - Unable to verify object 'Object Repository/Page_Metafour User Login/div_Sorry login failed' is not present (Root cause: Web element with id: 'Object Repository/Page_Metafour User Login/div_Sorry login failed' located by 'By.xpath: //div[@id='customerrormessagediv']' is present after '30' second(s))
[[ATTACHMENT|C:\\Users\\mazha\\Katalon Studio\\m4-monitoring\\Reports\\nc-cp-bo-login-test-suit\\20180925_183452\\1537879143770.png]]]]></system-out>
         <system-err><![CDATA[2018-09-25 18:38:23 - [TEST_CASE][FAILED] - Test Cases/nc_cp_login_test: Test Cases/nc_cp_login_test FAILED because (of) (Stack trace: com.kms.katalon.core.exception.StepFailedException: Unable to verify object 'Object Repository/Page_Metafour User Login/div_Sorry login failed' is not present (Root cause: Web element with id: 'Object Repository/Page_Metafour User Login/div_Sorry login failed' located by 'By.xpath: //div[@id='customerrormessagediv']' is present after '30' second(s))
	at com.kms.katalon.core.keyword.internal.KeywordMain.stepFailed(KeywordMain.groovy:36)
	at com.kms.katalon.core.webui.keyword.internal.WebUIKeywordMain.stepFailed(WebUIKeywordMain.groovy:65)
	at com.kms.katalon.core.webui.keyword.internal.WebUIKeywordMain.runKeyword(WebUIKeywordMain.groovy:27)
	at com.kms.katalon.core.webui.keyword.builtin.VerifyElementNotPresentKeyword.verifyElementNotPresent(VerifyElementNotPresentKeyword.groovy:118)
	at com.kms.katalon.core.webui.keyword.builtin.VerifyElementNotPresentKeyword.execute(VerifyElementNotPresentKeyword.groovy:68)
	at com.kms.katalon.core.keyword.internal.KeywordExecutor.executeKeywordForPlatform(KeywordExecutor.groovy:53)
	at com.kms.katalon.core.webui.keyword.WebUiBuiltInKeywords.verifyElementNotPresent(WebUiBuiltInKeywords.groovy:1467)
	at com.kms.katalon.core.webui.keyword.WebUiBuiltInKeywords$verifyElementNotPresent$3.call(Unknown Source)
	at Script1537190043452.run(Script1537190043452.groovy:31)
	at com.kms.katalon.core.main.ScriptEngine.run(ScriptEngine.java:183)
	at com.kms.katalon.core.main.ScriptEngine.runScriptAsRawText(ScriptEngine.java:108)
	at com.kms.katalon.core.main.TestCaseExecutor.runScript(TestCaseExecutor.java:294)
	at com.kms.katalon.core.main.TestCaseExecutor.doExecute(TestCaseExecutor.java:285)
	at com.kms.katalon.core.main.TestCaseExecutor.processExecutionPhase(TestCaseExecutor.java:264)
	at com.kms.katalon.core.main.TestCaseExecutor.accessMainPhase(TestCaseExecutor.java:256)
	at com.kms.katalon.core.main.TestCaseExecutor.execute(TestCaseExecutor.java:200)
	at com.kms.katalon.core.main.TestSuiteExecutor.accessTestCaseMainPhase(TestSuiteExecutor.java:129)
	at com.kms.katalon.core.main.TestSuiteExecutor.accessTestSuiteMainPhase(TestSuiteExecutor.java:112)
	at com.kms.katalon.core.main.TestSuiteExecutor.execute(TestSuiteExecutor.java:81)
	at com.kms.katalon.core.main.TestCaseMain.startTestSuite(TestCaseMain.java:142)
	at com.kms.katalon.core.main.TestCaseMain$startTestSuite$0.call(Unknown Source)
	at org.codehaus.groovy.runtime.callsite.CallSiteArray.defaultCall(CallSiteArray.java:48)
	at org.codehaus.groovy.runtime.callsite.AbstractCallSite.call(AbstractCallSite.java:113)
	at org.codehaus.groovy.runtime.callsite.AbstractCallSite.call(AbstractCallSite.java:141)
	at TempTestSuite1537878892048.run(TempTestSuite1537878892048.groovy:36)
	at groovy.lang.GroovyShell.runScriptOrMainOrTestOrRunnable(GroovyShell.java:263)
	at groovy.lang.GroovyShell.run(GroovyShell.java:518)
	at groovy.lang.GroovyShell.run(GroovyShell.java:507)
	at groovy.ui.GroovyMain.processOnce(GroovyMain.java:653)
	at groovy.ui.GroovyMain.run(GroovyMain.java:384)
	at groovy.ui.GroovyMain.process(GroovyMain.java:370)
	at groovy.ui.GroovyMain.processArgs(GroovyMain.java:129)
	at groovy.ui.GroovyMain.main(GroovyMain.java:109)
	at sun.reflect.NativeMethodAccessorImpl.invoke0(Native Method)
	at sun.reflect.NativeMethodAccessorImpl.invoke(NativeMethodAccessorImpl.java:62)
	at sun.reflect.DelegatingMethodAccessorImpl.invoke(DelegatingMethodAccessorImpl.java:43)
	at java.lang.reflect.Method.invoke(Method.java:498)
	at org.codehaus.groovy.tools.GroovyStarter.rootLoader(GroovyStarter.java:109)
	at org.codehaus.groovy.tools.GroovyStarter.main(GroovyStarter.java:131)
)]]></system-err>
      </testcase>
      <testcase name="Test Cases/nc_cp_login_test" classname="Test Cases/nc_cp_login_test" status="PASSED">
         <system-out><![CDATA[2018-09-25 18:39:03 - [TEST_CASE][PASSED] - Test Cases/nc_cp_login_test: Test Cases/nc_cp_login_test

2018-09-25 18:39:03 - [TEST_STEP][PASSED] - openBrowser: Browser is opened with url: 'https://avgo-uae.netcourier.net/metafour-auth/authenticate?appId=clon&accessCode=&continue=/online/authenticated'

2018-09-25 18:39:03 - [MESSAGE][WARNING] - A browser is already opened. Closing browser and opening a new one

2018-09-25 18:39:09 - [MESSAGE][PASSED] - Browser is opened with url: 'https://avgo-uae.netcourier.net/metafour-auth/authenticate?appId=clon&accessCode=&continue=/online/authenticated'

2018-09-25 18:39:09 - [TEST_STEP][PASSED] - navigateToUrl: Navigate to 'https://avgo-uae.netcourier.net/metafour-auth/authenticate?appId=clon&accessCode=&continue=/online/authenticated' successfully

2018-09-25 18:39:09 - [MESSAGE][PASSED] - Navigate to 'https://avgo-uae.netcourier.net/metafour-auth/authenticate?appId=clon&accessCode=&continue=/online/authenticated' successfully

2018-09-25 18:39:09 - [TEST_STEP][PASSED] - setText: Text 'Dummy' is set on object 'Object Repository/Page_Metafour User Login/input_Login_access_code'

2018-09-25 18:39:09 - [MESSAGE][PASSED] - Text 'Dummy' is set on object 'Object Repository/Page_Metafour User Login/input_Login_access_code'

2018-09-25 18:39:09 - [TEST_STEP][PASSED] - setText: Text 'Jony' is set on object 'Object Repository/Page_Metafour User Login/input_Login_login'

2018-09-25 18:39:09 - [MESSAGE][PASSED] - Text 'Jony' is set on object 'Object Repository/Page_Metafour User Login/input_Login_login'

2018-09-25 18:39:09 - [TEST_STEP][PASSED] - setText: Text '1234' is set on object 'Object Repository/Page_Metafour User Login/input_Login_j_password'

2018-09-25 18:39:10 - [MESSAGE][PASSED] - Text '1234' is set on object 'Object Repository/Page_Metafour User Login/input_Login_j_password'

2018-09-25 18:39:10 - [TEST_STEP][PASSED] - click: Object: 'Object Repository/Page_Metafour User Login/button_Sign in' is clicked on

2018-09-25 18:39:13 - [MESSAGE][PASSED] - Object: 'Object Repository/Page_Metafour User Login/button_Sign in' is clicked on

2018-09-25 18:39:13 - [TEST_STEP][PASSED] - delay: Delayed 3 second(s)

2018-09-25 18:39:16 - [MESSAGE][PASSED] - Delayed 3 second(s)

2018-09-25 18:39:16 - [TEST_STEP][PASSED] - verifyElementNotPresent: Web element with id: 'Object Repository/Page_Metafour User Login/div_Sorry login failed' located by 'By.xpath: //div[@id='customerrormessagediv']' is not present after '30' second(s)

2018-09-25 18:39:16 - [MESSAGE][WARNING] - Timeout '0' is invalid. Using default page load timeout: '30'

2018-09-25 18:39:17 - [MESSAGE][PASSED] - Web element with id: 'Object Repository/Page_Metafour User Login/div_Sorry login failed' located by 'By.xpath: //div[@id='customerrormessagediv']' is not present after '30' second(s)

2018-09-25 18:39:17 - [TEST_STEP][PASSED] - closeBrowser: Browser is closed

2018-09-25 18:39:17 - [MESSAGE][PASSED] - Browser is closed]]></system-out>
         <system-err><![CDATA[]]></system-err>
      </testcase>
      <testcase name="Test Cases/nc_cp_login_test" classname="Test Cases/nc_cp_login_test" status="FAILED">
         <failure type="FAILED" message="(Stack trace: com.kms.katalon.core.exception.StepFailedException: Unable to verify object 'Object Repository/Page_Metafour User Login/div_Sorry login failed' is not present (Root cause: Web element with id: 'Object Repository/Page_Metafour User Login/div_Sorry login failed' located by 'By.xpath: //div[@id='customerrormessagediv']' is present after '30' second(s))
	at com.kms.katalon.core.keyword.internal.KeywordMain.stepFailed(KeywordMain.groovy:36)
	at com.kms.katalon.core.webui.keyword.internal.WebUIKeywordMain.stepFailed(WebUIKeywordMain.groovy:65)
	at com.kms.katalon.core.webui.keyword.internal.WebUIKeywordMain.runKeyword(WebUIKeywordMain.groovy:27)
	at com.kms.katalon.core.webui.keyword.builtin.VerifyElementNotPresentKeyword.verifyElementNotPresent(VerifyElementNotPresentKeyword.groovy:118)
	at com.kms.katalon.core.webui.keyword.builtin.VerifyElementNotPresentKeyword.execute(VerifyElementNotPresentKeyword.groovy:68)
	at com.kms.katalon.core.keyword.internal.KeywordExecutor.executeKeywordForPlatform(KeywordExecutor.groovy:53)
	at com.kms.katalon.core.webui.keyword.WebUiBuiltInKeywords.verifyElementNotPresent(WebUiBuiltInKeywords.groovy:1467)
	at com.kms.katalon.core.webui.keyword.WebUiBuiltInKeywords$verifyElementNotPresent$3.call(Unknown Source)
	at Script1537190043452.run(Script1537190043452.groovy:31)
	at com.kms.katalon.core.main.ScriptEngine.run(ScriptEngine.java:183)
	at com.kms.katalon.core.main.ScriptEngine.runScriptAsRawText(ScriptEngine.java:108)
	at com.kms.katalon.core.main.TestCaseExecutor.runScript(TestCaseExecutor.java:294)
	at com.kms.katalon.core.main.TestCaseExecutor.doExecute(TestCaseExecutor.java:285)
	at com.kms.katalon.core.main.TestCaseExecutor.processExecutionPhase(TestCaseExecutor.java:264)
	at com.kms.katalon.core.main.TestCaseExecutor.accessMainPhase(TestCaseExecutor.java:256)
	at com.kms.katalon.core.main.TestCaseExecutor.execute(TestCaseExecutor.java:200)
	at com.kms.katalon.core.main.TestSuiteExecutor.accessTestCaseMainPhase(TestSuiteExecutor.java:129)
	at com.kms.katalon.core.main.TestSuiteExecutor.accessTestSuiteMainPhase(TestSuiteExecutor.java:112)
	at com.kms.katalon.core.main.TestSuiteExecutor.execute(TestSuiteExecutor.java:81)
	at com.kms.katalon.core.main.TestCaseMain.startTestSuite(TestCaseMain.java:142)
	at com.kms.katalon.core.main.TestCaseMain$startTestSuite$0.call(Unknown Source)
	at org.codehaus.groovy.runtime.callsite.CallSiteArray.defaultCall(CallSiteArray.java:48)
	at org.codehaus.groovy.runtime.callsite.AbstractCallSite.call(AbstractCallSite.java:113)
	at org.codehaus.groovy.runtime.callsite.AbstractCallSite.call(AbstractCallSite.java:141)
	at TempTestSuite1537878892048.run(TempTestSuite1537878892048.groovy:36)
	at groovy.lang.GroovyShell.runScriptOrMainOrTestOrRunnable(GroovyShell.java:263)
	at groovy.lang.GroovyShell.run(GroovyShell.java:518)
	at groovy.lang.GroovyShell.run(GroovyShell.java:507)
	at groovy.ui.GroovyMain.processOnce(GroovyMain.java:653)
	at groovy.ui.GroovyMain.run(GroovyMain.java:384)
	at groovy.ui.GroovyMain.process(GroovyMain.java:370)
	at groovy.ui.GroovyMain.processArgs(GroovyMain.java:129)
	at groovy.ui.GroovyMain.main(GroovyMain.java:109)
	at sun.reflect.NativeMethodAccessorImpl.invoke0(Native Method)
	at sun.reflect.NativeMethodAccessorImpl.invoke(NativeMethodAccessorImpl.java:62)
	at sun.reflect.DelegatingMethodAccessorImpl.invoke(DelegatingMethodAccessorImpl.java:43)
	at java.lang.reflect.Method.invoke(Method.java:498)
	at org.codehaus.groovy.tools.GroovyStarter.rootLoader(GroovyStarter.java:109)
	at org.codehaus.groovy.tools.GroovyStarter.main(GroovyStarter.java:131)
)"/>
         <system-out><![CDATA[2018-09-25 18:39:17 - [TEST_CASE][FAILED] - Test Cases/nc_cp_login_test: Test Cases/nc_cp_login_test FAILED because (of) (Stack trace: com.kms.katalon.core.exception.StepFailedException: Unable to verify object 'Object Repository/Page_Metafour User Login/div_Sorry login failed' is not present (Root cause: Web element with id: 'Object Repository/Page_Metafour User Login/div_Sorry login failed' located by 'By.xpath: //div[@id='customerrormessagediv']' is present after '30' second(s))
	at com.kms.katalon.core.keyword.internal.KeywordMain.stepFailed(KeywordMain.groovy:36)
	at com.kms.katalon.core.webui.keyword.internal.WebUIKeywordMain.stepFailed(WebUIKeywordMain.groovy:65)
	at com.kms.katalon.core.webui.keyword.internal.WebUIKeywordMain.runKeyword(WebUIKeywordMain.groovy:27)
	at com.kms.katalon.core.webui.keyword.builtin.VerifyElementNotPresentKeyword.verifyElementNotPresent(VerifyElementNotPresentKeyword.groovy:118)
	at com.kms.katalon.core.webui.keyword.builtin.VerifyElementNotPresentKeyword.execute(VerifyElementNotPresentKeyword.groovy:68)
	at com.kms.katalon.core.keyword.internal.KeywordExecutor.executeKeywordForPlatform(KeywordExecutor.groovy:53)
	at com.kms.katalon.core.webui.keyword.WebUiBuiltInKeywords.verifyElementNotPresent(WebUiBuiltInKeywords.groovy:1467)
	at com.kms.katalon.core.webui.keyword.WebUiBuiltInKeywords$verifyElementNotPresent$3.call(Unknown Source)
	at Script1537190043452.run(Script1537190043452.groovy:31)
	at com.kms.katalon.core.main.ScriptEngine.run(ScriptEngine.java:183)
	at com.kms.katalon.core.main.ScriptEngine.runScriptAsRawText(ScriptEngine.java:108)
	at com.kms.katalon.core.main.TestCaseExecutor.runScript(TestCaseExecutor.java:294)
	at com.kms.katalon.core.main.TestCaseExecutor.doExecute(TestCaseExecutor.java:285)
	at com.kms.katalon.core.main.TestCaseExecutor.processExecutionPhase(TestCaseExecutor.java:264)
	at com.kms.katalon.core.main.TestCaseExecutor.accessMainPhase(TestCaseExecutor.java:256)
	at com.kms.katalon.core.main.TestCaseExecutor.execute(TestCaseExecutor.java:200)
	at com.kms.katalon.core.main.TestSuiteExecutor.accessTestCaseMainPhase(TestSuiteExecutor.java:129)
	at com.kms.katalon.core.main.TestSuiteExecutor.accessTestSuiteMainPhase(TestSuiteExecutor.java:112)
	at com.kms.katalon.core.main.TestSuiteExecutor.execute(TestSuiteExecutor.java:81)
	at com.kms.katalon.core.main.TestCaseMain.startTestSuite(TestCaseMain.java:142)
	at com.kms.katalon.core.main.TestCaseMain$startTestSuite$0.call(Unknown Source)
	at org.codehaus.groovy.runtime.callsite.CallSiteArray.defaultCall(CallSiteArray.java:48)
	at org.codehaus.groovy.runtime.callsite.AbstractCallSite.call(AbstractCallSite.java:113)
	at org.codehaus.groovy.runtime.callsite.AbstractCallSite.call(AbstractCallSite.java:141)
	at TempTestSuite1537878892048.run(TempTestSuite1537878892048.groovy:36)
	at groovy.lang.GroovyShell.runScriptOrMainOrTestOrRunnable(GroovyShell.java:263)
	at groovy.lang.GroovyShell.run(GroovyShell.java:518)
	at groovy.lang.GroovyShell.run(GroovyShell.java:507)
	at groovy.ui.GroovyMain.processOnce(GroovyMain.java:653)
	at groovy.ui.GroovyMain.run(GroovyMain.java:384)
	at groovy.ui.GroovyMain.process(GroovyMain.java:370)
	at groovy.ui.GroovyMain.processArgs(GroovyMain.java:129)
	at groovy.ui.GroovyMain.main(GroovyMain.java:109)
	at sun.reflect.NativeMethodAccessorImpl.invoke0(Native Method)
	at sun.reflect.NativeMethodAccessorImpl.invoke(NativeMethodAccessorImpl.java:62)
	at sun.reflect.DelegatingMethodAccessorImpl.invoke(DelegatingMethodAccessorImpl.java:43)
	at java.lang.reflect.Method.invoke(Method.java:498)
	at org.codehaus.groovy.tools.GroovyStarter.rootLoader(GroovyStarter.java:109)
	at org.codehaus.groovy.tools.GroovyStarter.main(GroovyStarter.java:131)
)

2018-09-25 18:39:17 - [TEST_STEP][PASSED] - openBrowser: Browser is opened with url: 'https://bluesky.netcourier.net/metafour-auth/authenticate?appId=clon&accessCode=&continue=/online/authenticated'

2018-09-25 18:39:22 - [MESSAGE][PASSED] - Browser is opened with url: 'https://bluesky.netcourier.net/metafour-auth/authenticate?appId=clon&accessCode=&continue=/online/authenticated'

2018-09-25 18:39:22 - [TEST_STEP][PASSED] - navigateToUrl: Navigate to 'https://bluesky.netcourier.net/metafour-auth/authenticate?appId=clon&accessCode=&continue=/online/authenticated' successfully

2018-09-25 18:39:23 - [MESSAGE][PASSED] - Navigate to 'https://bluesky.netcourier.net/metafour-auth/authenticate?appId=clon&accessCode=&continue=/online/authenticated' successfully

2018-09-25 18:39:23 - [TEST_STEP][PASSED] - setText: Text 'M4' is set on object 'Object Repository/Page_Metafour User Login/input_Login_access_code'

2018-09-25 18:39:23 - [MESSAGE][PASSED] - Text 'M4' is set on object 'Object Repository/Page_Metafour User Login/input_Login_access_code'

2018-09-25 18:39:23 - [TEST_STEP][PASSED] - setText: Text 'Jony' is set on object 'Object Repository/Page_Metafour User Login/input_Login_login'

2018-09-25 18:39:23 - [MESSAGE][PASSED] - Text 'Jony' is set on object 'Object Repository/Page_Metafour User Login/input_Login_login'

2018-09-25 18:39:23 - [TEST_STEP][PASSED] - setText: Text '1234' is set on object 'Object Repository/Page_Metafour User Login/input_Login_j_password'

2018-09-25 18:39:23 - [MESSAGE][PASSED] - Text '1234' is set on object 'Object Repository/Page_Metafour User Login/input_Login_j_password'

2018-09-25 18:39:23 - [TEST_STEP][PASSED] - click: Object: 'Object Repository/Page_Metafour User Login/button_Sign in' is clicked on

2018-09-25 18:39:24 - [MESSAGE][PASSED] - Object: 'Object Repository/Page_Metafour User Login/button_Sign in' is clicked on

2018-09-25 18:39:24 - [TEST_STEP][PASSED] - delay: Delayed 3 second(s)

2018-09-25 18:39:27 - [MESSAGE][PASSED] - Delayed 3 second(s)

2018-09-25 18:39:27 - [TEST_STEP][FAILED] - verifyElementNotPresent: Unable to verify object 'Object Repository/Page_Metafour User Login/div_Sorry login failed' is not present (Root cause: Web element with id: 'Object Repository/Page_Metafour User Login/div_Sorry login failed' located by 'By.xpath: //div[@id='customerrormessagediv']' is present after '30' second(s))

2018-09-25 18:39:27 - [MESSAGE][WARNING] - Timeout '0' is invalid. Using default page load timeout: '30'

2018-09-25 18:39:57 - [MESSAGE][FAILED] - Web element with id: 'Object Repository/Page_Metafour User Login/div_Sorry login failed' located by 'By.xpath: //div[@id='customerrormessagediv']' is present after '30' second(s)
[[ATTACHMENT|C:\\Users\\mazha\\Katalon Studio\\m4-monitoring\\Reports\\nc-cp-bo-login-test-suit\\20180925_183452\\1537879197286.png]]

2018-09-25 18:39:57 - [MESSAGE][FAILED] - Unable to verify object 'Object Repository/Page_Metafour User Login/div_Sorry login failed' is not present (Root cause: Web element with id: 'Object Repository/Page_Metafour User Login/div_Sorry login failed' located by 'By.xpath: //div[@id='customerrormessagediv']' is present after '30' second(s))
[[ATTACHMENT|C:\\Users\\mazha\\Katalon Studio\\m4-monitoring\\Reports\\nc-cp-bo-login-test-suit\\20180925_183452\\1537879197532.png]]]]></system-out>
         <system-err><![CDATA[2018-09-25 18:39:17 - [TEST_CASE][FAILED] - Test Cases/nc_cp_login_test: Test Cases/nc_cp_login_test FAILED because (of) (Stack trace: com.kms.katalon.core.exception.StepFailedException: Unable to verify object 'Object Repository/Page_Metafour User Login/div_Sorry login failed' is not present (Root cause: Web element with id: 'Object Repository/Page_Metafour User Login/div_Sorry login failed' located by 'By.xpath: //div[@id='customerrormessagediv']' is present after '30' second(s))
	at com.kms.katalon.core.keyword.internal.KeywordMain.stepFailed(KeywordMain.groovy:36)
	at com.kms.katalon.core.webui.keyword.internal.WebUIKeywordMain.stepFailed(WebUIKeywordMain.groovy:65)
	at com.kms.katalon.core.webui.keyword.internal.WebUIKeywordMain.runKeyword(WebUIKeywordMain.groovy:27)
	at com.kms.katalon.core.webui.keyword.builtin.VerifyElementNotPresentKeyword.verifyElementNotPresent(VerifyElementNotPresentKeyword.groovy:118)
	at com.kms.katalon.core.webui.keyword.builtin.VerifyElementNotPresentKeyword.execute(VerifyElementNotPresentKeyword.groovy:68)
	at com.kms.katalon.core.keyword.internal.KeywordExecutor.executeKeywordForPlatform(KeywordExecutor.groovy:53)
	at com.kms.katalon.core.webui.keyword.WebUiBuiltInKeywords.verifyElementNotPresent(WebUiBuiltInKeywords.groovy:1467)
	at com.kms.katalon.core.webui.keyword.WebUiBuiltInKeywords$verifyElementNotPresent$3.call(Unknown Source)
	at Script1537190043452.run(Script1537190043452.groovy:31)
	at com.kms.katalon.core.main.ScriptEngine.run(ScriptEngine.java:183)
	at com.kms.katalon.core.main.ScriptEngine.runScriptAsRawText(ScriptEngine.java:108)
	at com.kms.katalon.core.main.TestCaseExecutor.runScript(TestCaseExecutor.java:294)
	at com.kms.katalon.core.main.TestCaseExecutor.doExecute(TestCaseExecutor.java:285)
	at com.kms.katalon.core.main.TestCaseExecutor.processExecutionPhase(TestCaseExecutor.java:264)
	at com.kms.katalon.core.main.TestCaseExecutor.accessMainPhase(TestCaseExecutor.java:256)
	at com.kms.katalon.core.main.TestCaseExecutor.execute(TestCaseExecutor.java:200)
	at com.kms.katalon.core.main.TestSuiteExecutor.accessTestCaseMainPhase(TestSuiteExecutor.java:129)
	at com.kms.katalon.core.main.TestSuiteExecutor.accessTestSuiteMainPhase(TestSuiteExecutor.java:112)
	at com.kms.katalon.core.main.TestSuiteExecutor.execute(TestSuiteExecutor.java:81)
	at com.kms.katalon.core.main.TestCaseMain.startTestSuite(TestCaseMain.java:142)
	at com.kms.katalon.core.main.TestCaseMain$startTestSuite$0.call(Unknown Source)
	at org.codehaus.groovy.runtime.callsite.CallSiteArray.defaultCall(CallSiteArray.java:48)
	at org.codehaus.groovy.runtime.callsite.AbstractCallSite.call(AbstractCallSite.java:113)
	at org.codehaus.groovy.runtime.callsite.AbstractCallSite.call(AbstractCallSite.java:141)
	at TempTestSuite1537878892048.run(TempTestSuite1537878892048.groovy:36)
	at groovy.lang.GroovyShell.runScriptOrMainOrTestOrRunnable(GroovyShell.java:263)
	at groovy.lang.GroovyShell.run(GroovyShell.java:518)
	at groovy.lang.GroovyShell.run(GroovyShell.java:507)
	at groovy.ui.GroovyMain.processOnce(GroovyMain.java:653)
	at groovy.ui.GroovyMain.run(GroovyMain.java:384)
	at groovy.ui.GroovyMain.process(GroovyMain.java:370)
	at groovy.ui.GroovyMain.processArgs(GroovyMain.java:129)
	at groovy.ui.GroovyMain.main(GroovyMain.java:109)
	at sun.reflect.NativeMethodAccessorImpl.invoke0(Native Method)
	at sun.reflect.NativeMethodAccessorImpl.invoke(NativeMethodAccessorImpl.java:62)
	at sun.reflect.DelegatingMethodAccessorImpl.invoke(DelegatingMethodAccessorImpl.java:43)
	at java.lang.reflect.Method.invoke(Method.java:498)
	at org.codehaus.groovy.tools.GroovyStarter.rootLoader(GroovyStarter.java:109)
	at org.codehaus.groovy.tools.GroovyStarter.main(GroovyStarter.java:131)
)]]></system-err>
      </testcase>
      <testcase name="Test Cases/nc_cp_login_test" classname="Test Cases/nc_cp_login_test" status="PASSED">
         <system-out><![CDATA[2018-09-25 18:39:57 - [TEST_CASE][PASSED] - Test Cases/nc_cp_login_test: Test Cases/nc_cp_login_test

2018-09-25 18:39:57 - [TEST_STEP][PASSED] - openBrowser: Browser is opened with url: 'https://caebfs.netcourier.net/metafour-auth/authenticate?appId=clon&accessCode=&continue=/online/authenticated'

2018-09-25 18:39:57 - [MESSAGE][WARNING] - A browser is already opened. Closing browser and opening a new one

2018-09-25 18:40:04 - [MESSAGE][PASSED] - Browser is opened with url: 'https://caebfs.netcourier.net/metafour-auth/authenticate?appId=clon&accessCode=&continue=/online/authenticated'

2018-09-25 18:40:04 - [TEST_STEP][PASSED] - navigateToUrl: Navigate to 'https://caebfs.netcourier.net/metafour-auth/authenticate?appId=clon&accessCode=&continue=/online/authenticated' successfully

2018-09-25 18:40:04 - [MESSAGE][PASSED] - Navigate to 'https://caebfs.netcourier.net/metafour-auth/authenticate?appId=clon&accessCode=&continue=/online/authenticated' successfully

2018-09-25 18:40:04 - [TEST_STEP][PASSED] - setText: Text 'dummy' is set on object 'Object Repository/Page_Metafour User Login/input_Login_access_code'

2018-09-25 18:40:04 - [MESSAGE][PASSED] - Text 'dummy' is set on object 'Object Repository/Page_Metafour User Login/input_Login_access_code'

2018-09-25 18:40:04 - [TEST_STEP][PASSED] - setText: Text 'clon' is set on object 'Object Repository/Page_Metafour User Login/input_Login_login'

2018-09-25 18:40:04 - [MESSAGE][PASSED] - Text 'clon' is set on object 'Object Repository/Page_Metafour User Login/input_Login_login'

2018-09-25 18:40:04 - [TEST_STEP][PASSED] - setText: Text 'clon' is set on object 'Object Repository/Page_Metafour User Login/input_Login_j_password'

2018-09-25 18:40:04 - [MESSAGE][PASSED] - Text 'clon' is set on object 'Object Repository/Page_Metafour User Login/input_Login_j_password'

2018-09-25 18:40:04 - [TEST_STEP][PASSED] - click: Object: 'Object Repository/Page_Metafour User Login/button_Sign in' is clicked on

2018-09-25 18:40:08 - [MESSAGE][PASSED] - Object: 'Object Repository/Page_Metafour User Login/button_Sign in' is clicked on

2018-09-25 18:40:08 - [TEST_STEP][PASSED] - delay: Delayed 3 second(s)

2018-09-25 18:40:11 - [MESSAGE][PASSED] - Delayed 3 second(s)

2018-09-25 18:40:11 - [TEST_STEP][PASSED] - verifyElementNotPresent: Web element with id: 'Object Repository/Page_Metafour User Login/div_Sorry login failed' located by 'By.xpath: //div[@id='customerrormessagediv']' is not present after '30' second(s)

2018-09-25 18:40:11 - [MESSAGE][WARNING] - Timeout '0' is invalid. Using default page load timeout: '30'

2018-09-25 18:40:11 - [MESSAGE][PASSED] - Web element with id: 'Object Repository/Page_Metafour User Login/div_Sorry login failed' located by 'By.xpath: //div[@id='customerrormessagediv']' is not present after '30' second(s)

2018-09-25 18:40:11 - [TEST_STEP][PASSED] - closeBrowser: Browser is closed

2018-09-25 18:40:12 - [MESSAGE][PASSED] - Browser is closed]]></system-out>
         <system-err><![CDATA[]]></system-err>
      </testcase>
      <testcase name="Test Cases/nc_cp_login_test" classname="Test Cases/nc_cp_login_test" status="FAILED">
         <failure type="FAILED" message="(Stack trace: com.kms.katalon.core.exception.StepFailedException: Unable to verify object 'Object Repository/Page_Metafour User Login/div_Sorry login failed' is not present (Root cause: Web element with id: 'Object Repository/Page_Metafour User Login/div_Sorry login failed' located by 'By.xpath: //div[@id='customerrormessagediv']' is present after '30' second(s))
	at com.kms.katalon.core.keyword.internal.KeywordMain.stepFailed(KeywordMain.groovy:36)
	at com.kms.katalon.core.webui.keyword.internal.WebUIKeywordMain.stepFailed(WebUIKeywordMain.groovy:65)
	at com.kms.katalon.core.webui.keyword.internal.WebUIKeywordMain.runKeyword(WebUIKeywordMain.groovy:27)
	at com.kms.katalon.core.webui.keyword.builtin.VerifyElementNotPresentKeyword.verifyElementNotPresent(VerifyElementNotPresentKeyword.groovy:118)
	at com.kms.katalon.core.webui.keyword.builtin.VerifyElementNotPresentKeyword.execute(VerifyElementNotPresentKeyword.groovy:68)
	at com.kms.katalon.core.keyword.internal.KeywordExecutor.executeKeywordForPlatform(KeywordExecutor.groovy:53)
	at com.kms.katalon.core.webui.keyword.WebUiBuiltInKeywords.verifyElementNotPresent(WebUiBuiltInKeywords.groovy:1467)
	at com.kms.katalon.core.webui.keyword.WebUiBuiltInKeywords$verifyElementNotPresent$3.call(Unknown Source)
	at Script1537190043452.run(Script1537190043452.groovy:31)
	at com.kms.katalon.core.main.ScriptEngine.run(ScriptEngine.java:183)
	at com.kms.katalon.core.main.ScriptEngine.runScriptAsRawText(ScriptEngine.java:108)
	at com.kms.katalon.core.main.TestCaseExecutor.runScript(TestCaseExecutor.java:294)
	at com.kms.katalon.core.main.TestCaseExecutor.doExecute(TestCaseExecutor.java:285)
	at com.kms.katalon.core.main.TestCaseExecutor.processExecutionPhase(TestCaseExecutor.java:264)
	at com.kms.katalon.core.main.TestCaseExecutor.accessMainPhase(TestCaseExecutor.java:256)
	at com.kms.katalon.core.main.TestCaseExecutor.execute(TestCaseExecutor.java:200)
	at com.kms.katalon.core.main.TestSuiteExecutor.accessTestCaseMainPhase(TestSuiteExecutor.java:129)
	at com.kms.katalon.core.main.TestSuiteExecutor.accessTestSuiteMainPhase(TestSuiteExecutor.java:112)
	at com.kms.katalon.core.main.TestSuiteExecutor.execute(TestSuiteExecutor.java:81)
	at com.kms.katalon.core.main.TestCaseMain.startTestSuite(TestCaseMain.java:142)
	at com.kms.katalon.core.main.TestCaseMain$startTestSuite$0.call(Unknown Source)
	at org.codehaus.groovy.runtime.callsite.CallSiteArray.defaultCall(CallSiteArray.java:48)
	at org.codehaus.groovy.runtime.callsite.AbstractCallSite.call(AbstractCallSite.java:113)
	at org.codehaus.groovy.runtime.callsite.AbstractCallSite.call(AbstractCallSite.java:141)
	at TempTestSuite1537878892048.run(TempTestSuite1537878892048.groovy:36)
	at groovy.lang.GroovyShell.runScriptOrMainOrTestOrRunnable(GroovyShell.java:263)
	at groovy.lang.GroovyShell.run(GroovyShell.java:518)
	at groovy.lang.GroovyShell.run(GroovyShell.java:507)
	at groovy.ui.GroovyMain.processOnce(GroovyMain.java:653)
	at groovy.ui.GroovyMain.run(GroovyMain.java:384)
	at groovy.ui.GroovyMain.process(GroovyMain.java:370)
	at groovy.ui.GroovyMain.processArgs(GroovyMain.java:129)
	at groovy.ui.GroovyMain.main(GroovyMain.java:109)
	at sun.reflect.NativeMethodAccessorImpl.invoke0(Native Method)
	at sun.reflect.NativeMethodAccessorImpl.invoke(NativeMethodAccessorImpl.java:62)
	at sun.reflect.DelegatingMethodAccessorImpl.invoke(DelegatingMethodAccessorImpl.java:43)
	at java.lang.reflect.Method.invoke(Method.java:498)
	at org.codehaus.groovy.tools.GroovyStarter.rootLoader(GroovyStarter.java:109)
	at org.codehaus.groovy.tools.GroovyStarter.main(GroovyStarter.java:131)
)"/>
         <system-out><![CDATA[2018-09-25 18:40:12 - [TEST_CASE][FAILED] - Test Cases/nc_cp_login_test: Test Cases/nc_cp_login_test FAILED because (of) (Stack trace: com.kms.katalon.core.exception.StepFailedException: Unable to verify object 'Object Repository/Page_Metafour User Login/div_Sorry login failed' is not present (Root cause: Web element with id: 'Object Repository/Page_Metafour User Login/div_Sorry login failed' located by 'By.xpath: //div[@id='customerrormessagediv']' is present after '30' second(s))
	at com.kms.katalon.core.keyword.internal.KeywordMain.stepFailed(KeywordMain.groovy:36)
	at com.kms.katalon.core.webui.keyword.internal.WebUIKeywordMain.stepFailed(WebUIKeywordMain.groovy:65)
	at com.kms.katalon.core.webui.keyword.internal.WebUIKeywordMain.runKeyword(WebUIKeywordMain.groovy:27)
	at com.kms.katalon.core.webui.keyword.builtin.VerifyElementNotPresentKeyword.verifyElementNotPresent(VerifyElementNotPresentKeyword.groovy:118)
	at com.kms.katalon.core.webui.keyword.builtin.VerifyElementNotPresentKeyword.execute(VerifyElementNotPresentKeyword.groovy:68)
	at com.kms.katalon.core.keyword.internal.KeywordExecutor.executeKeywordForPlatform(KeywordExecutor.groovy:53)
	at com.kms.katalon.core.webui.keyword.WebUiBuiltInKeywords.verifyElementNotPresent(WebUiBuiltInKeywords.groovy:1467)
	at com.kms.katalon.core.webui.keyword.WebUiBuiltInKeywords$verifyElementNotPresent$3.call(Unknown Source)
	at Script1537190043452.run(Script1537190043452.groovy:31)
	at com.kms.katalon.core.main.ScriptEngine.run(ScriptEngine.java:183)
	at com.kms.katalon.core.main.ScriptEngine.runScriptAsRawText(ScriptEngine.java:108)
	at com.kms.katalon.core.main.TestCaseExecutor.runScript(TestCaseExecutor.java:294)
	at com.kms.katalon.core.main.TestCaseExecutor.doExecute(TestCaseExecutor.java:285)
	at com.kms.katalon.core.main.TestCaseExecutor.processExecutionPhase(TestCaseExecutor.java:264)
	at com.kms.katalon.core.main.TestCaseExecutor.accessMainPhase(TestCaseExecutor.java:256)
	at com.kms.katalon.core.main.TestCaseExecutor.execute(TestCaseExecutor.java:200)
	at com.kms.katalon.core.main.TestSuiteExecutor.accessTestCaseMainPhase(TestSuiteExecutor.java:129)
	at com.kms.katalon.core.main.TestSuiteExecutor.accessTestSuiteMainPhase(TestSuiteExecutor.java:112)
	at com.kms.katalon.core.main.TestSuiteExecutor.execute(TestSuiteExecutor.java:81)
	at com.kms.katalon.core.main.TestCaseMain.startTestSuite(TestCaseMain.java:142)
	at com.kms.katalon.core.main.TestCaseMain$startTestSuite$0.call(Unknown Source)
	at org.codehaus.groovy.runtime.callsite.CallSiteArray.defaultCall(CallSiteArray.java:48)
	at org.codehaus.groovy.runtime.callsite.AbstractCallSite.call(AbstractCallSite.java:113)
	at org.codehaus.groovy.runtime.callsite.AbstractCallSite.call(AbstractCallSite.java:141)
	at TempTestSuite1537878892048.run(TempTestSuite1537878892048.groovy:36)
	at groovy.lang.GroovyShell.runScriptOrMainOrTestOrRunnable(GroovyShell.java:263)
	at groovy.lang.GroovyShell.run(GroovyShell.java:518)
	at groovy.lang.GroovyShell.run(GroovyShell.java:507)
	at groovy.ui.GroovyMain.processOnce(GroovyMain.java:653)
	at groovy.ui.GroovyMain.run(GroovyMain.java:384)
	at groovy.ui.GroovyMain.process(GroovyMain.java:370)
	at groovy.ui.GroovyMain.processArgs(GroovyMain.java:129)
	at groovy.ui.GroovyMain.main(GroovyMain.java:109)
	at sun.reflect.NativeMethodAccessorImpl.invoke0(Native Method)
	at sun.reflect.NativeMethodAccessorImpl.invoke(NativeMethodAccessorImpl.java:62)
	at sun.reflect.DelegatingMethodAccessorImpl.invoke(DelegatingMethodAccessorImpl.java:43)
	at java.lang.reflect.Method.invoke(Method.java:498)
	at org.codehaus.groovy.tools.GroovyStarter.rootLoader(GroovyStarter.java:109)
	at org.codehaus.groovy.tools.GroovyStarter.main(GroovyStarter.java:131)
)

2018-09-25 18:40:12 - [TEST_STEP][PASSED] - openBrowser: Browser is opened with url: 'https://caedub.netcourier.net/metafour-auth/authenticate?appId=clon&accessCode=&continue=/online/authenticated'

2018-09-25 18:40:17 - [MESSAGE][PASSED] - Browser is opened with url: 'https://caedub.netcourier.net/metafour-auth/authenticate?appId=clon&accessCode=&continue=/online/authenticated'

2018-09-25 18:40:17 - [TEST_STEP][PASSED] - navigateToUrl: Navigate to 'https://caedub.netcourier.net/metafour-auth/authenticate?appId=clon&accessCode=&continue=/online/authenticated' successfully

2018-09-25 18:40:18 - [MESSAGE][PASSED] - Navigate to 'https://caedub.netcourier.net/metafour-auth/authenticate?appId=clon&accessCode=&continue=/online/authenticated' successfully

2018-09-25 18:40:18 - [TEST_STEP][PASSED] - setText: Text 'dummy' is set on object 'Object Repository/Page_Metafour User Login/input_Login_access_code'

2018-09-25 18:40:18 - [MESSAGE][PASSED] - Text 'dummy' is set on object 'Object Repository/Page_Metafour User Login/input_Login_access_code'

2018-09-25 18:40:18 - [TEST_STEP][PASSED] - setText: Text 'Hasan' is set on object 'Object Repository/Page_Metafour User Login/input_Login_login'

2018-09-25 18:40:18 - [MESSAGE][PASSED] - Text 'Hasan' is set on object 'Object Repository/Page_Metafour User Login/input_Login_login'

2018-09-25 18:40:18 - [TEST_STEP][PASSED] - setText: Text 'Hasan' is set on object 'Object Repository/Page_Metafour User Login/input_Login_j_password'

2018-09-25 18:40:18 - [MESSAGE][PASSED] - Text 'Hasan' is set on object 'Object Repository/Page_Metafour User Login/input_Login_j_password'

2018-09-25 18:40:18 - [TEST_STEP][PASSED] - click: Object: 'Object Repository/Page_Metafour User Login/button_Sign in' is clicked on

2018-09-25 18:40:19 - [MESSAGE][PASSED] - Object: 'Object Repository/Page_Metafour User Login/button_Sign in' is clicked on

2018-09-25 18:40:19 - [TEST_STEP][PASSED] - delay: Delayed 3 second(s)

2018-09-25 18:40:22 - [MESSAGE][PASSED] - Delayed 3 second(s)

2018-09-25 18:40:22 - [TEST_STEP][FAILED] - verifyElementNotPresent: Unable to verify object 'Object Repository/Page_Metafour User Login/div_Sorry login failed' is not present (Root cause: Web element with id: 'Object Repository/Page_Metafour User Login/div_Sorry login failed' located by 'By.xpath: //div[@id='customerrormessagediv']' is present after '30' second(s))

2018-09-25 18:40:22 - [MESSAGE][WARNING] - Timeout '0' is invalid. Using default page load timeout: '30'

2018-09-25 18:40:53 - [MESSAGE][FAILED] - Web element with id: 'Object Repository/Page_Metafour User Login/div_Sorry login failed' located by 'By.xpath: //div[@id='customerrormessagediv']' is present after '30' second(s)
[[ATTACHMENT|C:\\Users\\mazha\\Katalon Studio\\m4-monitoring\\Reports\\nc-cp-bo-login-test-suit\\20180925_183452\\1537879253112.png]]

2018-09-25 18:40:53 - [MESSAGE][FAILED] - Unable to verify object 'Object Repository/Page_Metafour User Login/div_Sorry login failed' is not present (Root cause: Web element with id: 'Object Repository/Page_Metafour User Login/div_Sorry login failed' located by 'By.xpath: //div[@id='customerrormessagediv']' is present after '30' second(s))
[[ATTACHMENT|C:\\Users\\mazha\\Katalon Studio\\m4-monitoring\\Reports\\nc-cp-bo-login-test-suit\\20180925_183452\\1537879253358.png]]]]></system-out>
         <system-err><![CDATA[2018-09-25 18:40:12 - [TEST_CASE][FAILED] - Test Cases/nc_cp_login_test: Test Cases/nc_cp_login_test FAILED because (of) (Stack trace: com.kms.katalon.core.exception.StepFailedException: Unable to verify object 'Object Repository/Page_Metafour User Login/div_Sorry login failed' is not present (Root cause: Web element with id: 'Object Repository/Page_Metafour User Login/div_Sorry login failed' located by 'By.xpath: //div[@id='customerrormessagediv']' is present after '30' second(s))
	at com.kms.katalon.core.keyword.internal.KeywordMain.stepFailed(KeywordMain.groovy:36)
	at com.kms.katalon.core.webui.keyword.internal.WebUIKeywordMain.stepFailed(WebUIKeywordMain.groovy:65)
	at com.kms.katalon.core.webui.keyword.internal.WebUIKeywordMain.runKeyword(WebUIKeywordMain.groovy:27)
	at com.kms.katalon.core.webui.keyword.builtin.VerifyElementNotPresentKeyword.verifyElementNotPresent(VerifyElementNotPresentKeyword.groovy:118)
	at com.kms.katalon.core.webui.keyword.builtin.VerifyElementNotPresentKeyword.execute(VerifyElementNotPresentKeyword.groovy:68)
	at com.kms.katalon.core.keyword.internal.KeywordExecutor.executeKeywordForPlatform(KeywordExecutor.groovy:53)
	at com.kms.katalon.core.webui.keyword.WebUiBuiltInKeywords.verifyElementNotPresent(WebUiBuiltInKeywords.groovy:1467)
	at com.kms.katalon.core.webui.keyword.WebUiBuiltInKeywords$verifyElementNotPresent$3.call(Unknown Source)
	at Script1537190043452.run(Script1537190043452.groovy:31)
	at com.kms.katalon.core.main.ScriptEngine.run(ScriptEngine.java:183)
	at com.kms.katalon.core.main.ScriptEngine.runScriptAsRawText(ScriptEngine.java:108)
	at com.kms.katalon.core.main.TestCaseExecutor.runScript(TestCaseExecutor.java:294)
	at com.kms.katalon.core.main.TestCaseExecutor.doExecute(TestCaseExecutor.java:285)
	at com.kms.katalon.core.main.TestCaseExecutor.processExecutionPhase(TestCaseExecutor.java:264)
	at com.kms.katalon.core.main.TestCaseExecutor.accessMainPhase(TestCaseExecutor.java:256)
	at com.kms.katalon.core.main.TestCaseExecutor.execute(TestCaseExecutor.java:200)
	at com.kms.katalon.core.main.TestSuiteExecutor.accessTestCaseMainPhase(TestSuiteExecutor.java:129)
	at com.kms.katalon.core.main.TestSuiteExecutor.accessTestSuiteMainPhase(TestSuiteExecutor.java:112)
	at com.kms.katalon.core.main.TestSuiteExecutor.execute(TestSuiteExecutor.java:81)
	at com.kms.katalon.core.main.TestCaseMain.startTestSuite(TestCaseMain.java:142)
	at com.kms.katalon.core.main.TestCaseMain$startTestSuite$0.call(Unknown Source)
	at org.codehaus.groovy.runtime.callsite.CallSiteArray.defaultCall(CallSiteArray.java:48)
	at org.codehaus.groovy.runtime.callsite.AbstractCallSite.call(AbstractCallSite.java:113)
	at org.codehaus.groovy.runtime.callsite.AbstractCallSite.call(AbstractCallSite.java:141)
	at TempTestSuite1537878892048.run(TempTestSuite1537878892048.groovy:36)
	at groovy.lang.GroovyShell.runScriptOrMainOrTestOrRunnable(GroovyShell.java:263)
	at groovy.lang.GroovyShell.run(GroovyShell.java:518)
	at groovy.lang.GroovyShell.run(GroovyShell.java:507)
	at groovy.ui.GroovyMain.processOnce(GroovyMain.java:653)
	at groovy.ui.GroovyMain.run(GroovyMain.java:384)
	at groovy.ui.GroovyMain.process(GroovyMain.java:370)
	at groovy.ui.GroovyMain.processArgs(GroovyMain.java:129)
	at groovy.ui.GroovyMain.main(GroovyMain.java:109)
	at sun.reflect.NativeMethodAccessorImpl.invoke0(Native Method)
	at sun.reflect.NativeMethodAccessorImpl.invoke(NativeMethodAccessorImpl.java:62)
	at sun.reflect.DelegatingMethodAccessorImpl.invoke(DelegatingMethodAccessorImpl.java:43)
	at java.lang.reflect.Method.invoke(Method.java:498)
	at org.codehaus.groovy.tools.GroovyStarter.rootLoader(GroovyStarter.java:109)
	at org.codehaus.groovy.tools.GroovyStarter.main(GroovyStarter.java:131)
)]]></system-err>
      </testcase>
      <testcase name="Test Cases/nc_cp_login_test" classname="Test Cases/nc_cp_login_test" status="FAILED">
         <failure type="FAILED" message="(Stack trace: com.kms.katalon.core.exception.StepFailedException: Unable to verify object 'Object Repository/Page_Metafour User Login/div_Sorry login failed' is not present (Root cause: Web element with id: 'Object Repository/Page_Metafour User Login/div_Sorry login failed' located by 'By.xpath: //div[@id='customerrormessagediv']' is present after '30' second(s))
	at com.kms.katalon.core.keyword.internal.KeywordMain.stepFailed(KeywordMain.groovy:36)
	at com.kms.katalon.core.webui.keyword.internal.WebUIKeywordMain.stepFailed(WebUIKeywordMain.groovy:65)
	at com.kms.katalon.core.webui.keyword.internal.WebUIKeywordMain.runKeyword(WebUIKeywordMain.groovy:27)
	at com.kms.katalon.core.webui.keyword.builtin.VerifyElementNotPresentKeyword.verifyElementNotPresent(VerifyElementNotPresentKeyword.groovy:118)
	at com.kms.katalon.core.webui.keyword.builtin.VerifyElementNotPresentKeyword.execute(VerifyElementNotPresentKeyword.groovy:68)
	at com.kms.katalon.core.keyword.internal.KeywordExecutor.executeKeywordForPlatform(KeywordExecutor.groovy:53)
	at com.kms.katalon.core.webui.keyword.WebUiBuiltInKeywords.verifyElementNotPresent(WebUiBuiltInKeywords.groovy:1467)
	at com.kms.katalon.core.webui.keyword.WebUiBuiltInKeywords$verifyElementNotPresent$3.call(Unknown Source)
	at Script1537190043452.run(Script1537190043452.groovy:31)
	at com.kms.katalon.core.main.ScriptEngine.run(ScriptEngine.java:183)
	at com.kms.katalon.core.main.ScriptEngine.runScriptAsRawText(ScriptEngine.java:108)
	at com.kms.katalon.core.main.TestCaseExecutor.runScript(TestCaseExecutor.java:294)
	at com.kms.katalon.core.main.TestCaseExecutor.doExecute(TestCaseExecutor.java:285)
	at com.kms.katalon.core.main.TestCaseExecutor.processExecutionPhase(TestCaseExecutor.java:264)
	at com.kms.katalon.core.main.TestCaseExecutor.accessMainPhase(TestCaseExecutor.java:256)
	at com.kms.katalon.core.main.TestCaseExecutor.execute(TestCaseExecutor.java:200)
	at com.kms.katalon.core.main.TestSuiteExecutor.accessTestCaseMainPhase(TestSuiteExecutor.java:129)
	at com.kms.katalon.core.main.TestSuiteExecutor.accessTestSuiteMainPhase(TestSuiteExecutor.java:112)
	at com.kms.katalon.core.main.TestSuiteExecutor.execute(TestSuiteExecutor.java:81)
	at com.kms.katalon.core.main.TestCaseMain.startTestSuite(TestCaseMain.java:142)
	at com.kms.katalon.core.main.TestCaseMain$startTestSuite$0.call(Unknown Source)
	at org.codehaus.groovy.runtime.callsite.CallSiteArray.defaultCall(CallSiteArray.java:48)
	at org.codehaus.groovy.runtime.callsite.AbstractCallSite.call(AbstractCallSite.java:113)
	at org.codehaus.groovy.runtime.callsite.AbstractCallSite.call(AbstractCallSite.java:141)
	at TempTestSuite1537878892048.run(TempTestSuite1537878892048.groovy:36)
	at groovy.lang.GroovyShell.runScriptOrMainOrTestOrRunnable(GroovyShell.java:263)
	at groovy.lang.GroovyShell.run(GroovyShell.java:518)
	at groovy.lang.GroovyShell.run(GroovyShell.java:507)
	at groovy.ui.GroovyMain.processOnce(GroovyMain.java:653)
	at groovy.ui.GroovyMain.run(GroovyMain.java:384)
	at groovy.ui.GroovyMain.process(GroovyMain.java:370)
	at groovy.ui.GroovyMain.processArgs(GroovyMain.java:129)
	at groovy.ui.GroovyMain.main(GroovyMain.java:109)
	at sun.reflect.NativeMethodAccessorImpl.invoke0(Native Method)
	at sun.reflect.NativeMethodAccessorImpl.invoke(NativeMethodAccessorImpl.java:62)
	at sun.reflect.DelegatingMethodAccessorImpl.invoke(DelegatingMethodAccessorImpl.java:43)
	at java.lang.reflect.Method.invoke(Method.java:498)
	at org.codehaus.groovy.tools.GroovyStarter.rootLoader(GroovyStarter.java:109)
	at org.codehaus.groovy.tools.GroovyStarter.main(GroovyStarter.java:131)
)"/>
         <system-out><![CDATA[2018-09-25 18:40:53 - [TEST_CASE][FAILED] - Test Cases/nc_cp_login_test: Test Cases/nc_cp_login_test FAILED because (of) (Stack trace: com.kms.katalon.core.exception.StepFailedException: Unable to verify object 'Object Repository/Page_Metafour User Login/div_Sorry login failed' is not present (Root cause: Web element with id: 'Object Repository/Page_Metafour User Login/div_Sorry login failed' located by 'By.xpath: //div[@id='customerrormessagediv']' is present after '30' second(s))
	at com.kms.katalon.core.keyword.internal.KeywordMain.stepFailed(KeywordMain.groovy:36)
	at com.kms.katalon.core.webui.keyword.internal.WebUIKeywordMain.stepFailed(WebUIKeywordMain.groovy:65)
	at com.kms.katalon.core.webui.keyword.internal.WebUIKeywordMain.runKeyword(WebUIKeywordMain.groovy:27)
	at com.kms.katalon.core.webui.keyword.builtin.VerifyElementNotPresentKeyword.verifyElementNotPresent(VerifyElementNotPresentKeyword.groovy:118)
	at com.kms.katalon.core.webui.keyword.builtin.VerifyElementNotPresentKeyword.execute(VerifyElementNotPresentKeyword.groovy:68)
	at com.kms.katalon.core.keyword.internal.KeywordExecutor.executeKeywordForPlatform(KeywordExecutor.groovy:53)
	at com.kms.katalon.core.webui.keyword.WebUiBuiltInKeywords.verifyElementNotPresent(WebUiBuiltInKeywords.groovy:1467)
	at com.kms.katalon.core.webui.keyword.WebUiBuiltInKeywords$verifyElementNotPresent$3.call(Unknown Source)
	at Script1537190043452.run(Script1537190043452.groovy:31)
	at com.kms.katalon.core.main.ScriptEngine.run(ScriptEngine.java:183)
	at com.kms.katalon.core.main.ScriptEngine.runScriptAsRawText(ScriptEngine.java:108)
	at com.kms.katalon.core.main.TestCaseExecutor.runScript(TestCaseExecutor.java:294)
	at com.kms.katalon.core.main.TestCaseExecutor.doExecute(TestCaseExecutor.java:285)
	at com.kms.katalon.core.main.TestCaseExecutor.processExecutionPhase(TestCaseExecutor.java:264)
	at com.kms.katalon.core.main.TestCaseExecutor.accessMainPhase(TestCaseExecutor.java:256)
	at com.kms.katalon.core.main.TestCaseExecutor.execute(TestCaseExecutor.java:200)
	at com.kms.katalon.core.main.TestSuiteExecutor.accessTestCaseMainPhase(TestSuiteExecutor.java:129)
	at com.kms.katalon.core.main.TestSuiteExecutor.accessTestSuiteMainPhase(TestSuiteExecutor.java:112)
	at com.kms.katalon.core.main.TestSuiteExecutor.execute(TestSuiteExecutor.java:81)
	at com.kms.katalon.core.main.TestCaseMain.startTestSuite(TestCaseMain.java:142)
	at com.kms.katalon.core.main.TestCaseMain$startTestSuite$0.call(Unknown Source)
	at org.codehaus.groovy.runtime.callsite.CallSiteArray.defaultCall(CallSiteArray.java:48)
	at org.codehaus.groovy.runtime.callsite.AbstractCallSite.call(AbstractCallSite.java:113)
	at org.codehaus.groovy.runtime.callsite.AbstractCallSite.call(AbstractCallSite.java:141)
	at TempTestSuite1537878892048.run(TempTestSuite1537878892048.groovy:36)
	at groovy.lang.GroovyShell.runScriptOrMainOrTestOrRunnable(GroovyShell.java:263)
	at groovy.lang.GroovyShell.run(GroovyShell.java:518)
	at groovy.lang.GroovyShell.run(GroovyShell.java:507)
	at groovy.ui.GroovyMain.processOnce(GroovyMain.java:653)
	at groovy.ui.GroovyMain.run(GroovyMain.java:384)
	at groovy.ui.GroovyMain.process(GroovyMain.java:370)
	at groovy.ui.GroovyMain.processArgs(GroovyMain.java:129)
	at groovy.ui.GroovyMain.main(GroovyMain.java:109)
	at sun.reflect.NativeMethodAccessorImpl.invoke0(Native Method)
	at sun.reflect.NativeMethodAccessorImpl.invoke(NativeMethodAccessorImpl.java:62)
	at sun.reflect.DelegatingMethodAccessorImpl.invoke(DelegatingMethodAccessorImpl.java:43)
	at java.lang.reflect.Method.invoke(Method.java:498)
	at org.codehaus.groovy.tools.GroovyStarter.rootLoader(GroovyStarter.java:109)
	at org.codehaus.groovy.tools.GroovyStarter.main(GroovyStarter.java:131)
)

2018-09-25 18:40:53 - [TEST_STEP][PASSED] - openBrowser: Browser is opened with url: 'https://caelhr.netcourier.net/metafour-auth/authenticate?appId=clon&accessCode=&continue=/online/authenticated'

2018-09-25 18:40:53 - [MESSAGE][WARNING] - A browser is already opened. Closing browser and opening a new one

2018-09-25 18:40:59 - [MESSAGE][PASSED] - Browser is opened with url: 'https://caelhr.netcourier.net/metafour-auth/authenticate?appId=clon&accessCode=&continue=/online/authenticated'

2018-09-25 18:40:59 - [TEST_STEP][PASSED] - navigateToUrl: Navigate to 'https://caelhr.netcourier.net/metafour-auth/authenticate?appId=clon&accessCode=&continue=/online/authenticated' successfully

2018-09-25 18:40:59 - [MESSAGE][PASSED] - Navigate to 'https://caelhr.netcourier.net/metafour-auth/authenticate?appId=clon&accessCode=&continue=/online/authenticated' successfully

2018-09-25 18:40:59 - [TEST_STEP][PASSED] - setText: Text 'dummy' is set on object 'Object Repository/Page_Metafour User Login/input_Login_access_code'

2018-09-25 18:41:00 - [MESSAGE][PASSED] - Text 'dummy' is set on object 'Object Repository/Page_Metafour User Login/input_Login_access_code'

2018-09-25 18:41:00 - [TEST_STEP][PASSED] - setText: Text 'Hasan' is set on object 'Object Repository/Page_Metafour User Login/input_Login_login'

2018-09-25 18:41:00 - [MESSAGE][PASSED] - Text 'Hasan' is set on object 'Object Repository/Page_Metafour User Login/input_Login_login'

2018-09-25 18:41:00 - [TEST_STEP][PASSED] - setText: Text 'Hasan' is set on object 'Object Repository/Page_Metafour User Login/input_Login_j_password'

2018-09-25 18:41:00 - [MESSAGE][PASSED] - Text 'Hasan' is set on object 'Object Repository/Page_Metafour User Login/input_Login_j_password'

2018-09-25 18:41:00 - [TEST_STEP][PASSED] - click: Object: 'Object Repository/Page_Metafour User Login/button_Sign in' is clicked on

2018-09-25 18:41:01 - [MESSAGE][PASSED] - Object: 'Object Repository/Page_Metafour User Login/button_Sign in' is clicked on

2018-09-25 18:41:01 - [TEST_STEP][PASSED] - delay: Delayed 3 second(s)

2018-09-25 18:41:04 - [MESSAGE][PASSED] - Delayed 3 second(s)

2018-09-25 18:41:04 - [TEST_STEP][FAILED] - verifyElementNotPresent: Unable to verify object 'Object Repository/Page_Metafour User Login/div_Sorry login failed' is not present (Root cause: Web element with id: 'Object Repository/Page_Metafour User Login/div_Sorry login failed' located by 'By.xpath: //div[@id='customerrormessagediv']' is present after '30' second(s))

2018-09-25 18:41:04 - [MESSAGE][WARNING] - Timeout '0' is invalid. Using default page load timeout: '30'

2018-09-25 18:41:34 - [MESSAGE][FAILED] - Web element with id: 'Object Repository/Page_Metafour User Login/div_Sorry login failed' located by 'By.xpath: //div[@id='customerrormessagediv']' is present after '30' second(s)
[[ATTACHMENT|C:\\Users\\mazha\\Katalon Studio\\m4-monitoring\\Reports\\nc-cp-bo-login-test-suit\\20180925_183452\\1537879294260.png]]

2018-09-25 18:41:34 - [MESSAGE][FAILED] - Unable to verify object 'Object Repository/Page_Metafour User Login/div_Sorry login failed' is not present (Root cause: Web element with id: 'Object Repository/Page_Metafour User Login/div_Sorry login failed' located by 'By.xpath: //div[@id='customerrormessagediv']' is present after '30' second(s))
[[ATTACHMENT|C:\\Users\\mazha\\Katalon Studio\\m4-monitoring\\Reports\\nc-cp-bo-login-test-suit\\20180925_183452\\1537879294480.png]]]]></system-out>
         <system-err><![CDATA[2018-09-25 18:40:53 - [TEST_CASE][FAILED] - Test Cases/nc_cp_login_test: Test Cases/nc_cp_login_test FAILED because (of) (Stack trace: com.kms.katalon.core.exception.StepFailedException: Unable to verify object 'Object Repository/Page_Metafour User Login/div_Sorry login failed' is not present (Root cause: Web element with id: 'Object Repository/Page_Metafour User Login/div_Sorry login failed' located by 'By.xpath: //div[@id='customerrormessagediv']' is present after '30' second(s))
	at com.kms.katalon.core.keyword.internal.KeywordMain.stepFailed(KeywordMain.groovy:36)
	at com.kms.katalon.core.webui.keyword.internal.WebUIKeywordMain.stepFailed(WebUIKeywordMain.groovy:65)
	at com.kms.katalon.core.webui.keyword.internal.WebUIKeywordMain.runKeyword(WebUIKeywordMain.groovy:27)
	at com.kms.katalon.core.webui.keyword.builtin.VerifyElementNotPresentKeyword.verifyElementNotPresent(VerifyElementNotPresentKeyword.groovy:118)
	at com.kms.katalon.core.webui.keyword.builtin.VerifyElementNotPresentKeyword.execute(VerifyElementNotPresentKeyword.groovy:68)
	at com.kms.katalon.core.keyword.internal.KeywordExecutor.executeKeywordForPlatform(KeywordExecutor.groovy:53)
	at com.kms.katalon.core.webui.keyword.WebUiBuiltInKeywords.verifyElementNotPresent(WebUiBuiltInKeywords.groovy:1467)
	at com.kms.katalon.core.webui.keyword.WebUiBuiltInKeywords$verifyElementNotPresent$3.call(Unknown Source)
	at Script1537190043452.run(Script1537190043452.groovy:31)
	at com.kms.katalon.core.main.ScriptEngine.run(ScriptEngine.java:183)
	at com.kms.katalon.core.main.ScriptEngine.runScriptAsRawText(ScriptEngine.java:108)
	at com.kms.katalon.core.main.TestCaseExecutor.runScript(TestCaseExecutor.java:294)
	at com.kms.katalon.core.main.TestCaseExecutor.doExecute(TestCaseExecutor.java:285)
	at com.kms.katalon.core.main.TestCaseExecutor.processExecutionPhase(TestCaseExecutor.java:264)
	at com.kms.katalon.core.main.TestCaseExecutor.accessMainPhase(TestCaseExecutor.java:256)
	at com.kms.katalon.core.main.TestCaseExecutor.execute(TestCaseExecutor.java:200)
	at com.kms.katalon.core.main.TestSuiteExecutor.accessTestCaseMainPhase(TestSuiteExecutor.java:129)
	at com.kms.katalon.core.main.TestSuiteExecutor.accessTestSuiteMainPhase(TestSuiteExecutor.java:112)
	at com.kms.katalon.core.main.TestSuiteExecutor.execute(TestSuiteExecutor.java:81)
	at com.kms.katalon.core.main.TestCaseMain.startTestSuite(TestCaseMain.java:142)
	at com.kms.katalon.core.main.TestCaseMain$startTestSuite$0.call(Unknown Source)
	at org.codehaus.groovy.runtime.callsite.CallSiteArray.defaultCall(CallSiteArray.java:48)
	at org.codehaus.groovy.runtime.callsite.AbstractCallSite.call(AbstractCallSite.java:113)
	at org.codehaus.groovy.runtime.callsite.AbstractCallSite.call(AbstractCallSite.java:141)
	at TempTestSuite1537878892048.run(TempTestSuite1537878892048.groovy:36)
	at groovy.lang.GroovyShell.runScriptOrMainOrTestOrRunnable(GroovyShell.java:263)
	at groovy.lang.GroovyShell.run(GroovyShell.java:518)
	at groovy.lang.GroovyShell.run(GroovyShell.java:507)
	at groovy.ui.GroovyMain.processOnce(GroovyMain.java:653)
	at groovy.ui.GroovyMain.run(GroovyMain.java:384)
	at groovy.ui.GroovyMain.process(GroovyMain.java:370)
	at groovy.ui.GroovyMain.processArgs(GroovyMain.java:129)
	at groovy.ui.GroovyMain.main(GroovyMain.java:109)
	at sun.reflect.NativeMethodAccessorImpl.invoke0(Native Method)
	at sun.reflect.NativeMethodAccessorImpl.invoke(NativeMethodAccessorImpl.java:62)
	at sun.reflect.DelegatingMethodAccessorImpl.invoke(DelegatingMethodAccessorImpl.java:43)
	at java.lang.reflect.Method.invoke(Method.java:498)
	at org.codehaus.groovy.tools.GroovyStarter.rootLoader(GroovyStarter.java:109)
	at org.codehaus.groovy.tools.GroovyStarter.main(GroovyStarter.java:131)
)]]></system-err>
      </testcase>
      <testcase name="Test Cases/nc_cp_login_test" classname="Test Cases/nc_cp_login_test" status="PASSED">
         <system-out><![CDATA[2018-09-25 18:41:34 - [TEST_CASE][PASSED] - Test Cases/nc_cp_login_test: Test Cases/nc_cp_login_test

2018-09-25 18:41:34 - [TEST_STEP][PASSED] - openBrowser: Browser is opened with url: 'https://caeman.netcourier.net/metafour-auth/authenticate?appId=clon&accessCode=&continue=/online/authenticated'

2018-09-25 18:41:34 - [MESSAGE][WARNING] - A browser is already opened. Closing browser and opening a new one

2018-09-25 18:41:40 - [MESSAGE][PASSED] - Browser is opened with url: 'https://caeman.netcourier.net/metafour-auth/authenticate?appId=clon&accessCode=&continue=/online/authenticated'

2018-09-25 18:41:40 - [TEST_STEP][PASSED] - navigateToUrl: Navigate to 'https://caeman.netcourier.net/metafour-auth/authenticate?appId=clon&accessCode=&continue=/online/authenticated' successfully

2018-09-25 18:41:41 - [MESSAGE][PASSED] - Navigate to 'https://caeman.netcourier.net/metafour-auth/authenticate?appId=clon&accessCode=&continue=/online/authenticated' successfully

2018-09-25 18:41:41 - [TEST_STEP][PASSED] - setText: Text 'a005' is set on object 'Object Repository/Page_Metafour User Login/input_Login_access_code'

2018-09-25 18:41:41 - [MESSAGE][PASSED] - Text 'a005' is set on object 'Object Repository/Page_Metafour User Login/input_Login_access_code'

2018-09-25 18:41:41 - [TEST_STEP][PASSED] - setText: Text 'Hasan' is set on object 'Object Repository/Page_Metafour User Login/input_Login_login'

2018-09-25 18:41:41 - [MESSAGE][PASSED] - Text 'Hasan' is set on object 'Object Repository/Page_Metafour User Login/input_Login_login'

2018-09-25 18:41:41 - [TEST_STEP][PASSED] - setText: Text 'hasan' is set on object 'Object Repository/Page_Metafour User Login/input_Login_j_password'

2018-09-25 18:41:41 - [MESSAGE][PASSED] - Text 'hasan' is set on object 'Object Repository/Page_Metafour User Login/input_Login_j_password'

2018-09-25 18:41:41 - [TEST_STEP][PASSED] - click: Object: 'Object Repository/Page_Metafour User Login/button_Sign in' is clicked on

2018-09-25 18:41:45 - [MESSAGE][PASSED] - Object: 'Object Repository/Page_Metafour User Login/button_Sign in' is clicked on

2018-09-25 18:41:45 - [TEST_STEP][PASSED] - delay: Delayed 3 second(s)

2018-09-25 18:41:48 - [MESSAGE][PASSED] - Delayed 3 second(s)

2018-09-25 18:41:48 - [TEST_STEP][PASSED] - verifyElementNotPresent: Web element with id: 'Object Repository/Page_Metafour User Login/div_Sorry login failed' located by 'By.xpath: //div[@id='customerrormessagediv']' is not present after '30' second(s)

2018-09-25 18:41:48 - [MESSAGE][WARNING] - Timeout '0' is invalid. Using default page load timeout: '30'

2018-09-25 18:41:48 - [MESSAGE][PASSED] - Web element with id: 'Object Repository/Page_Metafour User Login/div_Sorry login failed' located by 'By.xpath: //div[@id='customerrormessagediv']' is not present after '30' second(s)

2018-09-25 18:41:48 - [TEST_STEP][PASSED] - closeBrowser: Browser is closed

2018-09-25 18:41:49 - [MESSAGE][PASSED] - Browser is closed]]></system-out>
         <system-err><![CDATA[]]></system-err>
      </testcase>
      <testcase name="Test Cases/nc_cp_login_test" classname="Test Cases/nc_cp_login_test" status="PASSED">
         <system-out><![CDATA[2018-09-25 18:41:49 - [TEST_CASE][PASSED] - Test Cases/nc_cp_login_test: Test Cases/nc_cp_login_test

2018-09-25 18:41:49 - [TEST_STEP][PASSED] - openBrowser: Browser is opened with url: 'http://cms.metafour.com/metafour-auth/authenticate?appId=clon&accessCode=&continue=/online/authenticated'

2018-09-25 18:41:54 - [MESSAGE][PASSED] - Browser is opened with url: 'http://cms.metafour.com/metafour-auth/authenticate?appId=clon&accessCode=&continue=/online/authenticated'

2018-09-25 18:41:54 - [TEST_STEP][PASSED] - navigateToUrl: Navigate to 'http://cms.metafour.com/metafour-auth/authenticate?appId=clon&accessCode=&continue=/online/authenticated' successfully

2018-09-25 18:41:55 - [MESSAGE][PASSED] - Navigate to 'http://cms.metafour.com/metafour-auth/authenticate?appId=clon&accessCode=&continue=/online/authenticated' successfully

2018-09-25 18:41:55 - [TEST_STEP][PASSED] - setText: Text 'dummy' is set on object 'Object Repository/Page_Metafour User Login/input_Login_access_code'

2018-09-25 18:41:55 - [MESSAGE][PASSED] - Text 'dummy' is set on object 'Object Repository/Page_Metafour User Login/input_Login_access_code'

2018-09-25 18:41:55 - [TEST_STEP][PASSED] - setText: Text 'clon' is set on object 'Object Repository/Page_Metafour User Login/input_Login_login'

2018-09-25 18:41:55 - [MESSAGE][PASSED] - Text 'clon' is set on object 'Object Repository/Page_Metafour User Login/input_Login_login'

2018-09-25 18:41:55 - [TEST_STEP][PASSED] - setText: Text 'clon' is set on object 'Object Repository/Page_Metafour User Login/input_Login_j_password'

2018-09-25 18:41:55 - [MESSAGE][PASSED] - Text 'clon' is set on object 'Object Repository/Page_Metafour User Login/input_Login_j_password'

2018-09-25 18:41:55 - [TEST_STEP][PASSED] - click: Object: 'Object Repository/Page_Metafour User Login/button_Sign in' is clicked on

2018-09-25 18:41:58 - [MESSAGE][PASSED] - Object: 'Object Repository/Page_Metafour User Login/button_Sign in' is clicked on

2018-09-25 18:41:58 - [TEST_STEP][PASSED] - delay: Delayed 3 second(s)

2018-09-25 18:42:01 - [MESSAGE][PASSED] - Delayed 3 second(s)

2018-09-25 18:42:01 - [TEST_STEP][PASSED] - verifyElementNotPresent: Web element with id: 'Object Repository/Page_Metafour User Login/div_Sorry login failed' located by 'By.xpath: //div[@id='customerrormessagediv']' is not present after '30' second(s)

2018-09-25 18:42:01 - [MESSAGE][WARNING] - Timeout '0' is invalid. Using default page load timeout: '30'

2018-09-25 18:42:01 - [MESSAGE][PASSED] - Web element with id: 'Object Repository/Page_Metafour User Login/div_Sorry login failed' located by 'By.xpath: //div[@id='customerrormessagediv']' is not present after '30' second(s)

2018-09-25 18:42:01 - [TEST_STEP][PASSED] - closeBrowser: Browser is closed

2018-09-25 18:42:02 - [MESSAGE][PASSED] - Browser is closed]]></system-out>
         <system-err><![CDATA[]]></system-err>
      </testcase>
      <testcase name="Test Cases/nc_cp_login_test" classname="Test Cases/nc_cp_login_test" status="PASSED">
         <system-out><![CDATA[2018-09-25 18:42:02 - [TEST_CASE][PASSED] - Test Cases/nc_cp_login_test: Test Cases/nc_cp_login_test

2018-09-25 18:42:02 - [TEST_STEP][PASSED] - openBrowser: Browser is opened with url: 'https://crisisww.netcourier.net/metafour-auth/authenticate?appId=clon&accessCode=&continue=/online/authenticated'

2018-09-25 18:42:07 - [MESSAGE][PASSED] - Browser is opened with url: 'https://crisisww.netcourier.net/metafour-auth/authenticate?appId=clon&accessCode=&continue=/online/authenticated'

2018-09-25 18:42:07 - [TEST_STEP][PASSED] - navigateToUrl: Navigate to 'https://crisisww.netcourier.net/metafour-auth/authenticate?appId=clon&accessCode=&continue=/online/authenticated' successfully

2018-09-25 18:42:07 - [MESSAGE][PASSED] - Navigate to 'https://crisisww.netcourier.net/metafour-auth/authenticate?appId=clon&accessCode=&continue=/online/authenticated' successfully

2018-09-25 18:42:07 - [TEST_STEP][PASSED] - setText: Text 'dummy' is set on object 'Object Repository/Page_Metafour User Login/input_Login_access_code'

2018-09-25 18:42:07 - [MESSAGE][PASSED] - Text 'dummy' is set on object 'Object Repository/Page_Metafour User Login/input_Login_access_code'

2018-09-25 18:42:07 - [TEST_STEP][PASSED] - setText: Text 'clon' is set on object 'Object Repository/Page_Metafour User Login/input_Login_login'

2018-09-25 18:42:08 - [MESSAGE][PASSED] - Text 'clon' is set on object 'Object Repository/Page_Metafour User Login/input_Login_login'

2018-09-25 18:42:08 - [TEST_STEP][PASSED] - setText: Text 'clon' is set on object 'Object Repository/Page_Metafour User Login/input_Login_j_password'

2018-09-25 18:42:08 - [MESSAGE][PASSED] - Text 'clon' is set on object 'Object Repository/Page_Metafour User Login/input_Login_j_password'

2018-09-25 18:42:08 - [TEST_STEP][PASSED] - click: Object: 'Object Repository/Page_Metafour User Login/button_Sign in' is clicked on

2018-09-25 18:42:11 - [MESSAGE][PASSED] - Object: 'Object Repository/Page_Metafour User Login/button_Sign in' is clicked on

2018-09-25 18:42:11 - [TEST_STEP][PASSED] - delay: Delayed 3 second(s)

2018-09-25 18:42:14 - [MESSAGE][PASSED] - Delayed 3 second(s)

2018-09-25 18:42:14 - [TEST_STEP][PASSED] - verifyElementNotPresent: Web element with id: 'Object Repository/Page_Metafour User Login/div_Sorry login failed' located by 'By.xpath: //div[@id='customerrormessagediv']' is not present after '30' second(s)

2018-09-25 18:42:14 - [MESSAGE][WARNING] - Timeout '0' is invalid. Using default page load timeout: '30'

2018-09-25 18:42:14 - [MESSAGE][PASSED] - Web element with id: 'Object Repository/Page_Metafour User Login/div_Sorry login failed' located by 'By.xpath: //div[@id='customerrormessagediv']' is not present after '30' second(s)

2018-09-25 18:42:14 - [TEST_STEP][PASSED] - closeBrowser: Browser is closed

2018-09-25 18:42:14 - [MESSAGE][PASSED] - Browser is closed]]></system-out>
         <system-err><![CDATA[]]></system-err>
      </testcase>
      <testcase name="Test Cases/nc_cp_login_test" classname="Test Cases/nc_cp_login_test" status="PASSED">
         <system-out><![CDATA[2018-09-25 18:42:14 - [TEST_CASE][PASSED] - Test Cases/nc_cp_login_test: Test Cases/nc_cp_login_test

2018-09-25 18:42:14 - [TEST_STEP][PASSED] - openBrowser: Browser is opened with url: 'https://dms.netcourier.net/metafour-auth/authenticate?appId=clon&accessCode=&continue=/online/authenticated'

2018-09-25 18:42:26 - [MESSAGE][PASSED] - Browser is opened with url: 'https://dms.netcourier.net/metafour-auth/authenticate?appId=clon&accessCode=&continue=/online/authenticated'

2018-09-25 18:42:26 - [TEST_STEP][PASSED] - navigateToUrl: Navigate to 'https://dms.netcourier.net/metafour-auth/authenticate?appId=clon&accessCode=&continue=/online/authenticated' successfully

2018-09-25 18:42:27 - [MESSAGE][PASSED] - Navigate to 'https://dms.netcourier.net/metafour-auth/authenticate?appId=clon&accessCode=&continue=/online/authenticated' successfully

2018-09-25 18:42:27 - [TEST_STEP][PASSED] - setText: Text 'M4' is set on object 'Object Repository/Page_Metafour User Login/input_Login_access_code'

2018-09-25 18:42:27 - [MESSAGE][PASSED] - Text 'M4' is set on object 'Object Repository/Page_Metafour User Login/input_Login_access_code'

2018-09-25 18:42:27 - [TEST_STEP][PASSED] - setText: Text 'Jony' is set on object 'Object Repository/Page_Metafour User Login/input_Login_login'

2018-09-25 18:42:27 - [MESSAGE][PASSED] - Text 'Jony' is set on object 'Object Repository/Page_Metafour User Login/input_Login_login'

2018-09-25 18:42:27 - [TEST_STEP][PASSED] - setText: Text '1234' is set on object 'Object Repository/Page_Metafour User Login/input_Login_j_password'

2018-09-25 18:42:27 - [MESSAGE][PASSED] - Text '1234' is set on object 'Object Repository/Page_Metafour User Login/input_Login_j_password'

2018-09-25 18:42:27 - [TEST_STEP][PASSED] - click: Object: 'Object Repository/Page_Metafour User Login/button_Sign in' is clicked on

2018-09-25 18:42:31 - [MESSAGE][PASSED] - Object: 'Object Repository/Page_Metafour User Login/button_Sign in' is clicked on

2018-09-25 18:42:31 - [TEST_STEP][PASSED] - delay: Delayed 3 second(s)

2018-09-25 18:42:34 - [MESSAGE][PASSED] - Delayed 3 second(s)

2018-09-25 18:42:34 - [TEST_STEP][PASSED] - verifyElementNotPresent: Web element with id: 'Object Repository/Page_Metafour User Login/div_Sorry login failed' located by 'By.xpath: //div[@id='customerrormessagediv']' is not present after '30' second(s)

2018-09-25 18:42:34 - [MESSAGE][WARNING] - Timeout '0' is invalid. Using default page load timeout: '30'

2018-09-25 18:42:34 - [MESSAGE][PASSED] - Web element with id: 'Object Repository/Page_Metafour User Login/div_Sorry login failed' located by 'By.xpath: //div[@id='customerrormessagediv']' is not present after '30' second(s)

2018-09-25 18:42:34 - [TEST_STEP][PASSED] - closeBrowser: Browser is closed

2018-09-25 18:42:35 - [MESSAGE][PASSED] - Browser is closed]]></system-out>
         <system-err><![CDATA[]]></system-err>
      </testcase>
      <testcase name="Test Cases/nc_cp_login_test" classname="Test Cases/nc_cp_login_test" status="PASSED">
         <system-out><![CDATA[2018-09-25 18:42:35 - [TEST_CASE][PASSED] - Test Cases/nc_cp_login_test: Test Cases/nc_cp_login_test

2018-09-25 18:42:35 - [TEST_STEP][PASSED] - openBrowser: Browser is opened with url: 'https://democourier.netcourier.net/metafour-auth/authenticate?appId=clon&accessCode=&continue=/online/authenticated'

2018-09-25 18:42:46 - [MESSAGE][PASSED] - Browser is opened with url: 'https://democourier.netcourier.net/metafour-auth/authenticate?appId=clon&accessCode=&continue=/online/authenticated'

2018-09-25 18:42:46 - [TEST_STEP][PASSED] - navigateToUrl: Navigate to 'https://democourier.netcourier.net/metafour-auth/authenticate?appId=clon&accessCode=&continue=/online/authenticated' successfully

2018-09-25 18:42:46 - [MESSAGE][PASSED] - Navigate to 'https://democourier.netcourier.net/metafour-auth/authenticate?appId=clon&accessCode=&continue=/online/authenticated' successfully

2018-09-25 18:42:46 - [TEST_STEP][PASSED] - setText: Text 'M4' is set on object 'Object Repository/Page_Metafour User Login/input_Login_access_code'

2018-09-25 18:42:46 - [MESSAGE][PASSED] - Text 'M4' is set on object 'Object Repository/Page_Metafour User Login/input_Login_access_code'

2018-09-25 18:42:46 - [TEST_STEP][PASSED] - setText: Text 'Jony' is set on object 'Object Repository/Page_Metafour User Login/input_Login_login'

2018-09-25 18:42:46 - [MESSAGE][PASSED] - Text 'Jony' is set on object 'Object Repository/Page_Metafour User Login/input_Login_login'

2018-09-25 18:42:46 - [TEST_STEP][PASSED] - setText: Text '1234' is set on object 'Object Repository/Page_Metafour User Login/input_Login_j_password'

2018-09-25 18:42:46 - [MESSAGE][PASSED] - Text '1234' is set on object 'Object Repository/Page_Metafour User Login/input_Login_j_password'

2018-09-25 18:42:46 - [TEST_STEP][PASSED] - click: Object: 'Object Repository/Page_Metafour User Login/button_Sign in' is clicked on

2018-09-25 18:43:12 - [MESSAGE][PASSED] - Object: 'Object Repository/Page_Metafour User Login/button_Sign in' is clicked on

2018-09-25 18:43:12 - [TEST_STEP][PASSED] - delay: Delayed 3 second(s)

2018-09-25 18:43:15 - [MESSAGE][PASSED] - Delayed 3 second(s)

2018-09-25 18:43:15 - [TEST_STEP][PASSED] - verifyElementNotPresent: Web element with id: 'Object Repository/Page_Metafour User Login/div_Sorry login failed' located by 'By.xpath: //div[@id='customerrormessagediv']' is not present after '30' second(s)

2018-09-25 18:43:15 - [MESSAGE][WARNING] - Timeout '0' is invalid. Using default page load timeout: '30'

2018-09-25 18:43:15 - [MESSAGE][PASSED] - Web element with id: 'Object Repository/Page_Metafour User Login/div_Sorry login failed' located by 'By.xpath: //div[@id='customerrormessagediv']' is not present after '30' second(s)

2018-09-25 18:43:15 - [TEST_STEP][PASSED] - closeBrowser: Browser is closed

2018-09-25 18:43:16 - [MESSAGE][PASSED] - Browser is closed]]></system-out>
         <system-err><![CDATA[]]></system-err>
      </testcase>
      <testcase name="Test Cases/nc_cp_login_test" classname="Test Cases/nc_cp_login_test" status="PASSED">
         <system-out><![CDATA[2018-09-25 18:43:16 - [TEST_CASE][PASSED] - Test Cases/nc_cp_login_test: Test Cases/nc_cp_login_test

2018-09-25 18:43:16 - [TEST_STEP][PASSED] - openBrowser: Browser is opened with url: 'https://ecourieruk.netcourier.net/metafour-auth/authenticate?appId=clon&accessCode=&continue=/online/authenticated'

2018-09-25 18:43:21 - [MESSAGE][PASSED] - Browser is opened with url: 'https://ecourieruk.netcourier.net/metafour-auth/authenticate?appId=clon&accessCode=&continue=/online/authenticated'

2018-09-25 18:43:21 - [TEST_STEP][PASSED] - navigateToUrl: Navigate to 'https://ecourieruk.netcourier.net/metafour-auth/authenticate?appId=clon&accessCode=&continue=/online/authenticated' successfully

2018-09-25 18:43:22 - [MESSAGE][PASSED] - Navigate to 'https://ecourieruk.netcourier.net/metafour-auth/authenticate?appId=clon&accessCode=&continue=/online/authenticated' successfully

2018-09-25 18:43:22 - [TEST_STEP][PASSED] - setText: Text '6617' is set on object 'Object Repository/Page_Metafour User Login/input_Login_access_code'

2018-09-25 18:43:22 - [MESSAGE][PASSED] - Text '6617' is set on object 'Object Repository/Page_Metafour User Login/input_Login_access_code'

2018-09-25 18:43:22 - [TEST_STEP][PASSED] - setText: Text 'Jony' is set on object 'Object Repository/Page_Metafour User Login/input_Login_login'

2018-09-25 18:43:22 - [MESSAGE][PASSED] - Text 'Jony' is set on object 'Object Repository/Page_Metafour User Login/input_Login_login'

2018-09-25 18:43:22 - [TEST_STEP][PASSED] - setText: Text '1234' is set on object 'Object Repository/Page_Metafour User Login/input_Login_j_password'

2018-09-25 18:43:22 - [MESSAGE][PASSED] - Text '1234' is set on object 'Object Repository/Page_Metafour User Login/input_Login_j_password'

2018-09-25 18:43:22 - [TEST_STEP][PASSED] - click: Object: 'Object Repository/Page_Metafour User Login/button_Sign in' is clicked on

2018-09-25 18:43:26 - [MESSAGE][PASSED] - Object: 'Object Repository/Page_Metafour User Login/button_Sign in' is clicked on

2018-09-25 18:43:26 - [TEST_STEP][PASSED] - delay: Delayed 3 second(s)

2018-09-25 18:43:29 - [MESSAGE][PASSED] - Delayed 3 second(s)

2018-09-25 18:43:29 - [TEST_STEP][PASSED] - verifyElementNotPresent: Web element with id: 'Object Repository/Page_Metafour User Login/div_Sorry login failed' located by 'By.xpath: //div[@id='customerrormessagediv']' is not present after '30' second(s)

2018-09-25 18:43:29 - [MESSAGE][WARNING] - Timeout '0' is invalid. Using default page load timeout: '30'

2018-09-25 18:43:29 - [MESSAGE][PASSED] - Web element with id: 'Object Repository/Page_Metafour User Login/div_Sorry login failed' located by 'By.xpath: //div[@id='customerrormessagediv']' is not present after '30' second(s)

2018-09-25 18:43:29 - [TEST_STEP][PASSED] - closeBrowser: Browser is closed

2018-09-25 18:43:29 - [MESSAGE][PASSED] - Browser is closed]]></system-out>
         <system-err><![CDATA[]]></system-err>
      </testcase>
      <testcase name="Test Cases/nc_cp_login_test" classname="Test Cases/nc_cp_login_test" status="PASSED">
         <system-out><![CDATA[2018-09-25 18:43:29 - [TEST_CASE][PASSED] - Test Cases/nc_cp_login_test: Test Cases/nc_cp_login_test

2018-09-25 18:43:29 - [TEST_STEP][PASSED] - openBrowser: Browser is opened with url: 'https://eurostar.netcourier.net/metafour-auth/authenticate?appId=clon&accessCode=&continue=/online/authenticated'

2018-09-25 18:43:34 - [MESSAGE][PASSED] - Browser is opened with url: 'https://eurostar.netcourier.net/metafour-auth/authenticate?appId=clon&accessCode=&continue=/online/authenticated'

2018-09-25 18:43:34 - [TEST_STEP][PASSED] - navigateToUrl: Navigate to 'https://eurostar.netcourier.net/metafour-auth/authenticate?appId=clon&accessCode=&continue=/online/authenticated' successfully

2018-09-25 18:43:35 - [MESSAGE][PASSED] - Navigate to 'https://eurostar.netcourier.net/metafour-auth/authenticate?appId=clon&accessCode=&continue=/online/authenticated' successfully

2018-09-25 18:43:35 - [TEST_STEP][PASSED] - setText: Text 'dumm001' is set on object 'Object Repository/Page_Metafour User Login/input_Login_access_code'

2018-09-25 18:43:35 - [MESSAGE][PASSED] - Text 'dumm001' is set on object 'Object Repository/Page_Metafour User Login/input_Login_access_code'

2018-09-25 18:43:35 - [TEST_STEP][PASSED] - setText: Text 'clon' is set on object 'Object Repository/Page_Metafour User Login/input_Login_login'

2018-09-25 18:43:35 - [MESSAGE][PASSED] - Text 'clon' is set on object 'Object Repository/Page_Metafour User Login/input_Login_login'

2018-09-25 18:43:35 - [TEST_STEP][PASSED] - setText: Text 'clon' is set on object 'Object Repository/Page_Metafour User Login/input_Login_j_password'

2018-09-25 18:43:35 - [MESSAGE][PASSED] - Text 'clon' is set on object 'Object Repository/Page_Metafour User Login/input_Login_j_password'

2018-09-25 18:43:35 - [TEST_STEP][PASSED] - click: Object: 'Object Repository/Page_Metafour User Login/button_Sign in' is clicked on

2018-09-25 18:43:39 - [MESSAGE][PASSED] - Object: 'Object Repository/Page_Metafour User Login/button_Sign in' is clicked on

2018-09-25 18:43:39 - [TEST_STEP][PASSED] - delay: Delayed 3 second(s)

2018-09-25 18:43:42 - [MESSAGE][PASSED] - Delayed 3 second(s)

2018-09-25 18:43:42 - [TEST_STEP][PASSED] - verifyElementNotPresent: Web element with id: 'Object Repository/Page_Metafour User Login/div_Sorry login failed' located by 'By.xpath: //div[@id='customerrormessagediv']' is not present after '30' second(s)

2018-09-25 18:43:42 - [MESSAGE][WARNING] - Timeout '0' is invalid. Using default page load timeout: '30'

2018-09-25 18:43:42 - [MESSAGE][PASSED] - Web element with id: 'Object Repository/Page_Metafour User Login/div_Sorry login failed' located by 'By.xpath: //div[@id='customerrormessagediv']' is not present after '30' second(s)

2018-09-25 18:43:42 - [TEST_STEP][PASSED] - closeBrowser: Browser is closed

2018-09-25 18:43:42 - [MESSAGE][PASSED] - Browser is closed]]></system-out>
         <system-err><![CDATA[]]></system-err>
      </testcase>
      <testcase name="Test Cases/nc_cp_login_test" classname="Test Cases/nc_cp_login_test" status="PASSED">
         <system-out><![CDATA[2018-09-25 18:43:42 - [TEST_CASE][PASSED] - Test Cases/nc_cp_login_test: Test Cases/nc_cp_login_test

2018-09-25 18:43:42 - [TEST_STEP][PASSED] - openBrowser: Browser is opened with url: 'http://fgx.m4.net/metafour-auth/authenticate?appId=clon&accessCode=&continue=/online/authenticated'

2018-09-25 18:43:48 - [MESSAGE][PASSED] - Browser is opened with url: 'http://fgx.m4.net/metafour-auth/authenticate?appId=clon&accessCode=&continue=/online/authenticated'

2018-09-25 18:43:48 - [TEST_STEP][PASSED] - navigateToUrl: Navigate to 'http://fgx.m4.net/metafour-auth/authenticate?appId=clon&accessCode=&continue=/online/authenticated' successfully

2018-09-25 18:43:48 - [MESSAGE][PASSED] - Navigate to 'http://fgx.m4.net/metafour-auth/authenticate?appId=clon&accessCode=&continue=/online/authenticated' successfully

2018-09-25 18:43:48 - [TEST_STEP][PASSED] - setText: Text 'dummy' is set on object 'Object Repository/Page_Metafour User Login/input_Login_access_code'

2018-09-25 18:43:48 - [MESSAGE][PASSED] - Text 'dummy' is set on object 'Object Repository/Page_Metafour User Login/input_Login_access_code'

2018-09-25 18:43:48 - [TEST_STEP][PASSED] - setText: Text 'clon' is set on object 'Object Repository/Page_Metafour User Login/input_Login_login'

2018-09-25 18:43:48 - [MESSAGE][PASSED] - Text 'clon' is set on object 'Object Repository/Page_Metafour User Login/input_Login_login'

2018-09-25 18:43:48 - [TEST_STEP][PASSED] - setText: Text 'clon' is set on object 'Object Repository/Page_Metafour User Login/input_Login_j_password'

2018-09-25 18:43:49 - [MESSAGE][PASSED] - Text 'clon' is set on object 'Object Repository/Page_Metafour User Login/input_Login_j_password'

2018-09-25 18:43:49 - [TEST_STEP][PASSED] - click: Object: 'Object Repository/Page_Metafour User Login/button_Sign in' is clicked on

2018-09-25 18:43:52 - [MESSAGE][PASSED] - Object: 'Object Repository/Page_Metafour User Login/button_Sign in' is clicked on

2018-09-25 18:43:52 - [TEST_STEP][PASSED] - delay: Delayed 3 second(s)

2018-09-25 18:43:55 - [MESSAGE][PASSED] - Delayed 3 second(s)

2018-09-25 18:43:55 - [TEST_STEP][PASSED] - verifyElementNotPresent: Web element with id: 'Object Repository/Page_Metafour User Login/div_Sorry login failed' located by 'By.xpath: //div[@id='customerrormessagediv']' is not present after '30' second(s)

2018-09-25 18:43:55 - [MESSAGE][WARNING] - Timeout '0' is invalid. Using default page load timeout: '30'

2018-09-25 18:43:55 - [MESSAGE][PASSED] - Web element with id: 'Object Repository/Page_Metafour User Login/div_Sorry login failed' located by 'By.xpath: //div[@id='customerrormessagediv']' is not present after '30' second(s)

2018-09-25 18:43:55 - [TEST_STEP][PASSED] - closeBrowser: Browser is closed

2018-09-25 18:43:56 - [MESSAGE][PASSED] - Browser is closed]]></system-out>
         <system-err><![CDATA[]]></system-err>
      </testcase>
      <testcase name="Test Cases/nc_cp_login_test" classname="Test Cases/nc_cp_login_test" status="PASSED">
         <system-out><![CDATA[2018-09-25 18:43:56 - [TEST_CASE][PASSED] - Test Cases/nc_cp_login_test: Test Cases/nc_cp_login_test

2018-09-25 18:43:56 - [TEST_STEP][PASSED] - openBrowser: Browser is opened with url: 'https://freightbrokers.netcourier.net/metafour-auth/authenticate?appId=clon&accessCode=&continue=/online/authenticated'

2018-09-25 18:44:01 - [MESSAGE][PASSED] - Browser is opened with url: 'https://freightbrokers.netcourier.net/metafour-auth/authenticate?appId=clon&accessCode=&continue=/online/authenticated'

2018-09-25 18:44:01 - [TEST_STEP][PASSED] - navigateToUrl: Navigate to 'https://freightbrokers.netcourier.net/metafour-auth/authenticate?appId=clon&accessCode=&continue=/online/authenticated' successfully

2018-09-25 18:44:01 - [MESSAGE][PASSED] - Navigate to 'https://freightbrokers.netcourier.net/metafour-auth/authenticate?appId=clon&accessCode=&continue=/online/authenticated' successfully

2018-09-25 18:44:01 - [TEST_STEP][PASSED] - setText: Text 'ACME' is set on object 'Object Repository/Page_Metafour User Login/input_Login_access_code'

2018-09-25 18:44:01 - [MESSAGE][PASSED] - Text 'ACME' is set on object 'Object Repository/Page_Metafour User Login/input_Login_access_code'

2018-09-25 18:44:01 - [TEST_STEP][PASSED] - setText: Text 'Jony' is set on object 'Object Repository/Page_Metafour User Login/input_Login_login'

2018-09-25 18:44:02 - [MESSAGE][PASSED] - Text 'Jony' is set on object 'Object Repository/Page_Metafour User Login/input_Login_login'

2018-09-25 18:44:02 - [TEST_STEP][PASSED] - setText: Text '1234' is set on object 'Object Repository/Page_Metafour User Login/input_Login_j_password'

2018-09-25 18:44:02 - [MESSAGE][PASSED] - Text '1234' is set on object 'Object Repository/Page_Metafour User Login/input_Login_j_password'

2018-09-25 18:44:02 - [TEST_STEP][PASSED] - click: Object: 'Object Repository/Page_Metafour User Login/button_Sign in' is clicked on

2018-09-25 18:44:06 - [MESSAGE][PASSED] - Object: 'Object Repository/Page_Metafour User Login/button_Sign in' is clicked on

2018-09-25 18:44:06 - [TEST_STEP][PASSED] - delay: Delayed 3 second(s)

2018-09-25 18:44:09 - [MESSAGE][PASSED] - Delayed 3 second(s)

2018-09-25 18:44:09 - [TEST_STEP][PASSED] - verifyElementNotPresent: Web element with id: 'Object Repository/Page_Metafour User Login/div_Sorry login failed' located by 'By.xpath: //div[@id='customerrormessagediv']' is not present after '30' second(s)

2018-09-25 18:44:09 - [MESSAGE][WARNING] - Timeout '0' is invalid. Using default page load timeout: '30'

2018-09-25 18:44:09 - [MESSAGE][PASSED] - Web element with id: 'Object Repository/Page_Metafour User Login/div_Sorry login failed' located by 'By.xpath: //div[@id='customerrormessagediv']' is not present after '30' second(s)

2018-09-25 18:44:09 - [TEST_STEP][PASSED] - closeBrowser: Browser is closed

2018-09-25 18:44:09 - [MESSAGE][PASSED] - Browser is closed]]></system-out>
         <system-err><![CDATA[]]></system-err>
      </testcase>
      <testcase name="Test Cases/nc_cp_login_test" classname="Test Cases/nc_cp_login_test" status="PASSED">
         <system-out><![CDATA[2018-09-25 18:44:09 - [TEST_CASE][PASSED] - Test Cases/nc_cp_login_test: Test Cases/nc_cp_login_test

2018-09-25 18:44:09 - [TEST_STEP][PASSED] - openBrowser: Browser is opened with url: 'https://hellmann.netcourier.net/metafour-auth/authenticate?appId=clon&accessCode=&continue=/online/authenticated'

2018-09-25 18:44:15 - [MESSAGE][PASSED] - Browser is opened with url: 'https://hellmann.netcourier.net/metafour-auth/authenticate?appId=clon&accessCode=&continue=/online/authenticated'

2018-09-25 18:44:15 - [TEST_STEP][PASSED] - navigateToUrl: Navigate to 'https://hellmann.netcourier.net/metafour-auth/authenticate?appId=clon&accessCode=&continue=/online/authenticated' successfully

2018-09-25 18:44:15 - [MESSAGE][PASSED] - Navigate to 'https://hellmann.netcourier.net/metafour-auth/authenticate?appId=clon&accessCode=&continue=/online/authenticated' successfully

2018-09-25 18:44:15 - [TEST_STEP][PASSED] - setText: Text 'dummy' is set on object 'Object Repository/Page_Metafour User Login/input_Login_access_code'

2018-09-25 18:44:15 - [MESSAGE][PASSED] - Text 'dummy' is set on object 'Object Repository/Page_Metafour User Login/input_Login_access_code'

2018-09-25 18:44:15 - [TEST_STEP][PASSED] - setText: Text 'clon' is set on object 'Object Repository/Page_Metafour User Login/input_Login_login'

2018-09-25 18:44:15 - [MESSAGE][PASSED] - Text 'clon' is set on object 'Object Repository/Page_Metafour User Login/input_Login_login'

2018-09-25 18:44:15 - [TEST_STEP][PASSED] - setText: Text 'clon' is set on object 'Object Repository/Page_Metafour User Login/input_Login_j_password'

2018-09-25 18:44:15 - [MESSAGE][PASSED] - Text 'clon' is set on object 'Object Repository/Page_Metafour User Login/input_Login_j_password'

2018-09-25 18:44:15 - [TEST_STEP][PASSED] - click: Object: 'Object Repository/Page_Metafour User Login/button_Sign in' is clicked on

2018-09-25 18:44:19 - [MESSAGE][PASSED] - Object: 'Object Repository/Page_Metafour User Login/button_Sign in' is clicked on

2018-09-25 18:44:19 - [TEST_STEP][PASSED] - delay: Delayed 3 second(s)

2018-09-25 18:44:22 - [MESSAGE][PASSED] - Delayed 3 second(s)

2018-09-25 18:44:22 - [TEST_STEP][PASSED] - verifyElementNotPresent: Web element with id: 'Object Repository/Page_Metafour User Login/div_Sorry login failed' located by 'By.xpath: //div[@id='customerrormessagediv']' is not present after '30' second(s)

2018-09-25 18:44:22 - [MESSAGE][WARNING] - Timeout '0' is invalid. Using default page load timeout: '30'

2018-09-25 18:44:22 - [MESSAGE][PASSED] - Web element with id: 'Object Repository/Page_Metafour User Login/div_Sorry login failed' located by 'By.xpath: //div[@id='customerrormessagediv']' is not present after '30' second(s)

2018-09-25 18:44:22 - [TEST_STEP][PASSED] - closeBrowser: Browser is closed

2018-09-25 18:44:23 - [MESSAGE][PASSED] - Browser is closed]]></system-out>
         <system-err><![CDATA[]]></system-err>
      </testcase>
      <testcase name="Test Cases/nc_cp_login_test" classname="Test Cases/nc_cp_login_test" status="PASSED">
         <system-out><![CDATA[2018-09-25 18:44:23 - [TEST_CASE][PASSED] - Test Cases/nc_cp_login_test: Test Cases/nc_cp_login_test

2018-09-25 18:44:23 - [TEST_STEP][PASSED] - openBrowser: Browser is opened with url: 'https://indyspain.netcourier.net/metafour-auth/authenticate?appId=clon&accessCode=&continue=/online/authenticated'

2018-09-25 18:44:28 - [MESSAGE][PASSED] - Browser is opened with url: 'https://indyspain.netcourier.net/metafour-auth/authenticate?appId=clon&accessCode=&continue=/online/authenticated'

2018-09-25 18:44:28 - [TEST_STEP][PASSED] - navigateToUrl: Navigate to 'https://indyspain.netcourier.net/metafour-auth/authenticate?appId=clon&accessCode=&continue=/online/authenticated' successfully

2018-09-25 18:44:28 - [MESSAGE][PASSED] - Navigate to 'https://indyspain.netcourier.net/metafour-auth/authenticate?appId=clon&accessCode=&continue=/online/authenticated' successfully

2018-09-25 18:44:28 - [TEST_STEP][PASSED] - setText: Text 'dummy' is set on object 'Object Repository/Page_Metafour User Login/input_Login_access_code'

2018-09-25 18:44:28 - [MESSAGE][PASSED] - Text 'dummy' is set on object 'Object Repository/Page_Metafour User Login/input_Login_access_code'

2018-09-25 18:44:28 - [TEST_STEP][PASSED] - setText: Text 'clon' is set on object 'Object Repository/Page_Metafour User Login/input_Login_login'

2018-09-25 18:44:28 - [MESSAGE][PASSED] - Text 'clon' is set on object 'Object Repository/Page_Metafour User Login/input_Login_login'

2018-09-25 18:44:28 - [TEST_STEP][PASSED] - setText: Text 'clon' is set on object 'Object Repository/Page_Metafour User Login/input_Login_j_password'

2018-09-25 18:44:28 - [MESSAGE][PASSED] - Text 'clon' is set on object 'Object Repository/Page_Metafour User Login/input_Login_j_password'

2018-09-25 18:44:28 - [TEST_STEP][PASSED] - click: Object: 'Object Repository/Page_Metafour User Login/button_Sign in' is clicked on

2018-09-25 18:44:32 - [MESSAGE][PASSED] - Object: 'Object Repository/Page_Metafour User Login/button_Sign in' is clicked on

2018-09-25 18:44:32 - [TEST_STEP][PASSED] - delay: Delayed 3 second(s)

2018-09-25 18:44:35 - [MESSAGE][PASSED] - Delayed 3 second(s)

2018-09-25 18:44:35 - [TEST_STEP][PASSED] - verifyElementNotPresent: Web element with id: 'Object Repository/Page_Metafour User Login/div_Sorry login failed' located by 'By.xpath: //div[@id='customerrormessagediv']' is not present after '30' second(s)

2018-09-25 18:44:35 - [MESSAGE][WARNING] - Timeout '0' is invalid. Using default page load timeout: '30'

2018-09-25 18:44:35 - [MESSAGE][PASSED] - Web element with id: 'Object Repository/Page_Metafour User Login/div_Sorry login failed' located by 'By.xpath: //div[@id='customerrormessagediv']' is not present after '30' second(s)

2018-09-25 18:44:35 - [TEST_STEP][PASSED] - closeBrowser: Browser is closed

2018-09-25 18:44:36 - [MESSAGE][PASSED] - Browser is closed]]></system-out>
         <system-err><![CDATA[]]></system-err>
      </testcase>
      <testcase name="Test Cases/nc_cp_login_test" classname="Test Cases/nc_cp_login_test" status="PASSED">
         <system-out><![CDATA[2018-09-25 18:44:36 - [TEST_CASE][PASSED] - Test Cases/nc_cp_login_test: Test Cases/nc_cp_login_test

2018-09-25 18:44:36 - [TEST_STEP][PASSED] - openBrowser: Browser is opened with url: 'https://icc.netcourier.net/metafour-auth/authenticate?appId=clon&accessCode=&continue=/online/authenticated'

2018-09-25 18:44:41 - [MESSAGE][PASSED] - Browser is opened with url: 'https://icc.netcourier.net/metafour-auth/authenticate?appId=clon&accessCode=&continue=/online/authenticated'

2018-09-25 18:44:41 - [TEST_STEP][PASSED] - navigateToUrl: Navigate to 'https://icc.netcourier.net/metafour-auth/authenticate?appId=clon&accessCode=&continue=/online/authenticated' successfully

2018-09-25 18:44:41 - [MESSAGE][PASSED] - Navigate to 'https://icc.netcourier.net/metafour-auth/authenticate?appId=clon&accessCode=&continue=/online/authenticated' successfully

2018-09-25 18:44:41 - [TEST_STEP][PASSED] - setText: Text 'dummy' is set on object 'Object Repository/Page_Metafour User Login/input_Login_access_code'

2018-09-25 18:44:41 - [MESSAGE][PASSED] - Text 'dummy' is set on object 'Object Repository/Page_Metafour User Login/input_Login_access_code'

2018-09-25 18:44:41 - [TEST_STEP][PASSED] - setText: Text 'clon' is set on object 'Object Repository/Page_Metafour User Login/input_Login_login'

2018-09-25 18:44:41 - [MESSAGE][PASSED] - Text 'clon' is set on object 'Object Repository/Page_Metafour User Login/input_Login_login'

2018-09-25 18:44:41 - [TEST_STEP][PASSED] - setText: Text 'clon' is set on object 'Object Repository/Page_Metafour User Login/input_Login_j_password'

2018-09-25 18:44:41 - [MESSAGE][PASSED] - Text 'clon' is set on object 'Object Repository/Page_Metafour User Login/input_Login_j_password'

2018-09-25 18:44:41 - [TEST_STEP][PASSED] - click: Object: 'Object Repository/Page_Metafour User Login/button_Sign in' is clicked on

2018-09-25 18:44:45 - [MESSAGE][PASSED] - Object: 'Object Repository/Page_Metafour User Login/button_Sign in' is clicked on

2018-09-25 18:44:45 - [TEST_STEP][PASSED] - delay: Delayed 3 second(s)

2018-09-25 18:44:48 - [MESSAGE][PASSED] - Delayed 3 second(s)

2018-09-25 18:44:48 - [TEST_STEP][PASSED] - verifyElementNotPresent: Web element with id: 'Object Repository/Page_Metafour User Login/div_Sorry login failed' located by 'By.xpath: //div[@id='customerrormessagediv']' is not present after '30' second(s)

2018-09-25 18:44:48 - [MESSAGE][WARNING] - Timeout '0' is invalid. Using default page load timeout: '30'

2018-09-25 18:44:48 - [MESSAGE][PASSED] - Web element with id: 'Object Repository/Page_Metafour User Login/div_Sorry login failed' located by 'By.xpath: //div[@id='customerrormessagediv']' is not present after '30' second(s)

2018-09-25 18:44:48 - [TEST_STEP][PASSED] - closeBrowser: Browser is closed

2018-09-25 18:44:48 - [MESSAGE][PASSED] - Browser is closed]]></system-out>
         <system-err><![CDATA[]]></system-err>
      </testcase>
      <testcase name="Test Cases/nc_cp_login_test" classname="Test Cases/nc_cp_login_test" status="PASSED">
         <system-out><![CDATA[2018-09-25 18:44:48 - [TEST_CASE][PASSED] - Test Cases/nc_cp_login_test: Test Cases/nc_cp_login_test

2018-09-25 18:44:48 - [TEST_STEP][PASSED] - openBrowser: Browser is opened with url: 'https://ilg.netcourier.net/metafour-auth/authenticate?appId=clon&accessCode=&continue=/online/authenticated'

2018-09-25 18:44:54 - [MESSAGE][PASSED] - Browser is opened with url: 'https://ilg.netcourier.net/metafour-auth/authenticate?appId=clon&accessCode=&continue=/online/authenticated'

2018-09-25 18:44:54 - [TEST_STEP][PASSED] - navigateToUrl: Navigate to 'https://ilg.netcourier.net/metafour-auth/authenticate?appId=clon&accessCode=&continue=/online/authenticated' successfully

2018-09-25 18:44:55 - [MESSAGE][PASSED] - Navigate to 'https://ilg.netcourier.net/metafour-auth/authenticate?appId=clon&accessCode=&continue=/online/authenticated' successfully

2018-09-25 18:44:55 - [TEST_STEP][PASSED] - setText: Text 'M4' is set on object 'Object Repository/Page_Metafour User Login/input_Login_access_code'

2018-09-25 18:44:55 - [MESSAGE][PASSED] - Text 'M4' is set on object 'Object Repository/Page_Metafour User Login/input_Login_access_code'

2018-09-25 18:44:55 - [TEST_STEP][PASSED] - setText: Text 'clon' is set on object 'Object Repository/Page_Metafour User Login/input_Login_login'

2018-09-25 18:44:55 - [MESSAGE][PASSED] - Text 'clon' is set on object 'Object Repository/Page_Metafour User Login/input_Login_login'

2018-09-25 18:44:55 - [TEST_STEP][PASSED] - setText: Text 'clon' is set on object 'Object Repository/Page_Metafour User Login/input_Login_j_password'

2018-09-25 18:44:55 - [MESSAGE][PASSED] - Text 'clon' is set on object 'Object Repository/Page_Metafour User Login/input_Login_j_password'

2018-09-25 18:44:55 - [TEST_STEP][PASSED] - click: Object: 'Object Repository/Page_Metafour User Login/button_Sign in' is clicked on

2018-09-25 18:44:59 - [MESSAGE][PASSED] - Object: 'Object Repository/Page_Metafour User Login/button_Sign in' is clicked on

2018-09-25 18:44:59 - [TEST_STEP][PASSED] - delay: Delayed 3 second(s)

2018-09-25 18:45:02 - [MESSAGE][PASSED] - Delayed 3 second(s)

2018-09-25 18:45:02 - [TEST_STEP][PASSED] - verifyElementNotPresent: Web element with id: 'Object Repository/Page_Metafour User Login/div_Sorry login failed' located by 'By.xpath: //div[@id='customerrormessagediv']' is not present after '30' second(s)

2018-09-25 18:45:02 - [MESSAGE][WARNING] - Timeout '0' is invalid. Using default page load timeout: '30'

2018-09-25 18:45:02 - [MESSAGE][PASSED] - Web element with id: 'Object Repository/Page_Metafour User Login/div_Sorry login failed' located by 'By.xpath: //div[@id='customerrormessagediv']' is not present after '30' second(s)

2018-09-25 18:45:02 - [TEST_STEP][PASSED] - closeBrowser: Browser is closed

2018-09-25 18:45:02 - [MESSAGE][PASSED] - Browser is closed]]></system-out>
         <system-err><![CDATA[]]></system-err>
      </testcase>
      <testcase name="Test Cases/nc_cp_login_test" classname="Test Cases/nc_cp_login_test" status="PASSED">
         <system-out><![CDATA[2018-09-25 18:45:02 - [TEST_CASE][PASSED] - Test Cases/nc_cp_login_test: Test Cases/nc_cp_login_test

2018-09-25 18:45:02 - [TEST_STEP][PASSED] - openBrowser: Browser is opened with url: 'https://itd.netcourier.net/metafour-auth/authenticate?appId=clon&accessCode=&continue=/online/authenticated'

2018-09-25 18:45:09 - [MESSAGE][PASSED] - Browser is opened with url: 'https://itd.netcourier.net/metafour-auth/authenticate?appId=clon&accessCode=&continue=/online/authenticated'

2018-09-25 18:45:09 - [TEST_STEP][PASSED] - navigateToUrl: Navigate to 'https://itd.netcourier.net/metafour-auth/authenticate?appId=clon&accessCode=&continue=/online/authenticated' successfully

2018-09-25 18:45:11 - [MESSAGE][PASSED] - Navigate to 'https://itd.netcourier.net/metafour-auth/authenticate?appId=clon&accessCode=&continue=/online/authenticated' successfully

2018-09-25 18:45:11 - [TEST_STEP][PASSED] - setText: Text 'dummy' is set on object 'Object Repository/Page_Metafour User Login/input_Login_access_code'

2018-09-25 18:45:11 - [MESSAGE][PASSED] - Text 'dummy' is set on object 'Object Repository/Page_Metafour User Login/input_Login_access_code'

2018-09-25 18:45:11 - [TEST_STEP][PASSED] - setText: Text 'clon' is set on object 'Object Repository/Page_Metafour User Login/input_Login_login'

2018-09-25 18:45:12 - [MESSAGE][PASSED] - Text 'clon' is set on object 'Object Repository/Page_Metafour User Login/input_Login_login'

2018-09-25 18:45:12 - [TEST_STEP][PASSED] - setText: Text 'clon' is set on object 'Object Repository/Page_Metafour User Login/input_Login_j_password'

2018-09-25 18:45:12 - [MESSAGE][PASSED] - Text 'clon' is set on object 'Object Repository/Page_Metafour User Login/input_Login_j_password'

2018-09-25 18:45:12 - [TEST_STEP][PASSED] - click: Object: 'Object Repository/Page_Metafour User Login/button_Sign in' is clicked on

2018-09-25 18:45:19 - [MESSAGE][PASSED] - Object: 'Object Repository/Page_Metafour User Login/button_Sign in' is clicked on

2018-09-25 18:45:19 - [TEST_STEP][PASSED] - delay: Delayed 3 second(s)

2018-09-25 18:45:22 - [MESSAGE][PASSED] - Delayed 3 second(s)

2018-09-25 18:45:22 - [TEST_STEP][PASSED] - verifyElementNotPresent: Web element with id: 'Object Repository/Page_Metafour User Login/div_Sorry login failed' located by 'By.xpath: //div[@id='customerrormessagediv']' is not present after '30' second(s)

2018-09-25 18:45:22 - [MESSAGE][WARNING] - Timeout '0' is invalid. Using default page load timeout: '30'

2018-09-25 18:45:22 - [MESSAGE][PASSED] - Web element with id: 'Object Repository/Page_Metafour User Login/div_Sorry login failed' located by 'By.xpath: //div[@id='customerrormessagediv']' is not present after '30' second(s)

2018-09-25 18:45:22 - [TEST_STEP][PASSED] - closeBrowser: Browser is closed

2018-09-25 18:45:23 - [MESSAGE][PASSED] - Browser is closed]]></system-out>
         <system-err><![CDATA[]]></system-err>
      </testcase>
      <testcase name="Test Cases/nc_cp_login_test" classname="Test Cases/nc_cp_login_test" status="PASSED">
         <system-out><![CDATA[2018-09-25 18:45:23 - [TEST_CASE][PASSED] - Test Cases/nc_cp_login_test: Test Cases/nc_cp_login_test

2018-09-25 18:45:23 - [TEST_STEP][PASSED] - openBrowser: Browser is opened with url: 'https://menzies.netcourier.net/metafour-auth/authenticate?appId=clon&accessCode=&continue=/online/authenticated'

2018-09-25 18:45:28 - [MESSAGE][PASSED] - Browser is opened with url: 'https://menzies.netcourier.net/metafour-auth/authenticate?appId=clon&accessCode=&continue=/online/authenticated'

2018-09-25 18:45:28 - [TEST_STEP][PASSED] - navigateToUrl: Navigate to 'https://menzies.netcourier.net/metafour-auth/authenticate?appId=clon&accessCode=&continue=/online/authenticated' successfully

2018-09-25 18:45:28 - [MESSAGE][PASSED] - Navigate to 'https://menzies.netcourier.net/metafour-auth/authenticate?appId=clon&accessCode=&continue=/online/authenticated' successfully

2018-09-25 18:45:28 - [TEST_STEP][PASSED] - setText: Text 'M4' is set on object 'Object Repository/Page_Metafour User Login/input_Login_access_code'

2018-09-25 18:45:28 - [MESSAGE][PASSED] - Text 'M4' is set on object 'Object Repository/Page_Metafour User Login/input_Login_access_code'

2018-09-25 18:45:28 - [TEST_STEP][PASSED] - setText: Text 'clon' is set on object 'Object Repository/Page_Metafour User Login/input_Login_login'

2018-09-25 18:45:29 - [MESSAGE][PASSED] - Text 'clon' is set on object 'Object Repository/Page_Metafour User Login/input_Login_login'

2018-09-25 18:45:29 - [TEST_STEP][PASSED] - setText: Text 'clon' is set on object 'Object Repository/Page_Metafour User Login/input_Login_j_password'

2018-09-25 18:45:29 - [MESSAGE][PASSED] - Text 'clon' is set on object 'Object Repository/Page_Metafour User Login/input_Login_j_password'

2018-09-25 18:45:29 - [TEST_STEP][PASSED] - click: Object: 'Object Repository/Page_Metafour User Login/button_Sign in' is clicked on

2018-09-25 18:45:32 - [MESSAGE][PASSED] - Object: 'Object Repository/Page_Metafour User Login/button_Sign in' is clicked on

2018-09-25 18:45:32 - [TEST_STEP][PASSED] - delay: Delayed 3 second(s)

2018-09-25 18:45:35 - [MESSAGE][PASSED] - Delayed 3 second(s)

2018-09-25 18:45:35 - [TEST_STEP][PASSED] - verifyElementNotPresent: Web element with id: 'Object Repository/Page_Metafour User Login/div_Sorry login failed' located by 'By.xpath: //div[@id='customerrormessagediv']' is not present after '30' second(s)

2018-09-25 18:45:35 - [MESSAGE][WARNING] - Timeout '0' is invalid. Using default page load timeout: '30'

2018-09-25 18:45:35 - [MESSAGE][PASSED] - Web element with id: 'Object Repository/Page_Metafour User Login/div_Sorry login failed' located by 'By.xpath: //div[@id='customerrormessagediv']' is not present after '30' second(s)

2018-09-25 18:45:35 - [TEST_STEP][PASSED] - closeBrowser: Browser is closed

2018-09-25 18:45:36 - [MESSAGE][PASSED] - Browser is closed]]></system-out>
         <system-err><![CDATA[]]></system-err>
      </testcase>
      <testcase name="Test Cases/nc_cp_login_test" classname="Test Cases/nc_cp_login_test" status="PASSED">
         <system-out><![CDATA[2018-09-25 18:45:36 - [TEST_CASE][PASSED] - Test Cases/nc_cp_login_test: Test Cases/nc_cp_login_test

2018-09-25 18:45:36 - [TEST_STEP][PASSED] - openBrowser: Browser is opened with url: 'http://msk.m4.net/metafour-auth/authenticate?appId=clon&accessCode=&continue=/online/authenticated'

2018-09-25 18:45:41 - [MESSAGE][PASSED] - Browser is opened with url: 'http://msk.m4.net/metafour-auth/authenticate?appId=clon&accessCode=&continue=/online/authenticated'

2018-09-25 18:45:41 - [TEST_STEP][PASSED] - navigateToUrl: Navigate to 'http://msk.m4.net/metafour-auth/authenticate?appId=clon&accessCode=&continue=/online/authenticated' successfully

2018-09-25 18:45:42 - [MESSAGE][PASSED] - Navigate to 'http://msk.m4.net/metafour-auth/authenticate?appId=clon&accessCode=&continue=/online/authenticated' successfully

2018-09-25 18:45:42 - [TEST_STEP][PASSED] - setText: Text 'dummy' is set on object 'Object Repository/Page_Metafour User Login/input_Login_access_code'

2018-09-25 18:45:42 - [MESSAGE][PASSED] - Text 'dummy' is set on object 'Object Repository/Page_Metafour User Login/input_Login_access_code'

2018-09-25 18:45:42 - [TEST_STEP][PASSED] - setText: Text 'clon' is set on object 'Object Repository/Page_Metafour User Login/input_Login_login'

2018-09-25 18:45:42 - [MESSAGE][PASSED] - Text 'clon' is set on object 'Object Repository/Page_Metafour User Login/input_Login_login'

2018-09-25 18:45:42 - [TEST_STEP][PASSED] - setText: Text 'clon' is set on object 'Object Repository/Page_Metafour User Login/input_Login_j_password'

2018-09-25 18:45:42 - [MESSAGE][PASSED] - Text 'clon' is set on object 'Object Repository/Page_Metafour User Login/input_Login_j_password'

2018-09-25 18:45:42 - [TEST_STEP][PASSED] - click: Object: 'Object Repository/Page_Metafour User Login/button_Sign in' is clicked on

2018-09-25 18:45:45 - [MESSAGE][PASSED] - Object: 'Object Repository/Page_Metafour User Login/button_Sign in' is clicked on

2018-09-25 18:45:45 - [TEST_STEP][PASSED] - delay: Delayed 3 second(s)

2018-09-25 18:45:48 - [MESSAGE][PASSED] - Delayed 3 second(s)

2018-09-25 18:45:48 - [TEST_STEP][PASSED] - verifyElementNotPresent: Web element with id: 'Object Repository/Page_Metafour User Login/div_Sorry login failed' located by 'By.xpath: //div[@id='customerrormessagediv']' is not present after '30' second(s)

2018-09-25 18:45:48 - [MESSAGE][WARNING] - Timeout '0' is invalid. Using default page load timeout: '30'

2018-09-25 18:45:48 - [MESSAGE][PASSED] - Web element with id: 'Object Repository/Page_Metafour User Login/div_Sorry login failed' located by 'By.xpath: //div[@id='customerrormessagediv']' is not present after '30' second(s)

2018-09-25 18:45:48 - [TEST_STEP][PASSED] - closeBrowser: Browser is closed

2018-09-25 18:45:49 - [MESSAGE][PASSED] - Browser is closed]]></system-out>
         <system-err><![CDATA[]]></system-err>
      </testcase>
      <testcase name="Test Cases/nc_cp_login_test" classname="Test Cases/nc_cp_login_test" status="PASSED">
         <system-out><![CDATA[2018-09-25 18:45:49 - [TEST_CASE][PASSED] - Test Cases/nc_cp_login_test: Test Cases/nc_cp_login_test

2018-09-25 18:45:49 - [TEST_STEP][PASSED] - openBrowser: Browser is opened with url: 'http://nexus.metafour.com/metafour-auth/authenticate?appId=clon&accessCode=&continue=/online/authenticated/'

2018-09-25 18:45:53 - [MESSAGE][PASSED] - Browser is opened with url: 'http://nexus.metafour.com/metafour-auth/authenticate?appId=clon&accessCode=&continue=/online/authenticated/'

2018-09-25 18:45:53 - [TEST_STEP][PASSED] - navigateToUrl: Navigate to 'http://nexus.metafour.com/metafour-auth/authenticate?appId=clon&accessCode=&continue=/online/authenticated/' successfully

2018-09-25 18:45:54 - [MESSAGE][PASSED] - Navigate to 'http://nexus.metafour.com/metafour-auth/authenticate?appId=clon&accessCode=&continue=/online/authenticated/' successfully

2018-09-25 18:45:54 - [TEST_STEP][PASSED] - setText: Text 'dummy' is set on object 'Object Repository/Page_Metafour User Login/input_Login_access_code'

2018-09-25 18:45:54 - [MESSAGE][PASSED] - Text 'dummy' is set on object 'Object Repository/Page_Metafour User Login/input_Login_access_code'

2018-09-25 18:45:54 - [TEST_STEP][PASSED] - setText: Text 'clon' is set on object 'Object Repository/Page_Metafour User Login/input_Login_login'

2018-09-25 18:45:54 - [MESSAGE][PASSED] - Text 'clon' is set on object 'Object Repository/Page_Metafour User Login/input_Login_login'

2018-09-25 18:45:54 - [TEST_STEP][PASSED] - setText: Text 'clon' is set on object 'Object Repository/Page_Metafour User Login/input_Login_j_password'

2018-09-25 18:45:54 - [MESSAGE][PASSED] - Text 'clon' is set on object 'Object Repository/Page_Metafour User Login/input_Login_j_password'

2018-09-25 18:45:54 - [TEST_STEP][PASSED] - click: Object: 'Object Repository/Page_Metafour User Login/button_Sign in' is clicked on

2018-09-25 18:45:56 - [MESSAGE][PASSED] - Object: 'Object Repository/Page_Metafour User Login/button_Sign in' is clicked on

2018-09-25 18:45:56 - [TEST_STEP][PASSED] - delay: Delayed 3 second(s)

2018-09-25 18:45:59 - [MESSAGE][PASSED] - Delayed 3 second(s)

2018-09-25 18:45:59 - [TEST_STEP][PASSED] - verifyElementNotPresent: Web element with id: 'Object Repository/Page_Metafour User Login/div_Sorry login failed' located by 'By.xpath: //div[@id='customerrormessagediv']' is not present after '30' second(s)

2018-09-25 18:45:59 - [MESSAGE][WARNING] - Timeout '0' is invalid. Using default page load timeout: '30'

2018-09-25 18:45:59 - [MESSAGE][PASSED] - Web element with id: 'Object Repository/Page_Metafour User Login/div_Sorry login failed' located by 'By.xpath: //div[@id='customerrormessagediv']' is not present after '30' second(s)

2018-09-25 18:45:59 - [TEST_STEP][PASSED] - closeBrowser: Browser is closed

2018-09-25 18:46:00 - [MESSAGE][PASSED] - Browser is closed]]></system-out>
         <system-err><![CDATA[]]></system-err>
      </testcase>
      <testcase name="Test Cases/nc_cp_login_test" classname="Test Cases/nc_cp_login_test" status="PASSED">
         <system-out><![CDATA[2018-09-25 18:46:00 - [TEST_CASE][PASSED] - Test Cases/nc_cp_login_test: Test Cases/nc_cp_login_test

2018-09-25 18:46:00 - [TEST_STEP][PASSED] - openBrowser: Browser is opened with url: 'https://precision.netcourier.net/metafour-auth/authenticate?appId=clon&accessCode=&continue=/online/authenticated'

2018-09-25 18:46:05 - [MESSAGE][PASSED] - Browser is opened with url: 'https://precision.netcourier.net/metafour-auth/authenticate?appId=clon&accessCode=&continue=/online/authenticated'

2018-09-25 18:46:05 - [TEST_STEP][PASSED] - navigateToUrl: Navigate to 'https://precision.netcourier.net/metafour-auth/authenticate?appId=clon&accessCode=&continue=/online/authenticated' successfully

2018-09-25 18:46:05 - [MESSAGE][PASSED] - Navigate to 'https://precision.netcourier.net/metafour-auth/authenticate?appId=clon&accessCode=&continue=/online/authenticated' successfully

2018-09-25 18:46:05 - [TEST_STEP][PASSED] - setText: Text 'dummy' is set on object 'Object Repository/Page_Metafour User Login/input_Login_access_code'

2018-09-25 18:46:05 - [MESSAGE][PASSED] - Text 'dummy' is set on object 'Object Repository/Page_Metafour User Login/input_Login_access_code'

2018-09-25 18:46:05 - [TEST_STEP][PASSED] - setText: Text 'clon' is set on object 'Object Repository/Page_Metafour User Login/input_Login_login'

2018-09-25 18:46:05 - [MESSAGE][PASSED] - Text 'clon' is set on object 'Object Repository/Page_Metafour User Login/input_Login_login'

2018-09-25 18:46:05 - [TEST_STEP][PASSED] - setText: Text 'clon' is set on object 'Object Repository/Page_Metafour User Login/input_Login_j_password'

2018-09-25 18:46:05 - [MESSAGE][PASSED] - Text 'clon' is set on object 'Object Repository/Page_Metafour User Login/input_Login_j_password'

2018-09-25 18:46:05 - [TEST_STEP][PASSED] - click: Object: 'Object Repository/Page_Metafour User Login/button_Sign in' is clicked on

2018-09-25 18:46:09 - [MESSAGE][PASSED] - Object: 'Object Repository/Page_Metafour User Login/button_Sign in' is clicked on

2018-09-25 18:46:09 - [TEST_STEP][PASSED] - delay: Delayed 3 second(s)

2018-09-25 18:46:12 - [MESSAGE][PASSED] - Delayed 3 second(s)

2018-09-25 18:46:12 - [TEST_STEP][PASSED] - verifyElementNotPresent: Web element with id: 'Object Repository/Page_Metafour User Login/div_Sorry login failed' located by 'By.xpath: //div[@id='customerrormessagediv']' is not present after '30' second(s)

2018-09-25 18:46:12 - [MESSAGE][WARNING] - Timeout '0' is invalid. Using default page load timeout: '30'

2018-09-25 18:46:12 - [MESSAGE][PASSED] - Web element with id: 'Object Repository/Page_Metafour User Login/div_Sorry login failed' located by 'By.xpath: //div[@id='customerrormessagediv']' is not present after '30' second(s)

2018-09-25 18:46:12 - [TEST_STEP][PASSED] - closeBrowser: Browser is closed

2018-09-25 18:46:12 - [MESSAGE][PASSED] - Browser is closed]]></system-out>
         <system-err><![CDATA[]]></system-err>
      </testcase>
      <testcase name="Test Cases/nc_cp_login_test" classname="Test Cases/nc_cp_login_test" status="PASSED">
         <system-out><![CDATA[2018-09-25 18:46:12 - [TEST_CASE][PASSED] - Test Cases/nc_cp_login_test: Test Cases/nc_cp_login_test

2018-09-25 18:46:12 - [TEST_STEP][PASSED] - openBrowser: Browser is opened with url: 'http://santis.m4.net/metafour-auth/authenticate?appId=clon&accessCode=&continue=/online/authenticated'

2018-09-25 18:46:18 - [MESSAGE][PASSED] - Browser is opened with url: 'http://santis.m4.net/metafour-auth/authenticate?appId=clon&accessCode=&continue=/online/authenticated'

2018-09-25 18:46:18 - [TEST_STEP][PASSED] - navigateToUrl: Navigate to 'http://santis.m4.net/metafour-auth/authenticate?appId=clon&accessCode=&continue=/online/authenticated' successfully

2018-09-25 18:46:18 - [MESSAGE][PASSED] - Navigate to 'http://santis.m4.net/metafour-auth/authenticate?appId=clon&accessCode=&continue=/online/authenticated' successfully

2018-09-25 18:46:18 - [TEST_STEP][PASSED] - setText: Text 'dummy' is set on object 'Object Repository/Page_Metafour User Login/input_Login_access_code'

2018-09-25 18:46:19 - [MESSAGE][PASSED] - Text 'dummy' is set on object 'Object Repository/Page_Metafour User Login/input_Login_access_code'

2018-09-25 18:46:19 - [TEST_STEP][PASSED] - setText: Text 'clon' is set on object 'Object Repository/Page_Metafour User Login/input_Login_login'

2018-09-25 18:46:19 - [MESSAGE][PASSED] - Text 'clon' is set on object 'Object Repository/Page_Metafour User Login/input_Login_login'

2018-09-25 18:46:19 - [TEST_STEP][PASSED] - setText: Text 'clon' is set on object 'Object Repository/Page_Metafour User Login/input_Login_j_password'

2018-09-25 18:46:19 - [MESSAGE][PASSED] - Text 'clon' is set on object 'Object Repository/Page_Metafour User Login/input_Login_j_password'

2018-09-25 18:46:19 - [TEST_STEP][PASSED] - click: Object: 'Object Repository/Page_Metafour User Login/button_Sign in' is clicked on

2018-09-25 18:46:22 - [MESSAGE][PASSED] - Object: 'Object Repository/Page_Metafour User Login/button_Sign in' is clicked on

2018-09-25 18:46:22 - [TEST_STEP][PASSED] - delay: Delayed 3 second(s)

2018-09-25 18:46:25 - [MESSAGE][PASSED] - Delayed 3 second(s)

2018-09-25 18:46:25 - [TEST_STEP][PASSED] - verifyElementNotPresent: Web element with id: 'Object Repository/Page_Metafour User Login/div_Sorry login failed' located by 'By.xpath: //div[@id='customerrormessagediv']' is not present after '30' second(s)

2018-09-25 18:46:25 - [MESSAGE][WARNING] - Timeout '0' is invalid. Using default page load timeout: '30'

2018-09-25 18:46:25 - [MESSAGE][PASSED] - Web element with id: 'Object Repository/Page_Metafour User Login/div_Sorry login failed' located by 'By.xpath: //div[@id='customerrormessagediv']' is not present after '30' second(s)

2018-09-25 18:46:25 - [TEST_STEP][PASSED] - closeBrowser: Browser is closed

2018-09-25 18:46:26 - [MESSAGE][PASSED] - Browser is closed]]></system-out>
         <system-err><![CDATA[]]></system-err>
      </testcase>
      <testcase name="Test Cases/nc_cp_login_test" classname="Test Cases/nc_cp_login_test" status="PASSED">
         <system-out><![CDATA[2018-09-25 18:46:26 - [TEST_CASE][PASSED] - Test Cases/nc_cp_login_test: Test Cases/nc_cp_login_test

2018-09-25 18:46:26 - [TEST_STEP][PASSED] - openBrowser: Browser is opened with url: 'https://snr.netcourier.net/metafour-auth/authenticate?appId=clon&accessCode=&continue=/online/authenticated'

2018-09-25 18:46:31 - [MESSAGE][PASSED] - Browser is opened with url: 'https://snr.netcourier.net/metafour-auth/authenticate?appId=clon&accessCode=&continue=/online/authenticated'

2018-09-25 18:46:31 - [TEST_STEP][PASSED] - navigateToUrl: Navigate to 'https://snr.netcourier.net/metafour-auth/authenticate?appId=clon&accessCode=&continue=/online/authenticated' successfully

2018-09-25 18:46:31 - [MESSAGE][PASSED] - Navigate to 'https://snr.netcourier.net/metafour-auth/authenticate?appId=clon&accessCode=&continue=/online/authenticated' successfully

2018-09-25 18:46:31 - [TEST_STEP][PASSED] - setText: Text 'dummy' is set on object 'Object Repository/Page_Metafour User Login/input_Login_access_code'

2018-09-25 18:46:31 - [MESSAGE][PASSED] - Text 'dummy' is set on object 'Object Repository/Page_Metafour User Login/input_Login_access_code'

2018-09-25 18:46:31 - [TEST_STEP][PASSED] - setText: Text 'clon' is set on object 'Object Repository/Page_Metafour User Login/input_Login_login'

2018-09-25 18:46:31 - [MESSAGE][PASSED] - Text 'clon' is set on object 'Object Repository/Page_Metafour User Login/input_Login_login'

2018-09-25 18:46:31 - [TEST_STEP][PASSED] - setText: Text 'clon' is set on object 'Object Repository/Page_Metafour User Login/input_Login_j_password'

2018-09-25 18:46:31 - [MESSAGE][PASSED] - Text 'clon' is set on object 'Object Repository/Page_Metafour User Login/input_Login_j_password'

2018-09-25 18:46:31 - [TEST_STEP][PASSED] - click: Object: 'Object Repository/Page_Metafour User Login/button_Sign in' is clicked on

2018-09-25 18:46:36 - [MESSAGE][PASSED] - Object: 'Object Repository/Page_Metafour User Login/button_Sign in' is clicked on

2018-09-25 18:46:36 - [TEST_STEP][PASSED] - delay: Delayed 3 second(s)

2018-09-25 18:46:39 - [MESSAGE][PASSED] - Delayed 3 second(s)

2018-09-25 18:46:39 - [TEST_STEP][PASSED] - verifyElementNotPresent: Web element with id: 'Object Repository/Page_Metafour User Login/div_Sorry login failed' located by 'By.xpath: //div[@id='customerrormessagediv']' is not present after '30' second(s)

2018-09-25 18:46:39 - [MESSAGE][WARNING] - Timeout '0' is invalid. Using default page load timeout: '30'

2018-09-25 18:46:39 - [MESSAGE][PASSED] - Web element with id: 'Object Repository/Page_Metafour User Login/div_Sorry login failed' located by 'By.xpath: //div[@id='customerrormessagediv']' is not present after '30' second(s)

2018-09-25 18:46:39 - [TEST_STEP][PASSED] - closeBrowser: Browser is closed

2018-09-25 18:46:40 - [MESSAGE][PASSED] - Browser is closed]]></system-out>
         <system-err><![CDATA[]]></system-err>
      </testcase>
      <testcase name="Test Cases/nc_cp_login_test" classname="Test Cases/nc_cp_login_test" status="FAILED">
         <failure type="FAILED" message="(Stack trace: com.kms.katalon.core.exception.StepFailedException: Unable to verify object 'Object Repository/Page_Metafour User Login/div_Sorry login failed' is not present (Root cause: Web element with id: 'Object Repository/Page_Metafour User Login/div_Sorry login failed' located by 'By.xpath: //div[@id='customerrormessagediv']' is present after '30' second(s))
	at com.kms.katalon.core.keyword.internal.KeywordMain.stepFailed(KeywordMain.groovy:36)
	at com.kms.katalon.core.webui.keyword.internal.WebUIKeywordMain.stepFailed(WebUIKeywordMain.groovy:65)
	at com.kms.katalon.core.webui.keyword.internal.WebUIKeywordMain.runKeyword(WebUIKeywordMain.groovy:27)
	at com.kms.katalon.core.webui.keyword.builtin.VerifyElementNotPresentKeyword.verifyElementNotPresent(VerifyElementNotPresentKeyword.groovy:118)
	at com.kms.katalon.core.webui.keyword.builtin.VerifyElementNotPresentKeyword.execute(VerifyElementNotPresentKeyword.groovy:68)
	at com.kms.katalon.core.keyword.internal.KeywordExecutor.executeKeywordForPlatform(KeywordExecutor.groovy:53)
	at com.kms.katalon.core.webui.keyword.WebUiBuiltInKeywords.verifyElementNotPresent(WebUiBuiltInKeywords.groovy:1467)
	at com.kms.katalon.core.webui.keyword.WebUiBuiltInKeywords$verifyElementNotPresent$3.call(Unknown Source)
	at Script1537190043452.run(Script1537190043452.groovy:31)
	at com.kms.katalon.core.main.ScriptEngine.run(ScriptEngine.java:183)
	at com.kms.katalon.core.main.ScriptEngine.runScriptAsRawText(ScriptEngine.java:108)
	at com.kms.katalon.core.main.TestCaseExecutor.runScript(TestCaseExecutor.java:294)
	at com.kms.katalon.core.main.TestCaseExecutor.doExecute(TestCaseExecutor.java:285)
	at com.kms.katalon.core.main.TestCaseExecutor.processExecutionPhase(TestCaseExecutor.java:264)
	at com.kms.katalon.core.main.TestCaseExecutor.accessMainPhase(TestCaseExecutor.java:256)
	at com.kms.katalon.core.main.TestCaseExecutor.execute(TestCaseExecutor.java:200)
	at com.kms.katalon.core.main.TestSuiteExecutor.accessTestCaseMainPhase(TestSuiteExecutor.java:129)
	at com.kms.katalon.core.main.TestSuiteExecutor.accessTestSuiteMainPhase(TestSuiteExecutor.java:112)
	at com.kms.katalon.core.main.TestSuiteExecutor.execute(TestSuiteExecutor.java:81)
	at com.kms.katalon.core.main.TestCaseMain.startTestSuite(TestCaseMain.java:142)
	at com.kms.katalon.core.main.TestCaseMain$startTestSuite$0.call(Unknown Source)
	at org.codehaus.groovy.runtime.callsite.CallSiteArray.defaultCall(CallSiteArray.java:48)
	at org.codehaus.groovy.runtime.callsite.AbstractCallSite.call(AbstractCallSite.java:113)
	at org.codehaus.groovy.runtime.callsite.AbstractCallSite.call(AbstractCallSite.java:141)
	at TempTestSuite1537878892048.run(TempTestSuite1537878892048.groovy:36)
	at groovy.lang.GroovyShell.runScriptOrMainOrTestOrRunnable(GroovyShell.java:263)
	at groovy.lang.GroovyShell.run(GroovyShell.java:518)
	at groovy.lang.GroovyShell.run(GroovyShell.java:507)
	at groovy.ui.GroovyMain.processOnce(GroovyMain.java:653)
	at groovy.ui.GroovyMain.run(GroovyMain.java:384)
	at groovy.ui.GroovyMain.process(GroovyMain.java:370)
	at groovy.ui.GroovyMain.processArgs(GroovyMain.java:129)
	at groovy.ui.GroovyMain.main(GroovyMain.java:109)
	at sun.reflect.NativeMethodAccessorImpl.invoke0(Native Method)
	at sun.reflect.NativeMethodAccessorImpl.invoke(NativeMethodAccessorImpl.java:62)
	at sun.reflect.DelegatingMethodAccessorImpl.invoke(DelegatingMethodAccessorImpl.java:43)
	at java.lang.reflect.Method.invoke(Method.java:498)
	at org.codehaus.groovy.tools.GroovyStarter.rootLoader(GroovyStarter.java:109)
	at org.codehaus.groovy.tools.GroovyStarter.main(GroovyStarter.java:131)
)"/>
         <system-out><![CDATA[2018-09-25 18:46:40 - [TEST_CASE][FAILED] - Test Cases/nc_cp_login_test: Test Cases/nc_cp_login_test FAILED because (of) (Stack trace: com.kms.katalon.core.exception.StepFailedException: Unable to verify object 'Object Repository/Page_Metafour User Login/div_Sorry login failed' is not present (Root cause: Web element with id: 'Object Repository/Page_Metafour User Login/div_Sorry login failed' located by 'By.xpath: //div[@id='customerrormessagediv']' is present after '30' second(s))
	at com.kms.katalon.core.keyword.internal.KeywordMain.stepFailed(KeywordMain.groovy:36)
	at com.kms.katalon.core.webui.keyword.internal.WebUIKeywordMain.stepFailed(WebUIKeywordMain.groovy:65)
	at com.kms.katalon.core.webui.keyword.internal.WebUIKeywordMain.runKeyword(WebUIKeywordMain.groovy:27)
	at com.kms.katalon.core.webui.keyword.builtin.VerifyElementNotPresentKeyword.verifyElementNotPresent(VerifyElementNotPresentKeyword.groovy:118)
	at com.kms.katalon.core.webui.keyword.builtin.VerifyElementNotPresentKeyword.execute(VerifyElementNotPresentKeyword.groovy:68)
	at com.kms.katalon.core.keyword.internal.KeywordExecutor.executeKeywordForPlatform(KeywordExecutor.groovy:53)
	at com.kms.katalon.core.webui.keyword.WebUiBuiltInKeywords.verifyElementNotPresent(WebUiBuiltInKeywords.groovy:1467)
	at com.kms.katalon.core.webui.keyword.WebUiBuiltInKeywords$verifyElementNotPresent$3.call(Unknown Source)
	at Script1537190043452.run(Script1537190043452.groovy:31)
	at com.kms.katalon.core.main.ScriptEngine.run(ScriptEngine.java:183)
	at com.kms.katalon.core.main.ScriptEngine.runScriptAsRawText(ScriptEngine.java:108)
	at com.kms.katalon.core.main.TestCaseExecutor.runScript(TestCaseExecutor.java:294)
	at com.kms.katalon.core.main.TestCaseExecutor.doExecute(TestCaseExecutor.java:285)
	at com.kms.katalon.core.main.TestCaseExecutor.processExecutionPhase(TestCaseExecutor.java:264)
	at com.kms.katalon.core.main.TestCaseExecutor.accessMainPhase(TestCaseExecutor.java:256)
	at com.kms.katalon.core.main.TestCaseExecutor.execute(TestCaseExecutor.java:200)
	at com.kms.katalon.core.main.TestSuiteExecutor.accessTestCaseMainPhase(TestSuiteExecutor.java:129)
	at com.kms.katalon.core.main.TestSuiteExecutor.accessTestSuiteMainPhase(TestSuiteExecutor.java:112)
	at com.kms.katalon.core.main.TestSuiteExecutor.execute(TestSuiteExecutor.java:81)
	at com.kms.katalon.core.main.TestCaseMain.startTestSuite(TestCaseMain.java:142)
	at com.kms.katalon.core.main.TestCaseMain$startTestSuite$0.call(Unknown Source)
	at org.codehaus.groovy.runtime.callsite.CallSiteArray.defaultCall(CallSiteArray.java:48)
	at org.codehaus.groovy.runtime.callsite.AbstractCallSite.call(AbstractCallSite.java:113)
	at org.codehaus.groovy.runtime.callsite.AbstractCallSite.call(AbstractCallSite.java:141)
	at TempTestSuite1537878892048.run(TempTestSuite1537878892048.groovy:36)
	at groovy.lang.GroovyShell.runScriptOrMainOrTestOrRunnable(GroovyShell.java:263)
	at groovy.lang.GroovyShell.run(GroovyShell.java:518)
	at groovy.lang.GroovyShell.run(GroovyShell.java:507)
	at groovy.ui.GroovyMain.processOnce(GroovyMain.java:653)
	at groovy.ui.GroovyMain.run(GroovyMain.java:384)
	at groovy.ui.GroovyMain.process(GroovyMain.java:370)
	at groovy.ui.GroovyMain.processArgs(GroovyMain.java:129)
	at groovy.ui.GroovyMain.main(GroovyMain.java:109)
	at sun.reflect.NativeMethodAccessorImpl.invoke0(Native Method)
	at sun.reflect.NativeMethodAccessorImpl.invoke(NativeMethodAccessorImpl.java:62)
	at sun.reflect.DelegatingMethodAccessorImpl.invoke(DelegatingMethodAccessorImpl.java:43)
	at java.lang.reflect.Method.invoke(Method.java:498)
	at org.codehaus.groovy.tools.GroovyStarter.rootLoader(GroovyStarter.java:109)
	at org.codehaus.groovy.tools.GroovyStarter.main(GroovyStarter.java:131)
)

2018-09-25 18:46:40 - [TEST_STEP][PASSED] - openBrowser: Browser is opened with url: 'https://simplyparcel.netcourier.net/metafour-auth/authenticate?appId=clon&accessCode=&continue=/online/authenticated'

2018-09-25 18:46:45 - [MESSAGE][PASSED] - Browser is opened with url: 'https://simplyparcel.netcourier.net/metafour-auth/authenticate?appId=clon&accessCode=&continue=/online/authenticated'

2018-09-25 18:46:45 - [TEST_STEP][PASSED] - navigateToUrl: Navigate to 'https://simplyparcel.netcourier.net/metafour-auth/authenticate?appId=clon&accessCode=&continue=/online/authenticated' successfully

2018-09-25 18:46:46 - [MESSAGE][PASSED] - Navigate to 'https://simplyparcel.netcourier.net/metafour-auth/authenticate?appId=clon&accessCode=&continue=/online/authenticated' successfully

2018-09-25 18:46:46 - [TEST_STEP][PASSED] - setText: Text 'M4' is set on object 'Object Repository/Page_Metafour User Login/input_Login_access_code'

2018-09-25 18:46:46 - [MESSAGE][PASSED] - Text 'M4' is set on object 'Object Repository/Page_Metafour User Login/input_Login_access_code'

2018-09-25 18:46:46 - [TEST_STEP][PASSED] - setText: Text 'Jony' is set on object 'Object Repository/Page_Metafour User Login/input_Login_login'

2018-09-25 18:46:46 - [MESSAGE][PASSED] - Text 'Jony' is set on object 'Object Repository/Page_Metafour User Login/input_Login_login'

2018-09-25 18:46:46 - [TEST_STEP][PASSED] - setText: Text '1234' is set on object 'Object Repository/Page_Metafour User Login/input_Login_j_password'

2018-09-25 18:46:46 - [MESSAGE][PASSED] - Text '1234' is set on object 'Object Repository/Page_Metafour User Login/input_Login_j_password'

2018-09-25 18:46:46 - [TEST_STEP][PASSED] - click: Object: 'Object Repository/Page_Metafour User Login/button_Sign in' is clicked on

2018-09-25 18:46:47 - [MESSAGE][PASSED] - Object: 'Object Repository/Page_Metafour User Login/button_Sign in' is clicked on

2018-09-25 18:46:47 - [TEST_STEP][PASSED] - delay: Delayed 3 second(s)

2018-09-25 18:46:50 - [MESSAGE][PASSED] - Delayed 3 second(s)

2018-09-25 18:46:50 - [TEST_STEP][FAILED] - verifyElementNotPresent: Unable to verify object 'Object Repository/Page_Metafour User Login/div_Sorry login failed' is not present (Root cause: Web element with id: 'Object Repository/Page_Metafour User Login/div_Sorry login failed' located by 'By.xpath: //div[@id='customerrormessagediv']' is present after '30' second(s))

2018-09-25 18:46:50 - [MESSAGE][WARNING] - Timeout '0' is invalid. Using default page load timeout: '30'

2018-09-25 18:47:20 - [MESSAGE][FAILED] - Web element with id: 'Object Repository/Page_Metafour User Login/div_Sorry login failed' located by 'By.xpath: //div[@id='customerrormessagediv']' is present after '30' second(s)
[[ATTACHMENT|C:\\Users\\mazha\\Katalon Studio\\m4-monitoring\\Reports\\nc-cp-bo-login-test-suit\\20180925_183452\\1537879640381.png]]

2018-09-25 18:47:20 - [MESSAGE][FAILED] - Unable to verify object 'Object Repository/Page_Metafour User Login/div_Sorry login failed' is not present (Root cause: Web element with id: 'Object Repository/Page_Metafour User Login/div_Sorry login failed' located by 'By.xpath: //div[@id='customerrormessagediv']' is present after '30' second(s))
[[ATTACHMENT|C:\\Users\\mazha\\Katalon Studio\\m4-monitoring\\Reports\\nc-cp-bo-login-test-suit\\20180925_183452\\1537879640621.png]]]]></system-out>
         <system-err><![CDATA[2018-09-25 18:46:40 - [TEST_CASE][FAILED] - Test Cases/nc_cp_login_test: Test Cases/nc_cp_login_test FAILED because (of) (Stack trace: com.kms.katalon.core.exception.StepFailedException: Unable to verify object 'Object Repository/Page_Metafour User Login/div_Sorry login failed' is not present (Root cause: Web element with id: 'Object Repository/Page_Metafour User Login/div_Sorry login failed' located by 'By.xpath: //div[@id='customerrormessagediv']' is present after '30' second(s))
	at com.kms.katalon.core.keyword.internal.KeywordMain.stepFailed(KeywordMain.groovy:36)
	at com.kms.katalon.core.webui.keyword.internal.WebUIKeywordMain.stepFailed(WebUIKeywordMain.groovy:65)
	at com.kms.katalon.core.webui.keyword.internal.WebUIKeywordMain.runKeyword(WebUIKeywordMain.groovy:27)
	at com.kms.katalon.core.webui.keyword.builtin.VerifyElementNotPresentKeyword.verifyElementNotPresent(VerifyElementNotPresentKeyword.groovy:118)
	at com.kms.katalon.core.webui.keyword.builtin.VerifyElementNotPresentKeyword.execute(VerifyElementNotPresentKeyword.groovy:68)
	at com.kms.katalon.core.keyword.internal.KeywordExecutor.executeKeywordForPlatform(KeywordExecutor.groovy:53)
	at com.kms.katalon.core.webui.keyword.WebUiBuiltInKeywords.verifyElementNotPresent(WebUiBuiltInKeywords.groovy:1467)
	at com.kms.katalon.core.webui.keyword.WebUiBuiltInKeywords$verifyElementNotPresent$3.call(Unknown Source)
	at Script1537190043452.run(Script1537190043452.groovy:31)
	at com.kms.katalon.core.main.ScriptEngine.run(ScriptEngine.java:183)
	at com.kms.katalon.core.main.ScriptEngine.runScriptAsRawText(ScriptEngine.java:108)
	at com.kms.katalon.core.main.TestCaseExecutor.runScript(TestCaseExecutor.java:294)
	at com.kms.katalon.core.main.TestCaseExecutor.doExecute(TestCaseExecutor.java:285)
	at com.kms.katalon.core.main.TestCaseExecutor.processExecutionPhase(TestCaseExecutor.java:264)
	at com.kms.katalon.core.main.TestCaseExecutor.accessMainPhase(TestCaseExecutor.java:256)
	at com.kms.katalon.core.main.TestCaseExecutor.execute(TestCaseExecutor.java:200)
	at com.kms.katalon.core.main.TestSuiteExecutor.accessTestCaseMainPhase(TestSuiteExecutor.java:129)
	at com.kms.katalon.core.main.TestSuiteExecutor.accessTestSuiteMainPhase(TestSuiteExecutor.java:112)
	at com.kms.katalon.core.main.TestSuiteExecutor.execute(TestSuiteExecutor.java:81)
	at com.kms.katalon.core.main.TestCaseMain.startTestSuite(TestCaseMain.java:142)
	at com.kms.katalon.core.main.TestCaseMain$startTestSuite$0.call(Unknown Source)
	at org.codehaus.groovy.runtime.callsite.CallSiteArray.defaultCall(CallSiteArray.java:48)
	at org.codehaus.groovy.runtime.callsite.AbstractCallSite.call(AbstractCallSite.java:113)
	at org.codehaus.groovy.runtime.callsite.AbstractCallSite.call(AbstractCallSite.java:141)
	at TempTestSuite1537878892048.run(TempTestSuite1537878892048.groovy:36)
	at groovy.lang.GroovyShell.runScriptOrMainOrTestOrRunnable(GroovyShell.java:263)
	at groovy.lang.GroovyShell.run(GroovyShell.java:518)
	at groovy.lang.GroovyShell.run(GroovyShell.java:507)
	at groovy.ui.GroovyMain.processOnce(GroovyMain.java:653)
	at groovy.ui.GroovyMain.run(GroovyMain.java:384)
	at groovy.ui.GroovyMain.process(GroovyMain.java:370)
	at groovy.ui.GroovyMain.processArgs(GroovyMain.java:129)
	at groovy.ui.GroovyMain.main(GroovyMain.java:109)
	at sun.reflect.NativeMethodAccessorImpl.invoke0(Native Method)
	at sun.reflect.NativeMethodAccessorImpl.invoke(NativeMethodAccessorImpl.java:62)
	at sun.reflect.DelegatingMethodAccessorImpl.invoke(DelegatingMethodAccessorImpl.java:43)
	at java.lang.reflect.Method.invoke(Method.java:498)
	at org.codehaus.groovy.tools.GroovyStarter.rootLoader(GroovyStarter.java:109)
	at org.codehaus.groovy.tools.GroovyStarter.main(GroovyStarter.java:131)
)]]></system-err>
      </testcase>
      <testcase name="Test Cases/nc_cp_login_test" classname="Test Cases/nc_cp_login_test" status="PASSED">
         <system-out><![CDATA[2018-09-25 18:47:20 - [TEST_CASE][PASSED] - Test Cases/nc_cp_login_test: Test Cases/nc_cp_login_test

2018-09-25 18:47:20 - [TEST_STEP][PASSED] - openBrowser: Browser is opened with url: 'https://tcc.netcourier.net/metafour-auth/authenticate?appId=clon&accessCode=&continue=/online/authenticated'

2018-09-25 18:47:20 - [MESSAGE][WARNING] - A browser is already opened. Closing browser and opening a new one

2018-09-25 18:47:33 - [MESSAGE][PASSED] - Browser is opened with url: 'https://tcc.netcourier.net/metafour-auth/authenticate?appId=clon&accessCode=&continue=/online/authenticated'

2018-09-25 18:47:33 - [TEST_STEP][PASSED] - navigateToUrl: Navigate to 'https://tcc.netcourier.net/metafour-auth/authenticate?appId=clon&accessCode=&continue=/online/authenticated' successfully

2018-09-25 18:47:33 - [MESSAGE][PASSED] - Navigate to 'https://tcc.netcourier.net/metafour-auth/authenticate?appId=clon&accessCode=&continue=/online/authenticated' successfully

2018-09-25 18:47:33 - [TEST_STEP][PASSED] - setText: Text 'dummy2' is set on object 'Object Repository/Page_Metafour User Login/input_Login_access_code'

2018-09-25 18:47:33 - [MESSAGE][PASSED] - Text 'dummy2' is set on object 'Object Repository/Page_Metafour User Login/input_Login_access_code'

2018-09-25 18:47:33 - [TEST_STEP][PASSED] - setText: Text 'Hasan' is set on object 'Object Repository/Page_Metafour User Login/input_Login_login'

2018-09-25 18:47:33 - [MESSAGE][PASSED] - Text 'Hasan' is set on object 'Object Repository/Page_Metafour User Login/input_Login_login'

2018-09-25 18:47:33 - [TEST_STEP][PASSED] - setText: Text 'hasan' is set on object 'Object Repository/Page_Metafour User Login/input_Login_j_password'

2018-09-25 18:47:33 - [MESSAGE][PASSED] - Text 'hasan' is set on object 'Object Repository/Page_Metafour User Login/input_Login_j_password'

2018-09-25 18:47:33 - [TEST_STEP][PASSED] - click: Object: 'Object Repository/Page_Metafour User Login/button_Sign in' is clicked on

2018-09-25 18:47:37 - [MESSAGE][PASSED] - Object: 'Object Repository/Page_Metafour User Login/button_Sign in' is clicked on

2018-09-25 18:47:37 - [TEST_STEP][PASSED] - delay: Delayed 3 second(s)

2018-09-25 18:47:40 - [MESSAGE][PASSED] - Delayed 3 second(s)

2018-09-25 18:47:40 - [TEST_STEP][PASSED] - verifyElementNotPresent: Web element with id: 'Object Repository/Page_Metafour User Login/div_Sorry login failed' located by 'By.xpath: //div[@id='customerrormessagediv']' is not present after '30' second(s)

2018-09-25 18:47:40 - [MESSAGE][WARNING] - Timeout '0' is invalid. Using default page load timeout: '30'

2018-09-25 18:47:40 - [MESSAGE][PASSED] - Web element with id: 'Object Repository/Page_Metafour User Login/div_Sorry login failed' located by 'By.xpath: //div[@id='customerrormessagediv']' is not present after '30' second(s)

2018-09-25 18:47:40 - [TEST_STEP][PASSED] - closeBrowser: Browser is closed

2018-09-25 18:47:41 - [MESSAGE][PASSED] - Browser is closed]]></system-out>
         <system-err><![CDATA[]]></system-err>
      </testcase>
      <testcase name="Test Cases/nc_cp_login_test" classname="Test Cases/nc_cp_login_test" status="PASSED">
         <system-out><![CDATA[2018-09-25 18:47:41 - [TEST_CASE][PASSED] - Test Cases/nc_cp_login_test: Test Cases/nc_cp_login_test

2018-09-25 18:47:41 - [TEST_STEP][PASSED] - openBrowser: Browser is opened with url: 'https://shard.netcourier.net/metafour-auth/authenticate?appId=clon&accessCode=&continue=/online/authenticated'

2018-09-25 18:47:46 - [MESSAGE][PASSED] - Browser is opened with url: 'https://shard.netcourier.net/metafour-auth/authenticate?appId=clon&accessCode=&continue=/online/authenticated'

2018-09-25 18:47:46 - [TEST_STEP][PASSED] - navigateToUrl: Navigate to 'https://shard.netcourier.net/metafour-auth/authenticate?appId=clon&accessCode=&continue=/online/authenticated' successfully

2018-09-25 18:47:46 - [MESSAGE][PASSED] - Navigate to 'https://shard.netcourier.net/metafour-auth/authenticate?appId=clon&accessCode=&continue=/online/authenticated' successfully

2018-09-25 18:47:46 - [TEST_STEP][PASSED] - setText: Text 'dummy' is set on object 'Object Repository/Page_Metafour User Login/input_Login_access_code'

2018-09-25 18:47:46 - [MESSAGE][PASSED] - Text 'dummy' is set on object 'Object Repository/Page_Metafour User Login/input_Login_access_code'

2018-09-25 18:47:46 - [TEST_STEP][PASSED] - setText: Text 'clon' is set on object 'Object Repository/Page_Metafour User Login/input_Login_login'

2018-09-25 18:47:46 - [MESSAGE][PASSED] - Text 'clon' is set on object 'Object Repository/Page_Metafour User Login/input_Login_login'

2018-09-25 18:47:46 - [TEST_STEP][PASSED] - setText: Text 'clon' is set on object 'Object Repository/Page_Metafour User Login/input_Login_j_password'

2018-09-25 18:47:46 - [MESSAGE][PASSED] - Text 'clon' is set on object 'Object Repository/Page_Metafour User Login/input_Login_j_password'

2018-09-25 18:47:46 - [TEST_STEP][PASSED] - click: Object: 'Object Repository/Page_Metafour User Login/button_Sign in' is clicked on

2018-09-25 18:47:50 - [MESSAGE][PASSED] - Object: 'Object Repository/Page_Metafour User Login/button_Sign in' is clicked on

2018-09-25 18:47:50 - [TEST_STEP][PASSED] - delay: Delayed 3 second(s)

2018-09-25 18:47:53 - [MESSAGE][PASSED] - Delayed 3 second(s)

2018-09-25 18:47:53 - [TEST_STEP][PASSED] - verifyElementNotPresent: Web element with id: 'Object Repository/Page_Metafour User Login/div_Sorry login failed' located by 'By.xpath: //div[@id='customerrormessagediv']' is not present after '30' second(s)

2018-09-25 18:47:53 - [MESSAGE][WARNING] - Timeout '0' is invalid. Using default page load timeout: '30'

2018-09-25 18:47:53 - [MESSAGE][PASSED] - Web element with id: 'Object Repository/Page_Metafour User Login/div_Sorry login failed' located by 'By.xpath: //div[@id='customerrormessagediv']' is not present after '30' second(s)

2018-09-25 18:47:53 - [TEST_STEP][PASSED] - closeBrowser: Browser is closed

2018-09-25 18:47:53 - [MESSAGE][PASSED] - Browser is closed]]></system-out>
         <system-err><![CDATA[]]></system-err>
      </testcase>
      <testcase name="Test Cases/nc_cp_login_test" classname="Test Cases/nc_cp_login_test" status="PASSED">
         <system-out><![CDATA[2018-09-25 18:47:53 - [TEST_CASE][PASSED] - Test Cases/nc_cp_login_test: Test Cases/nc_cp_login_test

2018-09-25 18:47:54 - [TEST_STEP][PASSED] - openBrowser: Browser is opened with url: 'https://tde.netcourier.net/metafour-auth/authenticate?appId=clon&accessCode=&continue=/online/authenticated'

2018-09-25 18:48:00 - [MESSAGE][PASSED] - Browser is opened with url: 'https://tde.netcourier.net/metafour-auth/authenticate?appId=clon&accessCode=&continue=/online/authenticated'

2018-09-25 18:48:00 - [TEST_STEP][PASSED] - navigateToUrl: Navigate to 'https://tde.netcourier.net/metafour-auth/authenticate?appId=clon&accessCode=&continue=/online/authenticated' successfully

2018-09-25 18:48:00 - [MESSAGE][PASSED] - Navigate to 'https://tde.netcourier.net/metafour-auth/authenticate?appId=clon&accessCode=&continue=/online/authenticated' successfully

2018-09-25 18:48:00 - [TEST_STEP][PASSED] - setText: Text 'M4' is set on object 'Object Repository/Page_Metafour User Login/input_Login_access_code'

2018-09-25 18:48:00 - [MESSAGE][PASSED] - Text 'M4' is set on object 'Object Repository/Page_Metafour User Login/input_Login_access_code'

2018-09-25 18:48:00 - [TEST_STEP][PASSED] - setText: Text 'Jony' is set on object 'Object Repository/Page_Metafour User Login/input_Login_login'

2018-09-25 18:48:00 - [MESSAGE][PASSED] - Text 'Jony' is set on object 'Object Repository/Page_Metafour User Login/input_Login_login'

2018-09-25 18:48:00 - [TEST_STEP][PASSED] - setText: Text '1234' is set on object 'Object Repository/Page_Metafour User Login/input_Login_j_password'

2018-09-25 18:48:01 - [MESSAGE][PASSED] - Text '1234' is set on object 'Object Repository/Page_Metafour User Login/input_Login_j_password'

2018-09-25 18:48:01 - [TEST_STEP][PASSED] - click: Object: 'Object Repository/Page_Metafour User Login/button_Sign in' is clicked on

2018-09-25 18:48:06 - [MESSAGE][PASSED] - Object: 'Object Repository/Page_Metafour User Login/button_Sign in' is clicked on

2018-09-25 18:48:06 - [TEST_STEP][PASSED] - delay: Delayed 3 second(s)

2018-09-25 18:48:09 - [MESSAGE][PASSED] - Delayed 3 second(s)

2018-09-25 18:48:09 - [TEST_STEP][PASSED] - verifyElementNotPresent: Web element with id: 'Object Repository/Page_Metafour User Login/div_Sorry login failed' located by 'By.xpath: //div[@id='customerrormessagediv']' is not present after '30' second(s)

2018-09-25 18:48:09 - [MESSAGE][WARNING] - Timeout '0' is invalid. Using default page load timeout: '30'

2018-09-25 18:48:09 - [MESSAGE][PASSED] - Web element with id: 'Object Repository/Page_Metafour User Login/div_Sorry login failed' located by 'By.xpath: //div[@id='customerrormessagediv']' is not present after '30' second(s)

2018-09-25 18:48:09 - [TEST_STEP][PASSED] - closeBrowser: Browser is closed

2018-09-25 18:48:09 - [MESSAGE][PASSED] - Browser is closed]]></system-out>
         <system-err><![CDATA[]]></system-err>
      </testcase>
      <testcase name="Test Cases/nc_cp_login_test" classname="Test Cases/nc_cp_login_test" status="PASSED">
         <system-out><![CDATA[2018-09-25 18:48:09 - [TEST_CASE][PASSED] - Test Cases/nc_cp_login_test: Test Cases/nc_cp_login_test

2018-09-25 18:48:09 - [TEST_STEP][PASSED] - openBrowser: Browser is opened with url: 'https://titan.netcourier.net/metafour-auth/authenticate?appId=clon&accessCode=&continue=/online/authenticated'

2018-09-25 18:48:14 - [MESSAGE][PASSED] - Browser is opened with url: 'https://titan.netcourier.net/metafour-auth/authenticate?appId=clon&accessCode=&continue=/online/authenticated'

2018-09-25 18:48:14 - [TEST_STEP][PASSED] - navigateToUrl: Navigate to 'https://titan.netcourier.net/metafour-auth/authenticate?appId=clon&accessCode=&continue=/online/authenticated' successfully

2018-09-25 18:48:15 - [MESSAGE][PASSED] - Navigate to 'https://titan.netcourier.net/metafour-auth/authenticate?appId=clon&accessCode=&continue=/online/authenticated' successfully

2018-09-25 18:48:15 - [TEST_STEP][PASSED] - setText: Text 'dummy' is set on object 'Object Repository/Page_Metafour User Login/input_Login_access_code'

2018-09-25 18:48:15 - [MESSAGE][PASSED] - Text 'dummy' is set on object 'Object Repository/Page_Metafour User Login/input_Login_access_code'

2018-09-25 18:48:15 - [TEST_STEP][PASSED] - setText: Text 'clon' is set on object 'Object Repository/Page_Metafour User Login/input_Login_login'

2018-09-25 18:48:15 - [MESSAGE][PASSED] - Text 'clon' is set on object 'Object Repository/Page_Metafour User Login/input_Login_login'

2018-09-25 18:48:15 - [TEST_STEP][PASSED] - setText: Text 'clon' is set on object 'Object Repository/Page_Metafour User Login/input_Login_j_password'

2018-09-25 18:48:15 - [MESSAGE][PASSED] - Text 'clon' is set on object 'Object Repository/Page_Metafour User Login/input_Login_j_password'

2018-09-25 18:48:15 - [TEST_STEP][PASSED] - click: Object: 'Object Repository/Page_Metafour User Login/button_Sign in' is clicked on

2018-09-25 18:48:18 - [MESSAGE][PASSED] - Object: 'Object Repository/Page_Metafour User Login/button_Sign in' is clicked on

2018-09-25 18:48:18 - [TEST_STEP][PASSED] - delay: Delayed 3 second(s)

2018-09-25 18:48:21 - [MESSAGE][PASSED] - Delayed 3 second(s)

2018-09-25 18:48:21 - [TEST_STEP][PASSED] - verifyElementNotPresent: Web element with id: 'Object Repository/Page_Metafour User Login/div_Sorry login failed' located by 'By.xpath: //div[@id='customerrormessagediv']' is not present after '30' second(s)

2018-09-25 18:48:21 - [MESSAGE][WARNING] - Timeout '0' is invalid. Using default page load timeout: '30'

2018-09-25 18:48:21 - [MESSAGE][PASSED] - Web element with id: 'Object Repository/Page_Metafour User Login/div_Sorry login failed' located by 'By.xpath: //div[@id='customerrormessagediv']' is not present after '30' second(s)

2018-09-25 18:48:21 - [TEST_STEP][PASSED] - closeBrowser: Browser is closed

2018-09-25 18:48:22 - [MESSAGE][PASSED] - Browser is closed]]></system-out>
         <system-err><![CDATA[]]></system-err>
      </testcase>
      <testcase name="Test Cases/nc_cp_login_test" classname="Test Cases/nc_cp_login_test" status="PASSED">
         <system-out><![CDATA[2018-09-25 18:48:22 - [TEST_CASE][PASSED] - Test Cases/nc_cp_login_test: Test Cases/nc_cp_login_test

2018-09-25 18:48:22 - [TEST_STEP][PASSED] - openBrowser: Browser is opened with url: 'https://topflight.netcourier.net/metafour-auth/authenticate?appId=clon&accessCode=&continue=/online/authenticated'

2018-09-25 18:48:36 - [MESSAGE][PASSED] - Browser is opened with url: 'https://topflight.netcourier.net/metafour-auth/authenticate?appId=clon&accessCode=&continue=/online/authenticated'

2018-09-25 18:48:36 - [TEST_STEP][PASSED] - navigateToUrl: Navigate to 'https://topflight.netcourier.net/metafour-auth/authenticate?appId=clon&accessCode=&continue=/online/authenticated' successfully

2018-09-25 18:48:36 - [MESSAGE][PASSED] - Navigate to 'https://topflight.netcourier.net/metafour-auth/authenticate?appId=clon&accessCode=&continue=/online/authenticated' successfully

2018-09-25 18:48:36 - [TEST_STEP][PASSED] - setText: Text 'dummy' is set on object 'Object Repository/Page_Metafour User Login/input_Login_access_code'

2018-09-25 18:48:36 - [MESSAGE][PASSED] - Text 'dummy' is set on object 'Object Repository/Page_Metafour User Login/input_Login_access_code'

2018-09-25 18:48:36 - [TEST_STEP][PASSED] - setText: Text 'clon' is set on object 'Object Repository/Page_Metafour User Login/input_Login_login'

2018-09-25 18:48:36 - [MESSAGE][PASSED] - Text 'clon' is set on object 'Object Repository/Page_Metafour User Login/input_Login_login'

2018-09-25 18:48:36 - [TEST_STEP][PASSED] - setText: Text 'clon' is set on object 'Object Repository/Page_Metafour User Login/input_Login_j_password'

2018-09-25 18:48:36 - [MESSAGE][PASSED] - Text 'clon' is set on object 'Object Repository/Page_Metafour User Login/input_Login_j_password'

2018-09-25 18:48:36 - [TEST_STEP][PASSED] - click: Object: 'Object Repository/Page_Metafour User Login/button_Sign in' is clicked on

2018-09-25 18:48:41 - [MESSAGE][PASSED] - Object: 'Object Repository/Page_Metafour User Login/button_Sign in' is clicked on

2018-09-25 18:48:41 - [TEST_STEP][PASSED] - delay: Delayed 3 second(s)

2018-09-25 18:48:44 - [MESSAGE][PASSED] - Delayed 3 second(s)

2018-09-25 18:48:44 - [TEST_STEP][PASSED] - verifyElementNotPresent: Web element with id: 'Object Repository/Page_Metafour User Login/div_Sorry login failed' located by 'By.xpath: //div[@id='customerrormessagediv']' is not present after '30' second(s)

2018-09-25 18:48:44 - [MESSAGE][WARNING] - Timeout '0' is invalid. Using default page load timeout: '30'

2018-09-25 18:48:44 - [MESSAGE][PASSED] - Web element with id: 'Object Repository/Page_Metafour User Login/div_Sorry login failed' located by 'By.xpath: //div[@id='customerrormessagediv']' is not present after '30' second(s)

2018-09-25 18:48:44 - [TEST_STEP][PASSED] - closeBrowser: Browser is closed

2018-09-25 18:48:44 - [MESSAGE][PASSED] - Browser is closed]]></system-out>
         <system-err><![CDATA[]]></system-err>
      </testcase>
      <testcase name="Test Cases/nc_cp_login_test" classname="Test Cases/nc_cp_login_test" status="PASSED">
         <system-out><![CDATA[2018-09-25 18:48:44 - [TEST_CASE][PASSED] - Test Cases/nc_cp_login_test: Test Cases/nc_cp_login_test

2018-09-25 18:48:44 - [TEST_STEP][PASSED] - openBrowser: Browser is opened with url: 'http://transworld.netcourier.net/metafour-auth/authenticate?appId=clon&accessCode=&continue=/online/authenticated'

2018-09-25 18:48:49 - [MESSAGE][PASSED] - Browser is opened with url: 'http://transworld.netcourier.net/metafour-auth/authenticate?appId=clon&accessCode=&continue=/online/authenticated'

2018-09-25 18:48:49 - [TEST_STEP][PASSED] - navigateToUrl: Navigate to 'http://transworld.netcourier.net/metafour-auth/authenticate?appId=clon&accessCode=&continue=/online/authenticated' successfully

2018-09-25 18:48:49 - [MESSAGE][PASSED] - Navigate to 'http://transworld.netcourier.net/metafour-auth/authenticate?appId=clon&accessCode=&continue=/online/authenticated' successfully

2018-09-25 18:48:49 - [TEST_STEP][PASSED] - setText: Text 'dummy' is set on object 'Object Repository/Page_Metafour User Login/input_Login_access_code'

2018-09-25 18:48:49 - [MESSAGE][PASSED] - Text 'dummy' is set on object 'Object Repository/Page_Metafour User Login/input_Login_access_code'

2018-09-25 18:48:49 - [TEST_STEP][PASSED] - setText: Text 'clon' is set on object 'Object Repository/Page_Metafour User Login/input_Login_login'

2018-09-25 18:48:49 - [MESSAGE][PASSED] - Text 'clon' is set on object 'Object Repository/Page_Metafour User Login/input_Login_login'

2018-09-25 18:48:49 - [TEST_STEP][PASSED] - setText: Text 'clon' is set on object 'Object Repository/Page_Metafour User Login/input_Login_j_password'

2018-09-25 18:48:49 - [MESSAGE][PASSED] - Text 'clon' is set on object 'Object Repository/Page_Metafour User Login/input_Login_j_password'

2018-09-25 18:48:49 - [TEST_STEP][PASSED] - click: Object: 'Object Repository/Page_Metafour User Login/button_Sign in' is clicked on

2018-09-25 18:49:05 - [MESSAGE][PASSED] - Object: 'Object Repository/Page_Metafour User Login/button_Sign in' is clicked on

2018-09-25 18:49:05 - [TEST_STEP][PASSED] - delay: Delayed 3 second(s)

2018-09-25 18:49:08 - [MESSAGE][PASSED] - Delayed 3 second(s)

2018-09-25 18:49:08 - [TEST_STEP][PASSED] - verifyElementNotPresent: Web element with id: 'Object Repository/Page_Metafour User Login/div_Sorry login failed' located by 'By.xpath: //div[@id='customerrormessagediv']' is not present after '30' second(s)

2018-09-25 18:49:08 - [MESSAGE][WARNING] - Timeout '0' is invalid. Using default page load timeout: '30'

2018-09-25 18:49:09 - [MESSAGE][PASSED] - Web element with id: 'Object Repository/Page_Metafour User Login/div_Sorry login failed' located by 'By.xpath: //div[@id='customerrormessagediv']' is not present after '30' second(s)

2018-09-25 18:49:09 - [TEST_STEP][PASSED] - closeBrowser: Browser is closed

2018-09-25 18:49:09 - [MESSAGE][PASSED] - Browser is closed]]></system-out>
         <system-err><![CDATA[]]></system-err>
      </testcase>
      <testcase name="Test Cases/nc_cp_login_test" classname="Test Cases/nc_cp_login_test" status="PASSED">
         <system-out><![CDATA[2018-09-25 18:49:09 - [TEST_CASE][PASSED] - Test Cases/nc_cp_login_test: Test Cases/nc_cp_login_test

2018-09-25 18:49:09 - [TEST_STEP][PASSED] - openBrowser: Browser is opened with url: 'https://swisspostsolutions.metafour.com/ub3026/'

2018-09-25 18:49:15 - [MESSAGE][PASSED] - Browser is opened with url: 'https://swisspostsolutions.metafour.com/ub3026/'

2018-09-25 18:49:15 - [TEST_STEP][PASSED] - navigateToUrl: Navigate to 'https://swisspostsolutions.metafour.com/ub3026/' successfully

2018-09-25 18:49:16 - [MESSAGE][PASSED] - Navigate to 'https://swisspostsolutions.metafour.com/ub3026/' successfully

2018-09-25 18:49:16 - [TEST_STEP][PASSED] - setText: Text 'Master' is set on object 'Object Repository/Page_Metafour User Login/input_Login_access_code'

2018-09-25 18:49:20 - [MESSAGE][PASSED] - Text 'Master' is set on object 'Object Repository/Page_Metafour User Login/input_Login_access_code'

2018-09-25 18:49:20 - [TEST_STEP][PASSED] - setText: Text 'Hasan' is set on object 'Object Repository/Page_Metafour User Login/input_Login_login'

2018-09-25 18:49:20 - [MESSAGE][PASSED] - Text 'Hasan' is set on object 'Object Repository/Page_Metafour User Login/input_Login_login'

2018-09-25 18:49:20 - [TEST_STEP][PASSED] - setText: Text 'hasan' is set on object 'Object Repository/Page_Metafour User Login/input_Login_j_password'

2018-09-25 18:49:20 - [MESSAGE][PASSED] - Text 'hasan' is set on object 'Object Repository/Page_Metafour User Login/input_Login_j_password'

2018-09-25 18:49:20 - [TEST_STEP][PASSED] - click: Object: 'Object Repository/Page_Metafour User Login/button_Sign in' is clicked on

2018-09-25 18:49:26 - [MESSAGE][PASSED] - Object: 'Object Repository/Page_Metafour User Login/button_Sign in' is clicked on

2018-09-25 18:49:26 - [TEST_STEP][PASSED] - delay: Delayed 3 second(s)

2018-09-25 18:49:29 - [MESSAGE][PASSED] - Delayed 3 second(s)

2018-09-25 18:49:29 - [TEST_STEP][PASSED] - verifyElementNotPresent: Web element with id: 'Object Repository/Page_Metafour User Login/div_Sorry login failed' located by 'By.xpath: //div[@id='customerrormessagediv']' is not present after '30' second(s)

2018-09-25 18:49:29 - [MESSAGE][WARNING] - Timeout '0' is invalid. Using default page load timeout: '30'

2018-09-25 18:49:29 - [MESSAGE][PASSED] - Web element with id: 'Object Repository/Page_Metafour User Login/div_Sorry login failed' located by 'By.xpath: //div[@id='customerrormessagediv']' is not present after '30' second(s)

2018-09-25 18:49:29 - [TEST_STEP][PASSED] - closeBrowser: Browser is closed

2018-09-25 18:49:29 - [MESSAGE][PASSED] - Browser is closed]]></system-out>
         <system-err><![CDATA[]]></system-err>
      </testcase>
      <testcase name="Test Cases/nc_cp_login_test" classname="Test Cases/nc_cp_login_test" status="PASSED">
         <system-out><![CDATA[2018-09-25 18:49:29 - [TEST_CASE][PASSED] - Test Cases/nc_cp_login_test: Test Cases/nc_cp_login_test

2018-09-25 18:49:29 - [TEST_STEP][PASSED] - openBrowser: Browser is opened with url: 'https://swisspostsolutions.metafour.com/ub5249/'

2018-09-25 18:49:34 - [MESSAGE][PASSED] - Browser is opened with url: 'https://swisspostsolutions.metafour.com/ub5249/'

2018-09-25 18:49:34 - [TEST_STEP][PASSED] - navigateToUrl: Navigate to 'https://swisspostsolutions.metafour.com/ub5249/' successfully

2018-09-25 18:49:35 - [MESSAGE][PASSED] - Navigate to 'https://swisspostsolutions.metafour.com/ub5249/' successfully

2018-09-25 18:49:35 - [TEST_STEP][PASSED] - setText: Text 'BARTS' is set on object 'Object Repository/Page_Metafour User Login/input_Login_access_code'

2018-09-25 18:49:39 - [MESSAGE][PASSED] - Text 'BARTS' is set on object 'Object Repository/Page_Metafour User Login/input_Login_access_code'

2018-09-25 18:49:39 - [TEST_STEP][PASSED] - setText: Text 'Jony' is set on object 'Object Repository/Page_Metafour User Login/input_Login_login'

2018-09-25 18:49:39 - [MESSAGE][PASSED] - Text 'Jony' is set on object 'Object Repository/Page_Metafour User Login/input_Login_login'

2018-09-25 18:49:39 - [TEST_STEP][PASSED] - setText: Text '1234' is set on object 'Object Repository/Page_Metafour User Login/input_Login_j_password'

2018-09-25 18:49:39 - [MESSAGE][PASSED] - Text '1234' is set on object 'Object Repository/Page_Metafour User Login/input_Login_j_password'

2018-09-25 18:49:39 - [TEST_STEP][PASSED] - click: Object: 'Object Repository/Page_Metafour User Login/button_Sign in' is clicked on

2018-09-25 18:49:43 - [MESSAGE][PASSED] - Object: 'Object Repository/Page_Metafour User Login/button_Sign in' is clicked on

2018-09-25 18:49:43 - [TEST_STEP][PASSED] - delay: Delayed 3 second(s)

2018-09-25 18:49:46 - [MESSAGE][PASSED] - Delayed 3 second(s)

2018-09-25 18:49:46 - [TEST_STEP][PASSED] - verifyElementNotPresent: Web element with id: 'Object Repository/Page_Metafour User Login/div_Sorry login failed' located by 'By.xpath: //div[@id='customerrormessagediv']' is not present after '30' second(s)

2018-09-25 18:49:46 - [MESSAGE][WARNING] - Timeout '0' is invalid. Using default page load timeout: '30'

2018-09-25 18:49:46 - [MESSAGE][PASSED] - Web element with id: 'Object Repository/Page_Metafour User Login/div_Sorry login failed' located by 'By.xpath: //div[@id='customerrormessagediv']' is not present after '30' second(s)

2018-09-25 18:49:46 - [TEST_STEP][PASSED] - closeBrowser: Browser is closed

2018-09-25 18:49:47 - [MESSAGE][PASSED] - Browser is closed]]></system-out>
         <system-err><![CDATA[]]></system-err>
      </testcase>
      <testcase name="Test Cases/nc_cp_login_test" classname="Test Cases/nc_cp_login_test" status="FAILED">
         <failure type="FAILED" message="(Stack trace: com.kms.katalon.core.exception.StepFailedException: Unable to verify object 'Object Repository/Page_Metafour User Login/div_Sorry login failed' is not present (Root cause: Web element with id: 'Object Repository/Page_Metafour User Login/div_Sorry login failed' located by 'By.xpath: //div[@id='customerrormessagediv']' is present after '30' second(s))
	at com.kms.katalon.core.keyword.internal.KeywordMain.stepFailed(KeywordMain.groovy:36)
	at com.kms.katalon.core.webui.keyword.internal.WebUIKeywordMain.stepFailed(WebUIKeywordMain.groovy:65)
	at com.kms.katalon.core.webui.keyword.internal.WebUIKeywordMain.runKeyword(WebUIKeywordMain.groovy:27)
	at com.kms.katalon.core.webui.keyword.builtin.VerifyElementNotPresentKeyword.verifyElementNotPresent(VerifyElementNotPresentKeyword.groovy:118)
	at com.kms.katalon.core.webui.keyword.builtin.VerifyElementNotPresentKeyword.execute(VerifyElementNotPresentKeyword.groovy:68)
	at com.kms.katalon.core.keyword.internal.KeywordExecutor.executeKeywordForPlatform(KeywordExecutor.groovy:53)
	at com.kms.katalon.core.webui.keyword.WebUiBuiltInKeywords.verifyElementNotPresent(WebUiBuiltInKeywords.groovy:1467)
	at com.kms.katalon.core.webui.keyword.WebUiBuiltInKeywords$verifyElementNotPresent$3.call(Unknown Source)
	at Script1537190043452.run(Script1537190043452.groovy:31)
	at com.kms.katalon.core.main.ScriptEngine.run(ScriptEngine.java:183)
	at com.kms.katalon.core.main.ScriptEngine.runScriptAsRawText(ScriptEngine.java:108)
	at com.kms.katalon.core.main.TestCaseExecutor.runScript(TestCaseExecutor.java:294)
	at com.kms.katalon.core.main.TestCaseExecutor.doExecute(TestCaseExecutor.java:285)
	at com.kms.katalon.core.main.TestCaseExecutor.processExecutionPhase(TestCaseExecutor.java:264)
	at com.kms.katalon.core.main.TestCaseExecutor.accessMainPhase(TestCaseExecutor.java:256)
	at com.kms.katalon.core.main.TestCaseExecutor.execute(TestCaseExecutor.java:200)
	at com.kms.katalon.core.main.TestSuiteExecutor.accessTestCaseMainPhase(TestSuiteExecutor.java:129)
	at com.kms.katalon.core.main.TestSuiteExecutor.accessTestSuiteMainPhase(TestSuiteExecutor.java:112)
	at com.kms.katalon.core.main.TestSuiteExecutor.execute(TestSuiteExecutor.java:81)
	at com.kms.katalon.core.main.TestCaseMain.startTestSuite(TestCaseMain.java:142)
	at com.kms.katalon.core.main.TestCaseMain$startTestSuite$0.call(Unknown Source)
	at org.codehaus.groovy.runtime.callsite.CallSiteArray.defaultCall(CallSiteArray.java:48)
	at org.codehaus.groovy.runtime.callsite.AbstractCallSite.call(AbstractCallSite.java:113)
	at org.codehaus.groovy.runtime.callsite.AbstractCallSite.call(AbstractCallSite.java:141)
	at TempTestSuite1537878892048.run(TempTestSuite1537878892048.groovy:36)
	at groovy.lang.GroovyShell.runScriptOrMainOrTestOrRunnable(GroovyShell.java:263)
	at groovy.lang.GroovyShell.run(GroovyShell.java:518)
	at groovy.lang.GroovyShell.run(GroovyShell.java:507)
	at groovy.ui.GroovyMain.processOnce(GroovyMain.java:653)
	at groovy.ui.GroovyMain.run(GroovyMain.java:384)
	at groovy.ui.GroovyMain.process(GroovyMain.java:370)
	at groovy.ui.GroovyMain.processArgs(GroovyMain.java:129)
	at groovy.ui.GroovyMain.main(GroovyMain.java:109)
	at sun.reflect.NativeMethodAccessorImpl.invoke0(Native Method)
	at sun.reflect.NativeMethodAccessorImpl.invoke(NativeMethodAccessorImpl.java:62)
	at sun.reflect.DelegatingMethodAccessorImpl.invoke(DelegatingMethodAccessorImpl.java:43)
	at java.lang.reflect.Method.invoke(Method.java:498)
	at org.codehaus.groovy.tools.GroovyStarter.rootLoader(GroovyStarter.java:109)
	at org.codehaus.groovy.tools.GroovyStarter.main(GroovyStarter.java:131)
)"/>
         <system-out><![CDATA[2018-09-25 18:49:47 - [TEST_CASE][FAILED] - Test Cases/nc_cp_login_test: Test Cases/nc_cp_login_test FAILED because (of) (Stack trace: com.kms.katalon.core.exception.StepFailedException: Unable to verify object 'Object Repository/Page_Metafour User Login/div_Sorry login failed' is not present (Root cause: Web element with id: 'Object Repository/Page_Metafour User Login/div_Sorry login failed' located by 'By.xpath: //div[@id='customerrormessagediv']' is present after '30' second(s))
	at com.kms.katalon.core.keyword.internal.KeywordMain.stepFailed(KeywordMain.groovy:36)
	at com.kms.katalon.core.webui.keyword.internal.WebUIKeywordMain.stepFailed(WebUIKeywordMain.groovy:65)
	at com.kms.katalon.core.webui.keyword.internal.WebUIKeywordMain.runKeyword(WebUIKeywordMain.groovy:27)
	at com.kms.katalon.core.webui.keyword.builtin.VerifyElementNotPresentKeyword.verifyElementNotPresent(VerifyElementNotPresentKeyword.groovy:118)
	at com.kms.katalon.core.webui.keyword.builtin.VerifyElementNotPresentKeyword.execute(VerifyElementNotPresentKeyword.groovy:68)
	at com.kms.katalon.core.keyword.internal.KeywordExecutor.executeKeywordForPlatform(KeywordExecutor.groovy:53)
	at com.kms.katalon.core.webui.keyword.WebUiBuiltInKeywords.verifyElementNotPresent(WebUiBuiltInKeywords.groovy:1467)
	at com.kms.katalon.core.webui.keyword.WebUiBuiltInKeywords$verifyElementNotPresent$3.call(Unknown Source)
	at Script1537190043452.run(Script1537190043452.groovy:31)
	at com.kms.katalon.core.main.ScriptEngine.run(ScriptEngine.java:183)
	at com.kms.katalon.core.main.ScriptEngine.runScriptAsRawText(ScriptEngine.java:108)
	at com.kms.katalon.core.main.TestCaseExecutor.runScript(TestCaseExecutor.java:294)
	at com.kms.katalon.core.main.TestCaseExecutor.doExecute(TestCaseExecutor.java:285)
	at com.kms.katalon.core.main.TestCaseExecutor.processExecutionPhase(TestCaseExecutor.java:264)
	at com.kms.katalon.core.main.TestCaseExecutor.accessMainPhase(TestCaseExecutor.java:256)
	at com.kms.katalon.core.main.TestCaseExecutor.execute(TestCaseExecutor.java:200)
	at com.kms.katalon.core.main.TestSuiteExecutor.accessTestCaseMainPhase(TestSuiteExecutor.java:129)
	at com.kms.katalon.core.main.TestSuiteExecutor.accessTestSuiteMainPhase(TestSuiteExecutor.java:112)
	at com.kms.katalon.core.main.TestSuiteExecutor.execute(TestSuiteExecutor.java:81)
	at com.kms.katalon.core.main.TestCaseMain.startTestSuite(TestCaseMain.java:142)
	at com.kms.katalon.core.main.TestCaseMain$startTestSuite$0.call(Unknown Source)
	at org.codehaus.groovy.runtime.callsite.CallSiteArray.defaultCall(CallSiteArray.java:48)
	at org.codehaus.groovy.runtime.callsite.AbstractCallSite.call(AbstractCallSite.java:113)
	at org.codehaus.groovy.runtime.callsite.AbstractCallSite.call(AbstractCallSite.java:141)
	at TempTestSuite1537878892048.run(TempTestSuite1537878892048.groovy:36)
	at groovy.lang.GroovyShell.runScriptOrMainOrTestOrRunnable(GroovyShell.java:263)
	at groovy.lang.GroovyShell.run(GroovyShell.java:518)
	at groovy.lang.GroovyShell.run(GroovyShell.java:507)
	at groovy.ui.GroovyMain.processOnce(GroovyMain.java:653)
	at groovy.ui.GroovyMain.run(GroovyMain.java:384)
	at groovy.ui.GroovyMain.process(GroovyMain.java:370)
	at groovy.ui.GroovyMain.processArgs(GroovyMain.java:129)
	at groovy.ui.GroovyMain.main(GroovyMain.java:109)
	at sun.reflect.NativeMethodAccessorImpl.invoke0(Native Method)
	at sun.reflect.NativeMethodAccessorImpl.invoke(NativeMethodAccessorImpl.java:62)
	at sun.reflect.DelegatingMethodAccessorImpl.invoke(DelegatingMethodAccessorImpl.java:43)
	at java.lang.reflect.Method.invoke(Method.java:498)
	at org.codehaus.groovy.tools.GroovyStarter.rootLoader(GroovyStarter.java:109)
	at org.codehaus.groovy.tools.GroovyStarter.main(GroovyStarter.java:131)
)

2018-09-25 18:49:47 - [TEST_STEP][PASSED] - openBrowser: Browser is opened with url: 'https://swisspostsolutions.metafour.com/ub6962/'

2018-09-25 18:49:52 - [MESSAGE][PASSED] - Browser is opened with url: 'https://swisspostsolutions.metafour.com/ub6962/'

2018-09-25 18:49:52 - [TEST_STEP][PASSED] - navigateToUrl: Navigate to 'https://swisspostsolutions.metafour.com/ub6962/' successfully

2018-09-25 18:49:52 - [MESSAGE][PASSED] - Navigate to 'https://swisspostsolutions.metafour.com/ub6962/' successfully

2018-09-25 18:49:52 - [TEST_STEP][PASSED] - setText: Text 'dummy' is set on object 'Object Repository/Page_Metafour User Login/input_Login_access_code'

2018-09-25 18:49:56 - [MESSAGE][PASSED] - Text 'dummy' is set on object 'Object Repository/Page_Metafour User Login/input_Login_access_code'

2018-09-25 18:49:56 - [TEST_STEP][PASSED] - setText: Text 'Jony' is set on object 'Object Repository/Page_Metafour User Login/input_Login_login'

2018-09-25 18:49:56 - [MESSAGE][PASSED] - Text 'Jony' is set on object 'Object Repository/Page_Metafour User Login/input_Login_login'

2018-09-25 18:49:56 - [TEST_STEP][PASSED] - setText: Text 'MFasia%001' is set on object 'Object Repository/Page_Metafour User Login/input_Login_j_password'

2018-09-25 18:49:56 - [MESSAGE][PASSED] - Text 'MFasia%001' is set on object 'Object Repository/Page_Metafour User Login/input_Login_j_password'

2018-09-25 18:49:56 - [TEST_STEP][PASSED] - click: Object: 'Object Repository/Page_Metafour User Login/button_Sign in' is clicked on

2018-09-25 18:49:57 - [MESSAGE][PASSED] - Object: 'Object Repository/Page_Metafour User Login/button_Sign in' is clicked on

2018-09-25 18:49:57 - [TEST_STEP][PASSED] - delay: Delayed 3 second(s)

2018-09-25 18:50:00 - [MESSAGE][PASSED] - Delayed 3 second(s)

2018-09-25 18:50:00 - [TEST_STEP][FAILED] - verifyElementNotPresent: Unable to verify object 'Object Repository/Page_Metafour User Login/div_Sorry login failed' is not present (Root cause: Web element with id: 'Object Repository/Page_Metafour User Login/div_Sorry login failed' located by 'By.xpath: //div[@id='customerrormessagediv']' is present after '30' second(s))

2018-09-25 18:50:00 - [MESSAGE][WARNING] - Timeout '0' is invalid. Using default page load timeout: '30'

2018-09-25 18:50:31 - [MESSAGE][FAILED] - Web element with id: 'Object Repository/Page_Metafour User Login/div_Sorry login failed' located by 'By.xpath: //div[@id='customerrormessagediv']' is present after '30' second(s)
[[ATTACHMENT|C:\\Users\\mazha\\Katalon Studio\\m4-monitoring\\Reports\\nc-cp-bo-login-test-suit\\20180925_183452\\1537879830890.png]]

2018-09-25 18:50:31 - [MESSAGE][FAILED] - Unable to verify object 'Object Repository/Page_Metafour User Login/div_Sorry login failed' is not present (Root cause: Web element with id: 'Object Repository/Page_Metafour User Login/div_Sorry login failed' located by 'By.xpath: //div[@id='customerrormessagediv']' is present after '30' second(s))
[[ATTACHMENT|C:\\Users\\mazha\\Katalon Studio\\m4-monitoring\\Reports\\nc-cp-bo-login-test-suit\\20180925_183452\\1537879831111.png]]]]></system-out>
         <system-err><![CDATA[2018-09-25 18:49:47 - [TEST_CASE][FAILED] - Test Cases/nc_cp_login_test: Test Cases/nc_cp_login_test FAILED because (of) (Stack trace: com.kms.katalon.core.exception.StepFailedException: Unable to verify object 'Object Repository/Page_Metafour User Login/div_Sorry login failed' is not present (Root cause: Web element with id: 'Object Repository/Page_Metafour User Login/div_Sorry login failed' located by 'By.xpath: //div[@id='customerrormessagediv']' is present after '30' second(s))
	at com.kms.katalon.core.keyword.internal.KeywordMain.stepFailed(KeywordMain.groovy:36)
	at com.kms.katalon.core.webui.keyword.internal.WebUIKeywordMain.stepFailed(WebUIKeywordMain.groovy:65)
	at com.kms.katalon.core.webui.keyword.internal.WebUIKeywordMain.runKeyword(WebUIKeywordMain.groovy:27)
	at com.kms.katalon.core.webui.keyword.builtin.VerifyElementNotPresentKeyword.verifyElementNotPresent(VerifyElementNotPresentKeyword.groovy:118)
	at com.kms.katalon.core.webui.keyword.builtin.VerifyElementNotPresentKeyword.execute(VerifyElementNotPresentKeyword.groovy:68)
	at com.kms.katalon.core.keyword.internal.KeywordExecutor.executeKeywordForPlatform(KeywordExecutor.groovy:53)
	at com.kms.katalon.core.webui.keyword.WebUiBuiltInKeywords.verifyElementNotPresent(WebUiBuiltInKeywords.groovy:1467)
	at com.kms.katalon.core.webui.keyword.WebUiBuiltInKeywords$verifyElementNotPresent$3.call(Unknown Source)
	at Script1537190043452.run(Script1537190043452.groovy:31)
	at com.kms.katalon.core.main.ScriptEngine.run(ScriptEngine.java:183)
	at com.kms.katalon.core.main.ScriptEngine.runScriptAsRawText(ScriptEngine.java:108)
	at com.kms.katalon.core.main.TestCaseExecutor.runScript(TestCaseExecutor.java:294)
	at com.kms.katalon.core.main.TestCaseExecutor.doExecute(TestCaseExecutor.java:285)
	at com.kms.katalon.core.main.TestCaseExecutor.processExecutionPhase(TestCaseExecutor.java:264)
	at com.kms.katalon.core.main.TestCaseExecutor.accessMainPhase(TestCaseExecutor.java:256)
	at com.kms.katalon.core.main.TestCaseExecutor.execute(TestCaseExecutor.java:200)
	at com.kms.katalon.core.main.TestSuiteExecutor.accessTestCaseMainPhase(TestSuiteExecutor.java:129)
	at com.kms.katalon.core.main.TestSuiteExecutor.accessTestSuiteMainPhase(TestSuiteExecutor.java:112)
	at com.kms.katalon.core.main.TestSuiteExecutor.execute(TestSuiteExecutor.java:81)
	at com.kms.katalon.core.main.TestCaseMain.startTestSuite(TestCaseMain.java:142)
	at com.kms.katalon.core.main.TestCaseMain$startTestSuite$0.call(Unknown Source)
	at org.codehaus.groovy.runtime.callsite.CallSiteArray.defaultCall(CallSiteArray.java:48)
	at org.codehaus.groovy.runtime.callsite.AbstractCallSite.call(AbstractCallSite.java:113)
	at org.codehaus.groovy.runtime.callsite.AbstractCallSite.call(AbstractCallSite.java:141)
	at TempTestSuite1537878892048.run(TempTestSuite1537878892048.groovy:36)
	at groovy.lang.GroovyShell.runScriptOrMainOrTestOrRunnable(GroovyShell.java:263)
	at groovy.lang.GroovyShell.run(GroovyShell.java:518)
	at groovy.lang.GroovyShell.run(GroovyShell.java:507)
	at groovy.ui.GroovyMain.processOnce(GroovyMain.java:653)
	at groovy.ui.GroovyMain.run(GroovyMain.java:384)
	at groovy.ui.GroovyMain.process(GroovyMain.java:370)
	at groovy.ui.GroovyMain.processArgs(GroovyMain.java:129)
	at groovy.ui.GroovyMain.main(GroovyMain.java:109)
	at sun.reflect.NativeMethodAccessorImpl.invoke0(Native Method)
	at sun.reflect.NativeMethodAccessorImpl.invoke(NativeMethodAccessorImpl.java:62)
	at sun.reflect.DelegatingMethodAccessorImpl.invoke(DelegatingMethodAccessorImpl.java:43)
	at java.lang.reflect.Method.invoke(Method.java:498)
	at org.codehaus.groovy.tools.GroovyStarter.rootLoader(GroovyStarter.java:109)
	at org.codehaus.groovy.tools.GroovyStarter.main(GroovyStarter.java:131)
)]]></system-err>
      </testcase>
      <testcase name="Test Cases/nc_cp_login_test" classname="Test Cases/nc_cp_login_test" status="FAILED">
         <failure type="FAILED" message="(Stack trace: com.kms.katalon.core.exception.StepFailedException: Unable to verify object 'Object Repository/Page_Metafour User Login/div_Sorry login failed' is not present (Root cause: Web element with id: 'Object Repository/Page_Metafour User Login/div_Sorry login failed' located by 'By.xpath: //div[@id='customerrormessagediv']' is present after '30' second(s))
	at com.kms.katalon.core.keyword.internal.KeywordMain.stepFailed(KeywordMain.groovy:36)
	at com.kms.katalon.core.webui.keyword.internal.WebUIKeywordMain.stepFailed(WebUIKeywordMain.groovy:65)
	at com.kms.katalon.core.webui.keyword.internal.WebUIKeywordMain.runKeyword(WebUIKeywordMain.groovy:27)
	at com.kms.katalon.core.webui.keyword.builtin.VerifyElementNotPresentKeyword.verifyElementNotPresent(VerifyElementNotPresentKeyword.groovy:118)
	at com.kms.katalon.core.webui.keyword.builtin.VerifyElementNotPresentKeyword.execute(VerifyElementNotPresentKeyword.groovy:68)
	at com.kms.katalon.core.keyword.internal.KeywordExecutor.executeKeywordForPlatform(KeywordExecutor.groovy:53)
	at com.kms.katalon.core.webui.keyword.WebUiBuiltInKeywords.verifyElementNotPresent(WebUiBuiltInKeywords.groovy:1467)
	at com.kms.katalon.core.webui.keyword.WebUiBuiltInKeywords$verifyElementNotPresent$3.call(Unknown Source)
	at Script1537190043452.run(Script1537190043452.groovy:31)
	at com.kms.katalon.core.main.ScriptEngine.run(ScriptEngine.java:183)
	at com.kms.katalon.core.main.ScriptEngine.runScriptAsRawText(ScriptEngine.java:108)
	at com.kms.katalon.core.main.TestCaseExecutor.runScript(TestCaseExecutor.java:294)
	at com.kms.katalon.core.main.TestCaseExecutor.doExecute(TestCaseExecutor.java:285)
	at com.kms.katalon.core.main.TestCaseExecutor.processExecutionPhase(TestCaseExecutor.java:264)
	at com.kms.katalon.core.main.TestCaseExecutor.accessMainPhase(TestCaseExecutor.java:256)
	at com.kms.katalon.core.main.TestCaseExecutor.execute(TestCaseExecutor.java:200)
	at com.kms.katalon.core.main.TestSuiteExecutor.accessTestCaseMainPhase(TestSuiteExecutor.java:129)
	at com.kms.katalon.core.main.TestSuiteExecutor.accessTestSuiteMainPhase(TestSuiteExecutor.java:112)
	at com.kms.katalon.core.main.TestSuiteExecutor.execute(TestSuiteExecutor.java:81)
	at com.kms.katalon.core.main.TestCaseMain.startTestSuite(TestCaseMain.java:142)
	at com.kms.katalon.core.main.TestCaseMain$startTestSuite$0.call(Unknown Source)
	at org.codehaus.groovy.runtime.callsite.CallSiteArray.defaultCall(CallSiteArray.java:48)
	at org.codehaus.groovy.runtime.callsite.AbstractCallSite.call(AbstractCallSite.java:113)
	at org.codehaus.groovy.runtime.callsite.AbstractCallSite.call(AbstractCallSite.java:141)
	at TempTestSuite1537878892048.run(TempTestSuite1537878892048.groovy:36)
	at groovy.lang.GroovyShell.runScriptOrMainOrTestOrRunnable(GroovyShell.java:263)
	at groovy.lang.GroovyShell.run(GroovyShell.java:518)
	at groovy.lang.GroovyShell.run(GroovyShell.java:507)
	at groovy.ui.GroovyMain.processOnce(GroovyMain.java:653)
	at groovy.ui.GroovyMain.run(GroovyMain.java:384)
	at groovy.ui.GroovyMain.process(GroovyMain.java:370)
	at groovy.ui.GroovyMain.processArgs(GroovyMain.java:129)
	at groovy.ui.GroovyMain.main(GroovyMain.java:109)
	at sun.reflect.NativeMethodAccessorImpl.invoke0(Native Method)
	at sun.reflect.NativeMethodAccessorImpl.invoke(NativeMethodAccessorImpl.java:62)
	at sun.reflect.DelegatingMethodAccessorImpl.invoke(DelegatingMethodAccessorImpl.java:43)
	at java.lang.reflect.Method.invoke(Method.java:498)
	at org.codehaus.groovy.tools.GroovyStarter.rootLoader(GroovyStarter.java:109)
	at org.codehaus.groovy.tools.GroovyStarter.main(GroovyStarter.java:131)
)"/>
         <system-out><![CDATA[2018-09-25 18:50:31 - [TEST_CASE][FAILED] - Test Cases/nc_cp_login_test: Test Cases/nc_cp_login_test FAILED because (of) (Stack trace: com.kms.katalon.core.exception.StepFailedException: Unable to verify object 'Object Repository/Page_Metafour User Login/div_Sorry login failed' is not present (Root cause: Web element with id: 'Object Repository/Page_Metafour User Login/div_Sorry login failed' located by 'By.xpath: //div[@id='customerrormessagediv']' is present after '30' second(s))
	at com.kms.katalon.core.keyword.internal.KeywordMain.stepFailed(KeywordMain.groovy:36)
	at com.kms.katalon.core.webui.keyword.internal.WebUIKeywordMain.stepFailed(WebUIKeywordMain.groovy:65)
	at com.kms.katalon.core.webui.keyword.internal.WebUIKeywordMain.runKeyword(WebUIKeywordMain.groovy:27)
	at com.kms.katalon.core.webui.keyword.builtin.VerifyElementNotPresentKeyword.verifyElementNotPresent(VerifyElementNotPresentKeyword.groovy:118)
	at com.kms.katalon.core.webui.keyword.builtin.VerifyElementNotPresentKeyword.execute(VerifyElementNotPresentKeyword.groovy:68)
	at com.kms.katalon.core.keyword.internal.KeywordExecutor.executeKeywordForPlatform(KeywordExecutor.groovy:53)
	at com.kms.katalon.core.webui.keyword.WebUiBuiltInKeywords.verifyElementNotPresent(WebUiBuiltInKeywords.groovy:1467)
	at com.kms.katalon.core.webui.keyword.WebUiBuiltInKeywords$verifyElementNotPresent$3.call(Unknown Source)
	at Script1537190043452.run(Script1537190043452.groovy:31)
	at com.kms.katalon.core.main.ScriptEngine.run(ScriptEngine.java:183)
	at com.kms.katalon.core.main.ScriptEngine.runScriptAsRawText(ScriptEngine.java:108)
	at com.kms.katalon.core.main.TestCaseExecutor.runScript(TestCaseExecutor.java:294)
	at com.kms.katalon.core.main.TestCaseExecutor.doExecute(TestCaseExecutor.java:285)
	at com.kms.katalon.core.main.TestCaseExecutor.processExecutionPhase(TestCaseExecutor.java:264)
	at com.kms.katalon.core.main.TestCaseExecutor.accessMainPhase(TestCaseExecutor.java:256)
	at com.kms.katalon.core.main.TestCaseExecutor.execute(TestCaseExecutor.java:200)
	at com.kms.katalon.core.main.TestSuiteExecutor.accessTestCaseMainPhase(TestSuiteExecutor.java:129)
	at com.kms.katalon.core.main.TestSuiteExecutor.accessTestSuiteMainPhase(TestSuiteExecutor.java:112)
	at com.kms.katalon.core.main.TestSuiteExecutor.execute(TestSuiteExecutor.java:81)
	at com.kms.katalon.core.main.TestCaseMain.startTestSuite(TestCaseMain.java:142)
	at com.kms.katalon.core.main.TestCaseMain$startTestSuite$0.call(Unknown Source)
	at org.codehaus.groovy.runtime.callsite.CallSiteArray.defaultCall(CallSiteArray.java:48)
	at org.codehaus.groovy.runtime.callsite.AbstractCallSite.call(AbstractCallSite.java:113)
	at org.codehaus.groovy.runtime.callsite.AbstractCallSite.call(AbstractCallSite.java:141)
	at TempTestSuite1537878892048.run(TempTestSuite1537878892048.groovy:36)
	at groovy.lang.GroovyShell.runScriptOrMainOrTestOrRunnable(GroovyShell.java:263)
	at groovy.lang.GroovyShell.run(GroovyShell.java:518)
	at groovy.lang.GroovyShell.run(GroovyShell.java:507)
	at groovy.ui.GroovyMain.processOnce(GroovyMain.java:653)
	at groovy.ui.GroovyMain.run(GroovyMain.java:384)
	at groovy.ui.GroovyMain.process(GroovyMain.java:370)
	at groovy.ui.GroovyMain.processArgs(GroovyMain.java:129)
	at groovy.ui.GroovyMain.main(GroovyMain.java:109)
	at sun.reflect.NativeMethodAccessorImpl.invoke0(Native Method)
	at sun.reflect.NativeMethodAccessorImpl.invoke(NativeMethodAccessorImpl.java:62)
	at sun.reflect.DelegatingMethodAccessorImpl.invoke(DelegatingMethodAccessorImpl.java:43)
	at java.lang.reflect.Method.invoke(Method.java:498)
	at org.codehaus.groovy.tools.GroovyStarter.rootLoader(GroovyStarter.java:109)
	at org.codehaus.groovy.tools.GroovyStarter.main(GroovyStarter.java:131)
)

2018-09-25 18:50:31 - [TEST_STEP][PASSED] - openBrowser: Browser is opened with url: 'https://swisspostsolutions.metafour.com/ub1439/'

2018-09-25 18:50:31 - [MESSAGE][WARNING] - A browser is already opened. Closing browser and opening a new one

2018-09-25 18:50:36 - [MESSAGE][PASSED] - Browser is opened with url: 'https://swisspostsolutions.metafour.com/ub1439/'

2018-09-25 18:50:36 - [TEST_STEP][PASSED] - navigateToUrl: Navigate to 'https://swisspostsolutions.metafour.com/ub1439/' successfully

2018-09-25 18:50:37 - [MESSAGE][PASSED] - Navigate to 'https://swisspostsolutions.metafour.com/ub1439/' successfully

2018-09-25 18:50:37 - [TEST_STEP][PASSED] - setText: Text 'dummy' is set on object 'Object Repository/Page_Metafour User Login/input_Login_access_code'

2018-09-25 18:50:41 - [MESSAGE][PASSED] - Text 'dummy' is set on object 'Object Repository/Page_Metafour User Login/input_Login_access_code'

2018-09-25 18:50:41 - [TEST_STEP][PASSED] - setText: Text 'Jony' is set on object 'Object Repository/Page_Metafour User Login/input_Login_login'

2018-09-25 18:50:41 - [MESSAGE][PASSED] - Text 'Jony' is set on object 'Object Repository/Page_Metafour User Login/input_Login_login'

2018-09-25 18:50:41 - [TEST_STEP][PASSED] - setText: Text 'MFasia%098' is set on object 'Object Repository/Page_Metafour User Login/input_Login_j_password'

2018-09-25 18:50:41 - [MESSAGE][PASSED] - Text 'MFasia%098' is set on object 'Object Repository/Page_Metafour User Login/input_Login_j_password'

2018-09-25 18:50:41 - [TEST_STEP][PASSED] - click: Object: 'Object Repository/Page_Metafour User Login/button_Sign in' is clicked on

2018-09-25 18:50:42 - [MESSAGE][PASSED] - Object: 'Object Repository/Page_Metafour User Login/button_Sign in' is clicked on

2018-09-25 18:50:42 - [TEST_STEP][PASSED] - delay: Delayed 3 second(s)

2018-09-25 18:50:45 - [MESSAGE][PASSED] - Delayed 3 second(s)

2018-09-25 18:50:45 - [TEST_STEP][FAILED] - verifyElementNotPresent: Unable to verify object 'Object Repository/Page_Metafour User Login/div_Sorry login failed' is not present (Root cause: Web element with id: 'Object Repository/Page_Metafour User Login/div_Sorry login failed' located by 'By.xpath: //div[@id='customerrormessagediv']' is present after '30' second(s))

2018-09-25 18:50:45 - [MESSAGE][WARNING] - Timeout '0' is invalid. Using default page load timeout: '30'

2018-09-25 18:51:16 - [MESSAGE][FAILED] - Web element with id: 'Object Repository/Page_Metafour User Login/div_Sorry login failed' located by 'By.xpath: //div[@id='customerrormessagediv']' is present after '30' second(s)
[[ATTACHMENT|C:\\Users\\mazha\\Katalon Studio\\m4-monitoring\\Reports\\nc-cp-bo-login-test-suit\\20180925_183452\\1537879876109.png]]

2018-09-25 18:51:16 - [MESSAGE][FAILED] - Unable to verify object 'Object Repository/Page_Metafour User Login/div_Sorry login failed' is not present (Root cause: Web element with id: 'Object Repository/Page_Metafour User Login/div_Sorry login failed' located by 'By.xpath: //div[@id='customerrormessagediv']' is present after '30' second(s))
[[ATTACHMENT|C:\\Users\\mazha\\Katalon Studio\\m4-monitoring\\Reports\\nc-cp-bo-login-test-suit\\20180925_183452\\1537879876315.png]]]]></system-out>
         <system-err><![CDATA[2018-09-25 18:50:31 - [TEST_CASE][FAILED] - Test Cases/nc_cp_login_test: Test Cases/nc_cp_login_test FAILED because (of) (Stack trace: com.kms.katalon.core.exception.StepFailedException: Unable to verify object 'Object Repository/Page_Metafour User Login/div_Sorry login failed' is not present (Root cause: Web element with id: 'Object Repository/Page_Metafour User Login/div_Sorry login failed' located by 'By.xpath: //div[@id='customerrormessagediv']' is present after '30' second(s))
	at com.kms.katalon.core.keyword.internal.KeywordMain.stepFailed(KeywordMain.groovy:36)
	at com.kms.katalon.core.webui.keyword.internal.WebUIKeywordMain.stepFailed(WebUIKeywordMain.groovy:65)
	at com.kms.katalon.core.webui.keyword.internal.WebUIKeywordMain.runKeyword(WebUIKeywordMain.groovy:27)
	at com.kms.katalon.core.webui.keyword.builtin.VerifyElementNotPresentKeyword.verifyElementNotPresent(VerifyElementNotPresentKeyword.groovy:118)
	at com.kms.katalon.core.webui.keyword.builtin.VerifyElementNotPresentKeyword.execute(VerifyElementNotPresentKeyword.groovy:68)
	at com.kms.katalon.core.keyword.internal.KeywordExecutor.executeKeywordForPlatform(KeywordExecutor.groovy:53)
	at com.kms.katalon.core.webui.keyword.WebUiBuiltInKeywords.verifyElementNotPresent(WebUiBuiltInKeywords.groovy:1467)
	at com.kms.katalon.core.webui.keyword.WebUiBuiltInKeywords$verifyElementNotPresent$3.call(Unknown Source)
	at Script1537190043452.run(Script1537190043452.groovy:31)
	at com.kms.katalon.core.main.ScriptEngine.run(ScriptEngine.java:183)
	at com.kms.katalon.core.main.ScriptEngine.runScriptAsRawText(ScriptEngine.java:108)
	at com.kms.katalon.core.main.TestCaseExecutor.runScript(TestCaseExecutor.java:294)
	at com.kms.katalon.core.main.TestCaseExecutor.doExecute(TestCaseExecutor.java:285)
	at com.kms.katalon.core.main.TestCaseExecutor.processExecutionPhase(TestCaseExecutor.java:264)
	at com.kms.katalon.core.main.TestCaseExecutor.accessMainPhase(TestCaseExecutor.java:256)
	at com.kms.katalon.core.main.TestCaseExecutor.execute(TestCaseExecutor.java:200)
	at com.kms.katalon.core.main.TestSuiteExecutor.accessTestCaseMainPhase(TestSuiteExecutor.java:129)
	at com.kms.katalon.core.main.TestSuiteExecutor.accessTestSuiteMainPhase(TestSuiteExecutor.java:112)
	at com.kms.katalon.core.main.TestSuiteExecutor.execute(TestSuiteExecutor.java:81)
	at com.kms.katalon.core.main.TestCaseMain.startTestSuite(TestCaseMain.java:142)
	at com.kms.katalon.core.main.TestCaseMain$startTestSuite$0.call(Unknown Source)
	at org.codehaus.groovy.runtime.callsite.CallSiteArray.defaultCall(CallSiteArray.java:48)
	at org.codehaus.groovy.runtime.callsite.AbstractCallSite.call(AbstractCallSite.java:113)
	at org.codehaus.groovy.runtime.callsite.AbstractCallSite.call(AbstractCallSite.java:141)
	at TempTestSuite1537878892048.run(TempTestSuite1537878892048.groovy:36)
	at groovy.lang.GroovyShell.runScriptOrMainOrTestOrRunnable(GroovyShell.java:263)
	at groovy.lang.GroovyShell.run(GroovyShell.java:518)
	at groovy.lang.GroovyShell.run(GroovyShell.java:507)
	at groovy.ui.GroovyMain.processOnce(GroovyMain.java:653)
	at groovy.ui.GroovyMain.run(GroovyMain.java:384)
	at groovy.ui.GroovyMain.process(GroovyMain.java:370)
	at groovy.ui.GroovyMain.processArgs(GroovyMain.java:129)
	at groovy.ui.GroovyMain.main(GroovyMain.java:109)
	at sun.reflect.NativeMethodAccessorImpl.invoke0(Native Method)
	at sun.reflect.NativeMethodAccessorImpl.invoke(NativeMethodAccessorImpl.java:62)
	at sun.reflect.DelegatingMethodAccessorImpl.invoke(DelegatingMethodAccessorImpl.java:43)
	at java.lang.reflect.Method.invoke(Method.java:498)
	at org.codehaus.groovy.tools.GroovyStarter.rootLoader(GroovyStarter.java:109)
	at org.codehaus.groovy.tools.GroovyStarter.main(GroovyStarter.java:131)
)]]></system-err>
      </testcase>
      <testcase name="Test Cases/nc_cp_login_test" classname="Test Cases/nc_cp_login_test" status="PASSED">
         <system-out><![CDATA[2018-09-25 18:51:16 - [TEST_CASE][PASSED] - Test Cases/nc_cp_login_test: Test Cases/nc_cp_login_test

2018-09-25 18:51:16 - [TEST_STEP][PASSED] - openBrowser: Browser is opened with url: 'https://swisspostsolutions.metafour.com/ub6350'

2018-09-25 18:51:16 - [MESSAGE][WARNING] - A browser is already opened. Closing browser and opening a new one

2018-09-25 18:51:22 - [MESSAGE][PASSED] - Browser is opened with url: 'https://swisspostsolutions.metafour.com/ub6350'

2018-09-25 18:51:22 - [TEST_STEP][PASSED] - navigateToUrl: Navigate to 'https://swisspostsolutions.metafour.com/ub6350' successfully

2018-09-25 18:51:23 - [MESSAGE][PASSED] - Navigate to 'https://swisspostsolutions.metafour.com/ub6350' successfully

2018-09-25 18:51:23 - [TEST_STEP][PASSED] - setText: Text 'BUPA' is set on object 'Object Repository/Page_Metafour User Login/input_Login_access_code'

2018-09-25 18:51:27 - [MESSAGE][PASSED] - Text 'BUPA' is set on object 'Object Repository/Page_Metafour User Login/input_Login_access_code'

2018-09-25 18:51:27 - [TEST_STEP][PASSED] - setText: Text 'Jony' is set on object 'Object Repository/Page_Metafour User Login/input_Login_login'

2018-09-25 18:51:27 - [MESSAGE][PASSED] - Text 'Jony' is set on object 'Object Repository/Page_Metafour User Login/input_Login_login'

2018-09-25 18:51:27 - [TEST_STEP][PASSED] - setText: Text '1234' is set on object 'Object Repository/Page_Metafour User Login/input_Login_j_password'

2018-09-25 18:51:27 - [MESSAGE][PASSED] - Text '1234' is set on object 'Object Repository/Page_Metafour User Login/input_Login_j_password'

2018-09-25 18:51:27 - [TEST_STEP][PASSED] - click: Object: 'Object Repository/Page_Metafour User Login/button_Sign in' is clicked on

2018-09-25 18:51:31 - [MESSAGE][PASSED] - Object: 'Object Repository/Page_Metafour User Login/button_Sign in' is clicked on

2018-09-25 18:51:31 - [TEST_STEP][PASSED] - delay: Delayed 3 second(s)

2018-09-25 18:51:34 - [MESSAGE][PASSED] - Delayed 3 second(s)

2018-09-25 18:51:34 - [TEST_STEP][PASSED] - verifyElementNotPresent: Web element with id: 'Object Repository/Page_Metafour User Login/div_Sorry login failed' located by 'By.xpath: //div[@id='customerrormessagediv']' is not present after '30' second(s)

2018-09-25 18:51:34 - [MESSAGE][WARNING] - Timeout '0' is invalid. Using default page load timeout: '30'

2018-09-25 18:51:34 - [MESSAGE][PASSED] - Web element with id: 'Object Repository/Page_Metafour User Login/div_Sorry login failed' located by 'By.xpath: //div[@id='customerrormessagediv']' is not present after '30' second(s)

2018-09-25 18:51:34 - [TEST_STEP][PASSED] - closeBrowser: Browser is closed

2018-09-25 18:51:34 - [MESSAGE][PASSED] - Browser is closed]]></system-out>
         <system-err><![CDATA[]]></system-err>
      </testcase>
      <testcase name="Test Cases/nc_cp_login_test" classname="Test Cases/nc_cp_login_test" status="PASSED">
         <system-out><![CDATA[2018-09-25 18:51:34 - [TEST_CASE][PASSED] - Test Cases/nc_cp_login_test: Test Cases/nc_cp_login_test

2018-09-25 18:51:34 - [TEST_STEP][PASSED] - openBrowser: Browser is opened with url: 'https://swisspostsolutions.metafour.com/ub5254/'

2018-09-25 18:51:39 - [MESSAGE][PASSED] - Browser is opened with url: 'https://swisspostsolutions.metafour.com/ub5254/'

2018-09-25 18:51:39 - [TEST_STEP][PASSED] - navigateToUrl: Navigate to 'https://swisspostsolutions.metafour.com/ub5254/' successfully

2018-09-25 18:51:40 - [MESSAGE][PASSED] - Navigate to 'https://swisspostsolutions.metafour.com/ub5254/' successfully

2018-09-25 18:51:40 - [TEST_STEP][PASSED] - setText: Text 'Master' is set on object 'Object Repository/Page_Metafour User Login/input_Login_access_code'

2018-09-25 18:51:44 - [MESSAGE][PASSED] - Text 'Master' is set on object 'Object Repository/Page_Metafour User Login/input_Login_access_code'

2018-09-25 18:51:44 - [TEST_STEP][PASSED] - setText: Text 'Hasan' is set on object 'Object Repository/Page_Metafour User Login/input_Login_login'

2018-09-25 18:51:44 - [MESSAGE][PASSED] - Text 'Hasan' is set on object 'Object Repository/Page_Metafour User Login/input_Login_login'

2018-09-25 18:51:44 - [TEST_STEP][PASSED] - setText: Text 'hasan' is set on object 'Object Repository/Page_Metafour User Login/input_Login_j_password'

2018-09-25 18:51:44 - [MESSAGE][PASSED] - Text 'hasan' is set on object 'Object Repository/Page_Metafour User Login/input_Login_j_password'

2018-09-25 18:51:44 - [TEST_STEP][PASSED] - click: Object: 'Object Repository/Page_Metafour User Login/button_Sign in' is clicked on

2018-09-25 18:51:48 - [MESSAGE][PASSED] - Object: 'Object Repository/Page_Metafour User Login/button_Sign in' is clicked on

2018-09-25 18:51:48 - [TEST_STEP][PASSED] - delay: Delayed 3 second(s)

2018-09-25 18:51:51 - [MESSAGE][PASSED] - Delayed 3 second(s)

2018-09-25 18:51:51 - [TEST_STEP][PASSED] - verifyElementNotPresent: Web element with id: 'Object Repository/Page_Metafour User Login/div_Sorry login failed' located by 'By.xpath: //div[@id='customerrormessagediv']' is not present after '30' second(s)

2018-09-25 18:51:51 - [MESSAGE][WARNING] - Timeout '0' is invalid. Using default page load timeout: '30'

2018-09-25 18:51:51 - [MESSAGE][PASSED] - Web element with id: 'Object Repository/Page_Metafour User Login/div_Sorry login failed' located by 'By.xpath: //div[@id='customerrormessagediv']' is not present after '30' second(s)

2018-09-25 18:51:51 - [TEST_STEP][PASSED] - closeBrowser: Browser is closed

2018-09-25 18:51:52 - [MESSAGE][PASSED] - Browser is closed]]></system-out>
         <system-err><![CDATA[]]></system-err>
      </testcase>
      <testcase name="Test Cases/nc_cp_login_test" classname="Test Cases/nc_cp_login_test" status="PASSED">
         <system-out><![CDATA[2018-09-25 18:51:52 - [TEST_CASE][PASSED] - Test Cases/nc_cp_login_test: Test Cases/nc_cp_login_test

2018-09-25 18:51:52 - [TEST_STEP][PASSED] - openBrowser: Browser is opened with url: 'https://swisspostsolutions.metafour.com/ub6053'

2018-09-25 18:51:57 - [MESSAGE][PASSED] - Browser is opened with url: 'https://swisspostsolutions.metafour.com/ub6053'

2018-09-25 18:51:57 - [TEST_STEP][PASSED] - navigateToUrl: Navigate to 'https://swisspostsolutions.metafour.com/ub6053' successfully

2018-09-25 18:51:58 - [MESSAGE][PASSED] - Navigate to 'https://swisspostsolutions.metafour.com/ub6053' successfully

2018-09-25 18:51:58 - [TEST_STEP][PASSED] - setText: Text 'CS' is set on object 'Object Repository/Page_Metafour User Login/input_Login_access_code'

2018-09-25 18:52:02 - [MESSAGE][PASSED] - Text 'CS' is set on object 'Object Repository/Page_Metafour User Login/input_Login_access_code'

2018-09-25 18:52:02 - [TEST_STEP][PASSED] - setText: Text 'Jony' is set on object 'Object Repository/Page_Metafour User Login/input_Login_login'

2018-09-25 18:52:02 - [MESSAGE][PASSED] - Text 'Jony' is set on object 'Object Repository/Page_Metafour User Login/input_Login_login'

2018-09-25 18:52:02 - [TEST_STEP][PASSED] - setText: Text '1234' is set on object 'Object Repository/Page_Metafour User Login/input_Login_j_password'

2018-09-25 18:52:02 - [MESSAGE][PASSED] - Text '1234' is set on object 'Object Repository/Page_Metafour User Login/input_Login_j_password'

2018-09-25 18:52:02 - [TEST_STEP][PASSED] - click: Object: 'Object Repository/Page_Metafour User Login/button_Sign in' is clicked on

2018-09-25 18:52:06 - [MESSAGE][PASSED] - Object: 'Object Repository/Page_Metafour User Login/button_Sign in' is clicked on

2018-09-25 18:52:06 - [TEST_STEP][PASSED] - delay: Delayed 3 second(s)

2018-09-25 18:52:09 - [MESSAGE][PASSED] - Delayed 3 second(s)

2018-09-25 18:52:09 - [TEST_STEP][PASSED] - verifyElementNotPresent: Web element with id: 'Object Repository/Page_Metafour User Login/div_Sorry login failed' located by 'By.xpath: //div[@id='customerrormessagediv']' is not present after '30' second(s)

2018-09-25 18:52:09 - [MESSAGE][WARNING] - Timeout '0' is invalid. Using default page load timeout: '30'

2018-09-25 18:52:09 - [MESSAGE][PASSED] - Web element with id: 'Object Repository/Page_Metafour User Login/div_Sorry login failed' located by 'By.xpath: //div[@id='customerrormessagediv']' is not present after '30' second(s)

2018-09-25 18:52:09 - [TEST_STEP][PASSED] - closeBrowser: Browser is closed

2018-09-25 18:52:10 - [MESSAGE][PASSED] - Browser is closed]]></system-out>
         <system-err><![CDATA[]]></system-err>
      </testcase>
      <testcase name="Test Cases/nc_cp_login_test" classname="Test Cases/nc_cp_login_test" status="FAILED">
         <failure type="FAILED" message="(Stack trace: com.kms.katalon.core.exception.StepFailedException: Unable to verify object 'Object Repository/Page_Metafour User Login/div_Sorry login failed' is not present (Root cause: Web element with id: 'Object Repository/Page_Metafour User Login/div_Sorry login failed' located by 'By.xpath: //div[@id='customerrormessagediv']' is present after '30' second(s))
	at com.kms.katalon.core.keyword.internal.KeywordMain.stepFailed(KeywordMain.groovy:36)
	at com.kms.katalon.core.webui.keyword.internal.WebUIKeywordMain.stepFailed(WebUIKeywordMain.groovy:65)
	at com.kms.katalon.core.webui.keyword.internal.WebUIKeywordMain.runKeyword(WebUIKeywordMain.groovy:27)
	at com.kms.katalon.core.webui.keyword.builtin.VerifyElementNotPresentKeyword.verifyElementNotPresent(VerifyElementNotPresentKeyword.groovy:118)
	at com.kms.katalon.core.webui.keyword.builtin.VerifyElementNotPresentKeyword.execute(VerifyElementNotPresentKeyword.groovy:68)
	at com.kms.katalon.core.keyword.internal.KeywordExecutor.executeKeywordForPlatform(KeywordExecutor.groovy:53)
	at com.kms.katalon.core.webui.keyword.WebUiBuiltInKeywords.verifyElementNotPresent(WebUiBuiltInKeywords.groovy:1467)
	at com.kms.katalon.core.webui.keyword.WebUiBuiltInKeywords$verifyElementNotPresent$3.call(Unknown Source)
	at Script1537190043452.run(Script1537190043452.groovy:31)
	at com.kms.katalon.core.main.ScriptEngine.run(ScriptEngine.java:183)
	at com.kms.katalon.core.main.ScriptEngine.runScriptAsRawText(ScriptEngine.java:108)
	at com.kms.katalon.core.main.TestCaseExecutor.runScript(TestCaseExecutor.java:294)
	at com.kms.katalon.core.main.TestCaseExecutor.doExecute(TestCaseExecutor.java:285)
	at com.kms.katalon.core.main.TestCaseExecutor.processExecutionPhase(TestCaseExecutor.java:264)
	at com.kms.katalon.core.main.TestCaseExecutor.accessMainPhase(TestCaseExecutor.java:256)
	at com.kms.katalon.core.main.TestCaseExecutor.execute(TestCaseExecutor.java:200)
	at com.kms.katalon.core.main.TestSuiteExecutor.accessTestCaseMainPhase(TestSuiteExecutor.java:129)
	at com.kms.katalon.core.main.TestSuiteExecutor.accessTestSuiteMainPhase(TestSuiteExecutor.java:112)
	at com.kms.katalon.core.main.TestSuiteExecutor.execute(TestSuiteExecutor.java:81)
	at com.kms.katalon.core.main.TestCaseMain.startTestSuite(TestCaseMain.java:142)
	at com.kms.katalon.core.main.TestCaseMain$startTestSuite$0.call(Unknown Source)
	at org.codehaus.groovy.runtime.callsite.CallSiteArray.defaultCall(CallSiteArray.java:48)
	at org.codehaus.groovy.runtime.callsite.AbstractCallSite.call(AbstractCallSite.java:113)
	at org.codehaus.groovy.runtime.callsite.AbstractCallSite.call(AbstractCallSite.java:141)
	at TempTestSuite1537878892048.run(TempTestSuite1537878892048.groovy:36)
	at groovy.lang.GroovyShell.runScriptOrMainOrTestOrRunnable(GroovyShell.java:263)
	at groovy.lang.GroovyShell.run(GroovyShell.java:518)
	at groovy.lang.GroovyShell.run(GroovyShell.java:507)
	at groovy.ui.GroovyMain.processOnce(GroovyMain.java:653)
	at groovy.ui.GroovyMain.run(GroovyMain.java:384)
	at groovy.ui.GroovyMain.process(GroovyMain.java:370)
	at groovy.ui.GroovyMain.processArgs(GroovyMain.java:129)
	at groovy.ui.GroovyMain.main(GroovyMain.java:109)
	at sun.reflect.NativeMethodAccessorImpl.invoke0(Native Method)
	at sun.reflect.NativeMethodAccessorImpl.invoke(NativeMethodAccessorImpl.java:62)
	at sun.reflect.DelegatingMethodAccessorImpl.invoke(DelegatingMethodAccessorImpl.java:43)
	at java.lang.reflect.Method.invoke(Method.java:498)
	at org.codehaus.groovy.tools.GroovyStarter.rootLoader(GroovyStarter.java:109)
	at org.codehaus.groovy.tools.GroovyStarter.main(GroovyStarter.java:131)
)"/>
         <system-out><![CDATA[2018-09-25 18:52:10 - [TEST_CASE][FAILED] - Test Cases/nc_cp_login_test: Test Cases/nc_cp_login_test FAILED because (of) (Stack trace: com.kms.katalon.core.exception.StepFailedException: Unable to verify object 'Object Repository/Page_Metafour User Login/div_Sorry login failed' is not present (Root cause: Web element with id: 'Object Repository/Page_Metafour User Login/div_Sorry login failed' located by 'By.xpath: //div[@id='customerrormessagediv']' is present after '30' second(s))
	at com.kms.katalon.core.keyword.internal.KeywordMain.stepFailed(KeywordMain.groovy:36)
	at com.kms.katalon.core.webui.keyword.internal.WebUIKeywordMain.stepFailed(WebUIKeywordMain.groovy:65)
	at com.kms.katalon.core.webui.keyword.internal.WebUIKeywordMain.runKeyword(WebUIKeywordMain.groovy:27)
	at com.kms.katalon.core.webui.keyword.builtin.VerifyElementNotPresentKeyword.verifyElementNotPresent(VerifyElementNotPresentKeyword.groovy:118)
	at com.kms.katalon.core.webui.keyword.builtin.VerifyElementNotPresentKeyword.execute(VerifyElementNotPresentKeyword.groovy:68)
	at com.kms.katalon.core.keyword.internal.KeywordExecutor.executeKeywordForPlatform(KeywordExecutor.groovy:53)
	at com.kms.katalon.core.webui.keyword.WebUiBuiltInKeywords.verifyElementNotPresent(WebUiBuiltInKeywords.groovy:1467)
	at com.kms.katalon.core.webui.keyword.WebUiBuiltInKeywords$verifyElementNotPresent$3.call(Unknown Source)
	at Script1537190043452.run(Script1537190043452.groovy:31)
	at com.kms.katalon.core.main.ScriptEngine.run(ScriptEngine.java:183)
	at com.kms.katalon.core.main.ScriptEngine.runScriptAsRawText(ScriptEngine.java:108)
	at com.kms.katalon.core.main.TestCaseExecutor.runScript(TestCaseExecutor.java:294)
	at com.kms.katalon.core.main.TestCaseExecutor.doExecute(TestCaseExecutor.java:285)
	at com.kms.katalon.core.main.TestCaseExecutor.processExecutionPhase(TestCaseExecutor.java:264)
	at com.kms.katalon.core.main.TestCaseExecutor.accessMainPhase(TestCaseExecutor.java:256)
	at com.kms.katalon.core.main.TestCaseExecutor.execute(TestCaseExecutor.java:200)
	at com.kms.katalon.core.main.TestSuiteExecutor.accessTestCaseMainPhase(TestSuiteExecutor.java:129)
	at com.kms.katalon.core.main.TestSuiteExecutor.accessTestSuiteMainPhase(TestSuiteExecutor.java:112)
	at com.kms.katalon.core.main.TestSuiteExecutor.execute(TestSuiteExecutor.java:81)
	at com.kms.katalon.core.main.TestCaseMain.startTestSuite(TestCaseMain.java:142)
	at com.kms.katalon.core.main.TestCaseMain$startTestSuite$0.call(Unknown Source)
	at org.codehaus.groovy.runtime.callsite.CallSiteArray.defaultCall(CallSiteArray.java:48)
	at org.codehaus.groovy.runtime.callsite.AbstractCallSite.call(AbstractCallSite.java:113)
	at org.codehaus.groovy.runtime.callsite.AbstractCallSite.call(AbstractCallSite.java:141)
	at TempTestSuite1537878892048.run(TempTestSuite1537878892048.groovy:36)
	at groovy.lang.GroovyShell.runScriptOrMainOrTestOrRunnable(GroovyShell.java:263)
	at groovy.lang.GroovyShell.run(GroovyShell.java:518)
	at groovy.lang.GroovyShell.run(GroovyShell.java:507)
	at groovy.ui.GroovyMain.processOnce(GroovyMain.java:653)
	at groovy.ui.GroovyMain.run(GroovyMain.java:384)
	at groovy.ui.GroovyMain.process(GroovyMain.java:370)
	at groovy.ui.GroovyMain.processArgs(GroovyMain.java:129)
	at groovy.ui.GroovyMain.main(GroovyMain.java:109)
	at sun.reflect.NativeMethodAccessorImpl.invoke0(Native Method)
	at sun.reflect.NativeMethodAccessorImpl.invoke(NativeMethodAccessorImpl.java:62)
	at sun.reflect.DelegatingMethodAccessorImpl.invoke(DelegatingMethodAccessorImpl.java:43)
	at java.lang.reflect.Method.invoke(Method.java:498)
	at org.codehaus.groovy.tools.GroovyStarter.rootLoader(GroovyStarter.java:109)
	at org.codehaus.groovy.tools.GroovyStarter.main(GroovyStarter.java:131)
)

2018-09-25 18:52:10 - [TEST_STEP][PASSED] - openBrowser: Browser is opened with url: 'https://swisspostsolutions.metafour.com/ub3803/'

2018-09-25 18:52:14 - [MESSAGE][PASSED] - Browser is opened with url: 'https://swisspostsolutions.metafour.com/ub3803/'

2018-09-25 18:52:14 - [TEST_STEP][PASSED] - navigateToUrl: Navigate to 'https://swisspostsolutions.metafour.com/ub3803/' successfully

2018-09-25 18:52:15 - [MESSAGE][PASSED] - Navigate to 'https://swisspostsolutions.metafour.com/ub3803/' successfully

2018-09-25 18:52:15 - [TEST_STEP][PASSED] - setText: Text 'CSDTC' is set on object 'Object Repository/Page_Metafour User Login/input_Login_access_code'

2018-09-25 18:52:20 - [MESSAGE][PASSED] - Text 'CSDTC' is set on object 'Object Repository/Page_Metafour User Login/input_Login_access_code'

2018-09-25 18:52:20 - [TEST_STEP][PASSED] - setText: Text 'Jony' is set on object 'Object Repository/Page_Metafour User Login/input_Login_login'

2018-09-25 18:52:20 - [MESSAGE][PASSED] - Text 'Jony' is set on object 'Object Repository/Page_Metafour User Login/input_Login_login'

2018-09-25 18:52:20 - [TEST_STEP][PASSED] - setText: Text 'MFasia%123' is set on object 'Object Repository/Page_Metafour User Login/input_Login_j_password'

2018-09-25 18:52:20 - [MESSAGE][PASSED] - Text 'MFasia%123' is set on object 'Object Repository/Page_Metafour User Login/input_Login_j_password'

2018-09-25 18:52:20 - [TEST_STEP][PASSED] - click: Object: 'Object Repository/Page_Metafour User Login/button_Sign in' is clicked on

2018-09-25 18:52:21 - [MESSAGE][PASSED] - Object: 'Object Repository/Page_Metafour User Login/button_Sign in' is clicked on

2018-09-25 18:52:21 - [TEST_STEP][PASSED] - delay: Delayed 3 second(s)

2018-09-25 18:52:24 - [MESSAGE][PASSED] - Delayed 3 second(s)

2018-09-25 18:52:24 - [TEST_STEP][FAILED] - verifyElementNotPresent: Unable to verify object 'Object Repository/Page_Metafour User Login/div_Sorry login failed' is not present (Root cause: Web element with id: 'Object Repository/Page_Metafour User Login/div_Sorry login failed' located by 'By.xpath: //div[@id='customerrormessagediv']' is present after '30' second(s))

2018-09-25 18:52:24 - [MESSAGE][WARNING] - Timeout '0' is invalid. Using default page load timeout: '30'

2018-09-25 18:52:54 - [MESSAGE][FAILED] - Web element with id: 'Object Repository/Page_Metafour User Login/div_Sorry login failed' located by 'By.xpath: //div[@id='customerrormessagediv']' is present after '30' second(s)
[[ATTACHMENT|C:\\Users\\mazha\\Katalon Studio\\m4-monitoring\\Reports\\nc-cp-bo-login-test-suit\\20180925_183452\\1537879974681.png]]

2018-09-25 18:52:55 - [MESSAGE][FAILED] - Unable to verify object 'Object Repository/Page_Metafour User Login/div_Sorry login failed' is not present (Root cause: Web element with id: 'Object Repository/Page_Metafour User Login/div_Sorry login failed' located by 'By.xpath: //div[@id='customerrormessagediv']' is present after '30' second(s))
[[ATTACHMENT|C:\\Users\\mazha\\Katalon Studio\\m4-monitoring\\Reports\\nc-cp-bo-login-test-suit\\20180925_183452\\1537879974898.png]]]]></system-out>
         <system-err><![CDATA[2018-09-25 18:52:10 - [TEST_CASE][FAILED] - Test Cases/nc_cp_login_test: Test Cases/nc_cp_login_test FAILED because (of) (Stack trace: com.kms.katalon.core.exception.StepFailedException: Unable to verify object 'Object Repository/Page_Metafour User Login/div_Sorry login failed' is not present (Root cause: Web element with id: 'Object Repository/Page_Metafour User Login/div_Sorry login failed' located by 'By.xpath: //div[@id='customerrormessagediv']' is present after '30' second(s))
	at com.kms.katalon.core.keyword.internal.KeywordMain.stepFailed(KeywordMain.groovy:36)
	at com.kms.katalon.core.webui.keyword.internal.WebUIKeywordMain.stepFailed(WebUIKeywordMain.groovy:65)
	at com.kms.katalon.core.webui.keyword.internal.WebUIKeywordMain.runKeyword(WebUIKeywordMain.groovy:27)
	at com.kms.katalon.core.webui.keyword.builtin.VerifyElementNotPresentKeyword.verifyElementNotPresent(VerifyElementNotPresentKeyword.groovy:118)
	at com.kms.katalon.core.webui.keyword.builtin.VerifyElementNotPresentKeyword.execute(VerifyElementNotPresentKeyword.groovy:68)
	at com.kms.katalon.core.keyword.internal.KeywordExecutor.executeKeywordForPlatform(KeywordExecutor.groovy:53)
	at com.kms.katalon.core.webui.keyword.WebUiBuiltInKeywords.verifyElementNotPresent(WebUiBuiltInKeywords.groovy:1467)
	at com.kms.katalon.core.webui.keyword.WebUiBuiltInKeywords$verifyElementNotPresent$3.call(Unknown Source)
	at Script1537190043452.run(Script1537190043452.groovy:31)
	at com.kms.katalon.core.main.ScriptEngine.run(ScriptEngine.java:183)
	at com.kms.katalon.core.main.ScriptEngine.runScriptAsRawText(ScriptEngine.java:108)
	at com.kms.katalon.core.main.TestCaseExecutor.runScript(TestCaseExecutor.java:294)
	at com.kms.katalon.core.main.TestCaseExecutor.doExecute(TestCaseExecutor.java:285)
	at com.kms.katalon.core.main.TestCaseExecutor.processExecutionPhase(TestCaseExecutor.java:264)
	at com.kms.katalon.core.main.TestCaseExecutor.accessMainPhase(TestCaseExecutor.java:256)
	at com.kms.katalon.core.main.TestCaseExecutor.execute(TestCaseExecutor.java:200)
	at com.kms.katalon.core.main.TestSuiteExecutor.accessTestCaseMainPhase(TestSuiteExecutor.java:129)
	at com.kms.katalon.core.main.TestSuiteExecutor.accessTestSuiteMainPhase(TestSuiteExecutor.java:112)
	at com.kms.katalon.core.main.TestSuiteExecutor.execute(TestSuiteExecutor.java:81)
	at com.kms.katalon.core.main.TestCaseMain.startTestSuite(TestCaseMain.java:142)
	at com.kms.katalon.core.main.TestCaseMain$startTestSuite$0.call(Unknown Source)
	at org.codehaus.groovy.runtime.callsite.CallSiteArray.defaultCall(CallSiteArray.java:48)
	at org.codehaus.groovy.runtime.callsite.AbstractCallSite.call(AbstractCallSite.java:113)
	at org.codehaus.groovy.runtime.callsite.AbstractCallSite.call(AbstractCallSite.java:141)
	at TempTestSuite1537878892048.run(TempTestSuite1537878892048.groovy:36)
	at groovy.lang.GroovyShell.runScriptOrMainOrTestOrRunnable(GroovyShell.java:263)
	at groovy.lang.GroovyShell.run(GroovyShell.java:518)
	at groovy.lang.GroovyShell.run(GroovyShell.java:507)
	at groovy.ui.GroovyMain.processOnce(GroovyMain.java:653)
	at groovy.ui.GroovyMain.run(GroovyMain.java:384)
	at groovy.ui.GroovyMain.process(GroovyMain.java:370)
	at groovy.ui.GroovyMain.processArgs(GroovyMain.java:129)
	at groovy.ui.GroovyMain.main(GroovyMain.java:109)
	at sun.reflect.NativeMethodAccessorImpl.invoke0(Native Method)
	at sun.reflect.NativeMethodAccessorImpl.invoke(NativeMethodAccessorImpl.java:62)
	at sun.reflect.DelegatingMethodAccessorImpl.invoke(DelegatingMethodAccessorImpl.java:43)
	at java.lang.reflect.Method.invoke(Method.java:498)
	at org.codehaus.groovy.tools.GroovyStarter.rootLoader(GroovyStarter.java:109)
	at org.codehaus.groovy.tools.GroovyStarter.main(GroovyStarter.java:131)
)]]></system-err>
      </testcase>
      <testcase name="Test Cases/nc_cp_login_test" classname="Test Cases/nc_cp_login_test" status="PASSED">
         <system-out><![CDATA[2018-09-25 18:52:55 - [TEST_CASE][PASSED] - Test Cases/nc_cp_login_test: Test Cases/nc_cp_login_test

2018-09-25 18:52:55 - [TEST_STEP][PASSED] - openBrowser: Browser is opened with url: 'https://swisspostsolutions.metafour.com/ub4722/'

2018-09-25 18:52:55 - [MESSAGE][WARNING] - A browser is already opened. Closing browser and opening a new one

2018-09-25 18:53:01 - [MESSAGE][PASSED] - Browser is opened with url: 'https://swisspostsolutions.metafour.com/ub4722/'

2018-09-25 18:53:01 - [TEST_STEP][PASSED] - navigateToUrl: Navigate to 'https://swisspostsolutions.metafour.com/ub4722/' successfully

2018-09-25 18:53:02 - [MESSAGE][PASSED] - Navigate to 'https://swisspostsolutions.metafour.com/ub4722/' successfully

2018-09-25 18:53:02 - [TEST_STEP][PASSED] - setText: Text 'spstest' is set on object 'Object Repository/Page_Metafour User Login/input_Login_access_code'

2018-09-25 18:53:06 - [MESSAGE][PASSED] - Text 'spstest' is set on object 'Object Repository/Page_Metafour User Login/input_Login_access_code'

2018-09-25 18:53:06 - [TEST_STEP][PASSED] - setText: Text 'clon' is set on object 'Object Repository/Page_Metafour User Login/input_Login_login'

2018-09-25 18:53:06 - [MESSAGE][PASSED] - Text 'clon' is set on object 'Object Repository/Page_Metafour User Login/input_Login_login'

2018-09-25 18:53:06 - [TEST_STEP][PASSED] - setText: Text 'MFasia%123' is set on object 'Object Repository/Page_Metafour User Login/input_Login_j_password'

2018-09-25 18:53:06 - [MESSAGE][PASSED] - Text 'MFasia%123' is set on object 'Object Repository/Page_Metafour User Login/input_Login_j_password'

2018-09-25 18:53:06 - [TEST_STEP][PASSED] - click: Object: 'Object Repository/Page_Metafour User Login/button_Sign in' is clicked on

2018-09-25 18:53:09 - [MESSAGE][PASSED] - Object: 'Object Repository/Page_Metafour User Login/button_Sign in' is clicked on

2018-09-25 18:53:09 - [TEST_STEP][PASSED] - delay: Delayed 3 second(s)

2018-09-25 18:53:12 - [MESSAGE][PASSED] - Delayed 3 second(s)

2018-09-25 18:53:12 - [TEST_STEP][PASSED] - verifyElementNotPresent: Web element with id: 'Object Repository/Page_Metafour User Login/div_Sorry login failed' located by 'By.xpath: //div[@id='customerrormessagediv']' is not present after '30' second(s)

2018-09-25 18:53:12 - [MESSAGE][WARNING] - Timeout '0' is invalid. Using default page load timeout: '30'

2018-09-25 18:53:12 - [MESSAGE][PASSED] - Web element with id: 'Object Repository/Page_Metafour User Login/div_Sorry login failed' located by 'By.xpath: //div[@id='customerrormessagediv']' is not present after '30' second(s)

2018-09-25 18:53:12 - [TEST_STEP][PASSED] - closeBrowser: Browser is closed

2018-09-25 18:53:12 - [MESSAGE][PASSED] - Browser is closed]]></system-out>
         <system-err><![CDATA[]]></system-err>
      </testcase>
      <testcase name="Test Cases/nc_cp_login_test" classname="Test Cases/nc_cp_login_test" status="PASSED">
         <system-out><![CDATA[2018-09-25 18:53:12 - [TEST_CASE][PASSED] - Test Cases/nc_cp_login_test: Test Cases/nc_cp_login_test

2018-09-25 18:53:12 - [TEST_STEP][PASSED] - openBrowser: Browser is opened with url: 'https://swisspostsolutions.metafour.com/ub8865/'

2018-09-25 18:53:18 - [MESSAGE][PASSED] - Browser is opened with url: 'https://swisspostsolutions.metafour.com/ub8865/'

2018-09-25 18:53:18 - [TEST_STEP][PASSED] - navigateToUrl: Navigate to 'https://swisspostsolutions.metafour.com/ub8865/' successfully

2018-09-25 18:53:19 - [MESSAGE][PASSED] - Navigate to 'https://swisspostsolutions.metafour.com/ub8865/' successfully

2018-09-25 18:53:19 - [TEST_STEP][PASSED] - setText: Text 'SPS' is set on object 'Object Repository/Page_Metafour User Login/input_Login_access_code'

2018-09-25 18:53:23 - [MESSAGE][PASSED] - Text 'SPS' is set on object 'Object Repository/Page_Metafour User Login/input_Login_access_code'

2018-09-25 18:53:23 - [TEST_STEP][PASSED] - setText: Text 'Jony' is set on object 'Object Repository/Page_Metafour User Login/input_Login_login'

2018-09-25 18:53:23 - [MESSAGE][PASSED] - Text 'Jony' is set on object 'Object Repository/Page_Metafour User Login/input_Login_login'

2018-09-25 18:53:23 - [TEST_STEP][PASSED] - setText: Text '1234' is set on object 'Object Repository/Page_Metafour User Login/input_Login_j_password'

2018-09-25 18:53:23 - [MESSAGE][PASSED] - Text '1234' is set on object 'Object Repository/Page_Metafour User Login/input_Login_j_password'

2018-09-25 18:53:23 - [TEST_STEP][PASSED] - click: Object: 'Object Repository/Page_Metafour User Login/button_Sign in' is clicked on

2018-09-25 18:53:27 - [MESSAGE][PASSED] - Object: 'Object Repository/Page_Metafour User Login/button_Sign in' is clicked on

2018-09-25 18:53:27 - [TEST_STEP][PASSED] - delay: Delayed 3 second(s)

2018-09-25 18:53:30 - [MESSAGE][PASSED] - Delayed 3 second(s)

2018-09-25 18:53:30 - [TEST_STEP][PASSED] - verifyElementNotPresent: Web element with id: 'Object Repository/Page_Metafour User Login/div_Sorry login failed' located by 'By.xpath: //div[@id='customerrormessagediv']' is not present after '30' second(s)

2018-09-25 18:53:30 - [MESSAGE][WARNING] - Timeout '0' is invalid. Using default page load timeout: '30'

2018-09-25 18:53:30 - [MESSAGE][PASSED] - Web element with id: 'Object Repository/Page_Metafour User Login/div_Sorry login failed' located by 'By.xpath: //div[@id='customerrormessagediv']' is not present after '30' second(s)

2018-09-25 18:53:30 - [TEST_STEP][PASSED] - closeBrowser: Browser is closed

2018-09-25 18:53:31 - [MESSAGE][PASSED] - Browser is closed]]></system-out>
         <system-err><![CDATA[]]></system-err>
      </testcase>
      <testcase name="Test Cases/nc_cp_login_test" classname="Test Cases/nc_cp_login_test" status="PASSED">
         <system-out><![CDATA[2018-09-25 18:53:31 - [TEST_CASE][PASSED] - Test Cases/nc_cp_login_test: Test Cases/nc_cp_login_test

2018-09-25 18:53:31 - [TEST_STEP][PASSED] - openBrowser: Browser is opened with url: 'https://swisspostsolutions.metafour.com/ub1737/'

2018-09-25 18:53:36 - [MESSAGE][PASSED] - Browser is opened with url: 'https://swisspostsolutions.metafour.com/ub1737/'

2018-09-25 18:53:36 - [TEST_STEP][PASSED] - navigateToUrl: Navigate to 'https://swisspostsolutions.metafour.com/ub1737/' successfully

2018-09-25 18:53:37 - [MESSAGE][PASSED] - Navigate to 'https://swisspostsolutions.metafour.com/ub1737/' successfully

2018-09-25 18:53:37 - [TEST_STEP][PASSED] - setText: Text 'dummy' is set on object 'Object Repository/Page_Metafour User Login/input_Login_access_code'

2018-09-25 18:53:41 - [MESSAGE][PASSED] - Text 'dummy' is set on object 'Object Repository/Page_Metafour User Login/input_Login_access_code'

2018-09-25 18:53:41 - [TEST_STEP][PASSED] - setText: Text 'Hasan' is set on object 'Object Repository/Page_Metafour User Login/input_Login_login'

2018-09-25 18:53:41 - [MESSAGE][PASSED] - Text 'Hasan' is set on object 'Object Repository/Page_Metafour User Login/input_Login_login'

2018-09-25 18:53:41 - [TEST_STEP][PASSED] - setText: Text 'hasan' is set on object 'Object Repository/Page_Metafour User Login/input_Login_j_password'

2018-09-25 18:53:41 - [MESSAGE][PASSED] - Text 'hasan' is set on object 'Object Repository/Page_Metafour User Login/input_Login_j_password'

2018-09-25 18:53:41 - [TEST_STEP][PASSED] - click: Object: 'Object Repository/Page_Metafour User Login/button_Sign in' is clicked on

2018-09-25 18:53:45 - [MESSAGE][PASSED] - Object: 'Object Repository/Page_Metafour User Login/button_Sign in' is clicked on

2018-09-25 18:53:45 - [TEST_STEP][PASSED] - delay: Delayed 3 second(s)

2018-09-25 18:53:48 - [MESSAGE][PASSED] - Delayed 3 second(s)

2018-09-25 18:53:48 - [TEST_STEP][PASSED] - verifyElementNotPresent: Web element with id: 'Object Repository/Page_Metafour User Login/div_Sorry login failed' located by 'By.xpath: //div[@id='customerrormessagediv']' is not present after '30' second(s)

2018-09-25 18:53:48 - [MESSAGE][WARNING] - Timeout '0' is invalid. Using default page load timeout: '30'

2018-09-25 18:53:48 - [MESSAGE][PASSED] - Web element with id: 'Object Repository/Page_Metafour User Login/div_Sorry login failed' located by 'By.xpath: //div[@id='customerrormessagediv']' is not present after '30' second(s)

2018-09-25 18:53:48 - [TEST_STEP][PASSED] - closeBrowser: Browser is closed

2018-09-25 18:53:49 - [MESSAGE][PASSED] - Browser is closed]]></system-out>
         <system-err><![CDATA[]]></system-err>
      </testcase>
      <testcase name="Test Cases/nc_cp_login_test" classname="Test Cases/nc_cp_login_test" status="PASSED">
         <system-out><![CDATA[2018-09-25 18:53:49 - [TEST_CASE][PASSED] - Test Cases/nc_cp_login_test: Test Cases/nc_cp_login_test

2018-09-25 18:53:49 - [TEST_STEP][PASSED] - openBrowser: Browser is opened with url: 'https://swisspostsolutions.metafour.com/ub9761/'

2018-09-25 18:53:54 - [MESSAGE][PASSED] - Browser is opened with url: 'https://swisspostsolutions.metafour.com/ub9761/'

2018-09-25 18:53:54 - [TEST_STEP][PASSED] - navigateToUrl: Navigate to 'https://swisspostsolutions.metafour.com/ub9761/' successfully

2018-09-25 18:53:55 - [MESSAGE][PASSED] - Navigate to 'https://swisspostsolutions.metafour.com/ub9761/' successfully

2018-09-25 18:53:55 - [TEST_STEP][PASSED] - setText: Text 'dummy' is set on object 'Object Repository/Page_Metafour User Login/input_Login_access_code'

2018-09-25 18:53:59 - [MESSAGE][PASSED] - Text 'dummy' is set on object 'Object Repository/Page_Metafour User Login/input_Login_access_code'

2018-09-25 18:53:59 - [TEST_STEP][PASSED] - setText: Text 'Hasan' is set on object 'Object Repository/Page_Metafour User Login/input_Login_login'

2018-09-25 18:54:00 - [MESSAGE][PASSED] - Text 'Hasan' is set on object 'Object Repository/Page_Metafour User Login/input_Login_login'

2018-09-25 18:54:00 - [TEST_STEP][PASSED] - setText: Text 'hasan' is set on object 'Object Repository/Page_Metafour User Login/input_Login_j_password'

2018-09-25 18:54:00 - [MESSAGE][PASSED] - Text 'hasan' is set on object 'Object Repository/Page_Metafour User Login/input_Login_j_password'

2018-09-25 18:54:00 - [TEST_STEP][PASSED] - click: Object: 'Object Repository/Page_Metafour User Login/button_Sign in' is clicked on

2018-09-25 18:54:04 - [MESSAGE][PASSED] - Object: 'Object Repository/Page_Metafour User Login/button_Sign in' is clicked on

2018-09-25 18:54:04 - [TEST_STEP][PASSED] - delay: Delayed 3 second(s)

2018-09-25 18:54:07 - [MESSAGE][PASSED] - Delayed 3 second(s)

2018-09-25 18:54:07 - [TEST_STEP][PASSED] - verifyElementNotPresent: Web element with id: 'Object Repository/Page_Metafour User Login/div_Sorry login failed' located by 'By.xpath: //div[@id='customerrormessagediv']' is not present after '30' second(s)

2018-09-25 18:54:07 - [MESSAGE][WARNING] - Timeout '0' is invalid. Using default page load timeout: '30'

2018-09-25 18:54:07 - [MESSAGE][PASSED] - Web element with id: 'Object Repository/Page_Metafour User Login/div_Sorry login failed' located by 'By.xpath: //div[@id='customerrormessagediv']' is not present after '30' second(s)

2018-09-25 18:54:07 - [TEST_STEP][PASSED] - closeBrowser: Browser is closed

2018-09-25 18:54:07 - [MESSAGE][PASSED] - Browser is closed]]></system-out>
         <system-err><![CDATA[]]></system-err>
      </testcase>
      <testcase name="Test Cases/nc_cp_login_test" classname="Test Cases/nc_cp_login_test" status="PASSED">
         <system-out><![CDATA[2018-09-25 18:54:07 - [TEST_CASE][PASSED] - Test Cases/nc_cp_login_test: Test Cases/nc_cp_login_test

2018-09-25 18:54:07 - [TEST_STEP][PASSED] - openBrowser: Browser is opened with url: 'https://swisspostsolutions.metafour.com/ub7588/'

2018-09-25 18:54:13 - [MESSAGE][PASSED] - Browser is opened with url: 'https://swisspostsolutions.metafour.com/ub7588/'

2018-09-25 18:54:13 - [TEST_STEP][PASSED] - navigateToUrl: Navigate to 'https://swisspostsolutions.metafour.com/ub7588/' successfully

2018-09-25 18:54:14 - [MESSAGE][PASSED] - Navigate to 'https://swisspostsolutions.metafour.com/ub7588/' successfully

2018-09-25 18:54:14 - [TEST_STEP][PASSED] - setText: Text 'sps' is set on object 'Object Repository/Page_Metafour User Login/input_Login_access_code'

2018-09-25 18:54:18 - [MESSAGE][PASSED] - Text 'sps' is set on object 'Object Repository/Page_Metafour User Login/input_Login_access_code'

2018-09-25 18:54:18 - [TEST_STEP][PASSED] - setText: Text 'Hasan' is set on object 'Object Repository/Page_Metafour User Login/input_Login_login'

2018-09-25 18:54:18 - [MESSAGE][PASSED] - Text 'Hasan' is set on object 'Object Repository/Page_Metafour User Login/input_Login_login'

2018-09-25 18:54:18 - [TEST_STEP][PASSED] - setText: Text 'Mfasia%125' is set on object 'Object Repository/Page_Metafour User Login/input_Login_j_password'

2018-09-25 18:54:18 - [MESSAGE][PASSED] - Text 'Mfasia%125' is set on object 'Object Repository/Page_Metafour User Login/input_Login_j_password'

2018-09-25 18:54:18 - [TEST_STEP][PASSED] - click: Object: 'Object Repository/Page_Metafour User Login/button_Sign in' is clicked on

2018-09-25 18:54:21 - [MESSAGE][PASSED] - Object: 'Object Repository/Page_Metafour User Login/button_Sign in' is clicked on

2018-09-25 18:54:21 - [TEST_STEP][PASSED] - delay: Delayed 3 second(s)

2018-09-25 18:54:24 - [MESSAGE][PASSED] - Delayed 3 second(s)

2018-09-25 18:54:24 - [TEST_STEP][PASSED] - verifyElementNotPresent: Web element with id: 'Object Repository/Page_Metafour User Login/div_Sorry login failed' located by 'By.xpath: //div[@id='customerrormessagediv']' is not present after '30' second(s)

2018-09-25 18:54:24 - [MESSAGE][WARNING] - Timeout '0' is invalid. Using default page load timeout: '30'

2018-09-25 18:54:24 - [MESSAGE][PASSED] - Web element with id: 'Object Repository/Page_Metafour User Login/div_Sorry login failed' located by 'By.xpath: //div[@id='customerrormessagediv']' is not present after '30' second(s)

2018-09-25 18:54:24 - [TEST_STEP][PASSED] - closeBrowser: Browser is closed

2018-09-25 18:54:25 - [MESSAGE][PASSED] - Browser is closed]]></system-out>
         <system-err><![CDATA[]]></system-err>
      </testcase>
      <testcase name="Test Cases/nc_cp_login_test" classname="Test Cases/nc_cp_login_test" status="FAILED">
         <failure type="FAILED" message="(Stack trace: com.kms.katalon.core.exception.StepFailedException: Unable to verify object 'Object Repository/Page_Metafour User Login/div_Sorry login failed' is not present (Root cause: Web element with id: 'Object Repository/Page_Metafour User Login/div_Sorry login failed' located by 'By.xpath: //div[@id='customerrormessagediv']' is present after '30' second(s))
	at com.kms.katalon.core.keyword.internal.KeywordMain.stepFailed(KeywordMain.groovy:36)
	at com.kms.katalon.core.webui.keyword.internal.WebUIKeywordMain.stepFailed(WebUIKeywordMain.groovy:65)
	at com.kms.katalon.core.webui.keyword.internal.WebUIKeywordMain.runKeyword(WebUIKeywordMain.groovy:27)
	at com.kms.katalon.core.webui.keyword.builtin.VerifyElementNotPresentKeyword.verifyElementNotPresent(VerifyElementNotPresentKeyword.groovy:118)
	at com.kms.katalon.core.webui.keyword.builtin.VerifyElementNotPresentKeyword.execute(VerifyElementNotPresentKeyword.groovy:68)
	at com.kms.katalon.core.keyword.internal.KeywordExecutor.executeKeywordForPlatform(KeywordExecutor.groovy:53)
	at com.kms.katalon.core.webui.keyword.WebUiBuiltInKeywords.verifyElementNotPresent(WebUiBuiltInKeywords.groovy:1467)
	at com.kms.katalon.core.webui.keyword.WebUiBuiltInKeywords$verifyElementNotPresent$3.call(Unknown Source)
	at Script1537190043452.run(Script1537190043452.groovy:31)
	at com.kms.katalon.core.main.ScriptEngine.run(ScriptEngine.java:183)
	at com.kms.katalon.core.main.ScriptEngine.runScriptAsRawText(ScriptEngine.java:108)
	at com.kms.katalon.core.main.TestCaseExecutor.runScript(TestCaseExecutor.java:294)
	at com.kms.katalon.core.main.TestCaseExecutor.doExecute(TestCaseExecutor.java:285)
	at com.kms.katalon.core.main.TestCaseExecutor.processExecutionPhase(TestCaseExecutor.java:264)
	at com.kms.katalon.core.main.TestCaseExecutor.accessMainPhase(TestCaseExecutor.java:256)
	at com.kms.katalon.core.main.TestCaseExecutor.execute(TestCaseExecutor.java:200)
	at com.kms.katalon.core.main.TestSuiteExecutor.accessTestCaseMainPhase(TestSuiteExecutor.java:129)
	at com.kms.katalon.core.main.TestSuiteExecutor.accessTestSuiteMainPhase(TestSuiteExecutor.java:112)
	at com.kms.katalon.core.main.TestSuiteExecutor.execute(TestSuiteExecutor.java:81)
	at com.kms.katalon.core.main.TestCaseMain.startTestSuite(TestCaseMain.java:142)
	at com.kms.katalon.core.main.TestCaseMain$startTestSuite$0.call(Unknown Source)
	at org.codehaus.groovy.runtime.callsite.CallSiteArray.defaultCall(CallSiteArray.java:48)
	at org.codehaus.groovy.runtime.callsite.AbstractCallSite.call(AbstractCallSite.java:113)
	at org.codehaus.groovy.runtime.callsite.AbstractCallSite.call(AbstractCallSite.java:141)
	at TempTestSuite1537878892048.run(TempTestSuite1537878892048.groovy:36)
	at groovy.lang.GroovyShell.runScriptOrMainOrTestOrRunnable(GroovyShell.java:263)
	at groovy.lang.GroovyShell.run(GroovyShell.java:518)
	at groovy.lang.GroovyShell.run(GroovyShell.java:507)
	at groovy.ui.GroovyMain.processOnce(GroovyMain.java:653)
	at groovy.ui.GroovyMain.run(GroovyMain.java:384)
	at groovy.ui.GroovyMain.process(GroovyMain.java:370)
	at groovy.ui.GroovyMain.processArgs(GroovyMain.java:129)
	at groovy.ui.GroovyMain.main(GroovyMain.java:109)
	at sun.reflect.NativeMethodAccessorImpl.invoke0(Native Method)
	at sun.reflect.NativeMethodAccessorImpl.invoke(NativeMethodAccessorImpl.java:62)
	at sun.reflect.DelegatingMethodAccessorImpl.invoke(DelegatingMethodAccessorImpl.java:43)
	at java.lang.reflect.Method.invoke(Method.java:498)
	at org.codehaus.groovy.tools.GroovyStarter.rootLoader(GroovyStarter.java:109)
	at org.codehaus.groovy.tools.GroovyStarter.main(GroovyStarter.java:131)
)"/>
         <system-out><![CDATA[2018-09-25 18:54:25 - [TEST_CASE][FAILED] - Test Cases/nc_cp_login_test: Test Cases/nc_cp_login_test FAILED because (of) (Stack trace: com.kms.katalon.core.exception.StepFailedException: Unable to verify object 'Object Repository/Page_Metafour User Login/div_Sorry login failed' is not present (Root cause: Web element with id: 'Object Repository/Page_Metafour User Login/div_Sorry login failed' located by 'By.xpath: //div[@id='customerrormessagediv']' is present after '30' second(s))
	at com.kms.katalon.core.keyword.internal.KeywordMain.stepFailed(KeywordMain.groovy:36)
	at com.kms.katalon.core.webui.keyword.internal.WebUIKeywordMain.stepFailed(WebUIKeywordMain.groovy:65)
	at com.kms.katalon.core.webui.keyword.internal.WebUIKeywordMain.runKeyword(WebUIKeywordMain.groovy:27)
	at com.kms.katalon.core.webui.keyword.builtin.VerifyElementNotPresentKeyword.verifyElementNotPresent(VerifyElementNotPresentKeyword.groovy:118)
	at com.kms.katalon.core.webui.keyword.builtin.VerifyElementNotPresentKeyword.execute(VerifyElementNotPresentKeyword.groovy:68)
	at com.kms.katalon.core.keyword.internal.KeywordExecutor.executeKeywordForPlatform(KeywordExecutor.groovy:53)
	at com.kms.katalon.core.webui.keyword.WebUiBuiltInKeywords.verifyElementNotPresent(WebUiBuiltInKeywords.groovy:1467)
	at com.kms.katalon.core.webui.keyword.WebUiBuiltInKeywords$verifyElementNotPresent$3.call(Unknown Source)
	at Script1537190043452.run(Script1537190043452.groovy:31)
	at com.kms.katalon.core.main.ScriptEngine.run(ScriptEngine.java:183)
	at com.kms.katalon.core.main.ScriptEngine.runScriptAsRawText(ScriptEngine.java:108)
	at com.kms.katalon.core.main.TestCaseExecutor.runScript(TestCaseExecutor.java:294)
	at com.kms.katalon.core.main.TestCaseExecutor.doExecute(TestCaseExecutor.java:285)
	at com.kms.katalon.core.main.TestCaseExecutor.processExecutionPhase(TestCaseExecutor.java:264)
	at com.kms.katalon.core.main.TestCaseExecutor.accessMainPhase(TestCaseExecutor.java:256)
	at com.kms.katalon.core.main.TestCaseExecutor.execute(TestCaseExecutor.java:200)
	at com.kms.katalon.core.main.TestSuiteExecutor.accessTestCaseMainPhase(TestSuiteExecutor.java:129)
	at com.kms.katalon.core.main.TestSuiteExecutor.accessTestSuiteMainPhase(TestSuiteExecutor.java:112)
	at com.kms.katalon.core.main.TestSuiteExecutor.execute(TestSuiteExecutor.java:81)
	at com.kms.katalon.core.main.TestCaseMain.startTestSuite(TestCaseMain.java:142)
	at com.kms.katalon.core.main.TestCaseMain$startTestSuite$0.call(Unknown Source)
	at org.codehaus.groovy.runtime.callsite.CallSiteArray.defaultCall(CallSiteArray.java:48)
	at org.codehaus.groovy.runtime.callsite.AbstractCallSite.call(AbstractCallSite.java:113)
	at org.codehaus.groovy.runtime.callsite.AbstractCallSite.call(AbstractCallSite.java:141)
	at TempTestSuite1537878892048.run(TempTestSuite1537878892048.groovy:36)
	at groovy.lang.GroovyShell.runScriptOrMainOrTestOrRunnable(GroovyShell.java:263)
	at groovy.lang.GroovyShell.run(GroovyShell.java:518)
	at groovy.lang.GroovyShell.run(GroovyShell.java:507)
	at groovy.ui.GroovyMain.processOnce(GroovyMain.java:653)
	at groovy.ui.GroovyMain.run(GroovyMain.java:384)
	at groovy.ui.GroovyMain.process(GroovyMain.java:370)
	at groovy.ui.GroovyMain.processArgs(GroovyMain.java:129)
	at groovy.ui.GroovyMain.main(GroovyMain.java:109)
	at sun.reflect.NativeMethodAccessorImpl.invoke0(Native Method)
	at sun.reflect.NativeMethodAccessorImpl.invoke(NativeMethodAccessorImpl.java:62)
	at sun.reflect.DelegatingMethodAccessorImpl.invoke(DelegatingMethodAccessorImpl.java:43)
	at java.lang.reflect.Method.invoke(Method.java:498)
	at org.codehaus.groovy.tools.GroovyStarter.rootLoader(GroovyStarter.java:109)
	at org.codehaus.groovy.tools.GroovyStarter.main(GroovyStarter.java:131)
)

2018-09-25 18:54:25 - [TEST_STEP][PASSED] - openBrowser: Browser is opened with url: 'https://swisspostsolutions.metafour.com/ub1788/'

2018-09-25 18:54:31 - [MESSAGE][PASSED] - Browser is opened with url: 'https://swisspostsolutions.metafour.com/ub1788/'

2018-09-25 18:54:31 - [TEST_STEP][PASSED] - navigateToUrl: Navigate to 'https://swisspostsolutions.metafour.com/ub1788/' successfully

2018-09-25 18:54:31 - [MESSAGE][PASSED] - Navigate to 'https://swisspostsolutions.metafour.com/ub1788/' successfully

2018-09-25 18:54:31 - [TEST_STEP][PASSED] - setText: Text 'PGSYD' is set on object 'Object Repository/Page_Metafour User Login/input_Login_access_code'

2018-09-25 18:54:35 - [MESSAGE][PASSED] - Text 'PGSYD' is set on object 'Object Repository/Page_Metafour User Login/input_Login_access_code'

2018-09-25 18:54:35 - [TEST_STEP][PASSED] - setText: Text 'Hasan' is set on object 'Object Repository/Page_Metafour User Login/input_Login_login'

2018-09-25 18:54:35 - [MESSAGE][PASSED] - Text 'Hasan' is set on object 'Object Repository/Page_Metafour User Login/input_Login_login'

2018-09-25 18:54:35 - [TEST_STEP][PASSED] - setText: Text 'hasan' is set on object 'Object Repository/Page_Metafour User Login/input_Login_j_password'

2018-09-25 18:54:36 - [MESSAGE][PASSED] - Text 'hasan' is set on object 'Object Repository/Page_Metafour User Login/input_Login_j_password'

2018-09-25 18:54:36 - [TEST_STEP][PASSED] - click: Object: 'Object Repository/Page_Metafour User Login/button_Sign in' is clicked on

2018-09-25 18:54:36 - [MESSAGE][PASSED] - Object: 'Object Repository/Page_Metafour User Login/button_Sign in' is clicked on

2018-09-25 18:54:36 - [TEST_STEP][PASSED] - delay: Delayed 3 second(s)

2018-09-25 18:54:39 - [MESSAGE][PASSED] - Delayed 3 second(s)

2018-09-25 18:54:39 - [TEST_STEP][FAILED] - verifyElementNotPresent: Unable to verify object 'Object Repository/Page_Metafour User Login/div_Sorry login failed' is not present (Root cause: Web element with id: 'Object Repository/Page_Metafour User Login/div_Sorry login failed' located by 'By.xpath: //div[@id='customerrormessagediv']' is present after '30' second(s))

2018-09-25 18:54:39 - [MESSAGE][WARNING] - Timeout '0' is invalid. Using default page load timeout: '30'

2018-09-25 18:55:10 - [MESSAGE][FAILED] - Web element with id: 'Object Repository/Page_Metafour User Login/div_Sorry login failed' located by 'By.xpath: //div[@id='customerrormessagediv']' is present after '30' second(s)
[[ATTACHMENT|C:\\Users\\mazha\\Katalon Studio\\m4-monitoring\\Reports\\nc-cp-bo-login-test-suit\\20180925_183452\\1537880110097.png]]

2018-09-25 18:55:10 - [MESSAGE][FAILED] - Unable to verify object 'Object Repository/Page_Metafour User Login/div_Sorry login failed' is not present (Root cause: Web element with id: 'Object Repository/Page_Metafour User Login/div_Sorry login failed' located by 'By.xpath: //div[@id='customerrormessagediv']' is present after '30' second(s))
[[ATTACHMENT|C:\\Users\\mazha\\Katalon Studio\\m4-monitoring\\Reports\\nc-cp-bo-login-test-suit\\20180925_183452\\1537880110375.png]]]]></system-out>
         <system-err><![CDATA[2018-09-25 18:54:25 - [TEST_CASE][FAILED] - Test Cases/nc_cp_login_test: Test Cases/nc_cp_login_test FAILED because (of) (Stack trace: com.kms.katalon.core.exception.StepFailedException: Unable to verify object 'Object Repository/Page_Metafour User Login/div_Sorry login failed' is not present (Root cause: Web element with id: 'Object Repository/Page_Metafour User Login/div_Sorry login failed' located by 'By.xpath: //div[@id='customerrormessagediv']' is present after '30' second(s))
	at com.kms.katalon.core.keyword.internal.KeywordMain.stepFailed(KeywordMain.groovy:36)
	at com.kms.katalon.core.webui.keyword.internal.WebUIKeywordMain.stepFailed(WebUIKeywordMain.groovy:65)
	at com.kms.katalon.core.webui.keyword.internal.WebUIKeywordMain.runKeyword(WebUIKeywordMain.groovy:27)
	at com.kms.katalon.core.webui.keyword.builtin.VerifyElementNotPresentKeyword.verifyElementNotPresent(VerifyElementNotPresentKeyword.groovy:118)
	at com.kms.katalon.core.webui.keyword.builtin.VerifyElementNotPresentKeyword.execute(VerifyElementNotPresentKeyword.groovy:68)
	at com.kms.katalon.core.keyword.internal.KeywordExecutor.executeKeywordForPlatform(KeywordExecutor.groovy:53)
	at com.kms.katalon.core.webui.keyword.WebUiBuiltInKeywords.verifyElementNotPresent(WebUiBuiltInKeywords.groovy:1467)
	at com.kms.katalon.core.webui.keyword.WebUiBuiltInKeywords$verifyElementNotPresent$3.call(Unknown Source)
	at Script1537190043452.run(Script1537190043452.groovy:31)
	at com.kms.katalon.core.main.ScriptEngine.run(ScriptEngine.java:183)
	at com.kms.katalon.core.main.ScriptEngine.runScriptAsRawText(ScriptEngine.java:108)
	at com.kms.katalon.core.main.TestCaseExecutor.runScript(TestCaseExecutor.java:294)
	at com.kms.katalon.core.main.TestCaseExecutor.doExecute(TestCaseExecutor.java:285)
	at com.kms.katalon.core.main.TestCaseExecutor.processExecutionPhase(TestCaseExecutor.java:264)
	at com.kms.katalon.core.main.TestCaseExecutor.accessMainPhase(TestCaseExecutor.java:256)
	at com.kms.katalon.core.main.TestCaseExecutor.execute(TestCaseExecutor.java:200)
	at com.kms.katalon.core.main.TestSuiteExecutor.accessTestCaseMainPhase(TestSuiteExecutor.java:129)
	at com.kms.katalon.core.main.TestSuiteExecutor.accessTestSuiteMainPhase(TestSuiteExecutor.java:112)
	at com.kms.katalon.core.main.TestSuiteExecutor.execute(TestSuiteExecutor.java:81)
	at com.kms.katalon.core.main.TestCaseMain.startTestSuite(TestCaseMain.java:142)
	at com.kms.katalon.core.main.TestCaseMain$startTestSuite$0.call(Unknown Source)
	at org.codehaus.groovy.runtime.callsite.CallSiteArray.defaultCall(CallSiteArray.java:48)
	at org.codehaus.groovy.runtime.callsite.AbstractCallSite.call(AbstractCallSite.java:113)
	at org.codehaus.groovy.runtime.callsite.AbstractCallSite.call(AbstractCallSite.java:141)
	at TempTestSuite1537878892048.run(TempTestSuite1537878892048.groovy:36)
	at groovy.lang.GroovyShell.runScriptOrMainOrTestOrRunnable(GroovyShell.java:263)
	at groovy.lang.GroovyShell.run(GroovyShell.java:518)
	at groovy.lang.GroovyShell.run(GroovyShell.java:507)
	at groovy.ui.GroovyMain.processOnce(GroovyMain.java:653)
	at groovy.ui.GroovyMain.run(GroovyMain.java:384)
	at groovy.ui.GroovyMain.process(GroovyMain.java:370)
	at groovy.ui.GroovyMain.processArgs(GroovyMain.java:129)
	at groovy.ui.GroovyMain.main(GroovyMain.java:109)
	at sun.reflect.NativeMethodAccessorImpl.invoke0(Native Method)
	at sun.reflect.NativeMethodAccessorImpl.invoke(NativeMethodAccessorImpl.java:62)
	at sun.reflect.DelegatingMethodAccessorImpl.invoke(DelegatingMethodAccessorImpl.java:43)
	at java.lang.reflect.Method.invoke(Method.java:498)
	at org.codehaus.groovy.tools.GroovyStarter.rootLoader(GroovyStarter.java:109)
	at org.codehaus.groovy.tools.GroovyStarter.main(GroovyStarter.java:131)
)]]></system-err>
      </testcase>
      <testcase name="Test Cases/nc_cp_login_test" classname="Test Cases/nc_cp_login_test" status="PASSED">
         <system-out><![CDATA[2018-09-25 18:55:10 - [TEST_CASE][PASSED] - Test Cases/nc_cp_login_test: Test Cases/nc_cp_login_test

2018-09-25 18:55:10 - [TEST_STEP][PASSED] - openBrowser: Browser is opened with url: 'https://swisspostsolutions.metafour.com/ub8499/'

2018-09-25 18:55:10 - [MESSAGE][WARNING] - A browser is already opened. Closing browser and opening a new one

2018-09-25 18:55:17 - [MESSAGE][PASSED] - Browser is opened with url: 'https://swisspostsolutions.metafour.com/ub8499/'

2018-09-25 18:55:17 - [TEST_STEP][PASSED] - navigateToUrl: Navigate to 'https://swisspostsolutions.metafour.com/ub8499/' successfully

2018-09-25 18:55:17 - [MESSAGE][PASSED] - Navigate to 'https://swisspostsolutions.metafour.com/ub8499/' successfully

2018-09-25 18:55:17 - [TEST_STEP][PASSED] - setText: Text 'spstest' is set on object 'Object Repository/Page_Metafour User Login/input_Login_access_code'

2018-09-25 18:55:21 - [MESSAGE][PASSED] - Text 'spstest' is set on object 'Object Repository/Page_Metafour User Login/input_Login_access_code'

2018-09-25 18:55:21 - [TEST_STEP][PASSED] - setText: Text 'clon' is set on object 'Object Repository/Page_Metafour User Login/input_Login_login'

2018-09-25 18:55:21 - [MESSAGE][PASSED] - Text 'clon' is set on object 'Object Repository/Page_Metafour User Login/input_Login_login'

2018-09-25 18:55:21 - [TEST_STEP][PASSED] - setText: Text 'MFasia%001' is set on object 'Object Repository/Page_Metafour User Login/input_Login_j_password'

2018-09-25 18:55:21 - [MESSAGE][PASSED] - Text 'MFasia%001' is set on object 'Object Repository/Page_Metafour User Login/input_Login_j_password'

2018-09-25 18:55:21 - [TEST_STEP][PASSED] - click: Object: 'Object Repository/Page_Metafour User Login/button_Sign in' is clicked on

2018-09-25 18:55:25 - [MESSAGE][PASSED] - Object: 'Object Repository/Page_Metafour User Login/button_Sign in' is clicked on

2018-09-25 18:55:25 - [TEST_STEP][PASSED] - delay: Delayed 3 second(s)

2018-09-25 18:55:28 - [MESSAGE][PASSED] - Delayed 3 second(s)

2018-09-25 18:55:28 - [TEST_STEP][PASSED] - verifyElementNotPresent: Web element with id: 'Object Repository/Page_Metafour User Login/div_Sorry login failed' located by 'By.xpath: //div[@id='customerrormessagediv']' is not present after '30' second(s)

2018-09-25 18:55:28 - [MESSAGE][WARNING] - Timeout '0' is invalid. Using default page load timeout: '30'

2018-09-25 18:55:28 - [MESSAGE][PASSED] - Web element with id: 'Object Repository/Page_Metafour User Login/div_Sorry login failed' located by 'By.xpath: //div[@id='customerrormessagediv']' is not present after '30' second(s)

2018-09-25 18:55:28 - [TEST_STEP][PASSED] - closeBrowser: Browser is closed

2018-09-25 18:55:29 - [MESSAGE][PASSED] - Browser is closed]]></system-out>
         <system-err><![CDATA[]]></system-err>
      </testcase>
      <testcase name="Test Cases/nc_cp_login_test" classname="Test Cases/nc_cp_login_test" status="FAILED">
         <failure type="FAILED" message="(Stack trace: com.kms.katalon.core.exception.StepFailedException: Unable to verify object 'Object Repository/Page_Metafour User Login/div_Sorry login failed' is not present (Root cause: Web element with id: 'Object Repository/Page_Metafour User Login/div_Sorry login failed' located by 'By.xpath: //div[@id='customerrormessagediv']' is present after '30' second(s))
	at com.kms.katalon.core.keyword.internal.KeywordMain.stepFailed(KeywordMain.groovy:36)
	at com.kms.katalon.core.webui.keyword.internal.WebUIKeywordMain.stepFailed(WebUIKeywordMain.groovy:65)
	at com.kms.katalon.core.webui.keyword.internal.WebUIKeywordMain.runKeyword(WebUIKeywordMain.groovy:27)
	at com.kms.katalon.core.webui.keyword.builtin.VerifyElementNotPresentKeyword.verifyElementNotPresent(VerifyElementNotPresentKeyword.groovy:118)
	at com.kms.katalon.core.webui.keyword.builtin.VerifyElementNotPresentKeyword.execute(VerifyElementNotPresentKeyword.groovy:68)
	at com.kms.katalon.core.keyword.internal.KeywordExecutor.executeKeywordForPlatform(KeywordExecutor.groovy:53)
	at com.kms.katalon.core.webui.keyword.WebUiBuiltInKeywords.verifyElementNotPresent(WebUiBuiltInKeywords.groovy:1467)
	at com.kms.katalon.core.webui.keyword.WebUiBuiltInKeywords$verifyElementNotPresent$3.call(Unknown Source)
	at Script1537190043452.run(Script1537190043452.groovy:31)
	at com.kms.katalon.core.main.ScriptEngine.run(ScriptEngine.java:183)
	at com.kms.katalon.core.main.ScriptEngine.runScriptAsRawText(ScriptEngine.java:108)
	at com.kms.katalon.core.main.TestCaseExecutor.runScript(TestCaseExecutor.java:294)
	at com.kms.katalon.core.main.TestCaseExecutor.doExecute(TestCaseExecutor.java:285)
	at com.kms.katalon.core.main.TestCaseExecutor.processExecutionPhase(TestCaseExecutor.java:264)
	at com.kms.katalon.core.main.TestCaseExecutor.accessMainPhase(TestCaseExecutor.java:256)
	at com.kms.katalon.core.main.TestCaseExecutor.execute(TestCaseExecutor.java:200)
	at com.kms.katalon.core.main.TestSuiteExecutor.accessTestCaseMainPhase(TestSuiteExecutor.java:129)
	at com.kms.katalon.core.main.TestSuiteExecutor.accessTestSuiteMainPhase(TestSuiteExecutor.java:112)
	at com.kms.katalon.core.main.TestSuiteExecutor.execute(TestSuiteExecutor.java:81)
	at com.kms.katalon.core.main.TestCaseMain.startTestSuite(TestCaseMain.java:142)
	at com.kms.katalon.core.main.TestCaseMain$startTestSuite$0.call(Unknown Source)
	at org.codehaus.groovy.runtime.callsite.CallSiteArray.defaultCall(CallSiteArray.java:48)
	at org.codehaus.groovy.runtime.callsite.AbstractCallSite.call(AbstractCallSite.java:113)
	at org.codehaus.groovy.runtime.callsite.AbstractCallSite.call(AbstractCallSite.java:141)
	at TempTestSuite1537878892048.run(TempTestSuite1537878892048.groovy:36)
	at groovy.lang.GroovyShell.runScriptOrMainOrTestOrRunnable(GroovyShell.java:263)
	at groovy.lang.GroovyShell.run(GroovyShell.java:518)
	at groovy.lang.GroovyShell.run(GroovyShell.java:507)
	at groovy.ui.GroovyMain.processOnce(GroovyMain.java:653)
	at groovy.ui.GroovyMain.run(GroovyMain.java:384)
	at groovy.ui.GroovyMain.process(GroovyMain.java:370)
	at groovy.ui.GroovyMain.processArgs(GroovyMain.java:129)
	at groovy.ui.GroovyMain.main(GroovyMain.java:109)
	at sun.reflect.NativeMethodAccessorImpl.invoke0(Native Method)
	at sun.reflect.NativeMethodAccessorImpl.invoke(NativeMethodAccessorImpl.java:62)
	at sun.reflect.DelegatingMethodAccessorImpl.invoke(DelegatingMethodAccessorImpl.java:43)
	at java.lang.reflect.Method.invoke(Method.java:498)
	at org.codehaus.groovy.tools.GroovyStarter.rootLoader(GroovyStarter.java:109)
	at org.codehaus.groovy.tools.GroovyStarter.main(GroovyStarter.java:131)
)"/>
         <system-out><![CDATA[2018-09-25 18:55:29 - [TEST_CASE][FAILED] - Test Cases/nc_cp_login_test: Test Cases/nc_cp_login_test FAILED because (of) (Stack trace: com.kms.katalon.core.exception.StepFailedException: Unable to verify object 'Object Repository/Page_Metafour User Login/div_Sorry login failed' is not present (Root cause: Web element with id: 'Object Repository/Page_Metafour User Login/div_Sorry login failed' located by 'By.xpath: //div[@id='customerrormessagediv']' is present after '30' second(s))
	at com.kms.katalon.core.keyword.internal.KeywordMain.stepFailed(KeywordMain.groovy:36)
	at com.kms.katalon.core.webui.keyword.internal.WebUIKeywordMain.stepFailed(WebUIKeywordMain.groovy:65)
	at com.kms.katalon.core.webui.keyword.internal.WebUIKeywordMain.runKeyword(WebUIKeywordMain.groovy:27)
	at com.kms.katalon.core.webui.keyword.builtin.VerifyElementNotPresentKeyword.verifyElementNotPresent(VerifyElementNotPresentKeyword.groovy:118)
	at com.kms.katalon.core.webui.keyword.builtin.VerifyElementNotPresentKeyword.execute(VerifyElementNotPresentKeyword.groovy:68)
	at com.kms.katalon.core.keyword.internal.KeywordExecutor.executeKeywordForPlatform(KeywordExecutor.groovy:53)
	at com.kms.katalon.core.webui.keyword.WebUiBuiltInKeywords.verifyElementNotPresent(WebUiBuiltInKeywords.groovy:1467)
	at com.kms.katalon.core.webui.keyword.WebUiBuiltInKeywords$verifyElementNotPresent$3.call(Unknown Source)
	at Script1537190043452.run(Script1537190043452.groovy:31)
	at com.kms.katalon.core.main.ScriptEngine.run(ScriptEngine.java:183)
	at com.kms.katalon.core.main.ScriptEngine.runScriptAsRawText(ScriptEngine.java:108)
	at com.kms.katalon.core.main.TestCaseExecutor.runScript(TestCaseExecutor.java:294)
	at com.kms.katalon.core.main.TestCaseExecutor.doExecute(TestCaseExecutor.java:285)
	at com.kms.katalon.core.main.TestCaseExecutor.processExecutionPhase(TestCaseExecutor.java:264)
	at com.kms.katalon.core.main.TestCaseExecutor.accessMainPhase(TestCaseExecutor.java:256)
	at com.kms.katalon.core.main.TestCaseExecutor.execute(TestCaseExecutor.java:200)
	at com.kms.katalon.core.main.TestSuiteExecutor.accessTestCaseMainPhase(TestSuiteExecutor.java:129)
	at com.kms.katalon.core.main.TestSuiteExecutor.accessTestSuiteMainPhase(TestSuiteExecutor.java:112)
	at com.kms.katalon.core.main.TestSuiteExecutor.execute(TestSuiteExecutor.java:81)
	at com.kms.katalon.core.main.TestCaseMain.startTestSuite(TestCaseMain.java:142)
	at com.kms.katalon.core.main.TestCaseMain$startTestSuite$0.call(Unknown Source)
	at org.codehaus.groovy.runtime.callsite.CallSiteArray.defaultCall(CallSiteArray.java:48)
	at org.codehaus.groovy.runtime.callsite.AbstractCallSite.call(AbstractCallSite.java:113)
	at org.codehaus.groovy.runtime.callsite.AbstractCallSite.call(AbstractCallSite.java:141)
	at TempTestSuite1537878892048.run(TempTestSuite1537878892048.groovy:36)
	at groovy.lang.GroovyShell.runScriptOrMainOrTestOrRunnable(GroovyShell.java:263)
	at groovy.lang.GroovyShell.run(GroovyShell.java:518)
	at groovy.lang.GroovyShell.run(GroovyShell.java:507)
	at groovy.ui.GroovyMain.processOnce(GroovyMain.java:653)
	at groovy.ui.GroovyMain.run(GroovyMain.java:384)
	at groovy.ui.GroovyMain.process(GroovyMain.java:370)
	at groovy.ui.GroovyMain.processArgs(GroovyMain.java:129)
	at groovy.ui.GroovyMain.main(GroovyMain.java:109)
	at sun.reflect.NativeMethodAccessorImpl.invoke0(Native Method)
	at sun.reflect.NativeMethodAccessorImpl.invoke(NativeMethodAccessorImpl.java:62)
	at sun.reflect.DelegatingMethodAccessorImpl.invoke(DelegatingMethodAccessorImpl.java:43)
	at java.lang.reflect.Method.invoke(Method.java:498)
	at org.codehaus.groovy.tools.GroovyStarter.rootLoader(GroovyStarter.java:109)
	at org.codehaus.groovy.tools.GroovyStarter.main(GroovyStarter.java:131)
)

2018-09-25 18:55:29 - [TEST_STEP][PASSED] - openBrowser: Browser is opened with url: 'https://swisspostsolutions.metafour.com/ub8893/'

2018-09-25 18:55:35 - [MESSAGE][PASSED] - Browser is opened with url: 'https://swisspostsolutions.metafour.com/ub8893/'

2018-09-25 18:55:35 - [TEST_STEP][PASSED] - navigateToUrl: Navigate to 'https://swisspostsolutions.metafour.com/ub8893/' successfully

2018-09-25 18:55:35 - [MESSAGE][PASSED] - Navigate to 'https://swisspostsolutions.metafour.com/ub8893/' successfully

2018-09-25 18:55:35 - [TEST_STEP][PASSED] - setText: Text 'dummy' is set on object 'Object Repository/Page_Metafour User Login/input_Login_access_code'

2018-09-25 18:55:39 - [MESSAGE][PASSED] - Text 'dummy' is set on object 'Object Repository/Page_Metafour User Login/input_Login_access_code'

2018-09-25 18:55:39 - [TEST_STEP][PASSED] - setText: Text 'seratun' is set on object 'Object Repository/Page_Metafour User Login/input_Login_login'

2018-09-25 18:55:39 - [MESSAGE][PASSED] - Text 'seratun' is set on object 'Object Repository/Page_Metafour User Login/input_Login_login'

2018-09-25 18:55:39 - [TEST_STEP][PASSED] - setText: Text 'MFasia%002' is set on object 'Object Repository/Page_Metafour User Login/input_Login_j_password'

2018-09-25 18:55:40 - [MESSAGE][PASSED] - Text 'MFasia%002' is set on object 'Object Repository/Page_Metafour User Login/input_Login_j_password'

2018-09-25 18:55:40 - [TEST_STEP][PASSED] - click: Object: 'Object Repository/Page_Metafour User Login/button_Sign in' is clicked on

2018-09-25 18:55:40 - [MESSAGE][PASSED] - Object: 'Object Repository/Page_Metafour User Login/button_Sign in' is clicked on

2018-09-25 18:55:40 - [TEST_STEP][PASSED] - delay: Delayed 3 second(s)

2018-09-25 18:55:43 - [MESSAGE][PASSED] - Delayed 3 second(s)

2018-09-25 18:55:43 - [TEST_STEP][FAILED] - verifyElementNotPresent: Unable to verify object 'Object Repository/Page_Metafour User Login/div_Sorry login failed' is not present (Root cause: Web element with id: 'Object Repository/Page_Metafour User Login/div_Sorry login failed' located by 'By.xpath: //div[@id='customerrormessagediv']' is present after '30' second(s))

2018-09-25 18:55:43 - [MESSAGE][WARNING] - Timeout '0' is invalid. Using default page load timeout: '30'

2018-09-25 18:56:14 - [MESSAGE][FAILED] - Web element with id: 'Object Repository/Page_Metafour User Login/div_Sorry login failed' located by 'By.xpath: //div[@id='customerrormessagediv']' is present after '30' second(s)
[[ATTACHMENT|C:\\Users\\mazha\\Katalon Studio\\m4-monitoring\\Reports\\nc-cp-bo-login-test-suit\\20180925_183452\\1537880174188.png]]

2018-09-25 18:56:14 - [MESSAGE][FAILED] - Unable to verify object 'Object Repository/Page_Metafour User Login/div_Sorry login failed' is not present (Root cause: Web element with id: 'Object Repository/Page_Metafour User Login/div_Sorry login failed' located by 'By.xpath: //div[@id='customerrormessagediv']' is present after '30' second(s))
[[ATTACHMENT|C:\\Users\\mazha\\Katalon Studio\\m4-monitoring\\Reports\\nc-cp-bo-login-test-suit\\20180925_183452\\1537880174432.png]]]]></system-out>
         <system-err><![CDATA[2018-09-25 18:55:29 - [TEST_CASE][FAILED] - Test Cases/nc_cp_login_test: Test Cases/nc_cp_login_test FAILED because (of) (Stack trace: com.kms.katalon.core.exception.StepFailedException: Unable to verify object 'Object Repository/Page_Metafour User Login/div_Sorry login failed' is not present (Root cause: Web element with id: 'Object Repository/Page_Metafour User Login/div_Sorry login failed' located by 'By.xpath: //div[@id='customerrormessagediv']' is present after '30' second(s))
	at com.kms.katalon.core.keyword.internal.KeywordMain.stepFailed(KeywordMain.groovy:36)
	at com.kms.katalon.core.webui.keyword.internal.WebUIKeywordMain.stepFailed(WebUIKeywordMain.groovy:65)
	at com.kms.katalon.core.webui.keyword.internal.WebUIKeywordMain.runKeyword(WebUIKeywordMain.groovy:27)
	at com.kms.katalon.core.webui.keyword.builtin.VerifyElementNotPresentKeyword.verifyElementNotPresent(VerifyElementNotPresentKeyword.groovy:118)
	at com.kms.katalon.core.webui.keyword.builtin.VerifyElementNotPresentKeyword.execute(VerifyElementNotPresentKeyword.groovy:68)
	at com.kms.katalon.core.keyword.internal.KeywordExecutor.executeKeywordForPlatform(KeywordExecutor.groovy:53)
	at com.kms.katalon.core.webui.keyword.WebUiBuiltInKeywords.verifyElementNotPresent(WebUiBuiltInKeywords.groovy:1467)
	at com.kms.katalon.core.webui.keyword.WebUiBuiltInKeywords$verifyElementNotPresent$3.call(Unknown Source)
	at Script1537190043452.run(Script1537190043452.groovy:31)
	at com.kms.katalon.core.main.ScriptEngine.run(ScriptEngine.java:183)
	at com.kms.katalon.core.main.ScriptEngine.runScriptAsRawText(ScriptEngine.java:108)
	at com.kms.katalon.core.main.TestCaseExecutor.runScript(TestCaseExecutor.java:294)
	at com.kms.katalon.core.main.TestCaseExecutor.doExecute(TestCaseExecutor.java:285)
	at com.kms.katalon.core.main.TestCaseExecutor.processExecutionPhase(TestCaseExecutor.java:264)
	at com.kms.katalon.core.main.TestCaseExecutor.accessMainPhase(TestCaseExecutor.java:256)
	at com.kms.katalon.core.main.TestCaseExecutor.execute(TestCaseExecutor.java:200)
	at com.kms.katalon.core.main.TestSuiteExecutor.accessTestCaseMainPhase(TestSuiteExecutor.java:129)
	at com.kms.katalon.core.main.TestSuiteExecutor.accessTestSuiteMainPhase(TestSuiteExecutor.java:112)
	at com.kms.katalon.core.main.TestSuiteExecutor.execute(TestSuiteExecutor.java:81)
	at com.kms.katalon.core.main.TestCaseMain.startTestSuite(TestCaseMain.java:142)
	at com.kms.katalon.core.main.TestCaseMain$startTestSuite$0.call(Unknown Source)
	at org.codehaus.groovy.runtime.callsite.CallSiteArray.defaultCall(CallSiteArray.java:48)
	at org.codehaus.groovy.runtime.callsite.AbstractCallSite.call(AbstractCallSite.java:113)
	at org.codehaus.groovy.runtime.callsite.AbstractCallSite.call(AbstractCallSite.java:141)
	at TempTestSuite1537878892048.run(TempTestSuite1537878892048.groovy:36)
	at groovy.lang.GroovyShell.runScriptOrMainOrTestOrRunnable(GroovyShell.java:263)
	at groovy.lang.GroovyShell.run(GroovyShell.java:518)
	at groovy.lang.GroovyShell.run(GroovyShell.java:507)
	at groovy.ui.GroovyMain.processOnce(GroovyMain.java:653)
	at groovy.ui.GroovyMain.run(GroovyMain.java:384)
	at groovy.ui.GroovyMain.process(GroovyMain.java:370)
	at groovy.ui.GroovyMain.processArgs(GroovyMain.java:129)
	at groovy.ui.GroovyMain.main(GroovyMain.java:109)
	at sun.reflect.NativeMethodAccessorImpl.invoke0(Native Method)
	at sun.reflect.NativeMethodAccessorImpl.invoke(NativeMethodAccessorImpl.java:62)
	at sun.reflect.DelegatingMethodAccessorImpl.invoke(DelegatingMethodAccessorImpl.java:43)
	at java.lang.reflect.Method.invoke(Method.java:498)
	at org.codehaus.groovy.tools.GroovyStarter.rootLoader(GroovyStarter.java:109)
	at org.codehaus.groovy.tools.GroovyStarter.main(GroovyStarter.java:131)
)]]></system-err>
      </testcase>
      <testcase name="Test Cases/nc_cp_login_test" classname="Test Cases/nc_cp_login_test" status="FAILED">
         <failure type="FAILED" message="(Stack trace: com.kms.katalon.core.exception.StepFailedException: Unable to verify object 'Object Repository/Page_Metafour User Login/div_Sorry login failed' is not present (Root cause: Web element with id: 'Object Repository/Page_Metafour User Login/div_Sorry login failed' located by 'By.xpath: //div[@id='customerrormessagediv']' is present after '30' second(s))
	at com.kms.katalon.core.keyword.internal.KeywordMain.stepFailed(KeywordMain.groovy:36)
	at com.kms.katalon.core.webui.keyword.internal.WebUIKeywordMain.stepFailed(WebUIKeywordMain.groovy:65)
	at com.kms.katalon.core.webui.keyword.internal.WebUIKeywordMain.runKeyword(WebUIKeywordMain.groovy:27)
	at com.kms.katalon.core.webui.keyword.builtin.VerifyElementNotPresentKeyword.verifyElementNotPresent(VerifyElementNotPresentKeyword.groovy:118)
	at com.kms.katalon.core.webui.keyword.builtin.VerifyElementNotPresentKeyword.execute(VerifyElementNotPresentKeyword.groovy:68)
	at com.kms.katalon.core.keyword.internal.KeywordExecutor.executeKeywordForPlatform(KeywordExecutor.groovy:53)
	at com.kms.katalon.core.webui.keyword.WebUiBuiltInKeywords.verifyElementNotPresent(WebUiBuiltInKeywords.groovy:1467)
	at com.kms.katalon.core.webui.keyword.WebUiBuiltInKeywords$verifyElementNotPresent$3.call(Unknown Source)
	at Script1537190043452.run(Script1537190043452.groovy:31)
	at com.kms.katalon.core.main.ScriptEngine.run(ScriptEngine.java:183)
	at com.kms.katalon.core.main.ScriptEngine.runScriptAsRawText(ScriptEngine.java:108)
	at com.kms.katalon.core.main.TestCaseExecutor.runScript(TestCaseExecutor.java:294)
	at com.kms.katalon.core.main.TestCaseExecutor.doExecute(TestCaseExecutor.java:285)
	at com.kms.katalon.core.main.TestCaseExecutor.processExecutionPhase(TestCaseExecutor.java:264)
	at com.kms.katalon.core.main.TestCaseExecutor.accessMainPhase(TestCaseExecutor.java:256)
	at com.kms.katalon.core.main.TestCaseExecutor.execute(TestCaseExecutor.java:200)
	at com.kms.katalon.core.main.TestSuiteExecutor.accessTestCaseMainPhase(TestSuiteExecutor.java:129)
	at com.kms.katalon.core.main.TestSuiteExecutor.accessTestSuiteMainPhase(TestSuiteExecutor.java:112)
	at com.kms.katalon.core.main.TestSuiteExecutor.execute(TestSuiteExecutor.java:81)
	at com.kms.katalon.core.main.TestCaseMain.startTestSuite(TestCaseMain.java:142)
	at com.kms.katalon.core.main.TestCaseMain$startTestSuite$0.call(Unknown Source)
	at org.codehaus.groovy.runtime.callsite.CallSiteArray.defaultCall(CallSiteArray.java:48)
	at org.codehaus.groovy.runtime.callsite.AbstractCallSite.call(AbstractCallSite.java:113)
	at org.codehaus.groovy.runtime.callsite.AbstractCallSite.call(AbstractCallSite.java:141)
	at TempTestSuite1537878892048.run(TempTestSuite1537878892048.groovy:36)
	at groovy.lang.GroovyShell.runScriptOrMainOrTestOrRunnable(GroovyShell.java:263)
	at groovy.lang.GroovyShell.run(GroovyShell.java:518)
	at groovy.lang.GroovyShell.run(GroovyShell.java:507)
	at groovy.ui.GroovyMain.processOnce(GroovyMain.java:653)
	at groovy.ui.GroovyMain.run(GroovyMain.java:384)
	at groovy.ui.GroovyMain.process(GroovyMain.java:370)
	at groovy.ui.GroovyMain.processArgs(GroovyMain.java:129)
	at groovy.ui.GroovyMain.main(GroovyMain.java:109)
	at sun.reflect.NativeMethodAccessorImpl.invoke0(Native Method)
	at sun.reflect.NativeMethodAccessorImpl.invoke(NativeMethodAccessorImpl.java:62)
	at sun.reflect.DelegatingMethodAccessorImpl.invoke(DelegatingMethodAccessorImpl.java:43)
	at java.lang.reflect.Method.invoke(Method.java:498)
	at org.codehaus.groovy.tools.GroovyStarter.rootLoader(GroovyStarter.java:109)
	at org.codehaus.groovy.tools.GroovyStarter.main(GroovyStarter.java:131)
)"/>
         <system-out><![CDATA[2018-09-25 18:56:14 - [TEST_CASE][FAILED] - Test Cases/nc_cp_login_test: Test Cases/nc_cp_login_test FAILED because (of) (Stack trace: com.kms.katalon.core.exception.StepFailedException: Unable to verify object 'Object Repository/Page_Metafour User Login/div_Sorry login failed' is not present (Root cause: Web element with id: 'Object Repository/Page_Metafour User Login/div_Sorry login failed' located by 'By.xpath: //div[@id='customerrormessagediv']' is present after '30' second(s))
	at com.kms.katalon.core.keyword.internal.KeywordMain.stepFailed(KeywordMain.groovy:36)
	at com.kms.katalon.core.webui.keyword.internal.WebUIKeywordMain.stepFailed(WebUIKeywordMain.groovy:65)
	at com.kms.katalon.core.webui.keyword.internal.WebUIKeywordMain.runKeyword(WebUIKeywordMain.groovy:27)
	at com.kms.katalon.core.webui.keyword.builtin.VerifyElementNotPresentKeyword.verifyElementNotPresent(VerifyElementNotPresentKeyword.groovy:118)
	at com.kms.katalon.core.webui.keyword.builtin.VerifyElementNotPresentKeyword.execute(VerifyElementNotPresentKeyword.groovy:68)
	at com.kms.katalon.core.keyword.internal.KeywordExecutor.executeKeywordForPlatform(KeywordExecutor.groovy:53)
	at com.kms.katalon.core.webui.keyword.WebUiBuiltInKeywords.verifyElementNotPresent(WebUiBuiltInKeywords.groovy:1467)
	at com.kms.katalon.core.webui.keyword.WebUiBuiltInKeywords$verifyElementNotPresent$3.call(Unknown Source)
	at Script1537190043452.run(Script1537190043452.groovy:31)
	at com.kms.katalon.core.main.ScriptEngine.run(ScriptEngine.java:183)
	at com.kms.katalon.core.main.ScriptEngine.runScriptAsRawText(ScriptEngine.java:108)
	at com.kms.katalon.core.main.TestCaseExecutor.runScript(TestCaseExecutor.java:294)
	at com.kms.katalon.core.main.TestCaseExecutor.doExecute(TestCaseExecutor.java:285)
	at com.kms.katalon.core.main.TestCaseExecutor.processExecutionPhase(TestCaseExecutor.java:264)
	at com.kms.katalon.core.main.TestCaseExecutor.accessMainPhase(TestCaseExecutor.java:256)
	at com.kms.katalon.core.main.TestCaseExecutor.execute(TestCaseExecutor.java:200)
	at com.kms.katalon.core.main.TestSuiteExecutor.accessTestCaseMainPhase(TestSuiteExecutor.java:129)
	at com.kms.katalon.core.main.TestSuiteExecutor.accessTestSuiteMainPhase(TestSuiteExecutor.java:112)
	at com.kms.katalon.core.main.TestSuiteExecutor.execute(TestSuiteExecutor.java:81)
	at com.kms.katalon.core.main.TestCaseMain.startTestSuite(TestCaseMain.java:142)
	at com.kms.katalon.core.main.TestCaseMain$startTestSuite$0.call(Unknown Source)
	at org.codehaus.groovy.runtime.callsite.CallSiteArray.defaultCall(CallSiteArray.java:48)
	at org.codehaus.groovy.runtime.callsite.AbstractCallSite.call(AbstractCallSite.java:113)
	at org.codehaus.groovy.runtime.callsite.AbstractCallSite.call(AbstractCallSite.java:141)
	at TempTestSuite1537878892048.run(TempTestSuite1537878892048.groovy:36)
	at groovy.lang.GroovyShell.runScriptOrMainOrTestOrRunnable(GroovyShell.java:263)
	at groovy.lang.GroovyShell.run(GroovyShell.java:518)
	at groovy.lang.GroovyShell.run(GroovyShell.java:507)
	at groovy.ui.GroovyMain.processOnce(GroovyMain.java:653)
	at groovy.ui.GroovyMain.run(GroovyMain.java:384)
	at groovy.ui.GroovyMain.process(GroovyMain.java:370)
	at groovy.ui.GroovyMain.processArgs(GroovyMain.java:129)
	at groovy.ui.GroovyMain.main(GroovyMain.java:109)
	at sun.reflect.NativeMethodAccessorImpl.invoke0(Native Method)
	at sun.reflect.NativeMethodAccessorImpl.invoke(NativeMethodAccessorImpl.java:62)
	at sun.reflect.DelegatingMethodAccessorImpl.invoke(DelegatingMethodAccessorImpl.java:43)
	at java.lang.reflect.Method.invoke(Method.java:498)
	at org.codehaus.groovy.tools.GroovyStarter.rootLoader(GroovyStarter.java:109)
	at org.codehaus.groovy.tools.GroovyStarter.main(GroovyStarter.java:131)
)

2018-09-25 18:56:14 - [TEST_STEP][PASSED] - openBrowser: Browser is opened with url: 'https://swisspostsolutions.metafour.com/ub1234/'

2018-09-25 18:56:14 - [MESSAGE][WARNING] - A browser is already opened. Closing browser and opening a new one

2018-09-25 18:56:21 - [MESSAGE][PASSED] - Browser is opened with url: 'https://swisspostsolutions.metafour.com/ub1234/'

2018-09-25 18:56:21 - [TEST_STEP][PASSED] - navigateToUrl: Navigate to 'https://swisspostsolutions.metafour.com/ub1234/' successfully

2018-09-25 18:56:22 - [MESSAGE][PASSED] - Navigate to 'https://swisspostsolutions.metafour.com/ub1234/' successfully

2018-09-25 18:56:22 - [TEST_STEP][PASSED] - setText: Text 'sps' is set on object 'Object Repository/Page_Metafour User Login/input_Login_access_code'

2018-09-25 18:56:26 - [MESSAGE][PASSED] - Text 'sps' is set on object 'Object Repository/Page_Metafour User Login/input_Login_access_code'

2018-09-25 18:56:26 - [TEST_STEP][PASSED] - setText: Text 'Jony' is set on object 'Object Repository/Page_Metafour User Login/input_Login_login'

2018-09-25 18:56:26 - [MESSAGE][PASSED] - Text 'Jony' is set on object 'Object Repository/Page_Metafour User Login/input_Login_login'

2018-09-25 18:56:26 - [TEST_STEP][PASSED] - setText: Text 'spsdemo0321' is set on object 'Object Repository/Page_Metafour User Login/input_Login_j_password'

2018-09-25 18:56:26 - [MESSAGE][PASSED] - Text 'spsdemo0321' is set on object 'Object Repository/Page_Metafour User Login/input_Login_j_password'

2018-09-25 18:56:26 - [TEST_STEP][PASSED] - click: Object: 'Object Repository/Page_Metafour User Login/button_Sign in' is clicked on

2018-09-25 18:56:27 - [MESSAGE][PASSED] - Object: 'Object Repository/Page_Metafour User Login/button_Sign in' is clicked on

2018-09-25 18:56:27 - [TEST_STEP][PASSED] - delay: Delayed 3 second(s)

2018-09-25 18:56:30 - [MESSAGE][PASSED] - Delayed 3 second(s)

2018-09-25 18:56:30 - [TEST_STEP][FAILED] - verifyElementNotPresent: Unable to verify object 'Object Repository/Page_Metafour User Login/div_Sorry login failed' is not present (Root cause: Web element with id: 'Object Repository/Page_Metafour User Login/div_Sorry login failed' located by 'By.xpath: //div[@id='customerrormessagediv']' is present after '30' second(s))

2018-09-25 18:56:30 - [MESSAGE][WARNING] - Timeout '0' is invalid. Using default page load timeout: '30'

2018-09-25 18:57:01 - [MESSAGE][FAILED] - Web element with id: 'Object Repository/Page_Metafour User Login/div_Sorry login failed' located by 'By.xpath: //div[@id='customerrormessagediv']' is present after '30' second(s)
[[ATTACHMENT|C:\\Users\\mazha\\Katalon Studio\\m4-monitoring\\Reports\\nc-cp-bo-login-test-suit\\20180925_183452\\1537880221083.png]]

2018-09-25 18:57:01 - [MESSAGE][FAILED] - Unable to verify object 'Object Repository/Page_Metafour User Login/div_Sorry login failed' is not present (Root cause: Web element with id: 'Object Repository/Page_Metafour User Login/div_Sorry login failed' located by 'By.xpath: //div[@id='customerrormessagediv']' is present after '30' second(s))
[[ATTACHMENT|C:\\Users\\mazha\\Katalon Studio\\m4-monitoring\\Reports\\nc-cp-bo-login-test-suit\\20180925_183452\\1537880221352.png]]]]></system-out>
         <system-err><![CDATA[2018-09-25 18:56:14 - [TEST_CASE][FAILED] - Test Cases/nc_cp_login_test: Test Cases/nc_cp_login_test FAILED because (of) (Stack trace: com.kms.katalon.core.exception.StepFailedException: Unable to verify object 'Object Repository/Page_Metafour User Login/div_Sorry login failed' is not present (Root cause: Web element with id: 'Object Repository/Page_Metafour User Login/div_Sorry login failed' located by 'By.xpath: //div[@id='customerrormessagediv']' is present after '30' second(s))
	at com.kms.katalon.core.keyword.internal.KeywordMain.stepFailed(KeywordMain.groovy:36)
	at com.kms.katalon.core.webui.keyword.internal.WebUIKeywordMain.stepFailed(WebUIKeywordMain.groovy:65)
	at com.kms.katalon.core.webui.keyword.internal.WebUIKeywordMain.runKeyword(WebUIKeywordMain.groovy:27)
	at com.kms.katalon.core.webui.keyword.builtin.VerifyElementNotPresentKeyword.verifyElementNotPresent(VerifyElementNotPresentKeyword.groovy:118)
	at com.kms.katalon.core.webui.keyword.builtin.VerifyElementNotPresentKeyword.execute(VerifyElementNotPresentKeyword.groovy:68)
	at com.kms.katalon.core.keyword.internal.KeywordExecutor.executeKeywordForPlatform(KeywordExecutor.groovy:53)
	at com.kms.katalon.core.webui.keyword.WebUiBuiltInKeywords.verifyElementNotPresent(WebUiBuiltInKeywords.groovy:1467)
	at com.kms.katalon.core.webui.keyword.WebUiBuiltInKeywords$verifyElementNotPresent$3.call(Unknown Source)
	at Script1537190043452.run(Script1537190043452.groovy:31)
	at com.kms.katalon.core.main.ScriptEngine.run(ScriptEngine.java:183)
	at com.kms.katalon.core.main.ScriptEngine.runScriptAsRawText(ScriptEngine.java:108)
	at com.kms.katalon.core.main.TestCaseExecutor.runScript(TestCaseExecutor.java:294)
	at com.kms.katalon.core.main.TestCaseExecutor.doExecute(TestCaseExecutor.java:285)
	at com.kms.katalon.core.main.TestCaseExecutor.processExecutionPhase(TestCaseExecutor.java:264)
	at com.kms.katalon.core.main.TestCaseExecutor.accessMainPhase(TestCaseExecutor.java:256)
	at com.kms.katalon.core.main.TestCaseExecutor.execute(TestCaseExecutor.java:200)
	at com.kms.katalon.core.main.TestSuiteExecutor.accessTestCaseMainPhase(TestSuiteExecutor.java:129)
	at com.kms.katalon.core.main.TestSuiteExecutor.accessTestSuiteMainPhase(TestSuiteExecutor.java:112)
	at com.kms.katalon.core.main.TestSuiteExecutor.execute(TestSuiteExecutor.java:81)
	at com.kms.katalon.core.main.TestCaseMain.startTestSuite(TestCaseMain.java:142)
	at com.kms.katalon.core.main.TestCaseMain$startTestSuite$0.call(Unknown Source)
	at org.codehaus.groovy.runtime.callsite.CallSiteArray.defaultCall(CallSiteArray.java:48)
	at org.codehaus.groovy.runtime.callsite.AbstractCallSite.call(AbstractCallSite.java:113)
	at org.codehaus.groovy.runtime.callsite.AbstractCallSite.call(AbstractCallSite.java:141)
	at TempTestSuite1537878892048.run(TempTestSuite1537878892048.groovy:36)
	at groovy.lang.GroovyShell.runScriptOrMainOrTestOrRunnable(GroovyShell.java:263)
	at groovy.lang.GroovyShell.run(GroovyShell.java:518)
	at groovy.lang.GroovyShell.run(GroovyShell.java:507)
	at groovy.ui.GroovyMain.processOnce(GroovyMain.java:653)
	at groovy.ui.GroovyMain.run(GroovyMain.java:384)
	at groovy.ui.GroovyMain.process(GroovyMain.java:370)
	at groovy.ui.GroovyMain.processArgs(GroovyMain.java:129)
	at groovy.ui.GroovyMain.main(GroovyMain.java:109)
	at sun.reflect.NativeMethodAccessorImpl.invoke0(Native Method)
	at sun.reflect.NativeMethodAccessorImpl.invoke(NativeMethodAccessorImpl.java:62)
	at sun.reflect.DelegatingMethodAccessorImpl.invoke(DelegatingMethodAccessorImpl.java:43)
	at java.lang.reflect.Method.invoke(Method.java:498)
	at org.codehaus.groovy.tools.GroovyStarter.rootLoader(GroovyStarter.java:109)
	at org.codehaus.groovy.tools.GroovyStarter.main(GroovyStarter.java:131)
)]]></system-err>
      </testcase>
      <testcase name="Test Cases/nc_cp_login_test" classname="Test Cases/nc_cp_login_test" status="PASSED">
         <system-out><![CDATA[2018-09-25 18:57:01 - [TEST_CASE][PASSED] - Test Cases/nc_cp_login_test: Test Cases/nc_cp_login_test

2018-09-25 18:57:01 - [TEST_STEP][PASSED] - openBrowser: Browser is opened with url: 'https://swisspostsolutions.metafour.com/ub8888/'

2018-09-25 18:57:01 - [MESSAGE][WARNING] - A browser is already opened. Closing browser and opening a new one

2018-09-25 18:57:08 - [MESSAGE][PASSED] - Browser is opened with url: 'https://swisspostsolutions.metafour.com/ub8888/'

2018-09-25 18:57:08 - [TEST_STEP][PASSED] - navigateToUrl: Navigate to 'https://swisspostsolutions.metafour.com/ub8888/' successfully

2018-09-25 18:57:08 - [MESSAGE][PASSED] - Navigate to 'https://swisspostsolutions.metafour.com/ub8888/' successfully

2018-09-25 18:57:08 - [TEST_STEP][PASSED] - setText: Text 'master' is set on object 'Object Repository/Page_Metafour User Login/input_Login_access_code'

2018-09-25 18:57:13 - [MESSAGE][PASSED] - Text 'master' is set on object 'Object Repository/Page_Metafour User Login/input_Login_access_code'

2018-09-25 18:57:13 - [TEST_STEP][PASSED] - setText: Text 'admin' is set on object 'Object Repository/Page_Metafour User Login/input_Login_login'

2018-09-25 18:57:13 - [MESSAGE][PASSED] - Text 'admin' is set on object 'Object Repository/Page_Metafour User Login/input_Login_login'

2018-09-25 18:57:13 - [TEST_STEP][PASSED] - setText: Text 'R1chm0nd1' is set on object 'Object Repository/Page_Metafour User Login/input_Login_j_password'

2018-09-25 18:57:13 - [MESSAGE][PASSED] - Text 'R1chm0nd1' is set on object 'Object Repository/Page_Metafour User Login/input_Login_j_password'

2018-09-25 18:57:13 - [TEST_STEP][PASSED] - click: Object: 'Object Repository/Page_Metafour User Login/button_Sign in' is clicked on

2018-09-25 18:57:17 - [MESSAGE][PASSED] - Object: 'Object Repository/Page_Metafour User Login/button_Sign in' is clicked on

2018-09-25 18:57:17 - [TEST_STEP][PASSED] - delay: Delayed 3 second(s)

2018-09-25 18:57:20 - [MESSAGE][PASSED] - Delayed 3 second(s)

2018-09-25 18:57:20 - [TEST_STEP][PASSED] - verifyElementNotPresent: Web element with id: 'Object Repository/Page_Metafour User Login/div_Sorry login failed' located by 'By.xpath: //div[@id='customerrormessagediv']' is not present after '30' second(s)

2018-09-25 18:57:20 - [MESSAGE][WARNING] - Timeout '0' is invalid. Using default page load timeout: '30'

2018-09-25 18:57:20 - [MESSAGE][PASSED] - Web element with id: 'Object Repository/Page_Metafour User Login/div_Sorry login failed' located by 'By.xpath: //div[@id='customerrormessagediv']' is not present after '30' second(s)

2018-09-25 18:57:20 - [TEST_STEP][PASSED] - closeBrowser: Browser is closed

2018-09-25 18:57:21 - [MESSAGE][PASSED] - Browser is closed]]></system-out>
         <system-err><![CDATA[]]></system-err>
      </testcase>
      <testcase name="Test Cases/nc_cp_login_test" classname="Test Cases/nc_cp_login_test" status="FAILED">
         <failure type="FAILED" message="(Stack trace: com.kms.katalon.core.exception.StepFailedException: Unable to verify object 'Object Repository/Page_Metafour User Login/div_Sorry login failed' is not present (Root cause: Web element with id: 'Object Repository/Page_Metafour User Login/div_Sorry login failed' located by 'By.xpath: //div[@id='customerrormessagediv']' is present after '30' second(s))
	at com.kms.katalon.core.keyword.internal.KeywordMain.stepFailed(KeywordMain.groovy:36)
	at com.kms.katalon.core.webui.keyword.internal.WebUIKeywordMain.stepFailed(WebUIKeywordMain.groovy:65)
	at com.kms.katalon.core.webui.keyword.internal.WebUIKeywordMain.runKeyword(WebUIKeywordMain.groovy:27)
	at com.kms.katalon.core.webui.keyword.builtin.VerifyElementNotPresentKeyword.verifyElementNotPresent(VerifyElementNotPresentKeyword.groovy:118)
	at com.kms.katalon.core.webui.keyword.builtin.VerifyElementNotPresentKeyword.execute(VerifyElementNotPresentKeyword.groovy:68)
	at com.kms.katalon.core.keyword.internal.KeywordExecutor.executeKeywordForPlatform(KeywordExecutor.groovy:53)
	at com.kms.katalon.core.webui.keyword.WebUiBuiltInKeywords.verifyElementNotPresent(WebUiBuiltInKeywords.groovy:1467)
	at com.kms.katalon.core.webui.keyword.WebUiBuiltInKeywords$verifyElementNotPresent$3.call(Unknown Source)
	at Script1537190043452.run(Script1537190043452.groovy:31)
	at com.kms.katalon.core.main.ScriptEngine.run(ScriptEngine.java:183)
	at com.kms.katalon.core.main.ScriptEngine.runScriptAsRawText(ScriptEngine.java:108)
	at com.kms.katalon.core.main.TestCaseExecutor.runScript(TestCaseExecutor.java:294)
	at com.kms.katalon.core.main.TestCaseExecutor.doExecute(TestCaseExecutor.java:285)
	at com.kms.katalon.core.main.TestCaseExecutor.processExecutionPhase(TestCaseExecutor.java:264)
	at com.kms.katalon.core.main.TestCaseExecutor.accessMainPhase(TestCaseExecutor.java:256)
	at com.kms.katalon.core.main.TestCaseExecutor.execute(TestCaseExecutor.java:200)
	at com.kms.katalon.core.main.TestSuiteExecutor.accessTestCaseMainPhase(TestSuiteExecutor.java:129)
	at com.kms.katalon.core.main.TestSuiteExecutor.accessTestSuiteMainPhase(TestSuiteExecutor.java:112)
	at com.kms.katalon.core.main.TestSuiteExecutor.execute(TestSuiteExecutor.java:81)
	at com.kms.katalon.core.main.TestCaseMain.startTestSuite(TestCaseMain.java:142)
	at com.kms.katalon.core.main.TestCaseMain$startTestSuite$0.call(Unknown Source)
	at org.codehaus.groovy.runtime.callsite.CallSiteArray.defaultCall(CallSiteArray.java:48)
	at org.codehaus.groovy.runtime.callsite.AbstractCallSite.call(AbstractCallSite.java:113)
	at org.codehaus.groovy.runtime.callsite.AbstractCallSite.call(AbstractCallSite.java:141)
	at TempTestSuite1537878892048.run(TempTestSuite1537878892048.groovy:36)
	at groovy.lang.GroovyShell.runScriptOrMainOrTestOrRunnable(GroovyShell.java:263)
	at groovy.lang.GroovyShell.run(GroovyShell.java:518)
	at groovy.lang.GroovyShell.run(GroovyShell.java:507)
	at groovy.ui.GroovyMain.processOnce(GroovyMain.java:653)
	at groovy.ui.GroovyMain.run(GroovyMain.java:384)
	at groovy.ui.GroovyMain.process(GroovyMain.java:370)
	at groovy.ui.GroovyMain.processArgs(GroovyMain.java:129)
	at groovy.ui.GroovyMain.main(GroovyMain.java:109)
	at sun.reflect.NativeMethodAccessorImpl.invoke0(Native Method)
	at sun.reflect.NativeMethodAccessorImpl.invoke(NativeMethodAccessorImpl.java:62)
	at sun.reflect.DelegatingMethodAccessorImpl.invoke(DelegatingMethodAccessorImpl.java:43)
	at java.lang.reflect.Method.invoke(Method.java:498)
	at org.codehaus.groovy.tools.GroovyStarter.rootLoader(GroovyStarter.java:109)
	at org.codehaus.groovy.tools.GroovyStarter.main(GroovyStarter.java:131)
)"/>
         <system-out><![CDATA[2018-09-25 18:57:21 - [TEST_CASE][FAILED] - Test Cases/nc_cp_login_test: Test Cases/nc_cp_login_test FAILED because (of) (Stack trace: com.kms.katalon.core.exception.StepFailedException: Unable to verify object 'Object Repository/Page_Metafour User Login/div_Sorry login failed' is not present (Root cause: Web element with id: 'Object Repository/Page_Metafour User Login/div_Sorry login failed' located by 'By.xpath: //div[@id='customerrormessagediv']' is present after '30' second(s))
	at com.kms.katalon.core.keyword.internal.KeywordMain.stepFailed(KeywordMain.groovy:36)
	at com.kms.katalon.core.webui.keyword.internal.WebUIKeywordMain.stepFailed(WebUIKeywordMain.groovy:65)
	at com.kms.katalon.core.webui.keyword.internal.WebUIKeywordMain.runKeyword(WebUIKeywordMain.groovy:27)
	at com.kms.katalon.core.webui.keyword.builtin.VerifyElementNotPresentKeyword.verifyElementNotPresent(VerifyElementNotPresentKeyword.groovy:118)
	at com.kms.katalon.core.webui.keyword.builtin.VerifyElementNotPresentKeyword.execute(VerifyElementNotPresentKeyword.groovy:68)
	at com.kms.katalon.core.keyword.internal.KeywordExecutor.executeKeywordForPlatform(KeywordExecutor.groovy:53)
	at com.kms.katalon.core.webui.keyword.WebUiBuiltInKeywords.verifyElementNotPresent(WebUiBuiltInKeywords.groovy:1467)
	at com.kms.katalon.core.webui.keyword.WebUiBuiltInKeywords$verifyElementNotPresent$3.call(Unknown Source)
	at Script1537190043452.run(Script1537190043452.groovy:31)
	at com.kms.katalon.core.main.ScriptEngine.run(ScriptEngine.java:183)
	at com.kms.katalon.core.main.ScriptEngine.runScriptAsRawText(ScriptEngine.java:108)
	at com.kms.katalon.core.main.TestCaseExecutor.runScript(TestCaseExecutor.java:294)
	at com.kms.katalon.core.main.TestCaseExecutor.doExecute(TestCaseExecutor.java:285)
	at com.kms.katalon.core.main.TestCaseExecutor.processExecutionPhase(TestCaseExecutor.java:264)
	at com.kms.katalon.core.main.TestCaseExecutor.accessMainPhase(TestCaseExecutor.java:256)
	at com.kms.katalon.core.main.TestCaseExecutor.execute(TestCaseExecutor.java:200)
	at com.kms.katalon.core.main.TestSuiteExecutor.accessTestCaseMainPhase(TestSuiteExecutor.java:129)
	at com.kms.katalon.core.main.TestSuiteExecutor.accessTestSuiteMainPhase(TestSuiteExecutor.java:112)
	at com.kms.katalon.core.main.TestSuiteExecutor.execute(TestSuiteExecutor.java:81)
	at com.kms.katalon.core.main.TestCaseMain.startTestSuite(TestCaseMain.java:142)
	at com.kms.katalon.core.main.TestCaseMain$startTestSuite$0.call(Unknown Source)
	at org.codehaus.groovy.runtime.callsite.CallSiteArray.defaultCall(CallSiteArray.java:48)
	at org.codehaus.groovy.runtime.callsite.AbstractCallSite.call(AbstractCallSite.java:113)
	at org.codehaus.groovy.runtime.callsite.AbstractCallSite.call(AbstractCallSite.java:141)
	at TempTestSuite1537878892048.run(TempTestSuite1537878892048.groovy:36)
	at groovy.lang.GroovyShell.runScriptOrMainOrTestOrRunnable(GroovyShell.java:263)
	at groovy.lang.GroovyShell.run(GroovyShell.java:518)
	at groovy.lang.GroovyShell.run(GroovyShell.java:507)
	at groovy.ui.GroovyMain.processOnce(GroovyMain.java:653)
	at groovy.ui.GroovyMain.run(GroovyMain.java:384)
	at groovy.ui.GroovyMain.process(GroovyMain.java:370)
	at groovy.ui.GroovyMain.processArgs(GroovyMain.java:129)
	at groovy.ui.GroovyMain.main(GroovyMain.java:109)
	at sun.reflect.NativeMethodAccessorImpl.invoke0(Native Method)
	at sun.reflect.NativeMethodAccessorImpl.invoke(NativeMethodAccessorImpl.java:62)
	at sun.reflect.DelegatingMethodAccessorImpl.invoke(DelegatingMethodAccessorImpl.java:43)
	at java.lang.reflect.Method.invoke(Method.java:498)
	at org.codehaus.groovy.tools.GroovyStarter.rootLoader(GroovyStarter.java:109)
	at org.codehaus.groovy.tools.GroovyStarter.main(GroovyStarter.java:131)
)

2018-09-25 18:57:21 - [TEST_STEP][PASSED] - openBrowser: Browser is opened with url: 'https://swisspostsolutions.metafour.com/ub4321'

2018-09-25 18:57:27 - [MESSAGE][PASSED] - Browser is opened with url: 'https://swisspostsolutions.metafour.com/ub4321'

2018-09-25 18:57:27 - [TEST_STEP][PASSED] - navigateToUrl: Navigate to 'https://swisspostsolutions.metafour.com/ub4321' successfully

2018-09-25 18:57:28 - [MESSAGE][PASSED] - Navigate to 'https://swisspostsolutions.metafour.com/ub4321' successfully

2018-09-25 18:57:28 - [TEST_STEP][PASSED] - setText: Text 'uat' is set on object 'Object Repository/Page_Metafour User Login/input_Login_access_code'

2018-09-25 18:57:32 - [MESSAGE][PASSED] - Text 'uat' is set on object 'Object Repository/Page_Metafour User Login/input_Login_access_code'

2018-09-25 18:57:32 - [TEST_STEP][PASSED] - setText: Text 'Jony' is set on object 'Object Repository/Page_Metafour User Login/input_Login_login'

2018-09-25 18:57:32 - [MESSAGE][PASSED] - Text 'Jony' is set on object 'Object Repository/Page_Metafour User Login/input_Login_login'

2018-09-25 18:57:32 - [TEST_STEP][PASSED] - setText: Text 'MFasia%21' is set on object 'Object Repository/Page_Metafour User Login/input_Login_j_password'

2018-09-25 18:57:32 - [MESSAGE][PASSED] - Text 'MFasia%21' is set on object 'Object Repository/Page_Metafour User Login/input_Login_j_password'

2018-09-25 18:57:32 - [TEST_STEP][PASSED] - click: Object: 'Object Repository/Page_Metafour User Login/button_Sign in' is clicked on

2018-09-25 18:57:33 - [MESSAGE][PASSED] - Object: 'Object Repository/Page_Metafour User Login/button_Sign in' is clicked on

2018-09-25 18:57:33 - [TEST_STEP][PASSED] - delay: Delayed 3 second(s)

2018-09-25 18:57:36 - [MESSAGE][PASSED] - Delayed 3 second(s)

2018-09-25 18:57:36 - [TEST_STEP][FAILED] - verifyElementNotPresent: Unable to verify object 'Object Repository/Page_Metafour User Login/div_Sorry login failed' is not present (Root cause: Web element with id: 'Object Repository/Page_Metafour User Login/div_Sorry login failed' located by 'By.xpath: //div[@id='customerrormessagediv']' is present after '30' second(s))

2018-09-25 18:57:36 - [MESSAGE][WARNING] - Timeout '0' is invalid. Using default page load timeout: '30'

2018-09-25 18:58:07 - [MESSAGE][FAILED] - Web element with id: 'Object Repository/Page_Metafour User Login/div_Sorry login failed' located by 'By.xpath: //div[@id='customerrormessagediv']' is present after '30' second(s)
[[ATTACHMENT|C:\\Users\\mazha\\Katalon Studio\\m4-monitoring\\Reports\\nc-cp-bo-login-test-suit\\20180925_183452\\1537880286767.png]]

2018-09-25 18:58:07 - [MESSAGE][FAILED] - Unable to verify object 'Object Repository/Page_Metafour User Login/div_Sorry login failed' is not present (Root cause: Web element with id: 'Object Repository/Page_Metafour User Login/div_Sorry login failed' located by 'By.xpath: //div[@id='customerrormessagediv']' is present after '30' second(s))
[[ATTACHMENT|C:\\Users\\mazha\\Katalon Studio\\m4-monitoring\\Reports\\nc-cp-bo-login-test-suit\\20180925_183452\\1537880287009.png]]]]></system-out>
         <system-err><![CDATA[2018-09-25 18:57:21 - [TEST_CASE][FAILED] - Test Cases/nc_cp_login_test: Test Cases/nc_cp_login_test FAILED because (of) (Stack trace: com.kms.katalon.core.exception.StepFailedException: Unable to verify object 'Object Repository/Page_Metafour User Login/div_Sorry login failed' is not present (Root cause: Web element with id: 'Object Repository/Page_Metafour User Login/div_Sorry login failed' located by 'By.xpath: //div[@id='customerrormessagediv']' is present after '30' second(s))
	at com.kms.katalon.core.keyword.internal.KeywordMain.stepFailed(KeywordMain.groovy:36)
	at com.kms.katalon.core.webui.keyword.internal.WebUIKeywordMain.stepFailed(WebUIKeywordMain.groovy:65)
	at com.kms.katalon.core.webui.keyword.internal.WebUIKeywordMain.runKeyword(WebUIKeywordMain.groovy:27)
	at com.kms.katalon.core.webui.keyword.builtin.VerifyElementNotPresentKeyword.verifyElementNotPresent(VerifyElementNotPresentKeyword.groovy:118)
	at com.kms.katalon.core.webui.keyword.builtin.VerifyElementNotPresentKeyword.execute(VerifyElementNotPresentKeyword.groovy:68)
	at com.kms.katalon.core.keyword.internal.KeywordExecutor.executeKeywordForPlatform(KeywordExecutor.groovy:53)
	at com.kms.katalon.core.webui.keyword.WebUiBuiltInKeywords.verifyElementNotPresent(WebUiBuiltInKeywords.groovy:1467)
	at com.kms.katalon.core.webui.keyword.WebUiBuiltInKeywords$verifyElementNotPresent$3.call(Unknown Source)
	at Script1537190043452.run(Script1537190043452.groovy:31)
	at com.kms.katalon.core.main.ScriptEngine.run(ScriptEngine.java:183)
	at com.kms.katalon.core.main.ScriptEngine.runScriptAsRawText(ScriptEngine.java:108)
	at com.kms.katalon.core.main.TestCaseExecutor.runScript(TestCaseExecutor.java:294)
	at com.kms.katalon.core.main.TestCaseExecutor.doExecute(TestCaseExecutor.java:285)
	at com.kms.katalon.core.main.TestCaseExecutor.processExecutionPhase(TestCaseExecutor.java:264)
	at com.kms.katalon.core.main.TestCaseExecutor.accessMainPhase(TestCaseExecutor.java:256)
	at com.kms.katalon.core.main.TestCaseExecutor.execute(TestCaseExecutor.java:200)
	at com.kms.katalon.core.main.TestSuiteExecutor.accessTestCaseMainPhase(TestSuiteExecutor.java:129)
	at com.kms.katalon.core.main.TestSuiteExecutor.accessTestSuiteMainPhase(TestSuiteExecutor.java:112)
	at com.kms.katalon.core.main.TestSuiteExecutor.execute(TestSuiteExecutor.java:81)
	at com.kms.katalon.core.main.TestCaseMain.startTestSuite(TestCaseMain.java:142)
	at com.kms.katalon.core.main.TestCaseMain$startTestSuite$0.call(Unknown Source)
	at org.codehaus.groovy.runtime.callsite.CallSiteArray.defaultCall(CallSiteArray.java:48)
	at org.codehaus.groovy.runtime.callsite.AbstractCallSite.call(AbstractCallSite.java:113)
	at org.codehaus.groovy.runtime.callsite.AbstractCallSite.call(AbstractCallSite.java:141)
	at TempTestSuite1537878892048.run(TempTestSuite1537878892048.groovy:36)
	at groovy.lang.GroovyShell.runScriptOrMainOrTestOrRunnable(GroovyShell.java:263)
	at groovy.lang.GroovyShell.run(GroovyShell.java:518)
	at groovy.lang.GroovyShell.run(GroovyShell.java:507)
	at groovy.ui.GroovyMain.processOnce(GroovyMain.java:653)
	at groovy.ui.GroovyMain.run(GroovyMain.java:384)
	at groovy.ui.GroovyMain.process(GroovyMain.java:370)
	at groovy.ui.GroovyMain.processArgs(GroovyMain.java:129)
	at groovy.ui.GroovyMain.main(GroovyMain.java:109)
	at sun.reflect.NativeMethodAccessorImpl.invoke0(Native Method)
	at sun.reflect.NativeMethodAccessorImpl.invoke(NativeMethodAccessorImpl.java:62)
	at sun.reflect.DelegatingMethodAccessorImpl.invoke(DelegatingMethodAccessorImpl.java:43)
	at java.lang.reflect.Method.invoke(Method.java:498)
	at org.codehaus.groovy.tools.GroovyStarter.rootLoader(GroovyStarter.java:109)
	at org.codehaus.groovy.tools.GroovyStarter.main(GroovyStarter.java:131)
)]]></system-err>
      </testcase>
      <testcase name="Test Cases/nc_cp_login_test" classname="Test Cases/nc_cp_login_test" status="PASSED">
         <system-out><![CDATA[2018-09-25 18:58:07 - [TEST_CASE][PASSED] - Test Cases/nc_cp_login_test: Test Cases/nc_cp_login_test

2018-09-25 18:58:07 - [TEST_STEP][PASSED] - openBrowser: Browser is opened with url: 'https://swisspostsolutions.metafour.com/ub3533/'

2018-09-25 18:58:07 - [MESSAGE][WARNING] - A browser is already opened. Closing browser and opening a new one

2018-09-25 18:58:13 - [MESSAGE][PASSED] - Browser is opened with url: 'https://swisspostsolutions.metafour.com/ub3533/'

2018-09-25 18:58:13 - [TEST_STEP][PASSED] - navigateToUrl: Navigate to 'https://swisspostsolutions.metafour.com/ub3533/' successfully

2018-09-25 18:58:14 - [MESSAGE][PASSED] - Navigate to 'https://swisspostsolutions.metafour.com/ub3533/' successfully

2018-09-25 18:58:14 - [TEST_STEP][PASSED] - setText: Text 'spstest' is set on object 'Object Repository/Page_Metafour User Login/input_Login_access_code'

2018-09-25 18:58:18 - [MESSAGE][PASSED] - Text 'spstest' is set on object 'Object Repository/Page_Metafour User Login/input_Login_access_code'

2018-09-25 18:58:18 - [TEST_STEP][PASSED] - setText: Text 'Jony' is set on object 'Object Repository/Page_Metafour User Login/input_Login_login'

2018-09-25 18:58:18 - [MESSAGE][PASSED] - Text 'Jony' is set on object 'Object Repository/Page_Metafour User Login/input_Login_login'

2018-09-25 18:58:18 - [TEST_STEP][PASSED] - setText: Text '1234' is set on object 'Object Repository/Page_Metafour User Login/input_Login_j_password'

2018-09-25 18:58:18 - [MESSAGE][PASSED] - Text '1234' is set on object 'Object Repository/Page_Metafour User Login/input_Login_j_password'

2018-09-25 18:58:18 - [TEST_STEP][PASSED] - click: Object: 'Object Repository/Page_Metafour User Login/button_Sign in' is clicked on

2018-09-25 18:58:22 - [MESSAGE][PASSED] - Object: 'Object Repository/Page_Metafour User Login/button_Sign in' is clicked on

2018-09-25 18:58:22 - [TEST_STEP][PASSED] - delay: Delayed 3 second(s)

2018-09-25 18:58:25 - [MESSAGE][PASSED] - Delayed 3 second(s)

2018-09-25 18:58:25 - [TEST_STEP][PASSED] - verifyElementNotPresent: Web element with id: 'Object Repository/Page_Metafour User Login/div_Sorry login failed' located by 'By.xpath: //div[@id='customerrormessagediv']' is not present after '30' second(s)

2018-09-25 18:58:25 - [MESSAGE][WARNING] - Timeout '0' is invalid. Using default page load timeout: '30'

2018-09-25 18:58:25 - [MESSAGE][PASSED] - Web element with id: 'Object Repository/Page_Metafour User Login/div_Sorry login failed' located by 'By.xpath: //div[@id='customerrormessagediv']' is not present after '30' second(s)

2018-09-25 18:58:25 - [TEST_STEP][PASSED] - closeBrowser: Browser is closed

2018-09-25 18:58:25 - [MESSAGE][PASSED] - Browser is closed]]></system-out>
         <system-err><![CDATA[]]></system-err>
      </testcase>
      <testcase name="Test Cases/nc_bo_login-test" classname="Test Cases/nc_bo_login-test" status="PASSED">
         <system-out><![CDATA[2018-09-25 18:58:25 - [TEST_CASE][PASSED] - Test Cases/nc_bo_login-test: Test Cases/nc_bo_login-test

2018-09-25 18:58:26 - [TEST_STEP][PASSED] - openBrowser: Browser is opened with url: 'https://ateamexpress.netcourier.net/netcourier-data/'

2018-09-25 18:58:31 - [MESSAGE][PASSED] - Browser is opened with url: 'https://ateamexpress.netcourier.net/netcourier-data/'

2018-09-25 18:58:31 - [TEST_STEP][PASSED] - navigateToUrl: Navigate to 'https://ateamexpress.netcourier.net/netcourier-data/' successfully

2018-09-25 18:58:34 - [MESSAGE][PASSED] - Navigate to 'https://ateamexpress.netcourier.net/netcourier-data/' successfully

2018-09-25 18:58:34 - [TEST_STEP][PASSED] - setText: Text 'ate' is set on object 'Object Repository/Page_Metafour User Login/input_Login_access_code'

2018-09-25 18:58:39 - [MESSAGE][PASSED] - Text 'ate' is set on object 'Object Repository/Page_Metafour User Login/input_Login_access_code'

2018-09-25 18:58:39 - [TEST_STEP][PASSED] - setText: Text 'admin' is set on object 'Object Repository/Page_Metafour User Login/input_Login_login'

2018-09-25 18:58:39 - [MESSAGE][PASSED] - Text 'admin' is set on object 'Object Repository/Page_Metafour User Login/input_Login_login'

2018-09-25 18:58:39 - [TEST_STEP][PASSED] - setText: Text 'qtate174u' is set on object 'Object Repository/Page_Metafour User Login/input_Login_j_password'

2018-09-25 18:58:39 - [MESSAGE][PASSED] - Text 'qtate174u' is set on object 'Object Repository/Page_Metafour User Login/input_Login_j_password'

2018-09-25 18:58:39 - [TEST_STEP][PASSED] - click: Object: 'Object Repository/Page_Metafour User Login/button_Sign in' is clicked on

2018-09-25 18:58:42 - [MESSAGE][PASSED] - Object: 'Object Repository/Page_Metafour User Login/button_Sign in' is clicked on

2018-09-25 18:58:42 - [TEST_STEP][PASSED] - delay: Delayed 3 second(s)

2018-09-25 18:58:45 - [MESSAGE][PASSED] - Delayed 3 second(s)

2018-09-25 18:58:45 - [TEST_STEP][PASSED] - verifyElementNotPresent: Web element with id: 'Object Repository/Page_Metafour User Login/div_Sorry login failed' located by 'By.xpath: //div[@id='customerrormessagediv']' is not present after '30' second(s)

2018-09-25 18:58:45 - [MESSAGE][WARNING] - Timeout '0' is invalid. Using default page load timeout: '30'

2018-09-25 18:58:46 - [MESSAGE][PASSED] - Web element with id: 'Object Repository/Page_Metafour User Login/div_Sorry login failed' located by 'By.xpath: //div[@id='customerrormessagediv']' is not present after '30' second(s)

2018-09-25 18:58:46 - [TEST_STEP][PASSED] - closeBrowser: Browser is closed

2018-09-25 18:58:46 - [MESSAGE][PASSED] - Browser is closed]]></system-out>
         <system-err><![CDATA[]]></system-err>
      </testcase>
      <testcase name="Test Cases/nc_bo_login-test" classname="Test Cases/nc_bo_login-test" status="PASSED">
         <system-out><![CDATA[2018-09-25 18:58:46 - [TEST_CASE][PASSED] - Test Cases/nc_bo_login-test: Test Cases/nc_bo_login-test

2018-09-25 18:58:46 - [TEST_STEP][PASSED] - openBrowser: Browser is opened with url: 'https://aands.netcourier.net/netcourier-data/'

2018-09-25 18:58:53 - [MESSAGE][PASSED] - Browser is opened with url: 'https://aands.netcourier.net/netcourier-data/'

2018-09-25 18:58:53 - [TEST_STEP][PASSED] - navigateToUrl: Navigate to 'https://aands.netcourier.net/netcourier-data/' successfully

2018-09-25 18:58:56 - [MESSAGE][PASSED] - Navigate to 'https://aands.netcourier.net/netcourier-data/' successfully

2018-09-25 18:58:56 - [TEST_STEP][PASSED] - setText: Text 'ase' is set on object 'Object Repository/Page_Metafour User Login/input_Login_access_code'

2018-09-25 18:58:59 - [MESSAGE][PASSED] - Text 'ase' is set on object 'Object Repository/Page_Metafour User Login/input_Login_access_code'

2018-09-25 18:58:59 - [TEST_STEP][PASSED] - setText: Text 'admin' is set on object 'Object Repository/Page_Metafour User Login/input_Login_login'

2018-09-25 18:58:59 - [MESSAGE][PASSED] - Text 'admin' is set on object 'Object Repository/Page_Metafour User Login/input_Login_login'

2018-09-25 18:58:59 - [TEST_STEP][PASSED] - setText: Text 'qtase071u' is set on object 'Object Repository/Page_Metafour User Login/input_Login_j_password'

2018-09-25 18:58:59 - [MESSAGE][PASSED] - Text 'qtase071u' is set on object 'Object Repository/Page_Metafour User Login/input_Login_j_password'

2018-09-25 18:58:59 - [TEST_STEP][PASSED] - click: Object: 'Object Repository/Page_Metafour User Login/button_Sign in' is clicked on

2018-09-25 18:59:02 - [MESSAGE][PASSED] - Object: 'Object Repository/Page_Metafour User Login/button_Sign in' is clicked on

2018-09-25 18:59:02 - [TEST_STEP][PASSED] - delay: Delayed 3 second(s)

2018-09-25 18:59:05 - [MESSAGE][PASSED] - Delayed 3 second(s)

2018-09-25 18:59:05 - [TEST_STEP][PASSED] - verifyElementNotPresent: Web element with id: 'Object Repository/Page_Metafour User Login/div_Sorry login failed' located by 'By.xpath: //div[@id='customerrormessagediv']' is not present after '30' second(s)

2018-09-25 18:59:05 - [MESSAGE][WARNING] - Timeout '0' is invalid. Using default page load timeout: '30'

2018-09-25 18:59:05 - [MESSAGE][PASSED] - Web element with id: 'Object Repository/Page_Metafour User Login/div_Sorry login failed' located by 'By.xpath: //div[@id='customerrormessagediv']' is not present after '30' second(s)

2018-09-25 18:59:05 - [TEST_STEP][PASSED] - closeBrowser: Browser is closed

2018-09-25 18:59:06 - [MESSAGE][PASSED] - Browser is closed]]></system-out>
         <system-err><![CDATA[]]></system-err>
      </testcase>
      <testcase name="Test Cases/nc_bo_login-test" classname="Test Cases/nc_bo_login-test" status="PASSED">
         <system-out><![CDATA[2018-09-25 18:59:06 - [TEST_CASE][PASSED] - Test Cases/nc_bo_login-test: Test Cases/nc_bo_login-test

2018-09-25 18:59:06 - [TEST_STEP][PASSED] - openBrowser: Browser is opened with url: 'https://addlee.netcourier.net/netcourier-data'

2018-09-25 18:59:12 - [MESSAGE][PASSED] - Browser is opened with url: 'https://addlee.netcourier.net/netcourier-data'

2018-09-25 18:59:12 - [TEST_STEP][PASSED] - navigateToUrl: Navigate to 'https://addlee.netcourier.net/netcourier-data' successfully

2018-09-25 18:59:14 - [MESSAGE][PASSED] - Navigate to 'https://addlee.netcourier.net/netcourier-data' successfully

2018-09-25 18:59:14 - [TEST_STEP][PASSED] - setText: Text 'uhk' is set on object 'Object Repository/Page_Metafour User Login/input_Login_access_code'

2018-09-25 18:59:17 - [MESSAGE][PASSED] - Text 'uhk' is set on object 'Object Repository/Page_Metafour User Login/input_Login_access_code'

2018-09-25 18:59:17 - [TEST_STEP][PASSED] - setText: Text 'admin' is set on object 'Object Repository/Page_Metafour User Login/input_Login_login'

2018-09-25 18:59:17 - [MESSAGE][PASSED] - Text 'admin' is set on object 'Object Repository/Page_Metafour User Login/input_Login_login'

2018-09-25 18:59:17 - [TEST_STEP][PASSED] - setText: Text 'qtuhk078u' is set on object 'Object Repository/Page_Metafour User Login/input_Login_j_password'

2018-09-25 18:59:18 - [MESSAGE][PASSED] - Text 'qtuhk078u' is set on object 'Object Repository/Page_Metafour User Login/input_Login_j_password'

2018-09-25 18:59:18 - [TEST_STEP][PASSED] - click: Object: 'Object Repository/Page_Metafour User Login/button_Sign in' is clicked on

2018-09-25 18:59:21 - [MESSAGE][PASSED] - Object: 'Object Repository/Page_Metafour User Login/button_Sign in' is clicked on

2018-09-25 18:59:21 - [TEST_STEP][PASSED] - delay: Delayed 3 second(s)

2018-09-25 18:59:24 - [MESSAGE][PASSED] - Delayed 3 second(s)

2018-09-25 18:59:24 - [TEST_STEP][PASSED] - verifyElementNotPresent: Web element with id: 'Object Repository/Page_Metafour User Login/div_Sorry login failed' located by 'By.xpath: //div[@id='customerrormessagediv']' is not present after '30' second(s)

2018-09-25 18:59:24 - [MESSAGE][WARNING] - Timeout '0' is invalid. Using default page load timeout: '30'

2018-09-25 18:59:24 - [MESSAGE][PASSED] - Web element with id: 'Object Repository/Page_Metafour User Login/div_Sorry login failed' located by 'By.xpath: //div[@id='customerrormessagediv']' is not present after '30' second(s)

2018-09-25 18:59:24 - [TEST_STEP][PASSED] - closeBrowser: Browser is closed

2018-09-25 18:59:24 - [MESSAGE][PASSED] - Browser is closed]]></system-out>
         <system-err><![CDATA[]]></system-err>
      </testcase>
      <testcase name="Test Cases/nc_bo_login-test" classname="Test Cases/nc_bo_login-test" status="PASSED">
         <system-out><![CDATA[2018-09-25 18:59:24 - [TEST_CASE][PASSED] - Test Cases/nc_bo_login-test: Test Cases/nc_bo_login-test

2018-09-25 18:59:24 - [TEST_STEP][PASSED] - openBrowser: Browser is opened with url: 'https://aci.netcourier.net/netcourier-data'

2018-09-25 18:59:30 - [MESSAGE][PASSED] - Browser is opened with url: 'https://aci.netcourier.net/netcourier-data'

2018-09-25 18:59:30 - [TEST_STEP][PASSED] - navigateToUrl: Navigate to 'https://aci.netcourier.net/netcourier-data' successfully

2018-09-25 18:59:32 - [MESSAGE][PASSED] - Navigate to 'https://aci.netcourier.net/netcourier-data' successfully

2018-09-25 18:59:32 - [TEST_STEP][PASSED] - setText: Text 'rew' is set on object 'Object Repository/Page_Metafour User Login/input_Login_access_code'

2018-09-25 18:59:38 - [MESSAGE][PASSED] - Text 'rew' is set on object 'Object Repository/Page_Metafour User Login/input_Login_access_code'

2018-09-25 18:59:38 - [TEST_STEP][PASSED] - setText: Text 'admin' is set on object 'Object Repository/Page_Metafour User Login/input_Login_login'

2018-09-25 18:59:39 - [MESSAGE][PASSED] - Text 'admin' is set on object 'Object Repository/Page_Metafour User Login/input_Login_login'

2018-09-25 18:59:39 - [TEST_STEP][PASSED] - setText: Text 'qtrew023u' is set on object 'Object Repository/Page_Metafour User Login/input_Login_j_password'

2018-09-25 18:59:39 - [MESSAGE][PASSED] - Text 'qtrew023u' is set on object 'Object Repository/Page_Metafour User Login/input_Login_j_password'

2018-09-25 18:59:39 - [TEST_STEP][PASSED] - click: Object: 'Object Repository/Page_Metafour User Login/button_Sign in' is clicked on

2018-09-25 18:59:42 - [MESSAGE][PASSED] - Object: 'Object Repository/Page_Metafour User Login/button_Sign in' is clicked on

2018-09-25 18:59:42 - [TEST_STEP][PASSED] - delay: Delayed 3 second(s)

2018-09-25 18:59:45 - [MESSAGE][PASSED] - Delayed 3 second(s)

2018-09-25 18:59:45 - [TEST_STEP][PASSED] - verifyElementNotPresent: Web element with id: 'Object Repository/Page_Metafour User Login/div_Sorry login failed' located by 'By.xpath: //div[@id='customerrormessagediv']' is not present after '30' second(s)

2018-09-25 18:59:45 - [MESSAGE][WARNING] - Timeout '0' is invalid. Using default page load timeout: '30'

2018-09-25 18:59:45 - [MESSAGE][PASSED] - Web element with id: 'Object Repository/Page_Metafour User Login/div_Sorry login failed' located by 'By.xpath: //div[@id='customerrormessagediv']' is not present after '30' second(s)

2018-09-25 18:59:45 - [TEST_STEP][PASSED] - closeBrowser: Browser is closed

2018-09-25 18:59:45 - [MESSAGE][PASSED] - Browser is closed]]></system-out>
         <system-err><![CDATA[]]></system-err>
      </testcase>
      <testcase name="Test Cases/nc_bo_login-test" classname="Test Cases/nc_bo_login-test" status="PASSED">
         <system-out><![CDATA[2018-09-25 18:59:45 - [TEST_CASE][PASSED] - Test Cases/nc_bo_login-test: Test Cases/nc_bo_login-test

2018-09-25 18:59:45 - [TEST_STEP][PASSED] - openBrowser: Browser is opened with url: 'https://ajww.netcourier.net/netcourier-data/'

2018-09-25 18:59:51 - [MESSAGE][PASSED] - Browser is opened with url: 'https://ajww.netcourier.net/netcourier-data/'

2018-09-25 18:59:51 - [TEST_STEP][PASSED] - navigateToUrl: Navigate to 'https://ajww.netcourier.net/netcourier-data/' successfully

2018-09-25 18:59:53 - [MESSAGE][PASSED] - Navigate to 'https://ajww.netcourier.net/netcourier-data/' successfully

2018-09-25 18:59:53 - [TEST_STEP][PASSED] - setText: Text 'ajw' is set on object 'Object Repository/Page_Metafour User Login/input_Login_access_code'

2018-09-25 18:59:56 - [MESSAGE][PASSED] - Text 'ajw' is set on object 'Object Repository/Page_Metafour User Login/input_Login_access_code'

2018-09-25 18:59:56 - [TEST_STEP][PASSED] - setText: Text 'admin' is set on object 'Object Repository/Page_Metafour User Login/input_Login_login'

2018-09-25 18:59:56 - [MESSAGE][PASSED] - Text 'admin' is set on object 'Object Repository/Page_Metafour User Login/input_Login_login'

2018-09-25 18:59:56 - [TEST_STEP][PASSED] - setText: Text 'qtajw084u' is set on object 'Object Repository/Page_Metafour User Login/input_Login_j_password'

2018-09-25 18:59:56 - [MESSAGE][PASSED] - Text 'qtajw084u' is set on object 'Object Repository/Page_Metafour User Login/input_Login_j_password'

2018-09-25 18:59:56 - [TEST_STEP][PASSED] - click: Object: 'Object Repository/Page_Metafour User Login/button_Sign in' is clicked on

2018-09-25 18:59:59 - [MESSAGE][PASSED] - Object: 'Object Repository/Page_Metafour User Login/button_Sign in' is clicked on

2018-09-25 18:59:59 - [TEST_STEP][PASSED] - delay: Delayed 3 second(s)

2018-09-25 19:00:02 - [MESSAGE][PASSED] - Delayed 3 second(s)

2018-09-25 19:00:02 - [TEST_STEP][PASSED] - verifyElementNotPresent: Web element with id: 'Object Repository/Page_Metafour User Login/div_Sorry login failed' located by 'By.xpath: //div[@id='customerrormessagediv']' is not present after '30' second(s)

2018-09-25 19:00:02 - [MESSAGE][WARNING] - Timeout '0' is invalid. Using default page load timeout: '30'

2018-09-25 19:00:02 - [MESSAGE][PASSED] - Web element with id: 'Object Repository/Page_Metafour User Login/div_Sorry login failed' located by 'By.xpath: //div[@id='customerrormessagediv']' is not present after '30' second(s)

2018-09-25 19:00:02 - [TEST_STEP][PASSED] - closeBrowser: Browser is closed

2018-09-25 19:00:03 - [MESSAGE][PASSED] - Browser is closed]]></system-out>
         <system-err><![CDATA[]]></system-err>
      </testcase>
      <testcase name="Test Cases/nc_bo_login-test" classname="Test Cases/nc_bo_login-test" status="PASSED">
         <system-out><![CDATA[2018-09-25 19:00:03 - [TEST_CASE][PASSED] - Test Cases/nc_bo_login-test: Test Cases/nc_bo_login-test

2018-09-25 19:00:03 - [TEST_STEP][PASSED] - openBrowser: Browser is opened with url: 'http://allenovery.netcourier.net/netcourier-data/'

2018-09-25 19:00:09 - [MESSAGE][PASSED] - Browser is opened with url: 'http://allenovery.netcourier.net/netcourier-data/'

2018-09-25 19:00:09 - [TEST_STEP][PASSED] - navigateToUrl: Navigate to 'http://allenovery.netcourier.net/netcourier-data/' successfully

2018-09-25 19:00:11 - [MESSAGE][PASSED] - Navigate to 'http://allenovery.netcourier.net/netcourier-data/' successfully

2018-09-25 19:00:11 - [TEST_STEP][PASSED] - setText: Text 'all' is set on object 'Object Repository/Page_Metafour User Login/input_Login_access_code'

2018-09-25 19:00:15 - [MESSAGE][PASSED] - Text 'all' is set on object 'Object Repository/Page_Metafour User Login/input_Login_access_code'

2018-09-25 19:00:15 - [TEST_STEP][PASSED] - setText: Text 'admin' is set on object 'Object Repository/Page_Metafour User Login/input_Login_login'

2018-09-25 19:00:15 - [MESSAGE][PASSED] - Text 'admin' is set on object 'Object Repository/Page_Metafour User Login/input_Login_login'

2018-09-25 19:00:15 - [TEST_STEP][PASSED] - setText: Text 'qtall047u' is set on object 'Object Repository/Page_Metafour User Login/input_Login_j_password'

2018-09-25 19:00:15 - [MESSAGE][PASSED] - Text 'qtall047u' is set on object 'Object Repository/Page_Metafour User Login/input_Login_j_password'

2018-09-25 19:00:15 - [TEST_STEP][PASSED] - click: Object: 'Object Repository/Page_Metafour User Login/button_Sign in' is clicked on

2018-09-25 19:00:18 - [MESSAGE][PASSED] - Object: 'Object Repository/Page_Metafour User Login/button_Sign in' is clicked on

2018-09-25 19:00:18 - [TEST_STEP][PASSED] - delay: Delayed 3 second(s)

2018-09-25 19:00:21 - [MESSAGE][PASSED] - Delayed 3 second(s)

2018-09-25 19:00:21 - [TEST_STEP][PASSED] - verifyElementNotPresent: Web element with id: 'Object Repository/Page_Metafour User Login/div_Sorry login failed' located by 'By.xpath: //div[@id='customerrormessagediv']' is not present after '30' second(s)

2018-09-25 19:00:21 - [MESSAGE][WARNING] - Timeout '0' is invalid. Using default page load timeout: '30'

2018-09-25 19:00:21 - [MESSAGE][PASSED] - Web element with id: 'Object Repository/Page_Metafour User Login/div_Sorry login failed' located by 'By.xpath: //div[@id='customerrormessagediv']' is not present after '30' second(s)

2018-09-25 19:00:21 - [TEST_STEP][PASSED] - closeBrowser: Browser is closed

2018-09-25 19:00:22 - [MESSAGE][PASSED] - Browser is closed]]></system-out>
         <system-err><![CDATA[]]></system-err>
      </testcase>
      <testcase name="Test Cases/nc_bo_login-test" classname="Test Cases/nc_bo_login-test" status="PASSED">
         <system-out><![CDATA[2018-09-25 19:00:22 - [TEST_CASE][PASSED] - Test Cases/nc_bo_login-test: Test Cases/nc_bo_login-test

2018-09-25 19:00:22 - [TEST_STEP][PASSED] - openBrowser: Browser is opened with url: 'https://ariestransport.netcourier.net/netcourier-data/'

2018-09-25 19:00:28 - [MESSAGE][PASSED] - Browser is opened with url: 'https://ariestransport.netcourier.net/netcourier-data/'

2018-09-25 19:00:28 - [TEST_STEP][PASSED] - navigateToUrl: Navigate to 'https://ariestransport.netcourier.net/netcourier-data/' successfully

2018-09-25 19:00:30 - [MESSAGE][PASSED] - Navigate to 'https://ariestransport.netcourier.net/netcourier-data/' successfully

2018-09-25 19:00:30 - [TEST_STEP][PASSED] - setText: Text 'art' is set on object 'Object Repository/Page_Metafour User Login/input_Login_access_code'

2018-09-25 19:00:34 - [MESSAGE][PASSED] - Text 'art' is set on object 'Object Repository/Page_Metafour User Login/input_Login_access_code'

2018-09-25 19:00:34 - [TEST_STEP][PASSED] - setText: Text 'admin' is set on object 'Object Repository/Page_Metafour User Login/input_Login_login'

2018-09-25 19:00:35 - [MESSAGE][PASSED] - Text 'admin' is set on object 'Object Repository/Page_Metafour User Login/input_Login_login'

2018-09-25 19:00:35 - [TEST_STEP][PASSED] - setText: Text 'qtart070u' is set on object 'Object Repository/Page_Metafour User Login/input_Login_j_password'

2018-09-25 19:00:35 - [MESSAGE][PASSED] - Text 'qtart070u' is set on object 'Object Repository/Page_Metafour User Login/input_Login_j_password'

2018-09-25 19:00:35 - [TEST_STEP][PASSED] - click: Object: 'Object Repository/Page_Metafour User Login/button_Sign in' is clicked on

2018-09-25 19:00:38 - [MESSAGE][PASSED] - Object: 'Object Repository/Page_Metafour User Login/button_Sign in' is clicked on

2018-09-25 19:00:38 - [TEST_STEP][PASSED] - delay: Delayed 3 second(s)

2018-09-25 19:00:41 - [MESSAGE][PASSED] - Delayed 3 second(s)

2018-09-25 19:00:41 - [TEST_STEP][PASSED] - verifyElementNotPresent: Web element with id: 'Object Repository/Page_Metafour User Login/div_Sorry login failed' located by 'By.xpath: //div[@id='customerrormessagediv']' is not present after '30' second(s)

2018-09-25 19:00:41 - [MESSAGE][WARNING] - Timeout '0' is invalid. Using default page load timeout: '30'

2018-09-25 19:00:41 - [MESSAGE][PASSED] - Web element with id: 'Object Repository/Page_Metafour User Login/div_Sorry login failed' located by 'By.xpath: //div[@id='customerrormessagediv']' is not present after '30' second(s)

2018-09-25 19:00:41 - [TEST_STEP][PASSED] - closeBrowser: Browser is closed

2018-09-25 19:00:42 - [MESSAGE][PASSED] - Browser is closed]]></system-out>
         <system-err><![CDATA[]]></system-err>
      </testcase>
      <testcase name="Test Cases/nc_bo_login-test" classname="Test Cases/nc_bo_login-test" status="PASSED">
         <system-out><![CDATA[2018-09-25 19:00:42 - [TEST_CASE][PASSED] - Test Cases/nc_bo_login-test: Test Cases/nc_bo_login-test

2018-09-25 19:00:42 - [TEST_STEP][PASSED] - openBrowser: Browser is opened with url: 'https://asialogistics.netcourier.net/netcourier-data/'

2018-09-25 19:00:47 - [MESSAGE][PASSED] - Browser is opened with url: 'https://asialogistics.netcourier.net/netcourier-data/'

2018-09-25 19:00:47 - [TEST_STEP][PASSED] - navigateToUrl: Navigate to 'https://asialogistics.netcourier.net/netcourier-data/' successfully

2018-09-25 19:00:50 - [MESSAGE][PASSED] - Navigate to 'https://asialogistics.netcourier.net/netcourier-data/' successfully

2018-09-25 19:00:50 - [TEST_STEP][PASSED] - setText: Text 'als' is set on object 'Object Repository/Page_Metafour User Login/input_Login_access_code'

2018-09-25 19:00:53 - [MESSAGE][PASSED] - Text 'als' is set on object 'Object Repository/Page_Metafour User Login/input_Login_access_code'

2018-09-25 19:00:53 - [TEST_STEP][PASSED] - setText: Text 'admin' is set on object 'Object Repository/Page_Metafour User Login/input_Login_login'

2018-09-25 19:00:53 - [MESSAGE][PASSED] - Text 'admin' is set on object 'Object Repository/Page_Metafour User Login/input_Login_login'

2018-09-25 19:00:53 - [TEST_STEP][PASSED] - setText: Text 'qtals263u' is set on object 'Object Repository/Page_Metafour User Login/input_Login_j_password'

2018-09-25 19:00:53 - [MESSAGE][PASSED] - Text 'qtals263u' is set on object 'Object Repository/Page_Metafour User Login/input_Login_j_password'

2018-09-25 19:00:53 - [TEST_STEP][PASSED] - click: Object: 'Object Repository/Page_Metafour User Login/button_Sign in' is clicked on

2018-09-25 19:00:56 - [MESSAGE][PASSED] - Object: 'Object Repository/Page_Metafour User Login/button_Sign in' is clicked on

2018-09-25 19:00:56 - [TEST_STEP][PASSED] - delay: Delayed 3 second(s)

2018-09-25 19:00:59 - [MESSAGE][PASSED] - Delayed 3 second(s)

2018-09-25 19:00:59 - [TEST_STEP][PASSED] - verifyElementNotPresent: Web element with id: 'Object Repository/Page_Metafour User Login/div_Sorry login failed' located by 'By.xpath: //div[@id='customerrormessagediv']' is not present after '30' second(s)

2018-09-25 19:00:59 - [MESSAGE][WARNING] - Timeout '0' is invalid. Using default page load timeout: '30'

2018-09-25 19:00:59 - [MESSAGE][PASSED] - Web element with id: 'Object Repository/Page_Metafour User Login/div_Sorry login failed' located by 'By.xpath: //div[@id='customerrormessagediv']' is not present after '30' second(s)

2018-09-25 19:00:59 - [TEST_STEP][PASSED] - closeBrowser: Browser is closed

2018-09-25 19:01:00 - [MESSAGE][PASSED] - Browser is closed]]></system-out>
         <system-err><![CDATA[]]></system-err>
      </testcase>
      <testcase name="Test Cases/nc_bo_login-test" classname="Test Cases/nc_bo_login-test" status="PASSED">
         <system-out><![CDATA[2018-09-25 19:01:00 - [TEST_CASE][PASSED] - Test Cases/nc_bo_login-test: Test Cases/nc_bo_login-test

2018-09-25 19:01:00 - [TEST_STEP][PASSED] - openBrowser: Browser is opened with url: 'https://avgo-eu.netcourier.net/netcourier-data/'

2018-09-25 19:01:05 - [MESSAGE][PASSED] - Browser is opened with url: 'https://avgo-eu.netcourier.net/netcourier-data/'

2018-09-25 19:01:05 - [TEST_STEP][PASSED] - navigateToUrl: Navigate to 'https://avgo-eu.netcourier.net/netcourier-data/' successfully

2018-09-25 19:01:08 - [MESSAGE][PASSED] - Navigate to 'https://avgo-eu.netcourier.net/netcourier-data/' successfully

2018-09-25 19:01:08 - [TEST_STEP][PASSED] - setText: Text 'avg' is set on object 'Object Repository/Page_Metafour User Login/input_Login_access_code'

2018-09-25 19:01:11 - [MESSAGE][PASSED] - Text 'avg' is set on object 'Object Repository/Page_Metafour User Login/input_Login_access_code'

2018-09-25 19:01:11 - [TEST_STEP][PASSED] - setText: Text 'admin' is set on object 'Object Repository/Page_Metafour User Login/input_Login_login'

2018-09-25 19:01:11 - [MESSAGE][PASSED] - Text 'admin' is set on object 'Object Repository/Page_Metafour User Login/input_Login_login'

2018-09-25 19:01:11 - [TEST_STEP][PASSED] - setText: Text 'qtavg031u' is set on object 'Object Repository/Page_Metafour User Login/input_Login_j_password'

2018-09-25 19:01:11 - [MESSAGE][PASSED] - Text 'qtavg031u' is set on object 'Object Repository/Page_Metafour User Login/input_Login_j_password'

2018-09-25 19:01:11 - [TEST_STEP][PASSED] - click: Object: 'Object Repository/Page_Metafour User Login/button_Sign in' is clicked on

2018-09-25 19:01:14 - [MESSAGE][PASSED] - Object: 'Object Repository/Page_Metafour User Login/button_Sign in' is clicked on

2018-09-25 19:01:14 - [TEST_STEP][PASSED] - delay: Delayed 3 second(s)

2018-09-25 19:01:17 - [MESSAGE][PASSED] - Delayed 3 second(s)

2018-09-25 19:01:17 - [TEST_STEP][PASSED] - verifyElementNotPresent: Web element with id: 'Object Repository/Page_Metafour User Login/div_Sorry login failed' located by 'By.xpath: //div[@id='customerrormessagediv']' is not present after '30' second(s)

2018-09-25 19:01:17 - [MESSAGE][WARNING] - Timeout '0' is invalid. Using default page load timeout: '30'

2018-09-25 19:01:17 - [MESSAGE][PASSED] - Web element with id: 'Object Repository/Page_Metafour User Login/div_Sorry login failed' located by 'By.xpath: //div[@id='customerrormessagediv']' is not present after '30' second(s)

2018-09-25 19:01:17 - [TEST_STEP][PASSED] - closeBrowser: Browser is closed

2018-09-25 19:01:18 - [MESSAGE][PASSED] - Browser is closed]]></system-out>
         <system-err><![CDATA[]]></system-err>
      </testcase>
      <testcase name="Test Cases/nc_bo_login-test" classname="Test Cases/nc_bo_login-test" status="PASSED">
         <system-out><![CDATA[2018-09-25 19:01:18 - [TEST_CASE][PASSED] - Test Cases/nc_bo_login-test: Test Cases/nc_bo_login-test

2018-09-25 19:01:18 - [TEST_STEP][PASSED] - openBrowser: Browser is opened with url: 'https://avgo-uae.netcourier.net/netcourier-data/'

2018-09-25 19:01:23 - [MESSAGE][PASSED] - Browser is opened with url: 'https://avgo-uae.netcourier.net/netcourier-data/'

2018-09-25 19:01:23 - [TEST_STEP][PASSED] - navigateToUrl: Navigate to 'https://avgo-uae.netcourier.net/netcourier-data/' successfully

2018-09-25 19:01:26 - [MESSAGE][PASSED] - Navigate to 'https://avgo-uae.netcourier.net/netcourier-data/' successfully

2018-09-25 19:01:26 - [TEST_STEP][PASSED] - setText: Text 'avg' is set on object 'Object Repository/Page_Metafour User Login/input_Login_access_code'

2018-09-25 19:01:29 - [MESSAGE][PASSED] - Text 'avg' is set on object 'Object Repository/Page_Metafour User Login/input_Login_access_code'

2018-09-25 19:01:29 - [TEST_STEP][PASSED] - setText: Text 'admin' is set on object 'Object Repository/Page_Metafour User Login/input_Login_login'

2018-09-25 19:01:29 - [MESSAGE][PASSED] - Text 'admin' is set on object 'Object Repository/Page_Metafour User Login/input_Login_login'

2018-09-25 19:01:29 - [TEST_STEP][PASSED] - setText: Text 'qtavg131u' is set on object 'Object Repository/Page_Metafour User Login/input_Login_j_password'

2018-09-25 19:01:29 - [MESSAGE][PASSED] - Text 'qtavg131u' is set on object 'Object Repository/Page_Metafour User Login/input_Login_j_password'

2018-09-25 19:01:29 - [TEST_STEP][PASSED] - click: Object: 'Object Repository/Page_Metafour User Login/button_Sign in' is clicked on

2018-09-25 19:01:33 - [MESSAGE][PASSED] - Object: 'Object Repository/Page_Metafour User Login/button_Sign in' is clicked on

2018-09-25 19:01:33 - [TEST_STEP][PASSED] - delay: Delayed 3 second(s)

2018-09-25 19:01:36 - [MESSAGE][PASSED] - Delayed 3 second(s)

2018-09-25 19:01:36 - [TEST_STEP][PASSED] - verifyElementNotPresent: Web element with id: 'Object Repository/Page_Metafour User Login/div_Sorry login failed' located by 'By.xpath: //div[@id='customerrormessagediv']' is not present after '30' second(s)

2018-09-25 19:01:36 - [MESSAGE][WARNING] - Timeout '0' is invalid. Using default page load timeout: '30'

2018-09-25 19:01:36 - [MESSAGE][PASSED] - Web element with id: 'Object Repository/Page_Metafour User Login/div_Sorry login failed' located by 'By.xpath: //div[@id='customerrormessagediv']' is not present after '30' second(s)

2018-09-25 19:01:36 - [TEST_STEP][PASSED] - closeBrowser: Browser is closed

2018-09-25 19:01:36 - [MESSAGE][PASSED] - Browser is closed]]></system-out>
         <system-err><![CDATA[]]></system-err>
      </testcase>
      <testcase name="Test Cases/nc_bo_login-test" classname="Test Cases/nc_bo_login-test" status="PASSED">
         <system-out><![CDATA[2018-09-25 19:01:36 - [TEST_CASE][PASSED] - Test Cases/nc_bo_login-test: Test Cases/nc_bo_login-test

2018-09-25 19:01:36 - [TEST_STEP][PASSED] - openBrowser: Browser is opened with url: 'https://bluesky.netcourier.net/netcourier-data/'

2018-09-25 19:01:42 - [MESSAGE][PASSED] - Browser is opened with url: 'https://bluesky.netcourier.net/netcourier-data/'

2018-09-25 19:01:42 - [TEST_STEP][PASSED] - navigateToUrl: Navigate to 'https://bluesky.netcourier.net/netcourier-data/' successfully

2018-09-25 19:01:44 - [MESSAGE][PASSED] - Navigate to 'https://bluesky.netcourier.net/netcourier-data/' successfully

2018-09-25 19:01:44 - [TEST_STEP][PASSED] - setText: Text 'blu' is set on object 'Object Repository/Page_Metafour User Login/input_Login_access_code'

2018-09-25 19:01:47 - [MESSAGE][PASSED] - Text 'blu' is set on object 'Object Repository/Page_Metafour User Login/input_Login_access_code'

2018-09-25 19:01:47 - [TEST_STEP][PASSED] - setText: Text 'admin' is set on object 'Object Repository/Page_Metafour User Login/input_Login_login'

2018-09-25 19:01:47 - [MESSAGE][PASSED] - Text 'admin' is set on object 'Object Repository/Page_Metafour User Login/input_Login_login'

2018-09-25 19:01:47 - [TEST_STEP][PASSED] - setText: Text 'qtblu158u' is set on object 'Object Repository/Page_Metafour User Login/input_Login_j_password'

2018-09-25 19:01:47 - [MESSAGE][PASSED] - Text 'qtblu158u' is set on object 'Object Repository/Page_Metafour User Login/input_Login_j_password'

2018-09-25 19:01:47 - [TEST_STEP][PASSED] - click: Object: 'Object Repository/Page_Metafour User Login/button_Sign in' is clicked on

2018-09-25 19:01:51 - [MESSAGE][PASSED] - Object: 'Object Repository/Page_Metafour User Login/button_Sign in' is clicked on

2018-09-25 19:01:51 - [TEST_STEP][PASSED] - delay: Delayed 3 second(s)

2018-09-25 19:01:54 - [MESSAGE][PASSED] - Delayed 3 second(s)

2018-09-25 19:01:54 - [TEST_STEP][PASSED] - verifyElementNotPresent: Web element with id: 'Object Repository/Page_Metafour User Login/div_Sorry login failed' located by 'By.xpath: //div[@id='customerrormessagediv']' is not present after '30' second(s)

2018-09-25 19:01:54 - [MESSAGE][WARNING] - Timeout '0' is invalid. Using default page load timeout: '30'

2018-09-25 19:01:54 - [MESSAGE][PASSED] - Web element with id: 'Object Repository/Page_Metafour User Login/div_Sorry login failed' located by 'By.xpath: //div[@id='customerrormessagediv']' is not present after '30' second(s)

2018-09-25 19:01:54 - [TEST_STEP][PASSED] - closeBrowser: Browser is closed

2018-09-25 19:01:54 - [MESSAGE][PASSED] - Browser is closed]]></system-out>
         <system-err><![CDATA[]]></system-err>
      </testcase>
      <testcase name="Test Cases/nc_bo_login-test" classname="Test Cases/nc_bo_login-test" status="PASSED">
         <system-out><![CDATA[2018-09-25 19:01:54 - [TEST_CASE][PASSED] - Test Cases/nc_bo_login-test: Test Cases/nc_bo_login-test

2018-09-25 19:01:54 - [TEST_STEP][PASSED] - openBrowser: Browser is opened with url: 'https://caebfs.netcourier.net/netcourier-data/'

2018-09-25 19:02:00 - [MESSAGE][PASSED] - Browser is opened with url: 'https://caebfs.netcourier.net/netcourier-data/'

2018-09-25 19:02:00 - [TEST_STEP][PASSED] - navigateToUrl: Navigate to 'https://caebfs.netcourier.net/netcourier-data/' successfully

2018-09-25 19:02:03 - [MESSAGE][PASSED] - Navigate to 'https://caebfs.netcourier.net/netcourier-data/' successfully

2018-09-25 19:02:03 - [TEST_STEP][PASSED] - setText: Text 'cab' is set on object 'Object Repository/Page_Metafour User Login/input_Login_access_code'

2018-09-25 19:02:06 - [MESSAGE][PASSED] - Text 'cab' is set on object 'Object Repository/Page_Metafour User Login/input_Login_access_code'

2018-09-25 19:02:06 - [TEST_STEP][PASSED] - setText: Text 'admin' is set on object 'Object Repository/Page_Metafour User Login/input_Login_login'

2018-09-25 19:02:06 - [MESSAGE][PASSED] - Text 'admin' is set on object 'Object Repository/Page_Metafour User Login/input_Login_login'

2018-09-25 19:02:06 - [TEST_STEP][PASSED] - setText: Text 'qtcab083u' is set on object 'Object Repository/Page_Metafour User Login/input_Login_j_password'

2018-09-25 19:02:06 - [MESSAGE][PASSED] - Text 'qtcab083u' is set on object 'Object Repository/Page_Metafour User Login/input_Login_j_password'

2018-09-25 19:02:06 - [TEST_STEP][PASSED] - click: Object: 'Object Repository/Page_Metafour User Login/button_Sign in' is clicked on

2018-09-25 19:02:10 - [MESSAGE][PASSED] - Object: 'Object Repository/Page_Metafour User Login/button_Sign in' is clicked on

2018-09-25 19:02:10 - [TEST_STEP][PASSED] - delay: Delayed 3 second(s)

2018-09-25 19:02:13 - [MESSAGE][PASSED] - Delayed 3 second(s)

2018-09-25 19:02:13 - [TEST_STEP][PASSED] - verifyElementNotPresent: Web element with id: 'Object Repository/Page_Metafour User Login/div_Sorry login failed' located by 'By.xpath: //div[@id='customerrormessagediv']' is not present after '30' second(s)

2018-09-25 19:02:13 - [MESSAGE][WARNING] - Timeout '0' is invalid. Using default page load timeout: '30'

2018-09-25 19:02:13 - [MESSAGE][PASSED] - Web element with id: 'Object Repository/Page_Metafour User Login/div_Sorry login failed' located by 'By.xpath: //div[@id='customerrormessagediv']' is not present after '30' second(s)

2018-09-25 19:02:13 - [TEST_STEP][PASSED] - closeBrowser: Browser is closed

2018-09-25 19:02:14 - [MESSAGE][PASSED] - Browser is closed]]></system-out>
         <system-err><![CDATA[]]></system-err>
      </testcase>
      <testcase name="Test Cases/nc_bo_login-test" classname="Test Cases/nc_bo_login-test" status="PASSED">
         <system-out><![CDATA[2018-09-25 19:02:14 - [TEST_CASE][PASSED] - Test Cases/nc_bo_login-test: Test Cases/nc_bo_login-test

2018-09-25 19:02:14 - [TEST_STEP][PASSED] - openBrowser: Browser is opened with url: 'https://caedub.netcourier.net/netcourier-data/'

2018-09-25 19:02:20 - [MESSAGE][PASSED] - Browser is opened with url: 'https://caedub.netcourier.net/netcourier-data/'

2018-09-25 19:02:20 - [TEST_STEP][PASSED] - navigateToUrl: Navigate to 'https://caedub.netcourier.net/netcourier-data/' successfully

2018-09-25 19:02:22 - [MESSAGE][PASSED] - Navigate to 'https://caedub.netcourier.net/netcourier-data/' successfully

2018-09-25 19:02:22 - [TEST_STEP][PASSED] - setText: Text 'cad' is set on object 'Object Repository/Page_Metafour User Login/input_Login_access_code'

2018-09-25 19:02:25 - [MESSAGE][PASSED] - Text 'cad' is set on object 'Object Repository/Page_Metafour User Login/input_Login_access_code'

2018-09-25 19:02:25 - [TEST_STEP][PASSED] - setText: Text 'admin' is set on object 'Object Repository/Page_Metafour User Login/input_Login_login'

2018-09-25 19:02:25 - [MESSAGE][PASSED] - Text 'admin' is set on object 'Object Repository/Page_Metafour User Login/input_Login_login'

2018-09-25 19:02:25 - [TEST_STEP][PASSED] - setText: Text 'qtcad084u' is set on object 'Object Repository/Page_Metafour User Login/input_Login_j_password'

2018-09-25 19:02:25 - [MESSAGE][PASSED] - Text 'qtcad084u' is set on object 'Object Repository/Page_Metafour User Login/input_Login_j_password'

2018-09-25 19:02:25 - [TEST_STEP][PASSED] - click: Object: 'Object Repository/Page_Metafour User Login/button_Sign in' is clicked on

2018-09-25 19:02:29 - [MESSAGE][PASSED] - Object: 'Object Repository/Page_Metafour User Login/button_Sign in' is clicked on

2018-09-25 19:02:29 - [TEST_STEP][PASSED] - delay: Delayed 3 second(s)

2018-09-25 19:02:32 - [MESSAGE][PASSED] - Delayed 3 second(s)

2018-09-25 19:02:32 - [TEST_STEP][PASSED] - verifyElementNotPresent: Web element with id: 'Object Repository/Page_Metafour User Login/div_Sorry login failed' located by 'By.xpath: //div[@id='customerrormessagediv']' is not present after '30' second(s)

2018-09-25 19:02:32 - [MESSAGE][WARNING] - Timeout '0' is invalid. Using default page load timeout: '30'

2018-09-25 19:02:32 - [MESSAGE][PASSED] - Web element with id: 'Object Repository/Page_Metafour User Login/div_Sorry login failed' located by 'By.xpath: //div[@id='customerrormessagediv']' is not present after '30' second(s)

2018-09-25 19:02:32 - [TEST_STEP][PASSED] - closeBrowser: Browser is closed

2018-09-25 19:02:33 - [MESSAGE][PASSED] - Browser is closed]]></system-out>
         <system-err><![CDATA[]]></system-err>
      </testcase>
      <testcase name="Test Cases/nc_bo_login-test" classname="Test Cases/nc_bo_login-test" status="PASSED">
         <system-out><![CDATA[2018-09-25 19:02:33 - [TEST_CASE][PASSED] - Test Cases/nc_bo_login-test: Test Cases/nc_bo_login-test

2018-09-25 19:02:33 - [TEST_STEP][PASSED] - openBrowser: Browser is opened with url: 'https://caelhr.netcourier.net/netcourier-data/'

2018-09-25 19:02:39 - [MESSAGE][PASSED] - Browser is opened with url: 'https://caelhr.netcourier.net/netcourier-data/'

2018-09-25 19:02:39 - [TEST_STEP][PASSED] - navigateToUrl: Navigate to 'https://caelhr.netcourier.net/netcourier-data/' successfully

2018-09-25 19:02:41 - [MESSAGE][PASSED] - Navigate to 'https://caelhr.netcourier.net/netcourier-data/' successfully

2018-09-25 19:02:41 - [TEST_STEP][PASSED] - setText: Text 'cal' is set on object 'Object Repository/Page_Metafour User Login/input_Login_access_code'

2018-09-25 19:02:44 - [MESSAGE][PASSED] - Text 'cal' is set on object 'Object Repository/Page_Metafour User Login/input_Login_access_code'

2018-09-25 19:02:44 - [TEST_STEP][PASSED] - setText: Text 'admin' is set on object 'Object Repository/Page_Metafour User Login/input_Login_login'

2018-09-25 19:02:44 - [MESSAGE][PASSED] - Text 'admin' is set on object 'Object Repository/Page_Metafour User Login/input_Login_login'

2018-09-25 19:02:44 - [TEST_STEP][PASSED] - setText: Text 'qtcal081u' is set on object 'Object Repository/Page_Metafour User Login/input_Login_j_password'

2018-09-25 19:02:44 - [MESSAGE][PASSED] - Text 'qtcal081u' is set on object 'Object Repository/Page_Metafour User Login/input_Login_j_password'

2018-09-25 19:02:44 - [TEST_STEP][PASSED] - click: Object: 'Object Repository/Page_Metafour User Login/button_Sign in' is clicked on

2018-09-25 19:02:48 - [MESSAGE][PASSED] - Object: 'Object Repository/Page_Metafour User Login/button_Sign in' is clicked on

2018-09-25 19:02:48 - [TEST_STEP][PASSED] - delay: Delayed 3 second(s)

2018-09-25 19:02:51 - [MESSAGE][PASSED] - Delayed 3 second(s)

2018-09-25 19:02:51 - [TEST_STEP][PASSED] - verifyElementNotPresent: Web element with id: 'Object Repository/Page_Metafour User Login/div_Sorry login failed' located by 'By.xpath: //div[@id='customerrormessagediv']' is not present after '30' second(s)

2018-09-25 19:02:51 - [MESSAGE][WARNING] - Timeout '0' is invalid. Using default page load timeout: '30'

2018-09-25 19:02:51 - [MESSAGE][PASSED] - Web element with id: 'Object Repository/Page_Metafour User Login/div_Sorry login failed' located by 'By.xpath: //div[@id='customerrormessagediv']' is not present after '30' second(s)

2018-09-25 19:02:51 - [TEST_STEP][PASSED] - closeBrowser: Browser is closed

2018-09-25 19:02:52 - [MESSAGE][PASSED] - Browser is closed]]></system-out>
         <system-err><![CDATA[]]></system-err>
      </testcase>
      <testcase name="Test Cases/nc_bo_login-test" classname="Test Cases/nc_bo_login-test" status="PASSED">
         <system-out><![CDATA[2018-09-25 19:02:52 - [TEST_CASE][PASSED] - Test Cases/nc_bo_login-test: Test Cases/nc_bo_login-test

2018-09-25 19:02:52 - [TEST_STEP][PASSED] - openBrowser: Browser is opened with url: 'https://caeman.netcourier.net/netcourier-data/'

2018-09-25 19:02:58 - [MESSAGE][PASSED] - Browser is opened with url: 'https://caeman.netcourier.net/netcourier-data/'

2018-09-25 19:02:58 - [TEST_STEP][PASSED] - navigateToUrl: Navigate to 'https://caeman.netcourier.net/netcourier-data/' successfully

2018-09-25 19:03:00 - [MESSAGE][PASSED] - Navigate to 'https://caeman.netcourier.net/netcourier-data/' successfully

2018-09-25 19:03:00 - [TEST_STEP][PASSED] - setText: Text 'cam' is set on object 'Object Repository/Page_Metafour User Login/input_Login_access_code'

2018-09-25 19:03:03 - [MESSAGE][PASSED] - Text 'cam' is set on object 'Object Repository/Page_Metafour User Login/input_Login_access_code'

2018-09-25 19:03:03 - [TEST_STEP][PASSED] - setText: Text 'admin' is set on object 'Object Repository/Page_Metafour User Login/input_Login_login'

2018-09-25 19:03:04 - [MESSAGE][PASSED] - Text 'admin' is set on object 'Object Repository/Page_Metafour User Login/input_Login_login'

2018-09-25 19:03:04 - [TEST_STEP][PASSED] - setText: Text 'qtcam082u' is set on object 'Object Repository/Page_Metafour User Login/input_Login_j_password'

2018-09-25 19:03:04 - [MESSAGE][PASSED] - Text 'qtcam082u' is set on object 'Object Repository/Page_Metafour User Login/input_Login_j_password'

2018-09-25 19:03:04 - [TEST_STEP][PASSED] - click: Object: 'Object Repository/Page_Metafour User Login/button_Sign in' is clicked on

2018-09-25 19:03:07 - [MESSAGE][PASSED] - Object: 'Object Repository/Page_Metafour User Login/button_Sign in' is clicked on

2018-09-25 19:03:07 - [TEST_STEP][PASSED] - delay: Delayed 3 second(s)

2018-09-25 19:03:10 - [MESSAGE][PASSED] - Delayed 3 second(s)

2018-09-25 19:03:10 - [TEST_STEP][PASSED] - verifyElementNotPresent: Web element with id: 'Object Repository/Page_Metafour User Login/div_Sorry login failed' located by 'By.xpath: //div[@id='customerrormessagediv']' is not present after '30' second(s)

2018-09-25 19:03:10 - [MESSAGE][WARNING] - Timeout '0' is invalid. Using default page load timeout: '30'

2018-09-25 19:03:10 - [MESSAGE][PASSED] - Web element with id: 'Object Repository/Page_Metafour User Login/div_Sorry login failed' located by 'By.xpath: //div[@id='customerrormessagediv']' is not present after '30' second(s)

2018-09-25 19:03:10 - [TEST_STEP][PASSED] - closeBrowser: Browser is closed

2018-09-25 19:03:11 - [MESSAGE][PASSED] - Browser is closed]]></system-out>
         <system-err><![CDATA[]]></system-err>
      </testcase>
      <testcase name="Test Cases/nc_bo_login-test" classname="Test Cases/nc_bo_login-test" status="FAILED">
         <failure type="FAILED" message="(Stack trace: com.kms.katalon.core.exception.StepFailedException: Unable to set text 'ctp' of object 'Object Repository/Page_Metafour User Login/input_Login_access_code' (Root cause: com.kms.katalon.core.webui.exception.WebElementNotFoundException: Web element with id: 'Object Repository/Page_Metafour User Login/input_Login_access_code' located by 'By.xpath: //input[@id='access_code']' not found)
	at com.kms.katalon.core.keyword.internal.KeywordMain.stepFailed(KeywordMain.groovy:36)
	at com.kms.katalon.core.webui.keyword.internal.WebUIKeywordMain.stepFailed(WebUIKeywordMain.groovy:65)
	at com.kms.katalon.core.webui.keyword.internal.WebUIKeywordMain.runKeyword(WebUIKeywordMain.groovy:27)
	at com.kms.katalon.core.webui.keyword.builtin.SetTextKeyword.setText(SetTextKeyword.groovy:65)
	at com.kms.katalon.core.webui.keyword.builtin.SetTextKeyword.execute(SetTextKeyword.groovy:37)
	at com.kms.katalon.core.keyword.internal.KeywordExecutor.executeKeywordForPlatform(KeywordExecutor.groovy:53)
	at com.kms.katalon.core.webui.keyword.WebUiBuiltInKeywords.setText(WebUiBuiltInKeywords.groovy:950)
	at com.kms.katalon.core.webui.keyword.WebUiBuiltInKeywords$setText$1.call(Unknown Source)
	at Script1537185514861.run(Script1537185514861.groovy:21)
	at com.kms.katalon.core.main.ScriptEngine.run(ScriptEngine.java:183)
	at com.kms.katalon.core.main.ScriptEngine.runScriptAsRawText(ScriptEngine.java:108)
	at com.kms.katalon.core.main.TestCaseExecutor.runScript(TestCaseExecutor.java:294)
	at com.kms.katalon.core.main.TestCaseExecutor.doExecute(TestCaseExecutor.java:285)
	at com.kms.katalon.core.main.TestCaseExecutor.processExecutionPhase(TestCaseExecutor.java:264)
	at com.kms.katalon.core.main.TestCaseExecutor.accessMainPhase(TestCaseExecutor.java:256)
	at com.kms.katalon.core.main.TestCaseExecutor.execute(TestCaseExecutor.java:200)
	at com.kms.katalon.core.main.TestSuiteExecutor.accessTestCaseMainPhase(TestSuiteExecutor.java:129)
	at com.kms.katalon.core.main.TestSuiteExecutor.accessTestSuiteMainPhase(TestSuiteExecutor.java:112)
	at com.kms.katalon.core.main.TestSuiteExecutor.execute(TestSuiteExecutor.java:81)
	at com.kms.katalon.core.main.TestCaseMain.startTestSuite(TestCaseMain.java:142)
	at com.kms.katalon.core.main.TestCaseMain$startTestSuite$0.call(Unknown Source)
	at org.codehaus.groovy.runtime.callsite.CallSiteArray.defaultCall(CallSiteArray.java:48)
	at org.codehaus.groovy.runtime.callsite.AbstractCallSite.call(AbstractCallSite.java:113)
	at org.codehaus.groovy.runtime.callsite.AbstractCallSite.call(AbstractCallSite.java:141)
	at TempTestSuite1537878892048.run(TempTestSuite1537878892048.groovy:36)
	at groovy.lang.GroovyShell.runScriptOrMainOrTestOrRunnable(GroovyShell.java:263)
	at groovy.lang.GroovyShell.run(GroovyShell.java:518)
	at groovy.lang.GroovyShell.run(GroovyShell.java:507)
	at groovy.ui.GroovyMain.processOnce(GroovyMain.java:653)
	at groovy.ui.GroovyMain.run(GroovyMain.java:384)
	at groovy.ui.GroovyMain.process(GroovyMain.java:370)
	at groovy.ui.GroovyMain.processArgs(GroovyMain.java:129)
	at groovy.ui.GroovyMain.main(GroovyMain.java:109)
	at sun.reflect.NativeMethodAccessorImpl.invoke0(Native Method)
	at sun.reflect.NativeMethodAccessorImpl.invoke(NativeMethodAccessorImpl.java:62)
	at sun.reflect.DelegatingMethodAccessorImpl.invoke(DelegatingMethodAccessorImpl.java:43)
	at java.lang.reflect.Method.invoke(Method.java:498)
	at org.codehaus.groovy.tools.GroovyStarter.rootLoader(GroovyStarter.java:109)
	at org.codehaus.groovy.tools.GroovyStarter.main(GroovyStarter.java:131)
)"/>
         <system-out><![CDATA[2018-09-25 19:03:11 - [TEST_CASE][FAILED] - Test Cases/nc_bo_login-test: Test Cases/nc_bo_login-test FAILED because (of) (Stack trace: com.kms.katalon.core.exception.StepFailedException: Unable to set text 'ctp' of object 'Object Repository/Page_Metafour User Login/input_Login_access_code' (Root cause: com.kms.katalon.core.webui.exception.WebElementNotFoundException: Web element with id: 'Object Repository/Page_Metafour User Login/input_Login_access_code' located by 'By.xpath: //input[@id='access_code']' not found)
	at com.kms.katalon.core.keyword.internal.KeywordMain.stepFailed(KeywordMain.groovy:36)
	at com.kms.katalon.core.webui.keyword.internal.WebUIKeywordMain.stepFailed(WebUIKeywordMain.groovy:65)
	at com.kms.katalon.core.webui.keyword.internal.WebUIKeywordMain.runKeyword(WebUIKeywordMain.groovy:27)
	at com.kms.katalon.core.webui.keyword.builtin.SetTextKeyword.setText(SetTextKeyword.groovy:65)
	at com.kms.katalon.core.webui.keyword.builtin.SetTextKeyword.execute(SetTextKeyword.groovy:37)
	at com.kms.katalon.core.keyword.internal.KeywordExecutor.executeKeywordForPlatform(KeywordExecutor.groovy:53)
	at com.kms.katalon.core.webui.keyword.WebUiBuiltInKeywords.setText(WebUiBuiltInKeywords.groovy:950)
	at com.kms.katalon.core.webui.keyword.WebUiBuiltInKeywords$setText$1.call(Unknown Source)
	at Script1537185514861.run(Script1537185514861.groovy:21)
	at com.kms.katalon.core.main.ScriptEngine.run(ScriptEngine.java:183)
	at com.kms.katalon.core.main.ScriptEngine.runScriptAsRawText(ScriptEngine.java:108)
	at com.kms.katalon.core.main.TestCaseExecutor.runScript(TestCaseExecutor.java:294)
	at com.kms.katalon.core.main.TestCaseExecutor.doExecute(TestCaseExecutor.java:285)
	at com.kms.katalon.core.main.TestCaseExecutor.processExecutionPhase(TestCaseExecutor.java:264)
	at com.kms.katalon.core.main.TestCaseExecutor.accessMainPhase(TestCaseExecutor.java:256)
	at com.kms.katalon.core.main.TestCaseExecutor.execute(TestCaseExecutor.java:200)
	at com.kms.katalon.core.main.TestSuiteExecutor.accessTestCaseMainPhase(TestSuiteExecutor.java:129)
	at com.kms.katalon.core.main.TestSuiteExecutor.accessTestSuiteMainPhase(TestSuiteExecutor.java:112)
	at com.kms.katalon.core.main.TestSuiteExecutor.execute(TestSuiteExecutor.java:81)
	at com.kms.katalon.core.main.TestCaseMain.startTestSuite(TestCaseMain.java:142)
	at com.kms.katalon.core.main.TestCaseMain$startTestSuite$0.call(Unknown Source)
	at org.codehaus.groovy.runtime.callsite.CallSiteArray.defaultCall(CallSiteArray.java:48)
	at org.codehaus.groovy.runtime.callsite.AbstractCallSite.call(AbstractCallSite.java:113)
	at org.codehaus.groovy.runtime.callsite.AbstractCallSite.call(AbstractCallSite.java:141)
	at TempTestSuite1537878892048.run(TempTestSuite1537878892048.groovy:36)
	at groovy.lang.GroovyShell.runScriptOrMainOrTestOrRunnable(GroovyShell.java:263)
	at groovy.lang.GroovyShell.run(GroovyShell.java:518)
	at groovy.lang.GroovyShell.run(GroovyShell.java:507)
	at groovy.ui.GroovyMain.processOnce(GroovyMain.java:653)
	at groovy.ui.GroovyMain.run(GroovyMain.java:384)
	at groovy.ui.GroovyMain.process(GroovyMain.java:370)
	at groovy.ui.GroovyMain.processArgs(GroovyMain.java:129)
	at groovy.ui.GroovyMain.main(GroovyMain.java:109)
	at sun.reflect.NativeMethodAccessorImpl.invoke0(Native Method)
	at sun.reflect.NativeMethodAccessorImpl.invoke(NativeMethodAccessorImpl.java:62)
	at sun.reflect.DelegatingMethodAccessorImpl.invoke(DelegatingMethodAccessorImpl.java:43)
	at java.lang.reflect.Method.invoke(Method.java:498)
	at org.codehaus.groovy.tools.GroovyStarter.rootLoader(GroovyStarter.java:109)
	at org.codehaus.groovy.tools.GroovyStarter.main(GroovyStarter.java:131)
)

2018-09-25 19:03:11 - [TEST_STEP][PASSED] - openBrowser: Browser is opened with url: 'https://citypost.netcourier.net/netcourier-data/'

2018-09-25 19:03:27 - [MESSAGE][PASSED] - Browser is opened with url: 'https://citypost.netcourier.net/netcourier-data/'

2018-09-25 19:03:27 - [TEST_STEP][PASSED] - navigateToUrl: Navigate to 'https://citypost.netcourier.net/netcourier-data/' successfully

2018-09-25 19:03:40 - [MESSAGE][PASSED] - Navigate to 'https://citypost.netcourier.net/netcourier-data/' successfully

2018-09-25 19:03:40 - [TEST_STEP][FAILED] - setText: Unable to set text 'ctp' of object 'Object Repository/Page_Metafour User Login/input_Login_access_code' (Root cause: com.kms.katalon.core.webui.exception.WebElementNotFoundException: Web element with id: 'Object Repository/Page_Metafour User Login/input_Login_access_code' located by 'By.xpath: //input[@id='access_code']' not found)

2018-09-25 19:04:11 - [MESSAGE][FAILED] - Unable to set text 'ctp' of object 'Object Repository/Page_Metafour User Login/input_Login_access_code' (Root cause: com.kms.katalon.core.webui.exception.WebElementNotFoundException: Web element with id: 'Object Repository/Page_Metafour User Login/input_Login_access_code' located by 'By.xpath: //input[@id='access_code']' not found)
[[ATTACHMENT|C:\\Users\\mazha\\Katalon Studio\\m4-monitoring\\Reports\\nc-cp-bo-login-test-suit\\20180925_183452\\1537880651558.png]]]]></system-out>
         <system-err><![CDATA[2018-09-25 19:03:11 - [TEST_CASE][FAILED] - Test Cases/nc_bo_login-test: Test Cases/nc_bo_login-test FAILED because (of) (Stack trace: com.kms.katalon.core.exception.StepFailedException: Unable to set text 'ctp' of object 'Object Repository/Page_Metafour User Login/input_Login_access_code' (Root cause: com.kms.katalon.core.webui.exception.WebElementNotFoundException: Web element with id: 'Object Repository/Page_Metafour User Login/input_Login_access_code' located by 'By.xpath: //input[@id='access_code']' not found)
	at com.kms.katalon.core.keyword.internal.KeywordMain.stepFailed(KeywordMain.groovy:36)
	at com.kms.katalon.core.webui.keyword.internal.WebUIKeywordMain.stepFailed(WebUIKeywordMain.groovy:65)
	at com.kms.katalon.core.webui.keyword.internal.WebUIKeywordMain.runKeyword(WebUIKeywordMain.groovy:27)
	at com.kms.katalon.core.webui.keyword.builtin.SetTextKeyword.setText(SetTextKeyword.groovy:65)
	at com.kms.katalon.core.webui.keyword.builtin.SetTextKeyword.execute(SetTextKeyword.groovy:37)
	at com.kms.katalon.core.keyword.internal.KeywordExecutor.executeKeywordForPlatform(KeywordExecutor.groovy:53)
	at com.kms.katalon.core.webui.keyword.WebUiBuiltInKeywords.setText(WebUiBuiltInKeywords.groovy:950)
	at com.kms.katalon.core.webui.keyword.WebUiBuiltInKeywords$setText$1.call(Unknown Source)
	at Script1537185514861.run(Script1537185514861.groovy:21)
	at com.kms.katalon.core.main.ScriptEngine.run(ScriptEngine.java:183)
	at com.kms.katalon.core.main.ScriptEngine.runScriptAsRawText(ScriptEngine.java:108)
	at com.kms.katalon.core.main.TestCaseExecutor.runScript(TestCaseExecutor.java:294)
	at com.kms.katalon.core.main.TestCaseExecutor.doExecute(TestCaseExecutor.java:285)
	at com.kms.katalon.core.main.TestCaseExecutor.processExecutionPhase(TestCaseExecutor.java:264)
	at com.kms.katalon.core.main.TestCaseExecutor.accessMainPhase(TestCaseExecutor.java:256)
	at com.kms.katalon.core.main.TestCaseExecutor.execute(TestCaseExecutor.java:200)
	at com.kms.katalon.core.main.TestSuiteExecutor.accessTestCaseMainPhase(TestSuiteExecutor.java:129)
	at com.kms.katalon.core.main.TestSuiteExecutor.accessTestSuiteMainPhase(TestSuiteExecutor.java:112)
	at com.kms.katalon.core.main.TestSuiteExecutor.execute(TestSuiteExecutor.java:81)
	at com.kms.katalon.core.main.TestCaseMain.startTestSuite(TestCaseMain.java:142)
	at com.kms.katalon.core.main.TestCaseMain$startTestSuite$0.call(Unknown Source)
	at org.codehaus.groovy.runtime.callsite.CallSiteArray.defaultCall(CallSiteArray.java:48)
	at org.codehaus.groovy.runtime.callsite.AbstractCallSite.call(AbstractCallSite.java:113)
	at org.codehaus.groovy.runtime.callsite.AbstractCallSite.call(AbstractCallSite.java:141)
	at TempTestSuite1537878892048.run(TempTestSuite1537878892048.groovy:36)
	at groovy.lang.GroovyShell.runScriptOrMainOrTestOrRunnable(GroovyShell.java:263)
	at groovy.lang.GroovyShell.run(GroovyShell.java:518)
	at groovy.lang.GroovyShell.run(GroovyShell.java:507)
	at groovy.ui.GroovyMain.processOnce(GroovyMain.java:653)
	at groovy.ui.GroovyMain.run(GroovyMain.java:384)
	at groovy.ui.GroovyMain.process(GroovyMain.java:370)
	at groovy.ui.GroovyMain.processArgs(GroovyMain.java:129)
	at groovy.ui.GroovyMain.main(GroovyMain.java:109)
	at sun.reflect.NativeMethodAccessorImpl.invoke0(Native Method)
	at sun.reflect.NativeMethodAccessorImpl.invoke(NativeMethodAccessorImpl.java:62)
	at sun.reflect.DelegatingMethodAccessorImpl.invoke(DelegatingMethodAccessorImpl.java:43)
	at java.lang.reflect.Method.invoke(Method.java:498)
	at org.codehaus.groovy.tools.GroovyStarter.rootLoader(GroovyStarter.java:109)
	at org.codehaus.groovy.tools.GroovyStarter.main(GroovyStarter.java:131)
)]]></system-err>
      </testcase>
      <testcase name="Test Cases/nc_bo_login-test" classname="Test Cases/nc_bo_login-test" status="PASSED">
         <system-out><![CDATA[2018-09-25 19:04:11 - [TEST_CASE][PASSED] - Test Cases/nc_bo_login-test: Test Cases/nc_bo_login-test

2018-09-25 19:04:11 - [TEST_STEP][PASSED] - openBrowser: Browser is opened with url: 'https://cms.netcourier.net/netcourier-data/'

2018-09-25 19:04:11 - [MESSAGE][WARNING] - A browser is already opened. Closing browser and opening a new one

2018-09-25 19:04:17 - [MESSAGE][PASSED] - Browser is opened with url: 'https://cms.netcourier.net/netcourier-data/'

2018-09-25 19:04:17 - [TEST_STEP][PASSED] - navigateToUrl: Navigate to 'https://cms.netcourier.net/netcourier-data/' successfully

2018-09-25 19:04:20 - [MESSAGE][PASSED] - Navigate to 'https://cms.netcourier.net/netcourier-data/' successfully

2018-09-25 19:04:20 - [TEST_STEP][PASSED] - setText: Text 'cms' is set on object 'Object Repository/Page_Metafour User Login/input_Login_access_code'

2018-09-25 19:04:23 - [MESSAGE][PASSED] - Text 'cms' is set on object 'Object Repository/Page_Metafour User Login/input_Login_access_code'

2018-09-25 19:04:23 - [TEST_STEP][PASSED] - setText: Text 'admin' is set on object 'Object Repository/Page_Metafour User Login/input_Login_login'

2018-09-25 19:04:23 - [MESSAGE][PASSED] - Text 'admin' is set on object 'Object Repository/Page_Metafour User Login/input_Login_login'

2018-09-25 19:04:23 - [TEST_STEP][PASSED] - setText: Text 'qtcms058u' is set on object 'Object Repository/Page_Metafour User Login/input_Login_j_password'

2018-09-25 19:04:23 - [MESSAGE][PASSED] - Text 'qtcms058u' is set on object 'Object Repository/Page_Metafour User Login/input_Login_j_password'

2018-09-25 19:04:23 - [TEST_STEP][PASSED] - click: Object: 'Object Repository/Page_Metafour User Login/button_Sign in' is clicked on

2018-09-25 19:04:26 - [MESSAGE][PASSED] - Object: 'Object Repository/Page_Metafour User Login/button_Sign in' is clicked on

2018-09-25 19:04:26 - [TEST_STEP][PASSED] - delay: Delayed 3 second(s)

2018-09-25 19:04:29 - [MESSAGE][PASSED] - Delayed 3 second(s)

2018-09-25 19:04:29 - [TEST_STEP][PASSED] - verifyElementNotPresent: Web element with id: 'Object Repository/Page_Metafour User Login/div_Sorry login failed' located by 'By.xpath: //div[@id='customerrormessagediv']' is not present after '30' second(s)

2018-09-25 19:04:29 - [MESSAGE][WARNING] - Timeout '0' is invalid. Using default page load timeout: '30'

2018-09-25 19:04:29 - [MESSAGE][PASSED] - Web element with id: 'Object Repository/Page_Metafour User Login/div_Sorry login failed' located by 'By.xpath: //div[@id='customerrormessagediv']' is not present after '30' second(s)

2018-09-25 19:04:29 - [TEST_STEP][PASSED] - closeBrowser: Browser is closed

2018-09-25 19:04:30 - [MESSAGE][PASSED] - Browser is closed]]></system-out>
         <system-err><![CDATA[]]></system-err>
      </testcase>
      <testcase name="Test Cases/nc_bo_login-test" classname="Test Cases/nc_bo_login-test" status="PASSED">
         <system-out><![CDATA[2018-09-25 19:04:30 - [TEST_CASE][PASSED] - Test Cases/nc_bo_login-test: Test Cases/nc_bo_login-test

2018-09-25 19:04:30 - [TEST_STEP][PASSED] - openBrowser: Browser is opened with url: 'https://crisisww.netcourier.net/netcourier-data/'

2018-09-25 19:04:36 - [MESSAGE][PASSED] - Browser is opened with url: 'https://crisisww.netcourier.net/netcourier-data/'

2018-09-25 19:04:36 - [TEST_STEP][PASSED] - navigateToUrl: Navigate to 'https://crisisww.netcourier.net/netcourier-data/' successfully

2018-09-25 19:04:38 - [MESSAGE][PASSED] - Navigate to 'https://crisisww.netcourier.net/netcourier-data/' successfully

2018-09-25 19:04:38 - [TEST_STEP][PASSED] - setText: Text 'cww' is set on object 'Object Repository/Page_Metafour User Login/input_Login_access_code'

2018-09-25 19:04:41 - [MESSAGE][PASSED] - Text 'cww' is set on object 'Object Repository/Page_Metafour User Login/input_Login_access_code'

2018-09-25 19:04:41 - [TEST_STEP][PASSED] - setText: Text 'admin' is set on object 'Object Repository/Page_Metafour User Login/input_Login_login'

2018-09-25 19:04:41 - [MESSAGE][PASSED] - Text 'admin' is set on object 'Object Repository/Page_Metafour User Login/input_Login_login'

2018-09-25 19:04:41 - [TEST_STEP][PASSED] - setText: Text 'qtcww299u' is set on object 'Object Repository/Page_Metafour User Login/input_Login_j_password'

2018-09-25 19:04:41 - [MESSAGE][PASSED] - Text 'qtcww299u' is set on object 'Object Repository/Page_Metafour User Login/input_Login_j_password'

2018-09-25 19:04:41 - [TEST_STEP][PASSED] - click: Object: 'Object Repository/Page_Metafour User Login/button_Sign in' is clicked on

2018-09-25 19:04:44 - [MESSAGE][PASSED] - Object: 'Object Repository/Page_Metafour User Login/button_Sign in' is clicked on

2018-09-25 19:04:44 - [TEST_STEP][PASSED] - delay: Delayed 3 second(s)

2018-09-25 19:04:47 - [MESSAGE][PASSED] - Delayed 3 second(s)

2018-09-25 19:04:47 - [TEST_STEP][PASSED] - verifyElementNotPresent: Web element with id: 'Object Repository/Page_Metafour User Login/div_Sorry login failed' located by 'By.xpath: //div[@id='customerrormessagediv']' is not present after '30' second(s)

2018-09-25 19:04:47 - [MESSAGE][WARNING] - Timeout '0' is invalid. Using default page load timeout: '30'

2018-09-25 19:04:47 - [MESSAGE][PASSED] - Web element with id: 'Object Repository/Page_Metafour User Login/div_Sorry login failed' located by 'By.xpath: //div[@id='customerrormessagediv']' is not present after '30' second(s)

2018-09-25 19:04:47 - [TEST_STEP][PASSED] - closeBrowser: Browser is closed

2018-09-25 19:04:48 - [MESSAGE][PASSED] - Browser is closed]]></system-out>
         <system-err><![CDATA[]]></system-err>
      </testcase>
      <testcase name="Test Cases/nc_bo_login-test" classname="Test Cases/nc_bo_login-test" status="PASSED">
         <system-out><![CDATA[2018-09-25 19:04:48 - [TEST_CASE][PASSED] - Test Cases/nc_bo_login-test: Test Cases/nc_bo_login-test

2018-09-25 19:04:48 - [TEST_STEP][PASSED] - openBrowser: Browser is opened with url: 'https://democourier.netcourier.net/netcourier-data'

2018-09-25 19:05:06 - [MESSAGE][PASSED] - Browser is opened with url: 'https://democourier.netcourier.net/netcourier-data'

2018-09-25 19:05:06 - [TEST_STEP][PASSED] - navigateToUrl: Navigate to 'https://democourier.netcourier.net/netcourier-data' successfully

2018-09-25 19:05:09 - [MESSAGE][PASSED] - Navigate to 'https://democourier.netcourier.net/netcourier-data' successfully

2018-09-25 19:05:09 - [TEST_STEP][PASSED] - setText: Text 'dem' is set on object 'Object Repository/Page_Metafour User Login/input_Login_access_code'

2018-09-25 19:05:13 - [MESSAGE][PASSED] - Text 'dem' is set on object 'Object Repository/Page_Metafour User Login/input_Login_access_code'

2018-09-25 19:05:13 - [TEST_STEP][PASSED] - setText: Text 'admin' is set on object 'Object Repository/Page_Metafour User Login/input_Login_login'

2018-09-25 19:05:13 - [MESSAGE][PASSED] - Text 'admin' is set on object 'Object Repository/Page_Metafour User Login/input_Login_login'

2018-09-25 19:05:13 - [TEST_STEP][PASSED] - setText: Text 'qtdem999u' is set on object 'Object Repository/Page_Metafour User Login/input_Login_j_password'

2018-09-25 19:05:13 - [MESSAGE][PASSED] - Text 'qtdem999u' is set on object 'Object Repository/Page_Metafour User Login/input_Login_j_password'

2018-09-25 19:05:13 - [TEST_STEP][PASSED] - click: Object: 'Object Repository/Page_Metafour User Login/button_Sign in' is clicked on

2018-09-25 19:05:18 - [MESSAGE][PASSED] - Object: 'Object Repository/Page_Metafour User Login/button_Sign in' is clicked on

2018-09-25 19:05:18 - [TEST_STEP][PASSED] - delay: Delayed 3 second(s)

2018-09-25 19:05:21 - [MESSAGE][PASSED] - Delayed 3 second(s)

2018-09-25 19:05:21 - [TEST_STEP][PASSED] - verifyElementNotPresent: Web element with id: 'Object Repository/Page_Metafour User Login/div_Sorry login failed' located by 'By.xpath: //div[@id='customerrormessagediv']' is not present after '30' second(s)

2018-09-25 19:05:21 - [MESSAGE][WARNING] - Timeout '0' is invalid. Using default page load timeout: '30'

2018-09-25 19:05:21 - [MESSAGE][PASSED] - Web element with id: 'Object Repository/Page_Metafour User Login/div_Sorry login failed' located by 'By.xpath: //div[@id='customerrormessagediv']' is not present after '30' second(s)

2018-09-25 19:05:21 - [TEST_STEP][PASSED] - closeBrowser: Browser is closed

2018-09-25 19:05:22 - [MESSAGE][PASSED] - Browser is closed]]></system-out>
         <system-err><![CDATA[]]></system-err>
      </testcase>
      <testcase name="Test Cases/nc_bo_login-test" classname="Test Cases/nc_bo_login-test" status="PASSED">
         <system-out><![CDATA[2018-09-25 19:05:22 - [TEST_CASE][PASSED] - Test Cases/nc_bo_login-test: Test Cases/nc_bo_login-test

2018-09-25 19:05:22 - [TEST_STEP][PASSED] - openBrowser: Browser is opened with url: 'https://dms.netcourier.net/netcourier-data/'

2018-09-25 19:05:28 - [MESSAGE][PASSED] - Browser is opened with url: 'https://dms.netcourier.net/netcourier-data/'

2018-09-25 19:05:28 - [TEST_STEP][PASSED] - navigateToUrl: Navigate to 'https://dms.netcourier.net/netcourier-data/' successfully

2018-09-25 19:05:30 - [MESSAGE][PASSED] - Navigate to 'https://dms.netcourier.net/netcourier-data/' successfully

2018-09-25 19:05:30 - [TEST_STEP][PASSED] - setText: Text 'dms' is set on object 'Object Repository/Page_Metafour User Login/input_Login_access_code'

2018-09-25 19:05:36 - [MESSAGE][PASSED] - Text 'dms' is set on object 'Object Repository/Page_Metafour User Login/input_Login_access_code'

2018-09-25 19:05:36 - [TEST_STEP][PASSED] - setText: Text 'admin' is set on object 'Object Repository/Page_Metafour User Login/input_Login_login'

2018-09-25 19:05:36 - [MESSAGE][PASSED] - Text 'admin' is set on object 'Object Repository/Page_Metafour User Login/input_Login_login'

2018-09-25 19:05:36 - [TEST_STEP][PASSED] - setText: Text 'qtdms087u' is set on object 'Object Repository/Page_Metafour User Login/input_Login_j_password'

2018-09-25 19:05:36 - [MESSAGE][PASSED] - Text 'qtdms087u' is set on object 'Object Repository/Page_Metafour User Login/input_Login_j_password'

2018-09-25 19:05:36 - [TEST_STEP][PASSED] - click: Object: 'Object Repository/Page_Metafour User Login/button_Sign in' is clicked on

2018-09-25 19:05:40 - [MESSAGE][PASSED] - Object: 'Object Repository/Page_Metafour User Login/button_Sign in' is clicked on

2018-09-25 19:05:40 - [TEST_STEP][PASSED] - delay: Delayed 3 second(s)

2018-09-25 19:05:43 - [MESSAGE][PASSED] - Delayed 3 second(s)

2018-09-25 19:05:43 - [TEST_STEP][PASSED] - verifyElementNotPresent: Web element with id: 'Object Repository/Page_Metafour User Login/div_Sorry login failed' located by 'By.xpath: //div[@id='customerrormessagediv']' is not present after '30' second(s)

2018-09-25 19:05:43 - [MESSAGE][WARNING] - Timeout '0' is invalid. Using default page load timeout: '30'

2018-09-25 19:05:43 - [MESSAGE][PASSED] - Web element with id: 'Object Repository/Page_Metafour User Login/div_Sorry login failed' located by 'By.xpath: //div[@id='customerrormessagediv']' is not present after '30' second(s)

2018-09-25 19:05:43 - [TEST_STEP][PASSED] - closeBrowser: Browser is closed

2018-09-25 19:05:43 - [MESSAGE][PASSED] - Browser is closed]]></system-out>
         <system-err><![CDATA[]]></system-err>
      </testcase>
      <testcase name="Test Cases/nc_bo_login-test" classname="Test Cases/nc_bo_login-test" status="PASSED">
         <system-out><![CDATA[2018-09-25 19:05:43 - [TEST_CASE][PASSED] - Test Cases/nc_bo_login-test: Test Cases/nc_bo_login-test

2018-09-25 19:05:43 - [TEST_STEP][PASSED] - openBrowser: Browser is opened with url: 'https://dsv.netcourier.net/netcourier-data/'

2018-09-25 19:05:50 - [MESSAGE][PASSED] - Browser is opened with url: 'https://dsv.netcourier.net/netcourier-data/'

2018-09-25 19:05:50 - [TEST_STEP][PASSED] - navigateToUrl: Navigate to 'https://dsv.netcourier.net/netcourier-data/' successfully

2018-09-25 19:05:53 - [MESSAGE][PASSED] - Navigate to 'https://dsv.netcourier.net/netcourier-data/' successfully

2018-09-25 19:05:53 - [TEST_STEP][PASSED] - setText: Text 'sbs' is set on object 'Object Repository/Page_Metafour User Login/input_Login_access_code'

2018-09-25 19:06:00 - [MESSAGE][PASSED] - Text 'sbs' is set on object 'Object Repository/Page_Metafour User Login/input_Login_access_code'

2018-09-25 19:06:00 - [TEST_STEP][PASSED] - setText: Text 'admin' is set on object 'Object Repository/Page_Metafour User Login/input_Login_login'

2018-09-25 19:06:00 - [MESSAGE][PASSED] - Text 'admin' is set on object 'Object Repository/Page_Metafour User Login/input_Login_login'

2018-09-25 19:06:00 - [TEST_STEP][PASSED] - setText: Text 'qtsbs099u' is set on object 'Object Repository/Page_Metafour User Login/input_Login_j_password'

2018-09-25 19:06:00 - [MESSAGE][PASSED] - Text 'qtsbs099u' is set on object 'Object Repository/Page_Metafour User Login/input_Login_j_password'

2018-09-25 19:06:00 - [TEST_STEP][PASSED] - click: Object: 'Object Repository/Page_Metafour User Login/button_Sign in' is clicked on

2018-09-25 19:06:04 - [MESSAGE][PASSED] - Object: 'Object Repository/Page_Metafour User Login/button_Sign in' is clicked on

2018-09-25 19:06:04 - [TEST_STEP][PASSED] - delay: Delayed 3 second(s)

2018-09-25 19:06:07 - [MESSAGE][PASSED] - Delayed 3 second(s)

2018-09-25 19:06:07 - [TEST_STEP][PASSED] - verifyElementNotPresent: Web element with id: 'Object Repository/Page_Metafour User Login/div_Sorry login failed' located by 'By.xpath: //div[@id='customerrormessagediv']' is not present after '30' second(s)

2018-09-25 19:06:07 - [MESSAGE][WARNING] - Timeout '0' is invalid. Using default page load timeout: '30'

2018-09-25 19:06:08 - [MESSAGE][PASSED] - Web element with id: 'Object Repository/Page_Metafour User Login/div_Sorry login failed' located by 'By.xpath: //div[@id='customerrormessagediv']' is not present after '30' second(s)

2018-09-25 19:06:08 - [TEST_STEP][PASSED] - closeBrowser: Browser is closed

2018-09-25 19:06:08 - [MESSAGE][PASSED] - Browser is closed]]></system-out>
         <system-err><![CDATA[]]></system-err>
      </testcase>
      <testcase name="Test Cases/nc_bo_login-test" classname="Test Cases/nc_bo_login-test" status="PASSED">
         <system-out><![CDATA[2018-09-25 19:06:08 - [TEST_CASE][PASSED] - Test Cases/nc_bo_login-test: Test Cases/nc_bo_login-test

2018-09-25 19:06:08 - [TEST_STEP][PASSED] - openBrowser: Browser is opened with url: 'https://ecourieruk.netcourier.net/netcourier-data/'

2018-09-25 19:06:14 - [MESSAGE][PASSED] - Browser is opened with url: 'https://ecourieruk.netcourier.net/netcourier-data/'

2018-09-25 19:06:14 - [TEST_STEP][PASSED] - navigateToUrl: Navigate to 'https://ecourieruk.netcourier.net/netcourier-data/' successfully

2018-09-25 19:06:16 - [MESSAGE][PASSED] - Navigate to 'https://ecourieruk.netcourier.net/netcourier-data/' successfully

2018-09-25 19:06:16 - [TEST_STEP][PASSED] - setText: Text 'eck' is set on object 'Object Repository/Page_Metafour User Login/input_Login_access_code'

2018-09-25 19:06:20 - [MESSAGE][PASSED] - Text 'eck' is set on object 'Object Repository/Page_Metafour User Login/input_Login_access_code'

2018-09-25 19:06:20 - [TEST_STEP][PASSED] - setText: Text 'admin' is set on object 'Object Repository/Page_Metafour User Login/input_Login_login'

2018-09-25 19:06:20 - [MESSAGE][PASSED] - Text 'admin' is set on object 'Object Repository/Page_Metafour User Login/input_Login_login'

2018-09-25 19:06:20 - [TEST_STEP][PASSED] - setText: Text 'qteck217u' is set on object 'Object Repository/Page_Metafour User Login/input_Login_j_password'

2018-09-25 19:06:21 - [MESSAGE][PASSED] - Text 'qteck217u' is set on object 'Object Repository/Page_Metafour User Login/input_Login_j_password'

2018-09-25 19:06:21 - [TEST_STEP][PASSED] - click: Object: 'Object Repository/Page_Metafour User Login/button_Sign in' is clicked on

2018-09-25 19:06:24 - [MESSAGE][PASSED] - Object: 'Object Repository/Page_Metafour User Login/button_Sign in' is clicked on

2018-09-25 19:06:24 - [TEST_STEP][PASSED] - delay: Delayed 3 second(s)

2018-09-25 19:06:27 - [MESSAGE][PASSED] - Delayed 3 second(s)

2018-09-25 19:06:27 - [TEST_STEP][PASSED] - verifyElementNotPresent: Web element with id: 'Object Repository/Page_Metafour User Login/div_Sorry login failed' located by 'By.xpath: //div[@id='customerrormessagediv']' is not present after '30' second(s)

2018-09-25 19:06:27 - [MESSAGE][WARNING] - Timeout '0' is invalid. Using default page load timeout: '30'

2018-09-25 19:06:27 - [MESSAGE][PASSED] - Web element with id: 'Object Repository/Page_Metafour User Login/div_Sorry login failed' located by 'By.xpath: //div[@id='customerrormessagediv']' is not present after '30' second(s)

2018-09-25 19:06:27 - [TEST_STEP][PASSED] - closeBrowser: Browser is closed

2018-09-25 19:06:27 - [MESSAGE][PASSED] - Browser is closed]]></system-out>
         <system-err><![CDATA[]]></system-err>
      </testcase>
      <testcase name="Test Cases/nc_bo_login-test" classname="Test Cases/nc_bo_login-test" status="PASSED">
         <system-out><![CDATA[2018-09-25 19:06:27 - [TEST_CASE][PASSED] - Test Cases/nc_bo_login-test: Test Cases/nc_bo_login-test

2018-09-25 19:06:27 - [TEST_STEP][PASSED] - openBrowser: Browser is opened with url: 'https://ema.netcourier.net/netcourier-data/'

2018-09-25 19:06:33 - [MESSAGE][PASSED] - Browser is opened with url: 'https://ema.netcourier.net/netcourier-data/'

2018-09-25 19:06:33 - [TEST_STEP][PASSED] - navigateToUrl: Navigate to 'https://ema.netcourier.net/netcourier-data/' successfully

2018-09-25 19:06:35 - [MESSAGE][PASSED] - Navigate to 'https://ema.netcourier.net/netcourier-data/' successfully

2018-09-25 19:06:35 - [TEST_STEP][PASSED] - setText: Text 'ema' is set on object 'Object Repository/Page_Metafour User Login/input_Login_access_code'

2018-09-25 19:06:38 - [MESSAGE][PASSED] - Text 'ema' is set on object 'Object Repository/Page_Metafour User Login/input_Login_access_code'

2018-09-25 19:06:38 - [TEST_STEP][PASSED] - setText: Text 'admin' is set on object 'Object Repository/Page_Metafour User Login/input_Login_login'

2018-09-25 19:06:38 - [MESSAGE][PASSED] - Text 'admin' is set on object 'Object Repository/Page_Metafour User Login/input_Login_login'

2018-09-25 19:06:38 - [TEST_STEP][PASSED] - setText: Text 'qtema087u' is set on object 'Object Repository/Page_Metafour User Login/input_Login_j_password'

2018-09-25 19:06:38 - [MESSAGE][PASSED] - Text 'qtema087u' is set on object 'Object Repository/Page_Metafour User Login/input_Login_j_password'

2018-09-25 19:06:38 - [TEST_STEP][PASSED] - click: Object: 'Object Repository/Page_Metafour User Login/button_Sign in' is clicked on

2018-09-25 19:06:42 - [MESSAGE][PASSED] - Object: 'Object Repository/Page_Metafour User Login/button_Sign in' is clicked on

2018-09-25 19:06:42 - [TEST_STEP][PASSED] - delay: Delayed 3 second(s)

2018-09-25 19:06:45 - [MESSAGE][PASSED] - Delayed 3 second(s)

2018-09-25 19:06:45 - [TEST_STEP][PASSED] - verifyElementNotPresent: Web element with id: 'Object Repository/Page_Metafour User Login/div_Sorry login failed' located by 'By.xpath: //div[@id='customerrormessagediv']' is not present after '30' second(s)

2018-09-25 19:06:45 - [MESSAGE][WARNING] - Timeout '0' is invalid. Using default page load timeout: '30'

2018-09-25 19:06:45 - [MESSAGE][PASSED] - Web element with id: 'Object Repository/Page_Metafour User Login/div_Sorry login failed' located by 'By.xpath: //div[@id='customerrormessagediv']' is not present after '30' second(s)

2018-09-25 19:06:45 - [TEST_STEP][PASSED] - closeBrowser: Browser is closed

2018-09-25 19:06:46 - [MESSAGE][PASSED] - Browser is closed]]></system-out>
         <system-err><![CDATA[]]></system-err>
      </testcase>
      <testcase name="Test Cases/nc_bo_login-test" classname="Test Cases/nc_bo_login-test" status="PASSED">
         <system-out><![CDATA[2018-09-25 19:06:46 - [TEST_CASE][PASSED] - Test Cases/nc_bo_login-test: Test Cases/nc_bo_login-test

2018-09-25 19:06:46 - [TEST_STEP][PASSED] - openBrowser: Browser is opened with url: 'https://eurostar.netcourier.net/netcourier-data/'

2018-09-25 19:06:51 - [MESSAGE][PASSED] - Browser is opened with url: 'https://eurostar.netcourier.net/netcourier-data/'

2018-09-25 19:06:51 - [TEST_STEP][PASSED] - navigateToUrl: Navigate to 'https://eurostar.netcourier.net/netcourier-data/' successfully

2018-09-25 19:06:53 - [MESSAGE][PASSED] - Navigate to 'https://eurostar.netcourier.net/netcourier-data/' successfully

2018-09-25 19:06:53 - [TEST_STEP][PASSED] - setText: Text 'eur' is set on object 'Object Repository/Page_Metafour User Login/input_Login_access_code'

2018-09-25 19:06:56 - [MESSAGE][PASSED] - Text 'eur' is set on object 'Object Repository/Page_Metafour User Login/input_Login_access_code'

2018-09-25 19:06:56 - [TEST_STEP][PASSED] - setText: Text 'admin' is set on object 'Object Repository/Page_Metafour User Login/input_Login_login'

2018-09-25 19:06:57 - [MESSAGE][PASSED] - Text 'admin' is set on object 'Object Repository/Page_Metafour User Login/input_Login_login'

2018-09-25 19:06:57 - [TEST_STEP][PASSED] - setText: Text 'qteur072u' is set on object 'Object Repository/Page_Metafour User Login/input_Login_j_password'

2018-09-25 19:06:57 - [MESSAGE][PASSED] - Text 'qteur072u' is set on object 'Object Repository/Page_Metafour User Login/input_Login_j_password'

2018-09-25 19:06:57 - [TEST_STEP][PASSED] - click: Object: 'Object Repository/Page_Metafour User Login/button_Sign in' is clicked on

2018-09-25 19:07:00 - [MESSAGE][PASSED] - Object: 'Object Repository/Page_Metafour User Login/button_Sign in' is clicked on

2018-09-25 19:07:00 - [TEST_STEP][PASSED] - delay: Delayed 3 second(s)

2018-09-25 19:07:03 - [MESSAGE][PASSED] - Delayed 3 second(s)

2018-09-25 19:07:03 - [TEST_STEP][PASSED] - verifyElementNotPresent: Web element with id: 'Object Repository/Page_Metafour User Login/div_Sorry login failed' located by 'By.xpath: //div[@id='customerrormessagediv']' is not present after '30' second(s)

2018-09-25 19:07:03 - [MESSAGE][WARNING] - Timeout '0' is invalid. Using default page load timeout: '30'

2018-09-25 19:07:03 - [MESSAGE][PASSED] - Web element with id: 'Object Repository/Page_Metafour User Login/div_Sorry login failed' located by 'By.xpath: //div[@id='customerrormessagediv']' is not present after '30' second(s)

2018-09-25 19:07:03 - [TEST_STEP][PASSED] - closeBrowser: Browser is closed

2018-09-25 19:07:04 - [MESSAGE][PASSED] - Browser is closed]]></system-out>
         <system-err><![CDATA[]]></system-err>
      </testcase>
      <testcase name="Test Cases/nc_bo_login-test" classname="Test Cases/nc_bo_login-test" status="PASSED">
         <system-out><![CDATA[2018-09-25 19:07:04 - [TEST_CASE][PASSED] - Test Cases/nc_bo_login-test: Test Cases/nc_bo_login-test

2018-09-25 19:07:04 - [TEST_STEP][PASSED] - openBrowser: Browser is opened with url: 'http://fgx.m4.net/netcourier-data/'

2018-09-25 19:07:10 - [MESSAGE][PASSED] - Browser is opened with url: 'http://fgx.m4.net/netcourier-data/'

2018-09-25 19:07:10 - [TEST_STEP][PASSED] - navigateToUrl: Navigate to 'http://fgx.m4.net/netcourier-data/' successfully

2018-09-25 19:07:12 - [MESSAGE][PASSED] - Navigate to 'http://fgx.m4.net/netcourier-data/' successfully

2018-09-25 19:07:12 - [TEST_STEP][PASSED] - setText: Text 'fgx' is set on object 'Object Repository/Page_Metafour User Login/input_Login_access_code'

2018-09-25 19:07:15 - [MESSAGE][PASSED] - Text 'fgx' is set on object 'Object Repository/Page_Metafour User Login/input_Login_access_code'

2018-09-25 19:07:15 - [TEST_STEP][PASSED] - setText: Text 'admin' is set on object 'Object Repository/Page_Metafour User Login/input_Login_login'

2018-09-25 19:07:15 - [MESSAGE][PASSED] - Text 'admin' is set on object 'Object Repository/Page_Metafour User Login/input_Login_login'

2018-09-25 19:07:15 - [TEST_STEP][PASSED] - setText: Text 'qtfgx349u' is set on object 'Object Repository/Page_Metafour User Login/input_Login_j_password'

2018-09-25 19:07:15 - [MESSAGE][PASSED] - Text 'qtfgx349u' is set on object 'Object Repository/Page_Metafour User Login/input_Login_j_password'

2018-09-25 19:07:15 - [TEST_STEP][PASSED] - click: Object: 'Object Repository/Page_Metafour User Login/button_Sign in' is clicked on

2018-09-25 19:07:19 - [MESSAGE][PASSED] - Object: 'Object Repository/Page_Metafour User Login/button_Sign in' is clicked on

2018-09-25 19:07:19 - [TEST_STEP][PASSED] - delay: Delayed 3 second(s)

2018-09-25 19:07:22 - [MESSAGE][PASSED] - Delayed 3 second(s)

2018-09-25 19:07:22 - [TEST_STEP][PASSED] - verifyElementNotPresent: Web element with id: 'Object Repository/Page_Metafour User Login/div_Sorry login failed' located by 'By.xpath: //div[@id='customerrormessagediv']' is not present after '30' second(s)

2018-09-25 19:07:22 - [MESSAGE][WARNING] - Timeout '0' is invalid. Using default page load timeout: '30'

2018-09-25 19:07:22 - [MESSAGE][PASSED] - Web element with id: 'Object Repository/Page_Metafour User Login/div_Sorry login failed' located by 'By.xpath: //div[@id='customerrormessagediv']' is not present after '30' second(s)

2018-09-25 19:07:22 - [TEST_STEP][PASSED] - closeBrowser: Browser is closed

2018-09-25 19:07:22 - [MESSAGE][PASSED] - Browser is closed]]></system-out>
         <system-err><![CDATA[]]></system-err>
      </testcase>
      <testcase name="Test Cases/nc_bo_login-test" classname="Test Cases/nc_bo_login-test" status="PASSED">
         <system-out><![CDATA[2018-09-25 19:07:22 - [TEST_CASE][PASSED] - Test Cases/nc_bo_login-test: Test Cases/nc_bo_login-test

2018-09-25 19:07:22 - [TEST_STEP][PASSED] - openBrowser: Browser is opened with url: 'https://freightbrokers.netcourier.net/netcourier-data/'

2018-09-25 19:07:28 - [MESSAGE][PASSED] - Browser is opened with url: 'https://freightbrokers.netcourier.net/netcourier-data/'

2018-09-25 19:07:28 - [TEST_STEP][PASSED] - navigateToUrl: Navigate to 'https://freightbrokers.netcourier.net/netcourier-data/' successfully

2018-09-25 19:07:31 - [MESSAGE][PASSED] - Navigate to 'https://freightbrokers.netcourier.net/netcourier-data/' successfully

2018-09-25 19:07:31 - [TEST_STEP][PASSED] - setText: Text 'frb' is set on object 'Object Repository/Page_Metafour User Login/input_Login_access_code'

2018-09-25 19:07:34 - [MESSAGE][PASSED] - Text 'frb' is set on object 'Object Repository/Page_Metafour User Login/input_Login_access_code'

2018-09-25 19:07:34 - [TEST_STEP][PASSED] - setText: Text 'admin' is set on object 'Object Repository/Page_Metafour User Login/input_Login_login'

2018-09-25 19:07:34 - [MESSAGE][PASSED] - Text 'admin' is set on object 'Object Repository/Page_Metafour User Login/input_Login_login'

2018-09-25 19:07:34 - [TEST_STEP][PASSED] - setText: Text 'qtfrb052u' is set on object 'Object Repository/Page_Metafour User Login/input_Login_j_password'

2018-09-25 19:07:34 - [MESSAGE][PASSED] - Text 'qtfrb052u' is set on object 'Object Repository/Page_Metafour User Login/input_Login_j_password'

2018-09-25 19:07:34 - [TEST_STEP][PASSED] - click: Object: 'Object Repository/Page_Metafour User Login/button_Sign in' is clicked on

2018-09-25 19:07:38 - [MESSAGE][PASSED] - Object: 'Object Repository/Page_Metafour User Login/button_Sign in' is clicked on

2018-09-25 19:07:38 - [TEST_STEP][PASSED] - delay: Delayed 3 second(s)

2018-09-25 19:07:41 - [MESSAGE][PASSED] - Delayed 3 second(s)

2018-09-25 19:07:41 - [TEST_STEP][PASSED] - verifyElementNotPresent: Web element with id: 'Object Repository/Page_Metafour User Login/div_Sorry login failed' located by 'By.xpath: //div[@id='customerrormessagediv']' is not present after '30' second(s)

2018-09-25 19:07:41 - [MESSAGE][WARNING] - Timeout '0' is invalid. Using default page load timeout: '30'

2018-09-25 19:07:41 - [MESSAGE][PASSED] - Web element with id: 'Object Repository/Page_Metafour User Login/div_Sorry login failed' located by 'By.xpath: //div[@id='customerrormessagediv']' is not present after '30' second(s)

2018-09-25 19:07:41 - [TEST_STEP][PASSED] - closeBrowser: Browser is closed

2018-09-25 19:07:42 - [MESSAGE][PASSED] - Browser is closed]]></system-out>
         <system-err><![CDATA[]]></system-err>
      </testcase>
      <testcase name="Test Cases/nc_bo_login-test" classname="Test Cases/nc_bo_login-test" status="PASSED">
         <system-out><![CDATA[2018-09-25 19:07:42 - [TEST_CASE][PASSED] - Test Cases/nc_bo_login-test: Test Cases/nc_bo_login-test

2018-09-25 19:07:42 - [TEST_STEP][PASSED] - openBrowser: Browser is opened with url: 'https://hellmann.netcourier.net/netcourier-data/'

2018-09-25 19:07:47 - [MESSAGE][PASSED] - Browser is opened with url: 'https://hellmann.netcourier.net/netcourier-data/'

2018-09-25 19:07:47 - [TEST_STEP][PASSED] - navigateToUrl: Navigate to 'https://hellmann.netcourier.net/netcourier-data/' successfully

2018-09-25 19:07:49 - [MESSAGE][PASSED] - Navigate to 'https://hellmann.netcourier.net/netcourier-data/' successfully

2018-09-25 19:07:49 - [TEST_STEP][PASSED] - setText: Text 'man' is set on object 'Object Repository/Page_Metafour User Login/input_Login_access_code'

2018-09-25 19:07:52 - [MESSAGE][PASSED] - Text 'man' is set on object 'Object Repository/Page_Metafour User Login/input_Login_access_code'

2018-09-25 19:07:52 - [TEST_STEP][PASSED] - setText: Text 'admin' is set on object 'Object Repository/Page_Metafour User Login/input_Login_login'

2018-09-25 19:07:53 - [MESSAGE][PASSED] - Text 'admin' is set on object 'Object Repository/Page_Metafour User Login/input_Login_login'

2018-09-25 19:07:53 - [TEST_STEP][PASSED] - setText: Text 'qtman183u' is set on object 'Object Repository/Page_Metafour User Login/input_Login_j_password'

2018-09-25 19:07:53 - [MESSAGE][PASSED] - Text 'qtman183u' is set on object 'Object Repository/Page_Metafour User Login/input_Login_j_password'

2018-09-25 19:07:53 - [TEST_STEP][PASSED] - click: Object: 'Object Repository/Page_Metafour User Login/button_Sign in' is clicked on

2018-09-25 19:07:56 - [MESSAGE][PASSED] - Object: 'Object Repository/Page_Metafour User Login/button_Sign in' is clicked on

2018-09-25 19:07:56 - [TEST_STEP][PASSED] - delay: Delayed 3 second(s)

2018-09-25 19:07:59 - [MESSAGE][PASSED] - Delayed 3 second(s)

2018-09-25 19:07:59 - [TEST_STEP][PASSED] - verifyElementNotPresent: Web element with id: 'Object Repository/Page_Metafour User Login/div_Sorry login failed' located by 'By.xpath: //div[@id='customerrormessagediv']' is not present after '30' second(s)

2018-09-25 19:07:59 - [MESSAGE][WARNING] - Timeout '0' is invalid. Using default page load timeout: '30'

2018-09-25 19:07:59 - [MESSAGE][PASSED] - Web element with id: 'Object Repository/Page_Metafour User Login/div_Sorry login failed' located by 'By.xpath: //div[@id='customerrormessagediv']' is not present after '30' second(s)

2018-09-25 19:07:59 - [TEST_STEP][PASSED] - closeBrowser: Browser is closed

2018-09-25 19:07:59 - [MESSAGE][PASSED] - Browser is closed]]></system-out>
         <system-err><![CDATA[]]></system-err>
      </testcase>
      <testcase name="Test Cases/nc_bo_login-test" classname="Test Cases/nc_bo_login-test" status="PASSED">
         <system-out><![CDATA[2018-09-25 19:07:59 - [TEST_CASE][PASSED] - Test Cases/nc_bo_login-test: Test Cases/nc_bo_login-test

2018-09-25 19:07:59 - [TEST_STEP][PASSED] - openBrowser: Browser is opened with url: 'https://indyspain.netcourier.net/netcourier-data/'

2018-09-25 19:08:05 - [MESSAGE][PASSED] - Browser is opened with url: 'https://indyspain.netcourier.net/netcourier-data/'

2018-09-25 19:08:05 - [TEST_STEP][PASSED] - navigateToUrl: Navigate to 'https://indyspain.netcourier.net/netcourier-data/' successfully

2018-09-25 19:08:07 - [MESSAGE][PASSED] - Navigate to 'https://indyspain.netcourier.net/netcourier-data/' successfully

2018-09-25 19:08:07 - [TEST_STEP][PASSED] - setText: Text 'ind' is set on object 'Object Repository/Page_Metafour User Login/input_Login_access_code'

2018-09-25 19:08:10 - [MESSAGE][PASSED] - Text 'ind' is set on object 'Object Repository/Page_Metafour User Login/input_Login_access_code'

2018-09-25 19:08:10 - [TEST_STEP][PASSED] - setText: Text 'admin' is set on object 'Object Repository/Page_Metafour User Login/input_Login_login'

2018-09-25 19:08:10 - [MESSAGE][PASSED] - Text 'admin' is set on object 'Object Repository/Page_Metafour User Login/input_Login_login'

2018-09-25 19:08:10 - [TEST_STEP][PASSED] - setText: Text 'qtind074u' is set on object 'Object Repository/Page_Metafour User Login/input_Login_j_password'

2018-09-25 19:08:10 - [MESSAGE][PASSED] - Text 'qtind074u' is set on object 'Object Repository/Page_Metafour User Login/input_Login_j_password'

2018-09-25 19:08:10 - [TEST_STEP][PASSED] - click: Object: 'Object Repository/Page_Metafour User Login/button_Sign in' is clicked on

2018-09-25 19:08:14 - [MESSAGE][PASSED] - Object: 'Object Repository/Page_Metafour User Login/button_Sign in' is clicked on

2018-09-25 19:08:14 - [TEST_STEP][PASSED] - delay: Delayed 3 second(s)

2018-09-25 19:08:17 - [MESSAGE][PASSED] - Delayed 3 second(s)

2018-09-25 19:08:17 - [TEST_STEP][PASSED] - verifyElementNotPresent: Web element with id: 'Object Repository/Page_Metafour User Login/div_Sorry login failed' located by 'By.xpath: //div[@id='customerrormessagediv']' is not present after '30' second(s)

2018-09-25 19:08:17 - [MESSAGE][WARNING] - Timeout '0' is invalid. Using default page load timeout: '30'

2018-09-25 19:08:17 - [MESSAGE][PASSED] - Web element with id: 'Object Repository/Page_Metafour User Login/div_Sorry login failed' located by 'By.xpath: //div[@id='customerrormessagediv']' is not present after '30' second(s)

2018-09-25 19:08:17 - [TEST_STEP][PASSED] - closeBrowser: Browser is closed

2018-09-25 19:08:17 - [MESSAGE][PASSED] - Browser is closed]]></system-out>
         <system-err><![CDATA[]]></system-err>
      </testcase>
      <testcase name="Test Cases/nc_bo_login-test" classname="Test Cases/nc_bo_login-test" status="PASSED">
         <system-out><![CDATA[2018-09-25 19:08:17 - [TEST_CASE][PASSED] - Test Cases/nc_bo_login-test: Test Cases/nc_bo_login-test

2018-09-25 19:08:17 - [TEST_STEP][PASSED] - openBrowser: Browser is opened with url: 'https://icc.netcourier.net/netcourier-data/'

2018-09-25 19:08:23 - [MESSAGE][PASSED] - Browser is opened with url: 'https://icc.netcourier.net/netcourier-data/'

2018-09-25 19:08:23 - [TEST_STEP][PASSED] - navigateToUrl: Navigate to 'https://icc.netcourier.net/netcourier-data/' successfully

2018-09-25 19:08:26 - [MESSAGE][PASSED] - Navigate to 'https://icc.netcourier.net/netcourier-data/' successfully

2018-09-25 19:08:26 - [TEST_STEP][PASSED] - setText: Text 'icc' is set on object 'Object Repository/Page_Metafour User Login/input_Login_access_code'

2018-09-25 19:08:29 - [MESSAGE][PASSED] - Text 'icc' is set on object 'Object Repository/Page_Metafour User Login/input_Login_access_code'

2018-09-25 19:08:29 - [TEST_STEP][PASSED] - setText: Text 'admin' is set on object 'Object Repository/Page_Metafour User Login/input_Login_login'

2018-09-25 19:08:29 - [MESSAGE][PASSED] - Text 'admin' is set on object 'Object Repository/Page_Metafour User Login/input_Login_login'

2018-09-25 19:08:29 - [TEST_STEP][PASSED] - setText: Text 'qticc122u' is set on object 'Object Repository/Page_Metafour User Login/input_Login_j_password'

2018-09-25 19:08:30 - [MESSAGE][PASSED] - Text 'qticc122u' is set on object 'Object Repository/Page_Metafour User Login/input_Login_j_password'

2018-09-25 19:08:30 - [TEST_STEP][PASSED] - click: Object: 'Object Repository/Page_Metafour User Login/button_Sign in' is clicked on

2018-09-25 19:08:33 - [MESSAGE][PASSED] - Object: 'Object Repository/Page_Metafour User Login/button_Sign in' is clicked on

2018-09-25 19:08:33 - [TEST_STEP][PASSED] - delay: Delayed 3 second(s)

2018-09-25 19:08:36 - [MESSAGE][PASSED] - Delayed 3 second(s)

2018-09-25 19:08:36 - [TEST_STEP][PASSED] - verifyElementNotPresent: Web element with id: 'Object Repository/Page_Metafour User Login/div_Sorry login failed' located by 'By.xpath: //div[@id='customerrormessagediv']' is not present after '30' second(s)

2018-09-25 19:08:36 - [MESSAGE][WARNING] - Timeout '0' is invalid. Using default page load timeout: '30'

2018-09-25 19:08:36 - [MESSAGE][PASSED] - Web element with id: 'Object Repository/Page_Metafour User Login/div_Sorry login failed' located by 'By.xpath: //div[@id='customerrormessagediv']' is not present after '30' second(s)

2018-09-25 19:08:36 - [TEST_STEP][PASSED] - closeBrowser: Browser is closed

2018-09-25 19:08:36 - [MESSAGE][PASSED] - Browser is closed]]></system-out>
         <system-err><![CDATA[]]></system-err>
      </testcase>
      <testcase name="Test Cases/nc_bo_login-test" classname="Test Cases/nc_bo_login-test" status="PASSED">
         <system-out><![CDATA[2018-09-25 19:08:36 - [TEST_CASE][PASSED] - Test Cases/nc_bo_login-test: Test Cases/nc_bo_login-test

2018-09-25 19:08:36 - [TEST_STEP][PASSED] - openBrowser: Browser is opened with url: 'https://ilg.netcourier.net/netcourier-data/'

2018-09-25 19:08:42 - [MESSAGE][PASSED] - Browser is opened with url: 'https://ilg.netcourier.net/netcourier-data/'

2018-09-25 19:08:42 - [TEST_STEP][PASSED] - navigateToUrl: Navigate to 'https://ilg.netcourier.net/netcourier-data/' successfully

2018-09-25 19:08:44 - [MESSAGE][PASSED] - Navigate to 'https://ilg.netcourier.net/netcourier-data/' successfully

2018-09-25 19:08:44 - [TEST_STEP][PASSED] - setText: Text 'ilg' is set on object 'Object Repository/Page_Metafour User Login/input_Login_access_code'

2018-09-25 19:08:48 - [MESSAGE][PASSED] - Text 'ilg' is set on object 'Object Repository/Page_Metafour User Login/input_Login_access_code'

2018-09-25 19:08:48 - [TEST_STEP][PASSED] - setText: Text 'admin' is set on object 'Object Repository/Page_Metafour User Login/input_Login_login'

2018-09-25 19:08:48 - [MESSAGE][PASSED] - Text 'admin' is set on object 'Object Repository/Page_Metafour User Login/input_Login_login'

2018-09-25 19:08:48 - [TEST_STEP][PASSED] - setText: Text 'qtilg238u' is set on object 'Object Repository/Page_Metafour User Login/input_Login_j_password'

2018-09-25 19:08:48 - [MESSAGE][PASSED] - Text 'qtilg238u' is set on object 'Object Repository/Page_Metafour User Login/input_Login_j_password'

2018-09-25 19:08:48 - [TEST_STEP][PASSED] - click: Object: 'Object Repository/Page_Metafour User Login/button_Sign in' is clicked on

2018-09-25 19:08:51 - [MESSAGE][PASSED] - Object: 'Object Repository/Page_Metafour User Login/button_Sign in' is clicked on

2018-09-25 19:08:51 - [TEST_STEP][PASSED] - delay: Delayed 3 second(s)

2018-09-25 19:08:54 - [MESSAGE][PASSED] - Delayed 3 second(s)

2018-09-25 19:08:54 - [TEST_STEP][PASSED] - verifyElementNotPresent: Web element with id: 'Object Repository/Page_Metafour User Login/div_Sorry login failed' located by 'By.xpath: //div[@id='customerrormessagediv']' is not present after '30' second(s)

2018-09-25 19:08:54 - [MESSAGE][WARNING] - Timeout '0' is invalid. Using default page load timeout: '30'

2018-09-25 19:08:55 - [MESSAGE][PASSED] - Web element with id: 'Object Repository/Page_Metafour User Login/div_Sorry login failed' located by 'By.xpath: //div[@id='customerrormessagediv']' is not present after '30' second(s)

2018-09-25 19:08:55 - [TEST_STEP][PASSED] - closeBrowser: Browser is closed

2018-09-25 19:08:55 - [MESSAGE][PASSED] - Browser is closed]]></system-out>
         <system-err><![CDATA[]]></system-err>
      </testcase>
      <testcase name="Test Cases/nc_bo_login-test" classname="Test Cases/nc_bo_login-test" status="PASSED">
         <system-out><![CDATA[2018-09-25 19:08:55 - [TEST_CASE][PASSED] - Test Cases/nc_bo_login-test: Test Cases/nc_bo_login-test

2018-09-25 19:08:55 - [TEST_STEP][PASSED] - openBrowser: Browser is opened with url: 'https://itd.netcourier.net/netcourier-data/'

2018-09-25 19:09:02 - [MESSAGE][PASSED] - Browser is opened with url: 'https://itd.netcourier.net/netcourier-data/'

2018-09-25 19:09:02 - [TEST_STEP][PASSED] - navigateToUrl: Navigate to 'https://itd.netcourier.net/netcourier-data/' successfully

2018-09-25 19:09:06 - [MESSAGE][PASSED] - Navigate to 'https://itd.netcourier.net/netcourier-data/' successfully

2018-09-25 19:09:06 - [TEST_STEP][PASSED] - setText: Text 'itd' is set on object 'Object Repository/Page_Metafour User Login/input_Login_access_code'

2018-09-25 19:09:10 - [MESSAGE][PASSED] - Text 'itd' is set on object 'Object Repository/Page_Metafour User Login/input_Login_access_code'

2018-09-25 19:09:10 - [TEST_STEP][PASSED] - setText: Text 'admin' is set on object 'Object Repository/Page_Metafour User Login/input_Login_login'

2018-09-25 19:09:10 - [MESSAGE][PASSED] - Text 'admin' is set on object 'Object Repository/Page_Metafour User Login/input_Login_login'

2018-09-25 19:09:10 - [TEST_STEP][PASSED] - setText: Text 'qtitd237u' is set on object 'Object Repository/Page_Metafour User Login/input_Login_j_password'

2018-09-25 19:09:10 - [MESSAGE][PASSED] - Text 'qtitd237u' is set on object 'Object Repository/Page_Metafour User Login/input_Login_j_password'

2018-09-25 19:09:10 - [TEST_STEP][PASSED] - click: Object: 'Object Repository/Page_Metafour User Login/button_Sign in' is clicked on

2018-09-25 19:09:17 - [MESSAGE][PASSED] - Object: 'Object Repository/Page_Metafour User Login/button_Sign in' is clicked on

2018-09-25 19:09:17 - [TEST_STEP][PASSED] - delay: Delayed 3 second(s)

2018-09-25 19:09:20 - [MESSAGE][PASSED] - Delayed 3 second(s)

2018-09-25 19:09:20 - [TEST_STEP][PASSED] - verifyElementNotPresent: Web element with id: 'Object Repository/Page_Metafour User Login/div_Sorry login failed' located by 'By.xpath: //div[@id='customerrormessagediv']' is not present after '30' second(s)

2018-09-25 19:09:20 - [MESSAGE][WARNING] - Timeout '0' is invalid. Using default page load timeout: '30'

2018-09-25 19:09:20 - [MESSAGE][PASSED] - Web element with id: 'Object Repository/Page_Metafour User Login/div_Sorry login failed' located by 'By.xpath: //div[@id='customerrormessagediv']' is not present after '30' second(s)

2018-09-25 19:09:20 - [TEST_STEP][PASSED] - closeBrowser: Browser is closed

2018-09-25 19:09:20 - [MESSAGE][PASSED] - Browser is closed]]></system-out>
         <system-err><![CDATA[]]></system-err>
      </testcase>
      <testcase name="Test Cases/nc_bo_login-test" classname="Test Cases/nc_bo_login-test" status="PASSED">
         <system-out><![CDATA[2018-09-25 19:09:20 - [TEST_CASE][PASSED] - Test Cases/nc_bo_login-test: Test Cases/nc_bo_login-test

2018-09-25 19:09:20 - [TEST_STEP][PASSED] - openBrowser: Browser is opened with url: 'https://linkscourier.netcourier.net/netcourier-data/'

2018-09-25 19:09:26 - [MESSAGE][PASSED] - Browser is opened with url: 'https://linkscourier.netcourier.net/netcourier-data/'

2018-09-25 19:09:26 - [TEST_STEP][PASSED] - navigateToUrl: Navigate to 'https://linkscourier.netcourier.net/netcourier-data/' successfully

2018-09-25 19:09:29 - [MESSAGE][PASSED] - Navigate to 'https://linkscourier.netcourier.net/netcourier-data/' successfully

2018-09-25 19:09:29 - [TEST_STEP][PASSED] - setText: Text 'lnk' is set on object 'Object Repository/Page_Metafour User Login/input_Login_access_code'

2018-09-25 19:09:32 - [MESSAGE][PASSED] - Text 'lnk' is set on object 'Object Repository/Page_Metafour User Login/input_Login_access_code'

2018-09-25 19:09:32 - [TEST_STEP][PASSED] - setText: Text 'admin' is set on object 'Object Repository/Page_Metafour User Login/input_Login_login'

2018-09-25 19:09:32 - [MESSAGE][PASSED] - Text 'admin' is set on object 'Object Repository/Page_Metafour User Login/input_Login_login'

2018-09-25 19:09:32 - [TEST_STEP][PASSED] - setText: Text 'qtlnk097u' is set on object 'Object Repository/Page_Metafour User Login/input_Login_j_password'

2018-09-25 19:09:32 - [MESSAGE][PASSED] - Text 'qtlnk097u' is set on object 'Object Repository/Page_Metafour User Login/input_Login_j_password'

2018-09-25 19:09:32 - [TEST_STEP][PASSED] - click: Object: 'Object Repository/Page_Metafour User Login/button_Sign in' is clicked on

2018-09-25 19:09:35 - [MESSAGE][PASSED] - Object: 'Object Repository/Page_Metafour User Login/button_Sign in' is clicked on

2018-09-25 19:09:35 - [TEST_STEP][PASSED] - delay: Delayed 3 second(s)

2018-09-25 19:09:38 - [MESSAGE][PASSED] - Delayed 3 second(s)

2018-09-25 19:09:38 - [TEST_STEP][PASSED] - verifyElementNotPresent: Web element with id: 'Object Repository/Page_Metafour User Login/div_Sorry login failed' located by 'By.xpath: //div[@id='customerrormessagediv']' is not present after '30' second(s)

2018-09-25 19:09:38 - [MESSAGE][WARNING] - Timeout '0' is invalid. Using default page load timeout: '30'

2018-09-25 19:09:38 - [MESSAGE][PASSED] - Web element with id: 'Object Repository/Page_Metafour User Login/div_Sorry login failed' located by 'By.xpath: //div[@id='customerrormessagediv']' is not present after '30' second(s)

2018-09-25 19:09:38 - [TEST_STEP][PASSED] - closeBrowser: Browser is closed

2018-09-25 19:09:39 - [MESSAGE][PASSED] - Browser is closed]]></system-out>
         <system-err><![CDATA[]]></system-err>
      </testcase>
      <testcase name="Test Cases/nc_bo_login-test" classname="Test Cases/nc_bo_login-test" status="PASSED">
         <system-out><![CDATA[2018-09-25 19:09:39 - [TEST_CASE][PASSED] - Test Cases/nc_bo_login-test: Test Cases/nc_bo_login-test

2018-09-25 19:09:39 - [TEST_STEP][PASSED] - openBrowser: Browser is opened with url: 'https://masterdc.netcourier.net/netcourier-data/'

2018-09-25 19:09:46 - [MESSAGE][PASSED] - Browser is opened with url: 'https://masterdc.netcourier.net/netcourier-data/'

2018-09-25 19:09:46 - [TEST_STEP][PASSED] - navigateToUrl: Navigate to 'https://masterdc.netcourier.net/netcourier-data/' successfully

2018-09-25 19:09:49 - [MESSAGE][PASSED] - Navigate to 'https://masterdc.netcourier.net/netcourier-data/' successfully

2018-09-25 19:09:49 - [TEST_STEP][PASSED] - setText: Text 'mst' is set on object 'Object Repository/Page_Metafour User Login/input_Login_access_code'

2018-09-25 19:09:53 - [MESSAGE][PASSED] - Text 'mst' is set on object 'Object Repository/Page_Metafour User Login/input_Login_access_code'

2018-09-25 19:09:53 - [TEST_STEP][PASSED] - setText: Text 'admin' is set on object 'Object Repository/Page_Metafour User Login/input_Login_login'

2018-09-25 19:09:53 - [MESSAGE][PASSED] - Text 'admin' is set on object 'Object Repository/Page_Metafour User Login/input_Login_login'

2018-09-25 19:09:53 - [TEST_STEP][PASSED] - setText: Text 'qtmst100u' is set on object 'Object Repository/Page_Metafour User Login/input_Login_j_password'

2018-09-25 19:09:53 - [MESSAGE][PASSED] - Text 'qtmst100u' is set on object 'Object Repository/Page_Metafour User Login/input_Login_j_password'

2018-09-25 19:09:53 - [TEST_STEP][PASSED] - click: Object: 'Object Repository/Page_Metafour User Login/button_Sign in' is clicked on

2018-09-25 19:09:56 - [MESSAGE][PASSED] - Object: 'Object Repository/Page_Metafour User Login/button_Sign in' is clicked on

2018-09-25 19:09:56 - [TEST_STEP][PASSED] - delay: Delayed 3 second(s)

2018-09-25 19:09:59 - [MESSAGE][PASSED] - Delayed 3 second(s)

2018-09-25 19:09:59 - [TEST_STEP][PASSED] - verifyElementNotPresent: Web element with id: 'Object Repository/Page_Metafour User Login/div_Sorry login failed' located by 'By.xpath: //div[@id='customerrormessagediv']' is not present after '30' second(s)

2018-09-25 19:09:59 - [MESSAGE][WARNING] - Timeout '0' is invalid. Using default page load timeout: '30'

2018-09-25 19:09:59 - [MESSAGE][PASSED] - Web element with id: 'Object Repository/Page_Metafour User Login/div_Sorry login failed' located by 'By.xpath: //div[@id='customerrormessagediv']' is not present after '30' second(s)

2018-09-25 19:09:59 - [TEST_STEP][PASSED] - closeBrowser: Browser is closed

2018-09-25 19:10:00 - [MESSAGE][PASSED] - Browser is closed]]></system-out>
         <system-err><![CDATA[]]></system-err>
      </testcase>
      <testcase name="Test Cases/nc_bo_login-test" classname="Test Cases/nc_bo_login-test" status="PASSED">
         <system-out><![CDATA[2018-09-25 19:10:00 - [TEST_CASE][PASSED] - Test Cases/nc_bo_login-test: Test Cases/nc_bo_login-test

2018-09-25 19:10:00 - [TEST_STEP][PASSED] - openBrowser: Browser is opened with url: 'https://menzies.netcourier.net/netcourier-data/'

2018-09-25 19:10:06 - [MESSAGE][PASSED] - Browser is opened with url: 'https://menzies.netcourier.net/netcourier-data/'

2018-09-25 19:10:06 - [TEST_STEP][PASSED] - navigateToUrl: Navigate to 'https://menzies.netcourier.net/netcourier-data/' successfully

2018-09-25 19:10:08 - [MESSAGE][PASSED] - Navigate to 'https://menzies.netcourier.net/netcourier-data/' successfully

2018-09-25 19:10:08 - [TEST_STEP][PASSED] - setText: Text 'mnz' is set on object 'Object Repository/Page_Metafour User Login/input_Login_access_code'

2018-09-25 19:10:11 - [MESSAGE][PASSED] - Text 'mnz' is set on object 'Object Repository/Page_Metafour User Login/input_Login_access_code'

2018-09-25 19:10:11 - [TEST_STEP][PASSED] - setText: Text 'admin' is set on object 'Object Repository/Page_Metafour User Login/input_Login_login'

2018-09-25 19:10:11 - [MESSAGE][PASSED] - Text 'admin' is set on object 'Object Repository/Page_Metafour User Login/input_Login_login'

2018-09-25 19:10:11 - [TEST_STEP][PASSED] - setText: Text 'qtmnz191u' is set on object 'Object Repository/Page_Metafour User Login/input_Login_j_password'

2018-09-25 19:10:12 - [MESSAGE][PASSED] - Text 'qtmnz191u' is set on object 'Object Repository/Page_Metafour User Login/input_Login_j_password'

2018-09-25 19:10:12 - [TEST_STEP][PASSED] - click: Object: 'Object Repository/Page_Metafour User Login/button_Sign in' is clicked on

2018-09-25 19:10:15 - [MESSAGE][PASSED] - Object: 'Object Repository/Page_Metafour User Login/button_Sign in' is clicked on

2018-09-25 19:10:15 - [TEST_STEP][PASSED] - delay: Delayed 3 second(s)

2018-09-25 19:10:18 - [MESSAGE][PASSED] - Delayed 3 second(s)

2018-09-25 19:10:18 - [TEST_STEP][PASSED] - verifyElementNotPresent: Web element with id: 'Object Repository/Page_Metafour User Login/div_Sorry login failed' located by 'By.xpath: //div[@id='customerrormessagediv']' is not present after '30' second(s)

2018-09-25 19:10:18 - [MESSAGE][WARNING] - Timeout '0' is invalid. Using default page load timeout: '30'

2018-09-25 19:10:18 - [MESSAGE][PASSED] - Web element with id: 'Object Repository/Page_Metafour User Login/div_Sorry login failed' located by 'By.xpath: //div[@id='customerrormessagediv']' is not present after '30' second(s)

2018-09-25 19:10:18 - [TEST_STEP][PASSED] - closeBrowser: Browser is closed

2018-09-25 19:10:19 - [MESSAGE][PASSED] - Browser is closed]]></system-out>
         <system-err><![CDATA[]]></system-err>
      </testcase>
      <testcase name="Test Cases/nc_bo_login-test" classname="Test Cases/nc_bo_login-test" status="PASSED">
         <system-out><![CDATA[2018-09-25 19:10:19 - [TEST_CASE][PASSED] - Test Cases/nc_bo_login-test: Test Cases/nc_bo_login-test

2018-09-25 19:10:19 - [TEST_STEP][PASSED] - openBrowser: Browser is opened with url: 'https://msk.netcourier.net/netcourier-data/'

2018-09-25 19:10:24 - [MESSAGE][PASSED] - Browser is opened with url: 'https://msk.netcourier.net/netcourier-data/'

2018-09-25 19:10:24 - [TEST_STEP][PASSED] - navigateToUrl: Navigate to 'https://msk.netcourier.net/netcourier-data/' successfully

2018-09-25 19:10:26 - [MESSAGE][PASSED] - Navigate to 'https://msk.netcourier.net/netcourier-data/' successfully

2018-09-25 19:10:26 - [TEST_STEP][PASSED] - setText: Text 'msk' is set on object 'Object Repository/Page_Metafour User Login/input_Login_access_code'

2018-09-25 19:10:29 - [MESSAGE][PASSED] - Text 'msk' is set on object 'Object Repository/Page_Metafour User Login/input_Login_access_code'

2018-09-25 19:10:29 - [TEST_STEP][PASSED] - setText: Text 'admin' is set on object 'Object Repository/Page_Metafour User Login/input_Login_login'

2018-09-25 19:10:30 - [MESSAGE][PASSED] - Text 'admin' is set on object 'Object Repository/Page_Metafour User Login/input_Login_login'

2018-09-25 19:10:30 - [TEST_STEP][PASSED] - setText: Text 'qtmsk675u' is set on object 'Object Repository/Page_Metafour User Login/input_Login_j_password'

2018-09-25 19:10:30 - [MESSAGE][PASSED] - Text 'qtmsk675u' is set on object 'Object Repository/Page_Metafour User Login/input_Login_j_password'

2018-09-25 19:10:30 - [TEST_STEP][PASSED] - click: Object: 'Object Repository/Page_Metafour User Login/button_Sign in' is clicked on

2018-09-25 19:10:33 - [MESSAGE][PASSED] - Object: 'Object Repository/Page_Metafour User Login/button_Sign in' is clicked on

2018-09-25 19:10:33 - [TEST_STEP][PASSED] - delay: Delayed 3 second(s)

2018-09-25 19:10:36 - [MESSAGE][PASSED] - Delayed 3 second(s)

2018-09-25 19:10:36 - [TEST_STEP][PASSED] - verifyElementNotPresent: Web element with id: 'Object Repository/Page_Metafour User Login/div_Sorry login failed' located by 'By.xpath: //div[@id='customerrormessagediv']' is not present after '30' second(s)

2018-09-25 19:10:36 - [MESSAGE][WARNING] - Timeout '0' is invalid. Using default page load timeout: '30'

2018-09-25 19:10:36 - [MESSAGE][PASSED] - Web element with id: 'Object Repository/Page_Metafour User Login/div_Sorry login failed' located by 'By.xpath: //div[@id='customerrormessagediv']' is not present after '30' second(s)

2018-09-25 19:10:36 - [TEST_STEP][PASSED] - closeBrowser: Browser is closed

2018-09-25 19:10:36 - [MESSAGE][PASSED] - Browser is closed]]></system-out>
         <system-err><![CDATA[]]></system-err>
      </testcase>
      <testcase name="Test Cases/nc_bo_login-test" classname="Test Cases/nc_bo_login-test" status="PASSED">
         <system-out><![CDATA[2018-09-25 19:10:36 - [TEST_CASE][PASSED] - Test Cases/nc_bo_login-test: Test Cases/nc_bo_login-test

2018-09-25 19:10:36 - [TEST_STEP][PASSED] - openBrowser: Browser is opened with url: 'http://nexus.metafour.com/netcourier-data/'

2018-09-25 19:10:41 - [MESSAGE][PASSED] - Browser is opened with url: 'http://nexus.metafour.com/netcourier-data/'

2018-09-25 19:10:41 - [TEST_STEP][PASSED] - navigateToUrl: Navigate to 'http://nexus.metafour.com/netcourier-data/' successfully

2018-09-25 19:10:43 - [MESSAGE][PASSED] - Navigate to 'http://nexus.metafour.com/netcourier-data/' successfully

2018-09-25 19:10:43 - [TEST_STEP][PASSED] - setText: Text 'nxs' is set on object 'Object Repository/Page_Metafour User Login/input_Login_access_code'

2018-09-25 19:10:46 - [MESSAGE][PASSED] - Text 'nxs' is set on object 'Object Repository/Page_Metafour User Login/input_Login_access_code'

2018-09-25 19:10:46 - [TEST_STEP][PASSED] - setText: Text 'admin' is set on object 'Object Repository/Page_Metafour User Login/input_Login_login'

2018-09-25 19:10:46 - [MESSAGE][PASSED] - Text 'admin' is set on object 'Object Repository/Page_Metafour User Login/input_Login_login'

2018-09-25 19:10:46 - [TEST_STEP][PASSED] - setText: Text 'qtnxs076u' is set on object 'Object Repository/Page_Metafour User Login/input_Login_j_password'

2018-09-25 19:10:46 - [MESSAGE][PASSED] - Text 'qtnxs076u' is set on object 'Object Repository/Page_Metafour User Login/input_Login_j_password'

2018-09-25 19:10:46 - [TEST_STEP][PASSED] - click: Object: 'Object Repository/Page_Metafour User Login/button_Sign in' is clicked on

2018-09-25 19:10:49 - [MESSAGE][PASSED] - Object: 'Object Repository/Page_Metafour User Login/button_Sign in' is clicked on

2018-09-25 19:10:49 - [TEST_STEP][PASSED] - delay: Delayed 3 second(s)

2018-09-25 19:10:52 - [MESSAGE][PASSED] - Delayed 3 second(s)

2018-09-25 19:10:52 - [TEST_STEP][PASSED] - verifyElementNotPresent: Web element with id: 'Object Repository/Page_Metafour User Login/div_Sorry login failed' located by 'By.xpath: //div[@id='customerrormessagediv']' is not present after '30' second(s)

2018-09-25 19:10:52 - [MESSAGE][WARNING] - Timeout '0' is invalid. Using default page load timeout: '30'

2018-09-25 19:10:52 - [MESSAGE][PASSED] - Web element with id: 'Object Repository/Page_Metafour User Login/div_Sorry login failed' located by 'By.xpath: //div[@id='customerrormessagediv']' is not present after '30' second(s)

2018-09-25 19:10:52 - [TEST_STEP][PASSED] - closeBrowser: Browser is closed

2018-09-25 19:10:53 - [MESSAGE][PASSED] - Browser is closed]]></system-out>
         <system-err><![CDATA[]]></system-err>
      </testcase>
      <testcase name="Test Cases/nc_bo_login-test" classname="Test Cases/nc_bo_login-test" status="PASSED">
         <system-out><![CDATA[2018-09-25 19:10:53 - [TEST_CASE][PASSED] - Test Cases/nc_bo_login-test: Test Cases/nc_bo_login-test

2018-09-25 19:10:53 - [TEST_STEP][PASSED] - openBrowser: Browser is opened with url: 'https://parcelflight.netcourier.net/netcourier-data/'

2018-09-25 19:10:59 - [MESSAGE][PASSED] - Browser is opened with url: 'https://parcelflight.netcourier.net/netcourier-data/'

2018-09-25 19:10:59 - [TEST_STEP][PASSED] - navigateToUrl: Navigate to 'https://parcelflight.netcourier.net/netcourier-data/' successfully

2018-09-25 19:11:01 - [MESSAGE][PASSED] - Navigate to 'https://parcelflight.netcourier.net/netcourier-data/' successfully

2018-09-25 19:11:01 - [TEST_STEP][PASSED] - setText: Text 'paf' is set on object 'Object Repository/Page_Metafour User Login/input_Login_access_code'

2018-09-25 19:11:06 - [MESSAGE][PASSED] - Text 'paf' is set on object 'Object Repository/Page_Metafour User Login/input_Login_access_code'

2018-09-25 19:11:06 - [TEST_STEP][PASSED] - setText: Text 'admin' is set on object 'Object Repository/Page_Metafour User Login/input_Login_login'

2018-09-25 19:11:06 - [MESSAGE][PASSED] - Text 'admin' is set on object 'Object Repository/Page_Metafour User Login/input_Login_login'

2018-09-25 19:11:06 - [TEST_STEP][PASSED] - setText: Text 'qtpaf021u' is set on object 'Object Repository/Page_Metafour User Login/input_Login_j_password'

2018-09-25 19:11:06 - [MESSAGE][PASSED] - Text 'qtpaf021u' is set on object 'Object Repository/Page_Metafour User Login/input_Login_j_password'

2018-09-25 19:11:06 - [TEST_STEP][PASSED] - click: Object: 'Object Repository/Page_Metafour User Login/button_Sign in' is clicked on

2018-09-25 19:11:09 - [MESSAGE][PASSED] - Object: 'Object Repository/Page_Metafour User Login/button_Sign in' is clicked on

2018-09-25 19:11:09 - [TEST_STEP][PASSED] - delay: Delayed 3 second(s)

2018-09-25 19:11:12 - [MESSAGE][PASSED] - Delayed 3 second(s)

2018-09-25 19:11:12 - [TEST_STEP][PASSED] - verifyElementNotPresent: Web element with id: 'Object Repository/Page_Metafour User Login/div_Sorry login failed' located by 'By.xpath: //div[@id='customerrormessagediv']' is not present after '30' second(s)

2018-09-25 19:11:12 - [MESSAGE][WARNING] - Timeout '0' is invalid. Using default page load timeout: '30'

2018-09-25 19:11:12 - [MESSAGE][PASSED] - Web element with id: 'Object Repository/Page_Metafour User Login/div_Sorry login failed' located by 'By.xpath: //div[@id='customerrormessagediv']' is not present after '30' second(s)

2018-09-25 19:11:12 - [TEST_STEP][PASSED] - closeBrowser: Browser is closed

2018-09-25 19:11:12 - [MESSAGE][PASSED] - Browser is closed]]></system-out>
         <system-err><![CDATA[]]></system-err>
      </testcase>
      <testcase name="Test Cases/nc_bo_login-test" classname="Test Cases/nc_bo_login-test" status="PASSED">
         <system-out><![CDATA[2018-09-25 19:11:12 - [TEST_CASE][PASSED] - Test Cases/nc_bo_login-test: Test Cases/nc_bo_login-test

2018-09-25 19:11:12 - [TEST_STEP][PASSED] - openBrowser: Browser is opened with url: 'https://precision.netcourier.net/netcourier-data/'

2018-09-25 19:11:18 - [MESSAGE][PASSED] - Browser is opened with url: 'https://precision.netcourier.net/netcourier-data/'

2018-09-25 19:11:18 - [TEST_STEP][PASSED] - navigateToUrl: Navigate to 'https://precision.netcourier.net/netcourier-data/' successfully

2018-09-25 19:11:21 - [MESSAGE][PASSED] - Navigate to 'https://precision.netcourier.net/netcourier-data/' successfully

2018-09-25 19:11:21 - [TEST_STEP][PASSED] - setText: Text 'pcg' is set on object 'Object Repository/Page_Metafour User Login/input_Login_access_code'

2018-09-25 19:11:24 - [MESSAGE][PASSED] - Text 'pcg' is set on object 'Object Repository/Page_Metafour User Login/input_Login_access_code'

2018-09-25 19:11:24 - [TEST_STEP][PASSED] - setText: Text 'admin' is set on object 'Object Repository/Page_Metafour User Login/input_Login_login'

2018-09-25 19:11:24 - [MESSAGE][PASSED] - Text 'admin' is set on object 'Object Repository/Page_Metafour User Login/input_Login_login'

2018-09-25 19:11:24 - [TEST_STEP][PASSED] - setText: Text 'qtpcg080u' is set on object 'Object Repository/Page_Metafour User Login/input_Login_j_password'

2018-09-25 19:11:24 - [MESSAGE][PASSED] - Text 'qtpcg080u' is set on object 'Object Repository/Page_Metafour User Login/input_Login_j_password'

2018-09-25 19:11:24 - [TEST_STEP][PASSED] - click: Object: 'Object Repository/Page_Metafour User Login/button_Sign in' is clicked on

2018-09-25 19:11:27 - [MESSAGE][PASSED] - Object: 'Object Repository/Page_Metafour User Login/button_Sign in' is clicked on

2018-09-25 19:11:27 - [TEST_STEP][PASSED] - delay: Delayed 3 second(s)

2018-09-25 19:11:30 - [MESSAGE][PASSED] - Delayed 3 second(s)

2018-09-25 19:11:30 - [TEST_STEP][PASSED] - verifyElementNotPresent: Web element with id: 'Object Repository/Page_Metafour User Login/div_Sorry login failed' located by 'By.xpath: //div[@id='customerrormessagediv']' is not present after '30' second(s)

2018-09-25 19:11:30 - [MESSAGE][WARNING] - Timeout '0' is invalid. Using default page load timeout: '30'

2018-09-25 19:11:30 - [MESSAGE][PASSED] - Web element with id: 'Object Repository/Page_Metafour User Login/div_Sorry login failed' located by 'By.xpath: //div[@id='customerrormessagediv']' is not present after '30' second(s)

2018-09-25 19:11:30 - [TEST_STEP][PASSED] - closeBrowser: Browser is closed

2018-09-25 19:11:31 - [MESSAGE][PASSED] - Browser is closed]]></system-out>
         <system-err><![CDATA[]]></system-err>
      </testcase>
      <testcase name="Test Cases/nc_bo_login-test" classname="Test Cases/nc_bo_login-test" status="PASSED">
         <system-out><![CDATA[2018-09-25 19:11:31 - [TEST_CASE][PASSED] - Test Cases/nc_bo_login-test: Test Cases/nc_bo_login-test

2018-09-25 19:11:31 - [TEST_STEP][PASSED] - openBrowser: Browser is opened with url: 'https://santis.netcourier.net/netcourier-data/'

2018-09-25 19:11:36 - [MESSAGE][PASSED] - Browser is opened with url: 'https://santis.netcourier.net/netcourier-data/'

2018-09-25 19:11:36 - [TEST_STEP][PASSED] - navigateToUrl: Navigate to 'https://santis.netcourier.net/netcourier-data/' successfully

2018-09-25 19:11:39 - [MESSAGE][PASSED] - Navigate to 'https://santis.netcourier.net/netcourier-data/' successfully

2018-09-25 19:11:39 - [TEST_STEP][PASSED] - setText: Text 'san' is set on object 'Object Repository/Page_Metafour User Login/input_Login_access_code'

2018-09-25 19:11:42 - [MESSAGE][PASSED] - Text 'san' is set on object 'Object Repository/Page_Metafour User Login/input_Login_access_code'

2018-09-25 19:11:42 - [TEST_STEP][PASSED] - setText: Text 'admin' is set on object 'Object Repository/Page_Metafour User Login/input_Login_login'

2018-09-25 19:11:42 - [MESSAGE][PASSED] - Text 'admin' is set on object 'Object Repository/Page_Metafour User Login/input_Login_login'

2018-09-25 19:11:42 - [TEST_STEP][PASSED] - setText: Text 'qtsan121u' is set on object 'Object Repository/Page_Metafour User Login/input_Login_j_password'

2018-09-25 19:11:42 - [MESSAGE][PASSED] - Text 'qtsan121u' is set on object 'Object Repository/Page_Metafour User Login/input_Login_j_password'

2018-09-25 19:11:42 - [TEST_STEP][PASSED] - click: Object: 'Object Repository/Page_Metafour User Login/button_Sign in' is clicked on

2018-09-25 19:11:45 - [MESSAGE][PASSED] - Object: 'Object Repository/Page_Metafour User Login/button_Sign in' is clicked on

2018-09-25 19:11:45 - [TEST_STEP][PASSED] - delay: Delayed 3 second(s)

2018-09-25 19:11:48 - [MESSAGE][PASSED] - Delayed 3 second(s)

2018-09-25 19:11:48 - [TEST_STEP][PASSED] - verifyElementNotPresent: Web element with id: 'Object Repository/Page_Metafour User Login/div_Sorry login failed' located by 'By.xpath: //div[@id='customerrormessagediv']' is not present after '30' second(s)

2018-09-25 19:11:48 - [MESSAGE][WARNING] - Timeout '0' is invalid. Using default page load timeout: '30'

2018-09-25 19:11:48 - [MESSAGE][PASSED] - Web element with id: 'Object Repository/Page_Metafour User Login/div_Sorry login failed' located by 'By.xpath: //div[@id='customerrormessagediv']' is not present after '30' second(s)

2018-09-25 19:11:48 - [TEST_STEP][PASSED] - closeBrowser: Browser is closed

2018-09-25 19:11:49 - [MESSAGE][PASSED] - Browser is closed]]></system-out>
         <system-err><![CDATA[]]></system-err>
      </testcase>
      <testcase name="Test Cases/nc_bo_login-test" classname="Test Cases/nc_bo_login-test" status="PASSED">
         <system-out><![CDATA[2018-09-25 19:11:49 - [TEST_CASE][PASSED] - Test Cases/nc_bo_login-test: Test Cases/nc_bo_login-test

2018-09-25 19:11:49 - [TEST_STEP][PASSED] - openBrowser: Browser is opened with url: 'https://santova.netcourier.net/netcourier-data/'

2018-09-25 19:11:55 - [MESSAGE][PASSED] - Browser is opened with url: 'https://santova.netcourier.net/netcourier-data/'

2018-09-25 19:11:55 - [TEST_STEP][PASSED] - navigateToUrl: Navigate to 'https://santova.netcourier.net/netcourier-data/' successfully

2018-09-25 19:11:57 - [MESSAGE][PASSED] - Navigate to 'https://santova.netcourier.net/netcourier-data/' successfully

2018-09-25 19:11:57 - [TEST_STEP][PASSED] - setText: Text 'snt' is set on object 'Object Repository/Page_Metafour User Login/input_Login_access_code'

2018-09-25 19:12:01 - [MESSAGE][PASSED] - Text 'snt' is set on object 'Object Repository/Page_Metafour User Login/input_Login_access_code'

2018-09-25 19:12:01 - [TEST_STEP][PASSED] - setText: Text 'admin' is set on object 'Object Repository/Page_Metafour User Login/input_Login_login'

2018-09-25 19:12:02 - [MESSAGE][PASSED] - Text 'admin' is set on object 'Object Repository/Page_Metafour User Login/input_Login_login'

2018-09-25 19:12:02 - [TEST_STEP][PASSED] - setText: Text 'qtsnt180u' is set on object 'Object Repository/Page_Metafour User Login/input_Login_j_password'

2018-09-25 19:12:02 - [MESSAGE][PASSED] - Text 'qtsnt180u' is set on object 'Object Repository/Page_Metafour User Login/input_Login_j_password'

2018-09-25 19:12:02 - [TEST_STEP][PASSED] - click: Object: 'Object Repository/Page_Metafour User Login/button_Sign in' is clicked on

2018-09-25 19:12:05 - [MESSAGE][PASSED] - Object: 'Object Repository/Page_Metafour User Login/button_Sign in' is clicked on

2018-09-25 19:12:05 - [TEST_STEP][PASSED] - delay: Delayed 3 second(s)

2018-09-25 19:12:08 - [MESSAGE][PASSED] - Delayed 3 second(s)

2018-09-25 19:12:08 - [TEST_STEP][PASSED] - verifyElementNotPresent: Web element with id: 'Object Repository/Page_Metafour User Login/div_Sorry login failed' located by 'By.xpath: //div[@id='customerrormessagediv']' is not present after '30' second(s)

2018-09-25 19:12:08 - [MESSAGE][WARNING] - Timeout '0' is invalid. Using default page load timeout: '30'

2018-09-25 19:12:08 - [MESSAGE][PASSED] - Web element with id: 'Object Repository/Page_Metafour User Login/div_Sorry login failed' located by 'By.xpath: //div[@id='customerrormessagediv']' is not present after '30' second(s)

2018-09-25 19:12:08 - [TEST_STEP][PASSED] - closeBrowser: Browser is closed

2018-09-25 19:12:08 - [MESSAGE][PASSED] - Browser is closed]]></system-out>
         <system-err><![CDATA[]]></system-err>
      </testcase>
      <testcase name="Test Cases/nc_bo_login-test" classname="Test Cases/nc_bo_login-test" status="PASSED">
         <system-out><![CDATA[2018-09-25 19:12:08 - [TEST_CASE][PASSED] - Test Cases/nc_bo_login-test: Test Cases/nc_bo_login-test

2018-09-25 19:12:08 - [TEST_STEP][PASSED] - openBrowser: Browser is opened with url: 'https://snr.netcourier.net/netcourier-data/'

2018-09-25 19:12:14 - [MESSAGE][PASSED] - Browser is opened with url: 'https://snr.netcourier.net/netcourier-data/'

2018-09-25 19:12:14 - [TEST_STEP][PASSED] - navigateToUrl: Navigate to 'https://snr.netcourier.net/netcourier-data/' successfully

2018-09-25 19:12:16 - [MESSAGE][PASSED] - Navigate to 'https://snr.netcourier.net/netcourier-data/' successfully

2018-09-25 19:12:16 - [TEST_STEP][PASSED] - setText: Text 'snr' is set on object 'Object Repository/Page_Metafour User Login/input_Login_access_code'

2018-09-25 19:12:20 - [MESSAGE][PASSED] - Text 'snr' is set on object 'Object Repository/Page_Metafour User Login/input_Login_access_code'

2018-09-25 19:12:20 - [TEST_STEP][PASSED] - setText: Text 'admin' is set on object 'Object Repository/Page_Metafour User Login/input_Login_login'

2018-09-25 19:12:20 - [MESSAGE][PASSED] - Text 'admin' is set on object 'Object Repository/Page_Metafour User Login/input_Login_login'

2018-09-25 19:12:20 - [TEST_STEP][PASSED] - setText: Text 'qtsnr020u' is set on object 'Object Repository/Page_Metafour User Login/input_Login_j_password'

2018-09-25 19:12:20 - [MESSAGE][PASSED] - Text 'qtsnr020u' is set on object 'Object Repository/Page_Metafour User Login/input_Login_j_password'

2018-09-25 19:12:20 - [TEST_STEP][PASSED] - click: Object: 'Object Repository/Page_Metafour User Login/button_Sign in' is clicked on

2018-09-25 19:12:24 - [MESSAGE][PASSED] - Object: 'Object Repository/Page_Metafour User Login/button_Sign in' is clicked on

2018-09-25 19:12:24 - [TEST_STEP][PASSED] - delay: Delayed 3 second(s)

2018-09-25 19:12:27 - [MESSAGE][PASSED] - Delayed 3 second(s)

2018-09-25 19:12:27 - [TEST_STEP][PASSED] - verifyElementNotPresent: Web element with id: 'Object Repository/Page_Metafour User Login/div_Sorry login failed' located by 'By.xpath: //div[@id='customerrormessagediv']' is not present after '30' second(s)

2018-09-25 19:12:27 - [MESSAGE][WARNING] - Timeout '0' is invalid. Using default page load timeout: '30'

2018-09-25 19:12:27 - [MESSAGE][PASSED] - Web element with id: 'Object Repository/Page_Metafour User Login/div_Sorry login failed' located by 'By.xpath: //div[@id='customerrormessagediv']' is not present after '30' second(s)

2018-09-25 19:12:27 - [TEST_STEP][PASSED] - closeBrowser: Browser is closed

2018-09-25 19:12:28 - [MESSAGE][PASSED] - Browser is closed]]></system-out>
         <system-err><![CDATA[]]></system-err>
      </testcase>
      <testcase name="Test Cases/nc_bo_login-test" classname="Test Cases/nc_bo_login-test" status="PASSED">
         <system-out><![CDATA[2018-09-25 19:12:28 - [TEST_CASE][PASSED] - Test Cases/nc_bo_login-test: Test Cases/nc_bo_login-test

2018-09-25 19:12:28 - [TEST_STEP][PASSED] - openBrowser: Browser is opened with url: 'https://simplyparcel.netcourier.net/netcourier-data/'

2018-09-25 19:12:34 - [MESSAGE][PASSED] - Browser is opened with url: 'https://simplyparcel.netcourier.net/netcourier-data/'

2018-09-25 19:12:34 - [TEST_STEP][PASSED] - navigateToUrl: Navigate to 'https://simplyparcel.netcourier.net/netcourier-data/' successfully

2018-09-25 19:12:37 - [MESSAGE][PASSED] - Navigate to 'https://simplyparcel.netcourier.net/netcourier-data/' successfully

2018-09-25 19:12:37 - [TEST_STEP][PASSED] - setText: Text 'syp' is set on object 'Object Repository/Page_Metafour User Login/input_Login_access_code'

2018-09-25 19:12:40 - [MESSAGE][PASSED] - Text 'syp' is set on object 'Object Repository/Page_Metafour User Login/input_Login_access_code'

2018-09-25 19:12:40 - [TEST_STEP][PASSED] - setText: Text 'admin' is set on object 'Object Repository/Page_Metafour User Login/input_Login_login'

2018-09-25 19:12:40 - [MESSAGE][PASSED] - Text 'admin' is set on object 'Object Repository/Page_Metafour User Login/input_Login_login'

2018-09-25 19:12:40 - [TEST_STEP][PASSED] - setText: Text 'qtsyp419u' is set on object 'Object Repository/Page_Metafour User Login/input_Login_j_password'

2018-09-25 19:12:40 - [MESSAGE][PASSED] - Text 'qtsyp419u' is set on object 'Object Repository/Page_Metafour User Login/input_Login_j_password'

2018-09-25 19:12:40 - [TEST_STEP][PASSED] - click: Object: 'Object Repository/Page_Metafour User Login/button_Sign in' is clicked on

2018-09-25 19:12:44 - [MESSAGE][PASSED] - Object: 'Object Repository/Page_Metafour User Login/button_Sign in' is clicked on

2018-09-25 19:12:44 - [TEST_STEP][PASSED] - delay: Delayed 3 second(s)

2018-09-25 19:12:47 - [MESSAGE][PASSED] - Delayed 3 second(s)

2018-09-25 19:12:47 - [TEST_STEP][PASSED] - verifyElementNotPresent: Web element with id: 'Object Repository/Page_Metafour User Login/div_Sorry login failed' located by 'By.xpath: //div[@id='customerrormessagediv']' is not present after '30' second(s)

2018-09-25 19:12:47 - [MESSAGE][WARNING] - Timeout '0' is invalid. Using default page load timeout: '30'

2018-09-25 19:12:47 - [MESSAGE][PASSED] - Web element with id: 'Object Repository/Page_Metafour User Login/div_Sorry login failed' located by 'By.xpath: //div[@id='customerrormessagediv']' is not present after '30' second(s)

2018-09-25 19:12:47 - [TEST_STEP][PASSED] - closeBrowser: Browser is closed

2018-09-25 19:12:47 - [MESSAGE][PASSED] - Browser is closed]]></system-out>
         <system-err><![CDATA[]]></system-err>
      </testcase>
      <testcase name="Test Cases/nc_bo_login-test" classname="Test Cases/nc_bo_login-test" status="PASSED">
         <system-out><![CDATA[2018-09-25 19:12:47 - [TEST_CASE][PASSED] - Test Cases/nc_bo_login-test: Test Cases/nc_bo_login-test

2018-09-25 19:12:47 - [TEST_STEP][PASSED] - openBrowser: Browser is opened with url: 'https://tcc.netcourier.net/netcourier-data/'

2018-09-25 19:12:53 - [MESSAGE][PASSED] - Browser is opened with url: 'https://tcc.netcourier.net/netcourier-data/'

2018-09-25 19:12:53 - [TEST_STEP][PASSED] - navigateToUrl: Navigate to 'https://tcc.netcourier.net/netcourier-data/' successfully

2018-09-25 19:12:55 - [MESSAGE][PASSED] - Navigate to 'https://tcc.netcourier.net/netcourier-data/' successfully

2018-09-25 19:12:55 - [TEST_STEP][PASSED] - setText: Text 'tcc' is set on object 'Object Repository/Page_Metafour User Login/input_Login_access_code'

2018-09-25 19:13:07 - [MESSAGE][PASSED] - Text 'tcc' is set on object 'Object Repository/Page_Metafour User Login/input_Login_access_code'

2018-09-25 19:13:07 - [TEST_STEP][PASSED] - setText: Text 'admin' is set on object 'Object Repository/Page_Metafour User Login/input_Login_login'

2018-09-25 19:13:07 - [MESSAGE][PASSED] - Text 'admin' is set on object 'Object Repository/Page_Metafour User Login/input_Login_login'

2018-09-25 19:13:07 - [TEST_STEP][PASSED] - setText: Text 'qttcc042u' is set on object 'Object Repository/Page_Metafour User Login/input_Login_j_password'

2018-09-25 19:13:07 - [MESSAGE][PASSED] - Text 'qttcc042u' is set on object 'Object Repository/Page_Metafour User Login/input_Login_j_password'

2018-09-25 19:13:07 - [TEST_STEP][PASSED] - click: Object: 'Object Repository/Page_Metafour User Login/button_Sign in' is clicked on

2018-09-25 19:13:11 - [MESSAGE][PASSED] - Object: 'Object Repository/Page_Metafour User Login/button_Sign in' is clicked on

2018-09-25 19:13:11 - [TEST_STEP][PASSED] - delay: Delayed 3 second(s)

2018-09-25 19:13:14 - [MESSAGE][PASSED] - Delayed 3 second(s)

2018-09-25 19:13:14 - [TEST_STEP][PASSED] - verifyElementNotPresent: Web element with id: 'Object Repository/Page_Metafour User Login/div_Sorry login failed' located by 'By.xpath: //div[@id='customerrormessagediv']' is not present after '30' second(s)

2018-09-25 19:13:14 - [MESSAGE][WARNING] - Timeout '0' is invalid. Using default page load timeout: '30'

2018-09-25 19:13:14 - [MESSAGE][PASSED] - Web element with id: 'Object Repository/Page_Metafour User Login/div_Sorry login failed' located by 'By.xpath: //div[@id='customerrormessagediv']' is not present after '30' second(s)

2018-09-25 19:13:14 - [TEST_STEP][PASSED] - closeBrowser: Browser is closed

2018-09-25 19:13:15 - [MESSAGE][PASSED] - Browser is closed]]></system-out>
         <system-err><![CDATA[]]></system-err>
      </testcase>
      <testcase name="Test Cases/nc_bo_login-test" classname="Test Cases/nc_bo_login-test" status="PASSED">
         <system-out><![CDATA[2018-09-25 19:13:15 - [TEST_CASE][PASSED] - Test Cases/nc_bo_login-test: Test Cases/nc_bo_login-test

2018-09-25 19:13:15 - [TEST_STEP][PASSED] - openBrowser: Browser is opened with url: 'https://shard.netcourier.net/netcourier-data/'

2018-09-25 19:13:20 - [MESSAGE][PASSED] - Browser is opened with url: 'https://shard.netcourier.net/netcourier-data/'

2018-09-25 19:13:20 - [TEST_STEP][PASSED] - navigateToUrl: Navigate to 'https://shard.netcourier.net/netcourier-data/' successfully

2018-09-25 19:13:26 - [MESSAGE][PASSED] - Navigate to 'https://shard.netcourier.net/netcourier-data/' successfully

2018-09-25 19:13:26 - [TEST_STEP][PASSED] - setText: Text 'srd' is set on object 'Object Repository/Page_Metafour User Login/input_Login_access_code'

2018-09-25 19:13:29 - [MESSAGE][PASSED] - Text 'srd' is set on object 'Object Repository/Page_Metafour User Login/input_Login_access_code'

2018-09-25 19:13:29 - [TEST_STEP][PASSED] - setText: Text 'admin' is set on object 'Object Repository/Page_Metafour User Login/input_Login_login'

2018-09-25 19:13:29 - [MESSAGE][PASSED] - Text 'admin' is set on object 'Object Repository/Page_Metafour User Login/input_Login_login'

2018-09-25 19:13:29 - [TEST_STEP][PASSED] - setText: Text 'qtsrd111u' is set on object 'Object Repository/Page_Metafour User Login/input_Login_j_password'

2018-09-25 19:13:29 - [MESSAGE][PASSED] - Text 'qtsrd111u' is set on object 'Object Repository/Page_Metafour User Login/input_Login_j_password'

2018-09-25 19:13:29 - [TEST_STEP][PASSED] - click: Object: 'Object Repository/Page_Metafour User Login/button_Sign in' is clicked on

2018-09-25 19:13:36 - [MESSAGE][PASSED] - Object: 'Object Repository/Page_Metafour User Login/button_Sign in' is clicked on

2018-09-25 19:13:36 - [TEST_STEP][PASSED] - delay: Delayed 3 second(s)

2018-09-25 19:13:39 - [MESSAGE][PASSED] - Delayed 3 second(s)

2018-09-25 19:13:39 - [TEST_STEP][PASSED] - verifyElementNotPresent: Web element with id: 'Object Repository/Page_Metafour User Login/div_Sorry login failed' located by 'By.xpath: //div[@id='customerrormessagediv']' is not present after '30' second(s)

2018-09-25 19:13:39 - [MESSAGE][WARNING] - Timeout '0' is invalid. Using default page load timeout: '30'

2018-09-25 19:13:39 - [MESSAGE][PASSED] - Web element with id: 'Object Repository/Page_Metafour User Login/div_Sorry login failed' located by 'By.xpath: //div[@id='customerrormessagediv']' is not present after '30' second(s)

2018-09-25 19:13:39 - [TEST_STEP][PASSED] - closeBrowser: Browser is closed

2018-09-25 19:13:39 - [MESSAGE][PASSED] - Browser is closed]]></system-out>
         <system-err><![CDATA[]]></system-err>
      </testcase>
      <testcase name="Test Cases/nc_bo_login-test" classname="Test Cases/nc_bo_login-test" status="PASSED">
         <system-out><![CDATA[2018-09-25 19:13:39 - [TEST_CASE][PASSED] - Test Cases/nc_bo_login-test: Test Cases/nc_bo_login-test

2018-09-25 19:13:39 - [TEST_STEP][PASSED] - openBrowser: Browser is opened with url: 'https://tde.netcourier.net/netcourier-data/'

2018-09-25 19:13:46 - [MESSAGE][PASSED] - Browser is opened with url: 'https://tde.netcourier.net/netcourier-data/'

2018-09-25 19:13:46 - [TEST_STEP][PASSED] - navigateToUrl: Navigate to 'https://tde.netcourier.net/netcourier-data/' successfully

2018-09-25 19:13:48 - [MESSAGE][PASSED] - Navigate to 'https://tde.netcourier.net/netcourier-data/' successfully

2018-09-25 19:13:48 - [TEST_STEP][PASSED] - setText: Text 'tde' is set on object 'Object Repository/Page_Metafour User Login/input_Login_access_code'

2018-09-25 19:13:53 - [MESSAGE][PASSED] - Text 'tde' is set on object 'Object Repository/Page_Metafour User Login/input_Login_access_code'

2018-09-25 19:13:53 - [TEST_STEP][PASSED] - setText: Text 'admin' is set on object 'Object Repository/Page_Metafour User Login/input_Login_login'

2018-09-25 19:13:53 - [MESSAGE][PASSED] - Text 'admin' is set on object 'Object Repository/Page_Metafour User Login/input_Login_login'

2018-09-25 19:13:53 - [TEST_STEP][PASSED] - setText: Text 'qttde177u' is set on object 'Object Repository/Page_Metafour User Login/input_Login_j_password'

2018-09-25 19:13:53 - [MESSAGE][PASSED] - Text 'qttde177u' is set on object 'Object Repository/Page_Metafour User Login/input_Login_j_password'

2018-09-25 19:13:53 - [TEST_STEP][PASSED] - click: Object: 'Object Repository/Page_Metafour User Login/button_Sign in' is clicked on

2018-09-25 19:13:58 - [MESSAGE][PASSED] - Object: 'Object Repository/Page_Metafour User Login/button_Sign in' is clicked on

2018-09-25 19:13:58 - [TEST_STEP][PASSED] - delay: Delayed 3 second(s)

2018-09-25 19:14:01 - [MESSAGE][PASSED] - Delayed 3 second(s)

2018-09-25 19:14:01 - [TEST_STEP][PASSED] - verifyElementNotPresent: Web element with id: 'Object Repository/Page_Metafour User Login/div_Sorry login failed' located by 'By.xpath: //div[@id='customerrormessagediv']' is not present after '30' second(s)

2018-09-25 19:14:01 - [MESSAGE][WARNING] - Timeout '0' is invalid. Using default page load timeout: '30'

2018-09-25 19:14:01 - [MESSAGE][PASSED] - Web element with id: 'Object Repository/Page_Metafour User Login/div_Sorry login failed' located by 'By.xpath: //div[@id='customerrormessagediv']' is not present after '30' second(s)

2018-09-25 19:14:01 - [TEST_STEP][PASSED] - closeBrowser: Browser is closed

2018-09-25 19:14:02 - [MESSAGE][PASSED] - Browser is closed]]></system-out>
         <system-err><![CDATA[]]></system-err>
      </testcase>
      <testcase name="Test Cases/nc_bo_login-test" classname="Test Cases/nc_bo_login-test" status="PASSED">
         <system-out><![CDATA[2018-09-25 19:14:02 - [TEST_CASE][PASSED] - Test Cases/nc_bo_login-test: Test Cases/nc_bo_login-test

2018-09-25 19:14:02 - [TEST_STEP][PASSED] - openBrowser: Browser is opened with url: 'https://titan.netcourier.net/netcourier-data/'

2018-09-25 19:14:08 - [MESSAGE][PASSED] - Browser is opened with url: 'https://titan.netcourier.net/netcourier-data/'

2018-09-25 19:14:08 - [TEST_STEP][PASSED] - navigateToUrl: Navigate to 'https://titan.netcourier.net/netcourier-data/' successfully

2018-09-25 19:14:11 - [MESSAGE][PASSED] - Navigate to 'https://titan.netcourier.net/netcourier-data/' successfully

2018-09-25 19:14:11 - [TEST_STEP][PASSED] - setText: Text 'ttn' is set on object 'Object Repository/Page_Metafour User Login/input_Login_access_code'

2018-09-25 19:14:14 - [MESSAGE][PASSED] - Text 'ttn' is set on object 'Object Repository/Page_Metafour User Login/input_Login_access_code'

2018-09-25 19:14:14 - [TEST_STEP][PASSED] - setText: Text 'admin' is set on object 'Object Repository/Page_Metafour User Login/input_Login_login'

2018-09-25 19:14:14 - [MESSAGE][PASSED] - Text 'admin' is set on object 'Object Repository/Page_Metafour User Login/input_Login_login'

2018-09-25 19:14:15 - [TEST_STEP][PASSED] - setText: Text 'qtttn119u' is set on object 'Object Repository/Page_Metafour User Login/input_Login_j_password'

2018-09-25 19:14:15 - [MESSAGE][PASSED] - Text 'qtttn119u' is set on object 'Object Repository/Page_Metafour User Login/input_Login_j_password'

2018-09-25 19:14:15 - [TEST_STEP][PASSED] - click: Object: 'Object Repository/Page_Metafour User Login/button_Sign in' is clicked on

2018-09-25 19:14:19 - [MESSAGE][PASSED] - Object: 'Object Repository/Page_Metafour User Login/button_Sign in' is clicked on

2018-09-25 19:14:19 - [TEST_STEP][PASSED] - delay: Delayed 3 second(s)

2018-09-25 19:14:22 - [MESSAGE][PASSED] - Delayed 3 second(s)

2018-09-25 19:14:22 - [TEST_STEP][PASSED] - verifyElementNotPresent: Web element with id: 'Object Repository/Page_Metafour User Login/div_Sorry login failed' located by 'By.xpath: //div[@id='customerrormessagediv']' is not present after '30' second(s)

2018-09-25 19:14:22 - [MESSAGE][WARNING] - Timeout '0' is invalid. Using default page load timeout: '30'

2018-09-25 19:14:22 - [MESSAGE][PASSED] - Web element with id: 'Object Repository/Page_Metafour User Login/div_Sorry login failed' located by 'By.xpath: //div[@id='customerrormessagediv']' is not present after '30' second(s)

2018-09-25 19:14:22 - [TEST_STEP][PASSED] - closeBrowser: Browser is closed

2018-09-25 19:14:22 - [MESSAGE][PASSED] - Browser is closed]]></system-out>
         <system-err><![CDATA[]]></system-err>
      </testcase>
      <testcase name="Test Cases/nc_bo_login-test" classname="Test Cases/nc_bo_login-test" status="PASSED">
         <system-out><![CDATA[2018-09-25 19:14:22 - [TEST_CASE][PASSED] - Test Cases/nc_bo_login-test: Test Cases/nc_bo_login-test

2018-09-25 19:14:22 - [TEST_STEP][PASSED] - openBrowser: Browser is opened with url: 'https://topflight.netcourier.net/netcourier-data/'

2018-09-25 19:14:28 - [MESSAGE][PASSED] - Browser is opened with url: 'https://topflight.netcourier.net/netcourier-data/'

2018-09-25 19:14:28 - [TEST_STEP][PASSED] - navigateToUrl: Navigate to 'https://topflight.netcourier.net/netcourier-data/' successfully

2018-09-25 19:14:32 - [MESSAGE][PASSED] - Navigate to 'https://topflight.netcourier.net/netcourier-data/' successfully

2018-09-25 19:14:32 - [TEST_STEP][PASSED] - setText: Text 'top' is set on object 'Object Repository/Page_Metafour User Login/input_Login_access_code'

2018-09-25 19:14:46 - [MESSAGE][PASSED] - Text 'top' is set on object 'Object Repository/Page_Metafour User Login/input_Login_access_code'

2018-09-25 19:14:46 - [TEST_STEP][PASSED] - setText: Text 'admin' is set on object 'Object Repository/Page_Metafour User Login/input_Login_login'

2018-09-25 19:14:46 - [MESSAGE][PASSED] - Text 'admin' is set on object 'Object Repository/Page_Metafour User Login/input_Login_login'

2018-09-25 19:14:46 - [TEST_STEP][PASSED] - setText: Text 'qttop095u' is set on object 'Object Repository/Page_Metafour User Login/input_Login_j_password'

2018-09-25 19:14:46 - [MESSAGE][PASSED] - Text 'qttop095u' is set on object 'Object Repository/Page_Metafour User Login/input_Login_j_password'

2018-09-25 19:14:46 - [TEST_STEP][PASSED] - click: Object: 'Object Repository/Page_Metafour User Login/button_Sign in' is clicked on

2018-09-25 19:14:51 - [MESSAGE][PASSED] - Object: 'Object Repository/Page_Metafour User Login/button_Sign in' is clicked on

2018-09-25 19:14:51 - [TEST_STEP][PASSED] - delay: Delayed 3 second(s)

2018-09-25 19:14:54 - [MESSAGE][PASSED] - Delayed 3 second(s)

2018-09-25 19:14:54 - [TEST_STEP][PASSED] - verifyElementNotPresent: Web element with id: 'Object Repository/Page_Metafour User Login/div_Sorry login failed' located by 'By.xpath: //div[@id='customerrormessagediv']' is not present after '30' second(s)

2018-09-25 19:14:54 - [MESSAGE][WARNING] - Timeout '0' is invalid. Using default page load timeout: '30'

2018-09-25 19:14:54 - [MESSAGE][PASSED] - Web element with id: 'Object Repository/Page_Metafour User Login/div_Sorry login failed' located by 'By.xpath: //div[@id='customerrormessagediv']' is not present after '30' second(s)

2018-09-25 19:14:54 - [TEST_STEP][PASSED] - closeBrowser: Browser is closed

2018-09-25 19:14:54 - [MESSAGE][PASSED] - Browser is closed]]></system-out>
         <system-err><![CDATA[]]></system-err>
      </testcase>
      <testcase name="Test Cases/nc_bo_login-test" classname="Test Cases/nc_bo_login-test" status="PASSED">
         <system-out><![CDATA[2018-09-25 19:14:54 - [TEST_CASE][PASSED] - Test Cases/nc_bo_login-test: Test Cases/nc_bo_login-test

2018-09-25 19:14:54 - [TEST_STEP][PASSED] - openBrowser: Browser is opened with url: 'http://transworld.netcourier.net/netcourier-data/'

2018-09-25 19:15:00 - [MESSAGE][PASSED] - Browser is opened with url: 'http://transworld.netcourier.net/netcourier-data/'

2018-09-25 19:15:00 - [TEST_STEP][PASSED] - navigateToUrl: Navigate to 'http://transworld.netcourier.net/netcourier-data/' successfully

2018-09-25 19:15:03 - [MESSAGE][PASSED] - Navigate to 'http://transworld.netcourier.net/netcourier-data/' successfully

2018-09-25 19:15:03 - [TEST_STEP][PASSED] - setText: Text 'sic' is set on object 'Object Repository/Page_Metafour User Login/input_Login_access_code'

2018-09-25 19:15:06 - [MESSAGE][PASSED] - Text 'sic' is set on object 'Object Repository/Page_Metafour User Login/input_Login_access_code'

2018-09-25 19:15:06 - [TEST_STEP][PASSED] - setText: Text 'admin' is set on object 'Object Repository/Page_Metafour User Login/input_Login_login'

2018-09-25 19:15:06 - [MESSAGE][PASSED] - Text 'admin' is set on object 'Object Repository/Page_Metafour User Login/input_Login_login'

2018-09-25 19:15:06 - [TEST_STEP][PASSED] - setText: Text 'qtsic083u' is set on object 'Object Repository/Page_Metafour User Login/input_Login_j_password'

2018-09-25 19:15:07 - [MESSAGE][PASSED] - Text 'qtsic083u' is set on object 'Object Repository/Page_Metafour User Login/input_Login_j_password'

2018-09-25 19:15:07 - [TEST_STEP][PASSED] - click: Object: 'Object Repository/Page_Metafour User Login/button_Sign in' is clicked on

2018-09-25 19:15:10 - [MESSAGE][PASSED] - Object: 'Object Repository/Page_Metafour User Login/button_Sign in' is clicked on

2018-09-25 19:15:10 - [TEST_STEP][PASSED] - delay: Delayed 3 second(s)

2018-09-25 19:15:13 - [MESSAGE][PASSED] - Delayed 3 second(s)

2018-09-25 19:15:13 - [TEST_STEP][PASSED] - verifyElementNotPresent: Web element with id: 'Object Repository/Page_Metafour User Login/div_Sorry login failed' located by 'By.xpath: //div[@id='customerrormessagediv']' is not present after '30' second(s)

2018-09-25 19:15:13 - [MESSAGE][WARNING] - Timeout '0' is invalid. Using default page load timeout: '30'

2018-09-25 19:15:13 - [MESSAGE][PASSED] - Web element with id: 'Object Repository/Page_Metafour User Login/div_Sorry login failed' located by 'By.xpath: //div[@id='customerrormessagediv']' is not present after '30' second(s)

2018-09-25 19:15:13 - [TEST_STEP][PASSED] - closeBrowser: Browser is closed

2018-09-25 19:15:14 - [MESSAGE][PASSED] - Browser is closed]]></system-out>
         <system-err><![CDATA[]]></system-err>
      </testcase>
      <testcase name="Test Cases/nc_bo_login-test" classname="Test Cases/nc_bo_login-test" status="PASSED">
         <system-out><![CDATA[2018-09-25 19:15:14 - [TEST_CASE][PASSED] - Test Cases/nc_bo_login-test: Test Cases/nc_bo_login-test

2018-09-25 19:15:14 - [TEST_STEP][PASSED] - openBrowser: Browser is opened with url: 'https://ag.metafour.com/netcourier-data/'

2018-09-25 19:15:20 - [MESSAGE][PASSED] - Browser is opened with url: 'https://ag.metafour.com/netcourier-data/'

2018-09-25 19:15:20 - [TEST_STEP][PASSED] - navigateToUrl: Navigate to 'https://ag.metafour.com/netcourier-data/' successfully

2018-09-25 19:15:23 - [MESSAGE][PASSED] - Navigate to 'https://ag.metafour.com/netcourier-data/' successfully

2018-09-25 19:15:23 - [TEST_STEP][PASSED] - setText: Text 'adg' is set on object 'Object Repository/Page_Metafour User Login/input_Login_access_code'

2018-09-25 19:15:26 - [MESSAGE][PASSED] - Text 'adg' is set on object 'Object Repository/Page_Metafour User Login/input_Login_access_code'

2018-09-25 19:15:26 - [TEST_STEP][PASSED] - setText: Text 'admin' is set on object 'Object Repository/Page_Metafour User Login/input_Login_login'

2018-09-25 19:15:26 - [MESSAGE][PASSED] - Text 'admin' is set on object 'Object Repository/Page_Metafour User Login/input_Login_login'

2018-09-25 19:15:26 - [TEST_STEP][PASSED] - setText: Text 'qtadg302u' is set on object 'Object Repository/Page_Metafour User Login/input_Login_j_password'

2018-09-25 19:15:26 - [MESSAGE][PASSED] - Text 'qtadg302u' is set on object 'Object Repository/Page_Metafour User Login/input_Login_j_password'

2018-09-25 19:15:26 - [TEST_STEP][PASSED] - click: Object: 'Object Repository/Page_Metafour User Login/button_Sign in' is clicked on

2018-09-25 19:15:32 - [MESSAGE][PASSED] - Object: 'Object Repository/Page_Metafour User Login/button_Sign in' is clicked on

2018-09-25 19:15:32 - [TEST_STEP][PASSED] - delay: Delayed 3 second(s)

2018-09-25 19:15:35 - [MESSAGE][PASSED] - Delayed 3 second(s)

2018-09-25 19:15:35 - [TEST_STEP][PASSED] - verifyElementNotPresent: Web element with id: 'Object Repository/Page_Metafour User Login/div_Sorry login failed' located by 'By.xpath: //div[@id='customerrormessagediv']' is not present after '30' second(s)

2018-09-25 19:15:35 - [MESSAGE][WARNING] - Timeout '0' is invalid. Using default page load timeout: '30'

2018-09-25 19:15:35 - [MESSAGE][PASSED] - Web element with id: 'Object Repository/Page_Metafour User Login/div_Sorry login failed' located by 'By.xpath: //div[@id='customerrormessagediv']' is not present after '30' second(s)

2018-09-25 19:15:35 - [TEST_STEP][PASSED] - closeBrowser: Browser is closed

2018-09-25 19:15:36 - [MESSAGE][PASSED] - Browser is closed]]></system-out>
         <system-err><![CDATA[]]></system-err>
      </testcase>
      <testcase name="Test Cases/nc_bo_login-test" classname="Test Cases/nc_bo_login-test" status="PASSED">
         <system-out><![CDATA[2018-09-25 19:15:36 - [TEST_CASE][PASSED] - Test Cases/nc_bo_login-test: Test Cases/nc_bo_login-test

2018-09-25 19:15:36 - [TEST_STEP][PASSED] - openBrowser: Browser is opened with url: 'https://bartshealth.metafour.com/netcourier-data/'

2018-09-25 19:15:42 - [MESSAGE][PASSED] - Browser is opened with url: 'https://bartshealth.metafour.com/netcourier-data/'

2018-09-25 19:15:42 - [TEST_STEP][PASSED] - navigateToUrl: Navigate to 'https://bartshealth.metafour.com/netcourier-data/' successfully

2018-09-25 19:15:44 - [MESSAGE][PASSED] - Navigate to 'https://bartshealth.metafour.com/netcourier-data/' successfully

2018-09-25 19:15:44 - [TEST_STEP][PASSED] - setText: Text 'brt' is set on object 'Object Repository/Page_Metafour User Login/input_Login_access_code'

2018-09-25 19:15:48 - [MESSAGE][PASSED] - Text 'brt' is set on object 'Object Repository/Page_Metafour User Login/input_Login_access_code'

2018-09-25 19:15:48 - [TEST_STEP][PASSED] - setText: Text 'admin' is set on object 'Object Repository/Page_Metafour User Login/input_Login_login'

2018-09-25 19:15:48 - [MESSAGE][PASSED] - Text 'admin' is set on object 'Object Repository/Page_Metafour User Login/input_Login_login'

2018-09-25 19:15:48 - [TEST_STEP][PASSED] - setText: Text 'qtbrt524u' is set on object 'Object Repository/Page_Metafour User Login/input_Login_j_password'

2018-09-25 19:15:48 - [MESSAGE][PASSED] - Text 'qtbrt524u' is set on object 'Object Repository/Page_Metafour User Login/input_Login_j_password'

2018-09-25 19:15:48 - [TEST_STEP][PASSED] - click: Object: 'Object Repository/Page_Metafour User Login/button_Sign in' is clicked on

2018-09-25 19:15:51 - [MESSAGE][PASSED] - Object: 'Object Repository/Page_Metafour User Login/button_Sign in' is clicked on

2018-09-25 19:15:51 - [TEST_STEP][PASSED] - delay: Delayed 3 second(s)

2018-09-25 19:15:54 - [MESSAGE][PASSED] - Delayed 3 second(s)

2018-09-25 19:15:54 - [TEST_STEP][PASSED] - verifyElementNotPresent: Web element with id: 'Object Repository/Page_Metafour User Login/div_Sorry login failed' located by 'By.xpath: //div[@id='customerrormessagediv']' is not present after '30' second(s)

2018-09-25 19:15:54 - [MESSAGE][WARNING] - Timeout '0' is invalid. Using default page load timeout: '30'

2018-09-25 19:15:54 - [MESSAGE][PASSED] - Web element with id: 'Object Repository/Page_Metafour User Login/div_Sorry login failed' located by 'By.xpath: //div[@id='customerrormessagediv']' is not present after '30' second(s)

2018-09-25 19:15:54 - [TEST_STEP][PASSED] - closeBrowser: Browser is closed

2018-09-25 19:15:55 - [MESSAGE][PASSED] - Browser is closed]]></system-out>
         <system-err><![CDATA[]]></system-err>
      </testcase>
      <testcase name="Test Cases/nc_bo_login-test" classname="Test Cases/nc_bo_login-test" status="PASSED">
         <system-out><![CDATA[2018-09-25 19:15:55 - [TEST_CASE][PASSED] - Test Cases/nc_bo_login-test: Test Cases/nc_bo_login-test

2018-09-25 19:15:55 - [TEST_STEP][PASSED] - openBrowser: Browser is opened with url: 'https://bnym.metafour.com/netcourier-data/'

2018-09-25 19:16:07 - [MESSAGE][PASSED] - Browser is opened with url: 'https://bnym.metafour.com/netcourier-data/'

2018-09-25 19:16:07 - [TEST_STEP][PASSED] - navigateToUrl: Navigate to 'https://bnym.metafour.com/netcourier-data/' successfully

2018-09-25 19:16:11 - [MESSAGE][PASSED] - Navigate to 'https://bnym.metafour.com/netcourier-data/' successfully

2018-09-25 19:16:11 - [TEST_STEP][PASSED] - setText: Text 'bny' is set on object 'Object Repository/Page_Metafour User Login/input_Login_access_code'

2018-09-25 19:16:15 - [MESSAGE][PASSED] - Text 'bny' is set on object 'Object Repository/Page_Metafour User Login/input_Login_access_code'

2018-09-25 19:16:15 - [TEST_STEP][PASSED] - setText: Text 'admin' is set on object 'Object Repository/Page_Metafour User Login/input_Login_login'

2018-09-25 19:16:15 - [MESSAGE][PASSED] - Text 'admin' is set on object 'Object Repository/Page_Metafour User Login/input_Login_login'

2018-09-25 19:16:15 - [TEST_STEP][PASSED] - setText: Text 'qtbny720u' is set on object 'Object Repository/Page_Metafour User Login/input_Login_j_password'

2018-09-25 19:16:15 - [MESSAGE][PASSED] - Text 'qtbny720u' is set on object 'Object Repository/Page_Metafour User Login/input_Login_j_password'

2018-09-25 19:16:15 - [TEST_STEP][PASSED] - click: Object: 'Object Repository/Page_Metafour User Login/button_Sign in' is clicked on

2018-09-25 19:16:20 - [MESSAGE][PASSED] - Object: 'Object Repository/Page_Metafour User Login/button_Sign in' is clicked on

2018-09-25 19:16:20 - [TEST_STEP][PASSED] - delay: Delayed 3 second(s)

2018-09-25 19:16:23 - [MESSAGE][PASSED] - Delayed 3 second(s)

2018-09-25 19:16:23 - [TEST_STEP][PASSED] - verifyElementNotPresent: Web element with id: 'Object Repository/Page_Metafour User Login/div_Sorry login failed' located by 'By.xpath: //div[@id='customerrormessagediv']' is not present after '30' second(s)

2018-09-25 19:16:23 - [MESSAGE][WARNING] - Timeout '0' is invalid. Using default page load timeout: '30'

2018-09-25 19:16:23 - [MESSAGE][PASSED] - Web element with id: 'Object Repository/Page_Metafour User Login/div_Sorry login failed' located by 'By.xpath: //div[@id='customerrormessagediv']' is not present after '30' second(s)

2018-09-25 19:16:23 - [TEST_STEP][PASSED] - closeBrowser: Browser is closed

2018-09-25 19:16:24 - [MESSAGE][PASSED] - Browser is closed]]></system-out>
         <system-err><![CDATA[]]></system-err>
      </testcase>
      <testcase name="Test Cases/nc_bo_login-test" classname="Test Cases/nc_bo_login-test" status="PASSED">
         <system-out><![CDATA[2018-09-25 19:16:24 - [TEST_CASE][PASSED] - Test Cases/nc_bo_login-test: Test Cases/nc_bo_login-test

2018-09-25 19:16:24 - [TEST_STEP][PASSED] - openBrowser: Browser is opened with url: 'https://bp.metafour.com/netcourier-data/'

2018-09-25 19:16:30 - [MESSAGE][PASSED] - Browser is opened with url: 'https://bp.metafour.com/netcourier-data/'

2018-09-25 19:16:30 - [TEST_STEP][PASSED] - navigateToUrl: Navigate to 'https://bp.metafour.com/netcourier-data/' successfully

2018-09-25 19:16:34 - [MESSAGE][PASSED] - Navigate to 'https://bp.metafour.com/netcourier-data/' successfully

2018-09-25 19:16:34 - [TEST_STEP][PASSED] - setText: Text 'bpg' is set on object 'Object Repository/Page_Metafour User Login/input_Login_access_code'

2018-09-25 19:16:38 - [MESSAGE][PASSED] - Text 'bpg' is set on object 'Object Repository/Page_Metafour User Login/input_Login_access_code'

2018-09-25 19:16:38 - [TEST_STEP][PASSED] - setText: Text 'admin' is set on object 'Object Repository/Page_Metafour User Login/input_Login_login'

2018-09-25 19:16:38 - [MESSAGE][PASSED] - Text 'admin' is set on object 'Object Repository/Page_Metafour User Login/input_Login_login'

2018-09-25 19:16:38 - [TEST_STEP][PASSED] - setText: Text 'qtbpg715u' is set on object 'Object Repository/Page_Metafour User Login/input_Login_j_password'

2018-09-25 19:16:38 - [MESSAGE][PASSED] - Text 'qtbpg715u' is set on object 'Object Repository/Page_Metafour User Login/input_Login_j_password'

2018-09-25 19:16:38 - [TEST_STEP][PASSED] - click: Object: 'Object Repository/Page_Metafour User Login/button_Sign in' is clicked on

2018-09-25 19:16:44 - [MESSAGE][PASSED] - Object: 'Object Repository/Page_Metafour User Login/button_Sign in' is clicked on

2018-09-25 19:16:44 - [TEST_STEP][PASSED] - delay: Delayed 3 second(s)

2018-09-25 19:16:47 - [MESSAGE][PASSED] - Delayed 3 second(s)

2018-09-25 19:16:47 - [TEST_STEP][PASSED] - verifyElementNotPresent: Web element with id: 'Object Repository/Page_Metafour User Login/div_Sorry login failed' located by 'By.xpath: //div[@id='customerrormessagediv']' is not present after '30' second(s)

2018-09-25 19:16:47 - [MESSAGE][WARNING] - Timeout '0' is invalid. Using default page load timeout: '30'

2018-09-25 19:16:47 - [MESSAGE][PASSED] - Web element with id: 'Object Repository/Page_Metafour User Login/div_Sorry login failed' located by 'By.xpath: //div[@id='customerrormessagediv']' is not present after '30' second(s)

2018-09-25 19:16:47 - [TEST_STEP][PASSED] - closeBrowser: Browser is closed

2018-09-25 19:16:47 - [MESSAGE][PASSED] - Browser is closed]]></system-out>
         <system-err><![CDATA[]]></system-err>
      </testcase>
      <testcase name="Test Cases/nc_bo_login-test" classname="Test Cases/nc_bo_login-test" status="PASSED">
         <system-out><![CDATA[2018-09-25 19:16:47 - [TEST_CASE][PASSED] - Test Cases/nc_bo_login-test: Test Cases/nc_bo_login-test

2018-09-25 19:16:47 - [TEST_STEP][PASSED] - openBrowser: Browser is opened with url: 'https://bupa.metafour.com/netcourier-data/'

2018-09-25 19:16:55 - [MESSAGE][PASSED] - Browser is opened with url: 'https://bupa.metafour.com/netcourier-data/'

2018-09-25 19:16:55 - [TEST_STEP][PASSED] - navigateToUrl: Navigate to 'https://bupa.metafour.com/netcourier-data/' successfully

2018-09-25 19:16:59 - [MESSAGE][PASSED] - Navigate to 'https://bupa.metafour.com/netcourier-data/' successfully

2018-09-25 19:16:59 - [TEST_STEP][PASSED] - setText: Text 'bup' is set on object 'Object Repository/Page_Metafour User Login/input_Login_access_code'

2018-09-25 19:17:02 - [MESSAGE][PASSED] - Text 'bup' is set on object 'Object Repository/Page_Metafour User Login/input_Login_access_code'

2018-09-25 19:17:02 - [TEST_STEP][PASSED] - setText: Text 'admin' is set on object 'Object Repository/Page_Metafour User Login/input_Login_login'

2018-09-25 19:17:02 - [MESSAGE][PASSED] - Text 'admin' is set on object 'Object Repository/Page_Metafour User Login/input_Login_login'

2018-09-25 19:17:02 - [TEST_STEP][PASSED] - setText: Text 'qtbup635u' is set on object 'Object Repository/Page_Metafour User Login/input_Login_j_password'

2018-09-25 19:17:02 - [MESSAGE][PASSED] - Text 'qtbup635u' is set on object 'Object Repository/Page_Metafour User Login/input_Login_j_password'

2018-09-25 19:17:02 - [TEST_STEP][PASSED] - click: Object: 'Object Repository/Page_Metafour User Login/button_Sign in' is clicked on

2018-09-25 19:17:07 - [MESSAGE][PASSED] - Object: 'Object Repository/Page_Metafour User Login/button_Sign in' is clicked on

2018-09-25 19:17:07 - [TEST_STEP][PASSED] - delay: Delayed 3 second(s)

2018-09-25 19:17:10 - [MESSAGE][PASSED] - Delayed 3 second(s)

2018-09-25 19:17:10 - [TEST_STEP][PASSED] - verifyElementNotPresent: Web element with id: 'Object Repository/Page_Metafour User Login/div_Sorry login failed' located by 'By.xpath: //div[@id='customerrormessagediv']' is not present after '30' second(s)

2018-09-25 19:17:10 - [MESSAGE][WARNING] - Timeout '0' is invalid. Using default page load timeout: '30'

2018-09-25 19:17:10 - [MESSAGE][PASSED] - Web element with id: 'Object Repository/Page_Metafour User Login/div_Sorry login failed' located by 'By.xpath: //div[@id='customerrormessagediv']' is not present after '30' second(s)

2018-09-25 19:17:10 - [TEST_STEP][PASSED] - closeBrowser: Browser is closed

2018-09-25 19:17:10 - [MESSAGE][PASSED] - Browser is closed]]></system-out>
         <system-err><![CDATA[]]></system-err>
      </testcase>
      <testcase name="Test Cases/nc_bo_login-test" classname="Test Cases/nc_bo_login-test" status="PASSED">
         <system-out><![CDATA[2018-09-25 19:17:10 - [TEST_CASE][PASSED] - Test Cases/nc_bo_login-test: Test Cases/nc_bo_login-test

2018-09-25 19:17:10 - [TEST_STEP][PASSED] - openBrowser: Browser is opened with url: 'https://canon.metafour.com/netcourier-data/'

2018-09-25 19:17:17 - [MESSAGE][PASSED] - Browser is opened with url: 'https://canon.metafour.com/netcourier-data/'

2018-09-25 19:17:17 - [TEST_STEP][PASSED] - navigateToUrl: Navigate to 'https://canon.metafour.com/netcourier-data/' successfully

2018-09-25 19:17:21 - [MESSAGE][PASSED] - Navigate to 'https://canon.metafour.com/netcourier-data/' successfully

2018-09-25 19:17:21 - [TEST_STEP][PASSED] - setText: Text 'can' is set on object 'Object Repository/Page_Metafour User Login/input_Login_access_code'

2018-09-25 19:17:24 - [MESSAGE][PASSED] - Text 'can' is set on object 'Object Repository/Page_Metafour User Login/input_Login_access_code'

2018-09-25 19:17:24 - [TEST_STEP][PASSED] - setText: Text 'admin' is set on object 'Object Repository/Page_Metafour User Login/input_Login_login'

2018-09-25 19:17:24 - [MESSAGE][PASSED] - Text 'admin' is set on object 'Object Repository/Page_Metafour User Login/input_Login_login'

2018-09-25 19:17:24 - [TEST_STEP][PASSED] - setText: Text 'qtcan525u' is set on object 'Object Repository/Page_Metafour User Login/input_Login_j_password'

2018-09-25 19:17:24 - [MESSAGE][PASSED] - Text 'qtcan525u' is set on object 'Object Repository/Page_Metafour User Login/input_Login_j_password'

2018-09-25 19:17:24 - [TEST_STEP][PASSED] - click: Object: 'Object Repository/Page_Metafour User Login/button_Sign in' is clicked on

2018-09-25 19:17:28 - [MESSAGE][PASSED] - Object: 'Object Repository/Page_Metafour User Login/button_Sign in' is clicked on

2018-09-25 19:17:28 - [TEST_STEP][PASSED] - delay: Delayed 3 second(s)

2018-09-25 19:17:31 - [MESSAGE][PASSED] - Delayed 3 second(s)

2018-09-25 19:17:31 - [TEST_STEP][PASSED] - verifyElementNotPresent: Web element with id: 'Object Repository/Page_Metafour User Login/div_Sorry login failed' located by 'By.xpath: //div[@id='customerrormessagediv']' is not present after '30' second(s)

2018-09-25 19:17:31 - [MESSAGE][WARNING] - Timeout '0' is invalid. Using default page load timeout: '30'

2018-09-25 19:17:31 - [MESSAGE][PASSED] - Web element with id: 'Object Repository/Page_Metafour User Login/div_Sorry login failed' located by 'By.xpath: //div[@id='customerrormessagediv']' is not present after '30' second(s)

2018-09-25 19:17:31 - [TEST_STEP][PASSED] - closeBrowser: Browser is closed

2018-09-25 19:17:31 - [MESSAGE][PASSED] - Browser is closed]]></system-out>
         <system-err><![CDATA[]]></system-err>
      </testcase>
      <testcase name="Test Cases/nc_bo_login-test" classname="Test Cases/nc_bo_login-test" status="FAILED">
         <failure type="FAILED" message="(Stack trace: com.kms.katalon.core.exception.StepFailedException: Unable to set text 'crs' of object 'Object Repository/Page_Metafour User Login/input_Login_access_code' (Root cause: com.kms.katalon.core.webui.exception.WebElementNotFoundException: Web element with id: 'Object Repository/Page_Metafour User Login/input_Login_access_code' located by 'By.xpath: //input[@id='access_code']' not found)
	at com.kms.katalon.core.keyword.internal.KeywordMain.stepFailed(KeywordMain.groovy:36)
	at com.kms.katalon.core.webui.keyword.internal.WebUIKeywordMain.stepFailed(WebUIKeywordMain.groovy:65)
	at com.kms.katalon.core.webui.keyword.internal.WebUIKeywordMain.runKeyword(WebUIKeywordMain.groovy:27)
	at com.kms.katalon.core.webui.keyword.builtin.SetTextKeyword.setText(SetTextKeyword.groovy:65)
	at com.kms.katalon.core.webui.keyword.builtin.SetTextKeyword.execute(SetTextKeyword.groovy:37)
	at com.kms.katalon.core.keyword.internal.KeywordExecutor.executeKeywordForPlatform(KeywordExecutor.groovy:53)
	at com.kms.katalon.core.webui.keyword.WebUiBuiltInKeywords.setText(WebUiBuiltInKeywords.groovy:950)
	at com.kms.katalon.core.webui.keyword.WebUiBuiltInKeywords$setText$1.call(Unknown Source)
	at Script1537185514861.run(Script1537185514861.groovy:21)
	at com.kms.katalon.core.main.ScriptEngine.run(ScriptEngine.java:183)
	at com.kms.katalon.core.main.ScriptEngine.runScriptAsRawText(ScriptEngine.java:108)
	at com.kms.katalon.core.main.TestCaseExecutor.runScript(TestCaseExecutor.java:294)
	at com.kms.katalon.core.main.TestCaseExecutor.doExecute(TestCaseExecutor.java:285)
	at com.kms.katalon.core.main.TestCaseExecutor.processExecutionPhase(TestCaseExecutor.java:264)
	at com.kms.katalon.core.main.TestCaseExecutor.accessMainPhase(TestCaseExecutor.java:256)
	at com.kms.katalon.core.main.TestCaseExecutor.execute(TestCaseExecutor.java:200)
	at com.kms.katalon.core.main.TestSuiteExecutor.accessTestCaseMainPhase(TestSuiteExecutor.java:129)
	at com.kms.katalon.core.main.TestSuiteExecutor.accessTestSuiteMainPhase(TestSuiteExecutor.java:112)
	at com.kms.katalon.core.main.TestSuiteExecutor.execute(TestSuiteExecutor.java:81)
	at com.kms.katalon.core.main.TestCaseMain.startTestSuite(TestCaseMain.java:142)
	at com.kms.katalon.core.main.TestCaseMain$startTestSuite$0.call(Unknown Source)
	at org.codehaus.groovy.runtime.callsite.CallSiteArray.defaultCall(CallSiteArray.java:48)
	at org.codehaus.groovy.runtime.callsite.AbstractCallSite.call(AbstractCallSite.java:113)
	at org.codehaus.groovy.runtime.callsite.AbstractCallSite.call(AbstractCallSite.java:141)
	at TempTestSuite1537878892048.run(TempTestSuite1537878892048.groovy:36)
	at groovy.lang.GroovyShell.runScriptOrMainOrTestOrRunnable(GroovyShell.java:263)
	at groovy.lang.GroovyShell.run(GroovyShell.java:518)
	at groovy.lang.GroovyShell.run(GroovyShell.java:507)
	at groovy.ui.GroovyMain.processOnce(GroovyMain.java:653)
	at groovy.ui.GroovyMain.run(GroovyMain.java:384)
	at groovy.ui.GroovyMain.process(GroovyMain.java:370)
	at groovy.ui.GroovyMain.processArgs(GroovyMain.java:129)
	at groovy.ui.GroovyMain.main(GroovyMain.java:109)
	at sun.reflect.NativeMethodAccessorImpl.invoke0(Native Method)
	at sun.reflect.NativeMethodAccessorImpl.invoke(NativeMethodAccessorImpl.java:62)
	at sun.reflect.DelegatingMethodAccessorImpl.invoke(DelegatingMethodAccessorImpl.java:43)
	at java.lang.reflect.Method.invoke(Method.java:498)
	at org.codehaus.groovy.tools.GroovyStarter.rootLoader(GroovyStarter.java:109)
	at org.codehaus.groovy.tools.GroovyStarter.main(GroovyStarter.java:131)
)"/>
         <system-out><![CDATA[2018-09-25 19:17:31 - [TEST_CASE][FAILED] - Test Cases/nc_bo_login-test: Test Cases/nc_bo_login-test FAILED because (of) (Stack trace: com.kms.katalon.core.exception.StepFailedException: Unable to set text 'crs' of object 'Object Repository/Page_Metafour User Login/input_Login_access_code' (Root cause: com.kms.katalon.core.webui.exception.WebElementNotFoundException: Web element with id: 'Object Repository/Page_Metafour User Login/input_Login_access_code' located by 'By.xpath: //input[@id='access_code']' not found)
	at com.kms.katalon.core.keyword.internal.KeywordMain.stepFailed(KeywordMain.groovy:36)
	at com.kms.katalon.core.webui.keyword.internal.WebUIKeywordMain.stepFailed(WebUIKeywordMain.groovy:65)
	at com.kms.katalon.core.webui.keyword.internal.WebUIKeywordMain.runKeyword(WebUIKeywordMain.groovy:27)
	at com.kms.katalon.core.webui.keyword.builtin.SetTextKeyword.setText(SetTextKeyword.groovy:65)
	at com.kms.katalon.core.webui.keyword.builtin.SetTextKeyword.execute(SetTextKeyword.groovy:37)
	at com.kms.katalon.core.keyword.internal.KeywordExecutor.executeKeywordForPlatform(KeywordExecutor.groovy:53)
	at com.kms.katalon.core.webui.keyword.WebUiBuiltInKeywords.setText(WebUiBuiltInKeywords.groovy:950)
	at com.kms.katalon.core.webui.keyword.WebUiBuiltInKeywords$setText$1.call(Unknown Source)
	at Script1537185514861.run(Script1537185514861.groovy:21)
	at com.kms.katalon.core.main.ScriptEngine.run(ScriptEngine.java:183)
	at com.kms.katalon.core.main.ScriptEngine.runScriptAsRawText(ScriptEngine.java:108)
	at com.kms.katalon.core.main.TestCaseExecutor.runScript(TestCaseExecutor.java:294)
	at com.kms.katalon.core.main.TestCaseExecutor.doExecute(TestCaseExecutor.java:285)
	at com.kms.katalon.core.main.TestCaseExecutor.processExecutionPhase(TestCaseExecutor.java:264)
	at com.kms.katalon.core.main.TestCaseExecutor.accessMainPhase(TestCaseExecutor.java:256)
	at com.kms.katalon.core.main.TestCaseExecutor.execute(TestCaseExecutor.java:200)
	at com.kms.katalon.core.main.TestSuiteExecutor.accessTestCaseMainPhase(TestSuiteExecutor.java:129)
	at com.kms.katalon.core.main.TestSuiteExecutor.accessTestSuiteMainPhase(TestSuiteExecutor.java:112)
	at com.kms.katalon.core.main.TestSuiteExecutor.execute(TestSuiteExecutor.java:81)
	at com.kms.katalon.core.main.TestCaseMain.startTestSuite(TestCaseMain.java:142)
	at com.kms.katalon.core.main.TestCaseMain$startTestSuite$0.call(Unknown Source)
	at org.codehaus.groovy.runtime.callsite.CallSiteArray.defaultCall(CallSiteArray.java:48)
	at org.codehaus.groovy.runtime.callsite.AbstractCallSite.call(AbstractCallSite.java:113)
	at org.codehaus.groovy.runtime.callsite.AbstractCallSite.call(AbstractCallSite.java:141)
	at TempTestSuite1537878892048.run(TempTestSuite1537878892048.groovy:36)
	at groovy.lang.GroovyShell.runScriptOrMainOrTestOrRunnable(GroovyShell.java:263)
	at groovy.lang.GroovyShell.run(GroovyShell.java:518)
	at groovy.lang.GroovyShell.run(GroovyShell.java:507)
	at groovy.ui.GroovyMain.processOnce(GroovyMain.java:653)
	at groovy.ui.GroovyMain.run(GroovyMain.java:384)
	at groovy.ui.GroovyMain.process(GroovyMain.java:370)
	at groovy.ui.GroovyMain.processArgs(GroovyMain.java:129)
	at groovy.ui.GroovyMain.main(GroovyMain.java:109)
	at sun.reflect.NativeMethodAccessorImpl.invoke0(Native Method)
	at sun.reflect.NativeMethodAccessorImpl.invoke(NativeMethodAccessorImpl.java:62)
	at sun.reflect.DelegatingMethodAccessorImpl.invoke(DelegatingMethodAccessorImpl.java:43)
	at java.lang.reflect.Method.invoke(Method.java:498)
	at org.codehaus.groovy.tools.GroovyStarter.rootLoader(GroovyStarter.java:109)
	at org.codehaus.groovy.tools.GroovyStarter.main(GroovyStarter.java:131)
)

2018-09-25 19:17:32 - [TEST_STEP][PASSED] - openBrowser: Browser is opened with url: 'https://creditsuisse.metafour.com/netcourier-data/main'

2018-09-25 19:17:39 - [MESSAGE][PASSED] - Browser is opened with url: 'https://creditsuisse.metafour.com/netcourier-data/main'

2018-09-25 19:17:39 - [TEST_STEP][PASSED] - navigateToUrl: Navigate to 'https://creditsuisse.metafour.com/netcourier-data/main' successfully

2018-09-25 19:17:42 - [MESSAGE][PASSED] - Navigate to 'https://creditsuisse.metafour.com/netcourier-data/main' successfully

2018-09-25 19:17:42 - [TEST_STEP][FAILED] - setText: Unable to set text 'crs' of object 'Object Repository/Page_Metafour User Login/input_Login_access_code' (Root cause: com.kms.katalon.core.webui.exception.WebElementNotFoundException: Web element with id: 'Object Repository/Page_Metafour User Login/input_Login_access_code' located by 'By.xpath: //input[@id='access_code']' not found)

2018-09-25 19:18:13 - [MESSAGE][FAILED] - Unable to set text 'crs' of object 'Object Repository/Page_Metafour User Login/input_Login_access_code' (Root cause: com.kms.katalon.core.webui.exception.WebElementNotFoundException: Web element with id: 'Object Repository/Page_Metafour User Login/input_Login_access_code' located by 'By.xpath: //input[@id='access_code']' not found)
[[ATTACHMENT|C:\\Users\\mazha\\Katalon Studio\\m4-monitoring\\Reports\\nc-cp-bo-login-test-suit\\20180925_183452\\1537881493355.png]]]]></system-out>
         <system-err><![CDATA[2018-09-25 19:17:31 - [TEST_CASE][FAILED] - Test Cases/nc_bo_login-test: Test Cases/nc_bo_login-test FAILED because (of) (Stack trace: com.kms.katalon.core.exception.StepFailedException: Unable to set text 'crs' of object 'Object Repository/Page_Metafour User Login/input_Login_access_code' (Root cause: com.kms.katalon.core.webui.exception.WebElementNotFoundException: Web element with id: 'Object Repository/Page_Metafour User Login/input_Login_access_code' located by 'By.xpath: //input[@id='access_code']' not found)
	at com.kms.katalon.core.keyword.internal.KeywordMain.stepFailed(KeywordMain.groovy:36)
	at com.kms.katalon.core.webui.keyword.internal.WebUIKeywordMain.stepFailed(WebUIKeywordMain.groovy:65)
	at com.kms.katalon.core.webui.keyword.internal.WebUIKeywordMain.runKeyword(WebUIKeywordMain.groovy:27)
	at com.kms.katalon.core.webui.keyword.builtin.SetTextKeyword.setText(SetTextKeyword.groovy:65)
	at com.kms.katalon.core.webui.keyword.builtin.SetTextKeyword.execute(SetTextKeyword.groovy:37)
	at com.kms.katalon.core.keyword.internal.KeywordExecutor.executeKeywordForPlatform(KeywordExecutor.groovy:53)
	at com.kms.katalon.core.webui.keyword.WebUiBuiltInKeywords.setText(WebUiBuiltInKeywords.groovy:950)
	at com.kms.katalon.core.webui.keyword.WebUiBuiltInKeywords$setText$1.call(Unknown Source)
	at Script1537185514861.run(Script1537185514861.groovy:21)
	at com.kms.katalon.core.main.ScriptEngine.run(ScriptEngine.java:183)
	at com.kms.katalon.core.main.ScriptEngine.runScriptAsRawText(ScriptEngine.java:108)
	at com.kms.katalon.core.main.TestCaseExecutor.runScript(TestCaseExecutor.java:294)
	at com.kms.katalon.core.main.TestCaseExecutor.doExecute(TestCaseExecutor.java:285)
	at com.kms.katalon.core.main.TestCaseExecutor.processExecutionPhase(TestCaseExecutor.java:264)
	at com.kms.katalon.core.main.TestCaseExecutor.accessMainPhase(TestCaseExecutor.java:256)
	at com.kms.katalon.core.main.TestCaseExecutor.execute(TestCaseExecutor.java:200)
	at com.kms.katalon.core.main.TestSuiteExecutor.accessTestCaseMainPhase(TestSuiteExecutor.java:129)
	at com.kms.katalon.core.main.TestSuiteExecutor.accessTestSuiteMainPhase(TestSuiteExecutor.java:112)
	at com.kms.katalon.core.main.TestSuiteExecutor.execute(TestSuiteExecutor.java:81)
	at com.kms.katalon.core.main.TestCaseMain.startTestSuite(TestCaseMain.java:142)
	at com.kms.katalon.core.main.TestCaseMain$startTestSuite$0.call(Unknown Source)
	at org.codehaus.groovy.runtime.callsite.CallSiteArray.defaultCall(CallSiteArray.java:48)
	at org.codehaus.groovy.runtime.callsite.AbstractCallSite.call(AbstractCallSite.java:113)
	at org.codehaus.groovy.runtime.callsite.AbstractCallSite.call(AbstractCallSite.java:141)
	at TempTestSuite1537878892048.run(TempTestSuite1537878892048.groovy:36)
	at groovy.lang.GroovyShell.runScriptOrMainOrTestOrRunnable(GroovyShell.java:263)
	at groovy.lang.GroovyShell.run(GroovyShell.java:518)
	at groovy.lang.GroovyShell.run(GroovyShell.java:507)
	at groovy.ui.GroovyMain.processOnce(GroovyMain.java:653)
	at groovy.ui.GroovyMain.run(GroovyMain.java:384)
	at groovy.ui.GroovyMain.process(GroovyMain.java:370)
	at groovy.ui.GroovyMain.processArgs(GroovyMain.java:129)
	at groovy.ui.GroovyMain.main(GroovyMain.java:109)
	at sun.reflect.NativeMethodAccessorImpl.invoke0(Native Method)
	at sun.reflect.NativeMethodAccessorImpl.invoke(NativeMethodAccessorImpl.java:62)
	at sun.reflect.DelegatingMethodAccessorImpl.invoke(DelegatingMethodAccessorImpl.java:43)
	at java.lang.reflect.Method.invoke(Method.java:498)
	at org.codehaus.groovy.tools.GroovyStarter.rootLoader(GroovyStarter.java:109)
	at org.codehaus.groovy.tools.GroovyStarter.main(GroovyStarter.java:131)
)]]></system-err>
      </testcase>
      <testcase name="Test Cases/nc_bo_login-test" classname="Test Cases/nc_bo_login-test" status="PASSED">
         <system-out><![CDATA[2018-09-25 19:18:13 - [TEST_CASE][PASSED] - Test Cases/nc_bo_login-test: Test Cases/nc_bo_login-test

2018-09-25 19:18:13 - [TEST_STEP][PASSED] - openBrowser: Browser is opened with url: 'https://emirates.metafour.com/netcourier-data/'

2018-09-25 19:18:13 - [MESSAGE][WARNING] - A browser is already opened. Closing browser and opening a new one

2018-09-25 19:18:26 - [MESSAGE][PASSED] - Browser is opened with url: 'https://emirates.metafour.com/netcourier-data/'

2018-09-25 19:18:26 - [TEST_STEP][PASSED] - navigateToUrl: Navigate to 'https://emirates.metafour.com/netcourier-data/' successfully

2018-09-25 19:18:31 - [MESSAGE][PASSED] - Navigate to 'https://emirates.metafour.com/netcourier-data/' successfully

2018-09-25 19:18:31 - [TEST_STEP][PASSED] - setText: Text 'emr' is set on object 'Object Repository/Page_Metafour User Login/input_Login_access_code'

2018-09-25 19:18:34 - [MESSAGE][PASSED] - Text 'emr' is set on object 'Object Repository/Page_Metafour User Login/input_Login_access_code'

2018-09-25 19:18:34 - [TEST_STEP][PASSED] - setText: Text 'admin' is set on object 'Object Repository/Page_Metafour User Login/input_Login_login'

2018-09-25 19:18:34 - [MESSAGE][PASSED] - Text 'admin' is set on object 'Object Repository/Page_Metafour User Login/input_Login_login'

2018-09-25 19:18:34 - [TEST_STEP][PASSED] - setText: Text 'qtemr125u' is set on object 'Object Repository/Page_Metafour User Login/input_Login_j_password'

2018-09-25 19:18:34 - [MESSAGE][PASSED] - Text 'qtemr125u' is set on object 'Object Repository/Page_Metafour User Login/input_Login_j_password'

2018-09-25 19:18:34 - [TEST_STEP][PASSED] - click: Object: 'Object Repository/Page_Metafour User Login/button_Sign in' is clicked on

2018-09-25 19:18:42 - [MESSAGE][PASSED] - Object: 'Object Repository/Page_Metafour User Login/button_Sign in' is clicked on

2018-09-25 19:18:42 - [TEST_STEP][PASSED] - delay: Delayed 3 second(s)

2018-09-25 19:18:45 - [MESSAGE][PASSED] - Delayed 3 second(s)

2018-09-25 19:18:45 - [TEST_STEP][PASSED] - verifyElementNotPresent: Web element with id: 'Object Repository/Page_Metafour User Login/div_Sorry login failed' located by 'By.xpath: //div[@id='customerrormessagediv']' is not present after '30' second(s)

2018-09-25 19:18:45 - [MESSAGE][WARNING] - Timeout '0' is invalid. Using default page load timeout: '30'

2018-09-25 19:18:45 - [MESSAGE][PASSED] - Web element with id: 'Object Repository/Page_Metafour User Login/div_Sorry login failed' located by 'By.xpath: //div[@id='customerrormessagediv']' is not present after '30' second(s)

2018-09-25 19:18:45 - [TEST_STEP][PASSED] - closeBrowser: Browser is closed

2018-09-25 19:18:46 - [MESSAGE][PASSED] - Browser is closed]]></system-out>
         <system-err><![CDATA[]]></system-err>
      </testcase>
      <testcase name="Test Cases/nc_bo_login-test" classname="Test Cases/nc_bo_login-test" status="PASSED">
         <system-out><![CDATA[2018-09-25 19:18:46 - [TEST_CASE][PASSED] - Test Cases/nc_bo_login-test: Test Cases/nc_bo_login-test

2018-09-25 19:18:46 - [TEST_STEP][PASSED] - openBrowser: Browser is opened with url: 'https://hsbc.metafour.com/netcourier-data/'

2018-09-25 19:18:52 - [MESSAGE][PASSED] - Browser is opened with url: 'https://hsbc.metafour.com/netcourier-data/'

2018-09-25 19:18:52 - [TEST_STEP][PASSED] - navigateToUrl: Navigate to 'https://hsbc.metafour.com/netcourier-data/' successfully

2018-09-25 19:18:58 - [MESSAGE][PASSED] - Navigate to 'https://hsbc.metafour.com/netcourier-data/' successfully

2018-09-25 19:18:58 - [TEST_STEP][PASSED] - setText: Text 'hsb' is set on object 'Object Repository/Page_Metafour User Login/input_Login_access_code'

2018-09-25 19:19:01 - [MESSAGE][PASSED] - Text 'hsb' is set on object 'Object Repository/Page_Metafour User Login/input_Login_access_code'

2018-09-25 19:19:01 - [TEST_STEP][PASSED] - setText: Text 'admin' is set on object 'Object Repository/Page_Metafour User Login/input_Login_login'

2018-09-25 19:19:01 - [MESSAGE][PASSED] - Text 'admin' is set on object 'Object Repository/Page_Metafour User Login/input_Login_login'

2018-09-25 19:19:01 - [TEST_STEP][PASSED] - setText: Text 'qthsb472u' is set on object 'Object Repository/Page_Metafour User Login/input_Login_j_password'

2018-09-25 19:19:01 - [MESSAGE][PASSED] - Text 'qthsb472u' is set on object 'Object Repository/Page_Metafour User Login/input_Login_j_password'

2018-09-25 19:19:01 - [TEST_STEP][PASSED] - click: Object: 'Object Repository/Page_Metafour User Login/button_Sign in' is clicked on

2018-09-25 19:19:07 - [MESSAGE][PASSED] - Object: 'Object Repository/Page_Metafour User Login/button_Sign in' is clicked on

2018-09-25 19:19:07 - [TEST_STEP][PASSED] - delay: Delayed 3 second(s)

2018-09-25 19:19:10 - [MESSAGE][PASSED] - Delayed 3 second(s)

2018-09-25 19:19:10 - [TEST_STEP][PASSED] - verifyElementNotPresent: Web element with id: 'Object Repository/Page_Metafour User Login/div_Sorry login failed' located by 'By.xpath: //div[@id='customerrormessagediv']' is not present after '30' second(s)

2018-09-25 19:19:10 - [MESSAGE][WARNING] - Timeout '0' is invalid. Using default page load timeout: '30'

2018-09-25 19:19:10 - [MESSAGE][PASSED] - Web element with id: 'Object Repository/Page_Metafour User Login/div_Sorry login failed' located by 'By.xpath: //div[@id='customerrormessagediv']' is not present after '30' second(s)

2018-09-25 19:19:10 - [TEST_STEP][PASSED] - closeBrowser: Browser is closed

2018-09-25 19:19:11 - [MESSAGE][PASSED] - Browser is closed]]></system-out>
         <system-err><![CDATA[]]></system-err>
      </testcase>
      <testcase name="Test Cases/nc_bo_login-test" classname="Test Cases/nc_bo_login-test" status="PASSED">
         <system-out><![CDATA[2018-09-25 19:19:11 - [TEST_CASE][PASSED] - Test Cases/nc_bo_login-test: Test Cases/nc_bo_login-test

2018-09-25 19:19:11 - [TEST_STEP][PASSED] - openBrowser: Browser is opened with url: 'https://jdsports.metafour.com/netcourier-data/'

2018-09-25 19:19:18 - [MESSAGE][PASSED] - Browser is opened with url: 'https://jdsports.metafour.com/netcourier-data/'

2018-09-25 19:19:18 - [TEST_STEP][PASSED] - navigateToUrl: Navigate to 'https://jdsports.metafour.com/netcourier-data/' successfully

2018-09-25 19:19:21 - [MESSAGE][PASSED] - Navigate to 'https://jdsports.metafour.com/netcourier-data/' successfully

2018-09-25 19:19:21 - [TEST_STEP][PASSED] - setText: Text 'jds' is set on object 'Object Repository/Page_Metafour User Login/input_Login_access_code'

2018-09-25 19:19:25 - [MESSAGE][PASSED] - Text 'jds' is set on object 'Object Repository/Page_Metafour User Login/input_Login_access_code'

2018-09-25 19:19:25 - [TEST_STEP][PASSED] - setText: Text 'admin' is set on object 'Object Repository/Page_Metafour User Login/input_Login_login'

2018-09-25 19:19:25 - [MESSAGE][PASSED] - Text 'admin' is set on object 'Object Repository/Page_Metafour User Login/input_Login_login'

2018-09-25 19:19:25 - [TEST_STEP][PASSED] - setText: Text 'qtjds865u' is set on object 'Object Repository/Page_Metafour User Login/input_Login_j_password'

2018-09-25 19:19:25 - [MESSAGE][PASSED] - Text 'qtjds865u' is set on object 'Object Repository/Page_Metafour User Login/input_Login_j_password'

2018-09-25 19:19:25 - [TEST_STEP][PASSED] - click: Object: 'Object Repository/Page_Metafour User Login/button_Sign in' is clicked on

2018-09-25 19:19:29 - [MESSAGE][PASSED] - Object: 'Object Repository/Page_Metafour User Login/button_Sign in' is clicked on

2018-09-25 19:19:29 - [TEST_STEP][PASSED] - delay: Delayed 3 second(s)

2018-09-25 19:19:32 - [MESSAGE][PASSED] - Delayed 3 second(s)

2018-09-25 19:19:32 - [TEST_STEP][PASSED] - verifyElementNotPresent: Web element with id: 'Object Repository/Page_Metafour User Login/div_Sorry login failed' located by 'By.xpath: //div[@id='customerrormessagediv']' is not present after '30' second(s)

2018-09-25 19:19:32 - [MESSAGE][WARNING] - Timeout '0' is invalid. Using default page load timeout: '30'

2018-09-25 19:19:32 - [MESSAGE][PASSED] - Web element with id: 'Object Repository/Page_Metafour User Login/div_Sorry login failed' located by 'By.xpath: //div[@id='customerrormessagediv']' is not present after '30' second(s)

2018-09-25 19:19:32 - [TEST_STEP][PASSED] - closeBrowser: Browser is closed

2018-09-25 19:19:33 - [MESSAGE][PASSED] - Browser is closed]]></system-out>
         <system-err><![CDATA[]]></system-err>
      </testcase>
      <testcase name="Test Cases/nc_bo_login-test" classname="Test Cases/nc_bo_login-test" status="PASSED">
         <system-out><![CDATA[2018-09-25 19:19:33 - [TEST_CASE][PASSED] - Test Cases/nc_bo_login-test: Test Cases/nc_bo_login-test

2018-09-25 19:19:33 - [TEST_STEP][PASSED] - openBrowser: Browser is opened with url: 'https://kwm.metafour.com/netcourier-data/'

2018-09-25 19:19:39 - [MESSAGE][PASSED] - Browser is opened with url: 'https://kwm.metafour.com/netcourier-data/'

2018-09-25 19:19:39 - [TEST_STEP][PASSED] - navigateToUrl: Navigate to 'https://kwm.metafour.com/netcourier-data/' successfully

2018-09-25 19:19:43 - [MESSAGE][PASSED] - Navigate to 'https://kwm.metafour.com/netcourier-data/' successfully

2018-09-25 19:19:43 - [TEST_STEP][PASSED] - setText: Text 'kwm' is set on object 'Object Repository/Page_Metafour User Login/input_Login_access_code'

2018-09-25 19:19:47 - [MESSAGE][PASSED] - Text 'kwm' is set on object 'Object Repository/Page_Metafour User Login/input_Login_access_code'

2018-09-25 19:19:47 - [TEST_STEP][PASSED] - setText: Text 'admin' is set on object 'Object Repository/Page_Metafour User Login/input_Login_login'

2018-09-25 19:19:47 - [MESSAGE][PASSED] - Text 'admin' is set on object 'Object Repository/Page_Metafour User Login/input_Login_login'

2018-09-25 19:19:47 - [TEST_STEP][PASSED] - setText: Text 'qtkwm737u' is set on object 'Object Repository/Page_Metafour User Login/input_Login_j_password'

2018-09-25 19:19:47 - [MESSAGE][PASSED] - Text 'qtkwm737u' is set on object 'Object Repository/Page_Metafour User Login/input_Login_j_password'

2018-09-25 19:19:47 - [TEST_STEP][PASSED] - click: Object: 'Object Repository/Page_Metafour User Login/button_Sign in' is clicked on

2018-09-25 19:19:54 - [MESSAGE][PASSED] - Object: 'Object Repository/Page_Metafour User Login/button_Sign in' is clicked on

2018-09-25 19:19:54 - [TEST_STEP][PASSED] - delay: Delayed 3 second(s)

2018-09-25 19:19:57 - [MESSAGE][PASSED] - Delayed 3 second(s)

2018-09-25 19:19:57 - [TEST_STEP][PASSED] - verifyElementNotPresent: Web element with id: 'Object Repository/Page_Metafour User Login/div_Sorry login failed' located by 'By.xpath: //div[@id='customerrormessagediv']' is not present after '30' second(s)

2018-09-25 19:19:57 - [MESSAGE][WARNING] - Timeout '0' is invalid. Using default page load timeout: '30'

2018-09-25 19:19:58 - [MESSAGE][PASSED] - Web element with id: 'Object Repository/Page_Metafour User Login/div_Sorry login failed' located by 'By.xpath: //div[@id='customerrormessagediv']' is not present after '30' second(s)

2018-09-25 19:19:58 - [TEST_STEP][PASSED] - closeBrowser: Browser is closed

2018-09-25 19:19:58 - [MESSAGE][PASSED] - Browser is closed]]></system-out>
         <system-err><![CDATA[]]></system-err>
      </testcase>
      <testcase name="Test Cases/nc_bo_login-test" classname="Test Cases/nc_bo_login-test" status="PASSED">
         <system-out><![CDATA[2018-09-25 19:19:58 - [TEST_CASE][PASSED] - Test Cases/nc_bo_login-test: Test Cases/nc_bo_login-test

2018-09-25 19:19:58 - [TEST_STEP][PASSED] - openBrowser: Browser is opened with url: 'https://nbcu.metafour.com/netcourier-data/'

2018-09-25 19:20:05 - [MESSAGE][PASSED] - Browser is opened with url: 'https://nbcu.metafour.com/netcourier-data/'

2018-09-25 19:20:05 - [TEST_STEP][PASSED] - navigateToUrl: Navigate to 'https://nbcu.metafour.com/netcourier-data/' successfully

2018-09-25 19:20:09 - [MESSAGE][PASSED] - Navigate to 'https://nbcu.metafour.com/netcourier-data/' successfully

2018-09-25 19:20:09 - [TEST_STEP][PASSED] - setText: Text 'nbc' is set on object 'Object Repository/Page_Metafour User Login/input_Login_access_code'

2018-09-25 19:20:12 - [MESSAGE][PASSED] - Text 'nbc' is set on object 'Object Repository/Page_Metafour User Login/input_Login_access_code'

2018-09-25 19:20:12 - [TEST_STEP][PASSED] - setText: Text 'admin' is set on object 'Object Repository/Page_Metafour User Login/input_Login_login'

2018-09-25 19:20:12 - [MESSAGE][PASSED] - Text 'admin' is set on object 'Object Repository/Page_Metafour User Login/input_Login_login'

2018-09-25 19:20:12 - [TEST_STEP][PASSED] - setText: Text 'qtnbc725u' is set on object 'Object Repository/Page_Metafour User Login/input_Login_j_password'

2018-09-25 19:20:12 - [MESSAGE][PASSED] - Text 'qtnbc725u' is set on object 'Object Repository/Page_Metafour User Login/input_Login_j_password'

2018-09-25 19:20:12 - [TEST_STEP][PASSED] - click: Object: 'Object Repository/Page_Metafour User Login/button_Sign in' is clicked on

2018-09-25 19:20:17 - [MESSAGE][PASSED] - Object: 'Object Repository/Page_Metafour User Login/button_Sign in' is clicked on

2018-09-25 19:20:17 - [TEST_STEP][PASSED] - delay: Delayed 3 second(s)

2018-09-25 19:20:20 - [MESSAGE][PASSED] - Delayed 3 second(s)

2018-09-25 19:20:20 - [TEST_STEP][PASSED] - verifyElementNotPresent: Web element with id: 'Object Repository/Page_Metafour User Login/div_Sorry login failed' located by 'By.xpath: //div[@id='customerrormessagediv']' is not present after '30' second(s)

2018-09-25 19:20:20 - [MESSAGE][WARNING] - Timeout '0' is invalid. Using default page load timeout: '30'

2018-09-25 19:20:20 - [MESSAGE][PASSED] - Web element with id: 'Object Repository/Page_Metafour User Login/div_Sorry login failed' located by 'By.xpath: //div[@id='customerrormessagediv']' is not present after '30' second(s)

2018-09-25 19:20:20 - [TEST_STEP][PASSED] - closeBrowser: Browser is closed

2018-09-25 19:20:20 - [MESSAGE][PASSED] - Browser is closed]]></system-out>
         <system-err><![CDATA[]]></system-err>
      </testcase>
      <testcase name="Test Cases/nc_bo_login-test" classname="Test Cases/nc_bo_login-test" status="PASSED">
         <system-out><![CDATA[2018-09-25 19:20:20 - [TEST_CASE][PASSED] - Test Cases/nc_bo_login-test: Test Cases/nc_bo_login-test

2018-09-25 19:20:20 - [TEST_STEP][PASSED] - openBrowser: Browser is opened with url: 'https://newsint.metafour.com/netcourier-data/'

2018-09-25 19:20:27 - [MESSAGE][PASSED] - Browser is opened with url: 'https://newsint.metafour.com/netcourier-data/'

2018-09-25 19:20:27 - [TEST_STEP][PASSED] - navigateToUrl: Navigate to 'https://newsint.metafour.com/netcourier-data/' successfully

2018-09-25 19:20:31 - [MESSAGE][PASSED] - Navigate to 'https://newsint.metafour.com/netcourier-data/' successfully

2018-09-25 19:20:31 - [TEST_STEP][PASSED] - setText: Text 'nin' is set on object 'Object Repository/Page_Metafour User Login/input_Login_access_code'

2018-09-25 19:20:35 - [MESSAGE][PASSED] - Text 'nin' is set on object 'Object Repository/Page_Metafour User Login/input_Login_access_code'

2018-09-25 19:20:35 - [TEST_STEP][PASSED] - setText: Text 'admin' is set on object 'Object Repository/Page_Metafour User Login/input_Login_login'

2018-09-25 19:20:35 - [MESSAGE][PASSED] - Text 'admin' is set on object 'Object Repository/Page_Metafour User Login/input_Login_login'

2018-09-25 19:20:35 - [TEST_STEP][PASSED] - setText: Text 'qtnin588u' is set on object 'Object Repository/Page_Metafour User Login/input_Login_j_password'

2018-09-25 19:20:35 - [MESSAGE][PASSED] - Text 'qtnin588u' is set on object 'Object Repository/Page_Metafour User Login/input_Login_j_password'

2018-09-25 19:20:35 - [TEST_STEP][PASSED] - click: Object: 'Object Repository/Page_Metafour User Login/button_Sign in' is clicked on

2018-09-25 19:20:40 - [MESSAGE][PASSED] - Object: 'Object Repository/Page_Metafour User Login/button_Sign in' is clicked on

2018-09-25 19:20:40 - [TEST_STEP][PASSED] - delay: Delayed 3 second(s)

2018-09-25 19:20:43 - [MESSAGE][PASSED] - Delayed 3 second(s)

2018-09-25 19:20:43 - [TEST_STEP][PASSED] - verifyElementNotPresent: Web element with id: 'Object Repository/Page_Metafour User Login/div_Sorry login failed' located by 'By.xpath: //div[@id='customerrormessagediv']' is not present after '30' second(s)

2018-09-25 19:20:43 - [MESSAGE][WARNING] - Timeout '0' is invalid. Using default page load timeout: '30'

2018-09-25 19:20:43 - [MESSAGE][PASSED] - Web element with id: 'Object Repository/Page_Metafour User Login/div_Sorry login failed' located by 'By.xpath: //div[@id='customerrormessagediv']' is not present after '30' second(s)

2018-09-25 19:20:43 - [TEST_STEP][PASSED] - closeBrowser: Browser is closed

2018-09-25 19:20:43 - [MESSAGE][PASSED] - Browser is closed]]></system-out>
         <system-err><![CDATA[]]></system-err>
      </testcase>
      <testcase name="Test Cases/nc_bo_login-test" classname="Test Cases/nc_bo_login-test" status="PASSED">
         <system-out><![CDATA[2018-09-25 19:20:43 - [TEST_CASE][PASSED] - Test Cases/nc_bo_login-test: Test Cases/nc_bo_login-test

2018-09-25 19:20:43 - [TEST_STEP][PASSED] - openBrowser: Browser is opened with url: 'https://png.metafour.com/netcourier-data/'

2018-09-25 19:20:50 - [MESSAGE][PASSED] - Browser is opened with url: 'https://png.metafour.com/netcourier-data/'

2018-09-25 19:20:50 - [TEST_STEP][PASSED] - navigateToUrl: Navigate to 'https://png.metafour.com/netcourier-data/' successfully

2018-09-25 19:20:54 - [MESSAGE][PASSED] - Navigate to 'https://png.metafour.com/netcourier-data/' successfully

2018-09-25 19:20:54 - [TEST_STEP][PASSED] - setText: Text 'png' is set on object 'Object Repository/Page_Metafour User Login/input_Login_access_code'

2018-09-25 19:20:58 - [MESSAGE][PASSED] - Text 'png' is set on object 'Object Repository/Page_Metafour User Login/input_Login_access_code'

2018-09-25 19:20:58 - [TEST_STEP][PASSED] - setText: Text 'admin' is set on object 'Object Repository/Page_Metafour User Login/input_Login_login'

2018-09-25 19:20:58 - [MESSAGE][PASSED] - Text 'admin' is set on object 'Object Repository/Page_Metafour User Login/input_Login_login'

2018-09-25 19:20:58 - [TEST_STEP][PASSED] - setText: Text 'qtpng178u' is set on object 'Object Repository/Page_Metafour User Login/input_Login_j_password'

2018-09-25 19:20:58 - [MESSAGE][PASSED] - Text 'qtpng178u' is set on object 'Object Repository/Page_Metafour User Login/input_Login_j_password'

2018-09-25 19:20:58 - [TEST_STEP][PASSED] - click: Object: 'Object Repository/Page_Metafour User Login/button_Sign in' is clicked on

2018-09-25 19:21:02 - [MESSAGE][PASSED] - Object: 'Object Repository/Page_Metafour User Login/button_Sign in' is clicked on

2018-09-25 19:21:02 - [TEST_STEP][PASSED] - delay: Delayed 3 second(s)

2018-09-25 19:21:05 - [MESSAGE][PASSED] - Delayed 3 second(s)

2018-09-25 19:21:05 - [TEST_STEP][PASSED] - verifyElementNotPresent: Web element with id: 'Object Repository/Page_Metafour User Login/div_Sorry login failed' located by 'By.xpath: //div[@id='customerrormessagediv']' is not present after '30' second(s)

2018-09-25 19:21:05 - [MESSAGE][WARNING] - Timeout '0' is invalid. Using default page load timeout: '30'

2018-09-25 19:21:05 - [MESSAGE][PASSED] - Web element with id: 'Object Repository/Page_Metafour User Login/div_Sorry login failed' located by 'By.xpath: //div[@id='customerrormessagediv']' is not present after '30' second(s)

2018-09-25 19:21:05 - [TEST_STEP][PASSED] - closeBrowser: Browser is closed

2018-09-25 19:21:06 - [MESSAGE][PASSED] - Browser is closed]]></system-out>
         <system-err><![CDATA[]]></system-err>
      </testcase>
      <testcase name="Test Cases/nc_bo_login-test" classname="Test Cases/nc_bo_login-test" status="FAILED">
         <failure type="FAILED" message="(Stack trace: com.kms.katalon.core.exception.StepFailedException: Unable to verify object 'Object Repository/Page_Metafour User Login/div_Sorry login failed' is not present (Root cause: Web element with id: 'Object Repository/Page_Metafour User Login/div_Sorry login failed' located by 'By.xpath: //div[@id='customerrormessagediv']' is present after '30' second(s))
	at com.kms.katalon.core.keyword.internal.KeywordMain.stepFailed(KeywordMain.groovy:36)
	at com.kms.katalon.core.webui.keyword.internal.WebUIKeywordMain.stepFailed(WebUIKeywordMain.groovy:65)
	at com.kms.katalon.core.webui.keyword.internal.WebUIKeywordMain.runKeyword(WebUIKeywordMain.groovy:27)
	at com.kms.katalon.core.webui.keyword.builtin.VerifyElementNotPresentKeyword.verifyElementNotPresent(VerifyElementNotPresentKeyword.groovy:118)
	at com.kms.katalon.core.webui.keyword.builtin.VerifyElementNotPresentKeyword.execute(VerifyElementNotPresentKeyword.groovy:68)
	at com.kms.katalon.core.keyword.internal.KeywordExecutor.executeKeywordForPlatform(KeywordExecutor.groovy:53)
	at com.kms.katalon.core.webui.keyword.WebUiBuiltInKeywords.verifyElementNotPresent(WebUiBuiltInKeywords.groovy:1467)
	at com.kms.katalon.core.webui.keyword.WebUiBuiltInKeywords$verifyElementNotPresent$3.call(Unknown Source)
	at Script1537185514861.run(Script1537185514861.groovy:31)
	at com.kms.katalon.core.main.ScriptEngine.run(ScriptEngine.java:183)
	at com.kms.katalon.core.main.ScriptEngine.runScriptAsRawText(ScriptEngine.java:108)
	at com.kms.katalon.core.main.TestCaseExecutor.runScript(TestCaseExecutor.java:294)
	at com.kms.katalon.core.main.TestCaseExecutor.doExecute(TestCaseExecutor.java:285)
	at com.kms.katalon.core.main.TestCaseExecutor.processExecutionPhase(TestCaseExecutor.java:264)
	at com.kms.katalon.core.main.TestCaseExecutor.accessMainPhase(TestCaseExecutor.java:256)
	at com.kms.katalon.core.main.TestCaseExecutor.execute(TestCaseExecutor.java:200)
	at com.kms.katalon.core.main.TestSuiteExecutor.accessTestCaseMainPhase(TestSuiteExecutor.java:129)
	at com.kms.katalon.core.main.TestSuiteExecutor.accessTestSuiteMainPhase(TestSuiteExecutor.java:112)
	at com.kms.katalon.core.main.TestSuiteExecutor.execute(TestSuiteExecutor.java:81)
	at com.kms.katalon.core.main.TestCaseMain.startTestSuite(TestCaseMain.java:142)
	at com.kms.katalon.core.main.TestCaseMain$startTestSuite$0.call(Unknown Source)
	at org.codehaus.groovy.runtime.callsite.CallSiteArray.defaultCall(CallSiteArray.java:48)
	at org.codehaus.groovy.runtime.callsite.AbstractCallSite.call(AbstractCallSite.java:113)
	at org.codehaus.groovy.runtime.callsite.AbstractCallSite.call(AbstractCallSite.java:141)
	at TempTestSuite1537878892048.run(TempTestSuite1537878892048.groovy:36)
	at groovy.lang.GroovyShell.runScriptOrMainOrTestOrRunnable(GroovyShell.java:263)
	at groovy.lang.GroovyShell.run(GroovyShell.java:518)
	at groovy.lang.GroovyShell.run(GroovyShell.java:507)
	at groovy.ui.GroovyMain.processOnce(GroovyMain.java:653)
	at groovy.ui.GroovyMain.run(GroovyMain.java:384)
	at groovy.ui.GroovyMain.process(GroovyMain.java:370)
	at groovy.ui.GroovyMain.processArgs(GroovyMain.java:129)
	at groovy.ui.GroovyMain.main(GroovyMain.java:109)
	at sun.reflect.NativeMethodAccessorImpl.invoke0(Native Method)
	at sun.reflect.NativeMethodAccessorImpl.invoke(NativeMethodAccessorImpl.java:62)
	at sun.reflect.DelegatingMethodAccessorImpl.invoke(DelegatingMethodAccessorImpl.java:43)
	at java.lang.reflect.Method.invoke(Method.java:498)
	at org.codehaus.groovy.tools.GroovyStarter.rootLoader(GroovyStarter.java:109)
	at org.codehaus.groovy.tools.GroovyStarter.main(GroovyStarter.java:131)
)"/>
         <system-out><![CDATA[2018-09-25 19:21:06 - [TEST_CASE][FAILED] - Test Cases/nc_bo_login-test: Test Cases/nc_bo_login-test FAILED because (of) (Stack trace: com.kms.katalon.core.exception.StepFailedException: Unable to verify object 'Object Repository/Page_Metafour User Login/div_Sorry login failed' is not present (Root cause: Web element with id: 'Object Repository/Page_Metafour User Login/div_Sorry login failed' located by 'By.xpath: //div[@id='customerrormessagediv']' is present after '30' second(s))
	at com.kms.katalon.core.keyword.internal.KeywordMain.stepFailed(KeywordMain.groovy:36)
	at com.kms.katalon.core.webui.keyword.internal.WebUIKeywordMain.stepFailed(WebUIKeywordMain.groovy:65)
	at com.kms.katalon.core.webui.keyword.internal.WebUIKeywordMain.runKeyword(WebUIKeywordMain.groovy:27)
	at com.kms.katalon.core.webui.keyword.builtin.VerifyElementNotPresentKeyword.verifyElementNotPresent(VerifyElementNotPresentKeyword.groovy:118)
	at com.kms.katalon.core.webui.keyword.builtin.VerifyElementNotPresentKeyword.execute(VerifyElementNotPresentKeyword.groovy:68)
	at com.kms.katalon.core.keyword.internal.KeywordExecutor.executeKeywordForPlatform(KeywordExecutor.groovy:53)
	at com.kms.katalon.core.webui.keyword.WebUiBuiltInKeywords.verifyElementNotPresent(WebUiBuiltInKeywords.groovy:1467)
	at com.kms.katalon.core.webui.keyword.WebUiBuiltInKeywords$verifyElementNotPresent$3.call(Unknown Source)
	at Script1537185514861.run(Script1537185514861.groovy:31)
	at com.kms.katalon.core.main.ScriptEngine.run(ScriptEngine.java:183)
	at com.kms.katalon.core.main.ScriptEngine.runScriptAsRawText(ScriptEngine.java:108)
	at com.kms.katalon.core.main.TestCaseExecutor.runScript(TestCaseExecutor.java:294)
	at com.kms.katalon.core.main.TestCaseExecutor.doExecute(TestCaseExecutor.java:285)
	at com.kms.katalon.core.main.TestCaseExecutor.processExecutionPhase(TestCaseExecutor.java:264)
	at com.kms.katalon.core.main.TestCaseExecutor.accessMainPhase(TestCaseExecutor.java:256)
	at com.kms.katalon.core.main.TestCaseExecutor.execute(TestCaseExecutor.java:200)
	at com.kms.katalon.core.main.TestSuiteExecutor.accessTestCaseMainPhase(TestSuiteExecutor.java:129)
	at com.kms.katalon.core.main.TestSuiteExecutor.accessTestSuiteMainPhase(TestSuiteExecutor.java:112)
	at com.kms.katalon.core.main.TestSuiteExecutor.execute(TestSuiteExecutor.java:81)
	at com.kms.katalon.core.main.TestCaseMain.startTestSuite(TestCaseMain.java:142)
	at com.kms.katalon.core.main.TestCaseMain$startTestSuite$0.call(Unknown Source)
	at org.codehaus.groovy.runtime.callsite.CallSiteArray.defaultCall(CallSiteArray.java:48)
	at org.codehaus.groovy.runtime.callsite.AbstractCallSite.call(AbstractCallSite.java:113)
	at org.codehaus.groovy.runtime.callsite.AbstractCallSite.call(AbstractCallSite.java:141)
	at TempTestSuite1537878892048.run(TempTestSuite1537878892048.groovy:36)
	at groovy.lang.GroovyShell.runScriptOrMainOrTestOrRunnable(GroovyShell.java:263)
	at groovy.lang.GroovyShell.run(GroovyShell.java:518)
	at groovy.lang.GroovyShell.run(GroovyShell.java:507)
	at groovy.ui.GroovyMain.processOnce(GroovyMain.java:653)
	at groovy.ui.GroovyMain.run(GroovyMain.java:384)
	at groovy.ui.GroovyMain.process(GroovyMain.java:370)
	at groovy.ui.GroovyMain.processArgs(GroovyMain.java:129)
	at groovy.ui.GroovyMain.main(GroovyMain.java:109)
	at sun.reflect.NativeMethodAccessorImpl.invoke0(Native Method)
	at sun.reflect.NativeMethodAccessorImpl.invoke(NativeMethodAccessorImpl.java:62)
	at sun.reflect.DelegatingMethodAccessorImpl.invoke(DelegatingMethodAccessorImpl.java:43)
	at java.lang.reflect.Method.invoke(Method.java:498)
	at org.codehaus.groovy.tools.GroovyStarter.rootLoader(GroovyStarter.java:109)
	at org.codehaus.groovy.tools.GroovyStarter.main(GroovyStarter.java:131)
)

2018-09-25 19:21:06 - [TEST_STEP][PASSED] - openBrowser: Browser is opened with url: 'https://philips.metafour.com/netcourier-data/'

2018-09-25 19:21:12 - [MESSAGE][PASSED] - Browser is opened with url: 'https://philips.metafour.com/netcourier-data/'

2018-09-25 19:21:13 - [TEST_STEP][PASSED] - navigateToUrl: Navigate to 'https://philips.metafour.com/netcourier-data/' successfully

2018-09-25 19:21:16 - [MESSAGE][PASSED] - Navigate to 'https://philips.metafour.com/netcourier-data/' successfully

2018-09-25 19:21:16 - [TEST_STEP][PASSED] - setText: Text 'phl' is set on object 'Object Repository/Page_Metafour User Login/input_Login_access_code'

2018-09-25 19:21:20 - [MESSAGE][PASSED] - Text 'phl' is set on object 'Object Repository/Page_Metafour User Login/input_Login_access_code'

2018-09-25 19:21:20 - [TEST_STEP][PASSED] - setText: Text 'admin' is set on object 'Object Repository/Page_Metafour User Login/input_Login_login'

2018-09-25 19:21:20 - [MESSAGE][PASSED] - Text 'admin' is set on object 'Object Repository/Page_Metafour User Login/input_Login_login'

2018-09-25 19:21:20 - [TEST_STEP][PASSED] - setText: Text 'qtphl888u' is set on object 'Object Repository/Page_Metafour User Login/input_Login_j_password'

2018-09-25 19:21:20 - [MESSAGE][PASSED] - Text 'qtphl888u' is set on object 'Object Repository/Page_Metafour User Login/input_Login_j_password'

2018-09-25 19:21:20 - [TEST_STEP][PASSED] - click: Object: 'Object Repository/Page_Metafour User Login/button_Sign in' is clicked on

2018-09-25 19:21:21 - [MESSAGE][PASSED] - Object: 'Object Repository/Page_Metafour User Login/button_Sign in' is clicked on

2018-09-25 19:21:21 - [TEST_STEP][PASSED] - delay: Delayed 3 second(s)

2018-09-25 19:21:24 - [MESSAGE][PASSED] - Delayed 3 second(s)

2018-09-25 19:21:24 - [TEST_STEP][FAILED] - verifyElementNotPresent: Unable to verify object 'Object Repository/Page_Metafour User Login/div_Sorry login failed' is not present (Root cause: Web element with id: 'Object Repository/Page_Metafour User Login/div_Sorry login failed' located by 'By.xpath: //div[@id='customerrormessagediv']' is present after '30' second(s))

2018-09-25 19:21:24 - [MESSAGE][WARNING] - Timeout '0' is invalid. Using default page load timeout: '30'

2018-09-25 19:21:54 - [MESSAGE][FAILED] - Web element with id: 'Object Repository/Page_Metafour User Login/div_Sorry login failed' located by 'By.xpath: //div[@id='customerrormessagediv']' is present after '30' second(s)
[[ATTACHMENT|C:\\Users\\mazha\\Katalon Studio\\m4-monitoring\\Reports\\nc-cp-bo-login-test-suit\\20180925_183452\\1537881714524.png]]

2018-09-25 19:21:54 - [MESSAGE][FAILED] - Unable to verify object 'Object Repository/Page_Metafour User Login/div_Sorry login failed' is not present (Root cause: Web element with id: 'Object Repository/Page_Metafour User Login/div_Sorry login failed' located by 'By.xpath: //div[@id='customerrormessagediv']' is present after '30' second(s))
[[ATTACHMENT|C:\\Users\\mazha\\Katalon Studio\\m4-monitoring\\Reports\\nc-cp-bo-login-test-suit\\20180925_183452\\1537881714760.png]]]]></system-out>
         <system-err><![CDATA[2018-09-25 19:21:06 - [TEST_CASE][FAILED] - Test Cases/nc_bo_login-test: Test Cases/nc_bo_login-test FAILED because (of) (Stack trace: com.kms.katalon.core.exception.StepFailedException: Unable to verify object 'Object Repository/Page_Metafour User Login/div_Sorry login failed' is not present (Root cause: Web element with id: 'Object Repository/Page_Metafour User Login/div_Sorry login failed' located by 'By.xpath: //div[@id='customerrormessagediv']' is present after '30' second(s))
	at com.kms.katalon.core.keyword.internal.KeywordMain.stepFailed(KeywordMain.groovy:36)
	at com.kms.katalon.core.webui.keyword.internal.WebUIKeywordMain.stepFailed(WebUIKeywordMain.groovy:65)
	at com.kms.katalon.core.webui.keyword.internal.WebUIKeywordMain.runKeyword(WebUIKeywordMain.groovy:27)
	at com.kms.katalon.core.webui.keyword.builtin.VerifyElementNotPresentKeyword.verifyElementNotPresent(VerifyElementNotPresentKeyword.groovy:118)
	at com.kms.katalon.core.webui.keyword.builtin.VerifyElementNotPresentKeyword.execute(VerifyElementNotPresentKeyword.groovy:68)
	at com.kms.katalon.core.keyword.internal.KeywordExecutor.executeKeywordForPlatform(KeywordExecutor.groovy:53)
	at com.kms.katalon.core.webui.keyword.WebUiBuiltInKeywords.verifyElementNotPresent(WebUiBuiltInKeywords.groovy:1467)
	at com.kms.katalon.core.webui.keyword.WebUiBuiltInKeywords$verifyElementNotPresent$3.call(Unknown Source)
	at Script1537185514861.run(Script1537185514861.groovy:31)
	at com.kms.katalon.core.main.ScriptEngine.run(ScriptEngine.java:183)
	at com.kms.katalon.core.main.ScriptEngine.runScriptAsRawText(ScriptEngine.java:108)
	at com.kms.katalon.core.main.TestCaseExecutor.runScript(TestCaseExecutor.java:294)
	at com.kms.katalon.core.main.TestCaseExecutor.doExecute(TestCaseExecutor.java:285)
	at com.kms.katalon.core.main.TestCaseExecutor.processExecutionPhase(TestCaseExecutor.java:264)
	at com.kms.katalon.core.main.TestCaseExecutor.accessMainPhase(TestCaseExecutor.java:256)
	at com.kms.katalon.core.main.TestCaseExecutor.execute(TestCaseExecutor.java:200)
	at com.kms.katalon.core.main.TestSuiteExecutor.accessTestCaseMainPhase(TestSuiteExecutor.java:129)
	at com.kms.katalon.core.main.TestSuiteExecutor.accessTestSuiteMainPhase(TestSuiteExecutor.java:112)
	at com.kms.katalon.core.main.TestSuiteExecutor.execute(TestSuiteExecutor.java:81)
	at com.kms.katalon.core.main.TestCaseMain.startTestSuite(TestCaseMain.java:142)
	at com.kms.katalon.core.main.TestCaseMain$startTestSuite$0.call(Unknown Source)
	at org.codehaus.groovy.runtime.callsite.CallSiteArray.defaultCall(CallSiteArray.java:48)
	at org.codehaus.groovy.runtime.callsite.AbstractCallSite.call(AbstractCallSite.java:113)
	at org.codehaus.groovy.runtime.callsite.AbstractCallSite.call(AbstractCallSite.java:141)
	at TempTestSuite1537878892048.run(TempTestSuite1537878892048.groovy:36)
	at groovy.lang.GroovyShell.runScriptOrMainOrTestOrRunnable(GroovyShell.java:263)
	at groovy.lang.GroovyShell.run(GroovyShell.java:518)
	at groovy.lang.GroovyShell.run(GroovyShell.java:507)
	at groovy.ui.GroovyMain.processOnce(GroovyMain.java:653)
	at groovy.ui.GroovyMain.run(GroovyMain.java:384)
	at groovy.ui.GroovyMain.process(GroovyMain.java:370)
	at groovy.ui.GroovyMain.processArgs(GroovyMain.java:129)
	at groovy.ui.GroovyMain.main(GroovyMain.java:109)
	at sun.reflect.NativeMethodAccessorImpl.invoke0(Native Method)
	at sun.reflect.NativeMethodAccessorImpl.invoke(NativeMethodAccessorImpl.java:62)
	at sun.reflect.DelegatingMethodAccessorImpl.invoke(DelegatingMethodAccessorImpl.java:43)
	at java.lang.reflect.Method.invoke(Method.java:498)
	at org.codehaus.groovy.tools.GroovyStarter.rootLoader(GroovyStarter.java:109)
	at org.codehaus.groovy.tools.GroovyStarter.main(GroovyStarter.java:131)
)]]></system-err>
      </testcase>
      <testcase name="Test Cases/nc_bo_login-test" classname="Test Cases/nc_bo_login-test" status="PASSED">
         <system-out><![CDATA[2018-09-25 19:21:54 - [TEST_CASE][PASSED] - Test Cases/nc_bo_login-test: Test Cases/nc_bo_login-test

2018-09-25 19:21:54 - [TEST_STEP][PASSED] - openBrowser: Browser is opened with url: 'https://shell-ubook2.metafour.com/netcourier-data/'

2018-09-25 19:21:54 - [MESSAGE][WARNING] - A browser is already opened. Closing browser and opening a new one

2018-09-25 19:22:02 - [MESSAGE][PASSED] - Browser is opened with url: 'https://shell-ubook2.metafour.com/netcourier-data/'

2018-09-25 19:22:02 - [TEST_STEP][PASSED] - navigateToUrl: Navigate to 'https://shell-ubook2.metafour.com/netcourier-data/' successfully

2018-09-25 19:22:07 - [MESSAGE][PASSED] - Navigate to 'https://shell-ubook2.metafour.com/netcourier-data/' successfully

2018-09-25 19:22:07 - [TEST_STEP][PASSED] - setText: Text 'shl' is set on object 'Object Repository/Page_Metafour User Login/input_Login_access_code'

2018-09-25 19:22:11 - [MESSAGE][PASSED] - Text 'shl' is set on object 'Object Repository/Page_Metafour User Login/input_Login_access_code'

2018-09-25 19:22:11 - [TEST_STEP][PASSED] - setText: Text 'admin' is set on object 'Object Repository/Page_Metafour User Login/input_Login_login'

2018-09-25 19:22:11 - [MESSAGE][PASSED] - Text 'admin' is set on object 'Object Repository/Page_Metafour User Login/input_Login_login'

2018-09-25 19:22:11 - [TEST_STEP][PASSED] - setText: Text 'qtshl060u' is set on object 'Object Repository/Page_Metafour User Login/input_Login_j_password'

2018-09-25 19:22:11 - [MESSAGE][PASSED] - Text 'qtshl060u' is set on object 'Object Repository/Page_Metafour User Login/input_Login_j_password'

2018-09-25 19:22:11 - [TEST_STEP][PASSED] - click: Object: 'Object Repository/Page_Metafour User Login/button_Sign in' is clicked on

2018-09-25 19:22:15 - [MESSAGE][PASSED] - Object: 'Object Repository/Page_Metafour User Login/button_Sign in' is clicked on

2018-09-25 19:22:15 - [TEST_STEP][PASSED] - delay: Delayed 3 second(s)

2018-09-25 19:22:18 - [MESSAGE][PASSED] - Delayed 3 second(s)

2018-09-25 19:22:18 - [TEST_STEP][PASSED] - verifyElementNotPresent: Web element with id: 'Object Repository/Page_Metafour User Login/div_Sorry login failed' located by 'By.xpath: //div[@id='customerrormessagediv']' is not present after '30' second(s)

2018-09-25 19:22:18 - [MESSAGE][WARNING] - Timeout '0' is invalid. Using default page load timeout: '30'

2018-09-25 19:22:18 - [MESSAGE][PASSED] - Web element with id: 'Object Repository/Page_Metafour User Login/div_Sorry login failed' located by 'By.xpath: //div[@id='customerrormessagediv']' is not present after '30' second(s)

2018-09-25 19:22:18 - [TEST_STEP][PASSED] - closeBrowser: Browser is closed

2018-09-25 19:22:18 - [MESSAGE][PASSED] - Browser is closed]]></system-out>
         <system-err><![CDATA[]]></system-err>
      </testcase>
      <testcase name="Test Cases/nc_bo_login-test" classname="Test Cases/nc_bo_login-test" status="PASSED">
         <system-out><![CDATA[2018-09-25 19:22:18 - [TEST_CASE][PASSED] - Test Cases/nc_bo_login-test: Test Cases/nc_bo_login-test

2018-09-25 19:22:18 - [TEST_STEP][PASSED] - openBrowser: Browser is opened with url: 'https://spsdemo.metafour.com/netcourier-data/'

2018-09-25 19:22:46 - [MESSAGE][PASSED] - Browser is opened with url: 'https://spsdemo.metafour.com/netcourier-data/'

2018-09-25 19:22:46 - [TEST_STEP][PASSED] - navigateToUrl: Navigate to 'https://spsdemo.metafour.com/netcourier-data/' successfully

2018-09-25 19:22:50 - [MESSAGE][PASSED] - Navigate to 'https://spsdemo.metafour.com/netcourier-data/' successfully

2018-09-25 19:22:50 - [TEST_STEP][PASSED] - setText: Text 'spr' is set on object 'Object Repository/Page_Metafour User Login/input_Login_access_code'

2018-09-25 19:22:55 - [MESSAGE][PASSED] - Text 'spr' is set on object 'Object Repository/Page_Metafour User Login/input_Login_access_code'

2018-09-25 19:22:55 - [TEST_STEP][PASSED] - setText: Text 'admin' is set on object 'Object Repository/Page_Metafour User Login/input_Login_login'

2018-09-25 19:22:55 - [MESSAGE][PASSED] - Text 'admin' is set on object 'Object Repository/Page_Metafour User Login/input_Login_login'

2018-09-25 19:22:55 - [TEST_STEP][PASSED] - setText: Text 'qtspr301u' is set on object 'Object Repository/Page_Metafour User Login/input_Login_j_password'

2018-09-25 19:22:55 - [MESSAGE][PASSED] - Text 'qtspr301u' is set on object 'Object Repository/Page_Metafour User Login/input_Login_j_password'

2018-09-25 19:22:55 - [TEST_STEP][PASSED] - click: Object: 'Object Repository/Page_Metafour User Login/button_Sign in' is clicked on

2018-09-25 19:23:02 - [MESSAGE][PASSED] - Object: 'Object Repository/Page_Metafour User Login/button_Sign in' is clicked on

2018-09-25 19:23:02 - [TEST_STEP][PASSED] - delay: Delayed 3 second(s)

2018-09-25 19:23:05 - [MESSAGE][PASSED] - Delayed 3 second(s)

2018-09-25 19:23:05 - [TEST_STEP][PASSED] - verifyElementNotPresent: Web element with id: 'Object Repository/Page_Metafour User Login/div_Sorry login failed' located by 'By.xpath: //div[@id='customerrormessagediv']' is not present after '30' second(s)

2018-09-25 19:23:05 - [MESSAGE][WARNING] - Timeout '0' is invalid. Using default page load timeout: '30'

2018-09-25 19:23:05 - [MESSAGE][PASSED] - Web element with id: 'Object Repository/Page_Metafour User Login/div_Sorry login failed' located by 'By.xpath: //div[@id='customerrormessagediv']' is not present after '30' second(s)

2018-09-25 19:23:05 - [TEST_STEP][PASSED] - closeBrowser: Browser is closed

2018-09-25 19:23:06 - [MESSAGE][PASSED] - Browser is closed]]></system-out>
         <system-err><![CDATA[]]></system-err>
      </testcase>
      <testcase name="Test Cases/nc_bo_login-test" classname="Test Cases/nc_bo_login-test" status="PASSED">
         <system-out><![CDATA[2018-09-25 19:23:06 - [TEST_CASE][PASSED] - Test Cases/nc_bo_login-test: Test Cases/nc_bo_login-test

2018-09-25 19:23:06 - [TEST_STEP][PASSED] - openBrowser: Browser is opened with url: 'https://ubook2-master.metafour.com/netcourier-data/'

2018-09-25 19:23:13 - [MESSAGE][PASSED] - Browser is opened with url: 'https://ubook2-master.metafour.com/netcourier-data/'

2018-09-25 19:23:13 - [TEST_STEP][PASSED] - navigateToUrl: Navigate to 'https://ubook2-master.metafour.com/netcourier-data/' successfully

2018-09-25 19:23:24 - [MESSAGE][PASSED] - Navigate to 'https://ubook2-master.metafour.com/netcourier-data/' successfully

2018-09-25 19:23:24 - [TEST_STEP][PASSED] - setText: Text 'sps' is set on object 'Object Repository/Page_Metafour User Login/input_Login_access_code'

2018-09-25 19:23:27 - [MESSAGE][PASSED] - Text 'sps' is set on object 'Object Repository/Page_Metafour User Login/input_Login_access_code'

2018-09-25 19:23:27 - [TEST_STEP][PASSED] - setText: Text 'admin' is set on object 'Object Repository/Page_Metafour User Login/input_Login_login'

2018-09-25 19:23:28 - [MESSAGE][PASSED] - Text 'admin' is set on object 'Object Repository/Page_Metafour User Login/input_Login_login'

2018-09-25 19:23:28 - [TEST_STEP][PASSED] - setText: Text 'qtsps888u' is set on object 'Object Repository/Page_Metafour User Login/input_Login_j_password'

2018-09-25 19:23:28 - [MESSAGE][PASSED] - Text 'qtsps888u' is set on object 'Object Repository/Page_Metafour User Login/input_Login_j_password'

2018-09-25 19:23:28 - [TEST_STEP][PASSED] - click: Object: 'Object Repository/Page_Metafour User Login/button_Sign in' is clicked on

2018-09-25 19:23:34 - [MESSAGE][PASSED] - Object: 'Object Repository/Page_Metafour User Login/button_Sign in' is clicked on

2018-09-25 19:23:34 - [TEST_STEP][PASSED] - delay: Delayed 3 second(s)

2018-09-25 19:23:37 - [MESSAGE][PASSED] - Delayed 3 second(s)

2018-09-25 19:23:37 - [TEST_STEP][PASSED] - verifyElementNotPresent: Web element with id: 'Object Repository/Page_Metafour User Login/div_Sorry login failed' located by 'By.xpath: //div[@id='customerrormessagediv']' is not present after '30' second(s)

2018-09-25 19:23:37 - [MESSAGE][WARNING] - Timeout '0' is invalid. Using default page load timeout: '30'

2018-09-25 19:23:37 - [MESSAGE][PASSED] - Web element with id: 'Object Repository/Page_Metafour User Login/div_Sorry login failed' located by 'By.xpath: //div[@id='customerrormessagediv']' is not present after '30' second(s)

2018-09-25 19:23:37 - [TEST_STEP][PASSED] - closeBrowser: Browser is closed

2018-09-25 19:23:37 - [MESSAGE][PASSED] - Browser is closed]]></system-out>
         <system-err><![CDATA[]]></system-err>
      </testcase>
      <testcase name="Test Cases/nc_bo_login-test" classname="Test Cases/nc_bo_login-test" status="PASSED">
         <system-out><![CDATA[2018-09-25 19:23:37 - [TEST_CASE][PASSED] - Test Cases/nc_bo_login-test: Test Cases/nc_bo_login-test

2018-09-25 19:23:37 - [TEST_STEP][PASSED] - openBrowser: Browser is opened with url: 'https://spsuat.metafour.com/netcourier-data/'

2018-09-25 19:23:59 - [MESSAGE][PASSED] - Browser is opened with url: 'https://spsuat.metafour.com/netcourier-data/'

2018-09-25 19:23:59 - [TEST_STEP][PASSED] - navigateToUrl: Navigate to 'https://spsuat.metafour.com/netcourier-data/' successfully

2018-09-25 19:24:03 - [MESSAGE][PASSED] - Navigate to 'https://spsuat.metafour.com/netcourier-data/' successfully

2018-09-25 19:24:03 - [TEST_STEP][PASSED] - setText: Text 'uat' is set on object 'Object Repository/Page_Metafour User Login/input_Login_access_code'

2018-09-25 19:24:07 - [MESSAGE][PASSED] - Text 'uat' is set on object 'Object Repository/Page_Metafour User Login/input_Login_access_code'

2018-09-25 19:24:07 - [TEST_STEP][PASSED] - setText: Text 'admin' is set on object 'Object Repository/Page_Metafour User Login/input_Login_login'

2018-09-25 19:24:07 - [MESSAGE][PASSED] - Text 'admin' is set on object 'Object Repository/Page_Metafour User Login/input_Login_login'

2018-09-25 19:24:07 - [TEST_STEP][PASSED] - setText: Text 'qtuat301u' is set on object 'Object Repository/Page_Metafour User Login/input_Login_j_password'

2018-09-25 19:24:07 - [MESSAGE][PASSED] - Text 'qtuat301u' is set on object 'Object Repository/Page_Metafour User Login/input_Login_j_password'

2018-09-25 19:24:07 - [TEST_STEP][PASSED] - click: Object: 'Object Repository/Page_Metafour User Login/button_Sign in' is clicked on

2018-09-25 19:24:17 - [MESSAGE][PASSED] - Object: 'Object Repository/Page_Metafour User Login/button_Sign in' is clicked on

2018-09-25 19:24:17 - [TEST_STEP][PASSED] - delay: Delayed 3 second(s)

2018-09-25 19:24:20 - [MESSAGE][PASSED] - Delayed 3 second(s)

2018-09-25 19:24:20 - [TEST_STEP][PASSED] - verifyElementNotPresent: Web element with id: 'Object Repository/Page_Metafour User Login/div_Sorry login failed' located by 'By.xpath: //div[@id='customerrormessagediv']' is not present after '30' second(s)

2018-09-25 19:24:20 - [MESSAGE][WARNING] - Timeout '0' is invalid. Using default page load timeout: '30'

2018-09-25 19:24:20 - [MESSAGE][PASSED] - Web element with id: 'Object Repository/Page_Metafour User Login/div_Sorry login failed' located by 'By.xpath: //div[@id='customerrormessagediv']' is not present after '30' second(s)

2018-09-25 19:24:20 - [TEST_STEP][PASSED] - closeBrowser: Browser is closed

2018-09-25 19:24:21 - [MESSAGE][PASSED] - Browser is closed]]></system-out>
         <system-err><![CDATA[]]></system-err>
      </testcase>
      <testcase name="Test Cases/nc_bo_login-test" classname="Test Cases/nc_bo_login-test" status="PASSED">
         <system-out><![CDATA[2018-09-25 19:24:21 - [TEST_CASE][PASSED] - Test Cases/nc_bo_login-test: Test Cases/nc_bo_login-test

2018-09-25 19:24:21 - [TEST_STEP][PASSED] - openBrowser: Browser is opened with url: 'https://talktalk.metafour.com/netcourier-data/'

2018-09-25 19:24:27 - [MESSAGE][PASSED] - Browser is opened with url: 'https://talktalk.metafour.com/netcourier-data/'

2018-09-25 19:24:27 - [TEST_STEP][PASSED] - navigateToUrl: Navigate to 'https://talktalk.metafour.com/netcourier-data/' successfully

2018-09-25 19:24:29 - [MESSAGE][PASSED] - Navigate to 'https://talktalk.metafour.com/netcourier-data/' successfully

2018-09-25 19:24:29 - [TEST_STEP][PASSED] - setText: Text 'ttu' is set on object 'Object Repository/Page_Metafour User Login/input_Login_access_code'

2018-09-25 19:24:33 - [MESSAGE][PASSED] - Text 'ttu' is set on object 'Object Repository/Page_Metafour User Login/input_Login_access_code'

2018-09-25 19:24:33 - [TEST_STEP][PASSED] - setText: Text 'admin' is set on object 'Object Repository/Page_Metafour User Login/input_Login_login'

2018-09-25 19:24:33 - [MESSAGE][PASSED] - Text 'admin' is set on object 'Object Repository/Page_Metafour User Login/input_Login_login'

2018-09-25 19:24:33 - [TEST_STEP][PASSED] - setText: Text 'qtttu533u' is set on object 'Object Repository/Page_Metafour User Login/input_Login_j_password'

2018-09-25 19:24:34 - [MESSAGE][PASSED] - Text 'qtttu533u' is set on object 'Object Repository/Page_Metafour User Login/input_Login_j_password'

2018-09-25 19:24:34 - [TEST_STEP][PASSED] - click: Object: 'Object Repository/Page_Metafour User Login/button_Sign in' is clicked on

2018-09-25 19:24:37 - [MESSAGE][PASSED] - Object: 'Object Repository/Page_Metafour User Login/button_Sign in' is clicked on

2018-09-25 19:24:37 - [TEST_STEP][PASSED] - delay: Delayed 3 second(s)

2018-09-25 19:24:40 - [MESSAGE][PASSED] - Delayed 3 second(s)

2018-09-25 19:24:40 - [TEST_STEP][PASSED] - verifyElementNotPresent: Web element with id: 'Object Repository/Page_Metafour User Login/div_Sorry login failed' located by 'By.xpath: //div[@id='customerrormessagediv']' is not present after '30' second(s)

2018-09-25 19:24:40 - [MESSAGE][WARNING] - Timeout '0' is invalid. Using default page load timeout: '30'

2018-09-25 19:24:40 - [MESSAGE][PASSED] - Web element with id: 'Object Repository/Page_Metafour User Login/div_Sorry login failed' located by 'By.xpath: //div[@id='customerrormessagediv']' is not present after '30' second(s)

2018-09-25 19:24:40 - [TEST_STEP][PASSED] - closeBrowser: Browser is closed

2018-09-25 19:24:40 - [MESSAGE][PASSED] - Browser is closed]]></system-out>
         <system-err><![CDATA[]]></system-err>
      </testcase>
      <system-out><![CDATA[2018-09-25 18:34:55 - [TEST_SUITE][FAILED] - nc-cp-bo-login-test-suit: Test Cases/nc_cp_login_test FAILED because (of) (Stack trace: com.kms.katalon.core.exception.StepFailedException: Unable to verify object 'Object Repository/Page_Metafour User Login/div_Sorry login failed' is not present (Root cause: Web element with id: 'Object Repository/Page_Metafour User Login/div_Sorry login failed' located by 'By.xpath: //div[@id='customerrormessagediv']' is present after '30' second(s))
	at com.kms.katalon.core.keyword.internal.KeywordMain.stepFailed(KeywordMain.groovy:36)
	at com.kms.katalon.core.webui.keyword.internal.WebUIKeywordMain.stepFailed(WebUIKeywordMain.groovy:65)
	at com.kms.katalon.core.webui.keyword.internal.WebUIKeywordMain.runKeyword(WebUIKeywordMain.groovy:27)
	at com.kms.katalon.core.webui.keyword.builtin.VerifyElementNotPresentKeyword.verifyElementNotPresent(VerifyElementNotPresentKeyword.groovy:118)
	at com.kms.katalon.core.webui.keyword.builtin.VerifyElementNotPresentKeyword.execute(VerifyElementNotPresentKeyword.groovy:68)
	at com.kms.katalon.core.keyword.internal.KeywordExecutor.executeKeywordForPlatform(KeywordExecutor.groovy:53)
	at com.kms.katalon.core.webui.keyword.WebUiBuiltInKeywords.verifyElementNotPresent(WebUiBuiltInKeywords.groovy:1467)
	at com.kms.katalon.core.webui.keyword.WebUiBuiltInKeywords$verifyElementNotPresent$3.call(Unknown Source)
	at Script1537190043452.run(Script1537190043452.groovy:31)
	at com.kms.katalon.core.main.ScriptEngine.run(ScriptEngine.java:183)
	at com.kms.katalon.core.main.ScriptEngine.runScriptAsRawText(ScriptEngine.java:108)
	at com.kms.katalon.core.main.TestCaseExecutor.runScript(TestCaseExecutor.java:294)
	at com.kms.katalon.core.main.TestCaseExecutor.doExecute(TestCaseExecutor.java:285)
	at com.kms.katalon.core.main.TestCaseExecutor.processExecutionPhase(TestCaseExecutor.java:264)
	at com.kms.katalon.core.main.TestCaseExecutor.accessMainPhase(TestCaseExecutor.java:256)
	at com.kms.katalon.core.main.TestCaseExecutor.execute(TestCaseExecutor.java:200)
	at com.kms.katalon.core.main.TestSuiteExecutor.accessTestCaseMainPhase(TestSuiteExecutor.java:129)
	at com.kms.katalon.core.main.TestSuiteExecutor.accessTestSuiteMainPhase(TestSuiteExecutor.java:112)
	at com.kms.katalon.core.main.TestSuiteExecutor.execute(TestSuiteExecutor.java:81)
	at com.kms.katalon.core.main.TestCaseMain.startTestSuite(TestCaseMain.java:142)
	at com.kms.katalon.core.main.TestCaseMain$startTestSuite$0.call(Unknown Source)
	at org.codehaus.groovy.runtime.callsite.CallSiteArray.defaultCall(CallSiteArray.java:48)
	at org.codehaus.groovy.runtime.callsite.AbstractCallSite.call(AbstractCallSite.java:113)
	at org.codehaus.groovy.runtime.callsite.AbstractCallSite.call(AbstractCallSite.java:141)
	at TempTestSuite1537878892048.run(TempTestSuite1537878892048.groovy:36)
	at groovy.lang.GroovyShell.runScriptOrMainOrTestOrRunnable(GroovyShell.java:263)
	at groovy.lang.GroovyShell.run(GroovyShell.java:518)
	at groovy.lang.GroovyShell.run(GroovyShell.java:507)
	at groovy.ui.GroovyMain.processOnce(GroovyMain.java:653)
	at groovy.ui.GroovyMain.run(GroovyMain.java:384)
	at groovy.ui.GroovyMain.process(GroovyMain.java:370)
	at groovy.ui.GroovyMain.processArgs(GroovyMain.java:129)
	at groovy.ui.GroovyMain.main(GroovyMain.java:109)
	at sun.reflect.NativeMethodAccessorImpl.invoke0(Native Method)
	at sun.reflect.NativeMethodAccessorImpl.invoke(NativeMethodAccessorImpl.java:62)
	at sun.reflect.DelegatingMethodAccessorImpl.invoke(DelegatingMethodAccessorImpl.java:43)
	at java.lang.reflect.Method.invoke(Method.java:498)
	at org.codehaus.groovy.tools.GroovyStarter.rootLoader(GroovyStarter.java:109)
	at org.codehaus.groovy.tools.GroovyStarter.main(GroovyStarter.java:131)
)]]></system-out>
      <system-err><![CDATA[2018-09-25 18:34:55 - [TEST_SUITE][FAILED] - nc-cp-bo-login-test-suit: Test Cases/nc_cp_login_test FAILED because (of) (Stack trace: com.kms.katalon.core.exception.StepFailedException: Unable to verify object 'Object Repository/Page_Metafour User Login/div_Sorry login failed' is not present (Root cause: Web element with id: 'Object Repository/Page_Metafour User Login/div_Sorry login failed' located by 'By.xpath: //div[@id='customerrormessagediv']' is present after '30' second(s))
	at com.kms.katalon.core.keyword.internal.KeywordMain.stepFailed(KeywordMain.groovy:36)
	at com.kms.katalon.core.webui.keyword.internal.WebUIKeywordMain.stepFailed(WebUIKeywordMain.groovy:65)
	at com.kms.katalon.core.webui.keyword.internal.WebUIKeywordMain.runKeyword(WebUIKeywordMain.groovy:27)
	at com.kms.katalon.core.webui.keyword.builtin.VerifyElementNotPresentKeyword.verifyElementNotPresent(VerifyElementNotPresentKeyword.groovy:118)
	at com.kms.katalon.core.webui.keyword.builtin.VerifyElementNotPresentKeyword.execute(VerifyElementNotPresentKeyword.groovy:68)
	at com.kms.katalon.core.keyword.internal.KeywordExecutor.executeKeywordForPlatform(KeywordExecutor.groovy:53)
	at com.kms.katalon.core.webui.keyword.WebUiBuiltInKeywords.verifyElementNotPresent(WebUiBuiltInKeywords.groovy:1467)
	at com.kms.katalon.core.webui.keyword.WebUiBuiltInKeywords$verifyElementNotPresent$3.call(Unknown Source)
	at Script1537190043452.run(Script1537190043452.groovy:31)
	at com.kms.katalon.core.main.ScriptEngine.run(ScriptEngine.java:183)
	at com.kms.katalon.core.main.ScriptEngine.runScriptAsRawText(ScriptEngine.java:108)
	at com.kms.katalon.core.main.TestCaseExecutor.runScript(TestCaseExecutor.java:294)
	at com.kms.katalon.core.main.TestCaseExecutor.doExecute(TestCaseExecutor.java:285)
	at com.kms.katalon.core.main.TestCaseExecutor.processExecutionPhase(TestCaseExecutor.java:264)
	at com.kms.katalon.core.main.TestCaseExecutor.accessMainPhase(TestCaseExecutor.java:256)
	at com.kms.katalon.core.main.TestCaseExecutor.execute(TestCaseExecutor.java:200)
	at com.kms.katalon.core.main.TestSuiteExecutor.accessTestCaseMainPhase(TestSuiteExecutor.java:129)
	at com.kms.katalon.core.main.TestSuiteExecutor.accessTestSuiteMainPhase(TestSuiteExecutor.java:112)
	at com.kms.katalon.core.main.TestSuiteExecutor.execute(TestSuiteExecutor.java:81)
	at com.kms.katalon.core.main.TestCaseMain.startTestSuite(TestCaseMain.java:142)
	at com.kms.katalon.core.main.TestCaseMain$startTestSuite$0.call(Unknown Source)
	at org.codehaus.groovy.runtime.callsite.CallSiteArray.defaultCall(CallSiteArray.java:48)
	at org.codehaus.groovy.runtime.callsite.AbstractCallSite.call(AbstractCallSite.java:113)
	at org.codehaus.groovy.runtime.callsite.AbstractCallSite.call(AbstractCallSite.java:141)
	at TempTestSuite1537878892048.run(TempTestSuite1537878892048.groovy:36)
	at groovy.lang.GroovyShell.runScriptOrMainOrTestOrRunnable(GroovyShell.java:263)
	at groovy.lang.GroovyShell.run(GroovyShell.java:518)
	at groovy.lang.GroovyShell.run(GroovyShell.java:507)
	at groovy.ui.GroovyMain.processOnce(GroovyMain.java:653)
	at groovy.ui.GroovyMain.run(GroovyMain.java:384)
	at groovy.ui.GroovyMain.process(GroovyMain.java:370)
	at groovy.ui.GroovyMain.processArgs(GroovyMain.java:129)
	at groovy.ui.GroovyMain.main(GroovyMain.java:109)
	at sun.reflect.NativeMethodAccessorImpl.invoke0(Native Method)
	at sun.reflect.NativeMethodAccessorImpl.invoke(NativeMethodAccessorImpl.java:62)
	at sun.reflect.DelegatingMethodAccessorImpl.invoke(DelegatingMethodAccessorImpl.java:43)
	at java.lang.reflect.Method.invoke(Method.java:498)
	at org.codehaus.groovy.tools.GroovyStarter.rootLoader(GroovyStarter.java:109)
	at org.codehaus.groovy.tools.GroovyStarter.main(GroovyStarter.java:131)
)]]></system-err>
   </testsuite>
</testsuites>
