<?xml version="1.0" encoding="UTF-8"?>
<testsuites name="logintest1" time="218" tests="6" failures="0" errors="0">
   <testsuite name="logintest1" tests="6" failures="0" errors="0" time="218" timestamp="2018-09-17 19:06:16" hostname="Mazhar - 192.168.0.60" id="Test Suites/logintest1">
      <properties>
         <property name="deviceName" value=""/>
         <property name="devicePlatform" value=""/>
         <property name="logFolder" value="C:\\Users\\mazha\\Katalon Studio\\m4-monitoring\\Reports\\logintest1\\20180917_190614"/>
         <property name="logFiles" value="C:\\Users\\mazha\\Katalon Studio\\m4-monitoring\\Reports\\logintest1\\20180917_190614\\execution0.log"/>
         <property name="attachments" value=""/>
         <property name="hostName" value="Mazhar - 192.168.0.60"/>
         <property name="os" value="Windows 10 64bit"/>
         <property name="katalonVersion" value="5.7.1.1"/>
         <property name="browser" value="Firefox 54.0"/>
         <property name="hostAddress" value="192.168.0.60"/>
         <property name="sessionId" value="aa6c9f4a-6d72-4de8-abcd-55b59fdd0866"/>
         <property name="seleniumVersion" value="3.7.1"/>
         <property name="proxyInformation" value="ProxyInformation{proxyOption=NO_PROXY, proxyServerType=HTTP, password=, proxyServerAddress=, proxyServerPort=0}"/>
         <property name="platform" value="Windows 10"/>
      </properties>
      <testcase name="Test Cases/nc_bo_login-test" classname="Test Cases/nc_bo_login-test" status="PASSED">
         <system-out><![CDATA[2018-09-17 19:06:16 - [TEST_CASE][PASSED] - Test Cases/nc_bo_login-test: Test Cases/nc_bo_login-test

2018-09-17 19:06:17 - [TEST_STEP][PASSED] - openBrowser: Browser is opened with url: 'https://ateamexpress.netcourier.net/netcourier-data/'

2018-09-17 19:06:31 - [MESSAGE][PASSED] - Browser is opened with url: 'https://ateamexpress.netcourier.net/netcourier-data/'

2018-09-17 19:06:31 - [TEST_STEP][PASSED] - navigateToUrl: Navigate to 'https://ateamexpress.netcourier.net/netcourier-data/' successfully

2018-09-17 19:06:37 - [MESSAGE][PASSED] - Navigate to 'https://ateamexpress.netcourier.net/netcourier-data/' successfully

2018-09-17 19:06:37 - [TEST_STEP][PASSED] - setText: Text 'ate' is set on object 'Object Repository/Page_Metafour User Login/input_Login_access_code'

2018-09-17 19:06:48 - [MESSAGE][PASSED] - Text 'ate' is set on object 'Object Repository/Page_Metafour User Login/input_Login_access_code'

2018-09-17 19:06:48 - [TEST_STEP][PASSED] - setText: Text 'admin' is set on object 'Object Repository/Page_Metafour User Login/input_Login_login'

2018-09-17 19:06:49 - [MESSAGE][PASSED] - Text 'admin' is set on object 'Object Repository/Page_Metafour User Login/input_Login_login'

2018-09-17 19:06:49 - [TEST_STEP][PASSED] - setText: Text 'qtate174u' is set on object 'Object Repository/Page_Metafour User Login/input_Login_j_password'

2018-09-17 19:06:49 - [MESSAGE][PASSED] - Text 'qtate174u' is set on object 'Object Repository/Page_Metafour User Login/input_Login_j_password'

2018-09-17 19:06:49 - [TEST_STEP][PASSED] - click: Object: 'Object Repository/Page_Metafour User Login/button_Sign in' is clicked on

2018-09-17 19:06:54 - [MESSAGE][PASSED] - Object: 'Object Repository/Page_Metafour User Login/button_Sign in' is clicked on

2018-09-17 19:06:54 - [TEST_STEP][PASSED] - delay: Delayed 3 second(s)

2018-09-17 19:06:57 - [MESSAGE][PASSED] - Delayed 3 second(s)

2018-09-17 19:06:57 - [TEST_STEP][PASSED] - verifyElementNotPresent: Web element with id: 'Object Repository/Page_Metafour User Login/div_Sorry login failed' located by 'By.xpath: //div[@id='customerrormessagediv']' is not present after '30' second(s)

2018-09-17 19:06:57 - [MESSAGE][WARNING] - Timeout '0' is invalid. Using default page load timeout: '30'

2018-09-17 19:06:58 - [MESSAGE][PASSED] - Web element with id: 'Object Repository/Page_Metafour User Login/div_Sorry login failed' located by 'By.xpath: //div[@id='customerrormessagediv']' is not present after '30' second(s)

2018-09-17 19:06:58 - [TEST_STEP][PASSED] - closeBrowser: Browser is closed

2018-09-17 19:06:58 - [MESSAGE][PASSED] - Browser is closed]]></system-out>
         <system-err><![CDATA[]]></system-err>
      </testcase>
      <testcase name="Test Cases/nc_bo_login-test" classname="Test Cases/nc_bo_login-test" status="PASSED">
         <system-out><![CDATA[2018-09-17 19:06:58 - [TEST_CASE][PASSED] - Test Cases/nc_bo_login-test: Test Cases/nc_bo_login-test

2018-09-17 19:06:58 - [TEST_STEP][PASSED] - openBrowser: Browser is opened with url: 'https://aands.netcourier.net/netcourier-data/'

2018-09-17 19:07:11 - [MESSAGE][PASSED] - Browser is opened with url: 'https://aands.netcourier.net/netcourier-data/'

2018-09-17 19:07:11 - [TEST_STEP][PASSED] - navigateToUrl: Navigate to 'https://aands.netcourier.net/netcourier-data/' successfully

2018-09-17 19:07:16 - [MESSAGE][PASSED] - Navigate to 'https://aands.netcourier.net/netcourier-data/' successfully

2018-09-17 19:07:16 - [TEST_STEP][PASSED] - setText: Text 'ase' is set on object 'Object Repository/Page_Metafour User Login/input_Login_access_code'

2018-09-17 19:07:22 - [MESSAGE][PASSED] - Text 'ase' is set on object 'Object Repository/Page_Metafour User Login/input_Login_access_code'

2018-09-17 19:07:22 - [TEST_STEP][PASSED] - setText: Text 'admin' is set on object 'Object Repository/Page_Metafour User Login/input_Login_login'

2018-09-17 19:07:23 - [MESSAGE][PASSED] - Text 'admin' is set on object 'Object Repository/Page_Metafour User Login/input_Login_login'

2018-09-17 19:07:23 - [TEST_STEP][PASSED] - setText: Text 'qtase071u' is set on object 'Object Repository/Page_Metafour User Login/input_Login_j_password'

2018-09-17 19:07:23 - [MESSAGE][PASSED] - Text 'qtase071u' is set on object 'Object Repository/Page_Metafour User Login/input_Login_j_password'

2018-09-17 19:07:23 - [TEST_STEP][PASSED] - click: Object: 'Object Repository/Page_Metafour User Login/button_Sign in' is clicked on

2018-09-17 19:07:29 - [MESSAGE][PASSED] - Object: 'Object Repository/Page_Metafour User Login/button_Sign in' is clicked on

2018-09-17 19:07:29 - [TEST_STEP][PASSED] - delay: Delayed 3 second(s)

2018-09-17 19:07:32 - [MESSAGE][PASSED] - Delayed 3 second(s)

2018-09-17 19:07:32 - [TEST_STEP][PASSED] - verifyElementNotPresent: Web element with id: 'Object Repository/Page_Metafour User Login/div_Sorry login failed' located by 'By.xpath: //div[@id='customerrormessagediv']' is not present after '30' second(s)

2018-09-17 19:07:32 - [MESSAGE][WARNING] - Timeout '0' is invalid. Using default page load timeout: '30'

2018-09-17 19:07:32 - [MESSAGE][PASSED] - Web element with id: 'Object Repository/Page_Metafour User Login/div_Sorry login failed' located by 'By.xpath: //div[@id='customerrormessagediv']' is not present after '30' second(s)

2018-09-17 19:07:32 - [TEST_STEP][PASSED] - closeBrowser: Browser is closed

2018-09-17 19:07:32 - [MESSAGE][PASSED] - Browser is closed]]></system-out>
         <system-err><![CDATA[]]></system-err>
      </testcase>
      <testcase name="Test Cases/nc_bo_login-test" classname="Test Cases/nc_bo_login-test" status="PASSED">
         <system-out><![CDATA[2018-09-17 19:07:32 - [TEST_CASE][PASSED] - Test Cases/nc_bo_login-test: Test Cases/nc_bo_login-test

2018-09-17 19:07:32 - [TEST_STEP][PASSED] - openBrowser: Browser is opened with url: 'https://addlee.netcourier.net/netcourier-data'

2018-09-17 19:07:45 - [MESSAGE][PASSED] - Browser is opened with url: 'https://addlee.netcourier.net/netcourier-data'

2018-09-17 19:07:45 - [TEST_STEP][PASSED] - navigateToUrl: Navigate to 'https://addlee.netcourier.net/netcourier-data' successfully

2018-09-17 19:07:50 - [MESSAGE][PASSED] - Navigate to 'https://addlee.netcourier.net/netcourier-data' successfully

2018-09-17 19:07:50 - [TEST_STEP][PASSED] - setText: Text 'uhk' is set on object 'Object Repository/Page_Metafour User Login/input_Login_access_code'

2018-09-17 19:07:56 - [MESSAGE][PASSED] - Text 'uhk' is set on object 'Object Repository/Page_Metafour User Login/input_Login_access_code'

2018-09-17 19:07:56 - [TEST_STEP][PASSED] - setText: Text 'admin' is set on object 'Object Repository/Page_Metafour User Login/input_Login_login'

2018-09-17 19:07:57 - [MESSAGE][PASSED] - Text 'admin' is set on object 'Object Repository/Page_Metafour User Login/input_Login_login'

2018-09-17 19:07:57 - [TEST_STEP][PASSED] - setText: Text 'qtuhk078u' is set on object 'Object Repository/Page_Metafour User Login/input_Login_j_password'

2018-09-17 19:07:57 - [MESSAGE][PASSED] - Text 'qtuhk078u' is set on object 'Object Repository/Page_Metafour User Login/input_Login_j_password'

2018-09-17 19:07:57 - [TEST_STEP][PASSED] - click: Object: 'Object Repository/Page_Metafour User Login/button_Sign in' is clicked on

2018-09-17 19:08:03 - [MESSAGE][PASSED] - Object: 'Object Repository/Page_Metafour User Login/button_Sign in' is clicked on

2018-09-17 19:08:03 - [TEST_STEP][PASSED] - delay: Delayed 3 second(s)

2018-09-17 19:08:06 - [MESSAGE][PASSED] - Delayed 3 second(s)

2018-09-17 19:08:06 - [TEST_STEP][PASSED] - verifyElementNotPresent: Web element with id: 'Object Repository/Page_Metafour User Login/div_Sorry login failed' located by 'By.xpath: //div[@id='customerrormessagediv']' is not present after '30' second(s)

2018-09-17 19:08:07 - [MESSAGE][WARNING] - Timeout '0' is invalid. Using default page load timeout: '30'

2018-09-17 19:08:07 - [MESSAGE][PASSED] - Web element with id: 'Object Repository/Page_Metafour User Login/div_Sorry login failed' located by 'By.xpath: //div[@id='customerrormessagediv']' is not present after '30' second(s)

2018-09-17 19:08:07 - [TEST_STEP][PASSED] - closeBrowser: Browser is closed

2018-09-17 19:08:07 - [MESSAGE][PASSED] - Browser is closed]]></system-out>
         <system-err><![CDATA[]]></system-err>
      </testcase>
      <testcase name="Test Cases/nc_bo_login-test" classname="Test Cases/nc_bo_login-test" status="PASSED">
         <system-out><![CDATA[2018-09-17 19:08:07 - [TEST_CASE][PASSED] - Test Cases/nc_bo_login-test: Test Cases/nc_bo_login-test

2018-09-17 19:08:07 - [TEST_STEP][PASSED] - openBrowser: Browser is opened with url: 'https://aci.netcourier.net/netcourier-data'

2018-09-17 19:08:20 - [MESSAGE][PASSED] - Browser is opened with url: 'https://aci.netcourier.net/netcourier-data'

2018-09-17 19:08:20 - [TEST_STEP][PASSED] - navigateToUrl: Navigate to 'https://aci.netcourier.net/netcourier-data' successfully

2018-09-17 19:08:25 - [MESSAGE][PASSED] - Navigate to 'https://aci.netcourier.net/netcourier-data' successfully

2018-09-17 19:08:25 - [TEST_STEP][PASSED] - setText: Text 'rew' is set on object 'Object Repository/Page_Metafour User Login/input_Login_access_code'

2018-09-17 19:08:35 - [MESSAGE][PASSED] - Text 'rew' is set on object 'Object Repository/Page_Metafour User Login/input_Login_access_code'

2018-09-17 19:08:35 - [TEST_STEP][PASSED] - setText: Text 'admin' is set on object 'Object Repository/Page_Metafour User Login/input_Login_login'

2018-09-17 19:08:35 - [MESSAGE][PASSED] - Text 'admin' is set on object 'Object Repository/Page_Metafour User Login/input_Login_login'

2018-09-17 19:08:35 - [TEST_STEP][PASSED] - setText: Text 'qtrew023u' is set on object 'Object Repository/Page_Metafour User Login/input_Login_j_password'

2018-09-17 19:08:36 - [MESSAGE][PASSED] - Text 'qtrew023u' is set on object 'Object Repository/Page_Metafour User Login/input_Login_j_password'

2018-09-17 19:08:36 - [TEST_STEP][PASSED] - click: Object: 'Object Repository/Page_Metafour User Login/button_Sign in' is clicked on

2018-09-17 19:08:41 - [MESSAGE][PASSED] - Object: 'Object Repository/Page_Metafour User Login/button_Sign in' is clicked on

2018-09-17 19:08:41 - [TEST_STEP][PASSED] - delay: Delayed 3 second(s)

2018-09-17 19:08:44 - [MESSAGE][PASSED] - Delayed 3 second(s)

2018-09-17 19:08:44 - [TEST_STEP][PASSED] - verifyElementNotPresent: Web element with id: 'Object Repository/Page_Metafour User Login/div_Sorry login failed' located by 'By.xpath: //div[@id='customerrormessagediv']' is not present after '30' second(s)

2018-09-17 19:08:44 - [MESSAGE][WARNING] - Timeout '0' is invalid. Using default page load timeout: '30'

2018-09-17 19:08:44 - [MESSAGE][PASSED] - Web element with id: 'Object Repository/Page_Metafour User Login/div_Sorry login failed' located by 'By.xpath: //div[@id='customerrormessagediv']' is not present after '30' second(s)

2018-09-17 19:08:44 - [TEST_STEP][PASSED] - closeBrowser: Browser is closed

2018-09-17 19:08:44 - [MESSAGE][PASSED] - Browser is closed]]></system-out>
         <system-err><![CDATA[]]></system-err>
      </testcase>
      <testcase name="Test Cases/nc_bo_login-test" classname="Test Cases/nc_bo_login-test" status="PASSED">
         <system-out><![CDATA[2018-09-17 19:08:44 - [TEST_CASE][PASSED] - Test Cases/nc_bo_login-test: Test Cases/nc_bo_login-test

2018-09-17 19:08:44 - [TEST_STEP][PASSED] - openBrowser: Browser is opened with url: 'https://ajww.netcourier.net/netcourier-data/'

2018-09-17 19:08:58 - [MESSAGE][PASSED] - Browser is opened with url: 'https://ajww.netcourier.net/netcourier-data/'

2018-09-17 19:08:58 - [TEST_STEP][PASSED] - navigateToUrl: Navigate to 'https://ajww.netcourier.net/netcourier-data/' successfully

2018-09-17 19:09:03 - [MESSAGE][PASSED] - Navigate to 'https://ajww.netcourier.net/netcourier-data/' successfully

2018-09-17 19:09:03 - [TEST_STEP][PASSED] - setText: Text 'ajw' is set on object 'Object Repository/Page_Metafour User Login/input_Login_access_code'

2018-09-17 19:09:09 - [MESSAGE][PASSED] - Text 'ajw' is set on object 'Object Repository/Page_Metafour User Login/input_Login_access_code'

2018-09-17 19:09:09 - [TEST_STEP][PASSED] - setText: Text 'admin' is set on object 'Object Repository/Page_Metafour User Login/input_Login_login'

2018-09-17 19:09:09 - [MESSAGE][PASSED] - Text 'admin' is set on object 'Object Repository/Page_Metafour User Login/input_Login_login'

2018-09-17 19:09:09 - [TEST_STEP][PASSED] - setText: Text 'qtajw084u' is set on object 'Object Repository/Page_Metafour User Login/input_Login_j_password'

2018-09-17 19:09:10 - [MESSAGE][PASSED] - Text 'qtajw084u' is set on object 'Object Repository/Page_Metafour User Login/input_Login_j_password'

2018-09-17 19:09:10 - [TEST_STEP][PASSED] - click: Object: 'Object Repository/Page_Metafour User Login/button_Sign in' is clicked on

2018-09-17 19:09:16 - [MESSAGE][PASSED] - Object: 'Object Repository/Page_Metafour User Login/button_Sign in' is clicked on

2018-09-17 19:09:16 - [TEST_STEP][PASSED] - delay: Delayed 3 second(s)

2018-09-17 19:09:19 - [MESSAGE][PASSED] - Delayed 3 second(s)

2018-09-17 19:09:19 - [TEST_STEP][PASSED] - verifyElementNotPresent: Web element with id: 'Object Repository/Page_Metafour User Login/div_Sorry login failed' located by 'By.xpath: //div[@id='customerrormessagediv']' is not present after '30' second(s)

2018-09-17 19:09:19 - [MESSAGE][WARNING] - Timeout '0' is invalid. Using default page load timeout: '30'

2018-09-17 19:09:19 - [MESSAGE][PASSED] - Web element with id: 'Object Repository/Page_Metafour User Login/div_Sorry login failed' located by 'By.xpath: //div[@id='customerrormessagediv']' is not present after '30' second(s)

2018-09-17 19:09:19 - [TEST_STEP][PASSED] - closeBrowser: Browser is closed

2018-09-17 19:09:19 - [MESSAGE][PASSED] - Browser is closed]]></system-out>
         <system-err><![CDATA[]]></system-err>
      </testcase>
      <testcase name="Test Cases/nc_bo_login-test" classname="Test Cases/nc_bo_login-test" status="PASSED">
         <system-out><![CDATA[2018-09-17 19:09:19 - [TEST_CASE][PASSED] - Test Cases/nc_bo_login-test: Test Cases/nc_bo_login-test

2018-09-17 19:09:19 - [TEST_STEP][PASSED] - openBrowser: Browser is opened with url: 'http://allenovery.netcourier.net/netcourier-data/'

2018-09-17 19:09:32 - [MESSAGE][PASSED] - Browser is opened with url: 'http://allenovery.netcourier.net/netcourier-data/'

2018-09-17 19:09:32 - [TEST_STEP][PASSED] - navigateToUrl: Navigate to 'http://allenovery.netcourier.net/netcourier-data/' successfully

2018-09-17 19:09:38 - [MESSAGE][PASSED] - Navigate to 'http://allenovery.netcourier.net/netcourier-data/' successfully

2018-09-17 19:09:38 - [TEST_STEP][PASSED] - setText: Text 'all' is set on object 'Object Repository/Page_Metafour User Login/input_Login_access_code'

2018-09-17 19:09:44 - [MESSAGE][PASSED] - Text 'all' is set on object 'Object Repository/Page_Metafour User Login/input_Login_access_code'

2018-09-17 19:09:44 - [TEST_STEP][PASSED] - setText: Text 'admin' is set on object 'Object Repository/Page_Metafour User Login/input_Login_login'

2018-09-17 19:09:44 - [MESSAGE][PASSED] - Text 'admin' is set on object 'Object Repository/Page_Metafour User Login/input_Login_login'

2018-09-17 19:09:44 - [TEST_STEP][PASSED] - setText: Text 'qtall047u' is set on object 'Object Repository/Page_Metafour User Login/input_Login_j_password'

2018-09-17 19:09:45 - [MESSAGE][PASSED] - Text 'qtall047u' is set on object 'Object Repository/Page_Metafour User Login/input_Login_j_password'

2018-09-17 19:09:45 - [TEST_STEP][PASSED] - click: Object: 'Object Repository/Page_Metafour User Login/button_Sign in' is clicked on

2018-09-17 19:09:51 - [MESSAGE][PASSED] - Object: 'Object Repository/Page_Metafour User Login/button_Sign in' is clicked on

2018-09-17 19:09:51 - [TEST_STEP][PASSED] - delay: Delayed 3 second(s)

2018-09-17 19:09:54 - [MESSAGE][PASSED] - Delayed 3 second(s)

2018-09-17 19:09:54 - [TEST_STEP][PASSED] - verifyElementNotPresent: Web element with id: 'Object Repository/Page_Metafour User Login/div_Sorry login failed' located by 'By.xpath: //div[@id='customerrormessagediv']' is not present after '30' second(s)

2018-09-17 19:09:54 - [MESSAGE][WARNING] - Timeout '0' is invalid. Using default page load timeout: '30'

2018-09-17 19:09:54 - [MESSAGE][PASSED] - Web element with id: 'Object Repository/Page_Metafour User Login/div_Sorry login failed' located by 'By.xpath: //div[@id='customerrormessagediv']' is not present after '30' second(s)

2018-09-17 19:09:54 - [TEST_STEP][PASSED] - closeBrowser: Browser is closed

2018-09-17 19:09:54 - [MESSAGE][PASSED] - Browser is closed]]></system-out>
         <system-err><![CDATA[]]></system-err>
      </testcase>
      <testcase name="Test Cases/nc_bo_login-test" classname="Test Cases/nc_bo_login-test" status="INCOMPLETE">
         <system-out><![CDATA[2018-09-17 19:09:54 - [TEST_CASE][INCOMPLETE] - Test Cases/nc_bo_login-test: null

2018-09-17 19:09:54 - [TEST_STEP][INCOMPLETE] - openBrowser: Starting 'Firefox' driver]]></system-out>
         <system-err><![CDATA[2018-09-17 19:09:54 - [TEST_CASE][INCOMPLETE] - Test Cases/nc_bo_login-test: null]]></system-err>
      </testcase>
      <system-out><![CDATA[2018-09-17 19:06:16 - [TEST_SUITE][INCOMPLETE] - logintest1: null]]></system-out>
      <system-err><![CDATA[2018-09-17 19:06:16 - [TEST_SUITE][INCOMPLETE] - logintest1: null]]></system-err>
   </testsuite>
</testsuites>
