<?xml version="1.0" encoding="UTF-8"?>
<testsuites name="nc-cp-bo-login-test-suit" time="2912" tests="112" failures="18" errors="0">
   <testsuite name="nc-cp-bo-login-test-suit" tests="112" failures="18" errors="0" time="2912" timestamp="2018-09-26 10:55:24" hostname="Mazhar - mazhar-pc.metafour.lan" id="Test Suites/nc-cp-bo-login-test-suit">
      <properties>
         <property name="deviceName" value=""/>
         <property name="devicePlatform" value=""/>
         <property name="logFolder" value="C:\\Users\\mazha\\Katalon Studio\\m4-monitoring\\Reports\\nc-cp-bo-login-test-suit\\20180926_105521"/>
         <property name="logFiles" value="C:\\Users\\mazha\\Katalon Studio\\m4-monitoring\\Reports\\nc-cp-bo-login-test-suit\\20180926_105521\\execution0.log"/>
         <property name="attachments" value="C:\\Users\\mazha\\Katalon Studio\\m4-monitoring\\Reports\\nc-cp-bo-login-test-suit\\20180926_105521\\1537937813063.png, C:\\Users\\mazha\\Katalon Studio\\m4-monitoring\\Reports\\nc-cp-bo-login-test-suit\\20180926_105521\\1537937813330.png, C:\\Users\\mazha\\Katalon Studio\\m4-monitoring\\Reports\\nc-cp-bo-login-test-suit\\20180926_105521\\1537937882079.png, C:\\Users\\mazha\\Katalon Studio\\m4-monitoring\\Reports\\nc-cp-bo-login-test-suit\\20180926_105521\\1537937976523.png, C:\\Users\\mazha\\Katalon Studio\\m4-monitoring\\Reports\\nc-cp-bo-login-test-suit\\20180926_105521\\1537937976771.png, C:\\Users\\mazha\\Katalon Studio\\m4-monitoring\\Reports\\nc-cp-bo-login-test-suit\\20180926_105521\\1537938030975.png, C:\\Users\\mazha\\Katalon Studio\\m4-monitoring\\Reports\\nc-cp-bo-login-test-suit\\20180926_105521\\1537938031221.png, C:\\Users\\mazha\\Katalon Studio\\m4-monitoring\\Reports\\nc-cp-bo-login-test-suit\\20180926_105521\\1537938086692.png, C:\\Users\\mazha\\Katalon Studio\\m4-monitoring\\Reports\\nc-cp-bo-login-test-suit\\20180926_105521\\1537938086952.png, C:\\Users\\mazha\\Katalon Studio\\m4-monitoring\\Reports\\nc-cp-bo-login-test-suit\\20180926_105521\\1537938128294.png, C:\\Users\\mazha\\Katalon Studio\\m4-monitoring\\Reports\\nc-cp-bo-login-test-suit\\20180926_105521\\1537938128539.png, C:\\Users\\mazha\\Katalon Studio\\m4-monitoring\\Reports\\nc-cp-bo-login-test-suit\\20180926_105521\\1537938462299.png, C:\\Users\\mazha\\Katalon Studio\\m4-monitoring\\Reports\\nc-cp-bo-login-test-suit\\20180926_105521\\1537938462557.png, C:\\Users\\mazha\\Katalon Studio\\m4-monitoring\\Reports\\nc-cp-bo-login-test-suit\\20180926_105521\\1537938653406.png, C:\\Users\\mazha\\Katalon Studio\\m4-monitoring\\Reports\\nc-cp-bo-login-test-suit\\20180926_105521\\1537938653655.png, C:\\Users\\mazha\\Katalon Studio\\m4-monitoring\\Reports\\nc-cp-bo-login-test-suit\\20180926_105521\\1537938699032.png, C:\\Users\\mazha\\Katalon Studio\\m4-monitoring\\Reports\\nc-cp-bo-login-test-suit\\20180926_105521\\1537938699283.png, C:\\Users\\mazha\\Katalon Studio\\m4-monitoring\\Reports\\nc-cp-bo-login-test-suit\\20180926_105521\\1537938806291.png, C:\\Users\\mazha\\Katalon Studio\\m4-monitoring\\Reports\\nc-cp-bo-login-test-suit\\20180926_105521\\1537938806499.png, C:\\Users\\mazha\\Katalon Studio\\m4-monitoring\\Reports\\nc-cp-bo-login-test-suit\\20180926_105521\\1537938950282.png, C:\\Users\\mazha\\Katalon Studio\\m4-monitoring\\Reports\\nc-cp-bo-login-test-suit\\20180926_105521\\1537938950537.png, C:\\Users\\mazha\\Katalon Studio\\m4-monitoring\\Reports\\nc-cp-bo-login-test-suit\\20180926_105521\\1537939015466.png, C:\\Users\\mazha\\Katalon Studio\\m4-monitoring\\Reports\\nc-cp-bo-login-test-suit\\20180926_105521\\1537939015725.png, C:\\Users\\mazha\\Katalon Studio\\m4-monitoring\\Reports\\nc-cp-bo-login-test-suit\\20180926_105521\\1537939066563.png, C:\\Users\\mazha\\Katalon Studio\\m4-monitoring\\Reports\\nc-cp-bo-login-test-suit\\20180926_105521\\1537939066819.png, C:\\Users\\mazha\\Katalon Studio\\m4-monitoring\\Reports\\nc-cp-bo-login-test-suit\\20180926_105521\\1537939133453.png, C:\\Users\\mazha\\Katalon Studio\\m4-monitoring\\Reports\\nc-cp-bo-login-test-suit\\20180926_105521\\1537939133729.png, C:\\Users\\mazha\\Katalon Studio\\m4-monitoring\\Reports\\nc-cp-bo-login-test-suit\\20180926_105521\\1537939553205.png, C:\\Users\\mazha\\Katalon Studio\\m4-monitoring\\Reports\\nc-cp-bo-login-test-suit\\20180926_105521\\1537939745602.png, C:\\Users\\mazha\\Katalon Studio\\m4-monitoring\\Reports\\nc-cp-bo-login-test-suit\\20180926_105521\\1537940360247.png, C:\\Users\\mazha\\Katalon Studio\\m4-monitoring\\Reports\\nc-cp-bo-login-test-suit\\20180926_105521\\1537940541207.png, C:\\Users\\mazha\\Katalon Studio\\m4-monitoring\\Reports\\nc-cp-bo-login-test-suit\\20180926_105521\\1537940541465.png"/>
         <property name="hostName" value="Mazhar - mazhar-pc.metafour.lan"/>
         <property name="os" value="Windows 10 64bit"/>
         <property name="katalonVersion" value="5.7.1.1"/>
         <property name="browser" value="Chrome 69.0.3497.100"/>
         <property name="hostAddress" value="192.168.0.60"/>
         <property name="sessionId" value="c569f7c94da925de9667cd8724a689ee"/>
         <property name="seleniumVersion" value="3.7.1"/>
         <property name="proxyInformation" value="ProxyInformation{proxyOption=NO_PROXY, proxyServerType=HTTP, password=, proxyServerAddress=, proxyServerPort=0}"/>
         <property name="platform" value="Windows 10"/>
      </properties>
      <testcase name="Test Cases/nc_cp_login_test" classname="Test Cases/nc_cp_login_test" status="PASSED">
         <system-out><![CDATA[2018-09-26 10:55:24 - [TEST_CASE][PASSED] - Test Cases/nc_cp_login_test: Test Cases/nc_cp_login_test

2018-09-26 10:55:25 - [TEST_STEP][PASSED] - openBrowser: Browser is opened with url: 'https://360.netcourier.net/metafour-auth/authenticate?appId=clon&accessCode=&continue=/online/authenticated'

2018-09-26 10:55:33 - [MESSAGE][PASSED] - Browser is opened with url: 'https://360.netcourier.net/metafour-auth/authenticate?appId=clon&accessCode=&continue=/online/authenticated'

2018-09-26 10:55:33 - [TEST_STEP][PASSED] - navigateToUrl: Navigate to 'https://360.netcourier.net/metafour-auth/authenticate?appId=clon&accessCode=&continue=/online/authenticated' successfully

2018-09-26 10:55:34 - [MESSAGE][PASSED] - Navigate to 'https://360.netcourier.net/metafour-auth/authenticate?appId=clon&accessCode=&continue=/online/authenticated' successfully

2018-09-26 10:55:34 - [TEST_STEP][PASSED] - setText: Text 'dumm' is set on object 'Object Repository/Page_Metafour User Login/input_Login_access_code'

2018-09-26 10:55:34 - [MESSAGE][PASSED] - Text 'dumm' is set on object 'Object Repository/Page_Metafour User Login/input_Login_access_code'

2018-09-26 10:55:34 - [TEST_STEP][PASSED] - setText: Text 'Jony' is set on object 'Object Repository/Page_Metafour User Login/input_Login_login'

2018-09-26 10:55:34 - [MESSAGE][PASSED] - Text 'Jony' is set on object 'Object Repository/Page_Metafour User Login/input_Login_login'

2018-09-26 10:55:34 - [TEST_STEP][PASSED] - setText: Text '1234' is set on object 'Object Repository/Page_Metafour User Login/input_Login_j_password'

2018-09-26 10:55:34 - [MESSAGE][PASSED] - Text '1234' is set on object 'Object Repository/Page_Metafour User Login/input_Login_j_password'

2018-09-26 10:55:34 - [TEST_STEP][PASSED] - click: Object: 'Object Repository/Page_Metafour User Login/button_Sign in' is clicked on

2018-09-26 10:55:39 - [MESSAGE][PASSED] - Object: 'Object Repository/Page_Metafour User Login/button_Sign in' is clicked on

2018-09-26 10:55:39 - [TEST_STEP][PASSED] - delay: Delayed 3 second(s)

2018-09-26 10:55:42 - [MESSAGE][PASSED] - Delayed 3 second(s)

2018-09-26 10:55:42 - [TEST_STEP][PASSED] - verifyElementNotPresent: Web element with id: 'Object Repository/Page_Metafour User Login/div_Sorry login failed' located by 'By.xpath: //div[@id='customerrormessagediv']' is not present after '30' second(s)

2018-09-26 10:55:42 - [MESSAGE][WARNING] - Timeout '0' is invalid. Using default page load timeout: '30'

2018-09-26 10:55:42 - [MESSAGE][PASSED] - Web element with id: 'Object Repository/Page_Metafour User Login/div_Sorry login failed' located by 'By.xpath: //div[@id='customerrormessagediv']' is not present after '30' second(s)

2018-09-26 10:55:42 - [TEST_STEP][PASSED] - closeBrowser: Browser is closed

2018-09-26 10:55:43 - [MESSAGE][PASSED] - Browser is closed]]></system-out>
         <system-err><![CDATA[]]></system-err>
      </testcase>
      <testcase name="Test Cases/nc_cp_login_test" classname="Test Cases/nc_cp_login_test" status="PASSED">
         <system-out><![CDATA[2018-09-26 10:55:43 - [TEST_CASE][PASSED] - Test Cases/nc_cp_login_test: Test Cases/nc_cp_login_test

2018-09-26 10:55:43 - [TEST_STEP][PASSED] - openBrowser: Browser is opened with url: 'https://ateamexpress.netcourier.net/metafour-auth/authenticate?appId=clon&accessCode=&continue=/online/authenticated'

2018-09-26 10:55:50 - [MESSAGE][PASSED] - Browser is opened with url: 'https://ateamexpress.netcourier.net/metafour-auth/authenticate?appId=clon&accessCode=&continue=/online/authenticated'

2018-09-26 10:55:50 - [TEST_STEP][PASSED] - navigateToUrl: Navigate to 'https://ateamexpress.netcourier.net/metafour-auth/authenticate?appId=clon&accessCode=&continue=/online/authenticated' successfully

2018-09-26 10:55:50 - [MESSAGE][PASSED] - Navigate to 'https://ateamexpress.netcourier.net/metafour-auth/authenticate?appId=clon&accessCode=&continue=/online/authenticated' successfully

2018-09-26 10:55:50 - [TEST_STEP][PASSED] - setText: Text 'ACME' is set on object 'Object Repository/Page_Metafour User Login/input_Login_access_code'

2018-09-26 10:55:50 - [MESSAGE][PASSED] - Text 'ACME' is set on object 'Object Repository/Page_Metafour User Login/input_Login_access_code'

2018-09-26 10:55:50 - [TEST_STEP][PASSED] - setText: Text 'Jony' is set on object 'Object Repository/Page_Metafour User Login/input_Login_login'

2018-09-26 10:55:50 - [MESSAGE][PASSED] - Text 'Jony' is set on object 'Object Repository/Page_Metafour User Login/input_Login_login'

2018-09-26 10:55:50 - [TEST_STEP][PASSED] - setText: Text '1234' is set on object 'Object Repository/Page_Metafour User Login/input_Login_j_password'

2018-09-26 10:55:50 - [MESSAGE][PASSED] - Text '1234' is set on object 'Object Repository/Page_Metafour User Login/input_Login_j_password'

2018-09-26 10:55:50 - [TEST_STEP][PASSED] - click: Object: 'Object Repository/Page_Metafour User Login/button_Sign in' is clicked on

2018-09-26 10:55:55 - [MESSAGE][PASSED] - Object: 'Object Repository/Page_Metafour User Login/button_Sign in' is clicked on

2018-09-26 10:55:55 - [TEST_STEP][PASSED] - delay: Delayed 3 second(s)

2018-09-26 10:55:58 - [MESSAGE][PASSED] - Delayed 3 second(s)

2018-09-26 10:55:58 - [TEST_STEP][PASSED] - verifyElementNotPresent: Web element with id: 'Object Repository/Page_Metafour User Login/div_Sorry login failed' located by 'By.xpath: //div[@id='customerrormessagediv']' is not present after '30' second(s)

2018-09-26 10:55:58 - [MESSAGE][WARNING] - Timeout '0' is invalid. Using default page load timeout: '30'

2018-09-26 10:55:58 - [MESSAGE][PASSED] - Web element with id: 'Object Repository/Page_Metafour User Login/div_Sorry login failed' located by 'By.xpath: //div[@id='customerrormessagediv']' is not present after '30' second(s)

2018-09-26 10:55:58 - [TEST_STEP][PASSED] - closeBrowser: Browser is closed

2018-09-26 10:55:58 - [MESSAGE][PASSED] - Browser is closed]]></system-out>
         <system-err><![CDATA[]]></system-err>
      </testcase>
      <testcase name="Test Cases/nc_cp_login_test" classname="Test Cases/nc_cp_login_test" status="PASSED">
         <system-out><![CDATA[2018-09-26 10:55:58 - [TEST_CASE][PASSED] - Test Cases/nc_cp_login_test: Test Cases/nc_cp_login_test

2018-09-26 10:55:58 - [TEST_STEP][PASSED] - openBrowser: Browser is opened with url: 'http://aands.metafour.com/metafour-auth/authenticate?appId=clon&accessCode=&continue=/online/authenticated'

2018-09-26 10:56:04 - [MESSAGE][PASSED] - Browser is opened with url: 'http://aands.metafour.com/metafour-auth/authenticate?appId=clon&accessCode=&continue=/online/authenticated'

2018-09-26 10:56:04 - [TEST_STEP][PASSED] - navigateToUrl: Navigate to 'http://aands.metafour.com/metafour-auth/authenticate?appId=clon&accessCode=&continue=/online/authenticated' successfully

2018-09-26 10:56:05 - [MESSAGE][PASSED] - Navigate to 'http://aands.metafour.com/metafour-auth/authenticate?appId=clon&accessCode=&continue=/online/authenticated' successfully

2018-09-26 10:56:05 - [TEST_STEP][PASSED] - setText: Text 'dummy' is set on object 'Object Repository/Page_Metafour User Login/input_Login_access_code'

2018-09-26 10:56:05 - [MESSAGE][PASSED] - Text 'dummy' is set on object 'Object Repository/Page_Metafour User Login/input_Login_access_code'

2018-09-26 10:56:05 - [TEST_STEP][PASSED] - setText: Text 'clon' is set on object 'Object Repository/Page_Metafour User Login/input_Login_login'

2018-09-26 10:56:05 - [MESSAGE][PASSED] - Text 'clon' is set on object 'Object Repository/Page_Metafour User Login/input_Login_login'

2018-09-26 10:56:05 - [TEST_STEP][PASSED] - setText: Text 'clon' is set on object 'Object Repository/Page_Metafour User Login/input_Login_j_password'

2018-09-26 10:56:05 - [MESSAGE][PASSED] - Text 'clon' is set on object 'Object Repository/Page_Metafour User Login/input_Login_j_password'

2018-09-26 10:56:05 - [TEST_STEP][PASSED] - click: Object: 'Object Repository/Page_Metafour User Login/button_Sign in' is clicked on

2018-09-26 10:56:09 - [MESSAGE][PASSED] - Object: 'Object Repository/Page_Metafour User Login/button_Sign in' is clicked on

2018-09-26 10:56:09 - [TEST_STEP][PASSED] - delay: Delayed 3 second(s)

2018-09-26 10:56:12 - [MESSAGE][PASSED] - Delayed 3 second(s)

2018-09-26 10:56:12 - [TEST_STEP][PASSED] - verifyElementNotPresent: Web element with id: 'Object Repository/Page_Metafour User Login/div_Sorry login failed' located by 'By.xpath: //div[@id='customerrormessagediv']' is not present after '30' second(s)

2018-09-26 10:56:12 - [MESSAGE][WARNING] - Timeout '0' is invalid. Using default page load timeout: '30'

2018-09-26 10:56:12 - [MESSAGE][PASSED] - Web element with id: 'Object Repository/Page_Metafour User Login/div_Sorry login failed' located by 'By.xpath: //div[@id='customerrormessagediv']' is not present after '30' second(s)

2018-09-26 10:56:12 - [TEST_STEP][PASSED] - closeBrowser: Browser is closed

2018-09-26 10:56:13 - [MESSAGE][PASSED] - Browser is closed]]></system-out>
         <system-err><![CDATA[]]></system-err>
      </testcase>
      <testcase name="Test Cases/nc_cp_login_test" classname="Test Cases/nc_cp_login_test" status="FAILED">
         <failure type="FAILED" message="(Stack trace: com.kms.katalon.core.exception.StepFailedException: Unable to verify object 'Object Repository/Page_Metafour User Login/div_Sorry login failed' is not present (Root cause: Web element with id: 'Object Repository/Page_Metafour User Login/div_Sorry login failed' located by 'By.xpath: //div[@id='customerrormessagediv']' is present after '30' second(s))
	at com.kms.katalon.core.keyword.internal.KeywordMain.stepFailed(KeywordMain.groovy:36)
	at com.kms.katalon.core.webui.keyword.internal.WebUIKeywordMain.stepFailed(WebUIKeywordMain.groovy:65)
	at com.kms.katalon.core.webui.keyword.internal.WebUIKeywordMain.runKeyword(WebUIKeywordMain.groovy:27)
	at com.kms.katalon.core.webui.keyword.builtin.VerifyElementNotPresentKeyword.verifyElementNotPresent(VerifyElementNotPresentKeyword.groovy:118)
	at com.kms.katalon.core.webui.keyword.builtin.VerifyElementNotPresentKeyword.execute(VerifyElementNotPresentKeyword.groovy:68)
	at com.kms.katalon.core.keyword.internal.KeywordExecutor.executeKeywordForPlatform(KeywordExecutor.groovy:53)
	at com.kms.katalon.core.webui.keyword.WebUiBuiltInKeywords.verifyElementNotPresent(WebUiBuiltInKeywords.groovy:1467)
	at com.kms.katalon.core.webui.keyword.WebUiBuiltInKeywords$verifyElementNotPresent$3.call(Unknown Source)
	at Script1537190043452.run(Script1537190043452.groovy:31)
	at com.kms.katalon.core.main.ScriptEngine.run(ScriptEngine.java:183)
	at com.kms.katalon.core.main.ScriptEngine.runScriptAsRawText(ScriptEngine.java:108)
	at com.kms.katalon.core.main.TestCaseExecutor.runScript(TestCaseExecutor.java:294)
	at com.kms.katalon.core.main.TestCaseExecutor.doExecute(TestCaseExecutor.java:285)
	at com.kms.katalon.core.main.TestCaseExecutor.processExecutionPhase(TestCaseExecutor.java:264)
	at com.kms.katalon.core.main.TestCaseExecutor.accessMainPhase(TestCaseExecutor.java:256)
	at com.kms.katalon.core.main.TestCaseExecutor.execute(TestCaseExecutor.java:200)
	at com.kms.katalon.core.main.TestSuiteExecutor.accessTestCaseMainPhase(TestSuiteExecutor.java:129)
	at com.kms.katalon.core.main.TestSuiteExecutor.accessTestSuiteMainPhase(TestSuiteExecutor.java:112)
	at com.kms.katalon.core.main.TestSuiteExecutor.execute(TestSuiteExecutor.java:81)
	at com.kms.katalon.core.main.TestCaseMain.startTestSuite(TestCaseMain.java:142)
	at com.kms.katalon.core.main.TestCaseMain$startTestSuite$0.call(Unknown Source)
	at org.codehaus.groovy.runtime.callsite.CallSiteArray.defaultCall(CallSiteArray.java:48)
	at org.codehaus.groovy.runtime.callsite.AbstractCallSite.call(AbstractCallSite.java:113)
	at org.codehaus.groovy.runtime.callsite.AbstractCallSite.call(AbstractCallSite.java:141)
	at TempTestSuite1537937721688.run(TempTestSuite1537937721688.groovy:36)
	at groovy.lang.GroovyShell.runScriptOrMainOrTestOrRunnable(GroovyShell.java:263)
	at groovy.lang.GroovyShell.run(GroovyShell.java:518)
	at groovy.lang.GroovyShell.run(GroovyShell.java:507)
	at groovy.ui.GroovyMain.processOnce(GroovyMain.java:653)
	at groovy.ui.GroovyMain.run(GroovyMain.java:384)
	at groovy.ui.GroovyMain.process(GroovyMain.java:370)
	at groovy.ui.GroovyMain.processArgs(GroovyMain.java:129)
	at groovy.ui.GroovyMain.main(GroovyMain.java:109)
	at sun.reflect.NativeMethodAccessorImpl.invoke0(Native Method)
	at sun.reflect.NativeMethodAccessorImpl.invoke(NativeMethodAccessorImpl.java:62)
	at sun.reflect.DelegatingMethodAccessorImpl.invoke(DelegatingMethodAccessorImpl.java:43)
	at java.lang.reflect.Method.invoke(Method.java:498)
	at org.codehaus.groovy.tools.GroovyStarter.rootLoader(GroovyStarter.java:109)
	at org.codehaus.groovy.tools.GroovyStarter.main(GroovyStarter.java:131)
)"/>
         <system-out><![CDATA[2018-09-26 10:56:13 - [TEST_CASE][FAILED] - Test Cases/nc_cp_login_test: Test Cases/nc_cp_login_test FAILED because (of) (Stack trace: com.kms.katalon.core.exception.StepFailedException: Unable to verify object 'Object Repository/Page_Metafour User Login/div_Sorry login failed' is not present (Root cause: Web element with id: 'Object Repository/Page_Metafour User Login/div_Sorry login failed' located by 'By.xpath: //div[@id='customerrormessagediv']' is present after '30' second(s))
	at com.kms.katalon.core.keyword.internal.KeywordMain.stepFailed(KeywordMain.groovy:36)
	at com.kms.katalon.core.webui.keyword.internal.WebUIKeywordMain.stepFailed(WebUIKeywordMain.groovy:65)
	at com.kms.katalon.core.webui.keyword.internal.WebUIKeywordMain.runKeyword(WebUIKeywordMain.groovy:27)
	at com.kms.katalon.core.webui.keyword.builtin.VerifyElementNotPresentKeyword.verifyElementNotPresent(VerifyElementNotPresentKeyword.groovy:118)
	at com.kms.katalon.core.webui.keyword.builtin.VerifyElementNotPresentKeyword.execute(VerifyElementNotPresentKeyword.groovy:68)
	at com.kms.katalon.core.keyword.internal.KeywordExecutor.executeKeywordForPlatform(KeywordExecutor.groovy:53)
	at com.kms.katalon.core.webui.keyword.WebUiBuiltInKeywords.verifyElementNotPresent(WebUiBuiltInKeywords.groovy:1467)
	at com.kms.katalon.core.webui.keyword.WebUiBuiltInKeywords$verifyElementNotPresent$3.call(Unknown Source)
	at Script1537190043452.run(Script1537190043452.groovy:31)
	at com.kms.katalon.core.main.ScriptEngine.run(ScriptEngine.java:183)
	at com.kms.katalon.core.main.ScriptEngine.runScriptAsRawText(ScriptEngine.java:108)
	at com.kms.katalon.core.main.TestCaseExecutor.runScript(TestCaseExecutor.java:294)
	at com.kms.katalon.core.main.TestCaseExecutor.doExecute(TestCaseExecutor.java:285)
	at com.kms.katalon.core.main.TestCaseExecutor.processExecutionPhase(TestCaseExecutor.java:264)
	at com.kms.katalon.core.main.TestCaseExecutor.accessMainPhase(TestCaseExecutor.java:256)
	at com.kms.katalon.core.main.TestCaseExecutor.execute(TestCaseExecutor.java:200)
	at com.kms.katalon.core.main.TestSuiteExecutor.accessTestCaseMainPhase(TestSuiteExecutor.java:129)
	at com.kms.katalon.core.main.TestSuiteExecutor.accessTestSuiteMainPhase(TestSuiteExecutor.java:112)
	at com.kms.katalon.core.main.TestSuiteExecutor.execute(TestSuiteExecutor.java:81)
	at com.kms.katalon.core.main.TestCaseMain.startTestSuite(TestCaseMain.java:142)
	at com.kms.katalon.core.main.TestCaseMain$startTestSuite$0.call(Unknown Source)
	at org.codehaus.groovy.runtime.callsite.CallSiteArray.defaultCall(CallSiteArray.java:48)
	at org.codehaus.groovy.runtime.callsite.AbstractCallSite.call(AbstractCallSite.java:113)
	at org.codehaus.groovy.runtime.callsite.AbstractCallSite.call(AbstractCallSite.java:141)
	at TempTestSuite1537937721688.run(TempTestSuite1537937721688.groovy:36)
	at groovy.lang.GroovyShell.runScriptOrMainOrTestOrRunnable(GroovyShell.java:263)
	at groovy.lang.GroovyShell.run(GroovyShell.java:518)
	at groovy.lang.GroovyShell.run(GroovyShell.java:507)
	at groovy.ui.GroovyMain.processOnce(GroovyMain.java:653)
	at groovy.ui.GroovyMain.run(GroovyMain.java:384)
	at groovy.ui.GroovyMain.process(GroovyMain.java:370)
	at groovy.ui.GroovyMain.processArgs(GroovyMain.java:129)
	at groovy.ui.GroovyMain.main(GroovyMain.java:109)
	at sun.reflect.NativeMethodAccessorImpl.invoke0(Native Method)
	at sun.reflect.NativeMethodAccessorImpl.invoke(NativeMethodAccessorImpl.java:62)
	at sun.reflect.DelegatingMethodAccessorImpl.invoke(DelegatingMethodAccessorImpl.java:43)
	at java.lang.reflect.Method.invoke(Method.java:498)
	at org.codehaus.groovy.tools.GroovyStarter.rootLoader(GroovyStarter.java:109)
	at org.codehaus.groovy.tools.GroovyStarter.main(GroovyStarter.java:131)
)

2018-09-26 10:56:13 - [TEST_STEP][PASSED] - openBrowser: Browser is opened with url: 'https://addlee.netcourier.net/metafour-auth/authenticate?appId=clon&accessCode=&continue=/online/authenticated'

2018-09-26 10:56:18 - [MESSAGE][PASSED] - Browser is opened with url: 'https://addlee.netcourier.net/metafour-auth/authenticate?appId=clon&accessCode=&continue=/online/authenticated'

2018-09-26 10:56:18 - [TEST_STEP][PASSED] - navigateToUrl: Navigate to 'https://addlee.netcourier.net/metafour-auth/authenticate?appId=clon&accessCode=&continue=/online/authenticated' successfully

2018-09-26 10:56:18 - [MESSAGE][PASSED] - Navigate to 'https://addlee.netcourier.net/metafour-auth/authenticate?appId=clon&accessCode=&continue=/online/authenticated' successfully

2018-09-26 10:56:18 - [TEST_STEP][PASSED] - setText: Text 'dummy' is set on object 'Object Repository/Page_Metafour User Login/input_Login_access_code'

2018-09-26 10:56:18 - [MESSAGE][PASSED] - Text 'dummy' is set on object 'Object Repository/Page_Metafour User Login/input_Login_access_code'

2018-09-26 10:56:18 - [TEST_STEP][PASSED] - setText: Text 'Hasan' is set on object 'Object Repository/Page_Metafour User Login/input_Login_login'

2018-09-26 10:56:18 - [MESSAGE][PASSED] - Text 'Hasan' is set on object 'Object Repository/Page_Metafour User Login/input_Login_login'

2018-09-26 10:56:18 - [TEST_STEP][PASSED] - setText: Text 'MFasia%123' is set on object 'Object Repository/Page_Metafour User Login/input_Login_j_password'

2018-09-26 10:56:18 - [MESSAGE][PASSED] - Text 'MFasia%123' is set on object 'Object Repository/Page_Metafour User Login/input_Login_j_password'

2018-09-26 10:56:18 - [TEST_STEP][PASSED] - click: Object: 'Object Repository/Page_Metafour User Login/button_Sign in' is clicked on

2018-09-26 10:56:19 - [MESSAGE][PASSED] - Object: 'Object Repository/Page_Metafour User Login/button_Sign in' is clicked on

2018-09-26 10:56:19 - [TEST_STEP][PASSED] - delay: Delayed 3 second(s)

2018-09-26 10:56:22 - [MESSAGE][PASSED] - Delayed 3 second(s)

2018-09-26 10:56:22 - [TEST_STEP][FAILED] - verifyElementNotPresent: Unable to verify object 'Object Repository/Page_Metafour User Login/div_Sorry login failed' is not present (Root cause: Web element with id: 'Object Repository/Page_Metafour User Login/div_Sorry login failed' located by 'By.xpath: //div[@id='customerrormessagediv']' is present after '30' second(s))

2018-09-26 10:56:22 - [MESSAGE][WARNING] - Timeout '0' is invalid. Using default page load timeout: '30'

2018-09-26 10:56:53 - [MESSAGE][FAILED] - Web element with id: 'Object Repository/Page_Metafour User Login/div_Sorry login failed' located by 'By.xpath: //div[@id='customerrormessagediv']' is present after '30' second(s)
[[ATTACHMENT|C:\\Users\\mazha\\Katalon Studio\\m4-monitoring\\Reports\\nc-cp-bo-login-test-suit\\20180926_105521\\1537937813063.png]]

2018-09-26 10:56:53 - [MESSAGE][FAILED] - Unable to verify object 'Object Repository/Page_Metafour User Login/div_Sorry login failed' is not present (Root cause: Web element with id: 'Object Repository/Page_Metafour User Login/div_Sorry login failed' located by 'By.xpath: //div[@id='customerrormessagediv']' is present after '30' second(s))
[[ATTACHMENT|C:\\Users\\mazha\\Katalon Studio\\m4-monitoring\\Reports\\nc-cp-bo-login-test-suit\\20180926_105521\\1537937813330.png]]]]></system-out>
         <system-err><![CDATA[2018-09-26 10:56:13 - [TEST_CASE][FAILED] - Test Cases/nc_cp_login_test: Test Cases/nc_cp_login_test FAILED because (of) (Stack trace: com.kms.katalon.core.exception.StepFailedException: Unable to verify object 'Object Repository/Page_Metafour User Login/div_Sorry login failed' is not present (Root cause: Web element with id: 'Object Repository/Page_Metafour User Login/div_Sorry login failed' located by 'By.xpath: //div[@id='customerrormessagediv']' is present after '30' second(s))
	at com.kms.katalon.core.keyword.internal.KeywordMain.stepFailed(KeywordMain.groovy:36)
	at com.kms.katalon.core.webui.keyword.internal.WebUIKeywordMain.stepFailed(WebUIKeywordMain.groovy:65)
	at com.kms.katalon.core.webui.keyword.internal.WebUIKeywordMain.runKeyword(WebUIKeywordMain.groovy:27)
	at com.kms.katalon.core.webui.keyword.builtin.VerifyElementNotPresentKeyword.verifyElementNotPresent(VerifyElementNotPresentKeyword.groovy:118)
	at com.kms.katalon.core.webui.keyword.builtin.VerifyElementNotPresentKeyword.execute(VerifyElementNotPresentKeyword.groovy:68)
	at com.kms.katalon.core.keyword.internal.KeywordExecutor.executeKeywordForPlatform(KeywordExecutor.groovy:53)
	at com.kms.katalon.core.webui.keyword.WebUiBuiltInKeywords.verifyElementNotPresent(WebUiBuiltInKeywords.groovy:1467)
	at com.kms.katalon.core.webui.keyword.WebUiBuiltInKeywords$verifyElementNotPresent$3.call(Unknown Source)
	at Script1537190043452.run(Script1537190043452.groovy:31)
	at com.kms.katalon.core.main.ScriptEngine.run(ScriptEngine.java:183)
	at com.kms.katalon.core.main.ScriptEngine.runScriptAsRawText(ScriptEngine.java:108)
	at com.kms.katalon.core.main.TestCaseExecutor.runScript(TestCaseExecutor.java:294)
	at com.kms.katalon.core.main.TestCaseExecutor.doExecute(TestCaseExecutor.java:285)
	at com.kms.katalon.core.main.TestCaseExecutor.processExecutionPhase(TestCaseExecutor.java:264)
	at com.kms.katalon.core.main.TestCaseExecutor.accessMainPhase(TestCaseExecutor.java:256)
	at com.kms.katalon.core.main.TestCaseExecutor.execute(TestCaseExecutor.java:200)
	at com.kms.katalon.core.main.TestSuiteExecutor.accessTestCaseMainPhase(TestSuiteExecutor.java:129)
	at com.kms.katalon.core.main.TestSuiteExecutor.accessTestSuiteMainPhase(TestSuiteExecutor.java:112)
	at com.kms.katalon.core.main.TestSuiteExecutor.execute(TestSuiteExecutor.java:81)
	at com.kms.katalon.core.main.TestCaseMain.startTestSuite(TestCaseMain.java:142)
	at com.kms.katalon.core.main.TestCaseMain$startTestSuite$0.call(Unknown Source)
	at org.codehaus.groovy.runtime.callsite.CallSiteArray.defaultCall(CallSiteArray.java:48)
	at org.codehaus.groovy.runtime.callsite.AbstractCallSite.call(AbstractCallSite.java:113)
	at org.codehaus.groovy.runtime.callsite.AbstractCallSite.call(AbstractCallSite.java:141)
	at TempTestSuite1537937721688.run(TempTestSuite1537937721688.groovy:36)
	at groovy.lang.GroovyShell.runScriptOrMainOrTestOrRunnable(GroovyShell.java:263)
	at groovy.lang.GroovyShell.run(GroovyShell.java:518)
	at groovy.lang.GroovyShell.run(GroovyShell.java:507)
	at groovy.ui.GroovyMain.processOnce(GroovyMain.java:653)
	at groovy.ui.GroovyMain.run(GroovyMain.java:384)
	at groovy.ui.GroovyMain.process(GroovyMain.java:370)
	at groovy.ui.GroovyMain.processArgs(GroovyMain.java:129)
	at groovy.ui.GroovyMain.main(GroovyMain.java:109)
	at sun.reflect.NativeMethodAccessorImpl.invoke0(Native Method)
	at sun.reflect.NativeMethodAccessorImpl.invoke(NativeMethodAccessorImpl.java:62)
	at sun.reflect.DelegatingMethodAccessorImpl.invoke(DelegatingMethodAccessorImpl.java:43)
	at java.lang.reflect.Method.invoke(Method.java:498)
	at org.codehaus.groovy.tools.GroovyStarter.rootLoader(GroovyStarter.java:109)
	at org.codehaus.groovy.tools.GroovyStarter.main(GroovyStarter.java:131)
)]]></system-err>
      </testcase>
      <testcase name="Test Cases/nc_cp_login_test" classname="Test Cases/nc_cp_login_test" status="FAILED">
         <failure type="FAILED" message="(Stack trace: com.kms.katalon.core.exception.StepFailedException: Unable to set text 'dummy' of object 'Object Repository/Page_Metafour User Login/input_Login_access_code' (Root cause: com.kms.katalon.core.webui.exception.WebElementNotFoundException: Web element with id: 'Object Repository/Page_Metafour User Login/input_Login_access_code' located by 'By.xpath: //input[@id='access_code']' not found)
	at com.kms.katalon.core.keyword.internal.KeywordMain.stepFailed(KeywordMain.groovy:36)
	at com.kms.katalon.core.webui.keyword.internal.WebUIKeywordMain.stepFailed(WebUIKeywordMain.groovy:65)
	at com.kms.katalon.core.webui.keyword.internal.WebUIKeywordMain.runKeyword(WebUIKeywordMain.groovy:27)
	at com.kms.katalon.core.webui.keyword.builtin.SetTextKeyword.setText(SetTextKeyword.groovy:65)
	at com.kms.katalon.core.webui.keyword.builtin.SetTextKeyword.execute(SetTextKeyword.groovy:37)
	at com.kms.katalon.core.keyword.internal.KeywordExecutor.executeKeywordForPlatform(KeywordExecutor.groovy:53)
	at com.kms.katalon.core.webui.keyword.WebUiBuiltInKeywords.setText(WebUiBuiltInKeywords.groovy:950)
	at com.kms.katalon.core.webui.keyword.WebUiBuiltInKeywords$setText$1.call(Unknown Source)
	at Script1537190043452.run(Script1537190043452.groovy:21)
	at com.kms.katalon.core.main.ScriptEngine.run(ScriptEngine.java:183)
	at com.kms.katalon.core.main.ScriptEngine.runScriptAsRawText(ScriptEngine.java:108)
	at com.kms.katalon.core.main.TestCaseExecutor.runScript(TestCaseExecutor.java:294)
	at com.kms.katalon.core.main.TestCaseExecutor.doExecute(TestCaseExecutor.java:285)
	at com.kms.katalon.core.main.TestCaseExecutor.processExecutionPhase(TestCaseExecutor.java:264)
	at com.kms.katalon.core.main.TestCaseExecutor.accessMainPhase(TestCaseExecutor.java:256)
	at com.kms.katalon.core.main.TestCaseExecutor.execute(TestCaseExecutor.java:200)
	at com.kms.katalon.core.main.TestSuiteExecutor.accessTestCaseMainPhase(TestSuiteExecutor.java:129)
	at com.kms.katalon.core.main.TestSuiteExecutor.accessTestSuiteMainPhase(TestSuiteExecutor.java:112)
	at com.kms.katalon.core.main.TestSuiteExecutor.execute(TestSuiteExecutor.java:81)
	at com.kms.katalon.core.main.TestCaseMain.startTestSuite(TestCaseMain.java:142)
	at com.kms.katalon.core.main.TestCaseMain$startTestSuite$0.call(Unknown Source)
	at org.codehaus.groovy.runtime.callsite.CallSiteArray.defaultCall(CallSiteArray.java:48)
	at org.codehaus.groovy.runtime.callsite.AbstractCallSite.call(AbstractCallSite.java:113)
	at org.codehaus.groovy.runtime.callsite.AbstractCallSite.call(AbstractCallSite.java:141)
	at TempTestSuite1537937721688.run(TempTestSuite1537937721688.groovy:36)
	at groovy.lang.GroovyShell.runScriptOrMainOrTestOrRunnable(GroovyShell.java:263)
	at groovy.lang.GroovyShell.run(GroovyShell.java:518)
	at groovy.lang.GroovyShell.run(GroovyShell.java:507)
	at groovy.ui.GroovyMain.processOnce(GroovyMain.java:653)
	at groovy.ui.GroovyMain.run(GroovyMain.java:384)
	at groovy.ui.GroovyMain.process(GroovyMain.java:370)
	at groovy.ui.GroovyMain.processArgs(GroovyMain.java:129)
	at groovy.ui.GroovyMain.main(GroovyMain.java:109)
	at sun.reflect.NativeMethodAccessorImpl.invoke0(Native Method)
	at sun.reflect.NativeMethodAccessorImpl.invoke(NativeMethodAccessorImpl.java:62)
	at sun.reflect.DelegatingMethodAccessorImpl.invoke(DelegatingMethodAccessorImpl.java:43)
	at java.lang.reflect.Method.invoke(Method.java:498)
	at org.codehaus.groovy.tools.GroovyStarter.rootLoader(GroovyStarter.java:109)
	at org.codehaus.groovy.tools.GroovyStarter.main(GroovyStarter.java:131)
)"/>
         <system-out><![CDATA[2018-09-26 10:56:53 - [TEST_CASE][FAILED] - Test Cases/nc_cp_login_test: Test Cases/nc_cp_login_test FAILED because (of) (Stack trace: com.kms.katalon.core.exception.StepFailedException: Unable to set text 'dummy' of object 'Object Repository/Page_Metafour User Login/input_Login_access_code' (Root cause: com.kms.katalon.core.webui.exception.WebElementNotFoundException: Web element with id: 'Object Repository/Page_Metafour User Login/input_Login_access_code' located by 'By.xpath: //input[@id='access_code']' not found)
	at com.kms.katalon.core.keyword.internal.KeywordMain.stepFailed(KeywordMain.groovy:36)
	at com.kms.katalon.core.webui.keyword.internal.WebUIKeywordMain.stepFailed(WebUIKeywordMain.groovy:65)
	at com.kms.katalon.core.webui.keyword.internal.WebUIKeywordMain.runKeyword(WebUIKeywordMain.groovy:27)
	at com.kms.katalon.core.webui.keyword.builtin.SetTextKeyword.setText(SetTextKeyword.groovy:65)
	at com.kms.katalon.core.webui.keyword.builtin.SetTextKeyword.execute(SetTextKeyword.groovy:37)
	at com.kms.katalon.core.keyword.internal.KeywordExecutor.executeKeywordForPlatform(KeywordExecutor.groovy:53)
	at com.kms.katalon.core.webui.keyword.WebUiBuiltInKeywords.setText(WebUiBuiltInKeywords.groovy:950)
	at com.kms.katalon.core.webui.keyword.WebUiBuiltInKeywords$setText$1.call(Unknown Source)
	at Script1537190043452.run(Script1537190043452.groovy:21)
	at com.kms.katalon.core.main.ScriptEngine.run(ScriptEngine.java:183)
	at com.kms.katalon.core.main.ScriptEngine.runScriptAsRawText(ScriptEngine.java:108)
	at com.kms.katalon.core.main.TestCaseExecutor.runScript(TestCaseExecutor.java:294)
	at com.kms.katalon.core.main.TestCaseExecutor.doExecute(TestCaseExecutor.java:285)
	at com.kms.katalon.core.main.TestCaseExecutor.processExecutionPhase(TestCaseExecutor.java:264)
	at com.kms.katalon.core.main.TestCaseExecutor.accessMainPhase(TestCaseExecutor.java:256)
	at com.kms.katalon.core.main.TestCaseExecutor.execute(TestCaseExecutor.java:200)
	at com.kms.katalon.core.main.TestSuiteExecutor.accessTestCaseMainPhase(TestSuiteExecutor.java:129)
	at com.kms.katalon.core.main.TestSuiteExecutor.accessTestSuiteMainPhase(TestSuiteExecutor.java:112)
	at com.kms.katalon.core.main.TestSuiteExecutor.execute(TestSuiteExecutor.java:81)
	at com.kms.katalon.core.main.TestCaseMain.startTestSuite(TestCaseMain.java:142)
	at com.kms.katalon.core.main.TestCaseMain$startTestSuite$0.call(Unknown Source)
	at org.codehaus.groovy.runtime.callsite.CallSiteArray.defaultCall(CallSiteArray.java:48)
	at org.codehaus.groovy.runtime.callsite.AbstractCallSite.call(AbstractCallSite.java:113)
	at org.codehaus.groovy.runtime.callsite.AbstractCallSite.call(AbstractCallSite.java:141)
	at TempTestSuite1537937721688.run(TempTestSuite1537937721688.groovy:36)
	at groovy.lang.GroovyShell.runScriptOrMainOrTestOrRunnable(GroovyShell.java:263)
	at groovy.lang.GroovyShell.run(GroovyShell.java:518)
	at groovy.lang.GroovyShell.run(GroovyShell.java:507)
	at groovy.ui.GroovyMain.processOnce(GroovyMain.java:653)
	at groovy.ui.GroovyMain.run(GroovyMain.java:384)
	at groovy.ui.GroovyMain.process(GroovyMain.java:370)
	at groovy.ui.GroovyMain.processArgs(GroovyMain.java:129)
	at groovy.ui.GroovyMain.main(GroovyMain.java:109)
	at sun.reflect.NativeMethodAccessorImpl.invoke0(Native Method)
	at sun.reflect.NativeMethodAccessorImpl.invoke(NativeMethodAccessorImpl.java:62)
	at sun.reflect.DelegatingMethodAccessorImpl.invoke(DelegatingMethodAccessorImpl.java:43)
	at java.lang.reflect.Method.invoke(Method.java:498)
	at org.codehaus.groovy.tools.GroovyStarter.rootLoader(GroovyStarter.java:109)
	at org.codehaus.groovy.tools.GroovyStarter.main(GroovyStarter.java:131)
)

2018-09-26 10:56:53 - [TEST_STEP][PASSED] - openBrowser: Browser is opened with url: 'http://aci.metafour.com/metafour-auth/authenticate?appId=clon&accessCode=&continue=/online/authenticated'

2018-09-26 10:56:53 - [MESSAGE][WARNING] - A browser is already opened. Closing browser and opening a new one

2018-09-26 10:57:30 - [MESSAGE][PASSED] - Browser is opened with url: 'http://aci.metafour.com/metafour-auth/authenticate?appId=clon&accessCode=&continue=/online/authenticated'

2018-09-26 10:57:30 - [TEST_STEP][PASSED] - navigateToUrl: Navigate to 'http://aci.metafour.com/metafour-auth/authenticate?appId=clon&accessCode=&continue=/online/authenticated' successfully

2018-09-26 10:57:30 - [MESSAGE][PASSED] - Navigate to 'http://aci.metafour.com/metafour-auth/authenticate?appId=clon&accessCode=&continue=/online/authenticated' successfully

2018-09-26 10:57:30 - [TEST_STEP][FAILED] - setText: Unable to set text 'dummy' of object 'Object Repository/Page_Metafour User Login/input_Login_access_code' (Root cause: com.kms.katalon.core.webui.exception.WebElementNotFoundException: Web element with id: 'Object Repository/Page_Metafour User Login/input_Login_access_code' located by 'By.xpath: //input[@id='access_code']' not found)

2018-09-26 10:58:02 - [MESSAGE][FAILED] - Unable to set text 'dummy' of object 'Object Repository/Page_Metafour User Login/input_Login_access_code' (Root cause: com.kms.katalon.core.webui.exception.WebElementNotFoundException: Web element with id: 'Object Repository/Page_Metafour User Login/input_Login_access_code' located by 'By.xpath: //input[@id='access_code']' not found)
[[ATTACHMENT|C:\\Users\\mazha\\Katalon Studio\\m4-monitoring\\Reports\\nc-cp-bo-login-test-suit\\20180926_105521\\1537937882079.png]]]]></system-out>
         <system-err><![CDATA[2018-09-26 10:56:53 - [TEST_CASE][FAILED] - Test Cases/nc_cp_login_test: Test Cases/nc_cp_login_test FAILED because (of) (Stack trace: com.kms.katalon.core.exception.StepFailedException: Unable to set text 'dummy' of object 'Object Repository/Page_Metafour User Login/input_Login_access_code' (Root cause: com.kms.katalon.core.webui.exception.WebElementNotFoundException: Web element with id: 'Object Repository/Page_Metafour User Login/input_Login_access_code' located by 'By.xpath: //input[@id='access_code']' not found)
	at com.kms.katalon.core.keyword.internal.KeywordMain.stepFailed(KeywordMain.groovy:36)
	at com.kms.katalon.core.webui.keyword.internal.WebUIKeywordMain.stepFailed(WebUIKeywordMain.groovy:65)
	at com.kms.katalon.core.webui.keyword.internal.WebUIKeywordMain.runKeyword(WebUIKeywordMain.groovy:27)
	at com.kms.katalon.core.webui.keyword.builtin.SetTextKeyword.setText(SetTextKeyword.groovy:65)
	at com.kms.katalon.core.webui.keyword.builtin.SetTextKeyword.execute(SetTextKeyword.groovy:37)
	at com.kms.katalon.core.keyword.internal.KeywordExecutor.executeKeywordForPlatform(KeywordExecutor.groovy:53)
	at com.kms.katalon.core.webui.keyword.WebUiBuiltInKeywords.setText(WebUiBuiltInKeywords.groovy:950)
	at com.kms.katalon.core.webui.keyword.WebUiBuiltInKeywords$setText$1.call(Unknown Source)
	at Script1537190043452.run(Script1537190043452.groovy:21)
	at com.kms.katalon.core.main.ScriptEngine.run(ScriptEngine.java:183)
	at com.kms.katalon.core.main.ScriptEngine.runScriptAsRawText(ScriptEngine.java:108)
	at com.kms.katalon.core.main.TestCaseExecutor.runScript(TestCaseExecutor.java:294)
	at com.kms.katalon.core.main.TestCaseExecutor.doExecute(TestCaseExecutor.java:285)
	at com.kms.katalon.core.main.TestCaseExecutor.processExecutionPhase(TestCaseExecutor.java:264)
	at com.kms.katalon.core.main.TestCaseExecutor.accessMainPhase(TestCaseExecutor.java:256)
	at com.kms.katalon.core.main.TestCaseExecutor.execute(TestCaseExecutor.java:200)
	at com.kms.katalon.core.main.TestSuiteExecutor.accessTestCaseMainPhase(TestSuiteExecutor.java:129)
	at com.kms.katalon.core.main.TestSuiteExecutor.accessTestSuiteMainPhase(TestSuiteExecutor.java:112)
	at com.kms.katalon.core.main.TestSuiteExecutor.execute(TestSuiteExecutor.java:81)
	at com.kms.katalon.core.main.TestCaseMain.startTestSuite(TestCaseMain.java:142)
	at com.kms.katalon.core.main.TestCaseMain$startTestSuite$0.call(Unknown Source)
	at org.codehaus.groovy.runtime.callsite.CallSiteArray.defaultCall(CallSiteArray.java:48)
	at org.codehaus.groovy.runtime.callsite.AbstractCallSite.call(AbstractCallSite.java:113)
	at org.codehaus.groovy.runtime.callsite.AbstractCallSite.call(AbstractCallSite.java:141)
	at TempTestSuite1537937721688.run(TempTestSuite1537937721688.groovy:36)
	at groovy.lang.GroovyShell.runScriptOrMainOrTestOrRunnable(GroovyShell.java:263)
	at groovy.lang.GroovyShell.run(GroovyShell.java:518)
	at groovy.lang.GroovyShell.run(GroovyShell.java:507)
	at groovy.ui.GroovyMain.processOnce(GroovyMain.java:653)
	at groovy.ui.GroovyMain.run(GroovyMain.java:384)
	at groovy.ui.GroovyMain.process(GroovyMain.java:370)
	at groovy.ui.GroovyMain.processArgs(GroovyMain.java:129)
	at groovy.ui.GroovyMain.main(GroovyMain.java:109)
	at sun.reflect.NativeMethodAccessorImpl.invoke0(Native Method)
	at sun.reflect.NativeMethodAccessorImpl.invoke(NativeMethodAccessorImpl.java:62)
	at sun.reflect.DelegatingMethodAccessorImpl.invoke(DelegatingMethodAccessorImpl.java:43)
	at java.lang.reflect.Method.invoke(Method.java:498)
	at org.codehaus.groovy.tools.GroovyStarter.rootLoader(GroovyStarter.java:109)
	at org.codehaus.groovy.tools.GroovyStarter.main(GroovyStarter.java:131)
)]]></system-err>
      </testcase>
      <testcase name="Test Cases/nc_cp_login_test" classname="Test Cases/nc_cp_login_test" status="PASSED">
         <system-out><![CDATA[2018-09-26 10:58:02 - [TEST_CASE][PASSED] - Test Cases/nc_cp_login_test: Test Cases/nc_cp_login_test

2018-09-26 10:58:02 - [TEST_STEP][PASSED] - openBrowser: Browser is opened with url: 'https://ajww.netcourier.net/metafour-auth/authenticate?appId=clon&accessCode=&continue=/online/authenticated'

2018-09-26 10:58:02 - [MESSAGE][WARNING] - A browser is already opened. Closing browser and opening a new one

2018-09-26 10:58:08 - [MESSAGE][PASSED] - Browser is opened with url: 'https://ajww.netcourier.net/metafour-auth/authenticate?appId=clon&accessCode=&continue=/online/authenticated'

2018-09-26 10:58:08 - [TEST_STEP][PASSED] - navigateToUrl: Navigate to 'https://ajww.netcourier.net/metafour-auth/authenticate?appId=clon&accessCode=&continue=/online/authenticated' successfully

2018-09-26 10:58:08 - [MESSAGE][PASSED] - Navigate to 'https://ajww.netcourier.net/metafour-auth/authenticate?appId=clon&accessCode=&continue=/online/authenticated' successfully

2018-09-26 10:58:08 - [TEST_STEP][PASSED] - setText: Text 'dummy' is set on object 'Object Repository/Page_Metafour User Login/input_Login_access_code'

2018-09-26 10:58:08 - [MESSAGE][PASSED] - Text 'dummy' is set on object 'Object Repository/Page_Metafour User Login/input_Login_access_code'

2018-09-26 10:58:08 - [TEST_STEP][PASSED] - setText: Text 'clon' is set on object 'Object Repository/Page_Metafour User Login/input_Login_login'

2018-09-26 10:58:08 - [MESSAGE][PASSED] - Text 'clon' is set on object 'Object Repository/Page_Metafour User Login/input_Login_login'

2018-09-26 10:58:08 - [TEST_STEP][PASSED] - setText: Text 'clon' is set on object 'Object Repository/Page_Metafour User Login/input_Login_j_password'

2018-09-26 10:58:08 - [MESSAGE][PASSED] - Text 'clon' is set on object 'Object Repository/Page_Metafour User Login/input_Login_j_password'

2018-09-26 10:58:08 - [TEST_STEP][PASSED] - click: Object: 'Object Repository/Page_Metafour User Login/button_Sign in' is clicked on

2018-09-26 10:58:12 - [MESSAGE][PASSED] - Object: 'Object Repository/Page_Metafour User Login/button_Sign in' is clicked on

2018-09-26 10:58:12 - [TEST_STEP][PASSED] - delay: Delayed 3 second(s)

2018-09-26 10:58:15 - [MESSAGE][PASSED] - Delayed 3 second(s)

2018-09-26 10:58:15 - [TEST_STEP][PASSED] - verifyElementNotPresent: Web element with id: 'Object Repository/Page_Metafour User Login/div_Sorry login failed' located by 'By.xpath: //div[@id='customerrormessagediv']' is not present after '30' second(s)

2018-09-26 10:58:15 - [MESSAGE][WARNING] - Timeout '0' is invalid. Using default page load timeout: '30'

2018-09-26 10:58:15 - [MESSAGE][PASSED] - Web element with id: 'Object Repository/Page_Metafour User Login/div_Sorry login failed' located by 'By.xpath: //div[@id='customerrormessagediv']' is not present after '30' second(s)

2018-09-26 10:58:15 - [TEST_STEP][PASSED] - closeBrowser: Browser is closed

2018-09-26 10:58:15 - [MESSAGE][PASSED] - Browser is closed]]></system-out>
         <system-err><![CDATA[]]></system-err>
      </testcase>
      <testcase name="Test Cases/nc_cp_login_test" classname="Test Cases/nc_cp_login_test" status="PASSED">
         <system-out><![CDATA[2018-09-26 10:58:15 - [TEST_CASE][PASSED] - Test Cases/nc_cp_login_test: Test Cases/nc_cp_login_test

2018-09-26 10:58:15 - [TEST_STEP][PASSED] - openBrowser: Browser is opened with url: 'http://allenovery.netcourier.net/metafour-auth/authenticate?appId=clon&accessCode=&continue=/online/authenticated'

2018-09-26 10:58:21 - [MESSAGE][PASSED] - Browser is opened with url: 'http://allenovery.netcourier.net/metafour-auth/authenticate?appId=clon&accessCode=&continue=/online/authenticated'

2018-09-26 10:58:21 - [TEST_STEP][PASSED] - navigateToUrl: Navigate to 'http://allenovery.netcourier.net/metafour-auth/authenticate?appId=clon&accessCode=&continue=/online/authenticated' successfully

2018-09-26 10:58:21 - [MESSAGE][PASSED] - Navigate to 'http://allenovery.netcourier.net/metafour-auth/authenticate?appId=clon&accessCode=&continue=/online/authenticated' successfully

2018-09-26 10:58:21 - [TEST_STEP][PASSED] - setText: Text 'dummy' is set on object 'Object Repository/Page_Metafour User Login/input_Login_access_code'

2018-09-26 10:58:21 - [MESSAGE][PASSED] - Text 'dummy' is set on object 'Object Repository/Page_Metafour User Login/input_Login_access_code'

2018-09-26 10:58:21 - [TEST_STEP][PASSED] - setText: Text 'Hasan' is set on object 'Object Repository/Page_Metafour User Login/input_Login_login'

2018-09-26 10:58:21 - [MESSAGE][PASSED] - Text 'Hasan' is set on object 'Object Repository/Page_Metafour User Login/input_Login_login'

2018-09-26 10:58:21 - [TEST_STEP][PASSED] - setText: Text 'hasan' is set on object 'Object Repository/Page_Metafour User Login/input_Login_j_password'

2018-09-26 10:58:21 - [MESSAGE][PASSED] - Text 'hasan' is set on object 'Object Repository/Page_Metafour User Login/input_Login_j_password'

2018-09-26 10:58:21 - [TEST_STEP][PASSED] - click: Object: 'Object Repository/Page_Metafour User Login/button_Sign in' is clicked on

2018-09-26 10:58:25 - [MESSAGE][PASSED] - Object: 'Object Repository/Page_Metafour User Login/button_Sign in' is clicked on

2018-09-26 10:58:25 - [TEST_STEP][PASSED] - delay: Delayed 3 second(s)

2018-09-26 10:58:28 - [MESSAGE][PASSED] - Delayed 3 second(s)

2018-09-26 10:58:28 - [TEST_STEP][PASSED] - verifyElementNotPresent: Web element with id: 'Object Repository/Page_Metafour User Login/div_Sorry login failed' located by 'By.xpath: //div[@id='customerrormessagediv']' is not present after '30' second(s)

2018-09-26 10:58:28 - [MESSAGE][WARNING] - Timeout '0' is invalid. Using default page load timeout: '30'

2018-09-26 10:58:28 - [MESSAGE][PASSED] - Web element with id: 'Object Repository/Page_Metafour User Login/div_Sorry login failed' located by 'By.xpath: //div[@id='customerrormessagediv']' is not present after '30' second(s)

2018-09-26 10:58:28 - [TEST_STEP][PASSED] - closeBrowser: Browser is closed

2018-09-26 10:58:28 - [MESSAGE][PASSED] - Browser is closed]]></system-out>
         <system-err><![CDATA[]]></system-err>
      </testcase>
      <testcase name="Test Cases/nc_cp_login_test" classname="Test Cases/nc_cp_login_test" status="PASSED">
         <system-out><![CDATA[2018-09-26 10:58:28 - [TEST_CASE][PASSED] - Test Cases/nc_cp_login_test: Test Cases/nc_cp_login_test

2018-09-26 10:58:28 - [TEST_STEP][PASSED] - openBrowser: Browser is opened with url: 'https://ariestransport.netcourier.net/metafour-auth/authenticate?appId=clon&accessCode=&continue=/online/authenticated'

2018-09-26 10:58:34 - [MESSAGE][PASSED] - Browser is opened with url: 'https://ariestransport.netcourier.net/metafour-auth/authenticate?appId=clon&accessCode=&continue=/online/authenticated'

2018-09-26 10:58:34 - [TEST_STEP][PASSED] - navigateToUrl: Navigate to 'https://ariestransport.netcourier.net/metafour-auth/authenticate?appId=clon&accessCode=&continue=/online/authenticated' successfully

2018-09-26 10:58:35 - [MESSAGE][PASSED] - Navigate to 'https://ariestransport.netcourier.net/metafour-auth/authenticate?appId=clon&accessCode=&continue=/online/authenticated' successfully

2018-09-26 10:58:35 - [TEST_STEP][PASSED] - setText: Text 'Test' is set on object 'Object Repository/Page_Metafour User Login/input_Login_access_code'

2018-09-26 10:58:35 - [MESSAGE][PASSED] - Text 'Test' is set on object 'Object Repository/Page_Metafour User Login/input_Login_access_code'

2018-09-26 10:58:35 - [TEST_STEP][PASSED] - setText: Text 'Jony' is set on object 'Object Repository/Page_Metafour User Login/input_Login_login'

2018-09-26 10:58:35 - [MESSAGE][PASSED] - Text 'Jony' is set on object 'Object Repository/Page_Metafour User Login/input_Login_login'

2018-09-26 10:58:35 - [TEST_STEP][PASSED] - setText: Text '1234' is set on object 'Object Repository/Page_Metafour User Login/input_Login_j_password'

2018-09-26 10:58:35 - [MESSAGE][PASSED] - Text '1234' is set on object 'Object Repository/Page_Metafour User Login/input_Login_j_password'

2018-09-26 10:58:35 - [TEST_STEP][PASSED] - click: Object: 'Object Repository/Page_Metafour User Login/button_Sign in' is clicked on

2018-09-26 10:58:40 - [MESSAGE][PASSED] - Object: 'Object Repository/Page_Metafour User Login/button_Sign in' is clicked on

2018-09-26 10:58:40 - [TEST_STEP][PASSED] - delay: Delayed 3 second(s)

2018-09-26 10:58:43 - [MESSAGE][PASSED] - Delayed 3 second(s)

2018-09-26 10:58:43 - [TEST_STEP][PASSED] - verifyElementNotPresent: Web element with id: 'Object Repository/Page_Metafour User Login/div_Sorry login failed' located by 'By.xpath: //div[@id='customerrormessagediv']' is not present after '30' second(s)

2018-09-26 10:58:43 - [MESSAGE][WARNING] - Timeout '0' is invalid. Using default page load timeout: '30'

2018-09-26 10:58:43 - [MESSAGE][PASSED] - Web element with id: 'Object Repository/Page_Metafour User Login/div_Sorry login failed' located by 'By.xpath: //div[@id='customerrormessagediv']' is not present after '30' second(s)

2018-09-26 10:58:43 - [TEST_STEP][PASSED] - closeBrowser: Browser is closed

2018-09-26 10:58:43 - [MESSAGE][PASSED] - Browser is closed]]></system-out>
         <system-err><![CDATA[]]></system-err>
      </testcase>
      <testcase name="Test Cases/nc_cp_login_test" classname="Test Cases/nc_cp_login_test" status="PASSED">
         <system-out><![CDATA[2018-09-26 10:58:43 - [TEST_CASE][PASSED] - Test Cases/nc_cp_login_test: Test Cases/nc_cp_login_test

2018-09-26 10:58:43 - [TEST_STEP][PASSED] - openBrowser: Browser is opened with url: 'https://asialogistics.netcourier.net/metafour-auth/authenticate?appId=clon&accessCode=&continue=/online/authenticated'

2018-09-26 10:58:48 - [MESSAGE][PASSED] - Browser is opened with url: 'https://asialogistics.netcourier.net/metafour-auth/authenticate?appId=clon&accessCode=&continue=/online/authenticated'

2018-09-26 10:58:48 - [TEST_STEP][PASSED] - navigateToUrl: Navigate to 'https://asialogistics.netcourier.net/metafour-auth/authenticate?appId=clon&accessCode=&continue=/online/authenticated' successfully

2018-09-26 10:58:49 - [MESSAGE][PASSED] - Navigate to 'https://asialogistics.netcourier.net/metafour-auth/authenticate?appId=clon&accessCode=&continue=/online/authenticated' successfully

2018-09-26 10:58:49 - [TEST_STEP][PASSED] - setText: Text 'dummy' is set on object 'Object Repository/Page_Metafour User Login/input_Login_access_code'

2018-09-26 10:58:49 - [MESSAGE][PASSED] - Text 'dummy' is set on object 'Object Repository/Page_Metafour User Login/input_Login_access_code'

2018-09-26 10:58:49 - [TEST_STEP][PASSED] - setText: Text 'Jony' is set on object 'Object Repository/Page_Metafour User Login/input_Login_login'

2018-09-26 10:58:49 - [MESSAGE][PASSED] - Text 'Jony' is set on object 'Object Repository/Page_Metafour User Login/input_Login_login'

2018-09-26 10:58:49 - [TEST_STEP][PASSED] - setText: Text '2021' is set on object 'Object Repository/Page_Metafour User Login/input_Login_j_password'

2018-09-26 10:58:49 - [MESSAGE][PASSED] - Text '2021' is set on object 'Object Repository/Page_Metafour User Login/input_Login_j_password'

2018-09-26 10:58:49 - [TEST_STEP][PASSED] - click: Object: 'Object Repository/Page_Metafour User Login/button_Sign in' is clicked on

2018-09-26 10:58:52 - [MESSAGE][PASSED] - Object: 'Object Repository/Page_Metafour User Login/button_Sign in' is clicked on

2018-09-26 10:58:52 - [TEST_STEP][PASSED] - delay: Delayed 3 second(s)

2018-09-26 10:58:55 - [MESSAGE][PASSED] - Delayed 3 second(s)

2018-09-26 10:58:55 - [TEST_STEP][PASSED] - verifyElementNotPresent: Web element with id: 'Object Repository/Page_Metafour User Login/div_Sorry login failed' located by 'By.xpath: //div[@id='customerrormessagediv']' is not present after '30' second(s)

2018-09-26 10:58:55 - [MESSAGE][WARNING] - Timeout '0' is invalid. Using default page load timeout: '30'

2018-09-26 10:58:56 - [MESSAGE][PASSED] - Web element with id: 'Object Repository/Page_Metafour User Login/div_Sorry login failed' located by 'By.xpath: //div[@id='customerrormessagediv']' is not present after '30' second(s)

2018-09-26 10:58:56 - [TEST_STEP][PASSED] - closeBrowser: Browser is closed

2018-09-26 10:58:56 - [MESSAGE][PASSED] - Browser is closed]]></system-out>
         <system-err><![CDATA[]]></system-err>
      </testcase>
      <testcase name="Test Cases/nc_cp_login_test" classname="Test Cases/nc_cp_login_test" status="FAILED">
         <failure type="FAILED" message="(Stack trace: com.kms.katalon.core.exception.StepFailedException: Unable to verify object 'Object Repository/Page_Metafour User Login/div_Sorry login failed' is not present (Root cause: Web element with id: 'Object Repository/Page_Metafour User Login/div_Sorry login failed' located by 'By.xpath: //div[@id='customerrormessagediv']' is present after '30' second(s))
	at com.kms.katalon.core.keyword.internal.KeywordMain.stepFailed(KeywordMain.groovy:36)
	at com.kms.katalon.core.webui.keyword.internal.WebUIKeywordMain.stepFailed(WebUIKeywordMain.groovy:65)
	at com.kms.katalon.core.webui.keyword.internal.WebUIKeywordMain.runKeyword(WebUIKeywordMain.groovy:27)
	at com.kms.katalon.core.webui.keyword.builtin.VerifyElementNotPresentKeyword.verifyElementNotPresent(VerifyElementNotPresentKeyword.groovy:118)
	at com.kms.katalon.core.webui.keyword.builtin.VerifyElementNotPresentKeyword.execute(VerifyElementNotPresentKeyword.groovy:68)
	at com.kms.katalon.core.keyword.internal.KeywordExecutor.executeKeywordForPlatform(KeywordExecutor.groovy:53)
	at com.kms.katalon.core.webui.keyword.WebUiBuiltInKeywords.verifyElementNotPresent(WebUiBuiltInKeywords.groovy:1467)
	at com.kms.katalon.core.webui.keyword.WebUiBuiltInKeywords$verifyElementNotPresent$3.call(Unknown Source)
	at Script1537190043452.run(Script1537190043452.groovy:31)
	at com.kms.katalon.core.main.ScriptEngine.run(ScriptEngine.java:183)
	at com.kms.katalon.core.main.ScriptEngine.runScriptAsRawText(ScriptEngine.java:108)
	at com.kms.katalon.core.main.TestCaseExecutor.runScript(TestCaseExecutor.java:294)
	at com.kms.katalon.core.main.TestCaseExecutor.doExecute(TestCaseExecutor.java:285)
	at com.kms.katalon.core.main.TestCaseExecutor.processExecutionPhase(TestCaseExecutor.java:264)
	at com.kms.katalon.core.main.TestCaseExecutor.accessMainPhase(TestCaseExecutor.java:256)
	at com.kms.katalon.core.main.TestCaseExecutor.execute(TestCaseExecutor.java:200)
	at com.kms.katalon.core.main.TestSuiteExecutor.accessTestCaseMainPhase(TestSuiteExecutor.java:129)
	at com.kms.katalon.core.main.TestSuiteExecutor.accessTestSuiteMainPhase(TestSuiteExecutor.java:112)
	at com.kms.katalon.core.main.TestSuiteExecutor.execute(TestSuiteExecutor.java:81)
	at com.kms.katalon.core.main.TestCaseMain.startTestSuite(TestCaseMain.java:142)
	at com.kms.katalon.core.main.TestCaseMain$startTestSuite$0.call(Unknown Source)
	at org.codehaus.groovy.runtime.callsite.CallSiteArray.defaultCall(CallSiteArray.java:48)
	at org.codehaus.groovy.runtime.callsite.AbstractCallSite.call(AbstractCallSite.java:113)
	at org.codehaus.groovy.runtime.callsite.AbstractCallSite.call(AbstractCallSite.java:141)
	at TempTestSuite1537937721688.run(TempTestSuite1537937721688.groovy:36)
	at groovy.lang.GroovyShell.runScriptOrMainOrTestOrRunnable(GroovyShell.java:263)
	at groovy.lang.GroovyShell.run(GroovyShell.java:518)
	at groovy.lang.GroovyShell.run(GroovyShell.java:507)
	at groovy.ui.GroovyMain.processOnce(GroovyMain.java:653)
	at groovy.ui.GroovyMain.run(GroovyMain.java:384)
	at groovy.ui.GroovyMain.process(GroovyMain.java:370)
	at groovy.ui.GroovyMain.processArgs(GroovyMain.java:129)
	at groovy.ui.GroovyMain.main(GroovyMain.java:109)
	at sun.reflect.NativeMethodAccessorImpl.invoke0(Native Method)
	at sun.reflect.NativeMethodAccessorImpl.invoke(NativeMethodAccessorImpl.java:62)
	at sun.reflect.DelegatingMethodAccessorImpl.invoke(DelegatingMethodAccessorImpl.java:43)
	at java.lang.reflect.Method.invoke(Method.java:498)
	at org.codehaus.groovy.tools.GroovyStarter.rootLoader(GroovyStarter.java:109)
	at org.codehaus.groovy.tools.GroovyStarter.main(GroovyStarter.java:131)
)"/>
         <system-out><![CDATA[2018-09-26 10:58:56 - [TEST_CASE][FAILED] - Test Cases/nc_cp_login_test: Test Cases/nc_cp_login_test FAILED because (of) (Stack trace: com.kms.katalon.core.exception.StepFailedException: Unable to verify object 'Object Repository/Page_Metafour User Login/div_Sorry login failed' is not present (Root cause: Web element with id: 'Object Repository/Page_Metafour User Login/div_Sorry login failed' located by 'By.xpath: //div[@id='customerrormessagediv']' is present after '30' second(s))
	at com.kms.katalon.core.keyword.internal.KeywordMain.stepFailed(KeywordMain.groovy:36)
	at com.kms.katalon.core.webui.keyword.internal.WebUIKeywordMain.stepFailed(WebUIKeywordMain.groovy:65)
	at com.kms.katalon.core.webui.keyword.internal.WebUIKeywordMain.runKeyword(WebUIKeywordMain.groovy:27)
	at com.kms.katalon.core.webui.keyword.builtin.VerifyElementNotPresentKeyword.verifyElementNotPresent(VerifyElementNotPresentKeyword.groovy:118)
	at com.kms.katalon.core.webui.keyword.builtin.VerifyElementNotPresentKeyword.execute(VerifyElementNotPresentKeyword.groovy:68)
	at com.kms.katalon.core.keyword.internal.KeywordExecutor.executeKeywordForPlatform(KeywordExecutor.groovy:53)
	at com.kms.katalon.core.webui.keyword.WebUiBuiltInKeywords.verifyElementNotPresent(WebUiBuiltInKeywords.groovy:1467)
	at com.kms.katalon.core.webui.keyword.WebUiBuiltInKeywords$verifyElementNotPresent$3.call(Unknown Source)
	at Script1537190043452.run(Script1537190043452.groovy:31)
	at com.kms.katalon.core.main.ScriptEngine.run(ScriptEngine.java:183)
	at com.kms.katalon.core.main.ScriptEngine.runScriptAsRawText(ScriptEngine.java:108)
	at com.kms.katalon.core.main.TestCaseExecutor.runScript(TestCaseExecutor.java:294)
	at com.kms.katalon.core.main.TestCaseExecutor.doExecute(TestCaseExecutor.java:285)
	at com.kms.katalon.core.main.TestCaseExecutor.processExecutionPhase(TestCaseExecutor.java:264)
	at com.kms.katalon.core.main.TestCaseExecutor.accessMainPhase(TestCaseExecutor.java:256)
	at com.kms.katalon.core.main.TestCaseExecutor.execute(TestCaseExecutor.java:200)
	at com.kms.katalon.core.main.TestSuiteExecutor.accessTestCaseMainPhase(TestSuiteExecutor.java:129)
	at com.kms.katalon.core.main.TestSuiteExecutor.accessTestSuiteMainPhase(TestSuiteExecutor.java:112)
	at com.kms.katalon.core.main.TestSuiteExecutor.execute(TestSuiteExecutor.java:81)
	at com.kms.katalon.core.main.TestCaseMain.startTestSuite(TestCaseMain.java:142)
	at com.kms.katalon.core.main.TestCaseMain$startTestSuite$0.call(Unknown Source)
	at org.codehaus.groovy.runtime.callsite.CallSiteArray.defaultCall(CallSiteArray.java:48)
	at org.codehaus.groovy.runtime.callsite.AbstractCallSite.call(AbstractCallSite.java:113)
	at org.codehaus.groovy.runtime.callsite.AbstractCallSite.call(AbstractCallSite.java:141)
	at TempTestSuite1537937721688.run(TempTestSuite1537937721688.groovy:36)
	at groovy.lang.GroovyShell.runScriptOrMainOrTestOrRunnable(GroovyShell.java:263)
	at groovy.lang.GroovyShell.run(GroovyShell.java:518)
	at groovy.lang.GroovyShell.run(GroovyShell.java:507)
	at groovy.ui.GroovyMain.processOnce(GroovyMain.java:653)
	at groovy.ui.GroovyMain.run(GroovyMain.java:384)
	at groovy.ui.GroovyMain.process(GroovyMain.java:370)
	at groovy.ui.GroovyMain.processArgs(GroovyMain.java:129)
	at groovy.ui.GroovyMain.main(GroovyMain.java:109)
	at sun.reflect.NativeMethodAccessorImpl.invoke0(Native Method)
	at sun.reflect.NativeMethodAccessorImpl.invoke(NativeMethodAccessorImpl.java:62)
	at sun.reflect.DelegatingMethodAccessorImpl.invoke(DelegatingMethodAccessorImpl.java:43)
	at java.lang.reflect.Method.invoke(Method.java:498)
	at org.codehaus.groovy.tools.GroovyStarter.rootLoader(GroovyStarter.java:109)
	at org.codehaus.groovy.tools.GroovyStarter.main(GroovyStarter.java:131)
)

2018-09-26 10:58:56 - [TEST_STEP][PASSED] - openBrowser: Browser is opened with url: 'https://avgo-eu.netcourier.net/metafour-auth/authenticate?appId=clon&accessCode=&continue=/online/authenticated'

2018-09-26 10:59:01 - [MESSAGE][PASSED] - Browser is opened with url: 'https://avgo-eu.netcourier.net/metafour-auth/authenticate?appId=clon&accessCode=&continue=/online/authenticated'

2018-09-26 10:59:01 - [TEST_STEP][PASSED] - navigateToUrl: Navigate to 'https://avgo-eu.netcourier.net/metafour-auth/authenticate?appId=clon&accessCode=&continue=/online/authenticated' successfully

2018-09-26 10:59:02 - [MESSAGE][PASSED] - Navigate to 'https://avgo-eu.netcourier.net/metafour-auth/authenticate?appId=clon&accessCode=&continue=/online/authenticated' successfully

2018-09-26 10:59:02 - [TEST_STEP][PASSED] - setText: Text 'DUMMY ASIA' is set on object 'Object Repository/Page_Metafour User Login/input_Login_access_code'

2018-09-26 10:59:02 - [MESSAGE][PASSED] - Text 'DUMMY ASIA' is set on object 'Object Repository/Page_Metafour User Login/input_Login_access_code'

2018-09-26 10:59:02 - [TEST_STEP][PASSED] - setText: Text 'Hasan' is set on object 'Object Repository/Page_Metafour User Login/input_Login_login'

2018-09-26 10:59:02 - [MESSAGE][PASSED] - Text 'Hasan' is set on object 'Object Repository/Page_Metafour User Login/input_Login_login'

2018-09-26 10:59:02 - [TEST_STEP][PASSED] - setText: Text 'hasan' is set on object 'Object Repository/Page_Metafour User Login/input_Login_j_password'

2018-09-26 10:59:02 - [MESSAGE][PASSED] - Text 'hasan' is set on object 'Object Repository/Page_Metafour User Login/input_Login_j_password'

2018-09-26 10:59:02 - [TEST_STEP][PASSED] - click: Object: 'Object Repository/Page_Metafour User Login/button_Sign in' is clicked on

2018-09-26 10:59:03 - [MESSAGE][PASSED] - Object: 'Object Repository/Page_Metafour User Login/button_Sign in' is clicked on

2018-09-26 10:59:03 - [TEST_STEP][PASSED] - delay: Delayed 3 second(s)

2018-09-26 10:59:06 - [MESSAGE][PASSED] - Delayed 3 second(s)

2018-09-26 10:59:06 - [TEST_STEP][FAILED] - verifyElementNotPresent: Unable to verify object 'Object Repository/Page_Metafour User Login/div_Sorry login failed' is not present (Root cause: Web element with id: 'Object Repository/Page_Metafour User Login/div_Sorry login failed' located by 'By.xpath: //div[@id='customerrormessagediv']' is present after '30' second(s))

2018-09-26 10:59:06 - [MESSAGE][WARNING] - Timeout '0' is invalid. Using default page load timeout: '30'

2018-09-26 10:59:36 - [MESSAGE][FAILED] - Web element with id: 'Object Repository/Page_Metafour User Login/div_Sorry login failed' located by 'By.xpath: //div[@id='customerrormessagediv']' is present after '30' second(s)
[[ATTACHMENT|C:\\Users\\mazha\\Katalon Studio\\m4-monitoring\\Reports\\nc-cp-bo-login-test-suit\\20180926_105521\\1537937976523.png]]

2018-09-26 10:59:37 - [MESSAGE][FAILED] - Unable to verify object 'Object Repository/Page_Metafour User Login/div_Sorry login failed' is not present (Root cause: Web element with id: 'Object Repository/Page_Metafour User Login/div_Sorry login failed' located by 'By.xpath: //div[@id='customerrormessagediv']' is present after '30' second(s))
[[ATTACHMENT|C:\\Users\\mazha\\Katalon Studio\\m4-monitoring\\Reports\\nc-cp-bo-login-test-suit\\20180926_105521\\1537937976771.png]]]]></system-out>
         <system-err><![CDATA[2018-09-26 10:58:56 - [TEST_CASE][FAILED] - Test Cases/nc_cp_login_test: Test Cases/nc_cp_login_test FAILED because (of) (Stack trace: com.kms.katalon.core.exception.StepFailedException: Unable to verify object 'Object Repository/Page_Metafour User Login/div_Sorry login failed' is not present (Root cause: Web element with id: 'Object Repository/Page_Metafour User Login/div_Sorry login failed' located by 'By.xpath: //div[@id='customerrormessagediv']' is present after '30' second(s))
	at com.kms.katalon.core.keyword.internal.KeywordMain.stepFailed(KeywordMain.groovy:36)
	at com.kms.katalon.core.webui.keyword.internal.WebUIKeywordMain.stepFailed(WebUIKeywordMain.groovy:65)
	at com.kms.katalon.core.webui.keyword.internal.WebUIKeywordMain.runKeyword(WebUIKeywordMain.groovy:27)
	at com.kms.katalon.core.webui.keyword.builtin.VerifyElementNotPresentKeyword.verifyElementNotPresent(VerifyElementNotPresentKeyword.groovy:118)
	at com.kms.katalon.core.webui.keyword.builtin.VerifyElementNotPresentKeyword.execute(VerifyElementNotPresentKeyword.groovy:68)
	at com.kms.katalon.core.keyword.internal.KeywordExecutor.executeKeywordForPlatform(KeywordExecutor.groovy:53)
	at com.kms.katalon.core.webui.keyword.WebUiBuiltInKeywords.verifyElementNotPresent(WebUiBuiltInKeywords.groovy:1467)
	at com.kms.katalon.core.webui.keyword.WebUiBuiltInKeywords$verifyElementNotPresent$3.call(Unknown Source)
	at Script1537190043452.run(Script1537190043452.groovy:31)
	at com.kms.katalon.core.main.ScriptEngine.run(ScriptEngine.java:183)
	at com.kms.katalon.core.main.ScriptEngine.runScriptAsRawText(ScriptEngine.java:108)
	at com.kms.katalon.core.main.TestCaseExecutor.runScript(TestCaseExecutor.java:294)
	at com.kms.katalon.core.main.TestCaseExecutor.doExecute(TestCaseExecutor.java:285)
	at com.kms.katalon.core.main.TestCaseExecutor.processExecutionPhase(TestCaseExecutor.java:264)
	at com.kms.katalon.core.main.TestCaseExecutor.accessMainPhase(TestCaseExecutor.java:256)
	at com.kms.katalon.core.main.TestCaseExecutor.execute(TestCaseExecutor.java:200)
	at com.kms.katalon.core.main.TestSuiteExecutor.accessTestCaseMainPhase(TestSuiteExecutor.java:129)
	at com.kms.katalon.core.main.TestSuiteExecutor.accessTestSuiteMainPhase(TestSuiteExecutor.java:112)
	at com.kms.katalon.core.main.TestSuiteExecutor.execute(TestSuiteExecutor.java:81)
	at com.kms.katalon.core.main.TestCaseMain.startTestSuite(TestCaseMain.java:142)
	at com.kms.katalon.core.main.TestCaseMain$startTestSuite$0.call(Unknown Source)
	at org.codehaus.groovy.runtime.callsite.CallSiteArray.defaultCall(CallSiteArray.java:48)
	at org.codehaus.groovy.runtime.callsite.AbstractCallSite.call(AbstractCallSite.java:113)
	at org.codehaus.groovy.runtime.callsite.AbstractCallSite.call(AbstractCallSite.java:141)
	at TempTestSuite1537937721688.run(TempTestSuite1537937721688.groovy:36)
	at groovy.lang.GroovyShell.runScriptOrMainOrTestOrRunnable(GroovyShell.java:263)
	at groovy.lang.GroovyShell.run(GroovyShell.java:518)
	at groovy.lang.GroovyShell.run(GroovyShell.java:507)
	at groovy.ui.GroovyMain.processOnce(GroovyMain.java:653)
	at groovy.ui.GroovyMain.run(GroovyMain.java:384)
	at groovy.ui.GroovyMain.process(GroovyMain.java:370)
	at groovy.ui.GroovyMain.processArgs(GroovyMain.java:129)
	at groovy.ui.GroovyMain.main(GroovyMain.java:109)
	at sun.reflect.NativeMethodAccessorImpl.invoke0(Native Method)
	at sun.reflect.NativeMethodAccessorImpl.invoke(NativeMethodAccessorImpl.java:62)
	at sun.reflect.DelegatingMethodAccessorImpl.invoke(DelegatingMethodAccessorImpl.java:43)
	at java.lang.reflect.Method.invoke(Method.java:498)
	at org.codehaus.groovy.tools.GroovyStarter.rootLoader(GroovyStarter.java:109)
	at org.codehaus.groovy.tools.GroovyStarter.main(GroovyStarter.java:131)
)]]></system-err>
      </testcase>
      <testcase name="Test Cases/nc_cp_login_test" classname="Test Cases/nc_cp_login_test" status="PASSED">
         <system-out><![CDATA[2018-09-26 10:59:37 - [TEST_CASE][PASSED] - Test Cases/nc_cp_login_test: Test Cases/nc_cp_login_test

2018-09-26 10:59:37 - [TEST_STEP][PASSED] - openBrowser: Browser is opened with url: 'https://avgo-uae.netcourier.net/metafour-auth/authenticate?appId=clon&accessCode=&continue=/online/authenticated'

2018-09-26 10:59:37 - [MESSAGE][WARNING] - A browser is already opened. Closing browser and opening a new one

2018-09-26 10:59:42 - [MESSAGE][PASSED] - Browser is opened with url: 'https://avgo-uae.netcourier.net/metafour-auth/authenticate?appId=clon&accessCode=&continue=/online/authenticated'

2018-09-26 10:59:42 - [TEST_STEP][PASSED] - navigateToUrl: Navigate to 'https://avgo-uae.netcourier.net/metafour-auth/authenticate?appId=clon&accessCode=&continue=/online/authenticated' successfully

2018-09-26 10:59:43 - [MESSAGE][PASSED] - Navigate to 'https://avgo-uae.netcourier.net/metafour-auth/authenticate?appId=clon&accessCode=&continue=/online/authenticated' successfully

2018-09-26 10:59:43 - [TEST_STEP][PASSED] - setText: Text 'Dummy' is set on object 'Object Repository/Page_Metafour User Login/input_Login_access_code'

2018-09-26 10:59:43 - [MESSAGE][PASSED] - Text 'Dummy' is set on object 'Object Repository/Page_Metafour User Login/input_Login_access_code'

2018-09-26 10:59:43 - [TEST_STEP][PASSED] - setText: Text 'Jony' is set on object 'Object Repository/Page_Metafour User Login/input_Login_login'

2018-09-26 10:59:43 - [MESSAGE][PASSED] - Text 'Jony' is set on object 'Object Repository/Page_Metafour User Login/input_Login_login'

2018-09-26 10:59:43 - [TEST_STEP][PASSED] - setText: Text '1234' is set on object 'Object Repository/Page_Metafour User Login/input_Login_j_password'

2018-09-26 10:59:43 - [MESSAGE][PASSED] - Text '1234' is set on object 'Object Repository/Page_Metafour User Login/input_Login_j_password'

2018-09-26 10:59:43 - [TEST_STEP][PASSED] - click: Object: 'Object Repository/Page_Metafour User Login/button_Sign in' is clicked on

2018-09-26 10:59:46 - [MESSAGE][PASSED] - Object: 'Object Repository/Page_Metafour User Login/button_Sign in' is clicked on

2018-09-26 10:59:46 - [TEST_STEP][PASSED] - delay: Delayed 3 second(s)

2018-09-26 10:59:50 - [MESSAGE][PASSED] - Delayed 3 second(s)

2018-09-26 10:59:50 - [TEST_STEP][PASSED] - verifyElementNotPresent: Web element with id: 'Object Repository/Page_Metafour User Login/div_Sorry login failed' located by 'By.xpath: //div[@id='customerrormessagediv']' is not present after '30' second(s)

2018-09-26 10:59:50 - [MESSAGE][WARNING] - Timeout '0' is invalid. Using default page load timeout: '30'

2018-09-26 10:59:50 - [MESSAGE][PASSED] - Web element with id: 'Object Repository/Page_Metafour User Login/div_Sorry login failed' located by 'By.xpath: //div[@id='customerrormessagediv']' is not present after '30' second(s)

2018-09-26 10:59:50 - [TEST_STEP][PASSED] - closeBrowser: Browser is closed

2018-09-26 10:59:50 - [MESSAGE][PASSED] - Browser is closed]]></system-out>
         <system-err><![CDATA[]]></system-err>
      </testcase>
      <testcase name="Test Cases/nc_cp_login_test" classname="Test Cases/nc_cp_login_test" status="FAILED">
         <failure type="FAILED" message="(Stack trace: com.kms.katalon.core.exception.StepFailedException: Unable to verify object 'Object Repository/Page_Metafour User Login/div_Sorry login failed' is not present (Root cause: Web element with id: 'Object Repository/Page_Metafour User Login/div_Sorry login failed' located by 'By.xpath: //div[@id='customerrormessagediv']' is present after '30' second(s))
	at com.kms.katalon.core.keyword.internal.KeywordMain.stepFailed(KeywordMain.groovy:36)
	at com.kms.katalon.core.webui.keyword.internal.WebUIKeywordMain.stepFailed(WebUIKeywordMain.groovy:65)
	at com.kms.katalon.core.webui.keyword.internal.WebUIKeywordMain.runKeyword(WebUIKeywordMain.groovy:27)
	at com.kms.katalon.core.webui.keyword.builtin.VerifyElementNotPresentKeyword.verifyElementNotPresent(VerifyElementNotPresentKeyword.groovy:118)
	at com.kms.katalon.core.webui.keyword.builtin.VerifyElementNotPresentKeyword.execute(VerifyElementNotPresentKeyword.groovy:68)
	at com.kms.katalon.core.keyword.internal.KeywordExecutor.executeKeywordForPlatform(KeywordExecutor.groovy:53)
	at com.kms.katalon.core.webui.keyword.WebUiBuiltInKeywords.verifyElementNotPresent(WebUiBuiltInKeywords.groovy:1467)
	at com.kms.katalon.core.webui.keyword.WebUiBuiltInKeywords$verifyElementNotPresent$3.call(Unknown Source)
	at Script1537190043452.run(Script1537190043452.groovy:31)
	at com.kms.katalon.core.main.ScriptEngine.run(ScriptEngine.java:183)
	at com.kms.katalon.core.main.ScriptEngine.runScriptAsRawText(ScriptEngine.java:108)
	at com.kms.katalon.core.main.TestCaseExecutor.runScript(TestCaseExecutor.java:294)
	at com.kms.katalon.core.main.TestCaseExecutor.doExecute(TestCaseExecutor.java:285)
	at com.kms.katalon.core.main.TestCaseExecutor.processExecutionPhase(TestCaseExecutor.java:264)
	at com.kms.katalon.core.main.TestCaseExecutor.accessMainPhase(TestCaseExecutor.java:256)
	at com.kms.katalon.core.main.TestCaseExecutor.execute(TestCaseExecutor.java:200)
	at com.kms.katalon.core.main.TestSuiteExecutor.accessTestCaseMainPhase(TestSuiteExecutor.java:129)
	at com.kms.katalon.core.main.TestSuiteExecutor.accessTestSuiteMainPhase(TestSuiteExecutor.java:112)
	at com.kms.katalon.core.main.TestSuiteExecutor.execute(TestSuiteExecutor.java:81)
	at com.kms.katalon.core.main.TestCaseMain.startTestSuite(TestCaseMain.java:142)
	at com.kms.katalon.core.main.TestCaseMain$startTestSuite$0.call(Unknown Source)
	at org.codehaus.groovy.runtime.callsite.CallSiteArray.defaultCall(CallSiteArray.java:48)
	at org.codehaus.groovy.runtime.callsite.AbstractCallSite.call(AbstractCallSite.java:113)
	at org.codehaus.groovy.runtime.callsite.AbstractCallSite.call(AbstractCallSite.java:141)
	at TempTestSuite1537937721688.run(TempTestSuite1537937721688.groovy:36)
	at groovy.lang.GroovyShell.runScriptOrMainOrTestOrRunnable(GroovyShell.java:263)
	at groovy.lang.GroovyShell.run(GroovyShell.java:518)
	at groovy.lang.GroovyShell.run(GroovyShell.java:507)
	at groovy.ui.GroovyMain.processOnce(GroovyMain.java:653)
	at groovy.ui.GroovyMain.run(GroovyMain.java:384)
	at groovy.ui.GroovyMain.process(GroovyMain.java:370)
	at groovy.ui.GroovyMain.processArgs(GroovyMain.java:129)
	at groovy.ui.GroovyMain.main(GroovyMain.java:109)
	at sun.reflect.NativeMethodAccessorImpl.invoke0(Native Method)
	at sun.reflect.NativeMethodAccessorImpl.invoke(NativeMethodAccessorImpl.java:62)
	at sun.reflect.DelegatingMethodAccessorImpl.invoke(DelegatingMethodAccessorImpl.java:43)
	at java.lang.reflect.Method.invoke(Method.java:498)
	at org.codehaus.groovy.tools.GroovyStarter.rootLoader(GroovyStarter.java:109)
	at org.codehaus.groovy.tools.GroovyStarter.main(GroovyStarter.java:131)
)"/>
         <system-out><![CDATA[2018-09-26 10:59:50 - [TEST_CASE][FAILED] - Test Cases/nc_cp_login_test: Test Cases/nc_cp_login_test FAILED because (of) (Stack trace: com.kms.katalon.core.exception.StepFailedException: Unable to verify object 'Object Repository/Page_Metafour User Login/div_Sorry login failed' is not present (Root cause: Web element with id: 'Object Repository/Page_Metafour User Login/div_Sorry login failed' located by 'By.xpath: //div[@id='customerrormessagediv']' is present after '30' second(s))
	at com.kms.katalon.core.keyword.internal.KeywordMain.stepFailed(KeywordMain.groovy:36)
	at com.kms.katalon.core.webui.keyword.internal.WebUIKeywordMain.stepFailed(WebUIKeywordMain.groovy:65)
	at com.kms.katalon.core.webui.keyword.internal.WebUIKeywordMain.runKeyword(WebUIKeywordMain.groovy:27)
	at com.kms.katalon.core.webui.keyword.builtin.VerifyElementNotPresentKeyword.verifyElementNotPresent(VerifyElementNotPresentKeyword.groovy:118)
	at com.kms.katalon.core.webui.keyword.builtin.VerifyElementNotPresentKeyword.execute(VerifyElementNotPresentKeyword.groovy:68)
	at com.kms.katalon.core.keyword.internal.KeywordExecutor.executeKeywordForPlatform(KeywordExecutor.groovy:53)
	at com.kms.katalon.core.webui.keyword.WebUiBuiltInKeywords.verifyElementNotPresent(WebUiBuiltInKeywords.groovy:1467)
	at com.kms.katalon.core.webui.keyword.WebUiBuiltInKeywords$verifyElementNotPresent$3.call(Unknown Source)
	at Script1537190043452.run(Script1537190043452.groovy:31)
	at com.kms.katalon.core.main.ScriptEngine.run(ScriptEngine.java:183)
	at com.kms.katalon.core.main.ScriptEngine.runScriptAsRawText(ScriptEngine.java:108)
	at com.kms.katalon.core.main.TestCaseExecutor.runScript(TestCaseExecutor.java:294)
	at com.kms.katalon.core.main.TestCaseExecutor.doExecute(TestCaseExecutor.java:285)
	at com.kms.katalon.core.main.TestCaseExecutor.processExecutionPhase(TestCaseExecutor.java:264)
	at com.kms.katalon.core.main.TestCaseExecutor.accessMainPhase(TestCaseExecutor.java:256)
	at com.kms.katalon.core.main.TestCaseExecutor.execute(TestCaseExecutor.java:200)
	at com.kms.katalon.core.main.TestSuiteExecutor.accessTestCaseMainPhase(TestSuiteExecutor.java:129)
	at com.kms.katalon.core.main.TestSuiteExecutor.accessTestSuiteMainPhase(TestSuiteExecutor.java:112)
	at com.kms.katalon.core.main.TestSuiteExecutor.execute(TestSuiteExecutor.java:81)
	at com.kms.katalon.core.main.TestCaseMain.startTestSuite(TestCaseMain.java:142)
	at com.kms.katalon.core.main.TestCaseMain$startTestSuite$0.call(Unknown Source)
	at org.codehaus.groovy.runtime.callsite.CallSiteArray.defaultCall(CallSiteArray.java:48)
	at org.codehaus.groovy.runtime.callsite.AbstractCallSite.call(AbstractCallSite.java:113)
	at org.codehaus.groovy.runtime.callsite.AbstractCallSite.call(AbstractCallSite.java:141)
	at TempTestSuite1537937721688.run(TempTestSuite1537937721688.groovy:36)
	at groovy.lang.GroovyShell.runScriptOrMainOrTestOrRunnable(GroovyShell.java:263)
	at groovy.lang.GroovyShell.run(GroovyShell.java:518)
	at groovy.lang.GroovyShell.run(GroovyShell.java:507)
	at groovy.ui.GroovyMain.processOnce(GroovyMain.java:653)
	at groovy.ui.GroovyMain.run(GroovyMain.java:384)
	at groovy.ui.GroovyMain.process(GroovyMain.java:370)
	at groovy.ui.GroovyMain.processArgs(GroovyMain.java:129)
	at groovy.ui.GroovyMain.main(GroovyMain.java:109)
	at sun.reflect.NativeMethodAccessorImpl.invoke0(Native Method)
	at sun.reflect.NativeMethodAccessorImpl.invoke(NativeMethodAccessorImpl.java:62)
	at sun.reflect.DelegatingMethodAccessorImpl.invoke(DelegatingMethodAccessorImpl.java:43)
	at java.lang.reflect.Method.invoke(Method.java:498)
	at org.codehaus.groovy.tools.GroovyStarter.rootLoader(GroovyStarter.java:109)
	at org.codehaus.groovy.tools.GroovyStarter.main(GroovyStarter.java:131)
)

2018-09-26 10:59:50 - [TEST_STEP][PASSED] - openBrowser: Browser is opened with url: 'https://bluesky.netcourier.net/metafour-auth/authenticate?appId=clon&accessCode=&continue=/online/authenticated'

2018-09-26 10:59:56 - [MESSAGE][PASSED] - Browser is opened with url: 'https://bluesky.netcourier.net/metafour-auth/authenticate?appId=clon&accessCode=&continue=/online/authenticated'

2018-09-26 10:59:56 - [TEST_STEP][PASSED] - navigateToUrl: Navigate to 'https://bluesky.netcourier.net/metafour-auth/authenticate?appId=clon&accessCode=&continue=/online/authenticated' successfully

2018-09-26 10:59:56 - [MESSAGE][PASSED] - Navigate to 'https://bluesky.netcourier.net/metafour-auth/authenticate?appId=clon&accessCode=&continue=/online/authenticated' successfully

2018-09-26 10:59:56 - [TEST_STEP][PASSED] - setText: Text 'M4' is set on object 'Object Repository/Page_Metafour User Login/input_Login_access_code'

2018-09-26 10:59:56 - [MESSAGE][PASSED] - Text 'M4' is set on object 'Object Repository/Page_Metafour User Login/input_Login_access_code'

2018-09-26 10:59:56 - [TEST_STEP][PASSED] - setText: Text 'Jony' is set on object 'Object Repository/Page_Metafour User Login/input_Login_login'

2018-09-26 10:59:56 - [MESSAGE][PASSED] - Text 'Jony' is set on object 'Object Repository/Page_Metafour User Login/input_Login_login'

2018-09-26 10:59:56 - [TEST_STEP][PASSED] - setText: Text '1234' is set on object 'Object Repository/Page_Metafour User Login/input_Login_j_password'

2018-09-26 10:59:56 - [MESSAGE][PASSED] - Text '1234' is set on object 'Object Repository/Page_Metafour User Login/input_Login_j_password'

2018-09-26 10:59:56 - [TEST_STEP][PASSED] - click: Object: 'Object Repository/Page_Metafour User Login/button_Sign in' is clicked on

2018-09-26 10:59:57 - [MESSAGE][PASSED] - Object: 'Object Repository/Page_Metafour User Login/button_Sign in' is clicked on

2018-09-26 10:59:57 - [TEST_STEP][PASSED] - delay: Delayed 3 second(s)

2018-09-26 11:00:00 - [MESSAGE][PASSED] - Delayed 3 second(s)

2018-09-26 11:00:00 - [TEST_STEP][FAILED] - verifyElementNotPresent: Unable to verify object 'Object Repository/Page_Metafour User Login/div_Sorry login failed' is not present (Root cause: Web element with id: 'Object Repository/Page_Metafour User Login/div_Sorry login failed' located by 'By.xpath: //div[@id='customerrormessagediv']' is present after '30' second(s))

2018-09-26 11:00:00 - [MESSAGE][WARNING] - Timeout '0' is invalid. Using default page load timeout: '30'

2018-09-26 11:00:31 - [MESSAGE][FAILED] - Web element with id: 'Object Repository/Page_Metafour User Login/div_Sorry login failed' located by 'By.xpath: //div[@id='customerrormessagediv']' is present after '30' second(s)
[[ATTACHMENT|C:\\Users\\mazha\\Katalon Studio\\m4-monitoring\\Reports\\nc-cp-bo-login-test-suit\\20180926_105521\\1537938030975.png]]

2018-09-26 11:00:31 - [MESSAGE][FAILED] - Unable to verify object 'Object Repository/Page_Metafour User Login/div_Sorry login failed' is not present (Root cause: Web element with id: 'Object Repository/Page_Metafour User Login/div_Sorry login failed' located by 'By.xpath: //div[@id='customerrormessagediv']' is present after '30' second(s))
[[ATTACHMENT|C:\\Users\\mazha\\Katalon Studio\\m4-monitoring\\Reports\\nc-cp-bo-login-test-suit\\20180926_105521\\1537938031221.png]]]]></system-out>
         <system-err><![CDATA[2018-09-26 10:59:50 - [TEST_CASE][FAILED] - Test Cases/nc_cp_login_test: Test Cases/nc_cp_login_test FAILED because (of) (Stack trace: com.kms.katalon.core.exception.StepFailedException: Unable to verify object 'Object Repository/Page_Metafour User Login/div_Sorry login failed' is not present (Root cause: Web element with id: 'Object Repository/Page_Metafour User Login/div_Sorry login failed' located by 'By.xpath: //div[@id='customerrormessagediv']' is present after '30' second(s))
	at com.kms.katalon.core.keyword.internal.KeywordMain.stepFailed(KeywordMain.groovy:36)
	at com.kms.katalon.core.webui.keyword.internal.WebUIKeywordMain.stepFailed(WebUIKeywordMain.groovy:65)
	at com.kms.katalon.core.webui.keyword.internal.WebUIKeywordMain.runKeyword(WebUIKeywordMain.groovy:27)
	at com.kms.katalon.core.webui.keyword.builtin.VerifyElementNotPresentKeyword.verifyElementNotPresent(VerifyElementNotPresentKeyword.groovy:118)
	at com.kms.katalon.core.webui.keyword.builtin.VerifyElementNotPresentKeyword.execute(VerifyElementNotPresentKeyword.groovy:68)
	at com.kms.katalon.core.keyword.internal.KeywordExecutor.executeKeywordForPlatform(KeywordExecutor.groovy:53)
	at com.kms.katalon.core.webui.keyword.WebUiBuiltInKeywords.verifyElementNotPresent(WebUiBuiltInKeywords.groovy:1467)
	at com.kms.katalon.core.webui.keyword.WebUiBuiltInKeywords$verifyElementNotPresent$3.call(Unknown Source)
	at Script1537190043452.run(Script1537190043452.groovy:31)
	at com.kms.katalon.core.main.ScriptEngine.run(ScriptEngine.java:183)
	at com.kms.katalon.core.main.ScriptEngine.runScriptAsRawText(ScriptEngine.java:108)
	at com.kms.katalon.core.main.TestCaseExecutor.runScript(TestCaseExecutor.java:294)
	at com.kms.katalon.core.main.TestCaseExecutor.doExecute(TestCaseExecutor.java:285)
	at com.kms.katalon.core.main.TestCaseExecutor.processExecutionPhase(TestCaseExecutor.java:264)
	at com.kms.katalon.core.main.TestCaseExecutor.accessMainPhase(TestCaseExecutor.java:256)
	at com.kms.katalon.core.main.TestCaseExecutor.execute(TestCaseExecutor.java:200)
	at com.kms.katalon.core.main.TestSuiteExecutor.accessTestCaseMainPhase(TestSuiteExecutor.java:129)
	at com.kms.katalon.core.main.TestSuiteExecutor.accessTestSuiteMainPhase(TestSuiteExecutor.java:112)
	at com.kms.katalon.core.main.TestSuiteExecutor.execute(TestSuiteExecutor.java:81)
	at com.kms.katalon.core.main.TestCaseMain.startTestSuite(TestCaseMain.java:142)
	at com.kms.katalon.core.main.TestCaseMain$startTestSuite$0.call(Unknown Source)
	at org.codehaus.groovy.runtime.callsite.CallSiteArray.defaultCall(CallSiteArray.java:48)
	at org.codehaus.groovy.runtime.callsite.AbstractCallSite.call(AbstractCallSite.java:113)
	at org.codehaus.groovy.runtime.callsite.AbstractCallSite.call(AbstractCallSite.java:141)
	at TempTestSuite1537937721688.run(TempTestSuite1537937721688.groovy:36)
	at groovy.lang.GroovyShell.runScriptOrMainOrTestOrRunnable(GroovyShell.java:263)
	at groovy.lang.GroovyShell.run(GroovyShell.java:518)
	at groovy.lang.GroovyShell.run(GroovyShell.java:507)
	at groovy.ui.GroovyMain.processOnce(GroovyMain.java:653)
	at groovy.ui.GroovyMain.run(GroovyMain.java:384)
	at groovy.ui.GroovyMain.process(GroovyMain.java:370)
	at groovy.ui.GroovyMain.processArgs(GroovyMain.java:129)
	at groovy.ui.GroovyMain.main(GroovyMain.java:109)
	at sun.reflect.NativeMethodAccessorImpl.invoke0(Native Method)
	at sun.reflect.NativeMethodAccessorImpl.invoke(NativeMethodAccessorImpl.java:62)
	at sun.reflect.DelegatingMethodAccessorImpl.invoke(DelegatingMethodAccessorImpl.java:43)
	at java.lang.reflect.Method.invoke(Method.java:498)
	at org.codehaus.groovy.tools.GroovyStarter.rootLoader(GroovyStarter.java:109)
	at org.codehaus.groovy.tools.GroovyStarter.main(GroovyStarter.java:131)
)]]></system-err>
      </testcase>
      <testcase name="Test Cases/nc_cp_login_test" classname="Test Cases/nc_cp_login_test" status="PASSED">
         <system-out><![CDATA[2018-09-26 11:00:31 - [TEST_CASE][PASSED] - Test Cases/nc_cp_login_test: Test Cases/nc_cp_login_test

2018-09-26 11:00:31 - [TEST_STEP][PASSED] - openBrowser: Browser is opened with url: 'https://caebfs.netcourier.net/metafour-auth/authenticate?appId=clon&accessCode=&continue=/online/authenticated'

2018-09-26 11:00:31 - [MESSAGE][WARNING] - A browser is already opened. Closing browser and opening a new one

2018-09-26 11:00:37 - [MESSAGE][PASSED] - Browser is opened with url: 'https://caebfs.netcourier.net/metafour-auth/authenticate?appId=clon&accessCode=&continue=/online/authenticated'

2018-09-26 11:00:37 - [TEST_STEP][PASSED] - navigateToUrl: Navigate to 'https://caebfs.netcourier.net/metafour-auth/authenticate?appId=clon&accessCode=&continue=/online/authenticated' successfully

2018-09-26 11:00:37 - [MESSAGE][PASSED] - Navigate to 'https://caebfs.netcourier.net/metafour-auth/authenticate?appId=clon&accessCode=&continue=/online/authenticated' successfully

2018-09-26 11:00:37 - [TEST_STEP][PASSED] - setText: Text 'dummy' is set on object 'Object Repository/Page_Metafour User Login/input_Login_access_code'

2018-09-26 11:00:38 - [MESSAGE][PASSED] - Text 'dummy' is set on object 'Object Repository/Page_Metafour User Login/input_Login_access_code'

2018-09-26 11:00:38 - [TEST_STEP][PASSED] - setText: Text 'clon' is set on object 'Object Repository/Page_Metafour User Login/input_Login_login'

2018-09-26 11:00:38 - [MESSAGE][PASSED] - Text 'clon' is set on object 'Object Repository/Page_Metafour User Login/input_Login_login'

2018-09-26 11:00:38 - [TEST_STEP][PASSED] - setText: Text 'clon' is set on object 'Object Repository/Page_Metafour User Login/input_Login_j_password'

2018-09-26 11:00:38 - [MESSAGE][PASSED] - Text 'clon' is set on object 'Object Repository/Page_Metafour User Login/input_Login_j_password'

2018-09-26 11:00:38 - [TEST_STEP][PASSED] - click: Object: 'Object Repository/Page_Metafour User Login/button_Sign in' is clicked on

2018-09-26 11:00:42 - [MESSAGE][PASSED] - Object: 'Object Repository/Page_Metafour User Login/button_Sign in' is clicked on

2018-09-26 11:00:42 - [TEST_STEP][PASSED] - delay: Delayed 3 second(s)

2018-09-26 11:00:45 - [MESSAGE][PASSED] - Delayed 3 second(s)

2018-09-26 11:00:45 - [TEST_STEP][PASSED] - verifyElementNotPresent: Web element with id: 'Object Repository/Page_Metafour User Login/div_Sorry login failed' located by 'By.xpath: //div[@id='customerrormessagediv']' is not present after '30' second(s)

2018-09-26 11:00:45 - [MESSAGE][WARNING] - Timeout '0' is invalid. Using default page load timeout: '30'

2018-09-26 11:00:45 - [MESSAGE][PASSED] - Web element with id: 'Object Repository/Page_Metafour User Login/div_Sorry login failed' located by 'By.xpath: //div[@id='customerrormessagediv']' is not present after '30' second(s)

2018-09-26 11:00:45 - [TEST_STEP][PASSED] - closeBrowser: Browser is closed

2018-09-26 11:00:46 - [MESSAGE][PASSED] - Browser is closed]]></system-out>
         <system-err><![CDATA[]]></system-err>
      </testcase>
      <testcase name="Test Cases/nc_cp_login_test" classname="Test Cases/nc_cp_login_test" status="FAILED">
         <failure type="FAILED" message="(Stack trace: com.kms.katalon.core.exception.StepFailedException: Unable to verify object 'Object Repository/Page_Metafour User Login/div_Sorry login failed' is not present (Root cause: Web element with id: 'Object Repository/Page_Metafour User Login/div_Sorry login failed' located by 'By.xpath: //div[@id='customerrormessagediv']' is present after '30' second(s))
	at com.kms.katalon.core.keyword.internal.KeywordMain.stepFailed(KeywordMain.groovy:36)
	at com.kms.katalon.core.webui.keyword.internal.WebUIKeywordMain.stepFailed(WebUIKeywordMain.groovy:65)
	at com.kms.katalon.core.webui.keyword.internal.WebUIKeywordMain.runKeyword(WebUIKeywordMain.groovy:27)
	at com.kms.katalon.core.webui.keyword.builtin.VerifyElementNotPresentKeyword.verifyElementNotPresent(VerifyElementNotPresentKeyword.groovy:118)
	at com.kms.katalon.core.webui.keyword.builtin.VerifyElementNotPresentKeyword.execute(VerifyElementNotPresentKeyword.groovy:68)
	at com.kms.katalon.core.keyword.internal.KeywordExecutor.executeKeywordForPlatform(KeywordExecutor.groovy:53)
	at com.kms.katalon.core.webui.keyword.WebUiBuiltInKeywords.verifyElementNotPresent(WebUiBuiltInKeywords.groovy:1467)
	at com.kms.katalon.core.webui.keyword.WebUiBuiltInKeywords$verifyElementNotPresent$3.call(Unknown Source)
	at Script1537190043452.run(Script1537190043452.groovy:31)
	at com.kms.katalon.core.main.ScriptEngine.run(ScriptEngine.java:183)
	at com.kms.katalon.core.main.ScriptEngine.runScriptAsRawText(ScriptEngine.java:108)
	at com.kms.katalon.core.main.TestCaseExecutor.runScript(TestCaseExecutor.java:294)
	at com.kms.katalon.core.main.TestCaseExecutor.doExecute(TestCaseExecutor.java:285)
	at com.kms.katalon.core.main.TestCaseExecutor.processExecutionPhase(TestCaseExecutor.java:264)
	at com.kms.katalon.core.main.TestCaseExecutor.accessMainPhase(TestCaseExecutor.java:256)
	at com.kms.katalon.core.main.TestCaseExecutor.execute(TestCaseExecutor.java:200)
	at com.kms.katalon.core.main.TestSuiteExecutor.accessTestCaseMainPhase(TestSuiteExecutor.java:129)
	at com.kms.katalon.core.main.TestSuiteExecutor.accessTestSuiteMainPhase(TestSuiteExecutor.java:112)
	at com.kms.katalon.core.main.TestSuiteExecutor.execute(TestSuiteExecutor.java:81)
	at com.kms.katalon.core.main.TestCaseMain.startTestSuite(TestCaseMain.java:142)
	at com.kms.katalon.core.main.TestCaseMain$startTestSuite$0.call(Unknown Source)
	at org.codehaus.groovy.runtime.callsite.CallSiteArray.defaultCall(CallSiteArray.java:48)
	at org.codehaus.groovy.runtime.callsite.AbstractCallSite.call(AbstractCallSite.java:113)
	at org.codehaus.groovy.runtime.callsite.AbstractCallSite.call(AbstractCallSite.java:141)
	at TempTestSuite1537937721688.run(TempTestSuite1537937721688.groovy:36)
	at groovy.lang.GroovyShell.runScriptOrMainOrTestOrRunnable(GroovyShell.java:263)
	at groovy.lang.GroovyShell.run(GroovyShell.java:518)
	at groovy.lang.GroovyShell.run(GroovyShell.java:507)
	at groovy.ui.GroovyMain.processOnce(GroovyMain.java:653)
	at groovy.ui.GroovyMain.run(GroovyMain.java:384)
	at groovy.ui.GroovyMain.process(GroovyMain.java:370)
	at groovy.ui.GroovyMain.processArgs(GroovyMain.java:129)
	at groovy.ui.GroovyMain.main(GroovyMain.java:109)
	at sun.reflect.NativeMethodAccessorImpl.invoke0(Native Method)
	at sun.reflect.NativeMethodAccessorImpl.invoke(NativeMethodAccessorImpl.java:62)
	at sun.reflect.DelegatingMethodAccessorImpl.invoke(DelegatingMethodAccessorImpl.java:43)
	at java.lang.reflect.Method.invoke(Method.java:498)
	at org.codehaus.groovy.tools.GroovyStarter.rootLoader(GroovyStarter.java:109)
	at org.codehaus.groovy.tools.GroovyStarter.main(GroovyStarter.java:131)
)"/>
         <system-out><![CDATA[2018-09-26 11:00:46 - [TEST_CASE][FAILED] - Test Cases/nc_cp_login_test: Test Cases/nc_cp_login_test FAILED because (of) (Stack trace: com.kms.katalon.core.exception.StepFailedException: Unable to verify object 'Object Repository/Page_Metafour User Login/div_Sorry login failed' is not present (Root cause: Web element with id: 'Object Repository/Page_Metafour User Login/div_Sorry login failed' located by 'By.xpath: //div[@id='customerrormessagediv']' is present after '30' second(s))
	at com.kms.katalon.core.keyword.internal.KeywordMain.stepFailed(KeywordMain.groovy:36)
	at com.kms.katalon.core.webui.keyword.internal.WebUIKeywordMain.stepFailed(WebUIKeywordMain.groovy:65)
	at com.kms.katalon.core.webui.keyword.internal.WebUIKeywordMain.runKeyword(WebUIKeywordMain.groovy:27)
	at com.kms.katalon.core.webui.keyword.builtin.VerifyElementNotPresentKeyword.verifyElementNotPresent(VerifyElementNotPresentKeyword.groovy:118)
	at com.kms.katalon.core.webui.keyword.builtin.VerifyElementNotPresentKeyword.execute(VerifyElementNotPresentKeyword.groovy:68)
	at com.kms.katalon.core.keyword.internal.KeywordExecutor.executeKeywordForPlatform(KeywordExecutor.groovy:53)
	at com.kms.katalon.core.webui.keyword.WebUiBuiltInKeywords.verifyElementNotPresent(WebUiBuiltInKeywords.groovy:1467)
	at com.kms.katalon.core.webui.keyword.WebUiBuiltInKeywords$verifyElementNotPresent$3.call(Unknown Source)
	at Script1537190043452.run(Script1537190043452.groovy:31)
	at com.kms.katalon.core.main.ScriptEngine.run(ScriptEngine.java:183)
	at com.kms.katalon.core.main.ScriptEngine.runScriptAsRawText(ScriptEngine.java:108)
	at com.kms.katalon.core.main.TestCaseExecutor.runScript(TestCaseExecutor.java:294)
	at com.kms.katalon.core.main.TestCaseExecutor.doExecute(TestCaseExecutor.java:285)
	at com.kms.katalon.core.main.TestCaseExecutor.processExecutionPhase(TestCaseExecutor.java:264)
	at com.kms.katalon.core.main.TestCaseExecutor.accessMainPhase(TestCaseExecutor.java:256)
	at com.kms.katalon.core.main.TestCaseExecutor.execute(TestCaseExecutor.java:200)
	at com.kms.katalon.core.main.TestSuiteExecutor.accessTestCaseMainPhase(TestSuiteExecutor.java:129)
	at com.kms.katalon.core.main.TestSuiteExecutor.accessTestSuiteMainPhase(TestSuiteExecutor.java:112)
	at com.kms.katalon.core.main.TestSuiteExecutor.execute(TestSuiteExecutor.java:81)
	at com.kms.katalon.core.main.TestCaseMain.startTestSuite(TestCaseMain.java:142)
	at com.kms.katalon.core.main.TestCaseMain$startTestSuite$0.call(Unknown Source)
	at org.codehaus.groovy.runtime.callsite.CallSiteArray.defaultCall(CallSiteArray.java:48)
	at org.codehaus.groovy.runtime.callsite.AbstractCallSite.call(AbstractCallSite.java:113)
	at org.codehaus.groovy.runtime.callsite.AbstractCallSite.call(AbstractCallSite.java:141)
	at TempTestSuite1537937721688.run(TempTestSuite1537937721688.groovy:36)
	at groovy.lang.GroovyShell.runScriptOrMainOrTestOrRunnable(GroovyShell.java:263)
	at groovy.lang.GroovyShell.run(GroovyShell.java:518)
	at groovy.lang.GroovyShell.run(GroovyShell.java:507)
	at groovy.ui.GroovyMain.processOnce(GroovyMain.java:653)
	at groovy.ui.GroovyMain.run(GroovyMain.java:384)
	at groovy.ui.GroovyMain.process(GroovyMain.java:370)
	at groovy.ui.GroovyMain.processArgs(GroovyMain.java:129)
	at groovy.ui.GroovyMain.main(GroovyMain.java:109)
	at sun.reflect.NativeMethodAccessorImpl.invoke0(Native Method)
	at sun.reflect.NativeMethodAccessorImpl.invoke(NativeMethodAccessorImpl.java:62)
	at sun.reflect.DelegatingMethodAccessorImpl.invoke(DelegatingMethodAccessorImpl.java:43)
	at java.lang.reflect.Method.invoke(Method.java:498)
	at org.codehaus.groovy.tools.GroovyStarter.rootLoader(GroovyStarter.java:109)
	at org.codehaus.groovy.tools.GroovyStarter.main(GroovyStarter.java:131)
)

2018-09-26 11:00:46 - [TEST_STEP][PASSED] - openBrowser: Browser is opened with url: 'https://caedub.netcourier.net/metafour-auth/authenticate?appId=clon&accessCode=&continue=/online/authenticated'

2018-09-26 11:00:51 - [MESSAGE][PASSED] - Browser is opened with url: 'https://caedub.netcourier.net/metafour-auth/authenticate?appId=clon&accessCode=&continue=/online/authenticated'

2018-09-26 11:00:51 - [TEST_STEP][PASSED] - navigateToUrl: Navigate to 'https://caedub.netcourier.net/metafour-auth/authenticate?appId=clon&accessCode=&continue=/online/authenticated' successfully

2018-09-26 11:00:52 - [MESSAGE][PASSED] - Navigate to 'https://caedub.netcourier.net/metafour-auth/authenticate?appId=clon&accessCode=&continue=/online/authenticated' successfully

2018-09-26 11:00:52 - [TEST_STEP][PASSED] - setText: Text 'dummy' is set on object 'Object Repository/Page_Metafour User Login/input_Login_access_code'

2018-09-26 11:00:52 - [MESSAGE][PASSED] - Text 'dummy' is set on object 'Object Repository/Page_Metafour User Login/input_Login_access_code'

2018-09-26 11:00:52 - [TEST_STEP][PASSED] - setText: Text 'Hasan' is set on object 'Object Repository/Page_Metafour User Login/input_Login_login'

2018-09-26 11:00:52 - [MESSAGE][PASSED] - Text 'Hasan' is set on object 'Object Repository/Page_Metafour User Login/input_Login_login'

2018-09-26 11:00:52 - [TEST_STEP][PASSED] - setText: Text 'Hasan' is set on object 'Object Repository/Page_Metafour User Login/input_Login_j_password'

2018-09-26 11:00:52 - [MESSAGE][PASSED] - Text 'Hasan' is set on object 'Object Repository/Page_Metafour User Login/input_Login_j_password'

2018-09-26 11:00:52 - [TEST_STEP][PASSED] - click: Object: 'Object Repository/Page_Metafour User Login/button_Sign in' is clicked on

2018-09-26 11:00:53 - [MESSAGE][PASSED] - Object: 'Object Repository/Page_Metafour User Login/button_Sign in' is clicked on

2018-09-26 11:00:53 - [TEST_STEP][PASSED] - delay: Delayed 3 second(s)

2018-09-26 11:00:56 - [MESSAGE][PASSED] - Delayed 3 second(s)

2018-09-26 11:00:56 - [TEST_STEP][FAILED] - verifyElementNotPresent: Unable to verify object 'Object Repository/Page_Metafour User Login/div_Sorry login failed' is not present (Root cause: Web element with id: 'Object Repository/Page_Metafour User Login/div_Sorry login failed' located by 'By.xpath: //div[@id='customerrormessagediv']' is present after '30' second(s))

2018-09-26 11:00:56 - [MESSAGE][WARNING] - Timeout '0' is invalid. Using default page load timeout: '30'

2018-09-26 11:01:26 - [MESSAGE][FAILED] - Web element with id: 'Object Repository/Page_Metafour User Login/div_Sorry login failed' located by 'By.xpath: //div[@id='customerrormessagediv']' is present after '30' second(s)
[[ATTACHMENT|C:\\Users\\mazha\\Katalon Studio\\m4-monitoring\\Reports\\nc-cp-bo-login-test-suit\\20180926_105521\\1537938086692.png]]

2018-09-26 11:01:27 - [MESSAGE][FAILED] - Unable to verify object 'Object Repository/Page_Metafour User Login/div_Sorry login failed' is not present (Root cause: Web element with id: 'Object Repository/Page_Metafour User Login/div_Sorry login failed' located by 'By.xpath: //div[@id='customerrormessagediv']' is present after '30' second(s))
[[ATTACHMENT|C:\\Users\\mazha\\Katalon Studio\\m4-monitoring\\Reports\\nc-cp-bo-login-test-suit\\20180926_105521\\1537938086952.png]]]]></system-out>
         <system-err><![CDATA[2018-09-26 11:00:46 - [TEST_CASE][FAILED] - Test Cases/nc_cp_login_test: Test Cases/nc_cp_login_test FAILED because (of) (Stack trace: com.kms.katalon.core.exception.StepFailedException: Unable to verify object 'Object Repository/Page_Metafour User Login/div_Sorry login failed' is not present (Root cause: Web element with id: 'Object Repository/Page_Metafour User Login/div_Sorry login failed' located by 'By.xpath: //div[@id='customerrormessagediv']' is present after '30' second(s))
	at com.kms.katalon.core.keyword.internal.KeywordMain.stepFailed(KeywordMain.groovy:36)
	at com.kms.katalon.core.webui.keyword.internal.WebUIKeywordMain.stepFailed(WebUIKeywordMain.groovy:65)
	at com.kms.katalon.core.webui.keyword.internal.WebUIKeywordMain.runKeyword(WebUIKeywordMain.groovy:27)
	at com.kms.katalon.core.webui.keyword.builtin.VerifyElementNotPresentKeyword.verifyElementNotPresent(VerifyElementNotPresentKeyword.groovy:118)
	at com.kms.katalon.core.webui.keyword.builtin.VerifyElementNotPresentKeyword.execute(VerifyElementNotPresentKeyword.groovy:68)
	at com.kms.katalon.core.keyword.internal.KeywordExecutor.executeKeywordForPlatform(KeywordExecutor.groovy:53)
	at com.kms.katalon.core.webui.keyword.WebUiBuiltInKeywords.verifyElementNotPresent(WebUiBuiltInKeywords.groovy:1467)
	at com.kms.katalon.core.webui.keyword.WebUiBuiltInKeywords$verifyElementNotPresent$3.call(Unknown Source)
	at Script1537190043452.run(Script1537190043452.groovy:31)
	at com.kms.katalon.core.main.ScriptEngine.run(ScriptEngine.java:183)
	at com.kms.katalon.core.main.ScriptEngine.runScriptAsRawText(ScriptEngine.java:108)
	at com.kms.katalon.core.main.TestCaseExecutor.runScript(TestCaseExecutor.java:294)
	at com.kms.katalon.core.main.TestCaseExecutor.doExecute(TestCaseExecutor.java:285)
	at com.kms.katalon.core.main.TestCaseExecutor.processExecutionPhase(TestCaseExecutor.java:264)
	at com.kms.katalon.core.main.TestCaseExecutor.accessMainPhase(TestCaseExecutor.java:256)
	at com.kms.katalon.core.main.TestCaseExecutor.execute(TestCaseExecutor.java:200)
	at com.kms.katalon.core.main.TestSuiteExecutor.accessTestCaseMainPhase(TestSuiteExecutor.java:129)
	at com.kms.katalon.core.main.TestSuiteExecutor.accessTestSuiteMainPhase(TestSuiteExecutor.java:112)
	at com.kms.katalon.core.main.TestSuiteExecutor.execute(TestSuiteExecutor.java:81)
	at com.kms.katalon.core.main.TestCaseMain.startTestSuite(TestCaseMain.java:142)
	at com.kms.katalon.core.main.TestCaseMain$startTestSuite$0.call(Unknown Source)
	at org.codehaus.groovy.runtime.callsite.CallSiteArray.defaultCall(CallSiteArray.java:48)
	at org.codehaus.groovy.runtime.callsite.AbstractCallSite.call(AbstractCallSite.java:113)
	at org.codehaus.groovy.runtime.callsite.AbstractCallSite.call(AbstractCallSite.java:141)
	at TempTestSuite1537937721688.run(TempTestSuite1537937721688.groovy:36)
	at groovy.lang.GroovyShell.runScriptOrMainOrTestOrRunnable(GroovyShell.java:263)
	at groovy.lang.GroovyShell.run(GroovyShell.java:518)
	at groovy.lang.GroovyShell.run(GroovyShell.java:507)
	at groovy.ui.GroovyMain.processOnce(GroovyMain.java:653)
	at groovy.ui.GroovyMain.run(GroovyMain.java:384)
	at groovy.ui.GroovyMain.process(GroovyMain.java:370)
	at groovy.ui.GroovyMain.processArgs(GroovyMain.java:129)
	at groovy.ui.GroovyMain.main(GroovyMain.java:109)
	at sun.reflect.NativeMethodAccessorImpl.invoke0(Native Method)
	at sun.reflect.NativeMethodAccessorImpl.invoke(NativeMethodAccessorImpl.java:62)
	at sun.reflect.DelegatingMethodAccessorImpl.invoke(DelegatingMethodAccessorImpl.java:43)
	at java.lang.reflect.Method.invoke(Method.java:498)
	at org.codehaus.groovy.tools.GroovyStarter.rootLoader(GroovyStarter.java:109)
	at org.codehaus.groovy.tools.GroovyStarter.main(GroovyStarter.java:131)
)]]></system-err>
      </testcase>
      <testcase name="Test Cases/nc_cp_login_test" classname="Test Cases/nc_cp_login_test" status="FAILED">
         <failure type="FAILED" message="(Stack trace: com.kms.katalon.core.exception.StepFailedException: Unable to verify object 'Object Repository/Page_Metafour User Login/div_Sorry login failed' is not present (Root cause: Web element with id: 'Object Repository/Page_Metafour User Login/div_Sorry login failed' located by 'By.xpath: //div[@id='customerrormessagediv']' is present after '30' second(s))
	at com.kms.katalon.core.keyword.internal.KeywordMain.stepFailed(KeywordMain.groovy:36)
	at com.kms.katalon.core.webui.keyword.internal.WebUIKeywordMain.stepFailed(WebUIKeywordMain.groovy:65)
	at com.kms.katalon.core.webui.keyword.internal.WebUIKeywordMain.runKeyword(WebUIKeywordMain.groovy:27)
	at com.kms.katalon.core.webui.keyword.builtin.VerifyElementNotPresentKeyword.verifyElementNotPresent(VerifyElementNotPresentKeyword.groovy:118)
	at com.kms.katalon.core.webui.keyword.builtin.VerifyElementNotPresentKeyword.execute(VerifyElementNotPresentKeyword.groovy:68)
	at com.kms.katalon.core.keyword.internal.KeywordExecutor.executeKeywordForPlatform(KeywordExecutor.groovy:53)
	at com.kms.katalon.core.webui.keyword.WebUiBuiltInKeywords.verifyElementNotPresent(WebUiBuiltInKeywords.groovy:1467)
	at com.kms.katalon.core.webui.keyword.WebUiBuiltInKeywords$verifyElementNotPresent$3.call(Unknown Source)
	at Script1537190043452.run(Script1537190043452.groovy:31)
	at com.kms.katalon.core.main.ScriptEngine.run(ScriptEngine.java:183)
	at com.kms.katalon.core.main.ScriptEngine.runScriptAsRawText(ScriptEngine.java:108)
	at com.kms.katalon.core.main.TestCaseExecutor.runScript(TestCaseExecutor.java:294)
	at com.kms.katalon.core.main.TestCaseExecutor.doExecute(TestCaseExecutor.java:285)
	at com.kms.katalon.core.main.TestCaseExecutor.processExecutionPhase(TestCaseExecutor.java:264)
	at com.kms.katalon.core.main.TestCaseExecutor.accessMainPhase(TestCaseExecutor.java:256)
	at com.kms.katalon.core.main.TestCaseExecutor.execute(TestCaseExecutor.java:200)
	at com.kms.katalon.core.main.TestSuiteExecutor.accessTestCaseMainPhase(TestSuiteExecutor.java:129)
	at com.kms.katalon.core.main.TestSuiteExecutor.accessTestSuiteMainPhase(TestSuiteExecutor.java:112)
	at com.kms.katalon.core.main.TestSuiteExecutor.execute(TestSuiteExecutor.java:81)
	at com.kms.katalon.core.main.TestCaseMain.startTestSuite(TestCaseMain.java:142)
	at com.kms.katalon.core.main.TestCaseMain$startTestSuite$0.call(Unknown Source)
	at org.codehaus.groovy.runtime.callsite.CallSiteArray.defaultCall(CallSiteArray.java:48)
	at org.codehaus.groovy.runtime.callsite.AbstractCallSite.call(AbstractCallSite.java:113)
	at org.codehaus.groovy.runtime.callsite.AbstractCallSite.call(AbstractCallSite.java:141)
	at TempTestSuite1537937721688.run(TempTestSuite1537937721688.groovy:36)
	at groovy.lang.GroovyShell.runScriptOrMainOrTestOrRunnable(GroovyShell.java:263)
	at groovy.lang.GroovyShell.run(GroovyShell.java:518)
	at groovy.lang.GroovyShell.run(GroovyShell.java:507)
	at groovy.ui.GroovyMain.processOnce(GroovyMain.java:653)
	at groovy.ui.GroovyMain.run(GroovyMain.java:384)
	at groovy.ui.GroovyMain.process(GroovyMain.java:370)
	at groovy.ui.GroovyMain.processArgs(GroovyMain.java:129)
	at groovy.ui.GroovyMain.main(GroovyMain.java:109)
	at sun.reflect.NativeMethodAccessorImpl.invoke0(Native Method)
	at sun.reflect.NativeMethodAccessorImpl.invoke(NativeMethodAccessorImpl.java:62)
	at sun.reflect.DelegatingMethodAccessorImpl.invoke(DelegatingMethodAccessorImpl.java:43)
	at java.lang.reflect.Method.invoke(Method.java:498)
	at org.codehaus.groovy.tools.GroovyStarter.rootLoader(GroovyStarter.java:109)
	at org.codehaus.groovy.tools.GroovyStarter.main(GroovyStarter.java:131)
)"/>
         <system-out><![CDATA[2018-09-26 11:01:27 - [TEST_CASE][FAILED] - Test Cases/nc_cp_login_test: Test Cases/nc_cp_login_test FAILED because (of) (Stack trace: com.kms.katalon.core.exception.StepFailedException: Unable to verify object 'Object Repository/Page_Metafour User Login/div_Sorry login failed' is not present (Root cause: Web element with id: 'Object Repository/Page_Metafour User Login/div_Sorry login failed' located by 'By.xpath: //div[@id='customerrormessagediv']' is present after '30' second(s))
	at com.kms.katalon.core.keyword.internal.KeywordMain.stepFailed(KeywordMain.groovy:36)
	at com.kms.katalon.core.webui.keyword.internal.WebUIKeywordMain.stepFailed(WebUIKeywordMain.groovy:65)
	at com.kms.katalon.core.webui.keyword.internal.WebUIKeywordMain.runKeyword(WebUIKeywordMain.groovy:27)
	at com.kms.katalon.core.webui.keyword.builtin.VerifyElementNotPresentKeyword.verifyElementNotPresent(VerifyElementNotPresentKeyword.groovy:118)
	at com.kms.katalon.core.webui.keyword.builtin.VerifyElementNotPresentKeyword.execute(VerifyElementNotPresentKeyword.groovy:68)
	at com.kms.katalon.core.keyword.internal.KeywordExecutor.executeKeywordForPlatform(KeywordExecutor.groovy:53)
	at com.kms.katalon.core.webui.keyword.WebUiBuiltInKeywords.verifyElementNotPresent(WebUiBuiltInKeywords.groovy:1467)
	at com.kms.katalon.core.webui.keyword.WebUiBuiltInKeywords$verifyElementNotPresent$3.call(Unknown Source)
	at Script1537190043452.run(Script1537190043452.groovy:31)
	at com.kms.katalon.core.main.ScriptEngine.run(ScriptEngine.java:183)
	at com.kms.katalon.core.main.ScriptEngine.runScriptAsRawText(ScriptEngine.java:108)
	at com.kms.katalon.core.main.TestCaseExecutor.runScript(TestCaseExecutor.java:294)
	at com.kms.katalon.core.main.TestCaseExecutor.doExecute(TestCaseExecutor.java:285)
	at com.kms.katalon.core.main.TestCaseExecutor.processExecutionPhase(TestCaseExecutor.java:264)
	at com.kms.katalon.core.main.TestCaseExecutor.accessMainPhase(TestCaseExecutor.java:256)
	at com.kms.katalon.core.main.TestCaseExecutor.execute(TestCaseExecutor.java:200)
	at com.kms.katalon.core.main.TestSuiteExecutor.accessTestCaseMainPhase(TestSuiteExecutor.java:129)
	at com.kms.katalon.core.main.TestSuiteExecutor.accessTestSuiteMainPhase(TestSuiteExecutor.java:112)
	at com.kms.katalon.core.main.TestSuiteExecutor.execute(TestSuiteExecutor.java:81)
	at com.kms.katalon.core.main.TestCaseMain.startTestSuite(TestCaseMain.java:142)
	at com.kms.katalon.core.main.TestCaseMain$startTestSuite$0.call(Unknown Source)
	at org.codehaus.groovy.runtime.callsite.CallSiteArray.defaultCall(CallSiteArray.java:48)
	at org.codehaus.groovy.runtime.callsite.AbstractCallSite.call(AbstractCallSite.java:113)
	at org.codehaus.groovy.runtime.callsite.AbstractCallSite.call(AbstractCallSite.java:141)
	at TempTestSuite1537937721688.run(TempTestSuite1537937721688.groovy:36)
	at groovy.lang.GroovyShell.runScriptOrMainOrTestOrRunnable(GroovyShell.java:263)
	at groovy.lang.GroovyShell.run(GroovyShell.java:518)
	at groovy.lang.GroovyShell.run(GroovyShell.java:507)
	at groovy.ui.GroovyMain.processOnce(GroovyMain.java:653)
	at groovy.ui.GroovyMain.run(GroovyMain.java:384)
	at groovy.ui.GroovyMain.process(GroovyMain.java:370)
	at groovy.ui.GroovyMain.processArgs(GroovyMain.java:129)
	at groovy.ui.GroovyMain.main(GroovyMain.java:109)
	at sun.reflect.NativeMethodAccessorImpl.invoke0(Native Method)
	at sun.reflect.NativeMethodAccessorImpl.invoke(NativeMethodAccessorImpl.java:62)
	at sun.reflect.DelegatingMethodAccessorImpl.invoke(DelegatingMethodAccessorImpl.java:43)
	at java.lang.reflect.Method.invoke(Method.java:498)
	at org.codehaus.groovy.tools.GroovyStarter.rootLoader(GroovyStarter.java:109)
	at org.codehaus.groovy.tools.GroovyStarter.main(GroovyStarter.java:131)
)

2018-09-26 11:01:27 - [TEST_STEP][PASSED] - openBrowser: Browser is opened with url: 'https://caelhr.netcourier.net/metafour-auth/authenticate?appId=clon&accessCode=&continue=/online/authenticated'

2018-09-26 11:01:27 - [MESSAGE][WARNING] - A browser is already opened. Closing browser and opening a new one

2018-09-26 11:01:33 - [MESSAGE][PASSED] - Browser is opened with url: 'https://caelhr.netcourier.net/metafour-auth/authenticate?appId=clon&accessCode=&continue=/online/authenticated'

2018-09-26 11:01:33 - [TEST_STEP][PASSED] - navigateToUrl: Navigate to 'https://caelhr.netcourier.net/metafour-auth/authenticate?appId=clon&accessCode=&continue=/online/authenticated' successfully

2018-09-26 11:01:33 - [MESSAGE][PASSED] - Navigate to 'https://caelhr.netcourier.net/metafour-auth/authenticate?appId=clon&accessCode=&continue=/online/authenticated' successfully

2018-09-26 11:01:33 - [TEST_STEP][PASSED] - setText: Text 'dummy' is set on object 'Object Repository/Page_Metafour User Login/input_Login_access_code'

2018-09-26 11:01:33 - [MESSAGE][PASSED] - Text 'dummy' is set on object 'Object Repository/Page_Metafour User Login/input_Login_access_code'

2018-09-26 11:01:33 - [TEST_STEP][PASSED] - setText: Text 'Hasan' is set on object 'Object Repository/Page_Metafour User Login/input_Login_login'

2018-09-26 11:01:33 - [MESSAGE][PASSED] - Text 'Hasan' is set on object 'Object Repository/Page_Metafour User Login/input_Login_login'

2018-09-26 11:01:33 - [TEST_STEP][PASSED] - setText: Text 'Hasan' is set on object 'Object Repository/Page_Metafour User Login/input_Login_j_password'

2018-09-26 11:01:34 - [MESSAGE][PASSED] - Text 'Hasan' is set on object 'Object Repository/Page_Metafour User Login/input_Login_j_password'

2018-09-26 11:01:34 - [TEST_STEP][PASSED] - click: Object: 'Object Repository/Page_Metafour User Login/button_Sign in' is clicked on

2018-09-26 11:01:34 - [MESSAGE][PASSED] - Object: 'Object Repository/Page_Metafour User Login/button_Sign in' is clicked on

2018-09-26 11:01:34 - [TEST_STEP][PASSED] - delay: Delayed 3 second(s)

2018-09-26 11:01:37 - [MESSAGE][PASSED] - Delayed 3 second(s)

2018-09-26 11:01:37 - [TEST_STEP][FAILED] - verifyElementNotPresent: Unable to verify object 'Object Repository/Page_Metafour User Login/div_Sorry login failed' is not present (Root cause: Web element with id: 'Object Repository/Page_Metafour User Login/div_Sorry login failed' located by 'By.xpath: //div[@id='customerrormessagediv']' is present after '30' second(s))

2018-09-26 11:01:37 - [MESSAGE][WARNING] - Timeout '0' is invalid. Using default page load timeout: '30'

2018-09-26 11:02:08 - [MESSAGE][FAILED] - Web element with id: 'Object Repository/Page_Metafour User Login/div_Sorry login failed' located by 'By.xpath: //div[@id='customerrormessagediv']' is present after '30' second(s)
[[ATTACHMENT|C:\\Users\\mazha\\Katalon Studio\\m4-monitoring\\Reports\\nc-cp-bo-login-test-suit\\20180926_105521\\1537938128294.png]]

2018-09-26 11:02:08 - [MESSAGE][FAILED] - Unable to verify object 'Object Repository/Page_Metafour User Login/div_Sorry login failed' is not present (Root cause: Web element with id: 'Object Repository/Page_Metafour User Login/div_Sorry login failed' located by 'By.xpath: //div[@id='customerrormessagediv']' is present after '30' second(s))
[[ATTACHMENT|C:\\Users\\mazha\\Katalon Studio\\m4-monitoring\\Reports\\nc-cp-bo-login-test-suit\\20180926_105521\\1537938128539.png]]]]></system-out>
         <system-err><![CDATA[2018-09-26 11:01:27 - [TEST_CASE][FAILED] - Test Cases/nc_cp_login_test: Test Cases/nc_cp_login_test FAILED because (of) (Stack trace: com.kms.katalon.core.exception.StepFailedException: Unable to verify object 'Object Repository/Page_Metafour User Login/div_Sorry login failed' is not present (Root cause: Web element with id: 'Object Repository/Page_Metafour User Login/div_Sorry login failed' located by 'By.xpath: //div[@id='customerrormessagediv']' is present after '30' second(s))
	at com.kms.katalon.core.keyword.internal.KeywordMain.stepFailed(KeywordMain.groovy:36)
	at com.kms.katalon.core.webui.keyword.internal.WebUIKeywordMain.stepFailed(WebUIKeywordMain.groovy:65)
	at com.kms.katalon.core.webui.keyword.internal.WebUIKeywordMain.runKeyword(WebUIKeywordMain.groovy:27)
	at com.kms.katalon.core.webui.keyword.builtin.VerifyElementNotPresentKeyword.verifyElementNotPresent(VerifyElementNotPresentKeyword.groovy:118)
	at com.kms.katalon.core.webui.keyword.builtin.VerifyElementNotPresentKeyword.execute(VerifyElementNotPresentKeyword.groovy:68)
	at com.kms.katalon.core.keyword.internal.KeywordExecutor.executeKeywordForPlatform(KeywordExecutor.groovy:53)
	at com.kms.katalon.core.webui.keyword.WebUiBuiltInKeywords.verifyElementNotPresent(WebUiBuiltInKeywords.groovy:1467)
	at com.kms.katalon.core.webui.keyword.WebUiBuiltInKeywords$verifyElementNotPresent$3.call(Unknown Source)
	at Script1537190043452.run(Script1537190043452.groovy:31)
	at com.kms.katalon.core.main.ScriptEngine.run(ScriptEngine.java:183)
	at com.kms.katalon.core.main.ScriptEngine.runScriptAsRawText(ScriptEngine.java:108)
	at com.kms.katalon.core.main.TestCaseExecutor.runScript(TestCaseExecutor.java:294)
	at com.kms.katalon.core.main.TestCaseExecutor.doExecute(TestCaseExecutor.java:285)
	at com.kms.katalon.core.main.TestCaseExecutor.processExecutionPhase(TestCaseExecutor.java:264)
	at com.kms.katalon.core.main.TestCaseExecutor.accessMainPhase(TestCaseExecutor.java:256)
	at com.kms.katalon.core.main.TestCaseExecutor.execute(TestCaseExecutor.java:200)
	at com.kms.katalon.core.main.TestSuiteExecutor.accessTestCaseMainPhase(TestSuiteExecutor.java:129)
	at com.kms.katalon.core.main.TestSuiteExecutor.accessTestSuiteMainPhase(TestSuiteExecutor.java:112)
	at com.kms.katalon.core.main.TestSuiteExecutor.execute(TestSuiteExecutor.java:81)
	at com.kms.katalon.core.main.TestCaseMain.startTestSuite(TestCaseMain.java:142)
	at com.kms.katalon.core.main.TestCaseMain$startTestSuite$0.call(Unknown Source)
	at org.codehaus.groovy.runtime.callsite.CallSiteArray.defaultCall(CallSiteArray.java:48)
	at org.codehaus.groovy.runtime.callsite.AbstractCallSite.call(AbstractCallSite.java:113)
	at org.codehaus.groovy.runtime.callsite.AbstractCallSite.call(AbstractCallSite.java:141)
	at TempTestSuite1537937721688.run(TempTestSuite1537937721688.groovy:36)
	at groovy.lang.GroovyShell.runScriptOrMainOrTestOrRunnable(GroovyShell.java:263)
	at groovy.lang.GroovyShell.run(GroovyShell.java:518)
	at groovy.lang.GroovyShell.run(GroovyShell.java:507)
	at groovy.ui.GroovyMain.processOnce(GroovyMain.java:653)
	at groovy.ui.GroovyMain.run(GroovyMain.java:384)
	at groovy.ui.GroovyMain.process(GroovyMain.java:370)
	at groovy.ui.GroovyMain.processArgs(GroovyMain.java:129)
	at groovy.ui.GroovyMain.main(GroovyMain.java:109)
	at sun.reflect.NativeMethodAccessorImpl.invoke0(Native Method)
	at sun.reflect.NativeMethodAccessorImpl.invoke(NativeMethodAccessorImpl.java:62)
	at sun.reflect.DelegatingMethodAccessorImpl.invoke(DelegatingMethodAccessorImpl.java:43)
	at java.lang.reflect.Method.invoke(Method.java:498)
	at org.codehaus.groovy.tools.GroovyStarter.rootLoader(GroovyStarter.java:109)
	at org.codehaus.groovy.tools.GroovyStarter.main(GroovyStarter.java:131)
)]]></system-err>
      </testcase>
      <testcase name="Test Cases/nc_cp_login_test" classname="Test Cases/nc_cp_login_test" status="PASSED">
         <system-out><![CDATA[2018-09-26 11:02:08 - [TEST_CASE][PASSED] - Test Cases/nc_cp_login_test: Test Cases/nc_cp_login_test

2018-09-26 11:02:08 - [TEST_STEP][PASSED] - openBrowser: Browser is opened with url: 'https://caeman.netcourier.net/metafour-auth/authenticate?appId=clon&accessCode=&continue=/online/authenticated'

2018-09-26 11:02:08 - [MESSAGE][WARNING] - A browser is already opened. Closing browser and opening a new one

2018-09-26 11:02:14 - [MESSAGE][PASSED] - Browser is opened with url: 'https://caeman.netcourier.net/metafour-auth/authenticate?appId=clon&accessCode=&continue=/online/authenticated'

2018-09-26 11:02:14 - [TEST_STEP][PASSED] - navigateToUrl: Navigate to 'https://caeman.netcourier.net/metafour-auth/authenticate?appId=clon&accessCode=&continue=/online/authenticated' successfully

2018-09-26 11:02:15 - [MESSAGE][PASSED] - Navigate to 'https://caeman.netcourier.net/metafour-auth/authenticate?appId=clon&accessCode=&continue=/online/authenticated' successfully

2018-09-26 11:02:15 - [TEST_STEP][PASSED] - setText: Text 'a005' is set on object 'Object Repository/Page_Metafour User Login/input_Login_access_code'

2018-09-26 11:02:15 - [MESSAGE][PASSED] - Text 'a005' is set on object 'Object Repository/Page_Metafour User Login/input_Login_access_code'

2018-09-26 11:02:15 - [TEST_STEP][PASSED] - setText: Text 'Hasan' is set on object 'Object Repository/Page_Metafour User Login/input_Login_login'

2018-09-26 11:02:15 - [MESSAGE][PASSED] - Text 'Hasan' is set on object 'Object Repository/Page_Metafour User Login/input_Login_login'

2018-09-26 11:02:15 - [TEST_STEP][PASSED] - setText: Text 'hasan' is set on object 'Object Repository/Page_Metafour User Login/input_Login_j_password'

2018-09-26 11:02:15 - [MESSAGE][PASSED] - Text 'hasan' is set on object 'Object Repository/Page_Metafour User Login/input_Login_j_password'

2018-09-26 11:02:15 - [TEST_STEP][PASSED] - click: Object: 'Object Repository/Page_Metafour User Login/button_Sign in' is clicked on

2018-09-26 11:02:19 - [MESSAGE][PASSED] - Object: 'Object Repository/Page_Metafour User Login/button_Sign in' is clicked on

2018-09-26 11:02:19 - [TEST_STEP][PASSED] - delay: Delayed 3 second(s)

2018-09-26 11:02:22 - [MESSAGE][PASSED] - Delayed 3 second(s)

2018-09-26 11:02:22 - [TEST_STEP][PASSED] - verifyElementNotPresent: Web element with id: 'Object Repository/Page_Metafour User Login/div_Sorry login failed' located by 'By.xpath: //div[@id='customerrormessagediv']' is not present after '30' second(s)

2018-09-26 11:02:22 - [MESSAGE][WARNING] - Timeout '0' is invalid. Using default page load timeout: '30'

2018-09-26 11:02:22 - [MESSAGE][PASSED] - Web element with id: 'Object Repository/Page_Metafour User Login/div_Sorry login failed' located by 'By.xpath: //div[@id='customerrormessagediv']' is not present after '30' second(s)

2018-09-26 11:02:22 - [TEST_STEP][PASSED] - closeBrowser: Browser is closed

2018-09-26 11:02:23 - [MESSAGE][PASSED] - Browser is closed]]></system-out>
         <system-err><![CDATA[]]></system-err>
      </testcase>
      <testcase name="Test Cases/nc_cp_login_test" classname="Test Cases/nc_cp_login_test" status="PASSED">
         <system-out><![CDATA[2018-09-26 11:02:23 - [TEST_CASE][PASSED] - Test Cases/nc_cp_login_test: Test Cases/nc_cp_login_test

2018-09-26 11:02:23 - [TEST_STEP][PASSED] - openBrowser: Browser is opened with url: 'http://cms.metafour.com/metafour-auth/authenticate?appId=clon&accessCode=&continue=/online/authenticated'

2018-09-26 11:02:29 - [MESSAGE][PASSED] - Browser is opened with url: 'http://cms.metafour.com/metafour-auth/authenticate?appId=clon&accessCode=&continue=/online/authenticated'

2018-09-26 11:02:29 - [TEST_STEP][PASSED] - navigateToUrl: Navigate to 'http://cms.metafour.com/metafour-auth/authenticate?appId=clon&accessCode=&continue=/online/authenticated' successfully

2018-09-26 11:02:29 - [MESSAGE][PASSED] - Navigate to 'http://cms.metafour.com/metafour-auth/authenticate?appId=clon&accessCode=&continue=/online/authenticated' successfully

2018-09-26 11:02:29 - [TEST_STEP][PASSED] - setText: Text 'dummy' is set on object 'Object Repository/Page_Metafour User Login/input_Login_access_code'

2018-09-26 11:02:29 - [MESSAGE][PASSED] - Text 'dummy' is set on object 'Object Repository/Page_Metafour User Login/input_Login_access_code'

2018-09-26 11:02:29 - [TEST_STEP][PASSED] - setText: Text 'clon' is set on object 'Object Repository/Page_Metafour User Login/input_Login_login'

2018-09-26 11:02:29 - [MESSAGE][PASSED] - Text 'clon' is set on object 'Object Repository/Page_Metafour User Login/input_Login_login'

2018-09-26 11:02:29 - [TEST_STEP][PASSED] - setText: Text 'clon' is set on object 'Object Repository/Page_Metafour User Login/input_Login_j_password'

2018-09-26 11:02:29 - [MESSAGE][PASSED] - Text 'clon' is set on object 'Object Repository/Page_Metafour User Login/input_Login_j_password'

2018-09-26 11:02:29 - [TEST_STEP][PASSED] - click: Object: 'Object Repository/Page_Metafour User Login/button_Sign in' is clicked on

2018-09-26 11:02:33 - [MESSAGE][PASSED] - Object: 'Object Repository/Page_Metafour User Login/button_Sign in' is clicked on

2018-09-26 11:02:33 - [TEST_STEP][PASSED] - delay: Delayed 3 second(s)

2018-09-26 11:02:36 - [MESSAGE][PASSED] - Delayed 3 second(s)

2018-09-26 11:02:36 - [TEST_STEP][PASSED] - verifyElementNotPresent: Web element with id: 'Object Repository/Page_Metafour User Login/div_Sorry login failed' located by 'By.xpath: //div[@id='customerrormessagediv']' is not present after '30' second(s)

2018-09-26 11:02:36 - [MESSAGE][WARNING] - Timeout '0' is invalid. Using default page load timeout: '30'

2018-09-26 11:02:36 - [MESSAGE][PASSED] - Web element with id: 'Object Repository/Page_Metafour User Login/div_Sorry login failed' located by 'By.xpath: //div[@id='customerrormessagediv']' is not present after '30' second(s)

2018-09-26 11:02:36 - [TEST_STEP][PASSED] - closeBrowser: Browser is closed

2018-09-26 11:02:36 - [MESSAGE][PASSED] - Browser is closed]]></system-out>
         <system-err><![CDATA[]]></system-err>
      </testcase>
      <testcase name="Test Cases/nc_cp_login_test" classname="Test Cases/nc_cp_login_test" status="PASSED">
         <system-out><![CDATA[2018-09-26 11:02:36 - [TEST_CASE][PASSED] - Test Cases/nc_cp_login_test: Test Cases/nc_cp_login_test

2018-09-26 11:02:36 - [TEST_STEP][PASSED] - openBrowser: Browser is opened with url: 'https://crisisww.netcourier.net/metafour-auth/authenticate?appId=clon&accessCode=&continue=/online/authenticated'

2018-09-26 11:02:41 - [MESSAGE][PASSED] - Browser is opened with url: 'https://crisisww.netcourier.net/metafour-auth/authenticate?appId=clon&accessCode=&continue=/online/authenticated'

2018-09-26 11:02:41 - [TEST_STEP][PASSED] - navigateToUrl: Navigate to 'https://crisisww.netcourier.net/metafour-auth/authenticate?appId=clon&accessCode=&continue=/online/authenticated' successfully

2018-09-26 11:02:42 - [MESSAGE][PASSED] - Navigate to 'https://crisisww.netcourier.net/metafour-auth/authenticate?appId=clon&accessCode=&continue=/online/authenticated' successfully

2018-09-26 11:02:42 - [TEST_STEP][PASSED] - setText: Text 'dummy' is set on object 'Object Repository/Page_Metafour User Login/input_Login_access_code'

2018-09-26 11:02:42 - [MESSAGE][PASSED] - Text 'dummy' is set on object 'Object Repository/Page_Metafour User Login/input_Login_access_code'

2018-09-26 11:02:42 - [TEST_STEP][PASSED] - setText: Text 'clon' is set on object 'Object Repository/Page_Metafour User Login/input_Login_login'

2018-09-26 11:02:42 - [MESSAGE][PASSED] - Text 'clon' is set on object 'Object Repository/Page_Metafour User Login/input_Login_login'

2018-09-26 11:02:42 - [TEST_STEP][PASSED] - setText: Text 'clon' is set on object 'Object Repository/Page_Metafour User Login/input_Login_j_password'

2018-09-26 11:02:42 - [MESSAGE][PASSED] - Text 'clon' is set on object 'Object Repository/Page_Metafour User Login/input_Login_j_password'

2018-09-26 11:02:42 - [TEST_STEP][PASSED] - click: Object: 'Object Repository/Page_Metafour User Login/button_Sign in' is clicked on

2018-09-26 11:02:45 - [MESSAGE][PASSED] - Object: 'Object Repository/Page_Metafour User Login/button_Sign in' is clicked on

2018-09-26 11:02:45 - [TEST_STEP][PASSED] - delay: Delayed 3 second(s)

2018-09-26 11:02:48 - [MESSAGE][PASSED] - Delayed 3 second(s)

2018-09-26 11:02:48 - [TEST_STEP][PASSED] - verifyElementNotPresent: Web element with id: 'Object Repository/Page_Metafour User Login/div_Sorry login failed' located by 'By.xpath: //div[@id='customerrormessagediv']' is not present after '30' second(s)

2018-09-26 11:02:48 - [MESSAGE][WARNING] - Timeout '0' is invalid. Using default page load timeout: '30'

2018-09-26 11:02:48 - [MESSAGE][PASSED] - Web element with id: 'Object Repository/Page_Metafour User Login/div_Sorry login failed' located by 'By.xpath: //div[@id='customerrormessagediv']' is not present after '30' second(s)

2018-09-26 11:02:48 - [TEST_STEP][PASSED] - closeBrowser: Browser is closed

2018-09-26 11:02:49 - [MESSAGE][PASSED] - Browser is closed]]></system-out>
         <system-err><![CDATA[]]></system-err>
      </testcase>
      <testcase name="Test Cases/nc_cp_login_test" classname="Test Cases/nc_cp_login_test" status="PASSED">
         <system-out><![CDATA[2018-09-26 11:02:49 - [TEST_CASE][PASSED] - Test Cases/nc_cp_login_test: Test Cases/nc_cp_login_test

2018-09-26 11:02:49 - [TEST_STEP][PASSED] - openBrowser: Browser is opened with url: 'https://dms.netcourier.net/metafour-auth/authenticate?appId=clon&accessCode=&continue=/online/authenticated'

2018-09-26 11:02:56 - [MESSAGE][PASSED] - Browser is opened with url: 'https://dms.netcourier.net/metafour-auth/authenticate?appId=clon&accessCode=&continue=/online/authenticated'

2018-09-26 11:02:56 - [TEST_STEP][PASSED] - navigateToUrl: Navigate to 'https://dms.netcourier.net/metafour-auth/authenticate?appId=clon&accessCode=&continue=/online/authenticated' successfully

2018-09-26 11:02:57 - [MESSAGE][PASSED] - Navigate to 'https://dms.netcourier.net/metafour-auth/authenticate?appId=clon&accessCode=&continue=/online/authenticated' successfully

2018-09-26 11:02:57 - [TEST_STEP][PASSED] - setText: Text 'M4' is set on object 'Object Repository/Page_Metafour User Login/input_Login_access_code'

2018-09-26 11:02:57 - [MESSAGE][PASSED] - Text 'M4' is set on object 'Object Repository/Page_Metafour User Login/input_Login_access_code'

2018-09-26 11:02:57 - [TEST_STEP][PASSED] - setText: Text 'Jony' is set on object 'Object Repository/Page_Metafour User Login/input_Login_login'

2018-09-26 11:02:57 - [MESSAGE][PASSED] - Text 'Jony' is set on object 'Object Repository/Page_Metafour User Login/input_Login_login'

2018-09-26 11:02:57 - [TEST_STEP][PASSED] - setText: Text '1234' is set on object 'Object Repository/Page_Metafour User Login/input_Login_j_password'

2018-09-26 11:02:57 - [MESSAGE][PASSED] - Text '1234' is set on object 'Object Repository/Page_Metafour User Login/input_Login_j_password'

2018-09-26 11:02:57 - [TEST_STEP][PASSED] - click: Object: 'Object Repository/Page_Metafour User Login/button_Sign in' is clicked on

2018-09-26 11:03:01 - [MESSAGE][PASSED] - Object: 'Object Repository/Page_Metafour User Login/button_Sign in' is clicked on

2018-09-26 11:03:01 - [TEST_STEP][PASSED] - delay: Delayed 3 second(s)

2018-09-26 11:03:04 - [MESSAGE][PASSED] - Delayed 3 second(s)

2018-09-26 11:03:04 - [TEST_STEP][PASSED] - verifyElementNotPresent: Web element with id: 'Object Repository/Page_Metafour User Login/div_Sorry login failed' located by 'By.xpath: //div[@id='customerrormessagediv']' is not present after '30' second(s)

2018-09-26 11:03:04 - [MESSAGE][WARNING] - Timeout '0' is invalid. Using default page load timeout: '30'

2018-09-26 11:03:04 - [MESSAGE][PASSED] - Web element with id: 'Object Repository/Page_Metafour User Login/div_Sorry login failed' located by 'By.xpath: //div[@id='customerrormessagediv']' is not present after '30' second(s)

2018-09-26 11:03:04 - [TEST_STEP][PASSED] - closeBrowser: Browser is closed

2018-09-26 11:03:05 - [MESSAGE][PASSED] - Browser is closed]]></system-out>
         <system-err><![CDATA[]]></system-err>
      </testcase>
      <testcase name="Test Cases/nc_cp_login_test" classname="Test Cases/nc_cp_login_test" status="PASSED">
         <system-out><![CDATA[2018-09-26 11:03:05 - [TEST_CASE][PASSED] - Test Cases/nc_cp_login_test: Test Cases/nc_cp_login_test

2018-09-26 11:03:05 - [TEST_STEP][PASSED] - openBrowser: Browser is opened with url: 'https://democourier.netcourier.net/metafour-auth/authenticate?appId=clon&accessCode=&continue=/online/authenticated'

2018-09-26 11:03:13 - [MESSAGE][PASSED] - Browser is opened with url: 'https://democourier.netcourier.net/metafour-auth/authenticate?appId=clon&accessCode=&continue=/online/authenticated'

2018-09-26 11:03:13 - [TEST_STEP][PASSED] - navigateToUrl: Navigate to 'https://democourier.netcourier.net/metafour-auth/authenticate?appId=clon&accessCode=&continue=/online/authenticated' successfully

2018-09-26 11:03:13 - [MESSAGE][PASSED] - Navigate to 'https://democourier.netcourier.net/metafour-auth/authenticate?appId=clon&accessCode=&continue=/online/authenticated' successfully

2018-09-26 11:03:13 - [TEST_STEP][PASSED] - setText: Text 'M4' is set on object 'Object Repository/Page_Metafour User Login/input_Login_access_code'

2018-09-26 11:03:13 - [MESSAGE][PASSED] - Text 'M4' is set on object 'Object Repository/Page_Metafour User Login/input_Login_access_code'

2018-09-26 11:03:13 - [TEST_STEP][PASSED] - setText: Text 'Jony' is set on object 'Object Repository/Page_Metafour User Login/input_Login_login'

2018-09-26 11:03:13 - [MESSAGE][PASSED] - Text 'Jony' is set on object 'Object Repository/Page_Metafour User Login/input_Login_login'

2018-09-26 11:03:13 - [TEST_STEP][PASSED] - setText: Text '1234' is set on object 'Object Repository/Page_Metafour User Login/input_Login_j_password'

2018-09-26 11:03:13 - [MESSAGE][PASSED] - Text '1234' is set on object 'Object Repository/Page_Metafour User Login/input_Login_j_password'

2018-09-26 11:03:13 - [TEST_STEP][PASSED] - click: Object: 'Object Repository/Page_Metafour User Login/button_Sign in' is clicked on

2018-09-26 11:03:20 - [MESSAGE][PASSED] - Object: 'Object Repository/Page_Metafour User Login/button_Sign in' is clicked on

2018-09-26 11:03:20 - [TEST_STEP][PASSED] - delay: Delayed 3 second(s)

2018-09-26 11:03:23 - [MESSAGE][PASSED] - Delayed 3 second(s)

2018-09-26 11:03:23 - [TEST_STEP][PASSED] - verifyElementNotPresent: Web element with id: 'Object Repository/Page_Metafour User Login/div_Sorry login failed' located by 'By.xpath: //div[@id='customerrormessagediv']' is not present after '30' second(s)

2018-09-26 11:03:23 - [MESSAGE][WARNING] - Timeout '0' is invalid. Using default page load timeout: '30'

2018-09-26 11:03:23 - [MESSAGE][PASSED] - Web element with id: 'Object Repository/Page_Metafour User Login/div_Sorry login failed' located by 'By.xpath: //div[@id='customerrormessagediv']' is not present after '30' second(s)

2018-09-26 11:03:23 - [TEST_STEP][PASSED] - closeBrowser: Browser is closed

2018-09-26 11:03:23 - [MESSAGE][PASSED] - Browser is closed]]></system-out>
         <system-err><![CDATA[]]></system-err>
      </testcase>
      <testcase name="Test Cases/nc_cp_login_test" classname="Test Cases/nc_cp_login_test" status="PASSED">
         <system-out><![CDATA[2018-09-26 11:03:23 - [TEST_CASE][PASSED] - Test Cases/nc_cp_login_test: Test Cases/nc_cp_login_test

2018-09-26 11:03:23 - [TEST_STEP][PASSED] - openBrowser: Browser is opened with url: 'https://ecourieruk.netcourier.net/metafour-auth/authenticate?appId=clon&accessCode=&continue=/online/authenticated'

2018-09-26 11:03:29 - [MESSAGE][PASSED] - Browser is opened with url: 'https://ecourieruk.netcourier.net/metafour-auth/authenticate?appId=clon&accessCode=&continue=/online/authenticated'

2018-09-26 11:03:29 - [TEST_STEP][PASSED] - navigateToUrl: Navigate to 'https://ecourieruk.netcourier.net/metafour-auth/authenticate?appId=clon&accessCode=&continue=/online/authenticated' successfully

2018-09-26 11:03:29 - [MESSAGE][PASSED] - Navigate to 'https://ecourieruk.netcourier.net/metafour-auth/authenticate?appId=clon&accessCode=&continue=/online/authenticated' successfully

2018-09-26 11:03:29 - [TEST_STEP][PASSED] - setText: Text '6617' is set on object 'Object Repository/Page_Metafour User Login/input_Login_access_code'

2018-09-26 11:03:30 - [MESSAGE][PASSED] - Text '6617' is set on object 'Object Repository/Page_Metafour User Login/input_Login_access_code'

2018-09-26 11:03:30 - [TEST_STEP][PASSED] - setText: Text 'Jony' is set on object 'Object Repository/Page_Metafour User Login/input_Login_login'

2018-09-26 11:03:30 - [MESSAGE][PASSED] - Text 'Jony' is set on object 'Object Repository/Page_Metafour User Login/input_Login_login'

2018-09-26 11:03:30 - [TEST_STEP][PASSED] - setText: Text '1234' is set on object 'Object Repository/Page_Metafour User Login/input_Login_j_password'

2018-09-26 11:03:30 - [MESSAGE][PASSED] - Text '1234' is set on object 'Object Repository/Page_Metafour User Login/input_Login_j_password'

2018-09-26 11:03:30 - [TEST_STEP][PASSED] - click: Object: 'Object Repository/Page_Metafour User Login/button_Sign in' is clicked on

2018-09-26 11:03:33 - [MESSAGE][PASSED] - Object: 'Object Repository/Page_Metafour User Login/button_Sign in' is clicked on

2018-09-26 11:03:33 - [TEST_STEP][PASSED] - delay: Delayed 3 second(s)

2018-09-26 11:03:36 - [MESSAGE][PASSED] - Delayed 3 second(s)

2018-09-26 11:03:36 - [TEST_STEP][PASSED] - verifyElementNotPresent: Web element with id: 'Object Repository/Page_Metafour User Login/div_Sorry login failed' located by 'By.xpath: //div[@id='customerrormessagediv']' is not present after '30' second(s)

2018-09-26 11:03:36 - [MESSAGE][WARNING] - Timeout '0' is invalid. Using default page load timeout: '30'

2018-09-26 11:03:36 - [MESSAGE][PASSED] - Web element with id: 'Object Repository/Page_Metafour User Login/div_Sorry login failed' located by 'By.xpath: //div[@id='customerrormessagediv']' is not present after '30' second(s)

2018-09-26 11:03:36 - [TEST_STEP][PASSED] - closeBrowser: Browser is closed

2018-09-26 11:03:37 - [MESSAGE][PASSED] - Browser is closed]]></system-out>
         <system-err><![CDATA[]]></system-err>
      </testcase>
      <testcase name="Test Cases/nc_cp_login_test" classname="Test Cases/nc_cp_login_test" status="PASSED">
         <system-out><![CDATA[2018-09-26 11:03:37 - [TEST_CASE][PASSED] - Test Cases/nc_cp_login_test: Test Cases/nc_cp_login_test

2018-09-26 11:03:37 - [TEST_STEP][PASSED] - openBrowser: Browser is opened with url: 'https://eurostar.netcourier.net/metafour-auth/authenticate?appId=clon&accessCode=&continue=/online/authenticated'

2018-09-26 11:03:42 - [MESSAGE][PASSED] - Browser is opened with url: 'https://eurostar.netcourier.net/metafour-auth/authenticate?appId=clon&accessCode=&continue=/online/authenticated'

2018-09-26 11:03:42 - [TEST_STEP][PASSED] - navigateToUrl: Navigate to 'https://eurostar.netcourier.net/metafour-auth/authenticate?appId=clon&accessCode=&continue=/online/authenticated' successfully

2018-09-26 11:03:42 - [MESSAGE][PASSED] - Navigate to 'https://eurostar.netcourier.net/metafour-auth/authenticate?appId=clon&accessCode=&continue=/online/authenticated' successfully

2018-09-26 11:03:42 - [TEST_STEP][PASSED] - setText: Text 'dumm001' is set on object 'Object Repository/Page_Metafour User Login/input_Login_access_code'

2018-09-26 11:03:42 - [MESSAGE][PASSED] - Text 'dumm001' is set on object 'Object Repository/Page_Metafour User Login/input_Login_access_code'

2018-09-26 11:03:42 - [TEST_STEP][PASSED] - setText: Text 'clon' is set on object 'Object Repository/Page_Metafour User Login/input_Login_login'

2018-09-26 11:03:43 - [MESSAGE][PASSED] - Text 'clon' is set on object 'Object Repository/Page_Metafour User Login/input_Login_login'

2018-09-26 11:03:43 - [TEST_STEP][PASSED] - setText: Text 'clon' is set on object 'Object Repository/Page_Metafour User Login/input_Login_j_password'

2018-09-26 11:03:43 - [MESSAGE][PASSED] - Text 'clon' is set on object 'Object Repository/Page_Metafour User Login/input_Login_j_password'

2018-09-26 11:03:43 - [TEST_STEP][PASSED] - click: Object: 'Object Repository/Page_Metafour User Login/button_Sign in' is clicked on

2018-09-26 11:03:46 - [MESSAGE][PASSED] - Object: 'Object Repository/Page_Metafour User Login/button_Sign in' is clicked on

2018-09-26 11:03:46 - [TEST_STEP][PASSED] - delay: Delayed 3 second(s)

2018-09-26 11:03:49 - [MESSAGE][PASSED] - Delayed 3 second(s)

2018-09-26 11:03:49 - [TEST_STEP][PASSED] - verifyElementNotPresent: Web element with id: 'Object Repository/Page_Metafour User Login/div_Sorry login failed' located by 'By.xpath: //div[@id='customerrormessagediv']' is not present after '30' second(s)

2018-09-26 11:03:49 - [MESSAGE][WARNING] - Timeout '0' is invalid. Using default page load timeout: '30'

2018-09-26 11:03:49 - [MESSAGE][PASSED] - Web element with id: 'Object Repository/Page_Metafour User Login/div_Sorry login failed' located by 'By.xpath: //div[@id='customerrormessagediv']' is not present after '30' second(s)

2018-09-26 11:03:49 - [TEST_STEP][PASSED] - closeBrowser: Browser is closed

2018-09-26 11:03:50 - [MESSAGE][PASSED] - Browser is closed]]></system-out>
         <system-err><![CDATA[]]></system-err>
      </testcase>
      <testcase name="Test Cases/nc_cp_login_test" classname="Test Cases/nc_cp_login_test" status="PASSED">
         <system-out><![CDATA[2018-09-26 11:03:50 - [TEST_CASE][PASSED] - Test Cases/nc_cp_login_test: Test Cases/nc_cp_login_test

2018-09-26 11:03:50 - [TEST_STEP][PASSED] - openBrowser: Browser is opened with url: 'http://fgx.m4.net/metafour-auth/authenticate?appId=clon&accessCode=&continue=/online/authenticated'

2018-09-26 11:03:55 - [MESSAGE][PASSED] - Browser is opened with url: 'http://fgx.m4.net/metafour-auth/authenticate?appId=clon&accessCode=&continue=/online/authenticated'

2018-09-26 11:03:55 - [TEST_STEP][PASSED] - navigateToUrl: Navigate to 'http://fgx.m4.net/metafour-auth/authenticate?appId=clon&accessCode=&continue=/online/authenticated' successfully

2018-09-26 11:03:56 - [MESSAGE][PASSED] - Navigate to 'http://fgx.m4.net/metafour-auth/authenticate?appId=clon&accessCode=&continue=/online/authenticated' successfully

2018-09-26 11:03:56 - [TEST_STEP][PASSED] - setText: Text 'dummy' is set on object 'Object Repository/Page_Metafour User Login/input_Login_access_code'

2018-09-26 11:03:56 - [MESSAGE][PASSED] - Text 'dummy' is set on object 'Object Repository/Page_Metafour User Login/input_Login_access_code'

2018-09-26 11:03:56 - [TEST_STEP][PASSED] - setText: Text 'clon' is set on object 'Object Repository/Page_Metafour User Login/input_Login_login'

2018-09-26 11:03:56 - [MESSAGE][PASSED] - Text 'clon' is set on object 'Object Repository/Page_Metafour User Login/input_Login_login'

2018-09-26 11:03:56 - [TEST_STEP][PASSED] - setText: Text 'clon' is set on object 'Object Repository/Page_Metafour User Login/input_Login_j_password'

2018-09-26 11:03:56 - [MESSAGE][PASSED] - Text 'clon' is set on object 'Object Repository/Page_Metafour User Login/input_Login_j_password'

2018-09-26 11:03:56 - [TEST_STEP][PASSED] - click: Object: 'Object Repository/Page_Metafour User Login/button_Sign in' is clicked on

2018-09-26 11:04:00 - [MESSAGE][PASSED] - Object: 'Object Repository/Page_Metafour User Login/button_Sign in' is clicked on

2018-09-26 11:04:00 - [TEST_STEP][PASSED] - delay: Delayed 3 second(s)

2018-09-26 11:04:03 - [MESSAGE][PASSED] - Delayed 3 second(s)

2018-09-26 11:04:03 - [TEST_STEP][PASSED] - verifyElementNotPresent: Web element with id: 'Object Repository/Page_Metafour User Login/div_Sorry login failed' located by 'By.xpath: //div[@id='customerrormessagediv']' is not present after '30' second(s)

2018-09-26 11:04:03 - [MESSAGE][WARNING] - Timeout '0' is invalid. Using default page load timeout: '30'

2018-09-26 11:04:03 - [MESSAGE][PASSED] - Web element with id: 'Object Repository/Page_Metafour User Login/div_Sorry login failed' located by 'By.xpath: //div[@id='customerrormessagediv']' is not present after '30' second(s)

2018-09-26 11:04:03 - [TEST_STEP][PASSED] - closeBrowser: Browser is closed

2018-09-26 11:04:03 - [MESSAGE][PASSED] - Browser is closed]]></system-out>
         <system-err><![CDATA[]]></system-err>
      </testcase>
      <testcase name="Test Cases/nc_cp_login_test" classname="Test Cases/nc_cp_login_test" status="PASSED">
         <system-out><![CDATA[2018-09-26 11:04:03 - [TEST_CASE][PASSED] - Test Cases/nc_cp_login_test: Test Cases/nc_cp_login_test

2018-09-26 11:04:03 - [TEST_STEP][PASSED] - openBrowser: Browser is opened with url: 'https://freightbrokers.netcourier.net/metafour-auth/authenticate?appId=clon&accessCode=&continue=/online/authenticated'

2018-09-26 11:04:09 - [MESSAGE][PASSED] - Browser is opened with url: 'https://freightbrokers.netcourier.net/metafour-auth/authenticate?appId=clon&accessCode=&continue=/online/authenticated'

2018-09-26 11:04:09 - [TEST_STEP][PASSED] - navigateToUrl: Navigate to 'https://freightbrokers.netcourier.net/metafour-auth/authenticate?appId=clon&accessCode=&continue=/online/authenticated' successfully

2018-09-26 11:04:09 - [MESSAGE][PASSED] - Navigate to 'https://freightbrokers.netcourier.net/metafour-auth/authenticate?appId=clon&accessCode=&continue=/online/authenticated' successfully

2018-09-26 11:04:09 - [TEST_STEP][PASSED] - setText: Text 'ACME' is set on object 'Object Repository/Page_Metafour User Login/input_Login_access_code'

2018-09-26 11:04:09 - [MESSAGE][PASSED] - Text 'ACME' is set on object 'Object Repository/Page_Metafour User Login/input_Login_access_code'

2018-09-26 11:04:09 - [TEST_STEP][PASSED] - setText: Text 'Jony' is set on object 'Object Repository/Page_Metafour User Login/input_Login_login'

2018-09-26 11:04:09 - [MESSAGE][PASSED] - Text 'Jony' is set on object 'Object Repository/Page_Metafour User Login/input_Login_login'

2018-09-26 11:04:09 - [TEST_STEP][PASSED] - setText: Text '1234' is set on object 'Object Repository/Page_Metafour User Login/input_Login_j_password'

2018-09-26 11:04:09 - [MESSAGE][PASSED] - Text '1234' is set on object 'Object Repository/Page_Metafour User Login/input_Login_j_password'

2018-09-26 11:04:09 - [TEST_STEP][PASSED] - click: Object: 'Object Repository/Page_Metafour User Login/button_Sign in' is clicked on

2018-09-26 11:04:14 - [MESSAGE][PASSED] - Object: 'Object Repository/Page_Metafour User Login/button_Sign in' is clicked on

2018-09-26 11:04:14 - [TEST_STEP][PASSED] - delay: Delayed 3 second(s)

2018-09-26 11:04:17 - [MESSAGE][PASSED] - Delayed 3 second(s)

2018-09-26 11:04:17 - [TEST_STEP][PASSED] - verifyElementNotPresent: Web element with id: 'Object Repository/Page_Metafour User Login/div_Sorry login failed' located by 'By.xpath: //div[@id='customerrormessagediv']' is not present after '30' second(s)

2018-09-26 11:04:17 - [MESSAGE][WARNING] - Timeout '0' is invalid. Using default page load timeout: '30'

2018-09-26 11:04:17 - [MESSAGE][PASSED] - Web element with id: 'Object Repository/Page_Metafour User Login/div_Sorry login failed' located by 'By.xpath: //div[@id='customerrormessagediv']' is not present after '30' second(s)

2018-09-26 11:04:17 - [TEST_STEP][PASSED] - closeBrowser: Browser is closed

2018-09-26 11:04:17 - [MESSAGE][PASSED] - Browser is closed]]></system-out>
         <system-err><![CDATA[]]></system-err>
      </testcase>
      <testcase name="Test Cases/nc_cp_login_test" classname="Test Cases/nc_cp_login_test" status="PASSED">
         <system-out><![CDATA[2018-09-26 11:04:17 - [TEST_CASE][PASSED] - Test Cases/nc_cp_login_test: Test Cases/nc_cp_login_test

2018-09-26 11:04:17 - [TEST_STEP][PASSED] - openBrowser: Browser is opened with url: 'https://hellmann.netcourier.net/metafour-auth/authenticate?appId=clon&accessCode=&continue=/online/authenticated'

2018-09-26 11:04:22 - [MESSAGE][PASSED] - Browser is opened with url: 'https://hellmann.netcourier.net/metafour-auth/authenticate?appId=clon&accessCode=&continue=/online/authenticated'

2018-09-26 11:04:22 - [TEST_STEP][PASSED] - navigateToUrl: Navigate to 'https://hellmann.netcourier.net/metafour-auth/authenticate?appId=clon&accessCode=&continue=/online/authenticated' successfully

2018-09-26 11:04:23 - [MESSAGE][PASSED] - Navigate to 'https://hellmann.netcourier.net/metafour-auth/authenticate?appId=clon&accessCode=&continue=/online/authenticated' successfully

2018-09-26 11:04:23 - [TEST_STEP][PASSED] - setText: Text 'dummy' is set on object 'Object Repository/Page_Metafour User Login/input_Login_access_code'

2018-09-26 11:04:23 - [MESSAGE][PASSED] - Text 'dummy' is set on object 'Object Repository/Page_Metafour User Login/input_Login_access_code'

2018-09-26 11:04:23 - [TEST_STEP][PASSED] - setText: Text 'clon' is set on object 'Object Repository/Page_Metafour User Login/input_Login_login'

2018-09-26 11:04:23 - [MESSAGE][PASSED] - Text 'clon' is set on object 'Object Repository/Page_Metafour User Login/input_Login_login'

2018-09-26 11:04:23 - [TEST_STEP][PASSED] - setText: Text 'clon' is set on object 'Object Repository/Page_Metafour User Login/input_Login_j_password'

2018-09-26 11:04:23 - [MESSAGE][PASSED] - Text 'clon' is set on object 'Object Repository/Page_Metafour User Login/input_Login_j_password'

2018-09-26 11:04:23 - [TEST_STEP][PASSED] - click: Object: 'Object Repository/Page_Metafour User Login/button_Sign in' is clicked on

2018-09-26 11:04:27 - [MESSAGE][PASSED] - Object: 'Object Repository/Page_Metafour User Login/button_Sign in' is clicked on

2018-09-26 11:04:27 - [TEST_STEP][PASSED] - delay: Delayed 3 second(s)

2018-09-26 11:04:30 - [MESSAGE][PASSED] - Delayed 3 second(s)

2018-09-26 11:04:30 - [TEST_STEP][PASSED] - verifyElementNotPresent: Web element with id: 'Object Repository/Page_Metafour User Login/div_Sorry login failed' located by 'By.xpath: //div[@id='customerrormessagediv']' is not present after '30' second(s)

2018-09-26 11:04:30 - [MESSAGE][WARNING] - Timeout '0' is invalid. Using default page load timeout: '30'

2018-09-26 11:04:30 - [MESSAGE][PASSED] - Web element with id: 'Object Repository/Page_Metafour User Login/div_Sorry login failed' located by 'By.xpath: //div[@id='customerrormessagediv']' is not present after '30' second(s)

2018-09-26 11:04:30 - [TEST_STEP][PASSED] - closeBrowser: Browser is closed

2018-09-26 11:04:31 - [MESSAGE][PASSED] - Browser is closed]]></system-out>
         <system-err><![CDATA[]]></system-err>
      </testcase>
      <testcase name="Test Cases/nc_cp_login_test" classname="Test Cases/nc_cp_login_test" status="PASSED">
         <system-out><![CDATA[2018-09-26 11:04:31 - [TEST_CASE][PASSED] - Test Cases/nc_cp_login_test: Test Cases/nc_cp_login_test

2018-09-26 11:04:31 - [TEST_STEP][PASSED] - openBrowser: Browser is opened with url: 'https://indyspain.netcourier.net/metafour-auth/authenticate?appId=clon&accessCode=&continue=/online/authenticated'

2018-09-26 11:04:36 - [MESSAGE][PASSED] - Browser is opened with url: 'https://indyspain.netcourier.net/metafour-auth/authenticate?appId=clon&accessCode=&continue=/online/authenticated'

2018-09-26 11:04:36 - [TEST_STEP][PASSED] - navigateToUrl: Navigate to 'https://indyspain.netcourier.net/metafour-auth/authenticate?appId=clon&accessCode=&continue=/online/authenticated' successfully

2018-09-26 11:04:36 - [MESSAGE][PASSED] - Navigate to 'https://indyspain.netcourier.net/metafour-auth/authenticate?appId=clon&accessCode=&continue=/online/authenticated' successfully

2018-09-26 11:04:36 - [TEST_STEP][PASSED] - setText: Text 'dummy' is set on object 'Object Repository/Page_Metafour User Login/input_Login_access_code'

2018-09-26 11:04:36 - [MESSAGE][PASSED] - Text 'dummy' is set on object 'Object Repository/Page_Metafour User Login/input_Login_access_code'

2018-09-26 11:04:36 - [TEST_STEP][PASSED] - setText: Text 'clon' is set on object 'Object Repository/Page_Metafour User Login/input_Login_login'

2018-09-26 11:04:37 - [MESSAGE][PASSED] - Text 'clon' is set on object 'Object Repository/Page_Metafour User Login/input_Login_login'

2018-09-26 11:04:37 - [TEST_STEP][PASSED] - setText: Text 'clon' is set on object 'Object Repository/Page_Metafour User Login/input_Login_j_password'

2018-09-26 11:04:37 - [MESSAGE][PASSED] - Text 'clon' is set on object 'Object Repository/Page_Metafour User Login/input_Login_j_password'

2018-09-26 11:04:37 - [TEST_STEP][PASSED] - click: Object: 'Object Repository/Page_Metafour User Login/button_Sign in' is clicked on

2018-09-26 11:04:40 - [MESSAGE][PASSED] - Object: 'Object Repository/Page_Metafour User Login/button_Sign in' is clicked on

2018-09-26 11:04:40 - [TEST_STEP][PASSED] - delay: Delayed 3 second(s)

2018-09-26 11:04:43 - [MESSAGE][PASSED] - Delayed 3 second(s)

2018-09-26 11:04:43 - [TEST_STEP][PASSED] - verifyElementNotPresent: Web element with id: 'Object Repository/Page_Metafour User Login/div_Sorry login failed' located by 'By.xpath: //div[@id='customerrormessagediv']' is not present after '30' second(s)

2018-09-26 11:04:43 - [MESSAGE][WARNING] - Timeout '0' is invalid. Using default page load timeout: '30'

2018-09-26 11:04:43 - [MESSAGE][PASSED] - Web element with id: 'Object Repository/Page_Metafour User Login/div_Sorry login failed' located by 'By.xpath: //div[@id='customerrormessagediv']' is not present after '30' second(s)

2018-09-26 11:04:43 - [TEST_STEP][PASSED] - closeBrowser: Browser is closed

2018-09-26 11:04:44 - [MESSAGE][PASSED] - Browser is closed]]></system-out>
         <system-err><![CDATA[]]></system-err>
      </testcase>
      <testcase name="Test Cases/nc_cp_login_test" classname="Test Cases/nc_cp_login_test" status="PASSED">
         <system-out><![CDATA[2018-09-26 11:04:44 - [TEST_CASE][PASSED] - Test Cases/nc_cp_login_test: Test Cases/nc_cp_login_test

2018-09-26 11:04:44 - [TEST_STEP][PASSED] - openBrowser: Browser is opened with url: 'https://icc.netcourier.net/metafour-auth/authenticate?appId=clon&accessCode=&continue=/online/authenticated'

2018-09-26 11:04:49 - [MESSAGE][PASSED] - Browser is opened with url: 'https://icc.netcourier.net/metafour-auth/authenticate?appId=clon&accessCode=&continue=/online/authenticated'

2018-09-26 11:04:49 - [TEST_STEP][PASSED] - navigateToUrl: Navigate to 'https://icc.netcourier.net/metafour-auth/authenticate?appId=clon&accessCode=&continue=/online/authenticated' successfully

2018-09-26 11:04:49 - [MESSAGE][PASSED] - Navigate to 'https://icc.netcourier.net/metafour-auth/authenticate?appId=clon&accessCode=&continue=/online/authenticated' successfully

2018-09-26 11:04:49 - [TEST_STEP][PASSED] - setText: Text 'dummy' is set on object 'Object Repository/Page_Metafour User Login/input_Login_access_code'

2018-09-26 11:04:49 - [MESSAGE][PASSED] - Text 'dummy' is set on object 'Object Repository/Page_Metafour User Login/input_Login_access_code'

2018-09-26 11:04:49 - [TEST_STEP][PASSED] - setText: Text 'clon' is set on object 'Object Repository/Page_Metafour User Login/input_Login_login'

2018-09-26 11:04:49 - [MESSAGE][PASSED] - Text 'clon' is set on object 'Object Repository/Page_Metafour User Login/input_Login_login'

2018-09-26 11:04:49 - [TEST_STEP][PASSED] - setText: Text 'clon' is set on object 'Object Repository/Page_Metafour User Login/input_Login_j_password'

2018-09-26 11:04:50 - [MESSAGE][PASSED] - Text 'clon' is set on object 'Object Repository/Page_Metafour User Login/input_Login_j_password'

2018-09-26 11:04:50 - [TEST_STEP][PASSED] - click: Object: 'Object Repository/Page_Metafour User Login/button_Sign in' is clicked on

2018-09-26 11:04:53 - [MESSAGE][PASSED] - Object: 'Object Repository/Page_Metafour User Login/button_Sign in' is clicked on

2018-09-26 11:04:53 - [TEST_STEP][PASSED] - delay: Delayed 3 second(s)

2018-09-26 11:04:56 - [MESSAGE][PASSED] - Delayed 3 second(s)

2018-09-26 11:04:56 - [TEST_STEP][PASSED] - verifyElementNotPresent: Web element with id: 'Object Repository/Page_Metafour User Login/div_Sorry login failed' located by 'By.xpath: //div[@id='customerrormessagediv']' is not present after '30' second(s)

2018-09-26 11:04:56 - [MESSAGE][WARNING] - Timeout '0' is invalid. Using default page load timeout: '30'

2018-09-26 11:04:56 - [MESSAGE][PASSED] - Web element with id: 'Object Repository/Page_Metafour User Login/div_Sorry login failed' located by 'By.xpath: //div[@id='customerrormessagediv']' is not present after '30' second(s)

2018-09-26 11:04:56 - [TEST_STEP][PASSED] - closeBrowser: Browser is closed

2018-09-26 11:04:56 - [MESSAGE][PASSED] - Browser is closed]]></system-out>
         <system-err><![CDATA[]]></system-err>
      </testcase>
      <testcase name="Test Cases/nc_cp_login_test" classname="Test Cases/nc_cp_login_test" status="PASSED">
         <system-out><![CDATA[2018-09-26 11:04:56 - [TEST_CASE][PASSED] - Test Cases/nc_cp_login_test: Test Cases/nc_cp_login_test

2018-09-26 11:04:56 - [TEST_STEP][PASSED] - openBrowser: Browser is opened with url: 'https://ilg.netcourier.net/metafour-auth/authenticate?appId=clon&accessCode=&continue=/online/authenticated'

2018-09-26 11:05:08 - [MESSAGE][PASSED] - Browser is opened with url: 'https://ilg.netcourier.net/metafour-auth/authenticate?appId=clon&accessCode=&continue=/online/authenticated'

2018-09-26 11:05:08 - [TEST_STEP][PASSED] - navigateToUrl: Navigate to 'https://ilg.netcourier.net/metafour-auth/authenticate?appId=clon&accessCode=&continue=/online/authenticated' successfully

2018-09-26 11:05:08 - [MESSAGE][PASSED] - Navigate to 'https://ilg.netcourier.net/metafour-auth/authenticate?appId=clon&accessCode=&continue=/online/authenticated' successfully

2018-09-26 11:05:08 - [TEST_STEP][PASSED] - setText: Text 'M4' is set on object 'Object Repository/Page_Metafour User Login/input_Login_access_code'

2018-09-26 11:05:08 - [MESSAGE][PASSED] - Text 'M4' is set on object 'Object Repository/Page_Metafour User Login/input_Login_access_code'

2018-09-26 11:05:08 - [TEST_STEP][PASSED] - setText: Text 'clon' is set on object 'Object Repository/Page_Metafour User Login/input_Login_login'

2018-09-26 11:05:08 - [MESSAGE][PASSED] - Text 'clon' is set on object 'Object Repository/Page_Metafour User Login/input_Login_login'

2018-09-26 11:05:08 - [TEST_STEP][PASSED] - setText: Text 'clon' is set on object 'Object Repository/Page_Metafour User Login/input_Login_j_password'

2018-09-26 11:05:09 - [MESSAGE][PASSED] - Text 'clon' is set on object 'Object Repository/Page_Metafour User Login/input_Login_j_password'

2018-09-26 11:05:09 - [TEST_STEP][PASSED] - click: Object: 'Object Repository/Page_Metafour User Login/button_Sign in' is clicked on

2018-09-26 11:05:13 - [MESSAGE][PASSED] - Object: 'Object Repository/Page_Metafour User Login/button_Sign in' is clicked on

2018-09-26 11:05:13 - [TEST_STEP][PASSED] - delay: Delayed 3 second(s)

2018-09-26 11:05:16 - [MESSAGE][PASSED] - Delayed 3 second(s)

2018-09-26 11:05:16 - [TEST_STEP][PASSED] - verifyElementNotPresent: Web element with id: 'Object Repository/Page_Metafour User Login/div_Sorry login failed' located by 'By.xpath: //div[@id='customerrormessagediv']' is not present after '30' second(s)

2018-09-26 11:05:16 - [MESSAGE][WARNING] - Timeout '0' is invalid. Using default page load timeout: '30'

2018-09-26 11:05:17 - [MESSAGE][PASSED] - Web element with id: 'Object Repository/Page_Metafour User Login/div_Sorry login failed' located by 'By.xpath: //div[@id='customerrormessagediv']' is not present after '30' second(s)

2018-09-26 11:05:17 - [TEST_STEP][PASSED] - closeBrowser: Browser is closed

2018-09-26 11:05:17 - [MESSAGE][PASSED] - Browser is closed]]></system-out>
         <system-err><![CDATA[]]></system-err>
      </testcase>
      <testcase name="Test Cases/nc_cp_login_test" classname="Test Cases/nc_cp_login_test" status="PASSED">
         <system-out><![CDATA[2018-09-26 11:05:17 - [TEST_CASE][PASSED] - Test Cases/nc_cp_login_test: Test Cases/nc_cp_login_test

2018-09-26 11:05:17 - [TEST_STEP][PASSED] - openBrowser: Browser is opened with url: 'https://itd.netcourier.net/metafour-auth/authenticate?appId=clon&accessCode=&continue=/online/authenticated'

2018-09-26 11:05:23 - [MESSAGE][PASSED] - Browser is opened with url: 'https://itd.netcourier.net/metafour-auth/authenticate?appId=clon&accessCode=&continue=/online/authenticated'

2018-09-26 11:05:23 - [TEST_STEP][PASSED] - navigateToUrl: Navigate to 'https://itd.netcourier.net/metafour-auth/authenticate?appId=clon&accessCode=&continue=/online/authenticated' successfully

2018-09-26 11:05:25 - [MESSAGE][PASSED] - Navigate to 'https://itd.netcourier.net/metafour-auth/authenticate?appId=clon&accessCode=&continue=/online/authenticated' successfully

2018-09-26 11:05:25 - [TEST_STEP][PASSED] - setText: Text 'dummy' is set on object 'Object Repository/Page_Metafour User Login/input_Login_access_code'

2018-09-26 11:05:25 - [MESSAGE][PASSED] - Text 'dummy' is set on object 'Object Repository/Page_Metafour User Login/input_Login_access_code'

2018-09-26 11:05:25 - [TEST_STEP][PASSED] - setText: Text 'clon' is set on object 'Object Repository/Page_Metafour User Login/input_Login_login'

2018-09-26 11:05:25 - [MESSAGE][PASSED] - Text 'clon' is set on object 'Object Repository/Page_Metafour User Login/input_Login_login'

2018-09-26 11:05:25 - [TEST_STEP][PASSED] - setText: Text 'clon' is set on object 'Object Repository/Page_Metafour User Login/input_Login_j_password'

2018-09-26 11:05:25 - [MESSAGE][PASSED] - Text 'clon' is set on object 'Object Repository/Page_Metafour User Login/input_Login_j_password'

2018-09-26 11:05:25 - [TEST_STEP][PASSED] - click: Object: 'Object Repository/Page_Metafour User Login/button_Sign in' is clicked on

2018-09-26 11:05:32 - [MESSAGE][PASSED] - Object: 'Object Repository/Page_Metafour User Login/button_Sign in' is clicked on

2018-09-26 11:05:32 - [TEST_STEP][PASSED] - delay: Delayed 3 second(s)

2018-09-26 11:05:35 - [MESSAGE][PASSED] - Delayed 3 second(s)

2018-09-26 11:05:35 - [TEST_STEP][PASSED] - verifyElementNotPresent: Web element with id: 'Object Repository/Page_Metafour User Login/div_Sorry login failed' located by 'By.xpath: //div[@id='customerrormessagediv']' is not present after '30' second(s)

2018-09-26 11:05:35 - [MESSAGE][WARNING] - Timeout '0' is invalid. Using default page load timeout: '30'

2018-09-26 11:05:35 - [MESSAGE][PASSED] - Web element with id: 'Object Repository/Page_Metafour User Login/div_Sorry login failed' located by 'By.xpath: //div[@id='customerrormessagediv']' is not present after '30' second(s)

2018-09-26 11:05:35 - [TEST_STEP][PASSED] - closeBrowser: Browser is closed

2018-09-26 11:05:35 - [MESSAGE][PASSED] - Browser is closed]]></system-out>
         <system-err><![CDATA[]]></system-err>
      </testcase>
      <testcase name="Test Cases/nc_cp_login_test" classname="Test Cases/nc_cp_login_test" status="PASSED">
         <system-out><![CDATA[2018-09-26 11:05:35 - [TEST_CASE][PASSED] - Test Cases/nc_cp_login_test: Test Cases/nc_cp_login_test

2018-09-26 11:05:35 - [TEST_STEP][PASSED] - openBrowser: Browser is opened with url: 'https://menzies.netcourier.net/metafour-auth/authenticate?appId=clon&accessCode=&continue=/online/authenticated'

2018-09-26 11:05:40 - [MESSAGE][PASSED] - Browser is opened with url: 'https://menzies.netcourier.net/metafour-auth/authenticate?appId=clon&accessCode=&continue=/online/authenticated'

2018-09-26 11:05:40 - [TEST_STEP][PASSED] - navigateToUrl: Navigate to 'https://menzies.netcourier.net/metafour-auth/authenticate?appId=clon&accessCode=&continue=/online/authenticated' successfully

2018-09-26 11:05:41 - [MESSAGE][PASSED] - Navigate to 'https://menzies.netcourier.net/metafour-auth/authenticate?appId=clon&accessCode=&continue=/online/authenticated' successfully

2018-09-26 11:05:41 - [TEST_STEP][PASSED] - setText: Text 'M4' is set on object 'Object Repository/Page_Metafour User Login/input_Login_access_code'

2018-09-26 11:05:41 - [MESSAGE][PASSED] - Text 'M4' is set on object 'Object Repository/Page_Metafour User Login/input_Login_access_code'

2018-09-26 11:05:41 - [TEST_STEP][PASSED] - setText: Text 'clon' is set on object 'Object Repository/Page_Metafour User Login/input_Login_login'

2018-09-26 11:05:41 - [MESSAGE][PASSED] - Text 'clon' is set on object 'Object Repository/Page_Metafour User Login/input_Login_login'

2018-09-26 11:05:41 - [TEST_STEP][PASSED] - setText: Text 'clon' is set on object 'Object Repository/Page_Metafour User Login/input_Login_j_password'

2018-09-26 11:05:41 - [MESSAGE][PASSED] - Text 'clon' is set on object 'Object Repository/Page_Metafour User Login/input_Login_j_password'

2018-09-26 11:05:41 - [TEST_STEP][PASSED] - click: Object: 'Object Repository/Page_Metafour User Login/button_Sign in' is clicked on

2018-09-26 11:05:44 - [MESSAGE][PASSED] - Object: 'Object Repository/Page_Metafour User Login/button_Sign in' is clicked on

2018-09-26 11:05:44 - [TEST_STEP][PASSED] - delay: Delayed 3 second(s)

2018-09-26 11:05:47 - [MESSAGE][PASSED] - Delayed 3 second(s)

2018-09-26 11:05:47 - [TEST_STEP][PASSED] - verifyElementNotPresent: Web element with id: 'Object Repository/Page_Metafour User Login/div_Sorry login failed' located by 'By.xpath: //div[@id='customerrormessagediv']' is not present after '30' second(s)

2018-09-26 11:05:47 - [MESSAGE][WARNING] - Timeout '0' is invalid. Using default page load timeout: '30'

2018-09-26 11:05:48 - [MESSAGE][PASSED] - Web element with id: 'Object Repository/Page_Metafour User Login/div_Sorry login failed' located by 'By.xpath: //div[@id='customerrormessagediv']' is not present after '30' second(s)

2018-09-26 11:05:48 - [TEST_STEP][PASSED] - closeBrowser: Browser is closed

2018-09-26 11:05:48 - [MESSAGE][PASSED] - Browser is closed]]></system-out>
         <system-err><![CDATA[]]></system-err>
      </testcase>
      <testcase name="Test Cases/nc_cp_login_test" classname="Test Cases/nc_cp_login_test" status="PASSED">
         <system-out><![CDATA[2018-09-26 11:05:48 - [TEST_CASE][PASSED] - Test Cases/nc_cp_login_test: Test Cases/nc_cp_login_test

2018-09-26 11:05:48 - [TEST_STEP][PASSED] - openBrowser: Browser is opened with url: 'http://msk.m4.net/metafour-auth/authenticate?appId=clon&accessCode=&continue=/online/authenticated'

2018-09-26 11:05:56 - [MESSAGE][PASSED] - Browser is opened with url: 'http://msk.m4.net/metafour-auth/authenticate?appId=clon&accessCode=&continue=/online/authenticated'

2018-09-26 11:05:56 - [TEST_STEP][PASSED] - navigateToUrl: Navigate to 'http://msk.m4.net/metafour-auth/authenticate?appId=clon&accessCode=&continue=/online/authenticated' successfully

2018-09-26 11:05:56 - [MESSAGE][PASSED] - Navigate to 'http://msk.m4.net/metafour-auth/authenticate?appId=clon&accessCode=&continue=/online/authenticated' successfully

2018-09-26 11:05:56 - [TEST_STEP][PASSED] - setText: Text 'dummy' is set on object 'Object Repository/Page_Metafour User Login/input_Login_access_code'

2018-09-26 11:05:56 - [MESSAGE][PASSED] - Text 'dummy' is set on object 'Object Repository/Page_Metafour User Login/input_Login_access_code'

2018-09-26 11:05:56 - [TEST_STEP][PASSED] - setText: Text 'clon' is set on object 'Object Repository/Page_Metafour User Login/input_Login_login'

2018-09-26 11:05:56 - [MESSAGE][PASSED] - Text 'clon' is set on object 'Object Repository/Page_Metafour User Login/input_Login_login'

2018-09-26 11:05:56 - [TEST_STEP][PASSED] - setText: Text 'clon' is set on object 'Object Repository/Page_Metafour User Login/input_Login_j_password'

2018-09-26 11:05:57 - [MESSAGE][PASSED] - Text 'clon' is set on object 'Object Repository/Page_Metafour User Login/input_Login_j_password'

2018-09-26 11:05:57 - [TEST_STEP][PASSED] - click: Object: 'Object Repository/Page_Metafour User Login/button_Sign in' is clicked on

2018-09-26 11:06:02 - [MESSAGE][PASSED] - Object: 'Object Repository/Page_Metafour User Login/button_Sign in' is clicked on

2018-09-26 11:06:02 - [TEST_STEP][PASSED] - delay: Delayed 3 second(s)

2018-09-26 11:06:05 - [MESSAGE][PASSED] - Delayed 3 second(s)

2018-09-26 11:06:05 - [TEST_STEP][PASSED] - verifyElementNotPresent: Web element with id: 'Object Repository/Page_Metafour User Login/div_Sorry login failed' located by 'By.xpath: //div[@id='customerrormessagediv']' is not present after '30' second(s)

2018-09-26 11:06:05 - [MESSAGE][WARNING] - Timeout '0' is invalid. Using default page load timeout: '30'

2018-09-26 11:06:05 - [MESSAGE][PASSED] - Web element with id: 'Object Repository/Page_Metafour User Login/div_Sorry login failed' located by 'By.xpath: //div[@id='customerrormessagediv']' is not present after '30' second(s)

2018-09-26 11:06:05 - [TEST_STEP][PASSED] - closeBrowser: Browser is closed

2018-09-26 11:06:05 - [MESSAGE][PASSED] - Browser is closed]]></system-out>
         <system-err><![CDATA[]]></system-err>
      </testcase>
      <testcase name="Test Cases/nc_cp_login_test" classname="Test Cases/nc_cp_login_test" status="PASSED">
         <system-out><![CDATA[2018-09-26 11:06:05 - [TEST_CASE][PASSED] - Test Cases/nc_cp_login_test: Test Cases/nc_cp_login_test

2018-09-26 11:06:05 - [TEST_STEP][PASSED] - openBrowser: Browser is opened with url: 'http://nexus.metafour.com/metafour-auth/authenticate?appId=clon&accessCode=&continue=/online/authenticated/'

2018-09-26 11:06:10 - [MESSAGE][PASSED] - Browser is opened with url: 'http://nexus.metafour.com/metafour-auth/authenticate?appId=clon&accessCode=&continue=/online/authenticated/'

2018-09-26 11:06:10 - [TEST_STEP][PASSED] - navigateToUrl: Navigate to 'http://nexus.metafour.com/metafour-auth/authenticate?appId=clon&accessCode=&continue=/online/authenticated/' successfully

2018-09-26 11:06:10 - [MESSAGE][PASSED] - Navigate to 'http://nexus.metafour.com/metafour-auth/authenticate?appId=clon&accessCode=&continue=/online/authenticated/' successfully

2018-09-26 11:06:10 - [TEST_STEP][PASSED] - setText: Text 'dummy' is set on object 'Object Repository/Page_Metafour User Login/input_Login_access_code'

2018-09-26 11:06:10 - [MESSAGE][PASSED] - Text 'dummy' is set on object 'Object Repository/Page_Metafour User Login/input_Login_access_code'

2018-09-26 11:06:10 - [TEST_STEP][PASSED] - setText: Text 'clon' is set on object 'Object Repository/Page_Metafour User Login/input_Login_login'

2018-09-26 11:06:11 - [MESSAGE][PASSED] - Text 'clon' is set on object 'Object Repository/Page_Metafour User Login/input_Login_login'

2018-09-26 11:06:11 - [TEST_STEP][PASSED] - setText: Text 'clon' is set on object 'Object Repository/Page_Metafour User Login/input_Login_j_password'

2018-09-26 11:06:11 - [MESSAGE][PASSED] - Text 'clon' is set on object 'Object Repository/Page_Metafour User Login/input_Login_j_password'

2018-09-26 11:06:11 - [TEST_STEP][PASSED] - click: Object: 'Object Repository/Page_Metafour User Login/button_Sign in' is clicked on

2018-09-26 11:06:14 - [MESSAGE][PASSED] - Object: 'Object Repository/Page_Metafour User Login/button_Sign in' is clicked on

2018-09-26 11:06:14 - [TEST_STEP][PASSED] - delay: Delayed 3 second(s)

2018-09-26 11:06:17 - [MESSAGE][PASSED] - Delayed 3 second(s)

2018-09-26 11:06:17 - [TEST_STEP][PASSED] - verifyElementNotPresent: Web element with id: 'Object Repository/Page_Metafour User Login/div_Sorry login failed' located by 'By.xpath: //div[@id='customerrormessagediv']' is not present after '30' second(s)

2018-09-26 11:06:17 - [MESSAGE][WARNING] - Timeout '0' is invalid. Using default page load timeout: '30'

2018-09-26 11:06:17 - [MESSAGE][PASSED] - Web element with id: 'Object Repository/Page_Metafour User Login/div_Sorry login failed' located by 'By.xpath: //div[@id='customerrormessagediv']' is not present after '30' second(s)

2018-09-26 11:06:17 - [TEST_STEP][PASSED] - closeBrowser: Browser is closed

2018-09-26 11:06:17 - [MESSAGE][PASSED] - Browser is closed]]></system-out>
         <system-err><![CDATA[]]></system-err>
      </testcase>
      <testcase name="Test Cases/nc_cp_login_test" classname="Test Cases/nc_cp_login_test" status="PASSED">
         <system-out><![CDATA[2018-09-26 11:06:17 - [TEST_CASE][PASSED] - Test Cases/nc_cp_login_test: Test Cases/nc_cp_login_test

2018-09-26 11:06:17 - [TEST_STEP][PASSED] - openBrowser: Browser is opened with url: 'https://precision.netcourier.net/metafour-auth/authenticate?appId=clon&accessCode=&continue=/online/authenticated'

2018-09-26 11:06:22 - [MESSAGE][PASSED] - Browser is opened with url: 'https://precision.netcourier.net/metafour-auth/authenticate?appId=clon&accessCode=&continue=/online/authenticated'

2018-09-26 11:06:22 - [TEST_STEP][PASSED] - navigateToUrl: Navigate to 'https://precision.netcourier.net/metafour-auth/authenticate?appId=clon&accessCode=&continue=/online/authenticated' successfully

2018-09-26 11:06:23 - [MESSAGE][PASSED] - Navigate to 'https://precision.netcourier.net/metafour-auth/authenticate?appId=clon&accessCode=&continue=/online/authenticated' successfully

2018-09-26 11:06:23 - [TEST_STEP][PASSED] - setText: Text 'dummy' is set on object 'Object Repository/Page_Metafour User Login/input_Login_access_code'

2018-09-26 11:06:23 - [MESSAGE][PASSED] - Text 'dummy' is set on object 'Object Repository/Page_Metafour User Login/input_Login_access_code'

2018-09-26 11:06:23 - [TEST_STEP][PASSED] - setText: Text 'clon' is set on object 'Object Repository/Page_Metafour User Login/input_Login_login'

2018-09-26 11:06:23 - [MESSAGE][PASSED] - Text 'clon' is set on object 'Object Repository/Page_Metafour User Login/input_Login_login'

2018-09-26 11:06:23 - [TEST_STEP][PASSED] - setText: Text 'clon' is set on object 'Object Repository/Page_Metafour User Login/input_Login_j_password'

2018-09-26 11:06:23 - [MESSAGE][PASSED] - Text 'clon' is set on object 'Object Repository/Page_Metafour User Login/input_Login_j_password'

2018-09-26 11:06:23 - [TEST_STEP][PASSED] - click: Object: 'Object Repository/Page_Metafour User Login/button_Sign in' is clicked on

2018-09-26 11:06:27 - [MESSAGE][PASSED] - Object: 'Object Repository/Page_Metafour User Login/button_Sign in' is clicked on

2018-09-26 11:06:27 - [TEST_STEP][PASSED] - delay: Delayed 3 second(s)

2018-09-26 11:06:30 - [MESSAGE][PASSED] - Delayed 3 second(s)

2018-09-26 11:06:30 - [TEST_STEP][PASSED] - verifyElementNotPresent: Web element with id: 'Object Repository/Page_Metafour User Login/div_Sorry login failed' located by 'By.xpath: //div[@id='customerrormessagediv']' is not present after '30' second(s)

2018-09-26 11:06:30 - [MESSAGE][WARNING] - Timeout '0' is invalid. Using default page load timeout: '30'

2018-09-26 11:06:30 - [MESSAGE][PASSED] - Web element with id: 'Object Repository/Page_Metafour User Login/div_Sorry login failed' located by 'By.xpath: //div[@id='customerrormessagediv']' is not present after '30' second(s)

2018-09-26 11:06:30 - [TEST_STEP][PASSED] - closeBrowser: Browser is closed

2018-09-26 11:06:30 - [MESSAGE][PASSED] - Browser is closed]]></system-out>
         <system-err><![CDATA[]]></system-err>
      </testcase>
      <testcase name="Test Cases/nc_cp_login_test" classname="Test Cases/nc_cp_login_test" status="PASSED">
         <system-out><![CDATA[2018-09-26 11:06:30 - [TEST_CASE][PASSED] - Test Cases/nc_cp_login_test: Test Cases/nc_cp_login_test

2018-09-26 11:06:30 - [TEST_STEP][PASSED] - openBrowser: Browser is opened with url: 'http://santis.m4.net/metafour-auth/authenticate?appId=clon&accessCode=&continue=/online/authenticated'

2018-09-26 11:06:37 - [MESSAGE][PASSED] - Browser is opened with url: 'http://santis.m4.net/metafour-auth/authenticate?appId=clon&accessCode=&continue=/online/authenticated'

2018-09-26 11:06:37 - [TEST_STEP][PASSED] - navigateToUrl: Navigate to 'http://santis.m4.net/metafour-auth/authenticate?appId=clon&accessCode=&continue=/online/authenticated' successfully

2018-09-26 11:06:37 - [MESSAGE][PASSED] - Navigate to 'http://santis.m4.net/metafour-auth/authenticate?appId=clon&accessCode=&continue=/online/authenticated' successfully

2018-09-26 11:06:37 - [TEST_STEP][PASSED] - setText: Text 'dummy' is set on object 'Object Repository/Page_Metafour User Login/input_Login_access_code'

2018-09-26 11:06:37 - [MESSAGE][PASSED] - Text 'dummy' is set on object 'Object Repository/Page_Metafour User Login/input_Login_access_code'

2018-09-26 11:06:37 - [TEST_STEP][PASSED] - setText: Text 'clon' is set on object 'Object Repository/Page_Metafour User Login/input_Login_login'

2018-09-26 11:06:37 - [MESSAGE][PASSED] - Text 'clon' is set on object 'Object Repository/Page_Metafour User Login/input_Login_login'

2018-09-26 11:06:37 - [TEST_STEP][PASSED] - setText: Text 'clon' is set on object 'Object Repository/Page_Metafour User Login/input_Login_j_password'

2018-09-26 11:06:37 - [MESSAGE][PASSED] - Text 'clon' is set on object 'Object Repository/Page_Metafour User Login/input_Login_j_password'

2018-09-26 11:06:37 - [TEST_STEP][PASSED] - click: Object: 'Object Repository/Page_Metafour User Login/button_Sign in' is clicked on

2018-09-26 11:06:41 - [MESSAGE][PASSED] - Object: 'Object Repository/Page_Metafour User Login/button_Sign in' is clicked on

2018-09-26 11:06:41 - [TEST_STEP][PASSED] - delay: Delayed 3 second(s)

2018-09-26 11:06:44 - [MESSAGE][PASSED] - Delayed 3 second(s)

2018-09-26 11:06:44 - [TEST_STEP][PASSED] - verifyElementNotPresent: Web element with id: 'Object Repository/Page_Metafour User Login/div_Sorry login failed' located by 'By.xpath: //div[@id='customerrormessagediv']' is not present after '30' second(s)

2018-09-26 11:06:44 - [MESSAGE][WARNING] - Timeout '0' is invalid. Using default page load timeout: '30'

2018-09-26 11:06:44 - [MESSAGE][PASSED] - Web element with id: 'Object Repository/Page_Metafour User Login/div_Sorry login failed' located by 'By.xpath: //div[@id='customerrormessagediv']' is not present after '30' second(s)

2018-09-26 11:06:44 - [TEST_STEP][PASSED] - closeBrowser: Browser is closed

2018-09-26 11:06:44 - [MESSAGE][PASSED] - Browser is closed]]></system-out>
         <system-err><![CDATA[]]></system-err>
      </testcase>
      <testcase name="Test Cases/nc_cp_login_test" classname="Test Cases/nc_cp_login_test" status="PASSED">
         <system-out><![CDATA[2018-09-26 11:06:44 - [TEST_CASE][PASSED] - Test Cases/nc_cp_login_test: Test Cases/nc_cp_login_test

2018-09-26 11:06:44 - [TEST_STEP][PASSED] - openBrowser: Browser is opened with url: 'https://snr.netcourier.net/metafour-auth/authenticate?appId=clon&accessCode=&continue=/online/authenticated'

2018-09-26 11:06:51 - [MESSAGE][PASSED] - Browser is opened with url: 'https://snr.netcourier.net/metafour-auth/authenticate?appId=clon&accessCode=&continue=/online/authenticated'

2018-09-26 11:06:51 - [TEST_STEP][PASSED] - navigateToUrl: Navigate to 'https://snr.netcourier.net/metafour-auth/authenticate?appId=clon&accessCode=&continue=/online/authenticated' successfully

2018-09-26 11:06:52 - [MESSAGE][PASSED] - Navigate to 'https://snr.netcourier.net/metafour-auth/authenticate?appId=clon&accessCode=&continue=/online/authenticated' successfully

2018-09-26 11:06:52 - [TEST_STEP][PASSED] - setText: Text 'dummy' is set on object 'Object Repository/Page_Metafour User Login/input_Login_access_code'

2018-09-26 11:06:52 - [MESSAGE][PASSED] - Text 'dummy' is set on object 'Object Repository/Page_Metafour User Login/input_Login_access_code'

2018-09-26 11:06:52 - [TEST_STEP][PASSED] - setText: Text 'clon' is set on object 'Object Repository/Page_Metafour User Login/input_Login_login'

2018-09-26 11:06:52 - [MESSAGE][PASSED] - Text 'clon' is set on object 'Object Repository/Page_Metafour User Login/input_Login_login'

2018-09-26 11:06:52 - [TEST_STEP][PASSED] - setText: Text 'clon' is set on object 'Object Repository/Page_Metafour User Login/input_Login_j_password'

2018-09-26 11:06:52 - [MESSAGE][PASSED] - Text 'clon' is set on object 'Object Repository/Page_Metafour User Login/input_Login_j_password'

2018-09-26 11:06:52 - [TEST_STEP][PASSED] - click: Object: 'Object Repository/Page_Metafour User Login/button_Sign in' is clicked on

2018-09-26 11:06:58 - [MESSAGE][PASSED] - Object: 'Object Repository/Page_Metafour User Login/button_Sign in' is clicked on

2018-09-26 11:06:58 - [TEST_STEP][PASSED] - delay: Delayed 3 second(s)

2018-09-26 11:07:01 - [MESSAGE][PASSED] - Delayed 3 second(s)

2018-09-26 11:07:01 - [TEST_STEP][PASSED] - verifyElementNotPresent: Web element with id: 'Object Repository/Page_Metafour User Login/div_Sorry login failed' located by 'By.xpath: //div[@id='customerrormessagediv']' is not present after '30' second(s)

2018-09-26 11:07:01 - [MESSAGE][WARNING] - Timeout '0' is invalid. Using default page load timeout: '30'

2018-09-26 11:07:01 - [MESSAGE][PASSED] - Web element with id: 'Object Repository/Page_Metafour User Login/div_Sorry login failed' located by 'By.xpath: //div[@id='customerrormessagediv']' is not present after '30' second(s)

2018-09-26 11:07:01 - [TEST_STEP][PASSED] - closeBrowser: Browser is closed

2018-09-26 11:07:01 - [MESSAGE][PASSED] - Browser is closed]]></system-out>
         <system-err><![CDATA[]]></system-err>
      </testcase>
      <testcase name="Test Cases/nc_cp_login_test" classname="Test Cases/nc_cp_login_test" status="FAILED">
         <failure type="FAILED" message="(Stack trace: com.kms.katalon.core.exception.StepFailedException: Unable to verify object 'Object Repository/Page_Metafour User Login/div_Sorry login failed' is not present (Root cause: Web element with id: 'Object Repository/Page_Metafour User Login/div_Sorry login failed' located by 'By.xpath: //div[@id='customerrormessagediv']' is present after '30' second(s))
	at com.kms.katalon.core.keyword.internal.KeywordMain.stepFailed(KeywordMain.groovy:36)
	at com.kms.katalon.core.webui.keyword.internal.WebUIKeywordMain.stepFailed(WebUIKeywordMain.groovy:65)
	at com.kms.katalon.core.webui.keyword.internal.WebUIKeywordMain.runKeyword(WebUIKeywordMain.groovy:27)
	at com.kms.katalon.core.webui.keyword.builtin.VerifyElementNotPresentKeyword.verifyElementNotPresent(VerifyElementNotPresentKeyword.groovy:118)
	at com.kms.katalon.core.webui.keyword.builtin.VerifyElementNotPresentKeyword.execute(VerifyElementNotPresentKeyword.groovy:68)
	at com.kms.katalon.core.keyword.internal.KeywordExecutor.executeKeywordForPlatform(KeywordExecutor.groovy:53)
	at com.kms.katalon.core.webui.keyword.WebUiBuiltInKeywords.verifyElementNotPresent(WebUiBuiltInKeywords.groovy:1467)
	at com.kms.katalon.core.webui.keyword.WebUiBuiltInKeywords$verifyElementNotPresent$3.call(Unknown Source)
	at Script1537190043452.run(Script1537190043452.groovy:31)
	at com.kms.katalon.core.main.ScriptEngine.run(ScriptEngine.java:183)
	at com.kms.katalon.core.main.ScriptEngine.runScriptAsRawText(ScriptEngine.java:108)
	at com.kms.katalon.core.main.TestCaseExecutor.runScript(TestCaseExecutor.java:294)
	at com.kms.katalon.core.main.TestCaseExecutor.doExecute(TestCaseExecutor.java:285)
	at com.kms.katalon.core.main.TestCaseExecutor.processExecutionPhase(TestCaseExecutor.java:264)
	at com.kms.katalon.core.main.TestCaseExecutor.accessMainPhase(TestCaseExecutor.java:256)
	at com.kms.katalon.core.main.TestCaseExecutor.execute(TestCaseExecutor.java:200)
	at com.kms.katalon.core.main.TestSuiteExecutor.accessTestCaseMainPhase(TestSuiteExecutor.java:129)
	at com.kms.katalon.core.main.TestSuiteExecutor.accessTestSuiteMainPhase(TestSuiteExecutor.java:112)
	at com.kms.katalon.core.main.TestSuiteExecutor.execute(TestSuiteExecutor.java:81)
	at com.kms.katalon.core.main.TestCaseMain.startTestSuite(TestCaseMain.java:142)
	at com.kms.katalon.core.main.TestCaseMain$startTestSuite$0.call(Unknown Source)
	at org.codehaus.groovy.runtime.callsite.CallSiteArray.defaultCall(CallSiteArray.java:48)
	at org.codehaus.groovy.runtime.callsite.AbstractCallSite.call(AbstractCallSite.java:113)
	at org.codehaus.groovy.runtime.callsite.AbstractCallSite.call(AbstractCallSite.java:141)
	at TempTestSuite1537937721688.run(TempTestSuite1537937721688.groovy:36)
	at groovy.lang.GroovyShell.runScriptOrMainOrTestOrRunnable(GroovyShell.java:263)
	at groovy.lang.GroovyShell.run(GroovyShell.java:518)
	at groovy.lang.GroovyShell.run(GroovyShell.java:507)
	at groovy.ui.GroovyMain.processOnce(GroovyMain.java:653)
	at groovy.ui.GroovyMain.run(GroovyMain.java:384)
	at groovy.ui.GroovyMain.process(GroovyMain.java:370)
	at groovy.ui.GroovyMain.processArgs(GroovyMain.java:129)
	at groovy.ui.GroovyMain.main(GroovyMain.java:109)
	at sun.reflect.NativeMethodAccessorImpl.invoke0(Native Method)
	at sun.reflect.NativeMethodAccessorImpl.invoke(NativeMethodAccessorImpl.java:62)
	at sun.reflect.DelegatingMethodAccessorImpl.invoke(DelegatingMethodAccessorImpl.java:43)
	at java.lang.reflect.Method.invoke(Method.java:498)
	at org.codehaus.groovy.tools.GroovyStarter.rootLoader(GroovyStarter.java:109)
	at org.codehaus.groovy.tools.GroovyStarter.main(GroovyStarter.java:131)
)"/>
         <system-out><![CDATA[2018-09-26 11:07:01 - [TEST_CASE][FAILED] - Test Cases/nc_cp_login_test: Test Cases/nc_cp_login_test FAILED because (of) (Stack trace: com.kms.katalon.core.exception.StepFailedException: Unable to verify object 'Object Repository/Page_Metafour User Login/div_Sorry login failed' is not present (Root cause: Web element with id: 'Object Repository/Page_Metafour User Login/div_Sorry login failed' located by 'By.xpath: //div[@id='customerrormessagediv']' is present after '30' second(s))
	at com.kms.katalon.core.keyword.internal.KeywordMain.stepFailed(KeywordMain.groovy:36)
	at com.kms.katalon.core.webui.keyword.internal.WebUIKeywordMain.stepFailed(WebUIKeywordMain.groovy:65)
	at com.kms.katalon.core.webui.keyword.internal.WebUIKeywordMain.runKeyword(WebUIKeywordMain.groovy:27)
	at com.kms.katalon.core.webui.keyword.builtin.VerifyElementNotPresentKeyword.verifyElementNotPresent(VerifyElementNotPresentKeyword.groovy:118)
	at com.kms.katalon.core.webui.keyword.builtin.VerifyElementNotPresentKeyword.execute(VerifyElementNotPresentKeyword.groovy:68)
	at com.kms.katalon.core.keyword.internal.KeywordExecutor.executeKeywordForPlatform(KeywordExecutor.groovy:53)
	at com.kms.katalon.core.webui.keyword.WebUiBuiltInKeywords.verifyElementNotPresent(WebUiBuiltInKeywords.groovy:1467)
	at com.kms.katalon.core.webui.keyword.WebUiBuiltInKeywords$verifyElementNotPresent$3.call(Unknown Source)
	at Script1537190043452.run(Script1537190043452.groovy:31)
	at com.kms.katalon.core.main.ScriptEngine.run(ScriptEngine.java:183)
	at com.kms.katalon.core.main.ScriptEngine.runScriptAsRawText(ScriptEngine.java:108)
	at com.kms.katalon.core.main.TestCaseExecutor.runScript(TestCaseExecutor.java:294)
	at com.kms.katalon.core.main.TestCaseExecutor.doExecute(TestCaseExecutor.java:285)
	at com.kms.katalon.core.main.TestCaseExecutor.processExecutionPhase(TestCaseExecutor.java:264)
	at com.kms.katalon.core.main.TestCaseExecutor.accessMainPhase(TestCaseExecutor.java:256)
	at com.kms.katalon.core.main.TestCaseExecutor.execute(TestCaseExecutor.java:200)
	at com.kms.katalon.core.main.TestSuiteExecutor.accessTestCaseMainPhase(TestSuiteExecutor.java:129)
	at com.kms.katalon.core.main.TestSuiteExecutor.accessTestSuiteMainPhase(TestSuiteExecutor.java:112)
	at com.kms.katalon.core.main.TestSuiteExecutor.execute(TestSuiteExecutor.java:81)
	at com.kms.katalon.core.main.TestCaseMain.startTestSuite(TestCaseMain.java:142)
	at com.kms.katalon.core.main.TestCaseMain$startTestSuite$0.call(Unknown Source)
	at org.codehaus.groovy.runtime.callsite.CallSiteArray.defaultCall(CallSiteArray.java:48)
	at org.codehaus.groovy.runtime.callsite.AbstractCallSite.call(AbstractCallSite.java:113)
	at org.codehaus.groovy.runtime.callsite.AbstractCallSite.call(AbstractCallSite.java:141)
	at TempTestSuite1537937721688.run(TempTestSuite1537937721688.groovy:36)
	at groovy.lang.GroovyShell.runScriptOrMainOrTestOrRunnable(GroovyShell.java:263)
	at groovy.lang.GroovyShell.run(GroovyShell.java:518)
	at groovy.lang.GroovyShell.run(GroovyShell.java:507)
	at groovy.ui.GroovyMain.processOnce(GroovyMain.java:653)
	at groovy.ui.GroovyMain.run(GroovyMain.java:384)
	at groovy.ui.GroovyMain.process(GroovyMain.java:370)
	at groovy.ui.GroovyMain.processArgs(GroovyMain.java:129)
	at groovy.ui.GroovyMain.main(GroovyMain.java:109)
	at sun.reflect.NativeMethodAccessorImpl.invoke0(Native Method)
	at sun.reflect.NativeMethodAccessorImpl.invoke(NativeMethodAccessorImpl.java:62)
	at sun.reflect.DelegatingMethodAccessorImpl.invoke(DelegatingMethodAccessorImpl.java:43)
	at java.lang.reflect.Method.invoke(Method.java:498)
	at org.codehaus.groovy.tools.GroovyStarter.rootLoader(GroovyStarter.java:109)
	at org.codehaus.groovy.tools.GroovyStarter.main(GroovyStarter.java:131)
)

2018-09-26 11:07:01 - [TEST_STEP][PASSED] - openBrowser: Browser is opened with url: 'https://simplyparcel.netcourier.net/metafour-auth/authenticate?appId=clon&accessCode=&continue=/online/authenticated'

2018-09-26 11:07:07 - [MESSAGE][PASSED] - Browser is opened with url: 'https://simplyparcel.netcourier.net/metafour-auth/authenticate?appId=clon&accessCode=&continue=/online/authenticated'

2018-09-26 11:07:07 - [TEST_STEP][PASSED] - navigateToUrl: Navigate to 'https://simplyparcel.netcourier.net/metafour-auth/authenticate?appId=clon&accessCode=&continue=/online/authenticated' successfully

2018-09-26 11:07:07 - [MESSAGE][PASSED] - Navigate to 'https://simplyparcel.netcourier.net/metafour-auth/authenticate?appId=clon&accessCode=&continue=/online/authenticated' successfully

2018-09-26 11:07:07 - [TEST_STEP][PASSED] - setText: Text 'M4' is set on object 'Object Repository/Page_Metafour User Login/input_Login_access_code'

2018-09-26 11:07:07 - [MESSAGE][PASSED] - Text 'M4' is set on object 'Object Repository/Page_Metafour User Login/input_Login_access_code'

2018-09-26 11:07:07 - [TEST_STEP][PASSED] - setText: Text 'Jony' is set on object 'Object Repository/Page_Metafour User Login/input_Login_login'

2018-09-26 11:07:07 - [MESSAGE][PASSED] - Text 'Jony' is set on object 'Object Repository/Page_Metafour User Login/input_Login_login'

2018-09-26 11:07:07 - [TEST_STEP][PASSED] - setText: Text '1234' is set on object 'Object Repository/Page_Metafour User Login/input_Login_j_password'

2018-09-26 11:07:07 - [MESSAGE][PASSED] - Text '1234' is set on object 'Object Repository/Page_Metafour User Login/input_Login_j_password'

2018-09-26 11:07:07 - [TEST_STEP][PASSED] - click: Object: 'Object Repository/Page_Metafour User Login/button_Sign in' is clicked on

2018-09-26 11:07:08 - [MESSAGE][PASSED] - Object: 'Object Repository/Page_Metafour User Login/button_Sign in' is clicked on

2018-09-26 11:07:08 - [TEST_STEP][PASSED] - delay: Delayed 3 second(s)

2018-09-26 11:07:11 - [MESSAGE][PASSED] - Delayed 3 second(s)

2018-09-26 11:07:11 - [TEST_STEP][FAILED] - verifyElementNotPresent: Unable to verify object 'Object Repository/Page_Metafour User Login/div_Sorry login failed' is not present (Root cause: Web element with id: 'Object Repository/Page_Metafour User Login/div_Sorry login failed' located by 'By.xpath: //div[@id='customerrormessagediv']' is present after '30' second(s))

2018-09-26 11:07:11 - [MESSAGE][WARNING] - Timeout '0' is invalid. Using default page load timeout: '30'

2018-09-26 11:07:42 - [MESSAGE][FAILED] - Web element with id: 'Object Repository/Page_Metafour User Login/div_Sorry login failed' located by 'By.xpath: //div[@id='customerrormessagediv']' is present after '30' second(s)
[[ATTACHMENT|C:\\Users\\mazha\\Katalon Studio\\m4-monitoring\\Reports\\nc-cp-bo-login-test-suit\\20180926_105521\\1537938462299.png]]

2018-09-26 11:07:42 - [MESSAGE][FAILED] - Unable to verify object 'Object Repository/Page_Metafour User Login/div_Sorry login failed' is not present (Root cause: Web element with id: 'Object Repository/Page_Metafour User Login/div_Sorry login failed' located by 'By.xpath: //div[@id='customerrormessagediv']' is present after '30' second(s))
[[ATTACHMENT|C:\\Users\\mazha\\Katalon Studio\\m4-monitoring\\Reports\\nc-cp-bo-login-test-suit\\20180926_105521\\1537938462557.png]]]]></system-out>
         <system-err><![CDATA[2018-09-26 11:07:01 - [TEST_CASE][FAILED] - Test Cases/nc_cp_login_test: Test Cases/nc_cp_login_test FAILED because (of) (Stack trace: com.kms.katalon.core.exception.StepFailedException: Unable to verify object 'Object Repository/Page_Metafour User Login/div_Sorry login failed' is not present (Root cause: Web element with id: 'Object Repository/Page_Metafour User Login/div_Sorry login failed' located by 'By.xpath: //div[@id='customerrormessagediv']' is present after '30' second(s))
	at com.kms.katalon.core.keyword.internal.KeywordMain.stepFailed(KeywordMain.groovy:36)
	at com.kms.katalon.core.webui.keyword.internal.WebUIKeywordMain.stepFailed(WebUIKeywordMain.groovy:65)
	at com.kms.katalon.core.webui.keyword.internal.WebUIKeywordMain.runKeyword(WebUIKeywordMain.groovy:27)
	at com.kms.katalon.core.webui.keyword.builtin.VerifyElementNotPresentKeyword.verifyElementNotPresent(VerifyElementNotPresentKeyword.groovy:118)
	at com.kms.katalon.core.webui.keyword.builtin.VerifyElementNotPresentKeyword.execute(VerifyElementNotPresentKeyword.groovy:68)
	at com.kms.katalon.core.keyword.internal.KeywordExecutor.executeKeywordForPlatform(KeywordExecutor.groovy:53)
	at com.kms.katalon.core.webui.keyword.WebUiBuiltInKeywords.verifyElementNotPresent(WebUiBuiltInKeywords.groovy:1467)
	at com.kms.katalon.core.webui.keyword.WebUiBuiltInKeywords$verifyElementNotPresent$3.call(Unknown Source)
	at Script1537190043452.run(Script1537190043452.groovy:31)
	at com.kms.katalon.core.main.ScriptEngine.run(ScriptEngine.java:183)
	at com.kms.katalon.core.main.ScriptEngine.runScriptAsRawText(ScriptEngine.java:108)
	at com.kms.katalon.core.main.TestCaseExecutor.runScript(TestCaseExecutor.java:294)
	at com.kms.katalon.core.main.TestCaseExecutor.doExecute(TestCaseExecutor.java:285)
	at com.kms.katalon.core.main.TestCaseExecutor.processExecutionPhase(TestCaseExecutor.java:264)
	at com.kms.katalon.core.main.TestCaseExecutor.accessMainPhase(TestCaseExecutor.java:256)
	at com.kms.katalon.core.main.TestCaseExecutor.execute(TestCaseExecutor.java:200)
	at com.kms.katalon.core.main.TestSuiteExecutor.accessTestCaseMainPhase(TestSuiteExecutor.java:129)
	at com.kms.katalon.core.main.TestSuiteExecutor.accessTestSuiteMainPhase(TestSuiteExecutor.java:112)
	at com.kms.katalon.core.main.TestSuiteExecutor.execute(TestSuiteExecutor.java:81)
	at com.kms.katalon.core.main.TestCaseMain.startTestSuite(TestCaseMain.java:142)
	at com.kms.katalon.core.main.TestCaseMain$startTestSuite$0.call(Unknown Source)
	at org.codehaus.groovy.runtime.callsite.CallSiteArray.defaultCall(CallSiteArray.java:48)
	at org.codehaus.groovy.runtime.callsite.AbstractCallSite.call(AbstractCallSite.java:113)
	at org.codehaus.groovy.runtime.callsite.AbstractCallSite.call(AbstractCallSite.java:141)
	at TempTestSuite1537937721688.run(TempTestSuite1537937721688.groovy:36)
	at groovy.lang.GroovyShell.runScriptOrMainOrTestOrRunnable(GroovyShell.java:263)
	at groovy.lang.GroovyShell.run(GroovyShell.java:518)
	at groovy.lang.GroovyShell.run(GroovyShell.java:507)
	at groovy.ui.GroovyMain.processOnce(GroovyMain.java:653)
	at groovy.ui.GroovyMain.run(GroovyMain.java:384)
	at groovy.ui.GroovyMain.process(GroovyMain.java:370)
	at groovy.ui.GroovyMain.processArgs(GroovyMain.java:129)
	at groovy.ui.GroovyMain.main(GroovyMain.java:109)
	at sun.reflect.NativeMethodAccessorImpl.invoke0(Native Method)
	at sun.reflect.NativeMethodAccessorImpl.invoke(NativeMethodAccessorImpl.java:62)
	at sun.reflect.DelegatingMethodAccessorImpl.invoke(DelegatingMethodAccessorImpl.java:43)
	at java.lang.reflect.Method.invoke(Method.java:498)
	at org.codehaus.groovy.tools.GroovyStarter.rootLoader(GroovyStarter.java:109)
	at org.codehaus.groovy.tools.GroovyStarter.main(GroovyStarter.java:131)
)]]></system-err>
      </testcase>
      <testcase name="Test Cases/nc_cp_login_test" classname="Test Cases/nc_cp_login_test" status="PASSED">
         <system-out><![CDATA[2018-09-26 11:07:42 - [TEST_CASE][PASSED] - Test Cases/nc_cp_login_test: Test Cases/nc_cp_login_test

2018-09-26 11:07:42 - [TEST_STEP][PASSED] - openBrowser: Browser is opened with url: 'https://tcc.netcourier.net/metafour-auth/authenticate?appId=clon&accessCode=&continue=/online/authenticated'

2018-09-26 11:07:42 - [MESSAGE][WARNING] - A browser is already opened. Closing browser and opening a new one

2018-09-26 11:07:56 - [MESSAGE][PASSED] - Browser is opened with url: 'https://tcc.netcourier.net/metafour-auth/authenticate?appId=clon&accessCode=&continue=/online/authenticated'

2018-09-26 11:07:56 - [TEST_STEP][PASSED] - navigateToUrl: Navigate to 'https://tcc.netcourier.net/metafour-auth/authenticate?appId=clon&accessCode=&continue=/online/authenticated' successfully

2018-09-26 11:07:56 - [MESSAGE][PASSED] - Navigate to 'https://tcc.netcourier.net/metafour-auth/authenticate?appId=clon&accessCode=&continue=/online/authenticated' successfully

2018-09-26 11:07:56 - [TEST_STEP][PASSED] - setText: Text 'dummy2' is set on object 'Object Repository/Page_Metafour User Login/input_Login_access_code'

2018-09-26 11:07:57 - [MESSAGE][PASSED] - Text 'dummy2' is set on object 'Object Repository/Page_Metafour User Login/input_Login_access_code'

2018-09-26 11:07:57 - [TEST_STEP][PASSED] - setText: Text 'Hasan' is set on object 'Object Repository/Page_Metafour User Login/input_Login_login'

2018-09-26 11:07:57 - [MESSAGE][PASSED] - Text 'Hasan' is set on object 'Object Repository/Page_Metafour User Login/input_Login_login'

2018-09-26 11:07:57 - [TEST_STEP][PASSED] - setText: Text 'hasan' is set on object 'Object Repository/Page_Metafour User Login/input_Login_j_password'

2018-09-26 11:07:57 - [MESSAGE][PASSED] - Text 'hasan' is set on object 'Object Repository/Page_Metafour User Login/input_Login_j_password'

2018-09-26 11:07:57 - [TEST_STEP][PASSED] - click: Object: 'Object Repository/Page_Metafour User Login/button_Sign in' is clicked on

2018-09-26 11:08:01 - [MESSAGE][PASSED] - Object: 'Object Repository/Page_Metafour User Login/button_Sign in' is clicked on

2018-09-26 11:08:01 - [TEST_STEP][PASSED] - delay: Delayed 3 second(s)

2018-09-26 11:08:04 - [MESSAGE][PASSED] - Delayed 3 second(s)

2018-09-26 11:08:04 - [TEST_STEP][PASSED] - verifyElementNotPresent: Web element with id: 'Object Repository/Page_Metafour User Login/div_Sorry login failed' located by 'By.xpath: //div[@id='customerrormessagediv']' is not present after '30' second(s)

2018-09-26 11:08:04 - [MESSAGE][WARNING] - Timeout '0' is invalid. Using default page load timeout: '30'

2018-09-26 11:08:04 - [MESSAGE][PASSED] - Web element with id: 'Object Repository/Page_Metafour User Login/div_Sorry login failed' located by 'By.xpath: //div[@id='customerrormessagediv']' is not present after '30' second(s)

2018-09-26 11:08:04 - [TEST_STEP][PASSED] - closeBrowser: Browser is closed

2018-09-26 11:08:04 - [MESSAGE][PASSED] - Browser is closed]]></system-out>
         <system-err><![CDATA[]]></system-err>
      </testcase>
      <testcase name="Test Cases/nc_cp_login_test" classname="Test Cases/nc_cp_login_test" status="PASSED">
         <system-out><![CDATA[2018-09-26 11:08:04 - [TEST_CASE][PASSED] - Test Cases/nc_cp_login_test: Test Cases/nc_cp_login_test

2018-09-26 11:08:04 - [TEST_STEP][PASSED] - openBrowser: Browser is opened with url: 'https://shard.netcourier.net/metafour-auth/authenticate?appId=clon&accessCode=&continue=/online/authenticated'

2018-09-26 11:08:10 - [MESSAGE][PASSED] - Browser is opened with url: 'https://shard.netcourier.net/metafour-auth/authenticate?appId=clon&accessCode=&continue=/online/authenticated'

2018-09-26 11:08:10 - [TEST_STEP][PASSED] - navigateToUrl: Navigate to 'https://shard.netcourier.net/metafour-auth/authenticate?appId=clon&accessCode=&continue=/online/authenticated' successfully

2018-09-26 11:08:10 - [MESSAGE][PASSED] - Navigate to 'https://shard.netcourier.net/metafour-auth/authenticate?appId=clon&accessCode=&continue=/online/authenticated' successfully

2018-09-26 11:08:10 - [TEST_STEP][PASSED] - setText: Text 'dummy' is set on object 'Object Repository/Page_Metafour User Login/input_Login_access_code'

2018-09-26 11:08:10 - [MESSAGE][PASSED] - Text 'dummy' is set on object 'Object Repository/Page_Metafour User Login/input_Login_access_code'

2018-09-26 11:08:10 - [TEST_STEP][PASSED] - setText: Text 'clon' is set on object 'Object Repository/Page_Metafour User Login/input_Login_login'

2018-09-26 11:08:10 - [MESSAGE][PASSED] - Text 'clon' is set on object 'Object Repository/Page_Metafour User Login/input_Login_login'

2018-09-26 11:08:10 - [TEST_STEP][PASSED] - setText: Text 'clon' is set on object 'Object Repository/Page_Metafour User Login/input_Login_j_password'

2018-09-26 11:08:10 - [MESSAGE][PASSED] - Text 'clon' is set on object 'Object Repository/Page_Metafour User Login/input_Login_j_password'

2018-09-26 11:08:10 - [TEST_STEP][PASSED] - click: Object: 'Object Repository/Page_Metafour User Login/button_Sign in' is clicked on

2018-09-26 11:08:14 - [MESSAGE][PASSED] - Object: 'Object Repository/Page_Metafour User Login/button_Sign in' is clicked on

2018-09-26 11:08:14 - [TEST_STEP][PASSED] - delay: Delayed 3 second(s)

2018-09-26 11:08:17 - [MESSAGE][PASSED] - Delayed 3 second(s)

2018-09-26 11:08:17 - [TEST_STEP][PASSED] - verifyElementNotPresent: Web element with id: 'Object Repository/Page_Metafour User Login/div_Sorry login failed' located by 'By.xpath: //div[@id='customerrormessagediv']' is not present after '30' second(s)

2018-09-26 11:08:17 - [MESSAGE][WARNING] - Timeout '0' is invalid. Using default page load timeout: '30'

2018-09-26 11:08:17 - [MESSAGE][PASSED] - Web element with id: 'Object Repository/Page_Metafour User Login/div_Sorry login failed' located by 'By.xpath: //div[@id='customerrormessagediv']' is not present after '30' second(s)

2018-09-26 11:08:17 - [TEST_STEP][PASSED] - closeBrowser: Browser is closed

2018-09-26 11:08:18 - [MESSAGE][PASSED] - Browser is closed]]></system-out>
         <system-err><![CDATA[]]></system-err>
      </testcase>
      <testcase name="Test Cases/nc_cp_login_test" classname="Test Cases/nc_cp_login_test" status="PASSED">
         <system-out><![CDATA[2018-09-26 11:08:18 - [TEST_CASE][PASSED] - Test Cases/nc_cp_login_test: Test Cases/nc_cp_login_test

2018-09-26 11:08:18 - [TEST_STEP][PASSED] - openBrowser: Browser is opened with url: 'https://tde.netcourier.net/metafour-auth/authenticate?appId=clon&accessCode=&continue=/online/authenticated'

2018-09-26 11:08:25 - [MESSAGE][PASSED] - Browser is opened with url: 'https://tde.netcourier.net/metafour-auth/authenticate?appId=clon&accessCode=&continue=/online/authenticated'

2018-09-26 11:08:25 - [TEST_STEP][PASSED] - navigateToUrl: Navigate to 'https://tde.netcourier.net/metafour-auth/authenticate?appId=clon&accessCode=&continue=/online/authenticated' successfully

2018-09-26 11:08:25 - [MESSAGE][PASSED] - Navigate to 'https://tde.netcourier.net/metafour-auth/authenticate?appId=clon&accessCode=&continue=/online/authenticated' successfully

2018-09-26 11:08:25 - [TEST_STEP][PASSED] - setText: Text 'M4' is set on object 'Object Repository/Page_Metafour User Login/input_Login_access_code'

2018-09-26 11:08:25 - [MESSAGE][PASSED] - Text 'M4' is set on object 'Object Repository/Page_Metafour User Login/input_Login_access_code'

2018-09-26 11:08:25 - [TEST_STEP][PASSED] - setText: Text 'Jony' is set on object 'Object Repository/Page_Metafour User Login/input_Login_login'

2018-09-26 11:08:26 - [MESSAGE][PASSED] - Text 'Jony' is set on object 'Object Repository/Page_Metafour User Login/input_Login_login'

2018-09-26 11:08:26 - [TEST_STEP][PASSED] - setText: Text '1234' is set on object 'Object Repository/Page_Metafour User Login/input_Login_j_password'

2018-09-26 11:08:26 - [MESSAGE][PASSED] - Text '1234' is set on object 'Object Repository/Page_Metafour User Login/input_Login_j_password'

2018-09-26 11:08:26 - [TEST_STEP][PASSED] - click: Object: 'Object Repository/Page_Metafour User Login/button_Sign in' is clicked on

2018-09-26 11:08:32 - [MESSAGE][PASSED] - Object: 'Object Repository/Page_Metafour User Login/button_Sign in' is clicked on

2018-09-26 11:08:32 - [TEST_STEP][PASSED] - delay: Delayed 3 second(s)

2018-09-26 11:08:35 - [MESSAGE][PASSED] - Delayed 3 second(s)

2018-09-26 11:08:35 - [TEST_STEP][PASSED] - verifyElementNotPresent: Web element with id: 'Object Repository/Page_Metafour User Login/div_Sorry login failed' located by 'By.xpath: //div[@id='customerrormessagediv']' is not present after '30' second(s)

2018-09-26 11:08:35 - [MESSAGE][WARNING] - Timeout '0' is invalid. Using default page load timeout: '30'

2018-09-26 11:08:35 - [MESSAGE][PASSED] - Web element with id: 'Object Repository/Page_Metafour User Login/div_Sorry login failed' located by 'By.xpath: //div[@id='customerrormessagediv']' is not present after '30' second(s)

2018-09-26 11:08:35 - [TEST_STEP][PASSED] - closeBrowser: Browser is closed

2018-09-26 11:08:35 - [MESSAGE][PASSED] - Browser is closed]]></system-out>
         <system-err><![CDATA[]]></system-err>
      </testcase>
      <testcase name="Test Cases/nc_cp_login_test" classname="Test Cases/nc_cp_login_test" status="PASSED">
         <system-out><![CDATA[2018-09-26 11:08:35 - [TEST_CASE][PASSED] - Test Cases/nc_cp_login_test: Test Cases/nc_cp_login_test

2018-09-26 11:08:35 - [TEST_STEP][PASSED] - openBrowser: Browser is opened with url: 'https://titan.netcourier.net/metafour-auth/authenticate?appId=clon&accessCode=&continue=/online/authenticated'

2018-09-26 11:08:41 - [MESSAGE][PASSED] - Browser is opened with url: 'https://titan.netcourier.net/metafour-auth/authenticate?appId=clon&accessCode=&continue=/online/authenticated'

2018-09-26 11:08:41 - [TEST_STEP][PASSED] - navigateToUrl: Navigate to 'https://titan.netcourier.net/metafour-auth/authenticate?appId=clon&accessCode=&continue=/online/authenticated' successfully

2018-09-26 11:08:41 - [MESSAGE][PASSED] - Navigate to 'https://titan.netcourier.net/metafour-auth/authenticate?appId=clon&accessCode=&continue=/online/authenticated' successfully

2018-09-26 11:08:41 - [TEST_STEP][PASSED] - setText: Text 'dummy' is set on object 'Object Repository/Page_Metafour User Login/input_Login_access_code'

2018-09-26 11:08:41 - [MESSAGE][PASSED] - Text 'dummy' is set on object 'Object Repository/Page_Metafour User Login/input_Login_access_code'

2018-09-26 11:08:41 - [TEST_STEP][PASSED] - setText: Text 'clon' is set on object 'Object Repository/Page_Metafour User Login/input_Login_login'

2018-09-26 11:08:41 - [MESSAGE][PASSED] - Text 'clon' is set on object 'Object Repository/Page_Metafour User Login/input_Login_login'

2018-09-26 11:08:41 - [TEST_STEP][PASSED] - setText: Text 'clon' is set on object 'Object Repository/Page_Metafour User Login/input_Login_j_password'

2018-09-26 11:08:41 - [MESSAGE][PASSED] - Text 'clon' is set on object 'Object Repository/Page_Metafour User Login/input_Login_j_password'

2018-09-26 11:08:41 - [TEST_STEP][PASSED] - click: Object: 'Object Repository/Page_Metafour User Login/button_Sign in' is clicked on

2018-09-26 11:08:45 - [MESSAGE][PASSED] - Object: 'Object Repository/Page_Metafour User Login/button_Sign in' is clicked on

2018-09-26 11:08:45 - [TEST_STEP][PASSED] - delay: Delayed 3 second(s)

2018-09-26 11:08:48 - [MESSAGE][PASSED] - Delayed 3 second(s)

2018-09-26 11:08:48 - [TEST_STEP][PASSED] - verifyElementNotPresent: Web element with id: 'Object Repository/Page_Metafour User Login/div_Sorry login failed' located by 'By.xpath: //div[@id='customerrormessagediv']' is not present after '30' second(s)

2018-09-26 11:08:48 - [MESSAGE][WARNING] - Timeout '0' is invalid. Using default page load timeout: '30'

2018-09-26 11:08:48 - [MESSAGE][PASSED] - Web element with id: 'Object Repository/Page_Metafour User Login/div_Sorry login failed' located by 'By.xpath: //div[@id='customerrormessagediv']' is not present after '30' second(s)

2018-09-26 11:08:48 - [TEST_STEP][PASSED] - closeBrowser: Browser is closed

2018-09-26 11:08:48 - [MESSAGE][PASSED] - Browser is closed]]></system-out>
         <system-err><![CDATA[]]></system-err>
      </testcase>
      <testcase name="Test Cases/nc_cp_login_test" classname="Test Cases/nc_cp_login_test" status="PASSED">
         <system-out><![CDATA[2018-09-26 11:08:48 - [TEST_CASE][PASSED] - Test Cases/nc_cp_login_test: Test Cases/nc_cp_login_test

2018-09-26 11:08:48 - [TEST_STEP][PASSED] - openBrowser: Browser is opened with url: 'https://topflight.netcourier.net/metafour-auth/authenticate?appId=clon&accessCode=&continue=/online/authenticated'

2018-09-26 11:08:59 - [MESSAGE][PASSED] - Browser is opened with url: 'https://topflight.netcourier.net/metafour-auth/authenticate?appId=clon&accessCode=&continue=/online/authenticated'

2018-09-26 11:08:59 - [TEST_STEP][PASSED] - navigateToUrl: Navigate to 'https://topflight.netcourier.net/metafour-auth/authenticate?appId=clon&accessCode=&continue=/online/authenticated' successfully

2018-09-26 11:08:59 - [MESSAGE][PASSED] - Navigate to 'https://topflight.netcourier.net/metafour-auth/authenticate?appId=clon&accessCode=&continue=/online/authenticated' successfully

2018-09-26 11:08:59 - [TEST_STEP][PASSED] - setText: Text 'dummy' is set on object 'Object Repository/Page_Metafour User Login/input_Login_access_code'

2018-09-26 11:08:59 - [MESSAGE][PASSED] - Text 'dummy' is set on object 'Object Repository/Page_Metafour User Login/input_Login_access_code'

2018-09-26 11:08:59 - [TEST_STEP][PASSED] - setText: Text 'clon' is set on object 'Object Repository/Page_Metafour User Login/input_Login_login'

2018-09-26 11:08:59 - [MESSAGE][PASSED] - Text 'clon' is set on object 'Object Repository/Page_Metafour User Login/input_Login_login'

2018-09-26 11:08:59 - [TEST_STEP][PASSED] - setText: Text 'clon' is set on object 'Object Repository/Page_Metafour User Login/input_Login_j_password'

2018-09-26 11:08:59 - [MESSAGE][PASSED] - Text 'clon' is set on object 'Object Repository/Page_Metafour User Login/input_Login_j_password'

2018-09-26 11:08:59 - [TEST_STEP][PASSED] - click: Object: 'Object Repository/Page_Metafour User Login/button_Sign in' is clicked on

2018-09-26 11:09:03 - [MESSAGE][PASSED] - Object: 'Object Repository/Page_Metafour User Login/button_Sign in' is clicked on

2018-09-26 11:09:03 - [TEST_STEP][PASSED] - delay: Delayed 3 second(s)

2018-09-26 11:09:06 - [MESSAGE][PASSED] - Delayed 3 second(s)

2018-09-26 11:09:06 - [TEST_STEP][PASSED] - verifyElementNotPresent: Web element with id: 'Object Repository/Page_Metafour User Login/div_Sorry login failed' located by 'By.xpath: //div[@id='customerrormessagediv']' is not present after '30' second(s)

2018-09-26 11:09:06 - [MESSAGE][WARNING] - Timeout '0' is invalid. Using default page load timeout: '30'

2018-09-26 11:09:06 - [MESSAGE][PASSED] - Web element with id: 'Object Repository/Page_Metafour User Login/div_Sorry login failed' located by 'By.xpath: //div[@id='customerrormessagediv']' is not present after '30' second(s)

2018-09-26 11:09:06 - [TEST_STEP][PASSED] - closeBrowser: Browser is closed

2018-09-26 11:09:07 - [MESSAGE][PASSED] - Browser is closed]]></system-out>
         <system-err><![CDATA[]]></system-err>
      </testcase>
      <testcase name="Test Cases/nc_cp_login_test" classname="Test Cases/nc_cp_login_test" status="PASSED">
         <system-out><![CDATA[2018-09-26 11:09:07 - [TEST_CASE][PASSED] - Test Cases/nc_cp_login_test: Test Cases/nc_cp_login_test

2018-09-26 11:09:07 - [TEST_STEP][PASSED] - openBrowser: Browser is opened with url: 'http://transworld.netcourier.net/metafour-auth/authenticate?appId=clon&accessCode=&continue=/online/authenticated'

2018-09-26 11:09:11 - [MESSAGE][PASSED] - Browser is opened with url: 'http://transworld.netcourier.net/metafour-auth/authenticate?appId=clon&accessCode=&continue=/online/authenticated'

2018-09-26 11:09:11 - [TEST_STEP][PASSED] - navigateToUrl: Navigate to 'http://transworld.netcourier.net/metafour-auth/authenticate?appId=clon&accessCode=&continue=/online/authenticated' successfully

2018-09-26 11:09:12 - [MESSAGE][PASSED] - Navigate to 'http://transworld.netcourier.net/metafour-auth/authenticate?appId=clon&accessCode=&continue=/online/authenticated' successfully

2018-09-26 11:09:12 - [TEST_STEP][PASSED] - setText: Text 'dummy' is set on object 'Object Repository/Page_Metafour User Login/input_Login_access_code'

2018-09-26 11:09:12 - [MESSAGE][PASSED] - Text 'dummy' is set on object 'Object Repository/Page_Metafour User Login/input_Login_access_code'

2018-09-26 11:09:12 - [TEST_STEP][PASSED] - setText: Text 'clon' is set on object 'Object Repository/Page_Metafour User Login/input_Login_login'

2018-09-26 11:09:12 - [MESSAGE][PASSED] - Text 'clon' is set on object 'Object Repository/Page_Metafour User Login/input_Login_login'

2018-09-26 11:09:12 - [TEST_STEP][PASSED] - setText: Text 'clon' is set on object 'Object Repository/Page_Metafour User Login/input_Login_j_password'

2018-09-26 11:09:12 - [MESSAGE][PASSED] - Text 'clon' is set on object 'Object Repository/Page_Metafour User Login/input_Login_j_password'

2018-09-26 11:09:12 - [TEST_STEP][PASSED] - click: Object: 'Object Repository/Page_Metafour User Login/button_Sign in' is clicked on

2018-09-26 11:09:27 - [MESSAGE][PASSED] - Object: 'Object Repository/Page_Metafour User Login/button_Sign in' is clicked on

2018-09-26 11:09:27 - [TEST_STEP][PASSED] - delay: Delayed 3 second(s)

2018-09-26 11:09:30 - [MESSAGE][PASSED] - Delayed 3 second(s)

2018-09-26 11:09:30 - [TEST_STEP][PASSED] - verifyElementNotPresent: Web element with id: 'Object Repository/Page_Metafour User Login/div_Sorry login failed' located by 'By.xpath: //div[@id='customerrormessagediv']' is not present after '30' second(s)

2018-09-26 11:09:30 - [MESSAGE][WARNING] - Timeout '0' is invalid. Using default page load timeout: '30'

2018-09-26 11:09:30 - [MESSAGE][PASSED] - Web element with id: 'Object Repository/Page_Metafour User Login/div_Sorry login failed' located by 'By.xpath: //div[@id='customerrormessagediv']' is not present after '30' second(s)

2018-09-26 11:09:30 - [TEST_STEP][PASSED] - closeBrowser: Browser is closed

2018-09-26 11:09:30 - [MESSAGE][PASSED] - Browser is closed]]></system-out>
         <system-err><![CDATA[]]></system-err>
      </testcase>
      <testcase name="Test Cases/nc_cp_login_test" classname="Test Cases/nc_cp_login_test" status="PASSED">
         <system-out><![CDATA[2018-09-26 11:09:30 - [TEST_CASE][PASSED] - Test Cases/nc_cp_login_test: Test Cases/nc_cp_login_test

2018-09-26 11:09:30 - [TEST_STEP][PASSED] - openBrowser: Browser is opened with url: 'https://swisspostsolutions.metafour.com/ub3026/'

2018-09-26 11:09:36 - [MESSAGE][PASSED] - Browser is opened with url: 'https://swisspostsolutions.metafour.com/ub3026/'

2018-09-26 11:09:36 - [TEST_STEP][PASSED] - navigateToUrl: Navigate to 'https://swisspostsolutions.metafour.com/ub3026/' successfully

2018-09-26 11:09:36 - [MESSAGE][PASSED] - Navigate to 'https://swisspostsolutions.metafour.com/ub3026/' successfully

2018-09-26 11:09:36 - [TEST_STEP][PASSED] - setText: Text 'Master' is set on object 'Object Repository/Page_Metafour User Login/input_Login_access_code'

2018-09-26 11:09:41 - [MESSAGE][PASSED] - Text 'Master' is set on object 'Object Repository/Page_Metafour User Login/input_Login_access_code'

2018-09-26 11:09:41 - [TEST_STEP][PASSED] - setText: Text 'Hasan' is set on object 'Object Repository/Page_Metafour User Login/input_Login_login'

2018-09-26 11:09:41 - [MESSAGE][PASSED] - Text 'Hasan' is set on object 'Object Repository/Page_Metafour User Login/input_Login_login'

2018-09-26 11:09:41 - [TEST_STEP][PASSED] - setText: Text 'hasan' is set on object 'Object Repository/Page_Metafour User Login/input_Login_j_password'

2018-09-26 11:09:41 - [MESSAGE][PASSED] - Text 'hasan' is set on object 'Object Repository/Page_Metafour User Login/input_Login_j_password'

2018-09-26 11:09:41 - [TEST_STEP][PASSED] - click: Object: 'Object Repository/Page_Metafour User Login/button_Sign in' is clicked on

2018-09-26 11:09:46 - [MESSAGE][PASSED] - Object: 'Object Repository/Page_Metafour User Login/button_Sign in' is clicked on

2018-09-26 11:09:46 - [TEST_STEP][PASSED] - delay: Delayed 3 second(s)

2018-09-26 11:09:49 - [MESSAGE][PASSED] - Delayed 3 second(s)

2018-09-26 11:09:49 - [TEST_STEP][PASSED] - verifyElementNotPresent: Web element with id: 'Object Repository/Page_Metafour User Login/div_Sorry login failed' located by 'By.xpath: //div[@id='customerrormessagediv']' is not present after '30' second(s)

2018-09-26 11:09:49 - [MESSAGE][WARNING] - Timeout '0' is invalid. Using default page load timeout: '30'

2018-09-26 11:09:49 - [MESSAGE][PASSED] - Web element with id: 'Object Repository/Page_Metafour User Login/div_Sorry login failed' located by 'By.xpath: //div[@id='customerrormessagediv']' is not present after '30' second(s)

2018-09-26 11:09:49 - [TEST_STEP][PASSED] - closeBrowser: Browser is closed

2018-09-26 11:09:49 - [MESSAGE][PASSED] - Browser is closed]]></system-out>
         <system-err><![CDATA[]]></system-err>
      </testcase>
      <testcase name="Test Cases/nc_cp_login_test" classname="Test Cases/nc_cp_login_test" status="PASSED">
         <system-out><![CDATA[2018-09-26 11:09:49 - [TEST_CASE][PASSED] - Test Cases/nc_cp_login_test: Test Cases/nc_cp_login_test

2018-09-26 11:09:49 - [TEST_STEP][PASSED] - openBrowser: Browser is opened with url: 'https://swisspostsolutions.metafour.com/ub5249/'

2018-09-26 11:09:55 - [MESSAGE][PASSED] - Browser is opened with url: 'https://swisspostsolutions.metafour.com/ub5249/'

2018-09-26 11:09:55 - [TEST_STEP][PASSED] - navigateToUrl: Navigate to 'https://swisspostsolutions.metafour.com/ub5249/' successfully

2018-09-26 11:09:55 - [MESSAGE][PASSED] - Navigate to 'https://swisspostsolutions.metafour.com/ub5249/' successfully

2018-09-26 11:09:55 - [TEST_STEP][PASSED] - setText: Text 'BARTS' is set on object 'Object Repository/Page_Metafour User Login/input_Login_access_code'

2018-09-26 11:10:00 - [MESSAGE][PASSED] - Text 'BARTS' is set on object 'Object Repository/Page_Metafour User Login/input_Login_access_code'

2018-09-26 11:10:00 - [TEST_STEP][PASSED] - setText: Text 'Jony' is set on object 'Object Repository/Page_Metafour User Login/input_Login_login'

2018-09-26 11:10:00 - [MESSAGE][PASSED] - Text 'Jony' is set on object 'Object Repository/Page_Metafour User Login/input_Login_login'

2018-09-26 11:10:00 - [TEST_STEP][PASSED] - setText: Text '1234' is set on object 'Object Repository/Page_Metafour User Login/input_Login_j_password'

2018-09-26 11:10:00 - [MESSAGE][PASSED] - Text '1234' is set on object 'Object Repository/Page_Metafour User Login/input_Login_j_password'

2018-09-26 11:10:00 - [TEST_STEP][PASSED] - click: Object: 'Object Repository/Page_Metafour User Login/button_Sign in' is clicked on

2018-09-26 11:10:04 - [MESSAGE][PASSED] - Object: 'Object Repository/Page_Metafour User Login/button_Sign in' is clicked on

2018-09-26 11:10:04 - [TEST_STEP][PASSED] - delay: Delayed 3 second(s)

2018-09-26 11:10:07 - [MESSAGE][PASSED] - Delayed 3 second(s)

2018-09-26 11:10:07 - [TEST_STEP][PASSED] - verifyElementNotPresent: Web element with id: 'Object Repository/Page_Metafour User Login/div_Sorry login failed' located by 'By.xpath: //div[@id='customerrormessagediv']' is not present after '30' second(s)

2018-09-26 11:10:07 - [MESSAGE][WARNING] - Timeout '0' is invalid. Using default page load timeout: '30'

2018-09-26 11:10:07 - [MESSAGE][PASSED] - Web element with id: 'Object Repository/Page_Metafour User Login/div_Sorry login failed' located by 'By.xpath: //div[@id='customerrormessagediv']' is not present after '30' second(s)

2018-09-26 11:10:07 - [TEST_STEP][PASSED] - closeBrowser: Browser is closed

2018-09-26 11:10:08 - [MESSAGE][PASSED] - Browser is closed]]></system-out>
         <system-err><![CDATA[]]></system-err>
      </testcase>
      <testcase name="Test Cases/nc_cp_login_test" classname="Test Cases/nc_cp_login_test" status="FAILED">
         <failure type="FAILED" message="(Stack trace: com.kms.katalon.core.exception.StepFailedException: Unable to verify object 'Object Repository/Page_Metafour User Login/div_Sorry login failed' is not present (Root cause: Web element with id: 'Object Repository/Page_Metafour User Login/div_Sorry login failed' located by 'By.xpath: //div[@id='customerrormessagediv']' is present after '30' second(s))
	at com.kms.katalon.core.keyword.internal.KeywordMain.stepFailed(KeywordMain.groovy:36)
	at com.kms.katalon.core.webui.keyword.internal.WebUIKeywordMain.stepFailed(WebUIKeywordMain.groovy:65)
	at com.kms.katalon.core.webui.keyword.internal.WebUIKeywordMain.runKeyword(WebUIKeywordMain.groovy:27)
	at com.kms.katalon.core.webui.keyword.builtin.VerifyElementNotPresentKeyword.verifyElementNotPresent(VerifyElementNotPresentKeyword.groovy:118)
	at com.kms.katalon.core.webui.keyword.builtin.VerifyElementNotPresentKeyword.execute(VerifyElementNotPresentKeyword.groovy:68)
	at com.kms.katalon.core.keyword.internal.KeywordExecutor.executeKeywordForPlatform(KeywordExecutor.groovy:53)
	at com.kms.katalon.core.webui.keyword.WebUiBuiltInKeywords.verifyElementNotPresent(WebUiBuiltInKeywords.groovy:1467)
	at com.kms.katalon.core.webui.keyword.WebUiBuiltInKeywords$verifyElementNotPresent$3.call(Unknown Source)
	at Script1537190043452.run(Script1537190043452.groovy:31)
	at com.kms.katalon.core.main.ScriptEngine.run(ScriptEngine.java:183)
	at com.kms.katalon.core.main.ScriptEngine.runScriptAsRawText(ScriptEngine.java:108)
	at com.kms.katalon.core.main.TestCaseExecutor.runScript(TestCaseExecutor.java:294)
	at com.kms.katalon.core.main.TestCaseExecutor.doExecute(TestCaseExecutor.java:285)
	at com.kms.katalon.core.main.TestCaseExecutor.processExecutionPhase(TestCaseExecutor.java:264)
	at com.kms.katalon.core.main.TestCaseExecutor.accessMainPhase(TestCaseExecutor.java:256)
	at com.kms.katalon.core.main.TestCaseExecutor.execute(TestCaseExecutor.java:200)
	at com.kms.katalon.core.main.TestSuiteExecutor.accessTestCaseMainPhase(TestSuiteExecutor.java:129)
	at com.kms.katalon.core.main.TestSuiteExecutor.accessTestSuiteMainPhase(TestSuiteExecutor.java:112)
	at com.kms.katalon.core.main.TestSuiteExecutor.execute(TestSuiteExecutor.java:81)
	at com.kms.katalon.core.main.TestCaseMain.startTestSuite(TestCaseMain.java:142)
	at com.kms.katalon.core.main.TestCaseMain$startTestSuite$0.call(Unknown Source)
	at org.codehaus.groovy.runtime.callsite.CallSiteArray.defaultCall(CallSiteArray.java:48)
	at org.codehaus.groovy.runtime.callsite.AbstractCallSite.call(AbstractCallSite.java:113)
	at org.codehaus.groovy.runtime.callsite.AbstractCallSite.call(AbstractCallSite.java:141)
	at TempTestSuite1537937721688.run(TempTestSuite1537937721688.groovy:36)
	at groovy.lang.GroovyShell.runScriptOrMainOrTestOrRunnable(GroovyShell.java:263)
	at groovy.lang.GroovyShell.run(GroovyShell.java:518)
	at groovy.lang.GroovyShell.run(GroovyShell.java:507)
	at groovy.ui.GroovyMain.processOnce(GroovyMain.java:653)
	at groovy.ui.GroovyMain.run(GroovyMain.java:384)
	at groovy.ui.GroovyMain.process(GroovyMain.java:370)
	at groovy.ui.GroovyMain.processArgs(GroovyMain.java:129)
	at groovy.ui.GroovyMain.main(GroovyMain.java:109)
	at sun.reflect.NativeMethodAccessorImpl.invoke0(Native Method)
	at sun.reflect.NativeMethodAccessorImpl.invoke(NativeMethodAccessorImpl.java:62)
	at sun.reflect.DelegatingMethodAccessorImpl.invoke(DelegatingMethodAccessorImpl.java:43)
	at java.lang.reflect.Method.invoke(Method.java:498)
	at org.codehaus.groovy.tools.GroovyStarter.rootLoader(GroovyStarter.java:109)
	at org.codehaus.groovy.tools.GroovyStarter.main(GroovyStarter.java:131)
)"/>
         <system-out><![CDATA[2018-09-26 11:10:08 - [TEST_CASE][FAILED] - Test Cases/nc_cp_login_test: Test Cases/nc_cp_login_test FAILED because (of) (Stack trace: com.kms.katalon.core.exception.StepFailedException: Unable to verify object 'Object Repository/Page_Metafour User Login/div_Sorry login failed' is not present (Root cause: Web element with id: 'Object Repository/Page_Metafour User Login/div_Sorry login failed' located by 'By.xpath: //div[@id='customerrormessagediv']' is present after '30' second(s))
	at com.kms.katalon.core.keyword.internal.KeywordMain.stepFailed(KeywordMain.groovy:36)
	at com.kms.katalon.core.webui.keyword.internal.WebUIKeywordMain.stepFailed(WebUIKeywordMain.groovy:65)
	at com.kms.katalon.core.webui.keyword.internal.WebUIKeywordMain.runKeyword(WebUIKeywordMain.groovy:27)
	at com.kms.katalon.core.webui.keyword.builtin.VerifyElementNotPresentKeyword.verifyElementNotPresent(VerifyElementNotPresentKeyword.groovy:118)
	at com.kms.katalon.core.webui.keyword.builtin.VerifyElementNotPresentKeyword.execute(VerifyElementNotPresentKeyword.groovy:68)
	at com.kms.katalon.core.keyword.internal.KeywordExecutor.executeKeywordForPlatform(KeywordExecutor.groovy:53)
	at com.kms.katalon.core.webui.keyword.WebUiBuiltInKeywords.verifyElementNotPresent(WebUiBuiltInKeywords.groovy:1467)
	at com.kms.katalon.core.webui.keyword.WebUiBuiltInKeywords$verifyElementNotPresent$3.call(Unknown Source)
	at Script1537190043452.run(Script1537190043452.groovy:31)
	at com.kms.katalon.core.main.ScriptEngine.run(ScriptEngine.java:183)
	at com.kms.katalon.core.main.ScriptEngine.runScriptAsRawText(ScriptEngine.java:108)
	at com.kms.katalon.core.main.TestCaseExecutor.runScript(TestCaseExecutor.java:294)
	at com.kms.katalon.core.main.TestCaseExecutor.doExecute(TestCaseExecutor.java:285)
	at com.kms.katalon.core.main.TestCaseExecutor.processExecutionPhase(TestCaseExecutor.java:264)
	at com.kms.katalon.core.main.TestCaseExecutor.accessMainPhase(TestCaseExecutor.java:256)
	at com.kms.katalon.core.main.TestCaseExecutor.execute(TestCaseExecutor.java:200)
	at com.kms.katalon.core.main.TestSuiteExecutor.accessTestCaseMainPhase(TestSuiteExecutor.java:129)
	at com.kms.katalon.core.main.TestSuiteExecutor.accessTestSuiteMainPhase(TestSuiteExecutor.java:112)
	at com.kms.katalon.core.main.TestSuiteExecutor.execute(TestSuiteExecutor.java:81)
	at com.kms.katalon.core.main.TestCaseMain.startTestSuite(TestCaseMain.java:142)
	at com.kms.katalon.core.main.TestCaseMain$startTestSuite$0.call(Unknown Source)
	at org.codehaus.groovy.runtime.callsite.CallSiteArray.defaultCall(CallSiteArray.java:48)
	at org.codehaus.groovy.runtime.callsite.AbstractCallSite.call(AbstractCallSite.java:113)
	at org.codehaus.groovy.runtime.callsite.AbstractCallSite.call(AbstractCallSite.java:141)
	at TempTestSuite1537937721688.run(TempTestSuite1537937721688.groovy:36)
	at groovy.lang.GroovyShell.runScriptOrMainOrTestOrRunnable(GroovyShell.java:263)
	at groovy.lang.GroovyShell.run(GroovyShell.java:518)
	at groovy.lang.GroovyShell.run(GroovyShell.java:507)
	at groovy.ui.GroovyMain.processOnce(GroovyMain.java:653)
	at groovy.ui.GroovyMain.run(GroovyMain.java:384)
	at groovy.ui.GroovyMain.process(GroovyMain.java:370)
	at groovy.ui.GroovyMain.processArgs(GroovyMain.java:129)
	at groovy.ui.GroovyMain.main(GroovyMain.java:109)
	at sun.reflect.NativeMethodAccessorImpl.invoke0(Native Method)
	at sun.reflect.NativeMethodAccessorImpl.invoke(NativeMethodAccessorImpl.java:62)
	at sun.reflect.DelegatingMethodAccessorImpl.invoke(DelegatingMethodAccessorImpl.java:43)
	at java.lang.reflect.Method.invoke(Method.java:498)
	at org.codehaus.groovy.tools.GroovyStarter.rootLoader(GroovyStarter.java:109)
	at org.codehaus.groovy.tools.GroovyStarter.main(GroovyStarter.java:131)
)

2018-09-26 11:10:08 - [TEST_STEP][PASSED] - openBrowser: Browser is opened with url: 'https://swisspostsolutions.metafour.com/ub6962/'

2018-09-26 11:10:13 - [MESSAGE][PASSED] - Browser is opened with url: 'https://swisspostsolutions.metafour.com/ub6962/'

2018-09-26 11:10:13 - [TEST_STEP][PASSED] - navigateToUrl: Navigate to 'https://swisspostsolutions.metafour.com/ub6962/' successfully

2018-09-26 11:10:14 - [MESSAGE][PASSED] - Navigate to 'https://swisspostsolutions.metafour.com/ub6962/' successfully

2018-09-26 11:10:14 - [TEST_STEP][PASSED] - setText: Text 'dummy' is set on object 'Object Repository/Page_Metafour User Login/input_Login_access_code'

2018-09-26 11:10:18 - [MESSAGE][PASSED] - Text 'dummy' is set on object 'Object Repository/Page_Metafour User Login/input_Login_access_code'

2018-09-26 11:10:18 - [TEST_STEP][PASSED] - setText: Text 'Jony' is set on object 'Object Repository/Page_Metafour User Login/input_Login_login'

2018-09-26 11:10:18 - [MESSAGE][PASSED] - Text 'Jony' is set on object 'Object Repository/Page_Metafour User Login/input_Login_login'

2018-09-26 11:10:18 - [TEST_STEP][PASSED] - setText: Text 'MFasia%001' is set on object 'Object Repository/Page_Metafour User Login/input_Login_j_password'

2018-09-26 11:10:18 - [MESSAGE][PASSED] - Text 'MFasia%001' is set on object 'Object Repository/Page_Metafour User Login/input_Login_j_password'

2018-09-26 11:10:18 - [TEST_STEP][PASSED] - click: Object: 'Object Repository/Page_Metafour User Login/button_Sign in' is clicked on

2018-09-26 11:10:19 - [MESSAGE][PASSED] - Object: 'Object Repository/Page_Metafour User Login/button_Sign in' is clicked on

2018-09-26 11:10:19 - [TEST_STEP][PASSED] - delay: Delayed 3 second(s)

2018-09-26 11:10:22 - [MESSAGE][PASSED] - Delayed 3 second(s)

2018-09-26 11:10:22 - [TEST_STEP][FAILED] - verifyElementNotPresent: Unable to verify object 'Object Repository/Page_Metafour User Login/div_Sorry login failed' is not present (Root cause: Web element with id: 'Object Repository/Page_Metafour User Login/div_Sorry login failed' located by 'By.xpath: //div[@id='customerrormessagediv']' is present after '30' second(s))

2018-09-26 11:10:22 - [MESSAGE][WARNING] - Timeout '0' is invalid. Using default page load timeout: '30'

2018-09-26 11:10:53 - [MESSAGE][FAILED] - Web element with id: 'Object Repository/Page_Metafour User Login/div_Sorry login failed' located by 'By.xpath: //div[@id='customerrormessagediv']' is present after '30' second(s)
[[ATTACHMENT|C:\\Users\\mazha\\Katalon Studio\\m4-monitoring\\Reports\\nc-cp-bo-login-test-suit\\20180926_105521\\1537938653406.png]]

2018-09-26 11:10:53 - [MESSAGE][FAILED] - Unable to verify object 'Object Repository/Page_Metafour User Login/div_Sorry login failed' is not present (Root cause: Web element with id: 'Object Repository/Page_Metafour User Login/div_Sorry login failed' located by 'By.xpath: //div[@id='customerrormessagediv']' is present after '30' second(s))
[[ATTACHMENT|C:\\Users\\mazha\\Katalon Studio\\m4-monitoring\\Reports\\nc-cp-bo-login-test-suit\\20180926_105521\\1537938653655.png]]]]></system-out>
         <system-err><![CDATA[2018-09-26 11:10:08 - [TEST_CASE][FAILED] - Test Cases/nc_cp_login_test: Test Cases/nc_cp_login_test FAILED because (of) (Stack trace: com.kms.katalon.core.exception.StepFailedException: Unable to verify object 'Object Repository/Page_Metafour User Login/div_Sorry login failed' is not present (Root cause: Web element with id: 'Object Repository/Page_Metafour User Login/div_Sorry login failed' located by 'By.xpath: //div[@id='customerrormessagediv']' is present after '30' second(s))
	at com.kms.katalon.core.keyword.internal.KeywordMain.stepFailed(KeywordMain.groovy:36)
	at com.kms.katalon.core.webui.keyword.internal.WebUIKeywordMain.stepFailed(WebUIKeywordMain.groovy:65)
	at com.kms.katalon.core.webui.keyword.internal.WebUIKeywordMain.runKeyword(WebUIKeywordMain.groovy:27)
	at com.kms.katalon.core.webui.keyword.builtin.VerifyElementNotPresentKeyword.verifyElementNotPresent(VerifyElementNotPresentKeyword.groovy:118)
	at com.kms.katalon.core.webui.keyword.builtin.VerifyElementNotPresentKeyword.execute(VerifyElementNotPresentKeyword.groovy:68)
	at com.kms.katalon.core.keyword.internal.KeywordExecutor.executeKeywordForPlatform(KeywordExecutor.groovy:53)
	at com.kms.katalon.core.webui.keyword.WebUiBuiltInKeywords.verifyElementNotPresent(WebUiBuiltInKeywords.groovy:1467)
	at com.kms.katalon.core.webui.keyword.WebUiBuiltInKeywords$verifyElementNotPresent$3.call(Unknown Source)
	at Script1537190043452.run(Script1537190043452.groovy:31)
	at com.kms.katalon.core.main.ScriptEngine.run(ScriptEngine.java:183)
	at com.kms.katalon.core.main.ScriptEngine.runScriptAsRawText(ScriptEngine.java:108)
	at com.kms.katalon.core.main.TestCaseExecutor.runScript(TestCaseExecutor.java:294)
	at com.kms.katalon.core.main.TestCaseExecutor.doExecute(TestCaseExecutor.java:285)
	at com.kms.katalon.core.main.TestCaseExecutor.processExecutionPhase(TestCaseExecutor.java:264)
	at com.kms.katalon.core.main.TestCaseExecutor.accessMainPhase(TestCaseExecutor.java:256)
	at com.kms.katalon.core.main.TestCaseExecutor.execute(TestCaseExecutor.java:200)
	at com.kms.katalon.core.main.TestSuiteExecutor.accessTestCaseMainPhase(TestSuiteExecutor.java:129)
	at com.kms.katalon.core.main.TestSuiteExecutor.accessTestSuiteMainPhase(TestSuiteExecutor.java:112)
	at com.kms.katalon.core.main.TestSuiteExecutor.execute(TestSuiteExecutor.java:81)
	at com.kms.katalon.core.main.TestCaseMain.startTestSuite(TestCaseMain.java:142)
	at com.kms.katalon.core.main.TestCaseMain$startTestSuite$0.call(Unknown Source)
	at org.codehaus.groovy.runtime.callsite.CallSiteArray.defaultCall(CallSiteArray.java:48)
	at org.codehaus.groovy.runtime.callsite.AbstractCallSite.call(AbstractCallSite.java:113)
	at org.codehaus.groovy.runtime.callsite.AbstractCallSite.call(AbstractCallSite.java:141)
	at TempTestSuite1537937721688.run(TempTestSuite1537937721688.groovy:36)
	at groovy.lang.GroovyShell.runScriptOrMainOrTestOrRunnable(GroovyShell.java:263)
	at groovy.lang.GroovyShell.run(GroovyShell.java:518)
	at groovy.lang.GroovyShell.run(GroovyShell.java:507)
	at groovy.ui.GroovyMain.processOnce(GroovyMain.java:653)
	at groovy.ui.GroovyMain.run(GroovyMain.java:384)
	at groovy.ui.GroovyMain.process(GroovyMain.java:370)
	at groovy.ui.GroovyMain.processArgs(GroovyMain.java:129)
	at groovy.ui.GroovyMain.main(GroovyMain.java:109)
	at sun.reflect.NativeMethodAccessorImpl.invoke0(Native Method)
	at sun.reflect.NativeMethodAccessorImpl.invoke(NativeMethodAccessorImpl.java:62)
	at sun.reflect.DelegatingMethodAccessorImpl.invoke(DelegatingMethodAccessorImpl.java:43)
	at java.lang.reflect.Method.invoke(Method.java:498)
	at org.codehaus.groovy.tools.GroovyStarter.rootLoader(GroovyStarter.java:109)
	at org.codehaus.groovy.tools.GroovyStarter.main(GroovyStarter.java:131)
)]]></system-err>
      </testcase>
      <testcase name="Test Cases/nc_cp_login_test" classname="Test Cases/nc_cp_login_test" status="FAILED">
         <failure type="FAILED" message="(Stack trace: com.kms.katalon.core.exception.StepFailedException: Unable to verify object 'Object Repository/Page_Metafour User Login/div_Sorry login failed' is not present (Root cause: Web element with id: 'Object Repository/Page_Metafour User Login/div_Sorry login failed' located by 'By.xpath: //div[@id='customerrormessagediv']' is present after '30' second(s))
	at com.kms.katalon.core.keyword.internal.KeywordMain.stepFailed(KeywordMain.groovy:36)
	at com.kms.katalon.core.webui.keyword.internal.WebUIKeywordMain.stepFailed(WebUIKeywordMain.groovy:65)
	at com.kms.katalon.core.webui.keyword.internal.WebUIKeywordMain.runKeyword(WebUIKeywordMain.groovy:27)
	at com.kms.katalon.core.webui.keyword.builtin.VerifyElementNotPresentKeyword.verifyElementNotPresent(VerifyElementNotPresentKeyword.groovy:118)
	at com.kms.katalon.core.webui.keyword.builtin.VerifyElementNotPresentKeyword.execute(VerifyElementNotPresentKeyword.groovy:68)
	at com.kms.katalon.core.keyword.internal.KeywordExecutor.executeKeywordForPlatform(KeywordExecutor.groovy:53)
	at com.kms.katalon.core.webui.keyword.WebUiBuiltInKeywords.verifyElementNotPresent(WebUiBuiltInKeywords.groovy:1467)
	at com.kms.katalon.core.webui.keyword.WebUiBuiltInKeywords$verifyElementNotPresent$3.call(Unknown Source)
	at Script1537190043452.run(Script1537190043452.groovy:31)
	at com.kms.katalon.core.main.ScriptEngine.run(ScriptEngine.java:183)
	at com.kms.katalon.core.main.ScriptEngine.runScriptAsRawText(ScriptEngine.java:108)
	at com.kms.katalon.core.main.TestCaseExecutor.runScript(TestCaseExecutor.java:294)
	at com.kms.katalon.core.main.TestCaseExecutor.doExecute(TestCaseExecutor.java:285)
	at com.kms.katalon.core.main.TestCaseExecutor.processExecutionPhase(TestCaseExecutor.java:264)
	at com.kms.katalon.core.main.TestCaseExecutor.accessMainPhase(TestCaseExecutor.java:256)
	at com.kms.katalon.core.main.TestCaseExecutor.execute(TestCaseExecutor.java:200)
	at com.kms.katalon.core.main.TestSuiteExecutor.accessTestCaseMainPhase(TestSuiteExecutor.java:129)
	at com.kms.katalon.core.main.TestSuiteExecutor.accessTestSuiteMainPhase(TestSuiteExecutor.java:112)
	at com.kms.katalon.core.main.TestSuiteExecutor.execute(TestSuiteExecutor.java:81)
	at com.kms.katalon.core.main.TestCaseMain.startTestSuite(TestCaseMain.java:142)
	at com.kms.katalon.core.main.TestCaseMain$startTestSuite$0.call(Unknown Source)
	at org.codehaus.groovy.runtime.callsite.CallSiteArray.defaultCall(CallSiteArray.java:48)
	at org.codehaus.groovy.runtime.callsite.AbstractCallSite.call(AbstractCallSite.java:113)
	at org.codehaus.groovy.runtime.callsite.AbstractCallSite.call(AbstractCallSite.java:141)
	at TempTestSuite1537937721688.run(TempTestSuite1537937721688.groovy:36)
	at groovy.lang.GroovyShell.runScriptOrMainOrTestOrRunnable(GroovyShell.java:263)
	at groovy.lang.GroovyShell.run(GroovyShell.java:518)
	at groovy.lang.GroovyShell.run(GroovyShell.java:507)
	at groovy.ui.GroovyMain.processOnce(GroovyMain.java:653)
	at groovy.ui.GroovyMain.run(GroovyMain.java:384)
	at groovy.ui.GroovyMain.process(GroovyMain.java:370)
	at groovy.ui.GroovyMain.processArgs(GroovyMain.java:129)
	at groovy.ui.GroovyMain.main(GroovyMain.java:109)
	at sun.reflect.NativeMethodAccessorImpl.invoke0(Native Method)
	at sun.reflect.NativeMethodAccessorImpl.invoke(NativeMethodAccessorImpl.java:62)
	at sun.reflect.DelegatingMethodAccessorImpl.invoke(DelegatingMethodAccessorImpl.java:43)
	at java.lang.reflect.Method.invoke(Method.java:498)
	at org.codehaus.groovy.tools.GroovyStarter.rootLoader(GroovyStarter.java:109)
	at org.codehaus.groovy.tools.GroovyStarter.main(GroovyStarter.java:131)
)"/>
         <system-out><![CDATA[2018-09-26 11:10:53 - [TEST_CASE][FAILED] - Test Cases/nc_cp_login_test: Test Cases/nc_cp_login_test FAILED because (of) (Stack trace: com.kms.katalon.core.exception.StepFailedException: Unable to verify object 'Object Repository/Page_Metafour User Login/div_Sorry login failed' is not present (Root cause: Web element with id: 'Object Repository/Page_Metafour User Login/div_Sorry login failed' located by 'By.xpath: //div[@id='customerrormessagediv']' is present after '30' second(s))
	at com.kms.katalon.core.keyword.internal.KeywordMain.stepFailed(KeywordMain.groovy:36)
	at com.kms.katalon.core.webui.keyword.internal.WebUIKeywordMain.stepFailed(WebUIKeywordMain.groovy:65)
	at com.kms.katalon.core.webui.keyword.internal.WebUIKeywordMain.runKeyword(WebUIKeywordMain.groovy:27)
	at com.kms.katalon.core.webui.keyword.builtin.VerifyElementNotPresentKeyword.verifyElementNotPresent(VerifyElementNotPresentKeyword.groovy:118)
	at com.kms.katalon.core.webui.keyword.builtin.VerifyElementNotPresentKeyword.execute(VerifyElementNotPresentKeyword.groovy:68)
	at com.kms.katalon.core.keyword.internal.KeywordExecutor.executeKeywordForPlatform(KeywordExecutor.groovy:53)
	at com.kms.katalon.core.webui.keyword.WebUiBuiltInKeywords.verifyElementNotPresent(WebUiBuiltInKeywords.groovy:1467)
	at com.kms.katalon.core.webui.keyword.WebUiBuiltInKeywords$verifyElementNotPresent$3.call(Unknown Source)
	at Script1537190043452.run(Script1537190043452.groovy:31)
	at com.kms.katalon.core.main.ScriptEngine.run(ScriptEngine.java:183)
	at com.kms.katalon.core.main.ScriptEngine.runScriptAsRawText(ScriptEngine.java:108)
	at com.kms.katalon.core.main.TestCaseExecutor.runScript(TestCaseExecutor.java:294)
	at com.kms.katalon.core.main.TestCaseExecutor.doExecute(TestCaseExecutor.java:285)
	at com.kms.katalon.core.main.TestCaseExecutor.processExecutionPhase(TestCaseExecutor.java:264)
	at com.kms.katalon.core.main.TestCaseExecutor.accessMainPhase(TestCaseExecutor.java:256)
	at com.kms.katalon.core.main.TestCaseExecutor.execute(TestCaseExecutor.java:200)
	at com.kms.katalon.core.main.TestSuiteExecutor.accessTestCaseMainPhase(TestSuiteExecutor.java:129)
	at com.kms.katalon.core.main.TestSuiteExecutor.accessTestSuiteMainPhase(TestSuiteExecutor.java:112)
	at com.kms.katalon.core.main.TestSuiteExecutor.execute(TestSuiteExecutor.java:81)
	at com.kms.katalon.core.main.TestCaseMain.startTestSuite(TestCaseMain.java:142)
	at com.kms.katalon.core.main.TestCaseMain$startTestSuite$0.call(Unknown Source)
	at org.codehaus.groovy.runtime.callsite.CallSiteArray.defaultCall(CallSiteArray.java:48)
	at org.codehaus.groovy.runtime.callsite.AbstractCallSite.call(AbstractCallSite.java:113)
	at org.codehaus.groovy.runtime.callsite.AbstractCallSite.call(AbstractCallSite.java:141)
	at TempTestSuite1537937721688.run(TempTestSuite1537937721688.groovy:36)
	at groovy.lang.GroovyShell.runScriptOrMainOrTestOrRunnable(GroovyShell.java:263)
	at groovy.lang.GroovyShell.run(GroovyShell.java:518)
	at groovy.lang.GroovyShell.run(GroovyShell.java:507)
	at groovy.ui.GroovyMain.processOnce(GroovyMain.java:653)
	at groovy.ui.GroovyMain.run(GroovyMain.java:384)
	at groovy.ui.GroovyMain.process(GroovyMain.java:370)
	at groovy.ui.GroovyMain.processArgs(GroovyMain.java:129)
	at groovy.ui.GroovyMain.main(GroovyMain.java:109)
	at sun.reflect.NativeMethodAccessorImpl.invoke0(Native Method)
	at sun.reflect.NativeMethodAccessorImpl.invoke(NativeMethodAccessorImpl.java:62)
	at sun.reflect.DelegatingMethodAccessorImpl.invoke(DelegatingMethodAccessorImpl.java:43)
	at java.lang.reflect.Method.invoke(Method.java:498)
	at org.codehaus.groovy.tools.GroovyStarter.rootLoader(GroovyStarter.java:109)
	at org.codehaus.groovy.tools.GroovyStarter.main(GroovyStarter.java:131)
)

2018-09-26 11:10:53 - [TEST_STEP][PASSED] - openBrowser: Browser is opened with url: 'https://swisspostsolutions.metafour.com/ub1439/'

2018-09-26 11:10:53 - [MESSAGE][WARNING] - A browser is already opened. Closing browser and opening a new one

2018-09-26 11:10:59 - [MESSAGE][PASSED] - Browser is opened with url: 'https://swisspostsolutions.metafour.com/ub1439/'

2018-09-26 11:10:59 - [TEST_STEP][PASSED] - navigateToUrl: Navigate to 'https://swisspostsolutions.metafour.com/ub1439/' successfully

2018-09-26 11:11:00 - [MESSAGE][PASSED] - Navigate to 'https://swisspostsolutions.metafour.com/ub1439/' successfully

2018-09-26 11:11:00 - [TEST_STEP][PASSED] - setText: Text 'dummy' is set on object 'Object Repository/Page_Metafour User Login/input_Login_access_code'

2018-09-26 11:11:04 - [MESSAGE][PASSED] - Text 'dummy' is set on object 'Object Repository/Page_Metafour User Login/input_Login_access_code'

2018-09-26 11:11:04 - [TEST_STEP][PASSED] - setText: Text 'Jony' is set on object 'Object Repository/Page_Metafour User Login/input_Login_login'

2018-09-26 11:11:04 - [MESSAGE][PASSED] - Text 'Jony' is set on object 'Object Repository/Page_Metafour User Login/input_Login_login'

2018-09-26 11:11:04 - [TEST_STEP][PASSED] - setText: Text 'MFasia%098' is set on object 'Object Repository/Page_Metafour User Login/input_Login_j_password'

2018-09-26 11:11:04 - [MESSAGE][PASSED] - Text 'MFasia%098' is set on object 'Object Repository/Page_Metafour User Login/input_Login_j_password'

2018-09-26 11:11:04 - [TEST_STEP][PASSED] - click: Object: 'Object Repository/Page_Metafour User Login/button_Sign in' is clicked on

2018-09-26 11:11:05 - [MESSAGE][PASSED] - Object: 'Object Repository/Page_Metafour User Login/button_Sign in' is clicked on

2018-09-26 11:11:05 - [TEST_STEP][PASSED] - delay: Delayed 3 second(s)

2018-09-26 11:11:08 - [MESSAGE][PASSED] - Delayed 3 second(s)

2018-09-26 11:11:08 - [TEST_STEP][FAILED] - verifyElementNotPresent: Unable to verify object 'Object Repository/Page_Metafour User Login/div_Sorry login failed' is not present (Root cause: Web element with id: 'Object Repository/Page_Metafour User Login/div_Sorry login failed' located by 'By.xpath: //div[@id='customerrormessagediv']' is present after '30' second(s))

2018-09-26 11:11:08 - [MESSAGE][WARNING] - Timeout '0' is invalid. Using default page load timeout: '30'

2018-09-26 11:11:39 - [MESSAGE][FAILED] - Web element with id: 'Object Repository/Page_Metafour User Login/div_Sorry login failed' located by 'By.xpath: //div[@id='customerrormessagediv']' is present after '30' second(s)
[[ATTACHMENT|C:\\Users\\mazha\\Katalon Studio\\m4-monitoring\\Reports\\nc-cp-bo-login-test-suit\\20180926_105521\\1537938699032.png]]

2018-09-26 11:11:39 - [MESSAGE][FAILED] - Unable to verify object 'Object Repository/Page_Metafour User Login/div_Sorry login failed' is not present (Root cause: Web element with id: 'Object Repository/Page_Metafour User Login/div_Sorry login failed' located by 'By.xpath: //div[@id='customerrormessagediv']' is present after '30' second(s))
[[ATTACHMENT|C:\\Users\\mazha\\Katalon Studio\\m4-monitoring\\Reports\\nc-cp-bo-login-test-suit\\20180926_105521\\1537938699283.png]]]]></system-out>
         <system-err><![CDATA[2018-09-26 11:10:53 - [TEST_CASE][FAILED] - Test Cases/nc_cp_login_test: Test Cases/nc_cp_login_test FAILED because (of) (Stack trace: com.kms.katalon.core.exception.StepFailedException: Unable to verify object 'Object Repository/Page_Metafour User Login/div_Sorry login failed' is not present (Root cause: Web element with id: 'Object Repository/Page_Metafour User Login/div_Sorry login failed' located by 'By.xpath: //div[@id='customerrormessagediv']' is present after '30' second(s))
	at com.kms.katalon.core.keyword.internal.KeywordMain.stepFailed(KeywordMain.groovy:36)
	at com.kms.katalon.core.webui.keyword.internal.WebUIKeywordMain.stepFailed(WebUIKeywordMain.groovy:65)
	at com.kms.katalon.core.webui.keyword.internal.WebUIKeywordMain.runKeyword(WebUIKeywordMain.groovy:27)
	at com.kms.katalon.core.webui.keyword.builtin.VerifyElementNotPresentKeyword.verifyElementNotPresent(VerifyElementNotPresentKeyword.groovy:118)
	at com.kms.katalon.core.webui.keyword.builtin.VerifyElementNotPresentKeyword.execute(VerifyElementNotPresentKeyword.groovy:68)
	at com.kms.katalon.core.keyword.internal.KeywordExecutor.executeKeywordForPlatform(KeywordExecutor.groovy:53)
	at com.kms.katalon.core.webui.keyword.WebUiBuiltInKeywords.verifyElementNotPresent(WebUiBuiltInKeywords.groovy:1467)
	at com.kms.katalon.core.webui.keyword.WebUiBuiltInKeywords$verifyElementNotPresent$3.call(Unknown Source)
	at Script1537190043452.run(Script1537190043452.groovy:31)
	at com.kms.katalon.core.main.ScriptEngine.run(ScriptEngine.java:183)
	at com.kms.katalon.core.main.ScriptEngine.runScriptAsRawText(ScriptEngine.java:108)
	at com.kms.katalon.core.main.TestCaseExecutor.runScript(TestCaseExecutor.java:294)
	at com.kms.katalon.core.main.TestCaseExecutor.doExecute(TestCaseExecutor.java:285)
	at com.kms.katalon.core.main.TestCaseExecutor.processExecutionPhase(TestCaseExecutor.java:264)
	at com.kms.katalon.core.main.TestCaseExecutor.accessMainPhase(TestCaseExecutor.java:256)
	at com.kms.katalon.core.main.TestCaseExecutor.execute(TestCaseExecutor.java:200)
	at com.kms.katalon.core.main.TestSuiteExecutor.accessTestCaseMainPhase(TestSuiteExecutor.java:129)
	at com.kms.katalon.core.main.TestSuiteExecutor.accessTestSuiteMainPhase(TestSuiteExecutor.java:112)
	at com.kms.katalon.core.main.TestSuiteExecutor.execute(TestSuiteExecutor.java:81)
	at com.kms.katalon.core.main.TestCaseMain.startTestSuite(TestCaseMain.java:142)
	at com.kms.katalon.core.main.TestCaseMain$startTestSuite$0.call(Unknown Source)
	at org.codehaus.groovy.runtime.callsite.CallSiteArray.defaultCall(CallSiteArray.java:48)
	at org.codehaus.groovy.runtime.callsite.AbstractCallSite.call(AbstractCallSite.java:113)
	at org.codehaus.groovy.runtime.callsite.AbstractCallSite.call(AbstractCallSite.java:141)
	at TempTestSuite1537937721688.run(TempTestSuite1537937721688.groovy:36)
	at groovy.lang.GroovyShell.runScriptOrMainOrTestOrRunnable(GroovyShell.java:263)
	at groovy.lang.GroovyShell.run(GroovyShell.java:518)
	at groovy.lang.GroovyShell.run(GroovyShell.java:507)
	at groovy.ui.GroovyMain.processOnce(GroovyMain.java:653)
	at groovy.ui.GroovyMain.run(GroovyMain.java:384)
	at groovy.ui.GroovyMain.process(GroovyMain.java:370)
	at groovy.ui.GroovyMain.processArgs(GroovyMain.java:129)
	at groovy.ui.GroovyMain.main(GroovyMain.java:109)
	at sun.reflect.NativeMethodAccessorImpl.invoke0(Native Method)
	at sun.reflect.NativeMethodAccessorImpl.invoke(NativeMethodAccessorImpl.java:62)
	at sun.reflect.DelegatingMethodAccessorImpl.invoke(DelegatingMethodAccessorImpl.java:43)
	at java.lang.reflect.Method.invoke(Method.java:498)
	at org.codehaus.groovy.tools.GroovyStarter.rootLoader(GroovyStarter.java:109)
	at org.codehaus.groovy.tools.GroovyStarter.main(GroovyStarter.java:131)
)]]></system-err>
      </testcase>
      <testcase name="Test Cases/nc_cp_login_test" classname="Test Cases/nc_cp_login_test" status="PASSED">
         <system-out><![CDATA[2018-09-26 11:11:39 - [TEST_CASE][PASSED] - Test Cases/nc_cp_login_test: Test Cases/nc_cp_login_test

2018-09-26 11:11:39 - [TEST_STEP][PASSED] - openBrowser: Browser is opened with url: 'https://swisspostsolutions.metafour.com/ub6350'

2018-09-26 11:11:39 - [MESSAGE][WARNING] - A browser is already opened. Closing browser and opening a new one

2018-09-26 11:11:45 - [MESSAGE][PASSED] - Browser is opened with url: 'https://swisspostsolutions.metafour.com/ub6350'

2018-09-26 11:11:45 - [TEST_STEP][PASSED] - navigateToUrl: Navigate to 'https://swisspostsolutions.metafour.com/ub6350' successfully

2018-09-26 11:11:46 - [MESSAGE][PASSED] - Navigate to 'https://swisspostsolutions.metafour.com/ub6350' successfully

2018-09-26 11:11:46 - [TEST_STEP][PASSED] - setText: Text 'BUPA' is set on object 'Object Repository/Page_Metafour User Login/input_Login_access_code'

2018-09-26 11:11:50 - [MESSAGE][PASSED] - Text 'BUPA' is set on object 'Object Repository/Page_Metafour User Login/input_Login_access_code'

2018-09-26 11:11:50 - [TEST_STEP][PASSED] - setText: Text 'Jony' is set on object 'Object Repository/Page_Metafour User Login/input_Login_login'

2018-09-26 11:11:50 - [MESSAGE][PASSED] - Text 'Jony' is set on object 'Object Repository/Page_Metafour User Login/input_Login_login'

2018-09-26 11:11:50 - [TEST_STEP][PASSED] - setText: Text '1234' is set on object 'Object Repository/Page_Metafour User Login/input_Login_j_password'

2018-09-26 11:11:51 - [MESSAGE][PASSED] - Text '1234' is set on object 'Object Repository/Page_Metafour User Login/input_Login_j_password'

2018-09-26 11:11:51 - [TEST_STEP][PASSED] - click: Object: 'Object Repository/Page_Metafour User Login/button_Sign in' is clicked on

2018-09-26 11:11:59 - [MESSAGE][PASSED] - Object: 'Object Repository/Page_Metafour User Login/button_Sign in' is clicked on

2018-09-26 11:11:59 - [TEST_STEP][PASSED] - delay: Delayed 3 second(s)

2018-09-26 11:12:02 - [MESSAGE][PASSED] - Delayed 3 second(s)

2018-09-26 11:12:02 - [TEST_STEP][PASSED] - verifyElementNotPresent: Web element with id: 'Object Repository/Page_Metafour User Login/div_Sorry login failed' located by 'By.xpath: //div[@id='customerrormessagediv']' is not present after '30' second(s)

2018-09-26 11:12:02 - [MESSAGE][WARNING] - Timeout '0' is invalid. Using default page load timeout: '30'

2018-09-26 11:12:02 - [MESSAGE][PASSED] - Web element with id: 'Object Repository/Page_Metafour User Login/div_Sorry login failed' located by 'By.xpath: //div[@id='customerrormessagediv']' is not present after '30' second(s)

2018-09-26 11:12:02 - [TEST_STEP][PASSED] - closeBrowser: Browser is closed

2018-09-26 11:12:02 - [MESSAGE][PASSED] - Browser is closed]]></system-out>
         <system-err><![CDATA[]]></system-err>
      </testcase>
      <testcase name="Test Cases/nc_cp_login_test" classname="Test Cases/nc_cp_login_test" status="PASSED">
         <system-out><![CDATA[2018-09-26 11:12:02 - [TEST_CASE][PASSED] - Test Cases/nc_cp_login_test: Test Cases/nc_cp_login_test

2018-09-26 11:12:02 - [TEST_STEP][PASSED] - openBrowser: Browser is opened with url: 'https://swisspostsolutions.metafour.com/ub5254/'

2018-09-26 11:12:08 - [MESSAGE][PASSED] - Browser is opened with url: 'https://swisspostsolutions.metafour.com/ub5254/'

2018-09-26 11:12:08 - [TEST_STEP][PASSED] - navigateToUrl: Navigate to 'https://swisspostsolutions.metafour.com/ub5254/' successfully

2018-09-26 11:12:08 - [MESSAGE][PASSED] - Navigate to 'https://swisspostsolutions.metafour.com/ub5254/' successfully

2018-09-26 11:12:08 - [TEST_STEP][PASSED] - setText: Text 'Master' is set on object 'Object Repository/Page_Metafour User Login/input_Login_access_code'

2018-09-26 11:12:13 - [MESSAGE][PASSED] - Text 'Master' is set on object 'Object Repository/Page_Metafour User Login/input_Login_access_code'

2018-09-26 11:12:13 - [TEST_STEP][PASSED] - setText: Text 'Hasan' is set on object 'Object Repository/Page_Metafour User Login/input_Login_login'

2018-09-26 11:12:13 - [MESSAGE][PASSED] - Text 'Hasan' is set on object 'Object Repository/Page_Metafour User Login/input_Login_login'

2018-09-26 11:12:13 - [TEST_STEP][PASSED] - setText: Text 'hasan' is set on object 'Object Repository/Page_Metafour User Login/input_Login_j_password'

2018-09-26 11:12:13 - [MESSAGE][PASSED] - Text 'hasan' is set on object 'Object Repository/Page_Metafour User Login/input_Login_j_password'

2018-09-26 11:12:13 - [TEST_STEP][PASSED] - click: Object: 'Object Repository/Page_Metafour User Login/button_Sign in' is clicked on

2018-09-26 11:12:17 - [MESSAGE][PASSED] - Object: 'Object Repository/Page_Metafour User Login/button_Sign in' is clicked on

2018-09-26 11:12:17 - [TEST_STEP][PASSED] - delay: Delayed 3 second(s)

2018-09-26 11:12:20 - [MESSAGE][PASSED] - Delayed 3 second(s)

2018-09-26 11:12:20 - [TEST_STEP][PASSED] - verifyElementNotPresent: Web element with id: 'Object Repository/Page_Metafour User Login/div_Sorry login failed' located by 'By.xpath: //div[@id='customerrormessagediv']' is not present after '30' second(s)

2018-09-26 11:12:20 - [MESSAGE][WARNING] - Timeout '0' is invalid. Using default page load timeout: '30'

2018-09-26 11:12:20 - [MESSAGE][PASSED] - Web element with id: 'Object Repository/Page_Metafour User Login/div_Sorry login failed' located by 'By.xpath: //div[@id='customerrormessagediv']' is not present after '30' second(s)

2018-09-26 11:12:20 - [TEST_STEP][PASSED] - closeBrowser: Browser is closed

2018-09-26 11:12:21 - [MESSAGE][PASSED] - Browser is closed]]></system-out>
         <system-err><![CDATA[]]></system-err>
      </testcase>
      <testcase name="Test Cases/nc_cp_login_test" classname="Test Cases/nc_cp_login_test" status="PASSED">
         <system-out><![CDATA[2018-09-26 11:12:21 - [TEST_CASE][PASSED] - Test Cases/nc_cp_login_test: Test Cases/nc_cp_login_test

2018-09-26 11:12:21 - [TEST_STEP][PASSED] - openBrowser: Browser is opened with url: 'https://swisspostsolutions.metafour.com/ub6053'

2018-09-26 11:12:26 - [MESSAGE][PASSED] - Browser is opened with url: 'https://swisspostsolutions.metafour.com/ub6053'

2018-09-26 11:12:26 - [TEST_STEP][PASSED] - navigateToUrl: Navigate to 'https://swisspostsolutions.metafour.com/ub6053' successfully

2018-09-26 11:12:27 - [MESSAGE][PASSED] - Navigate to 'https://swisspostsolutions.metafour.com/ub6053' successfully

2018-09-26 11:12:27 - [TEST_STEP][PASSED] - setText: Text 'CS' is set on object 'Object Repository/Page_Metafour User Login/input_Login_access_code'

2018-09-26 11:12:31 - [MESSAGE][PASSED] - Text 'CS' is set on object 'Object Repository/Page_Metafour User Login/input_Login_access_code'

2018-09-26 11:12:31 - [TEST_STEP][PASSED] - setText: Text 'Jony' is set on object 'Object Repository/Page_Metafour User Login/input_Login_login'

2018-09-26 11:12:31 - [MESSAGE][PASSED] - Text 'Jony' is set on object 'Object Repository/Page_Metafour User Login/input_Login_login'

2018-09-26 11:12:31 - [TEST_STEP][PASSED] - setText: Text '1234' is set on object 'Object Repository/Page_Metafour User Login/input_Login_j_password'

2018-09-26 11:12:32 - [MESSAGE][PASSED] - Text '1234' is set on object 'Object Repository/Page_Metafour User Login/input_Login_j_password'

2018-09-26 11:12:32 - [TEST_STEP][PASSED] - click: Object: 'Object Repository/Page_Metafour User Login/button_Sign in' is clicked on

2018-09-26 11:12:36 - [MESSAGE][PASSED] - Object: 'Object Repository/Page_Metafour User Login/button_Sign in' is clicked on

2018-09-26 11:12:36 - [TEST_STEP][PASSED] - delay: Delayed 3 second(s)

2018-09-26 11:12:39 - [MESSAGE][PASSED] - Delayed 3 second(s)

2018-09-26 11:12:39 - [TEST_STEP][PASSED] - verifyElementNotPresent: Web element with id: 'Object Repository/Page_Metafour User Login/div_Sorry login failed' located by 'By.xpath: //div[@id='customerrormessagediv']' is not present after '30' second(s)

2018-09-26 11:12:39 - [MESSAGE][WARNING] - Timeout '0' is invalid. Using default page load timeout: '30'

2018-09-26 11:12:39 - [MESSAGE][PASSED] - Web element with id: 'Object Repository/Page_Metafour User Login/div_Sorry login failed' located by 'By.xpath: //div[@id='customerrormessagediv']' is not present after '30' second(s)

2018-09-26 11:12:39 - [TEST_STEP][PASSED] - closeBrowser: Browser is closed

2018-09-26 11:12:39 - [MESSAGE][PASSED] - Browser is closed]]></system-out>
         <system-err><![CDATA[]]></system-err>
      </testcase>
      <testcase name="Test Cases/nc_cp_login_test" classname="Test Cases/nc_cp_login_test" status="FAILED">
         <failure type="FAILED" message="(Stack trace: com.kms.katalon.core.exception.StepFailedException: Unable to verify object 'Object Repository/Page_Metafour User Login/div_Sorry login failed' is not present (Root cause: Web element with id: 'Object Repository/Page_Metafour User Login/div_Sorry login failed' located by 'By.xpath: //div[@id='customerrormessagediv']' is present after '30' second(s))
	at com.kms.katalon.core.keyword.internal.KeywordMain.stepFailed(KeywordMain.groovy:36)
	at com.kms.katalon.core.webui.keyword.internal.WebUIKeywordMain.stepFailed(WebUIKeywordMain.groovy:65)
	at com.kms.katalon.core.webui.keyword.internal.WebUIKeywordMain.runKeyword(WebUIKeywordMain.groovy:27)
	at com.kms.katalon.core.webui.keyword.builtin.VerifyElementNotPresentKeyword.verifyElementNotPresent(VerifyElementNotPresentKeyword.groovy:118)
	at com.kms.katalon.core.webui.keyword.builtin.VerifyElementNotPresentKeyword.execute(VerifyElementNotPresentKeyword.groovy:68)
	at com.kms.katalon.core.keyword.internal.KeywordExecutor.executeKeywordForPlatform(KeywordExecutor.groovy:53)
	at com.kms.katalon.core.webui.keyword.WebUiBuiltInKeywords.verifyElementNotPresent(WebUiBuiltInKeywords.groovy:1467)
	at com.kms.katalon.core.webui.keyword.WebUiBuiltInKeywords$verifyElementNotPresent$3.call(Unknown Source)
	at Script1537190043452.run(Script1537190043452.groovy:31)
	at com.kms.katalon.core.main.ScriptEngine.run(ScriptEngine.java:183)
	at com.kms.katalon.core.main.ScriptEngine.runScriptAsRawText(ScriptEngine.java:108)
	at com.kms.katalon.core.main.TestCaseExecutor.runScript(TestCaseExecutor.java:294)
	at com.kms.katalon.core.main.TestCaseExecutor.doExecute(TestCaseExecutor.java:285)
	at com.kms.katalon.core.main.TestCaseExecutor.processExecutionPhase(TestCaseExecutor.java:264)
	at com.kms.katalon.core.main.TestCaseExecutor.accessMainPhase(TestCaseExecutor.java:256)
	at com.kms.katalon.core.main.TestCaseExecutor.execute(TestCaseExecutor.java:200)
	at com.kms.katalon.core.main.TestSuiteExecutor.accessTestCaseMainPhase(TestSuiteExecutor.java:129)
	at com.kms.katalon.core.main.TestSuiteExecutor.accessTestSuiteMainPhase(TestSuiteExecutor.java:112)
	at com.kms.katalon.core.main.TestSuiteExecutor.execute(TestSuiteExecutor.java:81)
	at com.kms.katalon.core.main.TestCaseMain.startTestSuite(TestCaseMain.java:142)
	at com.kms.katalon.core.main.TestCaseMain$startTestSuite$0.call(Unknown Source)
	at org.codehaus.groovy.runtime.callsite.CallSiteArray.defaultCall(CallSiteArray.java:48)
	at org.codehaus.groovy.runtime.callsite.AbstractCallSite.call(AbstractCallSite.java:113)
	at org.codehaus.groovy.runtime.callsite.AbstractCallSite.call(AbstractCallSite.java:141)
	at TempTestSuite1537937721688.run(TempTestSuite1537937721688.groovy:36)
	at groovy.lang.GroovyShell.runScriptOrMainOrTestOrRunnable(GroovyShell.java:263)
	at groovy.lang.GroovyShell.run(GroovyShell.java:518)
	at groovy.lang.GroovyShell.run(GroovyShell.java:507)
	at groovy.ui.GroovyMain.processOnce(GroovyMain.java:653)
	at groovy.ui.GroovyMain.run(GroovyMain.java:384)
	at groovy.ui.GroovyMain.process(GroovyMain.java:370)
	at groovy.ui.GroovyMain.processArgs(GroovyMain.java:129)
	at groovy.ui.GroovyMain.main(GroovyMain.java:109)
	at sun.reflect.NativeMethodAccessorImpl.invoke0(Native Method)
	at sun.reflect.NativeMethodAccessorImpl.invoke(NativeMethodAccessorImpl.java:62)
	at sun.reflect.DelegatingMethodAccessorImpl.invoke(DelegatingMethodAccessorImpl.java:43)
	at java.lang.reflect.Method.invoke(Method.java:498)
	at org.codehaus.groovy.tools.GroovyStarter.rootLoader(GroovyStarter.java:109)
	at org.codehaus.groovy.tools.GroovyStarter.main(GroovyStarter.java:131)
)"/>
         <system-out><![CDATA[2018-09-26 11:12:39 - [TEST_CASE][FAILED] - Test Cases/nc_cp_login_test: Test Cases/nc_cp_login_test FAILED because (of) (Stack trace: com.kms.katalon.core.exception.StepFailedException: Unable to verify object 'Object Repository/Page_Metafour User Login/div_Sorry login failed' is not present (Root cause: Web element with id: 'Object Repository/Page_Metafour User Login/div_Sorry login failed' located by 'By.xpath: //div[@id='customerrormessagediv']' is present after '30' second(s))
	at com.kms.katalon.core.keyword.internal.KeywordMain.stepFailed(KeywordMain.groovy:36)
	at com.kms.katalon.core.webui.keyword.internal.WebUIKeywordMain.stepFailed(WebUIKeywordMain.groovy:65)
	at com.kms.katalon.core.webui.keyword.internal.WebUIKeywordMain.runKeyword(WebUIKeywordMain.groovy:27)
	at com.kms.katalon.core.webui.keyword.builtin.VerifyElementNotPresentKeyword.verifyElementNotPresent(VerifyElementNotPresentKeyword.groovy:118)
	at com.kms.katalon.core.webui.keyword.builtin.VerifyElementNotPresentKeyword.execute(VerifyElementNotPresentKeyword.groovy:68)
	at com.kms.katalon.core.keyword.internal.KeywordExecutor.executeKeywordForPlatform(KeywordExecutor.groovy:53)
	at com.kms.katalon.core.webui.keyword.WebUiBuiltInKeywords.verifyElementNotPresent(WebUiBuiltInKeywords.groovy:1467)
	at com.kms.katalon.core.webui.keyword.WebUiBuiltInKeywords$verifyElementNotPresent$3.call(Unknown Source)
	at Script1537190043452.run(Script1537190043452.groovy:31)
	at com.kms.katalon.core.main.ScriptEngine.run(ScriptEngine.java:183)
	at com.kms.katalon.core.main.ScriptEngine.runScriptAsRawText(ScriptEngine.java:108)
	at com.kms.katalon.core.main.TestCaseExecutor.runScript(TestCaseExecutor.java:294)
	at com.kms.katalon.core.main.TestCaseExecutor.doExecute(TestCaseExecutor.java:285)
	at com.kms.katalon.core.main.TestCaseExecutor.processExecutionPhase(TestCaseExecutor.java:264)
	at com.kms.katalon.core.main.TestCaseExecutor.accessMainPhase(TestCaseExecutor.java:256)
	at com.kms.katalon.core.main.TestCaseExecutor.execute(TestCaseExecutor.java:200)
	at com.kms.katalon.core.main.TestSuiteExecutor.accessTestCaseMainPhase(TestSuiteExecutor.java:129)
	at com.kms.katalon.core.main.TestSuiteExecutor.accessTestSuiteMainPhase(TestSuiteExecutor.java:112)
	at com.kms.katalon.core.main.TestSuiteExecutor.execute(TestSuiteExecutor.java:81)
	at com.kms.katalon.core.main.TestCaseMain.startTestSuite(TestCaseMain.java:142)
	at com.kms.katalon.core.main.TestCaseMain$startTestSuite$0.call(Unknown Source)
	at org.codehaus.groovy.runtime.callsite.CallSiteArray.defaultCall(CallSiteArray.java:48)
	at org.codehaus.groovy.runtime.callsite.AbstractCallSite.call(AbstractCallSite.java:113)
	at org.codehaus.groovy.runtime.callsite.AbstractCallSite.call(AbstractCallSite.java:141)
	at TempTestSuite1537937721688.run(TempTestSuite1537937721688.groovy:36)
	at groovy.lang.GroovyShell.runScriptOrMainOrTestOrRunnable(GroovyShell.java:263)
	at groovy.lang.GroovyShell.run(GroovyShell.java:518)
	at groovy.lang.GroovyShell.run(GroovyShell.java:507)
	at groovy.ui.GroovyMain.processOnce(GroovyMain.java:653)
	at groovy.ui.GroovyMain.run(GroovyMain.java:384)
	at groovy.ui.GroovyMain.process(GroovyMain.java:370)
	at groovy.ui.GroovyMain.processArgs(GroovyMain.java:129)
	at groovy.ui.GroovyMain.main(GroovyMain.java:109)
	at sun.reflect.NativeMethodAccessorImpl.invoke0(Native Method)
	at sun.reflect.NativeMethodAccessorImpl.invoke(NativeMethodAccessorImpl.java:62)
	at sun.reflect.DelegatingMethodAccessorImpl.invoke(DelegatingMethodAccessorImpl.java:43)
	at java.lang.reflect.Method.invoke(Method.java:498)
	at org.codehaus.groovy.tools.GroovyStarter.rootLoader(GroovyStarter.java:109)
	at org.codehaus.groovy.tools.GroovyStarter.main(GroovyStarter.java:131)
)

2018-09-26 11:12:39 - [TEST_STEP][PASSED] - openBrowser: Browser is opened with url: 'https://swisspostsolutions.metafour.com/ub3803/'

2018-09-26 11:12:46 - [MESSAGE][PASSED] - Browser is opened with url: 'https://swisspostsolutions.metafour.com/ub3803/'

2018-09-26 11:12:46 - [TEST_STEP][PASSED] - navigateToUrl: Navigate to 'https://swisspostsolutions.metafour.com/ub3803/' successfully

2018-09-26 11:12:47 - [MESSAGE][PASSED] - Navigate to 'https://swisspostsolutions.metafour.com/ub3803/' successfully

2018-09-26 11:12:47 - [TEST_STEP][PASSED] - setText: Text 'CSDTC' is set on object 'Object Repository/Page_Metafour User Login/input_Login_access_code'

2018-09-26 11:12:51 - [MESSAGE][PASSED] - Text 'CSDTC' is set on object 'Object Repository/Page_Metafour User Login/input_Login_access_code'

2018-09-26 11:12:51 - [TEST_STEP][PASSED] - setText: Text 'Jony' is set on object 'Object Repository/Page_Metafour User Login/input_Login_login'

2018-09-26 11:12:52 - [MESSAGE][PASSED] - Text 'Jony' is set on object 'Object Repository/Page_Metafour User Login/input_Login_login'

2018-09-26 11:12:52 - [TEST_STEP][PASSED] - setText: Text 'MFasia%123' is set on object 'Object Repository/Page_Metafour User Login/input_Login_j_password'

2018-09-26 11:12:52 - [MESSAGE][PASSED] - Text 'MFasia%123' is set on object 'Object Repository/Page_Metafour User Login/input_Login_j_password'

2018-09-26 11:12:52 - [TEST_STEP][PASSED] - click: Object: 'Object Repository/Page_Metafour User Login/button_Sign in' is clicked on

2018-09-26 11:12:53 - [MESSAGE][PASSED] - Object: 'Object Repository/Page_Metafour User Login/button_Sign in' is clicked on

2018-09-26 11:12:53 - [TEST_STEP][PASSED] - delay: Delayed 3 second(s)

2018-09-26 11:12:56 - [MESSAGE][PASSED] - Delayed 3 second(s)

2018-09-26 11:12:56 - [TEST_STEP][FAILED] - verifyElementNotPresent: Unable to verify object 'Object Repository/Page_Metafour User Login/div_Sorry login failed' is not present (Root cause: Web element with id: 'Object Repository/Page_Metafour User Login/div_Sorry login failed' located by 'By.xpath: //div[@id='customerrormessagediv']' is present after '30' second(s))

2018-09-26 11:12:56 - [MESSAGE][WARNING] - Timeout '0' is invalid. Using default page load timeout: '30'

2018-09-26 11:13:26 - [MESSAGE][FAILED] - Web element with id: 'Object Repository/Page_Metafour User Login/div_Sorry login failed' located by 'By.xpath: //div[@id='customerrormessagediv']' is present after '30' second(s)
[[ATTACHMENT|C:\\Users\\mazha\\Katalon Studio\\m4-monitoring\\Reports\\nc-cp-bo-login-test-suit\\20180926_105521\\1537938806291.png]]

2018-09-26 11:13:26 - [MESSAGE][FAILED] - Unable to verify object 'Object Repository/Page_Metafour User Login/div_Sorry login failed' is not present (Root cause: Web element with id: 'Object Repository/Page_Metafour User Login/div_Sorry login failed' located by 'By.xpath: //div[@id='customerrormessagediv']' is present after '30' second(s))
[[ATTACHMENT|C:\\Users\\mazha\\Katalon Studio\\m4-monitoring\\Reports\\nc-cp-bo-login-test-suit\\20180926_105521\\1537938806499.png]]]]></system-out>
         <system-err><![CDATA[2018-09-26 11:12:39 - [TEST_CASE][FAILED] - Test Cases/nc_cp_login_test: Test Cases/nc_cp_login_test FAILED because (of) (Stack trace: com.kms.katalon.core.exception.StepFailedException: Unable to verify object 'Object Repository/Page_Metafour User Login/div_Sorry login failed' is not present (Root cause: Web element with id: 'Object Repository/Page_Metafour User Login/div_Sorry login failed' located by 'By.xpath: //div[@id='customerrormessagediv']' is present after '30' second(s))
	at com.kms.katalon.core.keyword.internal.KeywordMain.stepFailed(KeywordMain.groovy:36)
	at com.kms.katalon.core.webui.keyword.internal.WebUIKeywordMain.stepFailed(WebUIKeywordMain.groovy:65)
	at com.kms.katalon.core.webui.keyword.internal.WebUIKeywordMain.runKeyword(WebUIKeywordMain.groovy:27)
	at com.kms.katalon.core.webui.keyword.builtin.VerifyElementNotPresentKeyword.verifyElementNotPresent(VerifyElementNotPresentKeyword.groovy:118)
	at com.kms.katalon.core.webui.keyword.builtin.VerifyElementNotPresentKeyword.execute(VerifyElementNotPresentKeyword.groovy:68)
	at com.kms.katalon.core.keyword.internal.KeywordExecutor.executeKeywordForPlatform(KeywordExecutor.groovy:53)
	at com.kms.katalon.core.webui.keyword.WebUiBuiltInKeywords.verifyElementNotPresent(WebUiBuiltInKeywords.groovy:1467)
	at com.kms.katalon.core.webui.keyword.WebUiBuiltInKeywords$verifyElementNotPresent$3.call(Unknown Source)
	at Script1537190043452.run(Script1537190043452.groovy:31)
	at com.kms.katalon.core.main.ScriptEngine.run(ScriptEngine.java:183)
	at com.kms.katalon.core.main.ScriptEngine.runScriptAsRawText(ScriptEngine.java:108)
	at com.kms.katalon.core.main.TestCaseExecutor.runScript(TestCaseExecutor.java:294)
	at com.kms.katalon.core.main.TestCaseExecutor.doExecute(TestCaseExecutor.java:285)
	at com.kms.katalon.core.main.TestCaseExecutor.processExecutionPhase(TestCaseExecutor.java:264)
	at com.kms.katalon.core.main.TestCaseExecutor.accessMainPhase(TestCaseExecutor.java:256)
	at com.kms.katalon.core.main.TestCaseExecutor.execute(TestCaseExecutor.java:200)
	at com.kms.katalon.core.main.TestSuiteExecutor.accessTestCaseMainPhase(TestSuiteExecutor.java:129)
	at com.kms.katalon.core.main.TestSuiteExecutor.accessTestSuiteMainPhase(TestSuiteExecutor.java:112)
	at com.kms.katalon.core.main.TestSuiteExecutor.execute(TestSuiteExecutor.java:81)
	at com.kms.katalon.core.main.TestCaseMain.startTestSuite(TestCaseMain.java:142)
	at com.kms.katalon.core.main.TestCaseMain$startTestSuite$0.call(Unknown Source)
	at org.codehaus.groovy.runtime.callsite.CallSiteArray.defaultCall(CallSiteArray.java:48)
	at org.codehaus.groovy.runtime.callsite.AbstractCallSite.call(AbstractCallSite.java:113)
	at org.codehaus.groovy.runtime.callsite.AbstractCallSite.call(AbstractCallSite.java:141)
	at TempTestSuite1537937721688.run(TempTestSuite1537937721688.groovy:36)
	at groovy.lang.GroovyShell.runScriptOrMainOrTestOrRunnable(GroovyShell.java:263)
	at groovy.lang.GroovyShell.run(GroovyShell.java:518)
	at groovy.lang.GroovyShell.run(GroovyShell.java:507)
	at groovy.ui.GroovyMain.processOnce(GroovyMain.java:653)
	at groovy.ui.GroovyMain.run(GroovyMain.java:384)
	at groovy.ui.GroovyMain.process(GroovyMain.java:370)
	at groovy.ui.GroovyMain.processArgs(GroovyMain.java:129)
	at groovy.ui.GroovyMain.main(GroovyMain.java:109)
	at sun.reflect.NativeMethodAccessorImpl.invoke0(Native Method)
	at sun.reflect.NativeMethodAccessorImpl.invoke(NativeMethodAccessorImpl.java:62)
	at sun.reflect.DelegatingMethodAccessorImpl.invoke(DelegatingMethodAccessorImpl.java:43)
	at java.lang.reflect.Method.invoke(Method.java:498)
	at org.codehaus.groovy.tools.GroovyStarter.rootLoader(GroovyStarter.java:109)
	at org.codehaus.groovy.tools.GroovyStarter.main(GroovyStarter.java:131)
)]]></system-err>
      </testcase>
      <testcase name="Test Cases/nc_cp_login_test" classname="Test Cases/nc_cp_login_test" status="PASSED">
         <system-out><![CDATA[2018-09-26 11:13:26 - [TEST_CASE][PASSED] - Test Cases/nc_cp_login_test: Test Cases/nc_cp_login_test

2018-09-26 11:13:26 - [TEST_STEP][PASSED] - openBrowser: Browser is opened with url: 'https://swisspostsolutions.metafour.com/ub4722/'

2018-09-26 11:13:26 - [MESSAGE][WARNING] - A browser is already opened. Closing browser and opening a new one

2018-09-26 11:13:33 - [MESSAGE][PASSED] - Browser is opened with url: 'https://swisspostsolutions.metafour.com/ub4722/'

2018-09-26 11:13:33 - [TEST_STEP][PASSED] - navigateToUrl: Navigate to 'https://swisspostsolutions.metafour.com/ub4722/' successfully

2018-09-26 11:13:33 - [MESSAGE][PASSED] - Navigate to 'https://swisspostsolutions.metafour.com/ub4722/' successfully

2018-09-26 11:13:33 - [TEST_STEP][PASSED] - setText: Text 'spstest' is set on object 'Object Repository/Page_Metafour User Login/input_Login_access_code'

2018-09-26 11:13:37 - [MESSAGE][PASSED] - Text 'spstest' is set on object 'Object Repository/Page_Metafour User Login/input_Login_access_code'

2018-09-26 11:13:37 - [TEST_STEP][PASSED] - setText: Text 'clon' is set on object 'Object Repository/Page_Metafour User Login/input_Login_login'

2018-09-26 11:13:37 - [MESSAGE][PASSED] - Text 'clon' is set on object 'Object Repository/Page_Metafour User Login/input_Login_login'

2018-09-26 11:13:37 - [TEST_STEP][PASSED] - setText: Text 'MFasia%123' is set on object 'Object Repository/Page_Metafour User Login/input_Login_j_password'

2018-09-26 11:13:38 - [MESSAGE][PASSED] - Text 'MFasia%123' is set on object 'Object Repository/Page_Metafour User Login/input_Login_j_password'

2018-09-26 11:13:38 - [TEST_STEP][PASSED] - click: Object: 'Object Repository/Page_Metafour User Login/button_Sign in' is clicked on

2018-09-26 11:13:41 - [MESSAGE][PASSED] - Object: 'Object Repository/Page_Metafour User Login/button_Sign in' is clicked on

2018-09-26 11:13:41 - [TEST_STEP][PASSED] - delay: Delayed 3 second(s)

2018-09-26 11:13:44 - [MESSAGE][PASSED] - Delayed 3 second(s)

2018-09-26 11:13:44 - [TEST_STEP][PASSED] - verifyElementNotPresent: Web element with id: 'Object Repository/Page_Metafour User Login/div_Sorry login failed' located by 'By.xpath: //div[@id='customerrormessagediv']' is not present after '30' second(s)

2018-09-26 11:13:44 - [MESSAGE][WARNING] - Timeout '0' is invalid. Using default page load timeout: '30'

2018-09-26 11:13:44 - [MESSAGE][PASSED] - Web element with id: 'Object Repository/Page_Metafour User Login/div_Sorry login failed' located by 'By.xpath: //div[@id='customerrormessagediv']' is not present after '30' second(s)

2018-09-26 11:13:44 - [TEST_STEP][PASSED] - closeBrowser: Browser is closed

2018-09-26 11:13:45 - [MESSAGE][PASSED] - Browser is closed]]></system-out>
         <system-err><![CDATA[]]></system-err>
      </testcase>
      <testcase name="Test Cases/nc_cp_login_test" classname="Test Cases/nc_cp_login_test" status="PASSED">
         <system-out><![CDATA[2018-09-26 11:13:45 - [TEST_CASE][PASSED] - Test Cases/nc_cp_login_test: Test Cases/nc_cp_login_test

2018-09-26 11:13:45 - [TEST_STEP][PASSED] - openBrowser: Browser is opened with url: 'https://swisspostsolutions.metafour.com/ub8865/'

2018-09-26 11:13:51 - [MESSAGE][PASSED] - Browser is opened with url: 'https://swisspostsolutions.metafour.com/ub8865/'

2018-09-26 11:13:51 - [TEST_STEP][PASSED] - navigateToUrl: Navigate to 'https://swisspostsolutions.metafour.com/ub8865/' successfully

2018-09-26 11:13:51 - [MESSAGE][PASSED] - Navigate to 'https://swisspostsolutions.metafour.com/ub8865/' successfully

2018-09-26 11:13:51 - [TEST_STEP][PASSED] - setText: Text 'SPS' is set on object 'Object Repository/Page_Metafour User Login/input_Login_access_code'

2018-09-26 11:13:56 - [MESSAGE][PASSED] - Text 'SPS' is set on object 'Object Repository/Page_Metafour User Login/input_Login_access_code'

2018-09-26 11:13:56 - [TEST_STEP][PASSED] - setText: Text 'Jony' is set on object 'Object Repository/Page_Metafour User Login/input_Login_login'

2018-09-26 11:13:56 - [MESSAGE][PASSED] - Text 'Jony' is set on object 'Object Repository/Page_Metafour User Login/input_Login_login'

2018-09-26 11:13:56 - [TEST_STEP][PASSED] - setText: Text '1234' is set on object 'Object Repository/Page_Metafour User Login/input_Login_j_password'

2018-09-26 11:13:57 - [MESSAGE][PASSED] - Text '1234' is set on object 'Object Repository/Page_Metafour User Login/input_Login_j_password'

2018-09-26 11:13:57 - [TEST_STEP][PASSED] - click: Object: 'Object Repository/Page_Metafour User Login/button_Sign in' is clicked on

2018-09-26 11:14:00 - [MESSAGE][PASSED] - Object: 'Object Repository/Page_Metafour User Login/button_Sign in' is clicked on

2018-09-26 11:14:00 - [TEST_STEP][PASSED] - delay: Delayed 3 second(s)

2018-09-26 11:14:03 - [MESSAGE][PASSED] - Delayed 3 second(s)

2018-09-26 11:14:03 - [TEST_STEP][PASSED] - verifyElementNotPresent: Web element with id: 'Object Repository/Page_Metafour User Login/div_Sorry login failed' located by 'By.xpath: //div[@id='customerrormessagediv']' is not present after '30' second(s)

2018-09-26 11:14:03 - [MESSAGE][WARNING] - Timeout '0' is invalid. Using default page load timeout: '30'

2018-09-26 11:14:04 - [MESSAGE][PASSED] - Web element with id: 'Object Repository/Page_Metafour User Login/div_Sorry login failed' located by 'By.xpath: //div[@id='customerrormessagediv']' is not present after '30' second(s)

2018-09-26 11:14:04 - [TEST_STEP][PASSED] - closeBrowser: Browser is closed

2018-09-26 11:14:04 - [MESSAGE][PASSED] - Browser is closed]]></system-out>
         <system-err><![CDATA[]]></system-err>
      </testcase>
      <testcase name="Test Cases/nc_cp_login_test" classname="Test Cases/nc_cp_login_test" status="PASSED">
         <system-out><![CDATA[2018-09-26 11:14:04 - [TEST_CASE][PASSED] - Test Cases/nc_cp_login_test: Test Cases/nc_cp_login_test

2018-09-26 11:14:04 - [TEST_STEP][PASSED] - openBrowser: Browser is opened with url: 'https://swisspostsolutions.metafour.com/ub1737/'

2018-09-26 11:14:10 - [MESSAGE][PASSED] - Browser is opened with url: 'https://swisspostsolutions.metafour.com/ub1737/'

2018-09-26 11:14:10 - [TEST_STEP][PASSED] - navigateToUrl: Navigate to 'https://swisspostsolutions.metafour.com/ub1737/' successfully

2018-09-26 11:14:10 - [MESSAGE][PASSED] - Navigate to 'https://swisspostsolutions.metafour.com/ub1737/' successfully

2018-09-26 11:14:10 - [TEST_STEP][PASSED] - setText: Text 'dummy' is set on object 'Object Repository/Page_Metafour User Login/input_Login_access_code'

2018-09-26 11:14:15 - [MESSAGE][PASSED] - Text 'dummy' is set on object 'Object Repository/Page_Metafour User Login/input_Login_access_code'

2018-09-26 11:14:15 - [TEST_STEP][PASSED] - setText: Text 'Hasan' is set on object 'Object Repository/Page_Metafour User Login/input_Login_login'

2018-09-26 11:14:15 - [MESSAGE][PASSED] - Text 'Hasan' is set on object 'Object Repository/Page_Metafour User Login/input_Login_login'

2018-09-26 11:14:15 - [TEST_STEP][PASSED] - setText: Text 'hasan' is set on object 'Object Repository/Page_Metafour User Login/input_Login_j_password'

2018-09-26 11:14:15 - [MESSAGE][PASSED] - Text 'hasan' is set on object 'Object Repository/Page_Metafour User Login/input_Login_j_password'

2018-09-26 11:14:15 - [TEST_STEP][PASSED] - click: Object: 'Object Repository/Page_Metafour User Login/button_Sign in' is clicked on

2018-09-26 11:14:21 - [MESSAGE][PASSED] - Object: 'Object Repository/Page_Metafour User Login/button_Sign in' is clicked on

2018-09-26 11:14:21 - [TEST_STEP][PASSED] - delay: Delayed 3 second(s)

2018-09-26 11:14:24 - [MESSAGE][PASSED] - Delayed 3 second(s)

2018-09-26 11:14:24 - [TEST_STEP][PASSED] - verifyElementNotPresent: Web element with id: 'Object Repository/Page_Metafour User Login/div_Sorry login failed' located by 'By.xpath: //div[@id='customerrormessagediv']' is not present after '30' second(s)

2018-09-26 11:14:24 - [MESSAGE][WARNING] - Timeout '0' is invalid. Using default page load timeout: '30'

2018-09-26 11:14:24 - [MESSAGE][PASSED] - Web element with id: 'Object Repository/Page_Metafour User Login/div_Sorry login failed' located by 'By.xpath: //div[@id='customerrormessagediv']' is not present after '30' second(s)

2018-09-26 11:14:24 - [TEST_STEP][PASSED] - closeBrowser: Browser is closed

2018-09-26 11:14:24 - [MESSAGE][PASSED] - Browser is closed]]></system-out>
         <system-err><![CDATA[]]></system-err>
      </testcase>
      <testcase name="Test Cases/nc_cp_login_test" classname="Test Cases/nc_cp_login_test" status="PASSED">
         <system-out><![CDATA[2018-09-26 11:14:24 - [TEST_CASE][PASSED] - Test Cases/nc_cp_login_test: Test Cases/nc_cp_login_test

2018-09-26 11:14:24 - [TEST_STEP][PASSED] - openBrowser: Browser is opened with url: 'https://swisspostsolutions.metafour.com/ub9761/'

2018-09-26 11:14:30 - [MESSAGE][PASSED] - Browser is opened with url: 'https://swisspostsolutions.metafour.com/ub9761/'

2018-09-26 11:14:30 - [TEST_STEP][PASSED] - navigateToUrl: Navigate to 'https://swisspostsolutions.metafour.com/ub9761/' successfully

2018-09-26 11:14:31 - [MESSAGE][PASSED] - Navigate to 'https://swisspostsolutions.metafour.com/ub9761/' successfully

2018-09-26 11:14:31 - [TEST_STEP][PASSED] - setText: Text 'dummy' is set on object 'Object Repository/Page_Metafour User Login/input_Login_access_code'

2018-09-26 11:14:35 - [MESSAGE][PASSED] - Text 'dummy' is set on object 'Object Repository/Page_Metafour User Login/input_Login_access_code'

2018-09-26 11:14:35 - [TEST_STEP][PASSED] - setText: Text 'Hasan' is set on object 'Object Repository/Page_Metafour User Login/input_Login_login'

2018-09-26 11:14:35 - [MESSAGE][PASSED] - Text 'Hasan' is set on object 'Object Repository/Page_Metafour User Login/input_Login_login'

2018-09-26 11:14:35 - [TEST_STEP][PASSED] - setText: Text 'hasan' is set on object 'Object Repository/Page_Metafour User Login/input_Login_j_password'

2018-09-26 11:14:36 - [MESSAGE][PASSED] - Text 'hasan' is set on object 'Object Repository/Page_Metafour User Login/input_Login_j_password'

2018-09-26 11:14:36 - [TEST_STEP][PASSED] - click: Object: 'Object Repository/Page_Metafour User Login/button_Sign in' is clicked on

2018-09-26 11:14:43 - [MESSAGE][PASSED] - Object: 'Object Repository/Page_Metafour User Login/button_Sign in' is clicked on

2018-09-26 11:14:43 - [TEST_STEP][PASSED] - delay: Delayed 3 second(s)

2018-09-26 11:14:46 - [MESSAGE][PASSED] - Delayed 3 second(s)

2018-09-26 11:14:46 - [TEST_STEP][PASSED] - verifyElementNotPresent: Web element with id: 'Object Repository/Page_Metafour User Login/div_Sorry login failed' located by 'By.xpath: //div[@id='customerrormessagediv']' is not present after '30' second(s)

2018-09-26 11:14:46 - [MESSAGE][WARNING] - Timeout '0' is invalid. Using default page load timeout: '30'

2018-09-26 11:14:46 - [MESSAGE][PASSED] - Web element with id: 'Object Repository/Page_Metafour User Login/div_Sorry login failed' located by 'By.xpath: //div[@id='customerrormessagediv']' is not present after '30' second(s)

2018-09-26 11:14:46 - [TEST_STEP][PASSED] - closeBrowser: Browser is closed

2018-09-26 11:14:46 - [MESSAGE][PASSED] - Browser is closed]]></system-out>
         <system-err><![CDATA[]]></system-err>
      </testcase>
      <testcase name="Test Cases/nc_cp_login_test" classname="Test Cases/nc_cp_login_test" status="PASSED">
         <system-out><![CDATA[2018-09-26 11:14:46 - [TEST_CASE][PASSED] - Test Cases/nc_cp_login_test: Test Cases/nc_cp_login_test

2018-09-26 11:14:46 - [TEST_STEP][PASSED] - openBrowser: Browser is opened with url: 'https://swisspostsolutions.metafour.com/ub7588/'

2018-09-26 11:14:52 - [MESSAGE][PASSED] - Browser is opened with url: 'https://swisspostsolutions.metafour.com/ub7588/'

2018-09-26 11:14:52 - [TEST_STEP][PASSED] - navigateToUrl: Navigate to 'https://swisspostsolutions.metafour.com/ub7588/' successfully

2018-09-26 11:14:53 - [MESSAGE][PASSED] - Navigate to 'https://swisspostsolutions.metafour.com/ub7588/' successfully

2018-09-26 11:14:53 - [TEST_STEP][PASSED] - setText: Text 'sps' is set on object 'Object Repository/Page_Metafour User Login/input_Login_access_code'

2018-09-26 11:14:57 - [MESSAGE][PASSED] - Text 'sps' is set on object 'Object Repository/Page_Metafour User Login/input_Login_access_code'

2018-09-26 11:14:57 - [TEST_STEP][PASSED] - setText: Text 'Hasan' is set on object 'Object Repository/Page_Metafour User Login/input_Login_login'

2018-09-26 11:14:57 - [MESSAGE][PASSED] - Text 'Hasan' is set on object 'Object Repository/Page_Metafour User Login/input_Login_login'

2018-09-26 11:14:57 - [TEST_STEP][PASSED] - setText: Text 'Mfasia%125' is set on object 'Object Repository/Page_Metafour User Login/input_Login_j_password'

2018-09-26 11:14:57 - [MESSAGE][PASSED] - Text 'Mfasia%125' is set on object 'Object Repository/Page_Metafour User Login/input_Login_j_password'

2018-09-26 11:14:57 - [TEST_STEP][PASSED] - click: Object: 'Object Repository/Page_Metafour User Login/button_Sign in' is clicked on

2018-09-26 11:15:01 - [MESSAGE][PASSED] - Object: 'Object Repository/Page_Metafour User Login/button_Sign in' is clicked on

2018-09-26 11:15:01 - [TEST_STEP][PASSED] - delay: Delayed 3 second(s)

2018-09-26 11:15:04 - [MESSAGE][PASSED] - Delayed 3 second(s)

2018-09-26 11:15:04 - [TEST_STEP][PASSED] - verifyElementNotPresent: Web element with id: 'Object Repository/Page_Metafour User Login/div_Sorry login failed' located by 'By.xpath: //div[@id='customerrormessagediv']' is not present after '30' second(s)

2018-09-26 11:15:04 - [MESSAGE][WARNING] - Timeout '0' is invalid. Using default page load timeout: '30'

2018-09-26 11:15:04 - [MESSAGE][PASSED] - Web element with id: 'Object Repository/Page_Metafour User Login/div_Sorry login failed' located by 'By.xpath: //div[@id='customerrormessagediv']' is not present after '30' second(s)

2018-09-26 11:15:04 - [TEST_STEP][PASSED] - closeBrowser: Browser is closed

2018-09-26 11:15:04 - [MESSAGE][PASSED] - Browser is closed]]></system-out>
         <system-err><![CDATA[]]></system-err>
      </testcase>
      <testcase name="Test Cases/nc_cp_login_test" classname="Test Cases/nc_cp_login_test" status="FAILED">
         <failure type="FAILED" message="(Stack trace: com.kms.katalon.core.exception.StepFailedException: Unable to verify object 'Object Repository/Page_Metafour User Login/div_Sorry login failed' is not present (Root cause: Web element with id: 'Object Repository/Page_Metafour User Login/div_Sorry login failed' located by 'By.xpath: //div[@id='customerrormessagediv']' is present after '30' second(s))
	at com.kms.katalon.core.keyword.internal.KeywordMain.stepFailed(KeywordMain.groovy:36)
	at com.kms.katalon.core.webui.keyword.internal.WebUIKeywordMain.stepFailed(WebUIKeywordMain.groovy:65)
	at com.kms.katalon.core.webui.keyword.internal.WebUIKeywordMain.runKeyword(WebUIKeywordMain.groovy:27)
	at com.kms.katalon.core.webui.keyword.builtin.VerifyElementNotPresentKeyword.verifyElementNotPresent(VerifyElementNotPresentKeyword.groovy:118)
	at com.kms.katalon.core.webui.keyword.builtin.VerifyElementNotPresentKeyword.execute(VerifyElementNotPresentKeyword.groovy:68)
	at com.kms.katalon.core.keyword.internal.KeywordExecutor.executeKeywordForPlatform(KeywordExecutor.groovy:53)
	at com.kms.katalon.core.webui.keyword.WebUiBuiltInKeywords.verifyElementNotPresent(WebUiBuiltInKeywords.groovy:1467)
	at com.kms.katalon.core.webui.keyword.WebUiBuiltInKeywords$verifyElementNotPresent$3.call(Unknown Source)
	at Script1537190043452.run(Script1537190043452.groovy:31)
	at com.kms.katalon.core.main.ScriptEngine.run(ScriptEngine.java:183)
	at com.kms.katalon.core.main.ScriptEngine.runScriptAsRawText(ScriptEngine.java:108)
	at com.kms.katalon.core.main.TestCaseExecutor.runScript(TestCaseExecutor.java:294)
	at com.kms.katalon.core.main.TestCaseExecutor.doExecute(TestCaseExecutor.java:285)
	at com.kms.katalon.core.main.TestCaseExecutor.processExecutionPhase(TestCaseExecutor.java:264)
	at com.kms.katalon.core.main.TestCaseExecutor.accessMainPhase(TestCaseExecutor.java:256)
	at com.kms.katalon.core.main.TestCaseExecutor.execute(TestCaseExecutor.java:200)
	at com.kms.katalon.core.main.TestSuiteExecutor.accessTestCaseMainPhase(TestSuiteExecutor.java:129)
	at com.kms.katalon.core.main.TestSuiteExecutor.accessTestSuiteMainPhase(TestSuiteExecutor.java:112)
	at com.kms.katalon.core.main.TestSuiteExecutor.execute(TestSuiteExecutor.java:81)
	at com.kms.katalon.core.main.TestCaseMain.startTestSuite(TestCaseMain.java:142)
	at com.kms.katalon.core.main.TestCaseMain$startTestSuite$0.call(Unknown Source)
	at org.codehaus.groovy.runtime.callsite.CallSiteArray.defaultCall(CallSiteArray.java:48)
	at org.codehaus.groovy.runtime.callsite.AbstractCallSite.call(AbstractCallSite.java:113)
	at org.codehaus.groovy.runtime.callsite.AbstractCallSite.call(AbstractCallSite.java:141)
	at TempTestSuite1537937721688.run(TempTestSuite1537937721688.groovy:36)
	at groovy.lang.GroovyShell.runScriptOrMainOrTestOrRunnable(GroovyShell.java:263)
	at groovy.lang.GroovyShell.run(GroovyShell.java:518)
	at groovy.lang.GroovyShell.run(GroovyShell.java:507)
	at groovy.ui.GroovyMain.processOnce(GroovyMain.java:653)
	at groovy.ui.GroovyMain.run(GroovyMain.java:384)
	at groovy.ui.GroovyMain.process(GroovyMain.java:370)
	at groovy.ui.GroovyMain.processArgs(GroovyMain.java:129)
	at groovy.ui.GroovyMain.main(GroovyMain.java:109)
	at sun.reflect.NativeMethodAccessorImpl.invoke0(Native Method)
	at sun.reflect.NativeMethodAccessorImpl.invoke(NativeMethodAccessorImpl.java:62)
	at sun.reflect.DelegatingMethodAccessorImpl.invoke(DelegatingMethodAccessorImpl.java:43)
	at java.lang.reflect.Method.invoke(Method.java:498)
	at org.codehaus.groovy.tools.GroovyStarter.rootLoader(GroovyStarter.java:109)
	at org.codehaus.groovy.tools.GroovyStarter.main(GroovyStarter.java:131)
)"/>
         <system-out><![CDATA[2018-09-26 11:15:04 - [TEST_CASE][FAILED] - Test Cases/nc_cp_login_test: Test Cases/nc_cp_login_test FAILED because (of) (Stack trace: com.kms.katalon.core.exception.StepFailedException: Unable to verify object 'Object Repository/Page_Metafour User Login/div_Sorry login failed' is not present (Root cause: Web element with id: 'Object Repository/Page_Metafour User Login/div_Sorry login failed' located by 'By.xpath: //div[@id='customerrormessagediv']' is present after '30' second(s))
	at com.kms.katalon.core.keyword.internal.KeywordMain.stepFailed(KeywordMain.groovy:36)
	at com.kms.katalon.core.webui.keyword.internal.WebUIKeywordMain.stepFailed(WebUIKeywordMain.groovy:65)
	at com.kms.katalon.core.webui.keyword.internal.WebUIKeywordMain.runKeyword(WebUIKeywordMain.groovy:27)
	at com.kms.katalon.core.webui.keyword.builtin.VerifyElementNotPresentKeyword.verifyElementNotPresent(VerifyElementNotPresentKeyword.groovy:118)
	at com.kms.katalon.core.webui.keyword.builtin.VerifyElementNotPresentKeyword.execute(VerifyElementNotPresentKeyword.groovy:68)
	at com.kms.katalon.core.keyword.internal.KeywordExecutor.executeKeywordForPlatform(KeywordExecutor.groovy:53)
	at com.kms.katalon.core.webui.keyword.WebUiBuiltInKeywords.verifyElementNotPresent(WebUiBuiltInKeywords.groovy:1467)
	at com.kms.katalon.core.webui.keyword.WebUiBuiltInKeywords$verifyElementNotPresent$3.call(Unknown Source)
	at Script1537190043452.run(Script1537190043452.groovy:31)
	at com.kms.katalon.core.main.ScriptEngine.run(ScriptEngine.java:183)
	at com.kms.katalon.core.main.ScriptEngine.runScriptAsRawText(ScriptEngine.java:108)
	at com.kms.katalon.core.main.TestCaseExecutor.runScript(TestCaseExecutor.java:294)
	at com.kms.katalon.core.main.TestCaseExecutor.doExecute(TestCaseExecutor.java:285)
	at com.kms.katalon.core.main.TestCaseExecutor.processExecutionPhase(TestCaseExecutor.java:264)
	at com.kms.katalon.core.main.TestCaseExecutor.accessMainPhase(TestCaseExecutor.java:256)
	at com.kms.katalon.core.main.TestCaseExecutor.execute(TestCaseExecutor.java:200)
	at com.kms.katalon.core.main.TestSuiteExecutor.accessTestCaseMainPhase(TestSuiteExecutor.java:129)
	at com.kms.katalon.core.main.TestSuiteExecutor.accessTestSuiteMainPhase(TestSuiteExecutor.java:112)
	at com.kms.katalon.core.main.TestSuiteExecutor.execute(TestSuiteExecutor.java:81)
	at com.kms.katalon.core.main.TestCaseMain.startTestSuite(TestCaseMain.java:142)
	at com.kms.katalon.core.main.TestCaseMain$startTestSuite$0.call(Unknown Source)
	at org.codehaus.groovy.runtime.callsite.CallSiteArray.defaultCall(CallSiteArray.java:48)
	at org.codehaus.groovy.runtime.callsite.AbstractCallSite.call(AbstractCallSite.java:113)
	at org.codehaus.groovy.runtime.callsite.AbstractCallSite.call(AbstractCallSite.java:141)
	at TempTestSuite1537937721688.run(TempTestSuite1537937721688.groovy:36)
	at groovy.lang.GroovyShell.runScriptOrMainOrTestOrRunnable(GroovyShell.java:263)
	at groovy.lang.GroovyShell.run(GroovyShell.java:518)
	at groovy.lang.GroovyShell.run(GroovyShell.java:507)
	at groovy.ui.GroovyMain.processOnce(GroovyMain.java:653)
	at groovy.ui.GroovyMain.run(GroovyMain.java:384)
	at groovy.ui.GroovyMain.process(GroovyMain.java:370)
	at groovy.ui.GroovyMain.processArgs(GroovyMain.java:129)
	at groovy.ui.GroovyMain.main(GroovyMain.java:109)
	at sun.reflect.NativeMethodAccessorImpl.invoke0(Native Method)
	at sun.reflect.NativeMethodAccessorImpl.invoke(NativeMethodAccessorImpl.java:62)
	at sun.reflect.DelegatingMethodAccessorImpl.invoke(DelegatingMethodAccessorImpl.java:43)
	at java.lang.reflect.Method.invoke(Method.java:498)
	at org.codehaus.groovy.tools.GroovyStarter.rootLoader(GroovyStarter.java:109)
	at org.codehaus.groovy.tools.GroovyStarter.main(GroovyStarter.java:131)
)

2018-09-26 11:15:04 - [TEST_STEP][PASSED] - openBrowser: Browser is opened with url: 'https://swisspostsolutions.metafour.com/ub1788/'

2018-09-26 11:15:10 - [MESSAGE][PASSED] - Browser is opened with url: 'https://swisspostsolutions.metafour.com/ub1788/'

2018-09-26 11:15:10 - [TEST_STEP][PASSED] - navigateToUrl: Navigate to 'https://swisspostsolutions.metafour.com/ub1788/' successfully

2018-09-26 11:15:11 - [MESSAGE][PASSED] - Navigate to 'https://swisspostsolutions.metafour.com/ub1788/' successfully

2018-09-26 11:15:11 - [TEST_STEP][PASSED] - setText: Text 'PGSYD' is set on object 'Object Repository/Page_Metafour User Login/input_Login_access_code'

2018-09-26 11:15:15 - [MESSAGE][PASSED] - Text 'PGSYD' is set on object 'Object Repository/Page_Metafour User Login/input_Login_access_code'

2018-09-26 11:15:15 - [TEST_STEP][PASSED] - setText: Text 'Hasan' is set on object 'Object Repository/Page_Metafour User Login/input_Login_login'

2018-09-26 11:15:15 - [MESSAGE][PASSED] - Text 'Hasan' is set on object 'Object Repository/Page_Metafour User Login/input_Login_login'

2018-09-26 11:15:15 - [TEST_STEP][PASSED] - setText: Text 'hasan' is set on object 'Object Repository/Page_Metafour User Login/input_Login_j_password'

2018-09-26 11:15:16 - [MESSAGE][PASSED] - Text 'hasan' is set on object 'Object Repository/Page_Metafour User Login/input_Login_j_password'

2018-09-26 11:15:16 - [TEST_STEP][PASSED] - click: Object: 'Object Repository/Page_Metafour User Login/button_Sign in' is clicked on

2018-09-26 11:15:16 - [MESSAGE][PASSED] - Object: 'Object Repository/Page_Metafour User Login/button_Sign in' is clicked on

2018-09-26 11:15:16 - [TEST_STEP][PASSED] - delay: Delayed 3 second(s)

2018-09-26 11:15:19 - [MESSAGE][PASSED] - Delayed 3 second(s)

2018-09-26 11:15:19 - [TEST_STEP][FAILED] - verifyElementNotPresent: Unable to verify object 'Object Repository/Page_Metafour User Login/div_Sorry login failed' is not present (Root cause: Web element with id: 'Object Repository/Page_Metafour User Login/div_Sorry login failed' located by 'By.xpath: //div[@id='customerrormessagediv']' is present after '30' second(s))

2018-09-26 11:15:19 - [MESSAGE][WARNING] - Timeout '0' is invalid. Using default page load timeout: '30'

2018-09-26 11:15:50 - [MESSAGE][FAILED] - Web element with id: 'Object Repository/Page_Metafour User Login/div_Sorry login failed' located by 'By.xpath: //div[@id='customerrormessagediv']' is present after '30' second(s)
[[ATTACHMENT|C:\\Users\\mazha\\Katalon Studio\\m4-monitoring\\Reports\\nc-cp-bo-login-test-suit\\20180926_105521\\1537938950282.png]]

2018-09-26 11:15:50 - [MESSAGE][FAILED] - Unable to verify object 'Object Repository/Page_Metafour User Login/div_Sorry login failed' is not present (Root cause: Web element with id: 'Object Repository/Page_Metafour User Login/div_Sorry login failed' located by 'By.xpath: //div[@id='customerrormessagediv']' is present after '30' second(s))
[[ATTACHMENT|C:\\Users\\mazha\\Katalon Studio\\m4-monitoring\\Reports\\nc-cp-bo-login-test-suit\\20180926_105521\\1537938950537.png]]]]></system-out>
         <system-err><![CDATA[2018-09-26 11:15:04 - [TEST_CASE][FAILED] - Test Cases/nc_cp_login_test: Test Cases/nc_cp_login_test FAILED because (of) (Stack trace: com.kms.katalon.core.exception.StepFailedException: Unable to verify object 'Object Repository/Page_Metafour User Login/div_Sorry login failed' is not present (Root cause: Web element with id: 'Object Repository/Page_Metafour User Login/div_Sorry login failed' located by 'By.xpath: //div[@id='customerrormessagediv']' is present after '30' second(s))
	at com.kms.katalon.core.keyword.internal.KeywordMain.stepFailed(KeywordMain.groovy:36)
	at com.kms.katalon.core.webui.keyword.internal.WebUIKeywordMain.stepFailed(WebUIKeywordMain.groovy:65)
	at com.kms.katalon.core.webui.keyword.internal.WebUIKeywordMain.runKeyword(WebUIKeywordMain.groovy:27)
	at com.kms.katalon.core.webui.keyword.builtin.VerifyElementNotPresentKeyword.verifyElementNotPresent(VerifyElementNotPresentKeyword.groovy:118)
	at com.kms.katalon.core.webui.keyword.builtin.VerifyElementNotPresentKeyword.execute(VerifyElementNotPresentKeyword.groovy:68)
	at com.kms.katalon.core.keyword.internal.KeywordExecutor.executeKeywordForPlatform(KeywordExecutor.groovy:53)
	at com.kms.katalon.core.webui.keyword.WebUiBuiltInKeywords.verifyElementNotPresent(WebUiBuiltInKeywords.groovy:1467)
	at com.kms.katalon.core.webui.keyword.WebUiBuiltInKeywords$verifyElementNotPresent$3.call(Unknown Source)
	at Script1537190043452.run(Script1537190043452.groovy:31)
	at com.kms.katalon.core.main.ScriptEngine.run(ScriptEngine.java:183)
	at com.kms.katalon.core.main.ScriptEngine.runScriptAsRawText(ScriptEngine.java:108)
	at com.kms.katalon.core.main.TestCaseExecutor.runScript(TestCaseExecutor.java:294)
	at com.kms.katalon.core.main.TestCaseExecutor.doExecute(TestCaseExecutor.java:285)
	at com.kms.katalon.core.main.TestCaseExecutor.processExecutionPhase(TestCaseExecutor.java:264)
	at com.kms.katalon.core.main.TestCaseExecutor.accessMainPhase(TestCaseExecutor.java:256)
	at com.kms.katalon.core.main.TestCaseExecutor.execute(TestCaseExecutor.java:200)
	at com.kms.katalon.core.main.TestSuiteExecutor.accessTestCaseMainPhase(TestSuiteExecutor.java:129)
	at com.kms.katalon.core.main.TestSuiteExecutor.accessTestSuiteMainPhase(TestSuiteExecutor.java:112)
	at com.kms.katalon.core.main.TestSuiteExecutor.execute(TestSuiteExecutor.java:81)
	at com.kms.katalon.core.main.TestCaseMain.startTestSuite(TestCaseMain.java:142)
	at com.kms.katalon.core.main.TestCaseMain$startTestSuite$0.call(Unknown Source)
	at org.codehaus.groovy.runtime.callsite.CallSiteArray.defaultCall(CallSiteArray.java:48)
	at org.codehaus.groovy.runtime.callsite.AbstractCallSite.call(AbstractCallSite.java:113)
	at org.codehaus.groovy.runtime.callsite.AbstractCallSite.call(AbstractCallSite.java:141)
	at TempTestSuite1537937721688.run(TempTestSuite1537937721688.groovy:36)
	at groovy.lang.GroovyShell.runScriptOrMainOrTestOrRunnable(GroovyShell.java:263)
	at groovy.lang.GroovyShell.run(GroovyShell.java:518)
	at groovy.lang.GroovyShell.run(GroovyShell.java:507)
	at groovy.ui.GroovyMain.processOnce(GroovyMain.java:653)
	at groovy.ui.GroovyMain.run(GroovyMain.java:384)
	at groovy.ui.GroovyMain.process(GroovyMain.java:370)
	at groovy.ui.GroovyMain.processArgs(GroovyMain.java:129)
	at groovy.ui.GroovyMain.main(GroovyMain.java:109)
	at sun.reflect.NativeMethodAccessorImpl.invoke0(Native Method)
	at sun.reflect.NativeMethodAccessorImpl.invoke(NativeMethodAccessorImpl.java:62)
	at sun.reflect.DelegatingMethodAccessorImpl.invoke(DelegatingMethodAccessorImpl.java:43)
	at java.lang.reflect.Method.invoke(Method.java:498)
	at org.codehaus.groovy.tools.GroovyStarter.rootLoader(GroovyStarter.java:109)
	at org.codehaus.groovy.tools.GroovyStarter.main(GroovyStarter.java:131)
)]]></system-err>
      </testcase>
      <testcase name="Test Cases/nc_cp_login_test" classname="Test Cases/nc_cp_login_test" status="PASSED">
         <system-out><![CDATA[2018-09-26 11:15:50 - [TEST_CASE][PASSED] - Test Cases/nc_cp_login_test: Test Cases/nc_cp_login_test

2018-09-26 11:15:50 - [TEST_STEP][PASSED] - openBrowser: Browser is opened with url: 'https://swisspostsolutions.metafour.com/ub8499/'

2018-09-26 11:15:50 - [MESSAGE][WARNING] - A browser is already opened. Closing browser and opening a new one

2018-09-26 11:15:57 - [MESSAGE][PASSED] - Browser is opened with url: 'https://swisspostsolutions.metafour.com/ub8499/'

2018-09-26 11:15:57 - [TEST_STEP][PASSED] - navigateToUrl: Navigate to 'https://swisspostsolutions.metafour.com/ub8499/' successfully

2018-09-26 11:15:57 - [MESSAGE][PASSED] - Navigate to 'https://swisspostsolutions.metafour.com/ub8499/' successfully

2018-09-26 11:15:57 - [TEST_STEP][PASSED] - setText: Text 'spstest' is set on object 'Object Repository/Page_Metafour User Login/input_Login_access_code'

2018-09-26 11:16:02 - [MESSAGE][PASSED] - Text 'spstest' is set on object 'Object Repository/Page_Metafour User Login/input_Login_access_code'

2018-09-26 11:16:02 - [TEST_STEP][PASSED] - setText: Text 'clon' is set on object 'Object Repository/Page_Metafour User Login/input_Login_login'

2018-09-26 11:16:02 - [MESSAGE][PASSED] - Text 'clon' is set on object 'Object Repository/Page_Metafour User Login/input_Login_login'

2018-09-26 11:16:02 - [TEST_STEP][PASSED] - setText: Text 'MFasia%001' is set on object 'Object Repository/Page_Metafour User Login/input_Login_j_password'

2018-09-26 11:16:02 - [MESSAGE][PASSED] - Text 'MFasia%001' is set on object 'Object Repository/Page_Metafour User Login/input_Login_j_password'

2018-09-26 11:16:02 - [TEST_STEP][PASSED] - click: Object: 'Object Repository/Page_Metafour User Login/button_Sign in' is clicked on

2018-09-26 11:16:06 - [MESSAGE][PASSED] - Object: 'Object Repository/Page_Metafour User Login/button_Sign in' is clicked on

2018-09-26 11:16:06 - [TEST_STEP][PASSED] - delay: Delayed 3 second(s)

2018-09-26 11:16:09 - [MESSAGE][PASSED] - Delayed 3 second(s)

2018-09-26 11:16:09 - [TEST_STEP][PASSED] - verifyElementNotPresent: Web element with id: 'Object Repository/Page_Metafour User Login/div_Sorry login failed' located by 'By.xpath: //div[@id='customerrormessagediv']' is not present after '30' second(s)

2018-09-26 11:16:09 - [MESSAGE][WARNING] - Timeout '0' is invalid. Using default page load timeout: '30'

2018-09-26 11:16:09 - [MESSAGE][PASSED] - Web element with id: 'Object Repository/Page_Metafour User Login/div_Sorry login failed' located by 'By.xpath: //div[@id='customerrormessagediv']' is not present after '30' second(s)

2018-09-26 11:16:09 - [TEST_STEP][PASSED] - closeBrowser: Browser is closed

2018-09-26 11:16:10 - [MESSAGE][PASSED] - Browser is closed]]></system-out>
         <system-err><![CDATA[]]></system-err>
      </testcase>
      <testcase name="Test Cases/nc_cp_login_test" classname="Test Cases/nc_cp_login_test" status="FAILED">
         <failure type="FAILED" message="(Stack trace: com.kms.katalon.core.exception.StepFailedException: Unable to verify object 'Object Repository/Page_Metafour User Login/div_Sorry login failed' is not present (Root cause: Web element with id: 'Object Repository/Page_Metafour User Login/div_Sorry login failed' located by 'By.xpath: //div[@id='customerrormessagediv']' is present after '30' second(s))
	at com.kms.katalon.core.keyword.internal.KeywordMain.stepFailed(KeywordMain.groovy:36)
	at com.kms.katalon.core.webui.keyword.internal.WebUIKeywordMain.stepFailed(WebUIKeywordMain.groovy:65)
	at com.kms.katalon.core.webui.keyword.internal.WebUIKeywordMain.runKeyword(WebUIKeywordMain.groovy:27)
	at com.kms.katalon.core.webui.keyword.builtin.VerifyElementNotPresentKeyword.verifyElementNotPresent(VerifyElementNotPresentKeyword.groovy:118)
	at com.kms.katalon.core.webui.keyword.builtin.VerifyElementNotPresentKeyword.execute(VerifyElementNotPresentKeyword.groovy:68)
	at com.kms.katalon.core.keyword.internal.KeywordExecutor.executeKeywordForPlatform(KeywordExecutor.groovy:53)
	at com.kms.katalon.core.webui.keyword.WebUiBuiltInKeywords.verifyElementNotPresent(WebUiBuiltInKeywords.groovy:1467)
	at com.kms.katalon.core.webui.keyword.WebUiBuiltInKeywords$verifyElementNotPresent$3.call(Unknown Source)
	at Script1537190043452.run(Script1537190043452.groovy:31)
	at com.kms.katalon.core.main.ScriptEngine.run(ScriptEngine.java:183)
	at com.kms.katalon.core.main.ScriptEngine.runScriptAsRawText(ScriptEngine.java:108)
	at com.kms.katalon.core.main.TestCaseExecutor.runScript(TestCaseExecutor.java:294)
	at com.kms.katalon.core.main.TestCaseExecutor.doExecute(TestCaseExecutor.java:285)
	at com.kms.katalon.core.main.TestCaseExecutor.processExecutionPhase(TestCaseExecutor.java:264)
	at com.kms.katalon.core.main.TestCaseExecutor.accessMainPhase(TestCaseExecutor.java:256)
	at com.kms.katalon.core.main.TestCaseExecutor.execute(TestCaseExecutor.java:200)
	at com.kms.katalon.core.main.TestSuiteExecutor.accessTestCaseMainPhase(TestSuiteExecutor.java:129)
	at com.kms.katalon.core.main.TestSuiteExecutor.accessTestSuiteMainPhase(TestSuiteExecutor.java:112)
	at com.kms.katalon.core.main.TestSuiteExecutor.execute(TestSuiteExecutor.java:81)
	at com.kms.katalon.core.main.TestCaseMain.startTestSuite(TestCaseMain.java:142)
	at com.kms.katalon.core.main.TestCaseMain$startTestSuite$0.call(Unknown Source)
	at org.codehaus.groovy.runtime.callsite.CallSiteArray.defaultCall(CallSiteArray.java:48)
	at org.codehaus.groovy.runtime.callsite.AbstractCallSite.call(AbstractCallSite.java:113)
	at org.codehaus.groovy.runtime.callsite.AbstractCallSite.call(AbstractCallSite.java:141)
	at TempTestSuite1537937721688.run(TempTestSuite1537937721688.groovy:36)
	at groovy.lang.GroovyShell.runScriptOrMainOrTestOrRunnable(GroovyShell.java:263)
	at groovy.lang.GroovyShell.run(GroovyShell.java:518)
	at groovy.lang.GroovyShell.run(GroovyShell.java:507)
	at groovy.ui.GroovyMain.processOnce(GroovyMain.java:653)
	at groovy.ui.GroovyMain.run(GroovyMain.java:384)
	at groovy.ui.GroovyMain.process(GroovyMain.java:370)
	at groovy.ui.GroovyMain.processArgs(GroovyMain.java:129)
	at groovy.ui.GroovyMain.main(GroovyMain.java:109)
	at sun.reflect.NativeMethodAccessorImpl.invoke0(Native Method)
	at sun.reflect.NativeMethodAccessorImpl.invoke(NativeMethodAccessorImpl.java:62)
	at sun.reflect.DelegatingMethodAccessorImpl.invoke(DelegatingMethodAccessorImpl.java:43)
	at java.lang.reflect.Method.invoke(Method.java:498)
	at org.codehaus.groovy.tools.GroovyStarter.rootLoader(GroovyStarter.java:109)
	at org.codehaus.groovy.tools.GroovyStarter.main(GroovyStarter.java:131)
)"/>
         <system-out><![CDATA[2018-09-26 11:16:10 - [TEST_CASE][FAILED] - Test Cases/nc_cp_login_test: Test Cases/nc_cp_login_test FAILED because (of) (Stack trace: com.kms.katalon.core.exception.StepFailedException: Unable to verify object 'Object Repository/Page_Metafour User Login/div_Sorry login failed' is not present (Root cause: Web element with id: 'Object Repository/Page_Metafour User Login/div_Sorry login failed' located by 'By.xpath: //div[@id='customerrormessagediv']' is present after '30' second(s))
	at com.kms.katalon.core.keyword.internal.KeywordMain.stepFailed(KeywordMain.groovy:36)
	at com.kms.katalon.core.webui.keyword.internal.WebUIKeywordMain.stepFailed(WebUIKeywordMain.groovy:65)
	at com.kms.katalon.core.webui.keyword.internal.WebUIKeywordMain.runKeyword(WebUIKeywordMain.groovy:27)
	at com.kms.katalon.core.webui.keyword.builtin.VerifyElementNotPresentKeyword.verifyElementNotPresent(VerifyElementNotPresentKeyword.groovy:118)
	at com.kms.katalon.core.webui.keyword.builtin.VerifyElementNotPresentKeyword.execute(VerifyElementNotPresentKeyword.groovy:68)
	at com.kms.katalon.core.keyword.internal.KeywordExecutor.executeKeywordForPlatform(KeywordExecutor.groovy:53)
	at com.kms.katalon.core.webui.keyword.WebUiBuiltInKeywords.verifyElementNotPresent(WebUiBuiltInKeywords.groovy:1467)
	at com.kms.katalon.core.webui.keyword.WebUiBuiltInKeywords$verifyElementNotPresent$3.call(Unknown Source)
	at Script1537190043452.run(Script1537190043452.groovy:31)
	at com.kms.katalon.core.main.ScriptEngine.run(ScriptEngine.java:183)
	at com.kms.katalon.core.main.ScriptEngine.runScriptAsRawText(ScriptEngine.java:108)
	at com.kms.katalon.core.main.TestCaseExecutor.runScript(TestCaseExecutor.java:294)
	at com.kms.katalon.core.main.TestCaseExecutor.doExecute(TestCaseExecutor.java:285)
	at com.kms.katalon.core.main.TestCaseExecutor.processExecutionPhase(TestCaseExecutor.java:264)
	at com.kms.katalon.core.main.TestCaseExecutor.accessMainPhase(TestCaseExecutor.java:256)
	at com.kms.katalon.core.main.TestCaseExecutor.execute(TestCaseExecutor.java:200)
	at com.kms.katalon.core.main.TestSuiteExecutor.accessTestCaseMainPhase(TestSuiteExecutor.java:129)
	at com.kms.katalon.core.main.TestSuiteExecutor.accessTestSuiteMainPhase(TestSuiteExecutor.java:112)
	at com.kms.katalon.core.main.TestSuiteExecutor.execute(TestSuiteExecutor.java:81)
	at com.kms.katalon.core.main.TestCaseMain.startTestSuite(TestCaseMain.java:142)
	at com.kms.katalon.core.main.TestCaseMain$startTestSuite$0.call(Unknown Source)
	at org.codehaus.groovy.runtime.callsite.CallSiteArray.defaultCall(CallSiteArray.java:48)
	at org.codehaus.groovy.runtime.callsite.AbstractCallSite.call(AbstractCallSite.java:113)
	at org.codehaus.groovy.runtime.callsite.AbstractCallSite.call(AbstractCallSite.java:141)
	at TempTestSuite1537937721688.run(TempTestSuite1537937721688.groovy:36)
	at groovy.lang.GroovyShell.runScriptOrMainOrTestOrRunnable(GroovyShell.java:263)
	at groovy.lang.GroovyShell.run(GroovyShell.java:518)
	at groovy.lang.GroovyShell.run(GroovyShell.java:507)
	at groovy.ui.GroovyMain.processOnce(GroovyMain.java:653)
	at groovy.ui.GroovyMain.run(GroovyMain.java:384)
	at groovy.ui.GroovyMain.process(GroovyMain.java:370)
	at groovy.ui.GroovyMain.processArgs(GroovyMain.java:129)
	at groovy.ui.GroovyMain.main(GroovyMain.java:109)
	at sun.reflect.NativeMethodAccessorImpl.invoke0(Native Method)
	at sun.reflect.NativeMethodAccessorImpl.invoke(NativeMethodAccessorImpl.java:62)
	at sun.reflect.DelegatingMethodAccessorImpl.invoke(DelegatingMethodAccessorImpl.java:43)
	at java.lang.reflect.Method.invoke(Method.java:498)
	at org.codehaus.groovy.tools.GroovyStarter.rootLoader(GroovyStarter.java:109)
	at org.codehaus.groovy.tools.GroovyStarter.main(GroovyStarter.java:131)
)

2018-09-26 11:16:10 - [TEST_STEP][PASSED] - openBrowser: Browser is opened with url: 'https://swisspostsolutions.metafour.com/ub8893/'

2018-09-26 11:16:16 - [MESSAGE][PASSED] - Browser is opened with url: 'https://swisspostsolutions.metafour.com/ub8893/'

2018-09-26 11:16:16 - [TEST_STEP][PASSED] - navigateToUrl: Navigate to 'https://swisspostsolutions.metafour.com/ub8893/' successfully

2018-09-26 11:16:16 - [MESSAGE][PASSED] - Navigate to 'https://swisspostsolutions.metafour.com/ub8893/' successfully

2018-09-26 11:16:16 - [TEST_STEP][PASSED] - setText: Text 'dummy' is set on object 'Object Repository/Page_Metafour User Login/input_Login_access_code'

2018-09-26 11:16:20 - [MESSAGE][PASSED] - Text 'dummy' is set on object 'Object Repository/Page_Metafour User Login/input_Login_access_code'

2018-09-26 11:16:20 - [TEST_STEP][PASSED] - setText: Text 'seratun' is set on object 'Object Repository/Page_Metafour User Login/input_Login_login'

2018-09-26 11:16:21 - [MESSAGE][PASSED] - Text 'seratun' is set on object 'Object Repository/Page_Metafour User Login/input_Login_login'

2018-09-26 11:16:21 - [TEST_STEP][PASSED] - setText: Text 'MFasia%002' is set on object 'Object Repository/Page_Metafour User Login/input_Login_j_password'

2018-09-26 11:16:21 - [MESSAGE][PASSED] - Text 'MFasia%002' is set on object 'Object Repository/Page_Metafour User Login/input_Login_j_password'

2018-09-26 11:16:21 - [TEST_STEP][PASSED] - click: Object: 'Object Repository/Page_Metafour User Login/button_Sign in' is clicked on

2018-09-26 11:16:22 - [MESSAGE][PASSED] - Object: 'Object Repository/Page_Metafour User Login/button_Sign in' is clicked on

2018-09-26 11:16:22 - [TEST_STEP][PASSED] - delay: Delayed 3 second(s)

2018-09-26 11:16:25 - [MESSAGE][PASSED] - Delayed 3 second(s)

2018-09-26 11:16:25 - [TEST_STEP][FAILED] - verifyElementNotPresent: Unable to verify object 'Object Repository/Page_Metafour User Login/div_Sorry login failed' is not present (Root cause: Web element with id: 'Object Repository/Page_Metafour User Login/div_Sorry login failed' located by 'By.xpath: //div[@id='customerrormessagediv']' is present after '30' second(s))

2018-09-26 11:16:25 - [MESSAGE][WARNING] - Timeout '0' is invalid. Using default page load timeout: '30'

2018-09-26 11:16:55 - [MESSAGE][FAILED] - Web element with id: 'Object Repository/Page_Metafour User Login/div_Sorry login failed' located by 'By.xpath: //div[@id='customerrormessagediv']' is present after '30' second(s)
[[ATTACHMENT|C:\\Users\\mazha\\Katalon Studio\\m4-monitoring\\Reports\\nc-cp-bo-login-test-suit\\20180926_105521\\1537939015466.png]]

2018-09-26 11:16:56 - [MESSAGE][FAILED] - Unable to verify object 'Object Repository/Page_Metafour User Login/div_Sorry login failed' is not present (Root cause: Web element with id: 'Object Repository/Page_Metafour User Login/div_Sorry login failed' located by 'By.xpath: //div[@id='customerrormessagediv']' is present after '30' second(s))
[[ATTACHMENT|C:\\Users\\mazha\\Katalon Studio\\m4-monitoring\\Reports\\nc-cp-bo-login-test-suit\\20180926_105521\\1537939015725.png]]]]></system-out>
         <system-err><![CDATA[2018-09-26 11:16:10 - [TEST_CASE][FAILED] - Test Cases/nc_cp_login_test: Test Cases/nc_cp_login_test FAILED because (of) (Stack trace: com.kms.katalon.core.exception.StepFailedException: Unable to verify object 'Object Repository/Page_Metafour User Login/div_Sorry login failed' is not present (Root cause: Web element with id: 'Object Repository/Page_Metafour User Login/div_Sorry login failed' located by 'By.xpath: //div[@id='customerrormessagediv']' is present after '30' second(s))
	at com.kms.katalon.core.keyword.internal.KeywordMain.stepFailed(KeywordMain.groovy:36)
	at com.kms.katalon.core.webui.keyword.internal.WebUIKeywordMain.stepFailed(WebUIKeywordMain.groovy:65)
	at com.kms.katalon.core.webui.keyword.internal.WebUIKeywordMain.runKeyword(WebUIKeywordMain.groovy:27)
	at com.kms.katalon.core.webui.keyword.builtin.VerifyElementNotPresentKeyword.verifyElementNotPresent(VerifyElementNotPresentKeyword.groovy:118)
	at com.kms.katalon.core.webui.keyword.builtin.VerifyElementNotPresentKeyword.execute(VerifyElementNotPresentKeyword.groovy:68)
	at com.kms.katalon.core.keyword.internal.KeywordExecutor.executeKeywordForPlatform(KeywordExecutor.groovy:53)
	at com.kms.katalon.core.webui.keyword.WebUiBuiltInKeywords.verifyElementNotPresent(WebUiBuiltInKeywords.groovy:1467)
	at com.kms.katalon.core.webui.keyword.WebUiBuiltInKeywords$verifyElementNotPresent$3.call(Unknown Source)
	at Script1537190043452.run(Script1537190043452.groovy:31)
	at com.kms.katalon.core.main.ScriptEngine.run(ScriptEngine.java:183)
	at com.kms.katalon.core.main.ScriptEngine.runScriptAsRawText(ScriptEngine.java:108)
	at com.kms.katalon.core.main.TestCaseExecutor.runScript(TestCaseExecutor.java:294)
	at com.kms.katalon.core.main.TestCaseExecutor.doExecute(TestCaseExecutor.java:285)
	at com.kms.katalon.core.main.TestCaseExecutor.processExecutionPhase(TestCaseExecutor.java:264)
	at com.kms.katalon.core.main.TestCaseExecutor.accessMainPhase(TestCaseExecutor.java:256)
	at com.kms.katalon.core.main.TestCaseExecutor.execute(TestCaseExecutor.java:200)
	at com.kms.katalon.core.main.TestSuiteExecutor.accessTestCaseMainPhase(TestSuiteExecutor.java:129)
	at com.kms.katalon.core.main.TestSuiteExecutor.accessTestSuiteMainPhase(TestSuiteExecutor.java:112)
	at com.kms.katalon.core.main.TestSuiteExecutor.execute(TestSuiteExecutor.java:81)
	at com.kms.katalon.core.main.TestCaseMain.startTestSuite(TestCaseMain.java:142)
	at com.kms.katalon.core.main.TestCaseMain$startTestSuite$0.call(Unknown Source)
	at org.codehaus.groovy.runtime.callsite.CallSiteArray.defaultCall(CallSiteArray.java:48)
	at org.codehaus.groovy.runtime.callsite.AbstractCallSite.call(AbstractCallSite.java:113)
	at org.codehaus.groovy.runtime.callsite.AbstractCallSite.call(AbstractCallSite.java:141)
	at TempTestSuite1537937721688.run(TempTestSuite1537937721688.groovy:36)
	at groovy.lang.GroovyShell.runScriptOrMainOrTestOrRunnable(GroovyShell.java:263)
	at groovy.lang.GroovyShell.run(GroovyShell.java:518)
	at groovy.lang.GroovyShell.run(GroovyShell.java:507)
	at groovy.ui.GroovyMain.processOnce(GroovyMain.java:653)
	at groovy.ui.GroovyMain.run(GroovyMain.java:384)
	at groovy.ui.GroovyMain.process(GroovyMain.java:370)
	at groovy.ui.GroovyMain.processArgs(GroovyMain.java:129)
	at groovy.ui.GroovyMain.main(GroovyMain.java:109)
	at sun.reflect.NativeMethodAccessorImpl.invoke0(Native Method)
	at sun.reflect.NativeMethodAccessorImpl.invoke(NativeMethodAccessorImpl.java:62)
	at sun.reflect.DelegatingMethodAccessorImpl.invoke(DelegatingMethodAccessorImpl.java:43)
	at java.lang.reflect.Method.invoke(Method.java:498)
	at org.codehaus.groovy.tools.GroovyStarter.rootLoader(GroovyStarter.java:109)
	at org.codehaus.groovy.tools.GroovyStarter.main(GroovyStarter.java:131)
)]]></system-err>
      </testcase>
      <testcase name="Test Cases/nc_cp_login_test" classname="Test Cases/nc_cp_login_test" status="FAILED">
         <failure type="FAILED" message="(Stack trace: com.kms.katalon.core.exception.StepFailedException: Unable to verify object 'Object Repository/Page_Metafour User Login/div_Sorry login failed' is not present (Root cause: Web element with id: 'Object Repository/Page_Metafour User Login/div_Sorry login failed' located by 'By.xpath: //div[@id='customerrormessagediv']' is present after '30' second(s))
	at com.kms.katalon.core.keyword.internal.KeywordMain.stepFailed(KeywordMain.groovy:36)
	at com.kms.katalon.core.webui.keyword.internal.WebUIKeywordMain.stepFailed(WebUIKeywordMain.groovy:65)
	at com.kms.katalon.core.webui.keyword.internal.WebUIKeywordMain.runKeyword(WebUIKeywordMain.groovy:27)
	at com.kms.katalon.core.webui.keyword.builtin.VerifyElementNotPresentKeyword.verifyElementNotPresent(VerifyElementNotPresentKeyword.groovy:118)
	at com.kms.katalon.core.webui.keyword.builtin.VerifyElementNotPresentKeyword.execute(VerifyElementNotPresentKeyword.groovy:68)
	at com.kms.katalon.core.keyword.internal.KeywordExecutor.executeKeywordForPlatform(KeywordExecutor.groovy:53)
	at com.kms.katalon.core.webui.keyword.WebUiBuiltInKeywords.verifyElementNotPresent(WebUiBuiltInKeywords.groovy:1467)
	at com.kms.katalon.core.webui.keyword.WebUiBuiltInKeywords$verifyElementNotPresent$3.call(Unknown Source)
	at Script1537190043452.run(Script1537190043452.groovy:31)
	at com.kms.katalon.core.main.ScriptEngine.run(ScriptEngine.java:183)
	at com.kms.katalon.core.main.ScriptEngine.runScriptAsRawText(ScriptEngine.java:108)
	at com.kms.katalon.core.main.TestCaseExecutor.runScript(TestCaseExecutor.java:294)
	at com.kms.katalon.core.main.TestCaseExecutor.doExecute(TestCaseExecutor.java:285)
	at com.kms.katalon.core.main.TestCaseExecutor.processExecutionPhase(TestCaseExecutor.java:264)
	at com.kms.katalon.core.main.TestCaseExecutor.accessMainPhase(TestCaseExecutor.java:256)
	at com.kms.katalon.core.main.TestCaseExecutor.execute(TestCaseExecutor.java:200)
	at com.kms.katalon.core.main.TestSuiteExecutor.accessTestCaseMainPhase(TestSuiteExecutor.java:129)
	at com.kms.katalon.core.main.TestSuiteExecutor.accessTestSuiteMainPhase(TestSuiteExecutor.java:112)
	at com.kms.katalon.core.main.TestSuiteExecutor.execute(TestSuiteExecutor.java:81)
	at com.kms.katalon.core.main.TestCaseMain.startTestSuite(TestCaseMain.java:142)
	at com.kms.katalon.core.main.TestCaseMain$startTestSuite$0.call(Unknown Source)
	at org.codehaus.groovy.runtime.callsite.CallSiteArray.defaultCall(CallSiteArray.java:48)
	at org.codehaus.groovy.runtime.callsite.AbstractCallSite.call(AbstractCallSite.java:113)
	at org.codehaus.groovy.runtime.callsite.AbstractCallSite.call(AbstractCallSite.java:141)
	at TempTestSuite1537937721688.run(TempTestSuite1537937721688.groovy:36)
	at groovy.lang.GroovyShell.runScriptOrMainOrTestOrRunnable(GroovyShell.java:263)
	at groovy.lang.GroovyShell.run(GroovyShell.java:518)
	at groovy.lang.GroovyShell.run(GroovyShell.java:507)
	at groovy.ui.GroovyMain.processOnce(GroovyMain.java:653)
	at groovy.ui.GroovyMain.run(GroovyMain.java:384)
	at groovy.ui.GroovyMain.process(GroovyMain.java:370)
	at groovy.ui.GroovyMain.processArgs(GroovyMain.java:129)
	at groovy.ui.GroovyMain.main(GroovyMain.java:109)
	at sun.reflect.NativeMethodAccessorImpl.invoke0(Native Method)
	at sun.reflect.NativeMethodAccessorImpl.invoke(NativeMethodAccessorImpl.java:62)
	at sun.reflect.DelegatingMethodAccessorImpl.invoke(DelegatingMethodAccessorImpl.java:43)
	at java.lang.reflect.Method.invoke(Method.java:498)
	at org.codehaus.groovy.tools.GroovyStarter.rootLoader(GroovyStarter.java:109)
	at org.codehaus.groovy.tools.GroovyStarter.main(GroovyStarter.java:131)
)"/>
         <system-out><![CDATA[2018-09-26 11:16:56 - [TEST_CASE][FAILED] - Test Cases/nc_cp_login_test: Test Cases/nc_cp_login_test FAILED because (of) (Stack trace: com.kms.katalon.core.exception.StepFailedException: Unable to verify object 'Object Repository/Page_Metafour User Login/div_Sorry login failed' is not present (Root cause: Web element with id: 'Object Repository/Page_Metafour User Login/div_Sorry login failed' located by 'By.xpath: //div[@id='customerrormessagediv']' is present after '30' second(s))
	at com.kms.katalon.core.keyword.internal.KeywordMain.stepFailed(KeywordMain.groovy:36)
	at com.kms.katalon.core.webui.keyword.internal.WebUIKeywordMain.stepFailed(WebUIKeywordMain.groovy:65)
	at com.kms.katalon.core.webui.keyword.internal.WebUIKeywordMain.runKeyword(WebUIKeywordMain.groovy:27)
	at com.kms.katalon.core.webui.keyword.builtin.VerifyElementNotPresentKeyword.verifyElementNotPresent(VerifyElementNotPresentKeyword.groovy:118)
	at com.kms.katalon.core.webui.keyword.builtin.VerifyElementNotPresentKeyword.execute(VerifyElementNotPresentKeyword.groovy:68)
	at com.kms.katalon.core.keyword.internal.KeywordExecutor.executeKeywordForPlatform(KeywordExecutor.groovy:53)
	at com.kms.katalon.core.webui.keyword.WebUiBuiltInKeywords.verifyElementNotPresent(WebUiBuiltInKeywords.groovy:1467)
	at com.kms.katalon.core.webui.keyword.WebUiBuiltInKeywords$verifyElementNotPresent$3.call(Unknown Source)
	at Script1537190043452.run(Script1537190043452.groovy:31)
	at com.kms.katalon.core.main.ScriptEngine.run(ScriptEngine.java:183)
	at com.kms.katalon.core.main.ScriptEngine.runScriptAsRawText(ScriptEngine.java:108)
	at com.kms.katalon.core.main.TestCaseExecutor.runScript(TestCaseExecutor.java:294)
	at com.kms.katalon.core.main.TestCaseExecutor.doExecute(TestCaseExecutor.java:285)
	at com.kms.katalon.core.main.TestCaseExecutor.processExecutionPhase(TestCaseExecutor.java:264)
	at com.kms.katalon.core.main.TestCaseExecutor.accessMainPhase(TestCaseExecutor.java:256)
	at com.kms.katalon.core.main.TestCaseExecutor.execute(TestCaseExecutor.java:200)
	at com.kms.katalon.core.main.TestSuiteExecutor.accessTestCaseMainPhase(TestSuiteExecutor.java:129)
	at com.kms.katalon.core.main.TestSuiteExecutor.accessTestSuiteMainPhase(TestSuiteExecutor.java:112)
	at com.kms.katalon.core.main.TestSuiteExecutor.execute(TestSuiteExecutor.java:81)
	at com.kms.katalon.core.main.TestCaseMain.startTestSuite(TestCaseMain.java:142)
	at com.kms.katalon.core.main.TestCaseMain$startTestSuite$0.call(Unknown Source)
	at org.codehaus.groovy.runtime.callsite.CallSiteArray.defaultCall(CallSiteArray.java:48)
	at org.codehaus.groovy.runtime.callsite.AbstractCallSite.call(AbstractCallSite.java:113)
	at org.codehaus.groovy.runtime.callsite.AbstractCallSite.call(AbstractCallSite.java:141)
	at TempTestSuite1537937721688.run(TempTestSuite1537937721688.groovy:36)
	at groovy.lang.GroovyShell.runScriptOrMainOrTestOrRunnable(GroovyShell.java:263)
	at groovy.lang.GroovyShell.run(GroovyShell.java:518)
	at groovy.lang.GroovyShell.run(GroovyShell.java:507)
	at groovy.ui.GroovyMain.processOnce(GroovyMain.java:653)
	at groovy.ui.GroovyMain.run(GroovyMain.java:384)
	at groovy.ui.GroovyMain.process(GroovyMain.java:370)
	at groovy.ui.GroovyMain.processArgs(GroovyMain.java:129)
	at groovy.ui.GroovyMain.main(GroovyMain.java:109)
	at sun.reflect.NativeMethodAccessorImpl.invoke0(Native Method)
	at sun.reflect.NativeMethodAccessorImpl.invoke(NativeMethodAccessorImpl.java:62)
	at sun.reflect.DelegatingMethodAccessorImpl.invoke(DelegatingMethodAccessorImpl.java:43)
	at java.lang.reflect.Method.invoke(Method.java:498)
	at org.codehaus.groovy.tools.GroovyStarter.rootLoader(GroovyStarter.java:109)
	at org.codehaus.groovy.tools.GroovyStarter.main(GroovyStarter.java:131)
)

2018-09-26 11:16:56 - [TEST_STEP][PASSED] - openBrowser: Browser is opened with url: 'https://swisspostsolutions.metafour.com/ub1234/'

2018-09-26 11:16:56 - [MESSAGE][WARNING] - A browser is already opened. Closing browser and opening a new one

2018-09-26 11:17:05 - [MESSAGE][PASSED] - Browser is opened with url: 'https://swisspostsolutions.metafour.com/ub1234/'

2018-09-26 11:17:05 - [TEST_STEP][PASSED] - navigateToUrl: Navigate to 'https://swisspostsolutions.metafour.com/ub1234/' successfully

2018-09-26 11:17:06 - [MESSAGE][PASSED] - Navigate to 'https://swisspostsolutions.metafour.com/ub1234/' successfully

2018-09-26 11:17:06 - [TEST_STEP][PASSED] - setText: Text 'sps' is set on object 'Object Repository/Page_Metafour User Login/input_Login_access_code'

2018-09-26 11:17:12 - [MESSAGE][PASSED] - Text 'sps' is set on object 'Object Repository/Page_Metafour User Login/input_Login_access_code'

2018-09-26 11:17:12 - [TEST_STEP][PASSED] - setText: Text 'Jony' is set on object 'Object Repository/Page_Metafour User Login/input_Login_login'

2018-09-26 11:17:12 - [MESSAGE][PASSED] - Text 'Jony' is set on object 'Object Repository/Page_Metafour User Login/input_Login_login'

2018-09-26 11:17:12 - [TEST_STEP][PASSED] - setText: Text 'spsdemo0321' is set on object 'Object Repository/Page_Metafour User Login/input_Login_j_password'

2018-09-26 11:17:12 - [MESSAGE][PASSED] - Text 'spsdemo0321' is set on object 'Object Repository/Page_Metafour User Login/input_Login_j_password'

2018-09-26 11:17:12 - [TEST_STEP][PASSED] - click: Object: 'Object Repository/Page_Metafour User Login/button_Sign in' is clicked on

2018-09-26 11:17:13 - [MESSAGE][PASSED] - Object: 'Object Repository/Page_Metafour User Login/button_Sign in' is clicked on

2018-09-26 11:17:13 - [TEST_STEP][PASSED] - delay: Delayed 3 second(s)

2018-09-26 11:17:16 - [MESSAGE][PASSED] - Delayed 3 second(s)

2018-09-26 11:17:16 - [TEST_STEP][FAILED] - verifyElementNotPresent: Unable to verify object 'Object Repository/Page_Metafour User Login/div_Sorry login failed' is not present (Root cause: Web element with id: 'Object Repository/Page_Metafour User Login/div_Sorry login failed' located by 'By.xpath: //div[@id='customerrormessagediv']' is present after '30' second(s))

2018-09-26 11:17:16 - [MESSAGE][WARNING] - Timeout '0' is invalid. Using default page load timeout: '30'

2018-09-26 11:17:46 - [MESSAGE][FAILED] - Web element with id: 'Object Repository/Page_Metafour User Login/div_Sorry login failed' located by 'By.xpath: //div[@id='customerrormessagediv']' is present after '30' second(s)
[[ATTACHMENT|C:\\Users\\mazha\\Katalon Studio\\m4-monitoring\\Reports\\nc-cp-bo-login-test-suit\\20180926_105521\\1537939066563.png]]

2018-09-26 11:17:47 - [MESSAGE][FAILED] - Unable to verify object 'Object Repository/Page_Metafour User Login/div_Sorry login failed' is not present (Root cause: Web element with id: 'Object Repository/Page_Metafour User Login/div_Sorry login failed' located by 'By.xpath: //div[@id='customerrormessagediv']' is present after '30' second(s))
[[ATTACHMENT|C:\\Users\\mazha\\Katalon Studio\\m4-monitoring\\Reports\\nc-cp-bo-login-test-suit\\20180926_105521\\1537939066819.png]]]]></system-out>
         <system-err><![CDATA[2018-09-26 11:16:56 - [TEST_CASE][FAILED] - Test Cases/nc_cp_login_test: Test Cases/nc_cp_login_test FAILED because (of) (Stack trace: com.kms.katalon.core.exception.StepFailedException: Unable to verify object 'Object Repository/Page_Metafour User Login/div_Sorry login failed' is not present (Root cause: Web element with id: 'Object Repository/Page_Metafour User Login/div_Sorry login failed' located by 'By.xpath: //div[@id='customerrormessagediv']' is present after '30' second(s))
	at com.kms.katalon.core.keyword.internal.KeywordMain.stepFailed(KeywordMain.groovy:36)
	at com.kms.katalon.core.webui.keyword.internal.WebUIKeywordMain.stepFailed(WebUIKeywordMain.groovy:65)
	at com.kms.katalon.core.webui.keyword.internal.WebUIKeywordMain.runKeyword(WebUIKeywordMain.groovy:27)
	at com.kms.katalon.core.webui.keyword.builtin.VerifyElementNotPresentKeyword.verifyElementNotPresent(VerifyElementNotPresentKeyword.groovy:118)
	at com.kms.katalon.core.webui.keyword.builtin.VerifyElementNotPresentKeyword.execute(VerifyElementNotPresentKeyword.groovy:68)
	at com.kms.katalon.core.keyword.internal.KeywordExecutor.executeKeywordForPlatform(KeywordExecutor.groovy:53)
	at com.kms.katalon.core.webui.keyword.WebUiBuiltInKeywords.verifyElementNotPresent(WebUiBuiltInKeywords.groovy:1467)
	at com.kms.katalon.core.webui.keyword.WebUiBuiltInKeywords$verifyElementNotPresent$3.call(Unknown Source)
	at Script1537190043452.run(Script1537190043452.groovy:31)
	at com.kms.katalon.core.main.ScriptEngine.run(ScriptEngine.java:183)
	at com.kms.katalon.core.main.ScriptEngine.runScriptAsRawText(ScriptEngine.java:108)
	at com.kms.katalon.core.main.TestCaseExecutor.runScript(TestCaseExecutor.java:294)
	at com.kms.katalon.core.main.TestCaseExecutor.doExecute(TestCaseExecutor.java:285)
	at com.kms.katalon.core.main.TestCaseExecutor.processExecutionPhase(TestCaseExecutor.java:264)
	at com.kms.katalon.core.main.TestCaseExecutor.accessMainPhase(TestCaseExecutor.java:256)
	at com.kms.katalon.core.main.TestCaseExecutor.execute(TestCaseExecutor.java:200)
	at com.kms.katalon.core.main.TestSuiteExecutor.accessTestCaseMainPhase(TestSuiteExecutor.java:129)
	at com.kms.katalon.core.main.TestSuiteExecutor.accessTestSuiteMainPhase(TestSuiteExecutor.java:112)
	at com.kms.katalon.core.main.TestSuiteExecutor.execute(TestSuiteExecutor.java:81)
	at com.kms.katalon.core.main.TestCaseMain.startTestSuite(TestCaseMain.java:142)
	at com.kms.katalon.core.main.TestCaseMain$startTestSuite$0.call(Unknown Source)
	at org.codehaus.groovy.runtime.callsite.CallSiteArray.defaultCall(CallSiteArray.java:48)
	at org.codehaus.groovy.runtime.callsite.AbstractCallSite.call(AbstractCallSite.java:113)
	at org.codehaus.groovy.runtime.callsite.AbstractCallSite.call(AbstractCallSite.java:141)
	at TempTestSuite1537937721688.run(TempTestSuite1537937721688.groovy:36)
	at groovy.lang.GroovyShell.runScriptOrMainOrTestOrRunnable(GroovyShell.java:263)
	at groovy.lang.GroovyShell.run(GroovyShell.java:518)
	at groovy.lang.GroovyShell.run(GroovyShell.java:507)
	at groovy.ui.GroovyMain.processOnce(GroovyMain.java:653)
	at groovy.ui.GroovyMain.run(GroovyMain.java:384)
	at groovy.ui.GroovyMain.process(GroovyMain.java:370)
	at groovy.ui.GroovyMain.processArgs(GroovyMain.java:129)
	at groovy.ui.GroovyMain.main(GroovyMain.java:109)
	at sun.reflect.NativeMethodAccessorImpl.invoke0(Native Method)
	at sun.reflect.NativeMethodAccessorImpl.invoke(NativeMethodAccessorImpl.java:62)
	at sun.reflect.DelegatingMethodAccessorImpl.invoke(DelegatingMethodAccessorImpl.java:43)
	at java.lang.reflect.Method.invoke(Method.java:498)
	at org.codehaus.groovy.tools.GroovyStarter.rootLoader(GroovyStarter.java:109)
	at org.codehaus.groovy.tools.GroovyStarter.main(GroovyStarter.java:131)
)]]></system-err>
      </testcase>
      <testcase name="Test Cases/nc_cp_login_test" classname="Test Cases/nc_cp_login_test" status="PASSED">
         <system-out><![CDATA[2018-09-26 11:17:47 - [TEST_CASE][PASSED] - Test Cases/nc_cp_login_test: Test Cases/nc_cp_login_test

2018-09-26 11:17:47 - [TEST_STEP][PASSED] - openBrowser: Browser is opened with url: 'https://swisspostsolutions.metafour.com/ub8888/'

2018-09-26 11:17:47 - [MESSAGE][WARNING] - A browser is already opened. Closing browser and opening a new one

2018-09-26 11:17:53 - [MESSAGE][PASSED] - Browser is opened with url: 'https://swisspostsolutions.metafour.com/ub8888/'

2018-09-26 11:17:53 - [TEST_STEP][PASSED] - navigateToUrl: Navigate to 'https://swisspostsolutions.metafour.com/ub8888/' successfully

2018-09-26 11:17:54 - [MESSAGE][PASSED] - Navigate to 'https://swisspostsolutions.metafour.com/ub8888/' successfully

2018-09-26 11:17:54 - [TEST_STEP][PASSED] - setText: Text 'master' is set on object 'Object Repository/Page_Metafour User Login/input_Login_access_code'

2018-09-26 11:17:58 - [MESSAGE][PASSED] - Text 'master' is set on object 'Object Repository/Page_Metafour User Login/input_Login_access_code'

2018-09-26 11:17:58 - [TEST_STEP][PASSED] - setText: Text 'admin' is set on object 'Object Repository/Page_Metafour User Login/input_Login_login'

2018-09-26 11:17:58 - [MESSAGE][PASSED] - Text 'admin' is set on object 'Object Repository/Page_Metafour User Login/input_Login_login'

2018-09-26 11:17:58 - [TEST_STEP][PASSED] - setText: Text 'R1chm0nd1' is set on object 'Object Repository/Page_Metafour User Login/input_Login_j_password'

2018-09-26 11:17:58 - [MESSAGE][PASSED] - Text 'R1chm0nd1' is set on object 'Object Repository/Page_Metafour User Login/input_Login_j_password'

2018-09-26 11:17:58 - [TEST_STEP][PASSED] - click: Object: 'Object Repository/Page_Metafour User Login/button_Sign in' is clicked on

2018-09-26 11:18:03 - [MESSAGE][PASSED] - Object: 'Object Repository/Page_Metafour User Login/button_Sign in' is clicked on

2018-09-26 11:18:03 - [TEST_STEP][PASSED] - delay: Delayed 3 second(s)

2018-09-26 11:18:06 - [MESSAGE][PASSED] - Delayed 3 second(s)

2018-09-26 11:18:06 - [TEST_STEP][PASSED] - verifyElementNotPresent: Web element with id: 'Object Repository/Page_Metafour User Login/div_Sorry login failed' located by 'By.xpath: //div[@id='customerrormessagediv']' is not present after '30' second(s)

2018-09-26 11:18:06 - [MESSAGE][WARNING] - Timeout '0' is invalid. Using default page load timeout: '30'

2018-09-26 11:18:06 - [MESSAGE][PASSED] - Web element with id: 'Object Repository/Page_Metafour User Login/div_Sorry login failed' located by 'By.xpath: //div[@id='customerrormessagediv']' is not present after '30' second(s)

2018-09-26 11:18:06 - [TEST_STEP][PASSED] - closeBrowser: Browser is closed

2018-09-26 11:18:06 - [MESSAGE][PASSED] - Browser is closed]]></system-out>
         <system-err><![CDATA[]]></system-err>
      </testcase>
      <testcase name="Test Cases/nc_cp_login_test" classname="Test Cases/nc_cp_login_test" status="FAILED">
         <failure type="FAILED" message="(Stack trace: com.kms.katalon.core.exception.StepFailedException: Unable to verify object 'Object Repository/Page_Metafour User Login/div_Sorry login failed' is not present (Root cause: Web element with id: 'Object Repository/Page_Metafour User Login/div_Sorry login failed' located by 'By.xpath: //div[@id='customerrormessagediv']' is present after '30' second(s))
	at com.kms.katalon.core.keyword.internal.KeywordMain.stepFailed(KeywordMain.groovy:36)
	at com.kms.katalon.core.webui.keyword.internal.WebUIKeywordMain.stepFailed(WebUIKeywordMain.groovy:65)
	at com.kms.katalon.core.webui.keyword.internal.WebUIKeywordMain.runKeyword(WebUIKeywordMain.groovy:27)
	at com.kms.katalon.core.webui.keyword.builtin.VerifyElementNotPresentKeyword.verifyElementNotPresent(VerifyElementNotPresentKeyword.groovy:118)
	at com.kms.katalon.core.webui.keyword.builtin.VerifyElementNotPresentKeyword.execute(VerifyElementNotPresentKeyword.groovy:68)
	at com.kms.katalon.core.keyword.internal.KeywordExecutor.executeKeywordForPlatform(KeywordExecutor.groovy:53)
	at com.kms.katalon.core.webui.keyword.WebUiBuiltInKeywords.verifyElementNotPresent(WebUiBuiltInKeywords.groovy:1467)
	at com.kms.katalon.core.webui.keyword.WebUiBuiltInKeywords$verifyElementNotPresent$3.call(Unknown Source)
	at Script1537190043452.run(Script1537190043452.groovy:31)
	at com.kms.katalon.core.main.ScriptEngine.run(ScriptEngine.java:183)
	at com.kms.katalon.core.main.ScriptEngine.runScriptAsRawText(ScriptEngine.java:108)
	at com.kms.katalon.core.main.TestCaseExecutor.runScript(TestCaseExecutor.java:294)
	at com.kms.katalon.core.main.TestCaseExecutor.doExecute(TestCaseExecutor.java:285)
	at com.kms.katalon.core.main.TestCaseExecutor.processExecutionPhase(TestCaseExecutor.java:264)
	at com.kms.katalon.core.main.TestCaseExecutor.accessMainPhase(TestCaseExecutor.java:256)
	at com.kms.katalon.core.main.TestCaseExecutor.execute(TestCaseExecutor.java:200)
	at com.kms.katalon.core.main.TestSuiteExecutor.accessTestCaseMainPhase(TestSuiteExecutor.java:129)
	at com.kms.katalon.core.main.TestSuiteExecutor.accessTestSuiteMainPhase(TestSuiteExecutor.java:112)
	at com.kms.katalon.core.main.TestSuiteExecutor.execute(TestSuiteExecutor.java:81)
	at com.kms.katalon.core.main.TestCaseMain.startTestSuite(TestCaseMain.java:142)
	at com.kms.katalon.core.main.TestCaseMain$startTestSuite$0.call(Unknown Source)
	at org.codehaus.groovy.runtime.callsite.CallSiteArray.defaultCall(CallSiteArray.java:48)
	at org.codehaus.groovy.runtime.callsite.AbstractCallSite.call(AbstractCallSite.java:113)
	at org.codehaus.groovy.runtime.callsite.AbstractCallSite.call(AbstractCallSite.java:141)
	at TempTestSuite1537937721688.run(TempTestSuite1537937721688.groovy:36)
	at groovy.lang.GroovyShell.runScriptOrMainOrTestOrRunnable(GroovyShell.java:263)
	at groovy.lang.GroovyShell.run(GroovyShell.java:518)
	at groovy.lang.GroovyShell.run(GroovyShell.java:507)
	at groovy.ui.GroovyMain.processOnce(GroovyMain.java:653)
	at groovy.ui.GroovyMain.run(GroovyMain.java:384)
	at groovy.ui.GroovyMain.process(GroovyMain.java:370)
	at groovy.ui.GroovyMain.processArgs(GroovyMain.java:129)
	at groovy.ui.GroovyMain.main(GroovyMain.java:109)
	at sun.reflect.NativeMethodAccessorImpl.invoke0(Native Method)
	at sun.reflect.NativeMethodAccessorImpl.invoke(NativeMethodAccessorImpl.java:62)
	at sun.reflect.DelegatingMethodAccessorImpl.invoke(DelegatingMethodAccessorImpl.java:43)
	at java.lang.reflect.Method.invoke(Method.java:498)
	at org.codehaus.groovy.tools.GroovyStarter.rootLoader(GroovyStarter.java:109)
	at org.codehaus.groovy.tools.GroovyStarter.main(GroovyStarter.java:131)
)"/>
         <system-out><![CDATA[2018-09-26 11:18:06 - [TEST_CASE][FAILED] - Test Cases/nc_cp_login_test: Test Cases/nc_cp_login_test FAILED because (of) (Stack trace: com.kms.katalon.core.exception.StepFailedException: Unable to verify object 'Object Repository/Page_Metafour User Login/div_Sorry login failed' is not present (Root cause: Web element with id: 'Object Repository/Page_Metafour User Login/div_Sorry login failed' located by 'By.xpath: //div[@id='customerrormessagediv']' is present after '30' second(s))
	at com.kms.katalon.core.keyword.internal.KeywordMain.stepFailed(KeywordMain.groovy:36)
	at com.kms.katalon.core.webui.keyword.internal.WebUIKeywordMain.stepFailed(WebUIKeywordMain.groovy:65)
	at com.kms.katalon.core.webui.keyword.internal.WebUIKeywordMain.runKeyword(WebUIKeywordMain.groovy:27)
	at com.kms.katalon.core.webui.keyword.builtin.VerifyElementNotPresentKeyword.verifyElementNotPresent(VerifyElementNotPresentKeyword.groovy:118)
	at com.kms.katalon.core.webui.keyword.builtin.VerifyElementNotPresentKeyword.execute(VerifyElementNotPresentKeyword.groovy:68)
	at com.kms.katalon.core.keyword.internal.KeywordExecutor.executeKeywordForPlatform(KeywordExecutor.groovy:53)
	at com.kms.katalon.core.webui.keyword.WebUiBuiltInKeywords.verifyElementNotPresent(WebUiBuiltInKeywords.groovy:1467)
	at com.kms.katalon.core.webui.keyword.WebUiBuiltInKeywords$verifyElementNotPresent$3.call(Unknown Source)
	at Script1537190043452.run(Script1537190043452.groovy:31)
	at com.kms.katalon.core.main.ScriptEngine.run(ScriptEngine.java:183)
	at com.kms.katalon.core.main.ScriptEngine.runScriptAsRawText(ScriptEngine.java:108)
	at com.kms.katalon.core.main.TestCaseExecutor.runScript(TestCaseExecutor.java:294)
	at com.kms.katalon.core.main.TestCaseExecutor.doExecute(TestCaseExecutor.java:285)
	at com.kms.katalon.core.main.TestCaseExecutor.processExecutionPhase(TestCaseExecutor.java:264)
	at com.kms.katalon.core.main.TestCaseExecutor.accessMainPhase(TestCaseExecutor.java:256)
	at com.kms.katalon.core.main.TestCaseExecutor.execute(TestCaseExecutor.java:200)
	at com.kms.katalon.core.main.TestSuiteExecutor.accessTestCaseMainPhase(TestSuiteExecutor.java:129)
	at com.kms.katalon.core.main.TestSuiteExecutor.accessTestSuiteMainPhase(TestSuiteExecutor.java:112)
	at com.kms.katalon.core.main.TestSuiteExecutor.execute(TestSuiteExecutor.java:81)
	at com.kms.katalon.core.main.TestCaseMain.startTestSuite(TestCaseMain.java:142)
	at com.kms.katalon.core.main.TestCaseMain$startTestSuite$0.call(Unknown Source)
	at org.codehaus.groovy.runtime.callsite.CallSiteArray.defaultCall(CallSiteArray.java:48)
	at org.codehaus.groovy.runtime.callsite.AbstractCallSite.call(AbstractCallSite.java:113)
	at org.codehaus.groovy.runtime.callsite.AbstractCallSite.call(AbstractCallSite.java:141)
	at TempTestSuite1537937721688.run(TempTestSuite1537937721688.groovy:36)
	at groovy.lang.GroovyShell.runScriptOrMainOrTestOrRunnable(GroovyShell.java:263)
	at groovy.lang.GroovyShell.run(GroovyShell.java:518)
	at groovy.lang.GroovyShell.run(GroovyShell.java:507)
	at groovy.ui.GroovyMain.processOnce(GroovyMain.java:653)
	at groovy.ui.GroovyMain.run(GroovyMain.java:384)
	at groovy.ui.GroovyMain.process(GroovyMain.java:370)
	at groovy.ui.GroovyMain.processArgs(GroovyMain.java:129)
	at groovy.ui.GroovyMain.main(GroovyMain.java:109)
	at sun.reflect.NativeMethodAccessorImpl.invoke0(Native Method)
	at sun.reflect.NativeMethodAccessorImpl.invoke(NativeMethodAccessorImpl.java:62)
	at sun.reflect.DelegatingMethodAccessorImpl.invoke(DelegatingMethodAccessorImpl.java:43)
	at java.lang.reflect.Method.invoke(Method.java:498)
	at org.codehaus.groovy.tools.GroovyStarter.rootLoader(GroovyStarter.java:109)
	at org.codehaus.groovy.tools.GroovyStarter.main(GroovyStarter.java:131)
)

2018-09-26 11:18:06 - [TEST_STEP][PASSED] - openBrowser: Browser is opened with url: 'https://swisspostsolutions.metafour.com/ub4321'

2018-09-26 11:18:13 - [MESSAGE][PASSED] - Browser is opened with url: 'https://swisspostsolutions.metafour.com/ub4321'

2018-09-26 11:18:13 - [TEST_STEP][PASSED] - navigateToUrl: Navigate to 'https://swisspostsolutions.metafour.com/ub4321' successfully

2018-09-26 11:18:14 - [MESSAGE][PASSED] - Navigate to 'https://swisspostsolutions.metafour.com/ub4321' successfully

2018-09-26 11:18:14 - [TEST_STEP][PASSED] - setText: Text 'uat' is set on object 'Object Repository/Page_Metafour User Login/input_Login_access_code'

2018-09-26 11:18:18 - [MESSAGE][PASSED] - Text 'uat' is set on object 'Object Repository/Page_Metafour User Login/input_Login_access_code'

2018-09-26 11:18:18 - [TEST_STEP][PASSED] - setText: Text 'Jony' is set on object 'Object Repository/Page_Metafour User Login/input_Login_login'

2018-09-26 11:18:18 - [MESSAGE][PASSED] - Text 'Jony' is set on object 'Object Repository/Page_Metafour User Login/input_Login_login'

2018-09-26 11:18:18 - [TEST_STEP][PASSED] - setText: Text 'MFasia%21' is set on object 'Object Repository/Page_Metafour User Login/input_Login_j_password'

2018-09-26 11:18:19 - [MESSAGE][PASSED] - Text 'MFasia%21' is set on object 'Object Repository/Page_Metafour User Login/input_Login_j_password'

2018-09-26 11:18:19 - [TEST_STEP][PASSED] - click: Object: 'Object Repository/Page_Metafour User Login/button_Sign in' is clicked on

2018-09-26 11:18:20 - [MESSAGE][PASSED] - Object: 'Object Repository/Page_Metafour User Login/button_Sign in' is clicked on

2018-09-26 11:18:20 - [TEST_STEP][PASSED] - delay: Delayed 3 second(s)

2018-09-26 11:18:23 - [MESSAGE][PASSED] - Delayed 3 second(s)

2018-09-26 11:18:23 - [TEST_STEP][FAILED] - verifyElementNotPresent: Unable to verify object 'Object Repository/Page_Metafour User Login/div_Sorry login failed' is not present (Root cause: Web element with id: 'Object Repository/Page_Metafour User Login/div_Sorry login failed' located by 'By.xpath: //div[@id='customerrormessagediv']' is present after '30' second(s))

2018-09-26 11:18:23 - [MESSAGE][WARNING] - Timeout '0' is invalid. Using default page load timeout: '30'

2018-09-26 11:18:53 - [MESSAGE][FAILED] - Web element with id: 'Object Repository/Page_Metafour User Login/div_Sorry login failed' located by 'By.xpath: //div[@id='customerrormessagediv']' is present after '30' second(s)
[[ATTACHMENT|C:\\Users\\mazha\\Katalon Studio\\m4-monitoring\\Reports\\nc-cp-bo-login-test-suit\\20180926_105521\\1537939133453.png]]

2018-09-26 11:18:54 - [MESSAGE][FAILED] - Unable to verify object 'Object Repository/Page_Metafour User Login/div_Sorry login failed' is not present (Root cause: Web element with id: 'Object Repository/Page_Metafour User Login/div_Sorry login failed' located by 'By.xpath: //div[@id='customerrormessagediv']' is present after '30' second(s))
[[ATTACHMENT|C:\\Users\\mazha\\Katalon Studio\\m4-monitoring\\Reports\\nc-cp-bo-login-test-suit\\20180926_105521\\1537939133729.png]]]]></system-out>
         <system-err><![CDATA[2018-09-26 11:18:06 - [TEST_CASE][FAILED] - Test Cases/nc_cp_login_test: Test Cases/nc_cp_login_test FAILED because (of) (Stack trace: com.kms.katalon.core.exception.StepFailedException: Unable to verify object 'Object Repository/Page_Metafour User Login/div_Sorry login failed' is not present (Root cause: Web element with id: 'Object Repository/Page_Metafour User Login/div_Sorry login failed' located by 'By.xpath: //div[@id='customerrormessagediv']' is present after '30' second(s))
	at com.kms.katalon.core.keyword.internal.KeywordMain.stepFailed(KeywordMain.groovy:36)
	at com.kms.katalon.core.webui.keyword.internal.WebUIKeywordMain.stepFailed(WebUIKeywordMain.groovy:65)
	at com.kms.katalon.core.webui.keyword.internal.WebUIKeywordMain.runKeyword(WebUIKeywordMain.groovy:27)
	at com.kms.katalon.core.webui.keyword.builtin.VerifyElementNotPresentKeyword.verifyElementNotPresent(VerifyElementNotPresentKeyword.groovy:118)
	at com.kms.katalon.core.webui.keyword.builtin.VerifyElementNotPresentKeyword.execute(VerifyElementNotPresentKeyword.groovy:68)
	at com.kms.katalon.core.keyword.internal.KeywordExecutor.executeKeywordForPlatform(KeywordExecutor.groovy:53)
	at com.kms.katalon.core.webui.keyword.WebUiBuiltInKeywords.verifyElementNotPresent(WebUiBuiltInKeywords.groovy:1467)
	at com.kms.katalon.core.webui.keyword.WebUiBuiltInKeywords$verifyElementNotPresent$3.call(Unknown Source)
	at Script1537190043452.run(Script1537190043452.groovy:31)
	at com.kms.katalon.core.main.ScriptEngine.run(ScriptEngine.java:183)
	at com.kms.katalon.core.main.ScriptEngine.runScriptAsRawText(ScriptEngine.java:108)
	at com.kms.katalon.core.main.TestCaseExecutor.runScript(TestCaseExecutor.java:294)
	at com.kms.katalon.core.main.TestCaseExecutor.doExecute(TestCaseExecutor.java:285)
	at com.kms.katalon.core.main.TestCaseExecutor.processExecutionPhase(TestCaseExecutor.java:264)
	at com.kms.katalon.core.main.TestCaseExecutor.accessMainPhase(TestCaseExecutor.java:256)
	at com.kms.katalon.core.main.TestCaseExecutor.execute(TestCaseExecutor.java:200)
	at com.kms.katalon.core.main.TestSuiteExecutor.accessTestCaseMainPhase(TestSuiteExecutor.java:129)
	at com.kms.katalon.core.main.TestSuiteExecutor.accessTestSuiteMainPhase(TestSuiteExecutor.java:112)
	at com.kms.katalon.core.main.TestSuiteExecutor.execute(TestSuiteExecutor.java:81)
	at com.kms.katalon.core.main.TestCaseMain.startTestSuite(TestCaseMain.java:142)
	at com.kms.katalon.core.main.TestCaseMain$startTestSuite$0.call(Unknown Source)
	at org.codehaus.groovy.runtime.callsite.CallSiteArray.defaultCall(CallSiteArray.java:48)
	at org.codehaus.groovy.runtime.callsite.AbstractCallSite.call(AbstractCallSite.java:113)
	at org.codehaus.groovy.runtime.callsite.AbstractCallSite.call(AbstractCallSite.java:141)
	at TempTestSuite1537937721688.run(TempTestSuite1537937721688.groovy:36)
	at groovy.lang.GroovyShell.runScriptOrMainOrTestOrRunnable(GroovyShell.java:263)
	at groovy.lang.GroovyShell.run(GroovyShell.java:518)
	at groovy.lang.GroovyShell.run(GroovyShell.java:507)
	at groovy.ui.GroovyMain.processOnce(GroovyMain.java:653)
	at groovy.ui.GroovyMain.run(GroovyMain.java:384)
	at groovy.ui.GroovyMain.process(GroovyMain.java:370)
	at groovy.ui.GroovyMain.processArgs(GroovyMain.java:129)
	at groovy.ui.GroovyMain.main(GroovyMain.java:109)
	at sun.reflect.NativeMethodAccessorImpl.invoke0(Native Method)
	at sun.reflect.NativeMethodAccessorImpl.invoke(NativeMethodAccessorImpl.java:62)
	at sun.reflect.DelegatingMethodAccessorImpl.invoke(DelegatingMethodAccessorImpl.java:43)
	at java.lang.reflect.Method.invoke(Method.java:498)
	at org.codehaus.groovy.tools.GroovyStarter.rootLoader(GroovyStarter.java:109)
	at org.codehaus.groovy.tools.GroovyStarter.main(GroovyStarter.java:131)
)]]></system-err>
      </testcase>
      <testcase name="Test Cases/nc_cp_login_test" classname="Test Cases/nc_cp_login_test" status="PASSED">
         <system-out><![CDATA[2018-09-26 11:18:54 - [TEST_CASE][PASSED] - Test Cases/nc_cp_login_test: Test Cases/nc_cp_login_test

2018-09-26 11:18:54 - [TEST_STEP][PASSED] - openBrowser: Browser is opened with url: 'https://swisspostsolutions.metafour.com/ub3533/'

2018-09-26 11:18:54 - [MESSAGE][WARNING] - A browser is already opened. Closing browser and opening a new one

2018-09-26 11:19:00 - [MESSAGE][PASSED] - Browser is opened with url: 'https://swisspostsolutions.metafour.com/ub3533/'

2018-09-26 11:19:00 - [TEST_STEP][PASSED] - navigateToUrl: Navigate to 'https://swisspostsolutions.metafour.com/ub3533/' successfully

2018-09-26 11:19:01 - [MESSAGE][PASSED] - Navigate to 'https://swisspostsolutions.metafour.com/ub3533/' successfully

2018-09-26 11:19:01 - [TEST_STEP][PASSED] - setText: Text 'spstest' is set on object 'Object Repository/Page_Metafour User Login/input_Login_access_code'

2018-09-26 11:19:05 - [MESSAGE][PASSED] - Text 'spstest' is set on object 'Object Repository/Page_Metafour User Login/input_Login_access_code'

2018-09-26 11:19:05 - [TEST_STEP][PASSED] - setText: Text 'Jony' is set on object 'Object Repository/Page_Metafour User Login/input_Login_login'

2018-09-26 11:19:05 - [MESSAGE][PASSED] - Text 'Jony' is set on object 'Object Repository/Page_Metafour User Login/input_Login_login'

2018-09-26 11:19:05 - [TEST_STEP][PASSED] - setText: Text '1234' is set on object 'Object Repository/Page_Metafour User Login/input_Login_j_password'

2018-09-26 11:19:05 - [MESSAGE][PASSED] - Text '1234' is set on object 'Object Repository/Page_Metafour User Login/input_Login_j_password'

2018-09-26 11:19:05 - [TEST_STEP][PASSED] - click: Object: 'Object Repository/Page_Metafour User Login/button_Sign in' is clicked on

2018-09-26 11:19:09 - [MESSAGE][PASSED] - Object: 'Object Repository/Page_Metafour User Login/button_Sign in' is clicked on

2018-09-26 11:19:09 - [TEST_STEP][PASSED] - delay: Delayed 3 second(s)

2018-09-26 11:19:12 - [MESSAGE][PASSED] - Delayed 3 second(s)

2018-09-26 11:19:12 - [TEST_STEP][PASSED] - verifyElementNotPresent: Web element with id: 'Object Repository/Page_Metafour User Login/div_Sorry login failed' located by 'By.xpath: //div[@id='customerrormessagediv']' is not present after '30' second(s)

2018-09-26 11:19:12 - [MESSAGE][WARNING] - Timeout '0' is invalid. Using default page load timeout: '30'

2018-09-26 11:19:12 - [MESSAGE][PASSED] - Web element with id: 'Object Repository/Page_Metafour User Login/div_Sorry login failed' located by 'By.xpath: //div[@id='customerrormessagediv']' is not present after '30' second(s)

2018-09-26 11:19:12 - [TEST_STEP][PASSED] - closeBrowser: Browser is closed

2018-09-26 11:19:13 - [MESSAGE][PASSED] - Browser is closed]]></system-out>
         <system-err><![CDATA[]]></system-err>
      </testcase>
      <testcase name="Test Cases/nc_bo_login-test" classname="Test Cases/nc_bo_login-test" status="PASSED">
         <system-out><![CDATA[2018-09-26 11:19:13 - [TEST_CASE][PASSED] - Test Cases/nc_bo_login-test: Test Cases/nc_bo_login-test

2018-09-26 11:19:13 - [TEST_STEP][PASSED] - openBrowser: Browser is opened with url: 'https://ateamexpress.netcourier.net/netcourier-data/'

2018-09-26 11:19:19 - [MESSAGE][PASSED] - Browser is opened with url: 'https://ateamexpress.netcourier.net/netcourier-data/'

2018-09-26 11:19:19 - [TEST_STEP][PASSED] - navigateToUrl: Navigate to 'https://ateamexpress.netcourier.net/netcourier-data/' successfully

2018-09-26 11:19:22 - [MESSAGE][PASSED] - Navigate to 'https://ateamexpress.netcourier.net/netcourier-data/' successfully

2018-09-26 11:19:22 - [TEST_STEP][PASSED] - setText: Text 'ate' is set on object 'Object Repository/Page_Metafour User Login/input_Login_access_code'

2018-09-26 11:19:28 - [MESSAGE][PASSED] - Text 'ate' is set on object 'Object Repository/Page_Metafour User Login/input_Login_access_code'

2018-09-26 11:19:28 - [TEST_STEP][PASSED] - setText: Text 'admin' is set on object 'Object Repository/Page_Metafour User Login/input_Login_login'

2018-09-26 11:19:28 - [MESSAGE][PASSED] - Text 'admin' is set on object 'Object Repository/Page_Metafour User Login/input_Login_login'

2018-09-26 11:19:28 - [TEST_STEP][PASSED] - setText: Text 'qtate174u' is set on object 'Object Repository/Page_Metafour User Login/input_Login_j_password'

2018-09-26 11:19:28 - [MESSAGE][PASSED] - Text 'qtate174u' is set on object 'Object Repository/Page_Metafour User Login/input_Login_j_password'

2018-09-26 11:19:28 - [TEST_STEP][PASSED] - click: Object: 'Object Repository/Page_Metafour User Login/button_Sign in' is clicked on

2018-09-26 11:19:31 - [MESSAGE][PASSED] - Object: 'Object Repository/Page_Metafour User Login/button_Sign in' is clicked on

2018-09-26 11:19:31 - [TEST_STEP][PASSED] - delay: Delayed 3 second(s)

2018-09-26 11:19:34 - [MESSAGE][PASSED] - Delayed 3 second(s)

2018-09-26 11:19:34 - [TEST_STEP][PASSED] - verifyElementNotPresent: Web element with id: 'Object Repository/Page_Metafour User Login/div_Sorry login failed' located by 'By.xpath: //div[@id='customerrormessagediv']' is not present after '30' second(s)

2018-09-26 11:19:34 - [MESSAGE][WARNING] - Timeout '0' is invalid. Using default page load timeout: '30'

2018-09-26 11:19:34 - [MESSAGE][PASSED] - Web element with id: 'Object Repository/Page_Metafour User Login/div_Sorry login failed' located by 'By.xpath: //div[@id='customerrormessagediv']' is not present after '30' second(s)

2018-09-26 11:19:34 - [TEST_STEP][PASSED] - closeBrowser: Browser is closed

2018-09-26 11:19:35 - [MESSAGE][PASSED] - Browser is closed]]></system-out>
         <system-err><![CDATA[]]></system-err>
      </testcase>
      <testcase name="Test Cases/nc_bo_login-test" classname="Test Cases/nc_bo_login-test" status="PASSED">
         <system-out><![CDATA[2018-09-26 11:19:35 - [TEST_CASE][PASSED] - Test Cases/nc_bo_login-test: Test Cases/nc_bo_login-test

2018-09-26 11:19:35 - [TEST_STEP][PASSED] - openBrowser: Browser is opened with url: 'https://aands.netcourier.net/netcourier-data/'

2018-09-26 11:19:43 - [MESSAGE][PASSED] - Browser is opened with url: 'https://aands.netcourier.net/netcourier-data/'

2018-09-26 11:19:43 - [TEST_STEP][PASSED] - navigateToUrl: Navigate to 'https://aands.netcourier.net/netcourier-data/' successfully

2018-09-26 11:19:45 - [MESSAGE][PASSED] - Navigate to 'https://aands.netcourier.net/netcourier-data/' successfully

2018-09-26 11:19:45 - [TEST_STEP][PASSED] - setText: Text 'ase' is set on object 'Object Repository/Page_Metafour User Login/input_Login_access_code'

2018-09-26 11:19:48 - [MESSAGE][PASSED] - Text 'ase' is set on object 'Object Repository/Page_Metafour User Login/input_Login_access_code'

2018-09-26 11:19:48 - [TEST_STEP][PASSED] - setText: Text 'admin' is set on object 'Object Repository/Page_Metafour User Login/input_Login_login'

2018-09-26 11:19:49 - [MESSAGE][PASSED] - Text 'admin' is set on object 'Object Repository/Page_Metafour User Login/input_Login_login'

2018-09-26 11:19:49 - [TEST_STEP][PASSED] - setText: Text 'qtase071u' is set on object 'Object Repository/Page_Metafour User Login/input_Login_j_password'

2018-09-26 11:19:49 - [MESSAGE][PASSED] - Text 'qtase071u' is set on object 'Object Repository/Page_Metafour User Login/input_Login_j_password'

2018-09-26 11:19:49 - [TEST_STEP][PASSED] - click: Object: 'Object Repository/Page_Metafour User Login/button_Sign in' is clicked on

2018-09-26 11:19:52 - [MESSAGE][PASSED] - Object: 'Object Repository/Page_Metafour User Login/button_Sign in' is clicked on

2018-09-26 11:19:52 - [TEST_STEP][PASSED] - delay: Delayed 3 second(s)

2018-09-26 11:19:55 - [MESSAGE][PASSED] - Delayed 3 second(s)

2018-09-26 11:19:55 - [TEST_STEP][PASSED] - verifyElementNotPresent: Web element with id: 'Object Repository/Page_Metafour User Login/div_Sorry login failed' located by 'By.xpath: //div[@id='customerrormessagediv']' is not present after '30' second(s)

2018-09-26 11:19:55 - [MESSAGE][WARNING] - Timeout '0' is invalid. Using default page load timeout: '30'

2018-09-26 11:19:56 - [MESSAGE][PASSED] - Web element with id: 'Object Repository/Page_Metafour User Login/div_Sorry login failed' located by 'By.xpath: //div[@id='customerrormessagediv']' is not present after '30' second(s)

2018-09-26 11:19:56 - [TEST_STEP][PASSED] - closeBrowser: Browser is closed

2018-09-26 11:19:56 - [MESSAGE][PASSED] - Browser is closed]]></system-out>
         <system-err><![CDATA[]]></system-err>
      </testcase>
      <testcase name="Test Cases/nc_bo_login-test" classname="Test Cases/nc_bo_login-test" status="PASSED">
         <system-out><![CDATA[2018-09-26 11:19:56 - [TEST_CASE][PASSED] - Test Cases/nc_bo_login-test: Test Cases/nc_bo_login-test

2018-09-26 11:19:56 - [TEST_STEP][PASSED] - openBrowser: Browser is opened with url: 'https://addlee.netcourier.net/netcourier-data'

2018-09-26 11:20:04 - [MESSAGE][PASSED] - Browser is opened with url: 'https://addlee.netcourier.net/netcourier-data'

2018-09-26 11:20:04 - [TEST_STEP][PASSED] - navigateToUrl: Navigate to 'https://addlee.netcourier.net/netcourier-data' successfully

2018-09-26 11:20:07 - [MESSAGE][PASSED] - Navigate to 'https://addlee.netcourier.net/netcourier-data' successfully

2018-09-26 11:20:07 - [TEST_STEP][PASSED] - setText: Text 'uhk' is set on object 'Object Repository/Page_Metafour User Login/input_Login_access_code'

2018-09-26 11:20:10 - [MESSAGE][PASSED] - Text 'uhk' is set on object 'Object Repository/Page_Metafour User Login/input_Login_access_code'

2018-09-26 11:20:10 - [TEST_STEP][PASSED] - setText: Text 'admin' is set on object 'Object Repository/Page_Metafour User Login/input_Login_login'

2018-09-26 11:20:10 - [MESSAGE][PASSED] - Text 'admin' is set on object 'Object Repository/Page_Metafour User Login/input_Login_login'

2018-09-26 11:20:10 - [TEST_STEP][PASSED] - setText: Text 'qtuhk078u' is set on object 'Object Repository/Page_Metafour User Login/input_Login_j_password'

2018-09-26 11:20:10 - [MESSAGE][PASSED] - Text 'qtuhk078u' is set on object 'Object Repository/Page_Metafour User Login/input_Login_j_password'

2018-09-26 11:20:10 - [TEST_STEP][PASSED] - click: Object: 'Object Repository/Page_Metafour User Login/button_Sign in' is clicked on

2018-09-26 11:20:14 - [MESSAGE][PASSED] - Object: 'Object Repository/Page_Metafour User Login/button_Sign in' is clicked on

2018-09-26 11:20:14 - [TEST_STEP][PASSED] - delay: Delayed 3 second(s)

2018-09-26 11:20:17 - [MESSAGE][PASSED] - Delayed 3 second(s)

2018-09-26 11:20:17 - [TEST_STEP][PASSED] - verifyElementNotPresent: Web element with id: 'Object Repository/Page_Metafour User Login/div_Sorry login failed' located by 'By.xpath: //div[@id='customerrormessagediv']' is not present after '30' second(s)

2018-09-26 11:20:17 - [MESSAGE][WARNING] - Timeout '0' is invalid. Using default page load timeout: '30'

2018-09-26 11:20:17 - [MESSAGE][PASSED] - Web element with id: 'Object Repository/Page_Metafour User Login/div_Sorry login failed' located by 'By.xpath: //div[@id='customerrormessagediv']' is not present after '30' second(s)

2018-09-26 11:20:17 - [TEST_STEP][PASSED] - closeBrowser: Browser is closed

2018-09-26 11:20:17 - [MESSAGE][PASSED] - Browser is closed]]></system-out>
         <system-err><![CDATA[]]></system-err>
      </testcase>
      <testcase name="Test Cases/nc_bo_login-test" classname="Test Cases/nc_bo_login-test" status="PASSED">
         <system-out><![CDATA[2018-09-26 11:20:17 - [TEST_CASE][PASSED] - Test Cases/nc_bo_login-test: Test Cases/nc_bo_login-test

2018-09-26 11:20:17 - [TEST_STEP][PASSED] - openBrowser: Browser is opened with url: 'https://aci.netcourier.net/netcourier-data'

2018-09-26 11:20:23 - [MESSAGE][PASSED] - Browser is opened with url: 'https://aci.netcourier.net/netcourier-data'

2018-09-26 11:20:23 - [TEST_STEP][PASSED] - navigateToUrl: Navigate to 'https://aci.netcourier.net/netcourier-data' successfully

2018-09-26 11:20:37 - [MESSAGE][PASSED] - Navigate to 'https://aci.netcourier.net/netcourier-data' successfully

2018-09-26 11:20:37 - [TEST_STEP][PASSED] - setText: Text 'rew' is set on object 'Object Repository/Page_Metafour User Login/input_Login_access_code'

2018-09-26 11:21:13 - [MESSAGE][PASSED] - Text 'rew' is set on object 'Object Repository/Page_Metafour User Login/input_Login_access_code'

2018-09-26 11:21:13 - [TEST_STEP][PASSED] - setText: Text 'admin' is set on object 'Object Repository/Page_Metafour User Login/input_Login_login'

2018-09-26 11:21:13 - [MESSAGE][PASSED] - Text 'admin' is set on object 'Object Repository/Page_Metafour User Login/input_Login_login'

2018-09-26 11:21:13 - [TEST_STEP][PASSED] - setText: Text 'qtrew023u' is set on object 'Object Repository/Page_Metafour User Login/input_Login_j_password'

2018-09-26 11:21:13 - [MESSAGE][PASSED] - Text 'qtrew023u' is set on object 'Object Repository/Page_Metafour User Login/input_Login_j_password'

2018-09-26 11:21:13 - [TEST_STEP][PASSED] - click: Object: 'Object Repository/Page_Metafour User Login/button_Sign in' is clicked on

2018-09-26 11:21:22 - [MESSAGE][PASSED] - Object: 'Object Repository/Page_Metafour User Login/button_Sign in' is clicked on

2018-09-26 11:21:22 - [TEST_STEP][PASSED] - delay: Delayed 3 second(s)

2018-09-26 11:21:25 - [MESSAGE][PASSED] - Delayed 3 second(s)

2018-09-26 11:21:25 - [TEST_STEP][PASSED] - verifyElementNotPresent: Web element with id: 'Object Repository/Page_Metafour User Login/div_Sorry login failed' located by 'By.xpath: //div[@id='customerrormessagediv']' is not present after '30' second(s)

2018-09-26 11:21:25 - [MESSAGE][WARNING] - Timeout '0' is invalid. Using default page load timeout: '30'

2018-09-26 11:21:25 - [MESSAGE][PASSED] - Web element with id: 'Object Repository/Page_Metafour User Login/div_Sorry login failed' located by 'By.xpath: //div[@id='customerrormessagediv']' is not present after '30' second(s)

2018-09-26 11:21:25 - [TEST_STEP][PASSED] - closeBrowser: Browser is closed

2018-09-26 11:21:26 - [MESSAGE][PASSED] - Browser is closed]]></system-out>
         <system-err><![CDATA[]]></system-err>
      </testcase>
      <testcase name="Test Cases/nc_bo_login-test" classname="Test Cases/nc_bo_login-test" status="PASSED">
         <system-out><![CDATA[2018-09-26 11:21:26 - [TEST_CASE][PASSED] - Test Cases/nc_bo_login-test: Test Cases/nc_bo_login-test

2018-09-26 11:21:26 - [TEST_STEP][PASSED] - openBrowser: Browser is opened with url: 'https://ajww.netcourier.net/netcourier-data/'

2018-09-26 11:21:31 - [MESSAGE][PASSED] - Browser is opened with url: 'https://ajww.netcourier.net/netcourier-data/'

2018-09-26 11:21:31 - [TEST_STEP][PASSED] - navigateToUrl: Navigate to 'https://ajww.netcourier.net/netcourier-data/' successfully

2018-09-26 11:21:34 - [MESSAGE][PASSED] - Navigate to 'https://ajww.netcourier.net/netcourier-data/' successfully

2018-09-26 11:21:34 - [TEST_STEP][PASSED] - setText: Text 'ajw' is set on object 'Object Repository/Page_Metafour User Login/input_Login_access_code'

2018-09-26 11:21:37 - [MESSAGE][PASSED] - Text 'ajw' is set on object 'Object Repository/Page_Metafour User Login/input_Login_access_code'

2018-09-26 11:21:37 - [TEST_STEP][PASSED] - setText: Text 'admin' is set on object 'Object Repository/Page_Metafour User Login/input_Login_login'

2018-09-26 11:21:37 - [MESSAGE][PASSED] - Text 'admin' is set on object 'Object Repository/Page_Metafour User Login/input_Login_login'

2018-09-26 11:21:37 - [TEST_STEP][PASSED] - setText: Text 'qtajw084u' is set on object 'Object Repository/Page_Metafour User Login/input_Login_j_password'

2018-09-26 11:21:37 - [MESSAGE][PASSED] - Text 'qtajw084u' is set on object 'Object Repository/Page_Metafour User Login/input_Login_j_password'

2018-09-26 11:21:37 - [TEST_STEP][PASSED] - click: Object: 'Object Repository/Page_Metafour User Login/button_Sign in' is clicked on

2018-09-26 11:21:41 - [MESSAGE][PASSED] - Object: 'Object Repository/Page_Metafour User Login/button_Sign in' is clicked on

2018-09-26 11:21:41 - [TEST_STEP][PASSED] - delay: Delayed 3 second(s)

2018-09-26 11:21:44 - [MESSAGE][PASSED] - Delayed 3 second(s)

2018-09-26 11:21:44 - [TEST_STEP][PASSED] - verifyElementNotPresent: Web element with id: 'Object Repository/Page_Metafour User Login/div_Sorry login failed' located by 'By.xpath: //div[@id='customerrormessagediv']' is not present after '30' second(s)

2018-09-26 11:21:44 - [MESSAGE][WARNING] - Timeout '0' is invalid. Using default page load timeout: '30'

2018-09-26 11:21:44 - [MESSAGE][PASSED] - Web element with id: 'Object Repository/Page_Metafour User Login/div_Sorry login failed' located by 'By.xpath: //div[@id='customerrormessagediv']' is not present after '30' second(s)

2018-09-26 11:21:44 - [TEST_STEP][PASSED] - closeBrowser: Browser is closed

2018-09-26 11:21:45 - [MESSAGE][PASSED] - Browser is closed]]></system-out>
         <system-err><![CDATA[]]></system-err>
      </testcase>
      <testcase name="Test Cases/nc_bo_login-test" classname="Test Cases/nc_bo_login-test" status="PASSED">
         <system-out><![CDATA[2018-09-26 11:21:45 - [TEST_CASE][PASSED] - Test Cases/nc_bo_login-test: Test Cases/nc_bo_login-test

2018-09-26 11:21:45 - [TEST_STEP][PASSED] - openBrowser: Browser is opened with url: 'http://allenovery.netcourier.net/netcourier-data/'

2018-09-26 11:21:51 - [MESSAGE][PASSED] - Browser is opened with url: 'http://allenovery.netcourier.net/netcourier-data/'

2018-09-26 11:21:51 - [TEST_STEP][PASSED] - navigateToUrl: Navigate to 'http://allenovery.netcourier.net/netcourier-data/' successfully

2018-09-26 11:21:53 - [MESSAGE][PASSED] - Navigate to 'http://allenovery.netcourier.net/netcourier-data/' successfully

2018-09-26 11:21:53 - [TEST_STEP][PASSED] - setText: Text 'all' is set on object 'Object Repository/Page_Metafour User Login/input_Login_access_code'

2018-09-26 11:21:56 - [MESSAGE][PASSED] - Text 'all' is set on object 'Object Repository/Page_Metafour User Login/input_Login_access_code'

2018-09-26 11:21:56 - [TEST_STEP][PASSED] - setText: Text 'admin' is set on object 'Object Repository/Page_Metafour User Login/input_Login_login'

2018-09-26 11:21:56 - [MESSAGE][PASSED] - Text 'admin' is set on object 'Object Repository/Page_Metafour User Login/input_Login_login'

2018-09-26 11:21:56 - [TEST_STEP][PASSED] - setText: Text 'qtall047u' is set on object 'Object Repository/Page_Metafour User Login/input_Login_j_password'

2018-09-26 11:21:56 - [MESSAGE][PASSED] - Text 'qtall047u' is set on object 'Object Repository/Page_Metafour User Login/input_Login_j_password'

2018-09-26 11:21:56 - [TEST_STEP][PASSED] - click: Object: 'Object Repository/Page_Metafour User Login/button_Sign in' is clicked on

2018-09-26 11:21:59 - [MESSAGE][PASSED] - Object: 'Object Repository/Page_Metafour User Login/button_Sign in' is clicked on

2018-09-26 11:21:59 - [TEST_STEP][PASSED] - delay: Delayed 3 second(s)

2018-09-26 11:22:02 - [MESSAGE][PASSED] - Delayed 3 second(s)

2018-09-26 11:22:02 - [TEST_STEP][PASSED] - verifyElementNotPresent: Web element with id: 'Object Repository/Page_Metafour User Login/div_Sorry login failed' located by 'By.xpath: //div[@id='customerrormessagediv']' is not present after '30' second(s)

2018-09-26 11:22:02 - [MESSAGE][WARNING] - Timeout '0' is invalid. Using default page load timeout: '30'

2018-09-26 11:22:02 - [MESSAGE][PASSED] - Web element with id: 'Object Repository/Page_Metafour User Login/div_Sorry login failed' located by 'By.xpath: //div[@id='customerrormessagediv']' is not present after '30' second(s)

2018-09-26 11:22:02 - [TEST_STEP][PASSED] - closeBrowser: Browser is closed

2018-09-26 11:22:03 - [MESSAGE][PASSED] - Browser is closed]]></system-out>
         <system-err><![CDATA[]]></system-err>
      </testcase>
      <testcase name="Test Cases/nc_bo_login-test" classname="Test Cases/nc_bo_login-test" status="PASSED">
         <system-out><![CDATA[2018-09-26 11:22:03 - [TEST_CASE][PASSED] - Test Cases/nc_bo_login-test: Test Cases/nc_bo_login-test

2018-09-26 11:22:03 - [TEST_STEP][PASSED] - openBrowser: Browser is opened with url: 'https://ariestransport.netcourier.net/netcourier-data/'

2018-09-26 11:22:09 - [MESSAGE][PASSED] - Browser is opened with url: 'https://ariestransport.netcourier.net/netcourier-data/'

2018-09-26 11:22:09 - [TEST_STEP][PASSED] - navigateToUrl: Navigate to 'https://ariestransport.netcourier.net/netcourier-data/' successfully

2018-09-26 11:22:11 - [MESSAGE][PASSED] - Navigate to 'https://ariestransport.netcourier.net/netcourier-data/' successfully

2018-09-26 11:22:11 - [TEST_STEP][PASSED] - setText: Text 'art' is set on object 'Object Repository/Page_Metafour User Login/input_Login_access_code'

2018-09-26 11:22:15 - [MESSAGE][PASSED] - Text 'art' is set on object 'Object Repository/Page_Metafour User Login/input_Login_access_code'

2018-09-26 11:22:15 - [TEST_STEP][PASSED] - setText: Text 'admin' is set on object 'Object Repository/Page_Metafour User Login/input_Login_login'

2018-09-26 11:22:15 - [MESSAGE][PASSED] - Text 'admin' is set on object 'Object Repository/Page_Metafour User Login/input_Login_login'

2018-09-26 11:22:15 - [TEST_STEP][PASSED] - setText: Text 'qtart070u' is set on object 'Object Repository/Page_Metafour User Login/input_Login_j_password'

2018-09-26 11:22:15 - [MESSAGE][PASSED] - Text 'qtart070u' is set on object 'Object Repository/Page_Metafour User Login/input_Login_j_password'

2018-09-26 11:22:15 - [TEST_STEP][PASSED] - click: Object: 'Object Repository/Page_Metafour User Login/button_Sign in' is clicked on

2018-09-26 11:22:19 - [MESSAGE][PASSED] - Object: 'Object Repository/Page_Metafour User Login/button_Sign in' is clicked on

2018-09-26 11:22:19 - [TEST_STEP][PASSED] - delay: Delayed 3 second(s)

2018-09-26 11:22:22 - [MESSAGE][PASSED] - Delayed 3 second(s)

2018-09-26 11:22:22 - [TEST_STEP][PASSED] - verifyElementNotPresent: Web element with id: 'Object Repository/Page_Metafour User Login/div_Sorry login failed' located by 'By.xpath: //div[@id='customerrormessagediv']' is not present after '30' second(s)

2018-09-26 11:22:22 - [MESSAGE][WARNING] - Timeout '0' is invalid. Using default page load timeout: '30'

2018-09-26 11:22:22 - [MESSAGE][PASSED] - Web element with id: 'Object Repository/Page_Metafour User Login/div_Sorry login failed' located by 'By.xpath: //div[@id='customerrormessagediv']' is not present after '30' second(s)

2018-09-26 11:22:22 - [TEST_STEP][PASSED] - closeBrowser: Browser is closed

2018-09-26 11:22:22 - [MESSAGE][PASSED] - Browser is closed]]></system-out>
         <system-err><![CDATA[]]></system-err>
      </testcase>
      <testcase name="Test Cases/nc_bo_login-test" classname="Test Cases/nc_bo_login-test" status="PASSED">
         <system-out><![CDATA[2018-09-26 11:22:22 - [TEST_CASE][PASSED] - Test Cases/nc_bo_login-test: Test Cases/nc_bo_login-test

2018-09-26 11:22:22 - [TEST_STEP][PASSED] - openBrowser: Browser is opened with url: 'https://asialogistics.netcourier.net/netcourier-data/'

2018-09-26 11:22:28 - [MESSAGE][PASSED] - Browser is opened with url: 'https://asialogistics.netcourier.net/netcourier-data/'

2018-09-26 11:22:28 - [TEST_STEP][PASSED] - navigateToUrl: Navigate to 'https://asialogistics.netcourier.net/netcourier-data/' successfully

2018-09-26 11:22:30 - [MESSAGE][PASSED] - Navigate to 'https://asialogistics.netcourier.net/netcourier-data/' successfully

2018-09-26 11:22:30 - [TEST_STEP][PASSED] - setText: Text 'als' is set on object 'Object Repository/Page_Metafour User Login/input_Login_access_code'

2018-09-26 11:22:33 - [MESSAGE][PASSED] - Text 'als' is set on object 'Object Repository/Page_Metafour User Login/input_Login_access_code'

2018-09-26 11:22:33 - [TEST_STEP][PASSED] - setText: Text 'admin' is set on object 'Object Repository/Page_Metafour User Login/input_Login_login'

2018-09-26 11:22:33 - [MESSAGE][PASSED] - Text 'admin' is set on object 'Object Repository/Page_Metafour User Login/input_Login_login'

2018-09-26 11:22:33 - [TEST_STEP][PASSED] - setText: Text 'qtals263u' is set on object 'Object Repository/Page_Metafour User Login/input_Login_j_password'

2018-09-26 11:22:34 - [MESSAGE][PASSED] - Text 'qtals263u' is set on object 'Object Repository/Page_Metafour User Login/input_Login_j_password'

2018-09-26 11:22:34 - [TEST_STEP][PASSED] - click: Object: 'Object Repository/Page_Metafour User Login/button_Sign in' is clicked on

2018-09-26 11:22:37 - [MESSAGE][PASSED] - Object: 'Object Repository/Page_Metafour User Login/button_Sign in' is clicked on

2018-09-26 11:22:37 - [TEST_STEP][PASSED] - delay: Delayed 3 second(s)

2018-09-26 11:22:40 - [MESSAGE][PASSED] - Delayed 3 second(s)

2018-09-26 11:22:40 - [TEST_STEP][PASSED] - verifyElementNotPresent: Web element with id: 'Object Repository/Page_Metafour User Login/div_Sorry login failed' located by 'By.xpath: //div[@id='customerrormessagediv']' is not present after '30' second(s)

2018-09-26 11:22:40 - [MESSAGE][WARNING] - Timeout '0' is invalid. Using default page load timeout: '30'

2018-09-26 11:22:40 - [MESSAGE][PASSED] - Web element with id: 'Object Repository/Page_Metafour User Login/div_Sorry login failed' located by 'By.xpath: //div[@id='customerrormessagediv']' is not present after '30' second(s)

2018-09-26 11:22:40 - [TEST_STEP][PASSED] - closeBrowser: Browser is closed

2018-09-26 11:22:41 - [MESSAGE][PASSED] - Browser is closed]]></system-out>
         <system-err><![CDATA[]]></system-err>
      </testcase>
      <testcase name="Test Cases/nc_bo_login-test" classname="Test Cases/nc_bo_login-test" status="PASSED">
         <system-out><![CDATA[2018-09-26 11:22:41 - [TEST_CASE][PASSED] - Test Cases/nc_bo_login-test: Test Cases/nc_bo_login-test

2018-09-26 11:22:41 - [TEST_STEP][PASSED] - openBrowser: Browser is opened with url: 'https://avgo-eu.netcourier.net/netcourier-data/'

2018-09-26 11:22:46 - [MESSAGE][PASSED] - Browser is opened with url: 'https://avgo-eu.netcourier.net/netcourier-data/'

2018-09-26 11:22:46 - [TEST_STEP][PASSED] - navigateToUrl: Navigate to 'https://avgo-eu.netcourier.net/netcourier-data/' successfully

2018-09-26 11:22:49 - [MESSAGE][PASSED] - Navigate to 'https://avgo-eu.netcourier.net/netcourier-data/' successfully

2018-09-26 11:22:49 - [TEST_STEP][PASSED] - setText: Text 'avg' is set on object 'Object Repository/Page_Metafour User Login/input_Login_access_code'

2018-09-26 11:22:52 - [MESSAGE][PASSED] - Text 'avg' is set on object 'Object Repository/Page_Metafour User Login/input_Login_access_code'

2018-09-26 11:22:52 - [TEST_STEP][PASSED] - setText: Text 'admin' is set on object 'Object Repository/Page_Metafour User Login/input_Login_login'

2018-09-26 11:22:52 - [MESSAGE][PASSED] - Text 'admin' is set on object 'Object Repository/Page_Metafour User Login/input_Login_login'

2018-09-26 11:22:52 - [TEST_STEP][PASSED] - setText: Text 'qtavg031u' is set on object 'Object Repository/Page_Metafour User Login/input_Login_j_password'

2018-09-26 11:22:52 - [MESSAGE][PASSED] - Text 'qtavg031u' is set on object 'Object Repository/Page_Metafour User Login/input_Login_j_password'

2018-09-26 11:22:52 - [TEST_STEP][PASSED] - click: Object: 'Object Repository/Page_Metafour User Login/button_Sign in' is clicked on

2018-09-26 11:22:56 - [MESSAGE][PASSED] - Object: 'Object Repository/Page_Metafour User Login/button_Sign in' is clicked on

2018-09-26 11:22:56 - [TEST_STEP][PASSED] - delay: Delayed 3 second(s)

2018-09-26 11:22:59 - [MESSAGE][PASSED] - Delayed 3 second(s)

2018-09-26 11:22:59 - [TEST_STEP][PASSED] - verifyElementNotPresent: Web element with id: 'Object Repository/Page_Metafour User Login/div_Sorry login failed' located by 'By.xpath: //div[@id='customerrormessagediv']' is not present after '30' second(s)

2018-09-26 11:22:59 - [MESSAGE][WARNING] - Timeout '0' is invalid. Using default page load timeout: '30'

2018-09-26 11:22:59 - [MESSAGE][PASSED] - Web element with id: 'Object Repository/Page_Metafour User Login/div_Sorry login failed' located by 'By.xpath: //div[@id='customerrormessagediv']' is not present after '30' second(s)

2018-09-26 11:22:59 - [TEST_STEP][PASSED] - closeBrowser: Browser is closed

2018-09-26 11:22:59 - [MESSAGE][PASSED] - Browser is closed]]></system-out>
         <system-err><![CDATA[]]></system-err>
      </testcase>
      <testcase name="Test Cases/nc_bo_login-test" classname="Test Cases/nc_bo_login-test" status="PASSED">
         <system-out><![CDATA[2018-09-26 11:22:59 - [TEST_CASE][PASSED] - Test Cases/nc_bo_login-test: Test Cases/nc_bo_login-test

2018-09-26 11:22:59 - [TEST_STEP][PASSED] - openBrowser: Browser is opened with url: 'https://avgo-uae.netcourier.net/netcourier-data/'

2018-09-26 11:23:05 - [MESSAGE][PASSED] - Browser is opened with url: 'https://avgo-uae.netcourier.net/netcourier-data/'

2018-09-26 11:23:05 - [TEST_STEP][PASSED] - navigateToUrl: Navigate to 'https://avgo-uae.netcourier.net/netcourier-data/' successfully

2018-09-26 11:23:08 - [MESSAGE][PASSED] - Navigate to 'https://avgo-uae.netcourier.net/netcourier-data/' successfully

2018-09-26 11:23:08 - [TEST_STEP][PASSED] - setText: Text 'avg' is set on object 'Object Repository/Page_Metafour User Login/input_Login_access_code'

2018-09-26 11:23:11 - [MESSAGE][PASSED] - Text 'avg' is set on object 'Object Repository/Page_Metafour User Login/input_Login_access_code'

2018-09-26 11:23:11 - [TEST_STEP][PASSED] - setText: Text 'admin' is set on object 'Object Repository/Page_Metafour User Login/input_Login_login'

2018-09-26 11:23:11 - [MESSAGE][PASSED] - Text 'admin' is set on object 'Object Repository/Page_Metafour User Login/input_Login_login'

2018-09-26 11:23:11 - [TEST_STEP][PASSED] - setText: Text 'qtavg131u' is set on object 'Object Repository/Page_Metafour User Login/input_Login_j_password'

2018-09-26 11:23:11 - [MESSAGE][PASSED] - Text 'qtavg131u' is set on object 'Object Repository/Page_Metafour User Login/input_Login_j_password'

2018-09-26 11:23:11 - [TEST_STEP][PASSED] - click: Object: 'Object Repository/Page_Metafour User Login/button_Sign in' is clicked on

2018-09-26 11:23:15 - [MESSAGE][PASSED] - Object: 'Object Repository/Page_Metafour User Login/button_Sign in' is clicked on

2018-09-26 11:23:15 - [TEST_STEP][PASSED] - delay: Delayed 3 second(s)

2018-09-26 11:23:18 - [MESSAGE][PASSED] - Delayed 3 second(s)

2018-09-26 11:23:18 - [TEST_STEP][PASSED] - verifyElementNotPresent: Web element with id: 'Object Repository/Page_Metafour User Login/div_Sorry login failed' located by 'By.xpath: //div[@id='customerrormessagediv']' is not present after '30' second(s)

2018-09-26 11:23:18 - [MESSAGE][WARNING] - Timeout '0' is invalid. Using default page load timeout: '30'

2018-09-26 11:23:18 - [MESSAGE][PASSED] - Web element with id: 'Object Repository/Page_Metafour User Login/div_Sorry login failed' located by 'By.xpath: //div[@id='customerrormessagediv']' is not present after '30' second(s)

2018-09-26 11:23:18 - [TEST_STEP][PASSED] - closeBrowser: Browser is closed

2018-09-26 11:23:18 - [MESSAGE][PASSED] - Browser is closed]]></system-out>
         <system-err><![CDATA[]]></system-err>
      </testcase>
      <testcase name="Test Cases/nc_bo_login-test" classname="Test Cases/nc_bo_login-test" status="PASSED">
         <system-out><![CDATA[2018-09-26 11:23:18 - [TEST_CASE][PASSED] - Test Cases/nc_bo_login-test: Test Cases/nc_bo_login-test

2018-09-26 11:23:18 - [TEST_STEP][PASSED] - openBrowser: Browser is opened with url: 'https://bluesky.netcourier.net/netcourier-data/'

2018-09-26 11:23:24 - [MESSAGE][PASSED] - Browser is opened with url: 'https://bluesky.netcourier.net/netcourier-data/'

2018-09-26 11:23:24 - [TEST_STEP][PASSED] - navigateToUrl: Navigate to 'https://bluesky.netcourier.net/netcourier-data/' successfully

2018-09-26 11:23:27 - [MESSAGE][PASSED] - Navigate to 'https://bluesky.netcourier.net/netcourier-data/' successfully

2018-09-26 11:23:27 - [TEST_STEP][PASSED] - setText: Text 'blu' is set on object 'Object Repository/Page_Metafour User Login/input_Login_access_code'

2018-09-26 11:23:30 - [MESSAGE][PASSED] - Text 'blu' is set on object 'Object Repository/Page_Metafour User Login/input_Login_access_code'

2018-09-26 11:23:30 - [TEST_STEP][PASSED] - setText: Text 'admin' is set on object 'Object Repository/Page_Metafour User Login/input_Login_login'

2018-09-26 11:23:30 - [MESSAGE][PASSED] - Text 'admin' is set on object 'Object Repository/Page_Metafour User Login/input_Login_login'

2018-09-26 11:23:30 - [TEST_STEP][PASSED] - setText: Text 'qtblu158u' is set on object 'Object Repository/Page_Metafour User Login/input_Login_j_password'

2018-09-26 11:23:30 - [MESSAGE][PASSED] - Text 'qtblu158u' is set on object 'Object Repository/Page_Metafour User Login/input_Login_j_password'

2018-09-26 11:23:30 - [TEST_STEP][PASSED] - click: Object: 'Object Repository/Page_Metafour User Login/button_Sign in' is clicked on

2018-09-26 11:23:33 - [MESSAGE][PASSED] - Object: 'Object Repository/Page_Metafour User Login/button_Sign in' is clicked on

2018-09-26 11:23:33 - [TEST_STEP][PASSED] - delay: Delayed 3 second(s)

2018-09-26 11:23:36 - [MESSAGE][PASSED] - Delayed 3 second(s)

2018-09-26 11:23:36 - [TEST_STEP][PASSED] - verifyElementNotPresent: Web element with id: 'Object Repository/Page_Metafour User Login/div_Sorry login failed' located by 'By.xpath: //div[@id='customerrormessagediv']' is not present after '30' second(s)

2018-09-26 11:23:36 - [MESSAGE][WARNING] - Timeout '0' is invalid. Using default page load timeout: '30'

2018-09-26 11:23:37 - [MESSAGE][PASSED] - Web element with id: 'Object Repository/Page_Metafour User Login/div_Sorry login failed' located by 'By.xpath: //div[@id='customerrormessagediv']' is not present after '30' second(s)

2018-09-26 11:23:37 - [TEST_STEP][PASSED] - closeBrowser: Browser is closed

2018-09-26 11:23:37 - [MESSAGE][PASSED] - Browser is closed]]></system-out>
         <system-err><![CDATA[]]></system-err>
      </testcase>
      <testcase name="Test Cases/nc_bo_login-test" classname="Test Cases/nc_bo_login-test" status="PASSED">
         <system-out><![CDATA[2018-09-26 11:23:37 - [TEST_CASE][PASSED] - Test Cases/nc_bo_login-test: Test Cases/nc_bo_login-test

2018-09-26 11:23:37 - [TEST_STEP][PASSED] - openBrowser: Browser is opened with url: 'https://caebfs.netcourier.net/netcourier-data/'

2018-09-26 11:23:43 - [MESSAGE][PASSED] - Browser is opened with url: 'https://caebfs.netcourier.net/netcourier-data/'

2018-09-26 11:23:43 - [TEST_STEP][PASSED] - navigateToUrl: Navigate to 'https://caebfs.netcourier.net/netcourier-data/' successfully

2018-09-26 11:23:46 - [MESSAGE][PASSED] - Navigate to 'https://caebfs.netcourier.net/netcourier-data/' successfully

2018-09-26 11:23:46 - [TEST_STEP][PASSED] - setText: Text 'cab' is set on object 'Object Repository/Page_Metafour User Login/input_Login_access_code'

2018-09-26 11:23:49 - [MESSAGE][PASSED] - Text 'cab' is set on object 'Object Repository/Page_Metafour User Login/input_Login_access_code'

2018-09-26 11:23:49 - [TEST_STEP][PASSED] - setText: Text 'admin' is set on object 'Object Repository/Page_Metafour User Login/input_Login_login'

2018-09-26 11:23:49 - [MESSAGE][PASSED] - Text 'admin' is set on object 'Object Repository/Page_Metafour User Login/input_Login_login'

2018-09-26 11:23:49 - [TEST_STEP][PASSED] - setText: Text 'qtcab083u' is set on object 'Object Repository/Page_Metafour User Login/input_Login_j_password'

2018-09-26 11:23:49 - [MESSAGE][PASSED] - Text 'qtcab083u' is set on object 'Object Repository/Page_Metafour User Login/input_Login_j_password'

2018-09-26 11:23:49 - [TEST_STEP][PASSED] - click: Object: 'Object Repository/Page_Metafour User Login/button_Sign in' is clicked on

2018-09-26 11:23:53 - [MESSAGE][PASSED] - Object: 'Object Repository/Page_Metafour User Login/button_Sign in' is clicked on

2018-09-26 11:23:53 - [TEST_STEP][PASSED] - delay: Delayed 3 second(s)

2018-09-26 11:23:56 - [MESSAGE][PASSED] - Delayed 3 second(s)

2018-09-26 11:23:56 - [TEST_STEP][PASSED] - verifyElementNotPresent: Web element with id: 'Object Repository/Page_Metafour User Login/div_Sorry login failed' located by 'By.xpath: //div[@id='customerrormessagediv']' is not present after '30' second(s)

2018-09-26 11:23:56 - [MESSAGE][WARNING] - Timeout '0' is invalid. Using default page load timeout: '30'

2018-09-26 11:23:56 - [MESSAGE][PASSED] - Web element with id: 'Object Repository/Page_Metafour User Login/div_Sorry login failed' located by 'By.xpath: //div[@id='customerrormessagediv']' is not present after '30' second(s)

2018-09-26 11:23:56 - [TEST_STEP][PASSED] - closeBrowser: Browser is closed

2018-09-26 11:23:56 - [MESSAGE][PASSED] - Browser is closed]]></system-out>
         <system-err><![CDATA[]]></system-err>
      </testcase>
      <testcase name="Test Cases/nc_bo_login-test" classname="Test Cases/nc_bo_login-test" status="PASSED">
         <system-out><![CDATA[2018-09-26 11:23:56 - [TEST_CASE][PASSED] - Test Cases/nc_bo_login-test: Test Cases/nc_bo_login-test

2018-09-26 11:23:56 - [TEST_STEP][PASSED] - openBrowser: Browser is opened with url: 'https://caedub.netcourier.net/netcourier-data/'

2018-09-26 11:24:02 - [MESSAGE][PASSED] - Browser is opened with url: 'https://caedub.netcourier.net/netcourier-data/'

2018-09-26 11:24:02 - [TEST_STEP][PASSED] - navigateToUrl: Navigate to 'https://caedub.netcourier.net/netcourier-data/' successfully

2018-09-26 11:24:04 - [MESSAGE][PASSED] - Navigate to 'https://caedub.netcourier.net/netcourier-data/' successfully

2018-09-26 11:24:04 - [TEST_STEP][PASSED] - setText: Text 'cad' is set on object 'Object Repository/Page_Metafour User Login/input_Login_access_code'

2018-09-26 11:24:08 - [MESSAGE][PASSED] - Text 'cad' is set on object 'Object Repository/Page_Metafour User Login/input_Login_access_code'

2018-09-26 11:24:08 - [TEST_STEP][PASSED] - setText: Text 'admin' is set on object 'Object Repository/Page_Metafour User Login/input_Login_login'

2018-09-26 11:24:08 - [MESSAGE][PASSED] - Text 'admin' is set on object 'Object Repository/Page_Metafour User Login/input_Login_login'

2018-09-26 11:24:08 - [TEST_STEP][PASSED] - setText: Text 'qtcad084u' is set on object 'Object Repository/Page_Metafour User Login/input_Login_j_password'

2018-09-26 11:24:08 - [MESSAGE][PASSED] - Text 'qtcad084u' is set on object 'Object Repository/Page_Metafour User Login/input_Login_j_password'

2018-09-26 11:24:08 - [TEST_STEP][PASSED] - click: Object: 'Object Repository/Page_Metafour User Login/button_Sign in' is clicked on

2018-09-26 11:24:11 - [MESSAGE][PASSED] - Object: 'Object Repository/Page_Metafour User Login/button_Sign in' is clicked on

2018-09-26 11:24:11 - [TEST_STEP][PASSED] - delay: Delayed 3 second(s)

2018-09-26 11:24:14 - [MESSAGE][PASSED] - Delayed 3 second(s)

2018-09-26 11:24:14 - [TEST_STEP][PASSED] - verifyElementNotPresent: Web element with id: 'Object Repository/Page_Metafour User Login/div_Sorry login failed' located by 'By.xpath: //div[@id='customerrormessagediv']' is not present after '30' second(s)

2018-09-26 11:24:14 - [MESSAGE][WARNING] - Timeout '0' is invalid. Using default page load timeout: '30'

2018-09-26 11:24:14 - [MESSAGE][PASSED] - Web element with id: 'Object Repository/Page_Metafour User Login/div_Sorry login failed' located by 'By.xpath: //div[@id='customerrormessagediv']' is not present after '30' second(s)

2018-09-26 11:24:14 - [TEST_STEP][PASSED] - closeBrowser: Browser is closed

2018-09-26 11:24:15 - [MESSAGE][PASSED] - Browser is closed]]></system-out>
         <system-err><![CDATA[]]></system-err>
      </testcase>
      <testcase name="Test Cases/nc_bo_login-test" classname="Test Cases/nc_bo_login-test" status="PASSED">
         <system-out><![CDATA[2018-09-26 11:24:15 - [TEST_CASE][PASSED] - Test Cases/nc_bo_login-test: Test Cases/nc_bo_login-test

2018-09-26 11:24:15 - [TEST_STEP][PASSED] - openBrowser: Browser is opened with url: 'https://caelhr.netcourier.net/netcourier-data/'

2018-09-26 11:24:21 - [MESSAGE][PASSED] - Browser is opened with url: 'https://caelhr.netcourier.net/netcourier-data/'

2018-09-26 11:24:21 - [TEST_STEP][PASSED] - navigateToUrl: Navigate to 'https://caelhr.netcourier.net/netcourier-data/' successfully

2018-09-26 11:24:23 - [MESSAGE][PASSED] - Navigate to 'https://caelhr.netcourier.net/netcourier-data/' successfully

2018-09-26 11:24:23 - [TEST_STEP][PASSED] - setText: Text 'cal' is set on object 'Object Repository/Page_Metafour User Login/input_Login_access_code'

2018-09-26 11:24:26 - [MESSAGE][PASSED] - Text 'cal' is set on object 'Object Repository/Page_Metafour User Login/input_Login_access_code'

2018-09-26 11:24:26 - [TEST_STEP][PASSED] - setText: Text 'admin' is set on object 'Object Repository/Page_Metafour User Login/input_Login_login'

2018-09-26 11:24:26 - [MESSAGE][PASSED] - Text 'admin' is set on object 'Object Repository/Page_Metafour User Login/input_Login_login'

2018-09-26 11:24:26 - [TEST_STEP][PASSED] - setText: Text 'qtcal081u' is set on object 'Object Repository/Page_Metafour User Login/input_Login_j_password'

2018-09-26 11:24:26 - [MESSAGE][PASSED] - Text 'qtcal081u' is set on object 'Object Repository/Page_Metafour User Login/input_Login_j_password'

2018-09-26 11:24:26 - [TEST_STEP][PASSED] - click: Object: 'Object Repository/Page_Metafour User Login/button_Sign in' is clicked on

2018-09-26 11:24:30 - [MESSAGE][PASSED] - Object: 'Object Repository/Page_Metafour User Login/button_Sign in' is clicked on

2018-09-26 11:24:30 - [TEST_STEP][PASSED] - delay: Delayed 3 second(s)

2018-09-26 11:24:33 - [MESSAGE][PASSED] - Delayed 3 second(s)

2018-09-26 11:24:33 - [TEST_STEP][PASSED] - verifyElementNotPresent: Web element with id: 'Object Repository/Page_Metafour User Login/div_Sorry login failed' located by 'By.xpath: //div[@id='customerrormessagediv']' is not present after '30' second(s)

2018-09-26 11:24:33 - [MESSAGE][WARNING] - Timeout '0' is invalid. Using default page load timeout: '30'

2018-09-26 11:24:33 - [MESSAGE][PASSED] - Web element with id: 'Object Repository/Page_Metafour User Login/div_Sorry login failed' located by 'By.xpath: //div[@id='customerrormessagediv']' is not present after '30' second(s)

2018-09-26 11:24:33 - [TEST_STEP][PASSED] - closeBrowser: Browser is closed

2018-09-26 11:24:34 - [MESSAGE][PASSED] - Browser is closed]]></system-out>
         <system-err><![CDATA[]]></system-err>
      </testcase>
      <testcase name="Test Cases/nc_bo_login-test" classname="Test Cases/nc_bo_login-test" status="PASSED">
         <system-out><![CDATA[2018-09-26 11:24:34 - [TEST_CASE][PASSED] - Test Cases/nc_bo_login-test: Test Cases/nc_bo_login-test

2018-09-26 11:24:34 - [TEST_STEP][PASSED] - openBrowser: Browser is opened with url: 'https://caeman.netcourier.net/netcourier-data/'

2018-09-26 11:24:40 - [MESSAGE][PASSED] - Browser is opened with url: 'https://caeman.netcourier.net/netcourier-data/'

2018-09-26 11:24:40 - [TEST_STEP][PASSED] - navigateToUrl: Navigate to 'https://caeman.netcourier.net/netcourier-data/' successfully

2018-09-26 11:24:42 - [MESSAGE][PASSED] - Navigate to 'https://caeman.netcourier.net/netcourier-data/' successfully

2018-09-26 11:24:42 - [TEST_STEP][PASSED] - setText: Text 'cam' is set on object 'Object Repository/Page_Metafour User Login/input_Login_access_code'

2018-09-26 11:24:45 - [MESSAGE][PASSED] - Text 'cam' is set on object 'Object Repository/Page_Metafour User Login/input_Login_access_code'

2018-09-26 11:24:45 - [TEST_STEP][PASSED] - setText: Text 'admin' is set on object 'Object Repository/Page_Metafour User Login/input_Login_login'

2018-09-26 11:24:45 - [MESSAGE][PASSED] - Text 'admin' is set on object 'Object Repository/Page_Metafour User Login/input_Login_login'

2018-09-26 11:24:45 - [TEST_STEP][PASSED] - setText: Text 'qtcam082u' is set on object 'Object Repository/Page_Metafour User Login/input_Login_j_password'

2018-09-26 11:24:45 - [MESSAGE][PASSED] - Text 'qtcam082u' is set on object 'Object Repository/Page_Metafour User Login/input_Login_j_password'

2018-09-26 11:24:45 - [TEST_STEP][PASSED] - click: Object: 'Object Repository/Page_Metafour User Login/button_Sign in' is clicked on

2018-09-26 11:24:49 - [MESSAGE][PASSED] - Object: 'Object Repository/Page_Metafour User Login/button_Sign in' is clicked on

2018-09-26 11:24:49 - [TEST_STEP][PASSED] - delay: Delayed 3 second(s)

2018-09-26 11:24:52 - [MESSAGE][PASSED] - Delayed 3 second(s)

2018-09-26 11:24:52 - [TEST_STEP][PASSED] - verifyElementNotPresent: Web element with id: 'Object Repository/Page_Metafour User Login/div_Sorry login failed' located by 'By.xpath: //div[@id='customerrormessagediv']' is not present after '30' second(s)

2018-09-26 11:24:52 - [MESSAGE][WARNING] - Timeout '0' is invalid. Using default page load timeout: '30'

2018-09-26 11:24:52 - [MESSAGE][PASSED] - Web element with id: 'Object Repository/Page_Metafour User Login/div_Sorry login failed' located by 'By.xpath: //div[@id='customerrormessagediv']' is not present after '30' second(s)

2018-09-26 11:24:52 - [TEST_STEP][PASSED] - closeBrowser: Browser is closed

2018-09-26 11:24:53 - [MESSAGE][PASSED] - Browser is closed]]></system-out>
         <system-err><![CDATA[]]></system-err>
      </testcase>
      <testcase name="Test Cases/nc_bo_login-test" classname="Test Cases/nc_bo_login-test" status="FAILED">
         <failure type="FAILED" message="(Stack trace: com.kms.katalon.core.exception.StepFailedException: Unable to set text 'ctp' of object 'Object Repository/Page_Metafour User Login/input_Login_access_code' (Root cause: com.kms.katalon.core.webui.exception.WebElementNotFoundException: Web element with id: 'Object Repository/Page_Metafour User Login/input_Login_access_code' located by 'By.xpath: //input[@id='access_code']' not found)
	at com.kms.katalon.core.keyword.internal.KeywordMain.stepFailed(KeywordMain.groovy:36)
	at com.kms.katalon.core.webui.keyword.internal.WebUIKeywordMain.stepFailed(WebUIKeywordMain.groovy:65)
	at com.kms.katalon.core.webui.keyword.internal.WebUIKeywordMain.runKeyword(WebUIKeywordMain.groovy:27)
	at com.kms.katalon.core.webui.keyword.builtin.SetTextKeyword.setText(SetTextKeyword.groovy:65)
	at com.kms.katalon.core.webui.keyword.builtin.SetTextKeyword.execute(SetTextKeyword.groovy:37)
	at com.kms.katalon.core.keyword.internal.KeywordExecutor.executeKeywordForPlatform(KeywordExecutor.groovy:53)
	at com.kms.katalon.core.webui.keyword.WebUiBuiltInKeywords.setText(WebUiBuiltInKeywords.groovy:950)
	at com.kms.katalon.core.webui.keyword.WebUiBuiltInKeywords$setText$1.call(Unknown Source)
	at Script1537185514861.run(Script1537185514861.groovy:21)
	at com.kms.katalon.core.main.ScriptEngine.run(ScriptEngine.java:183)
	at com.kms.katalon.core.main.ScriptEngine.runScriptAsRawText(ScriptEngine.java:108)
	at com.kms.katalon.core.main.TestCaseExecutor.runScript(TestCaseExecutor.java:294)
	at com.kms.katalon.core.main.TestCaseExecutor.doExecute(TestCaseExecutor.java:285)
	at com.kms.katalon.core.main.TestCaseExecutor.processExecutionPhase(TestCaseExecutor.java:264)
	at com.kms.katalon.core.main.TestCaseExecutor.accessMainPhase(TestCaseExecutor.java:256)
	at com.kms.katalon.core.main.TestCaseExecutor.execute(TestCaseExecutor.java:200)
	at com.kms.katalon.core.main.TestSuiteExecutor.accessTestCaseMainPhase(TestSuiteExecutor.java:129)
	at com.kms.katalon.core.main.TestSuiteExecutor.accessTestSuiteMainPhase(TestSuiteExecutor.java:112)
	at com.kms.katalon.core.main.TestSuiteExecutor.execute(TestSuiteExecutor.java:81)
	at com.kms.katalon.core.main.TestCaseMain.startTestSuite(TestCaseMain.java:142)
	at com.kms.katalon.core.main.TestCaseMain$startTestSuite$0.call(Unknown Source)
	at org.codehaus.groovy.runtime.callsite.CallSiteArray.defaultCall(CallSiteArray.java:48)
	at org.codehaus.groovy.runtime.callsite.AbstractCallSite.call(AbstractCallSite.java:113)
	at org.codehaus.groovy.runtime.callsite.AbstractCallSite.call(AbstractCallSite.java:141)
	at TempTestSuite1537937721688.run(TempTestSuite1537937721688.groovy:36)
	at groovy.lang.GroovyShell.runScriptOrMainOrTestOrRunnable(GroovyShell.java:263)
	at groovy.lang.GroovyShell.run(GroovyShell.java:518)
	at groovy.lang.GroovyShell.run(GroovyShell.java:507)
	at groovy.ui.GroovyMain.processOnce(GroovyMain.java:653)
	at groovy.ui.GroovyMain.run(GroovyMain.java:384)
	at groovy.ui.GroovyMain.process(GroovyMain.java:370)
	at groovy.ui.GroovyMain.processArgs(GroovyMain.java:129)
	at groovy.ui.GroovyMain.main(GroovyMain.java:109)
	at sun.reflect.NativeMethodAccessorImpl.invoke0(Native Method)
	at sun.reflect.NativeMethodAccessorImpl.invoke(NativeMethodAccessorImpl.java:62)
	at sun.reflect.DelegatingMethodAccessorImpl.invoke(DelegatingMethodAccessorImpl.java:43)
	at java.lang.reflect.Method.invoke(Method.java:498)
	at org.codehaus.groovy.tools.GroovyStarter.rootLoader(GroovyStarter.java:109)
	at org.codehaus.groovy.tools.GroovyStarter.main(GroovyStarter.java:131)
)"/>
         <system-out><![CDATA[2018-09-26 11:24:53 - [TEST_CASE][FAILED] - Test Cases/nc_bo_login-test: Test Cases/nc_bo_login-test FAILED because (of) (Stack trace: com.kms.katalon.core.exception.StepFailedException: Unable to set text 'ctp' of object 'Object Repository/Page_Metafour User Login/input_Login_access_code' (Root cause: com.kms.katalon.core.webui.exception.WebElementNotFoundException: Web element with id: 'Object Repository/Page_Metafour User Login/input_Login_access_code' located by 'By.xpath: //input[@id='access_code']' not found)
	at com.kms.katalon.core.keyword.internal.KeywordMain.stepFailed(KeywordMain.groovy:36)
	at com.kms.katalon.core.webui.keyword.internal.WebUIKeywordMain.stepFailed(WebUIKeywordMain.groovy:65)
	at com.kms.katalon.core.webui.keyword.internal.WebUIKeywordMain.runKeyword(WebUIKeywordMain.groovy:27)
	at com.kms.katalon.core.webui.keyword.builtin.SetTextKeyword.setText(SetTextKeyword.groovy:65)
	at com.kms.katalon.core.webui.keyword.builtin.SetTextKeyword.execute(SetTextKeyword.groovy:37)
	at com.kms.katalon.core.keyword.internal.KeywordExecutor.executeKeywordForPlatform(KeywordExecutor.groovy:53)
	at com.kms.katalon.core.webui.keyword.WebUiBuiltInKeywords.setText(WebUiBuiltInKeywords.groovy:950)
	at com.kms.katalon.core.webui.keyword.WebUiBuiltInKeywords$setText$1.call(Unknown Source)
	at Script1537185514861.run(Script1537185514861.groovy:21)
	at com.kms.katalon.core.main.ScriptEngine.run(ScriptEngine.java:183)
	at com.kms.katalon.core.main.ScriptEngine.runScriptAsRawText(ScriptEngine.java:108)
	at com.kms.katalon.core.main.TestCaseExecutor.runScript(TestCaseExecutor.java:294)
	at com.kms.katalon.core.main.TestCaseExecutor.doExecute(TestCaseExecutor.java:285)
	at com.kms.katalon.core.main.TestCaseExecutor.processExecutionPhase(TestCaseExecutor.java:264)
	at com.kms.katalon.core.main.TestCaseExecutor.accessMainPhase(TestCaseExecutor.java:256)
	at com.kms.katalon.core.main.TestCaseExecutor.execute(TestCaseExecutor.java:200)
	at com.kms.katalon.core.main.TestSuiteExecutor.accessTestCaseMainPhase(TestSuiteExecutor.java:129)
	at com.kms.katalon.core.main.TestSuiteExecutor.accessTestSuiteMainPhase(TestSuiteExecutor.java:112)
	at com.kms.katalon.core.main.TestSuiteExecutor.execute(TestSuiteExecutor.java:81)
	at com.kms.katalon.core.main.TestCaseMain.startTestSuite(TestCaseMain.java:142)
	at com.kms.katalon.core.main.TestCaseMain$startTestSuite$0.call(Unknown Source)
	at org.codehaus.groovy.runtime.callsite.CallSiteArray.defaultCall(CallSiteArray.java:48)
	at org.codehaus.groovy.runtime.callsite.AbstractCallSite.call(AbstractCallSite.java:113)
	at org.codehaus.groovy.runtime.callsite.AbstractCallSite.call(AbstractCallSite.java:141)
	at TempTestSuite1537937721688.run(TempTestSuite1537937721688.groovy:36)
	at groovy.lang.GroovyShell.runScriptOrMainOrTestOrRunnable(GroovyShell.java:263)
	at groovy.lang.GroovyShell.run(GroovyShell.java:518)
	at groovy.lang.GroovyShell.run(GroovyShell.java:507)
	at groovy.ui.GroovyMain.processOnce(GroovyMain.java:653)
	at groovy.ui.GroovyMain.run(GroovyMain.java:384)
	at groovy.ui.GroovyMain.process(GroovyMain.java:370)
	at groovy.ui.GroovyMain.processArgs(GroovyMain.java:129)
	at groovy.ui.GroovyMain.main(GroovyMain.java:109)
	at sun.reflect.NativeMethodAccessorImpl.invoke0(Native Method)
	at sun.reflect.NativeMethodAccessorImpl.invoke(NativeMethodAccessorImpl.java:62)
	at sun.reflect.DelegatingMethodAccessorImpl.invoke(DelegatingMethodAccessorImpl.java:43)
	at java.lang.reflect.Method.invoke(Method.java:498)
	at org.codehaus.groovy.tools.GroovyStarter.rootLoader(GroovyStarter.java:109)
	at org.codehaus.groovy.tools.GroovyStarter.main(GroovyStarter.java:131)
)

2018-09-26 11:24:53 - [TEST_STEP][PASSED] - openBrowser: Browser is opened with url: 'https://citypost.netcourier.net/netcourier-data/'

2018-09-26 11:25:09 - [MESSAGE][PASSED] - Browser is opened with url: 'https://citypost.netcourier.net/netcourier-data/'

2018-09-26 11:25:09 - [TEST_STEP][PASSED] - navigateToUrl: Navigate to 'https://citypost.netcourier.net/netcourier-data/' successfully

2018-09-26 11:25:21 - [MESSAGE][PASSED] - Navigate to 'https://citypost.netcourier.net/netcourier-data/' successfully

2018-09-26 11:25:21 - [TEST_STEP][FAILED] - setText: Unable to set text 'ctp' of object 'Object Repository/Page_Metafour User Login/input_Login_access_code' (Root cause: com.kms.katalon.core.webui.exception.WebElementNotFoundException: Web element with id: 'Object Repository/Page_Metafour User Login/input_Login_access_code' located by 'By.xpath: //input[@id='access_code']' not found)

2018-09-26 11:25:53 - [MESSAGE][FAILED] - Unable to set text 'ctp' of object 'Object Repository/Page_Metafour User Login/input_Login_access_code' (Root cause: com.kms.katalon.core.webui.exception.WebElementNotFoundException: Web element with id: 'Object Repository/Page_Metafour User Login/input_Login_access_code' located by 'By.xpath: //input[@id='access_code']' not found)
[[ATTACHMENT|C:\\Users\\mazha\\Katalon Studio\\m4-monitoring\\Reports\\nc-cp-bo-login-test-suit\\20180926_105521\\1537939553205.png]]]]></system-out>
         <system-err><![CDATA[2018-09-26 11:24:53 - [TEST_CASE][FAILED] - Test Cases/nc_bo_login-test: Test Cases/nc_bo_login-test FAILED because (of) (Stack trace: com.kms.katalon.core.exception.StepFailedException: Unable to set text 'ctp' of object 'Object Repository/Page_Metafour User Login/input_Login_access_code' (Root cause: com.kms.katalon.core.webui.exception.WebElementNotFoundException: Web element with id: 'Object Repository/Page_Metafour User Login/input_Login_access_code' located by 'By.xpath: //input[@id='access_code']' not found)
	at com.kms.katalon.core.keyword.internal.KeywordMain.stepFailed(KeywordMain.groovy:36)
	at com.kms.katalon.core.webui.keyword.internal.WebUIKeywordMain.stepFailed(WebUIKeywordMain.groovy:65)
	at com.kms.katalon.core.webui.keyword.internal.WebUIKeywordMain.runKeyword(WebUIKeywordMain.groovy:27)
	at com.kms.katalon.core.webui.keyword.builtin.SetTextKeyword.setText(SetTextKeyword.groovy:65)
	at com.kms.katalon.core.webui.keyword.builtin.SetTextKeyword.execute(SetTextKeyword.groovy:37)
	at com.kms.katalon.core.keyword.internal.KeywordExecutor.executeKeywordForPlatform(KeywordExecutor.groovy:53)
	at com.kms.katalon.core.webui.keyword.WebUiBuiltInKeywords.setText(WebUiBuiltInKeywords.groovy:950)
	at com.kms.katalon.core.webui.keyword.WebUiBuiltInKeywords$setText$1.call(Unknown Source)
	at Script1537185514861.run(Script1537185514861.groovy:21)
	at com.kms.katalon.core.main.ScriptEngine.run(ScriptEngine.java:183)
	at com.kms.katalon.core.main.ScriptEngine.runScriptAsRawText(ScriptEngine.java:108)
	at com.kms.katalon.core.main.TestCaseExecutor.runScript(TestCaseExecutor.java:294)
	at com.kms.katalon.core.main.TestCaseExecutor.doExecute(TestCaseExecutor.java:285)
	at com.kms.katalon.core.main.TestCaseExecutor.processExecutionPhase(TestCaseExecutor.java:264)
	at com.kms.katalon.core.main.TestCaseExecutor.accessMainPhase(TestCaseExecutor.java:256)
	at com.kms.katalon.core.main.TestCaseExecutor.execute(TestCaseExecutor.java:200)
	at com.kms.katalon.core.main.TestSuiteExecutor.accessTestCaseMainPhase(TestSuiteExecutor.java:129)
	at com.kms.katalon.core.main.TestSuiteExecutor.accessTestSuiteMainPhase(TestSuiteExecutor.java:112)
	at com.kms.katalon.core.main.TestSuiteExecutor.execute(TestSuiteExecutor.java:81)
	at com.kms.katalon.core.main.TestCaseMain.startTestSuite(TestCaseMain.java:142)
	at com.kms.katalon.core.main.TestCaseMain$startTestSuite$0.call(Unknown Source)
	at org.codehaus.groovy.runtime.callsite.CallSiteArray.defaultCall(CallSiteArray.java:48)
	at org.codehaus.groovy.runtime.callsite.AbstractCallSite.call(AbstractCallSite.java:113)
	at org.codehaus.groovy.runtime.callsite.AbstractCallSite.call(AbstractCallSite.java:141)
	at TempTestSuite1537937721688.run(TempTestSuite1537937721688.groovy:36)
	at groovy.lang.GroovyShell.runScriptOrMainOrTestOrRunnable(GroovyShell.java:263)
	at groovy.lang.GroovyShell.run(GroovyShell.java:518)
	at groovy.lang.GroovyShell.run(GroovyShell.java:507)
	at groovy.ui.GroovyMain.processOnce(GroovyMain.java:653)
	at groovy.ui.GroovyMain.run(GroovyMain.java:384)
	at groovy.ui.GroovyMain.process(GroovyMain.java:370)
	at groovy.ui.GroovyMain.processArgs(GroovyMain.java:129)
	at groovy.ui.GroovyMain.main(GroovyMain.java:109)
	at sun.reflect.NativeMethodAccessorImpl.invoke0(Native Method)
	at sun.reflect.NativeMethodAccessorImpl.invoke(NativeMethodAccessorImpl.java:62)
	at sun.reflect.DelegatingMethodAccessorImpl.invoke(DelegatingMethodAccessorImpl.java:43)
	at java.lang.reflect.Method.invoke(Method.java:498)
	at org.codehaus.groovy.tools.GroovyStarter.rootLoader(GroovyStarter.java:109)
	at org.codehaus.groovy.tools.GroovyStarter.main(GroovyStarter.java:131)
)]]></system-err>
      </testcase>
      <testcase name="Test Cases/nc_bo_login-test" classname="Test Cases/nc_bo_login-test" status="PASSED">
         <system-out><![CDATA[2018-09-26 11:25:53 - [TEST_CASE][PASSED] - Test Cases/nc_bo_login-test: Test Cases/nc_bo_login-test

2018-09-26 11:25:53 - [TEST_STEP][PASSED] - openBrowser: Browser is opened with url: 'https://cms.netcourier.net/netcourier-data/'

2018-09-26 11:25:53 - [MESSAGE][WARNING] - A browser is already opened. Closing browser and opening a new one

2018-09-26 11:25:59 - [MESSAGE][PASSED] - Browser is opened with url: 'https://cms.netcourier.net/netcourier-data/'

2018-09-26 11:25:59 - [TEST_STEP][PASSED] - navigateToUrl: Navigate to 'https://cms.netcourier.net/netcourier-data/' successfully

2018-09-26 11:26:01 - [MESSAGE][PASSED] - Navigate to 'https://cms.netcourier.net/netcourier-data/' successfully

2018-09-26 11:26:01 - [TEST_STEP][PASSED] - setText: Text 'cms' is set on object 'Object Repository/Page_Metafour User Login/input_Login_access_code'

2018-09-26 11:26:04 - [MESSAGE][PASSED] - Text 'cms' is set on object 'Object Repository/Page_Metafour User Login/input_Login_access_code'

2018-09-26 11:26:04 - [TEST_STEP][PASSED] - setText: Text 'admin' is set on object 'Object Repository/Page_Metafour User Login/input_Login_login'

2018-09-26 11:26:04 - [MESSAGE][PASSED] - Text 'admin' is set on object 'Object Repository/Page_Metafour User Login/input_Login_login'

2018-09-26 11:26:04 - [TEST_STEP][PASSED] - setText: Text 'qtcms058u' is set on object 'Object Repository/Page_Metafour User Login/input_Login_j_password'

2018-09-26 11:26:04 - [MESSAGE][PASSED] - Text 'qtcms058u' is set on object 'Object Repository/Page_Metafour User Login/input_Login_j_password'

2018-09-26 11:26:04 - [TEST_STEP][PASSED] - click: Object: 'Object Repository/Page_Metafour User Login/button_Sign in' is clicked on

2018-09-26 11:26:08 - [MESSAGE][PASSED] - Object: 'Object Repository/Page_Metafour User Login/button_Sign in' is clicked on

2018-09-26 11:26:08 - [TEST_STEP][PASSED] - delay: Delayed 3 second(s)

2018-09-26 11:26:11 - [MESSAGE][PASSED] - Delayed 3 second(s)

2018-09-26 11:26:11 - [TEST_STEP][PASSED] - verifyElementNotPresent: Web element with id: 'Object Repository/Page_Metafour User Login/div_Sorry login failed' located by 'By.xpath: //div[@id='customerrormessagediv']' is not present after '30' second(s)

2018-09-26 11:26:11 - [MESSAGE][WARNING] - Timeout '0' is invalid. Using default page load timeout: '30'

2018-09-26 11:26:11 - [MESSAGE][PASSED] - Web element with id: 'Object Repository/Page_Metafour User Login/div_Sorry login failed' located by 'By.xpath: //div[@id='customerrormessagediv']' is not present after '30' second(s)

2018-09-26 11:26:11 - [TEST_STEP][PASSED] - closeBrowser: Browser is closed

2018-09-26 11:26:11 - [MESSAGE][PASSED] - Browser is closed]]></system-out>
         <system-err><![CDATA[]]></system-err>
      </testcase>
      <testcase name="Test Cases/nc_bo_login-test" classname="Test Cases/nc_bo_login-test" status="PASSED">
         <system-out><![CDATA[2018-09-26 11:26:11 - [TEST_CASE][PASSED] - Test Cases/nc_bo_login-test: Test Cases/nc_bo_login-test

2018-09-26 11:26:11 - [TEST_STEP][PASSED] - openBrowser: Browser is opened with url: 'https://crisisww.netcourier.net/netcourier-data/'

2018-09-26 11:26:17 - [MESSAGE][PASSED] - Browser is opened with url: 'https://crisisww.netcourier.net/netcourier-data/'

2018-09-26 11:26:17 - [TEST_STEP][PASSED] - navigateToUrl: Navigate to 'https://crisisww.netcourier.net/netcourier-data/' successfully

2018-09-26 11:26:19 - [MESSAGE][PASSED] - Navigate to 'https://crisisww.netcourier.net/netcourier-data/' successfully

2018-09-26 11:26:19 - [TEST_STEP][PASSED] - setText: Text 'cww' is set on object 'Object Repository/Page_Metafour User Login/input_Login_access_code'

2018-09-26 11:26:22 - [MESSAGE][PASSED] - Text 'cww' is set on object 'Object Repository/Page_Metafour User Login/input_Login_access_code'

2018-09-26 11:26:22 - [TEST_STEP][PASSED] - setText: Text 'admin' is set on object 'Object Repository/Page_Metafour User Login/input_Login_login'

2018-09-26 11:26:22 - [MESSAGE][PASSED] - Text 'admin' is set on object 'Object Repository/Page_Metafour User Login/input_Login_login'

2018-09-26 11:26:22 - [TEST_STEP][PASSED] - setText: Text 'qtcww299u' is set on object 'Object Repository/Page_Metafour User Login/input_Login_j_password'

2018-09-26 11:26:22 - [MESSAGE][PASSED] - Text 'qtcww299u' is set on object 'Object Repository/Page_Metafour User Login/input_Login_j_password'

2018-09-26 11:26:22 - [TEST_STEP][PASSED] - click: Object: 'Object Repository/Page_Metafour User Login/button_Sign in' is clicked on

2018-09-26 11:26:25 - [MESSAGE][PASSED] - Object: 'Object Repository/Page_Metafour User Login/button_Sign in' is clicked on

2018-09-26 11:26:25 - [TEST_STEP][PASSED] - delay: Delayed 3 second(s)

2018-09-26 11:26:28 - [MESSAGE][PASSED] - Delayed 3 second(s)

2018-09-26 11:26:28 - [TEST_STEP][PASSED] - verifyElementNotPresent: Web element with id: 'Object Repository/Page_Metafour User Login/div_Sorry login failed' located by 'By.xpath: //div[@id='customerrormessagediv']' is not present after '30' second(s)

2018-09-26 11:26:28 - [MESSAGE][WARNING] - Timeout '0' is invalid. Using default page load timeout: '30'

2018-09-26 11:26:28 - [MESSAGE][PASSED] - Web element with id: 'Object Repository/Page_Metafour User Login/div_Sorry login failed' located by 'By.xpath: //div[@id='customerrormessagediv']' is not present after '30' second(s)

2018-09-26 11:26:28 - [TEST_STEP][PASSED] - closeBrowser: Browser is closed

2018-09-26 11:26:29 - [MESSAGE][PASSED] - Browser is closed]]></system-out>
         <system-err><![CDATA[]]></system-err>
      </testcase>
      <testcase name="Test Cases/nc_bo_login-test" classname="Test Cases/nc_bo_login-test" status="PASSED">
         <system-out><![CDATA[2018-09-26 11:26:29 - [TEST_CASE][PASSED] - Test Cases/nc_bo_login-test: Test Cases/nc_bo_login-test

2018-09-26 11:26:29 - [TEST_STEP][PASSED] - openBrowser: Browser is opened with url: 'https://democourier.netcourier.net/netcourier-data'

2018-09-26 11:26:35 - [MESSAGE][PASSED] - Browser is opened with url: 'https://democourier.netcourier.net/netcourier-data'

2018-09-26 11:26:35 - [TEST_STEP][PASSED] - navigateToUrl: Navigate to 'https://democourier.netcourier.net/netcourier-data' successfully

2018-09-26 11:26:38 - [MESSAGE][PASSED] - Navigate to 'https://democourier.netcourier.net/netcourier-data' successfully

2018-09-26 11:26:38 - [TEST_STEP][PASSED] - setText: Text 'dem' is set on object 'Object Repository/Page_Metafour User Login/input_Login_access_code'

2018-09-26 11:26:42 - [MESSAGE][PASSED] - Text 'dem' is set on object 'Object Repository/Page_Metafour User Login/input_Login_access_code'

2018-09-26 11:26:42 - [TEST_STEP][PASSED] - setText: Text 'admin' is set on object 'Object Repository/Page_Metafour User Login/input_Login_login'

2018-09-26 11:26:42 - [MESSAGE][PASSED] - Text 'admin' is set on object 'Object Repository/Page_Metafour User Login/input_Login_login'

2018-09-26 11:26:42 - [TEST_STEP][PASSED] - setText: Text 'qtdem999u' is set on object 'Object Repository/Page_Metafour User Login/input_Login_j_password'

2018-09-26 11:26:42 - [MESSAGE][PASSED] - Text 'qtdem999u' is set on object 'Object Repository/Page_Metafour User Login/input_Login_j_password'

2018-09-26 11:26:42 - [TEST_STEP][PASSED] - click: Object: 'Object Repository/Page_Metafour User Login/button_Sign in' is clicked on

2018-09-26 11:26:45 - [MESSAGE][PASSED] - Object: 'Object Repository/Page_Metafour User Login/button_Sign in' is clicked on

2018-09-26 11:26:45 - [TEST_STEP][PASSED] - delay: Delayed 3 second(s)

2018-09-26 11:26:48 - [MESSAGE][PASSED] - Delayed 3 second(s)

2018-09-26 11:26:48 - [TEST_STEP][PASSED] - verifyElementNotPresent: Web element with id: 'Object Repository/Page_Metafour User Login/div_Sorry login failed' located by 'By.xpath: //div[@id='customerrormessagediv']' is not present after '30' second(s)

2018-09-26 11:26:48 - [MESSAGE][WARNING] - Timeout '0' is invalid. Using default page load timeout: '30'

2018-09-26 11:26:48 - [MESSAGE][PASSED] - Web element with id: 'Object Repository/Page_Metafour User Login/div_Sorry login failed' located by 'By.xpath: //div[@id='customerrormessagediv']' is not present after '30' second(s)

2018-09-26 11:26:48 - [TEST_STEP][PASSED] - closeBrowser: Browser is closed

2018-09-26 11:26:49 - [MESSAGE][PASSED] - Browser is closed]]></system-out>
         <system-err><![CDATA[]]></system-err>
      </testcase>
      <testcase name="Test Cases/nc_bo_login-test" classname="Test Cases/nc_bo_login-test" status="PASSED">
         <system-out><![CDATA[2018-09-26 11:26:49 - [TEST_CASE][PASSED] - Test Cases/nc_bo_login-test: Test Cases/nc_bo_login-test

2018-09-26 11:26:49 - [TEST_STEP][PASSED] - openBrowser: Browser is opened with url: 'https://dms.netcourier.net/netcourier-data/'

2018-09-26 11:26:55 - [MESSAGE][PASSED] - Browser is opened with url: 'https://dms.netcourier.net/netcourier-data/'

2018-09-26 11:26:55 - [TEST_STEP][PASSED] - navigateToUrl: Navigate to 'https://dms.netcourier.net/netcourier-data/' successfully

2018-09-26 11:26:57 - [MESSAGE][PASSED] - Navigate to 'https://dms.netcourier.net/netcourier-data/' successfully

2018-09-26 11:26:57 - [TEST_STEP][PASSED] - setText: Text 'dms' is set on object 'Object Repository/Page_Metafour User Login/input_Login_access_code'

2018-09-26 11:27:03 - [MESSAGE][PASSED] - Text 'dms' is set on object 'Object Repository/Page_Metafour User Login/input_Login_access_code'

2018-09-26 11:27:03 - [TEST_STEP][PASSED] - setText: Text 'admin' is set on object 'Object Repository/Page_Metafour User Login/input_Login_login'

2018-09-26 11:27:03 - [MESSAGE][PASSED] - Text 'admin' is set on object 'Object Repository/Page_Metafour User Login/input_Login_login'

2018-09-26 11:27:03 - [TEST_STEP][PASSED] - setText: Text 'qtdms087u' is set on object 'Object Repository/Page_Metafour User Login/input_Login_j_password'

2018-09-26 11:27:03 - [MESSAGE][PASSED] - Text 'qtdms087u' is set on object 'Object Repository/Page_Metafour User Login/input_Login_j_password'

2018-09-26 11:27:03 - [TEST_STEP][PASSED] - click: Object: 'Object Repository/Page_Metafour User Login/button_Sign in' is clicked on

2018-09-26 11:27:07 - [MESSAGE][PASSED] - Object: 'Object Repository/Page_Metafour User Login/button_Sign in' is clicked on

2018-09-26 11:27:07 - [TEST_STEP][PASSED] - delay: Delayed 3 second(s)

2018-09-26 11:27:10 - [MESSAGE][PASSED] - Delayed 3 second(s)

2018-09-26 11:27:10 - [TEST_STEP][PASSED] - verifyElementNotPresent: Web element with id: 'Object Repository/Page_Metafour User Login/div_Sorry login failed' located by 'By.xpath: //div[@id='customerrormessagediv']' is not present after '30' second(s)

2018-09-26 11:27:10 - [MESSAGE][WARNING] - Timeout '0' is invalid. Using default page load timeout: '30'

2018-09-26 11:27:10 - [MESSAGE][PASSED] - Web element with id: 'Object Repository/Page_Metafour User Login/div_Sorry login failed' located by 'By.xpath: //div[@id='customerrormessagediv']' is not present after '30' second(s)

2018-09-26 11:27:10 - [TEST_STEP][PASSED] - closeBrowser: Browser is closed

2018-09-26 11:27:10 - [MESSAGE][PASSED] - Browser is closed]]></system-out>
         <system-err><![CDATA[]]></system-err>
      </testcase>
      <testcase name="Test Cases/nc_bo_login-test" classname="Test Cases/nc_bo_login-test" status="PASSED">
         <system-out><![CDATA[2018-09-26 11:27:10 - [TEST_CASE][PASSED] - Test Cases/nc_bo_login-test: Test Cases/nc_bo_login-test

2018-09-26 11:27:10 - [TEST_STEP][PASSED] - openBrowser: Browser is opened with url: 'https://dsv.netcourier.net/netcourier-data/'

2018-09-26 11:27:16 - [MESSAGE][PASSED] - Browser is opened with url: 'https://dsv.netcourier.net/netcourier-data/'

2018-09-26 11:27:16 - [TEST_STEP][PASSED] - navigateToUrl: Navigate to 'https://dsv.netcourier.net/netcourier-data/' successfully

2018-09-26 11:27:19 - [MESSAGE][PASSED] - Navigate to 'https://dsv.netcourier.net/netcourier-data/' successfully

2018-09-26 11:27:19 - [TEST_STEP][PASSED] - setText: Text 'sbs' is set on object 'Object Repository/Page_Metafour User Login/input_Login_access_code'

2018-09-26 11:27:23 - [MESSAGE][PASSED] - Text 'sbs' is set on object 'Object Repository/Page_Metafour User Login/input_Login_access_code'

2018-09-26 11:27:23 - [TEST_STEP][PASSED] - setText: Text 'admin' is set on object 'Object Repository/Page_Metafour User Login/input_Login_login'

2018-09-26 11:27:23 - [MESSAGE][PASSED] - Text 'admin' is set on object 'Object Repository/Page_Metafour User Login/input_Login_login'

2018-09-26 11:27:23 - [TEST_STEP][PASSED] - setText: Text 'qtsbs099u' is set on object 'Object Repository/Page_Metafour User Login/input_Login_j_password'

2018-09-26 11:27:23 - [MESSAGE][PASSED] - Text 'qtsbs099u' is set on object 'Object Repository/Page_Metafour User Login/input_Login_j_password'

2018-09-26 11:27:23 - [TEST_STEP][PASSED] - click: Object: 'Object Repository/Page_Metafour User Login/button_Sign in' is clicked on

2018-09-26 11:27:26 - [MESSAGE][PASSED] - Object: 'Object Repository/Page_Metafour User Login/button_Sign in' is clicked on

2018-09-26 11:27:26 - [TEST_STEP][PASSED] - delay: Delayed 3 second(s)

2018-09-26 11:27:29 - [MESSAGE][PASSED] - Delayed 3 second(s)

2018-09-26 11:27:29 - [TEST_STEP][PASSED] - verifyElementNotPresent: Web element with id: 'Object Repository/Page_Metafour User Login/div_Sorry login failed' located by 'By.xpath: //div[@id='customerrormessagediv']' is not present after '30' second(s)

2018-09-26 11:27:29 - [MESSAGE][WARNING] - Timeout '0' is invalid. Using default page load timeout: '30'

2018-09-26 11:27:29 - [MESSAGE][PASSED] - Web element with id: 'Object Repository/Page_Metafour User Login/div_Sorry login failed' located by 'By.xpath: //div[@id='customerrormessagediv']' is not present after '30' second(s)

2018-09-26 11:27:29 - [TEST_STEP][PASSED] - closeBrowser: Browser is closed

2018-09-26 11:27:30 - [MESSAGE][PASSED] - Browser is closed]]></system-out>
         <system-err><![CDATA[]]></system-err>
      </testcase>
      <testcase name="Test Cases/nc_bo_login-test" classname="Test Cases/nc_bo_login-test" status="PASSED">
         <system-out><![CDATA[2018-09-26 11:27:30 - [TEST_CASE][PASSED] - Test Cases/nc_bo_login-test: Test Cases/nc_bo_login-test

2018-09-26 11:27:30 - [TEST_STEP][PASSED] - openBrowser: Browser is opened with url: 'https://ecourieruk.netcourier.net/netcourier-data/'

2018-09-26 11:27:35 - [MESSAGE][PASSED] - Browser is opened with url: 'https://ecourieruk.netcourier.net/netcourier-data/'

2018-09-26 11:27:35 - [TEST_STEP][PASSED] - navigateToUrl: Navigate to 'https://ecourieruk.netcourier.net/netcourier-data/' successfully

2018-09-26 11:27:38 - [MESSAGE][PASSED] - Navigate to 'https://ecourieruk.netcourier.net/netcourier-data/' successfully

2018-09-26 11:27:38 - [TEST_STEP][PASSED] - setText: Text 'eck' is set on object 'Object Repository/Page_Metafour User Login/input_Login_access_code'

2018-09-26 11:27:44 - [MESSAGE][PASSED] - Text 'eck' is set on object 'Object Repository/Page_Metafour User Login/input_Login_access_code'

2018-09-26 11:27:44 - [TEST_STEP][PASSED] - setText: Text 'admin' is set on object 'Object Repository/Page_Metafour User Login/input_Login_login'

2018-09-26 11:27:44 - [MESSAGE][PASSED] - Text 'admin' is set on object 'Object Repository/Page_Metafour User Login/input_Login_login'

2018-09-26 11:27:44 - [TEST_STEP][PASSED] - setText: Text 'qteck217u' is set on object 'Object Repository/Page_Metafour User Login/input_Login_j_password'

2018-09-26 11:27:44 - [MESSAGE][PASSED] - Text 'qteck217u' is set on object 'Object Repository/Page_Metafour User Login/input_Login_j_password'

2018-09-26 11:27:44 - [TEST_STEP][PASSED] - click: Object: 'Object Repository/Page_Metafour User Login/button_Sign in' is clicked on

2018-09-26 11:27:47 - [MESSAGE][PASSED] - Object: 'Object Repository/Page_Metafour User Login/button_Sign in' is clicked on

2018-09-26 11:27:47 - [TEST_STEP][PASSED] - delay: Delayed 3 second(s)

2018-09-26 11:27:50 - [MESSAGE][PASSED] - Delayed 3 second(s)

2018-09-26 11:27:50 - [TEST_STEP][PASSED] - verifyElementNotPresent: Web element with id: 'Object Repository/Page_Metafour User Login/div_Sorry login failed' located by 'By.xpath: //div[@id='customerrormessagediv']' is not present after '30' second(s)

2018-09-26 11:27:50 - [MESSAGE][WARNING] - Timeout '0' is invalid. Using default page load timeout: '30'

2018-09-26 11:27:50 - [MESSAGE][PASSED] - Web element with id: 'Object Repository/Page_Metafour User Login/div_Sorry login failed' located by 'By.xpath: //div[@id='customerrormessagediv']' is not present after '30' second(s)

2018-09-26 11:27:50 - [TEST_STEP][PASSED] - closeBrowser: Browser is closed

2018-09-26 11:27:51 - [MESSAGE][PASSED] - Browser is closed]]></system-out>
         <system-err><![CDATA[]]></system-err>
      </testcase>
      <testcase name="Test Cases/nc_bo_login-test" classname="Test Cases/nc_bo_login-test" status="PASSED">
         <system-out><![CDATA[2018-09-26 11:27:51 - [TEST_CASE][PASSED] - Test Cases/nc_bo_login-test: Test Cases/nc_bo_login-test

2018-09-26 11:27:51 - [TEST_STEP][PASSED] - openBrowser: Browser is opened with url: 'https://ema.netcourier.net/netcourier-data/'

2018-09-26 11:27:56 - [MESSAGE][PASSED] - Browser is opened with url: 'https://ema.netcourier.net/netcourier-data/'

2018-09-26 11:27:56 - [TEST_STEP][PASSED] - navigateToUrl: Navigate to 'https://ema.netcourier.net/netcourier-data/' successfully

2018-09-26 11:27:59 - [MESSAGE][PASSED] - Navigate to 'https://ema.netcourier.net/netcourier-data/' successfully

2018-09-26 11:27:59 - [TEST_STEP][PASSED] - setText: Text 'ema' is set on object 'Object Repository/Page_Metafour User Login/input_Login_access_code'

2018-09-26 11:28:02 - [MESSAGE][PASSED] - Text 'ema' is set on object 'Object Repository/Page_Metafour User Login/input_Login_access_code'

2018-09-26 11:28:02 - [TEST_STEP][PASSED] - setText: Text 'admin' is set on object 'Object Repository/Page_Metafour User Login/input_Login_login'

2018-09-26 11:28:02 - [MESSAGE][PASSED] - Text 'admin' is set on object 'Object Repository/Page_Metafour User Login/input_Login_login'

2018-09-26 11:28:02 - [TEST_STEP][PASSED] - setText: Text 'qtema087u' is set on object 'Object Repository/Page_Metafour User Login/input_Login_j_password'

2018-09-26 11:28:02 - [MESSAGE][PASSED] - Text 'qtema087u' is set on object 'Object Repository/Page_Metafour User Login/input_Login_j_password'

2018-09-26 11:28:02 - [TEST_STEP][PASSED] - click: Object: 'Object Repository/Page_Metafour User Login/button_Sign in' is clicked on

2018-09-26 11:28:05 - [MESSAGE][PASSED] - Object: 'Object Repository/Page_Metafour User Login/button_Sign in' is clicked on

2018-09-26 11:28:05 - [TEST_STEP][PASSED] - delay: Delayed 3 second(s)

2018-09-26 11:28:08 - [MESSAGE][PASSED] - Delayed 3 second(s)

2018-09-26 11:28:08 - [TEST_STEP][PASSED] - verifyElementNotPresent: Web element with id: 'Object Repository/Page_Metafour User Login/div_Sorry login failed' located by 'By.xpath: //div[@id='customerrormessagediv']' is not present after '30' second(s)

2018-09-26 11:28:08 - [MESSAGE][WARNING] - Timeout '0' is invalid. Using default page load timeout: '30'

2018-09-26 11:28:09 - [MESSAGE][PASSED] - Web element with id: 'Object Repository/Page_Metafour User Login/div_Sorry login failed' located by 'By.xpath: //div[@id='customerrormessagediv']' is not present after '30' second(s)

2018-09-26 11:28:09 - [TEST_STEP][PASSED] - closeBrowser: Browser is closed

2018-09-26 11:28:09 - [MESSAGE][PASSED] - Browser is closed]]></system-out>
         <system-err><![CDATA[]]></system-err>
      </testcase>
      <testcase name="Test Cases/nc_bo_login-test" classname="Test Cases/nc_bo_login-test" status="PASSED">
         <system-out><![CDATA[2018-09-26 11:28:09 - [TEST_CASE][PASSED] - Test Cases/nc_bo_login-test: Test Cases/nc_bo_login-test

2018-09-26 11:28:09 - [TEST_STEP][PASSED] - openBrowser: Browser is opened with url: 'https://eurostar.netcourier.net/netcourier-data/'

2018-09-26 11:28:15 - [MESSAGE][PASSED] - Browser is opened with url: 'https://eurostar.netcourier.net/netcourier-data/'

2018-09-26 11:28:15 - [TEST_STEP][PASSED] - navigateToUrl: Navigate to 'https://eurostar.netcourier.net/netcourier-data/' successfully

2018-09-26 11:28:17 - [MESSAGE][PASSED] - Navigate to 'https://eurostar.netcourier.net/netcourier-data/' successfully

2018-09-26 11:28:17 - [TEST_STEP][PASSED] - setText: Text 'eur' is set on object 'Object Repository/Page_Metafour User Login/input_Login_access_code'

2018-09-26 11:28:20 - [MESSAGE][PASSED] - Text 'eur' is set on object 'Object Repository/Page_Metafour User Login/input_Login_access_code'

2018-09-26 11:28:20 - [TEST_STEP][PASSED] - setText: Text 'admin' is set on object 'Object Repository/Page_Metafour User Login/input_Login_login'

2018-09-26 11:28:20 - [MESSAGE][PASSED] - Text 'admin' is set on object 'Object Repository/Page_Metafour User Login/input_Login_login'

2018-09-26 11:28:20 - [TEST_STEP][PASSED] - setText: Text 'qteur072u' is set on object 'Object Repository/Page_Metafour User Login/input_Login_j_password'

2018-09-26 11:28:20 - [MESSAGE][PASSED] - Text 'qteur072u' is set on object 'Object Repository/Page_Metafour User Login/input_Login_j_password'

2018-09-26 11:28:20 - [TEST_STEP][PASSED] - click: Object: 'Object Repository/Page_Metafour User Login/button_Sign in' is clicked on

2018-09-26 11:28:24 - [MESSAGE][PASSED] - Object: 'Object Repository/Page_Metafour User Login/button_Sign in' is clicked on

2018-09-26 11:28:24 - [TEST_STEP][PASSED] - delay: Delayed 3 second(s)

2018-09-26 11:28:27 - [MESSAGE][PASSED] - Delayed 3 second(s)

2018-09-26 11:28:27 - [TEST_STEP][PASSED] - verifyElementNotPresent: Web element with id: 'Object Repository/Page_Metafour User Login/div_Sorry login failed' located by 'By.xpath: //div[@id='customerrormessagediv']' is not present after '30' second(s)

2018-09-26 11:28:27 - [MESSAGE][WARNING] - Timeout '0' is invalid. Using default page load timeout: '30'

2018-09-26 11:28:27 - [MESSAGE][PASSED] - Web element with id: 'Object Repository/Page_Metafour User Login/div_Sorry login failed' located by 'By.xpath: //div[@id='customerrormessagediv']' is not present after '30' second(s)

2018-09-26 11:28:27 - [TEST_STEP][PASSED] - closeBrowser: Browser is closed

2018-09-26 11:28:28 - [MESSAGE][PASSED] - Browser is closed]]></system-out>
         <system-err><![CDATA[]]></system-err>
      </testcase>
      <testcase name="Test Cases/nc_bo_login-test" classname="Test Cases/nc_bo_login-test" status="FAILED">
         <failure type="FAILED" message="(Stack trace: com.kms.katalon.core.exception.StepFailedException: Unable to set text 'fgx' of object 'Object Repository/Page_Metafour User Login/input_Login_access_code' (Root cause: com.kms.katalon.core.webui.exception.WebElementNotFoundException: Web element with id: 'Object Repository/Page_Metafour User Login/input_Login_access_code' located by 'By.xpath: //input[@id='access_code']' not found)
	at com.kms.katalon.core.keyword.internal.KeywordMain.stepFailed(KeywordMain.groovy:36)
	at com.kms.katalon.core.webui.keyword.internal.WebUIKeywordMain.stepFailed(WebUIKeywordMain.groovy:65)
	at com.kms.katalon.core.webui.keyword.internal.WebUIKeywordMain.runKeyword(WebUIKeywordMain.groovy:27)
	at com.kms.katalon.core.webui.keyword.builtin.SetTextKeyword.setText(SetTextKeyword.groovy:65)
	at com.kms.katalon.core.webui.keyword.builtin.SetTextKeyword.execute(SetTextKeyword.groovy:37)
	at com.kms.katalon.core.keyword.internal.KeywordExecutor.executeKeywordForPlatform(KeywordExecutor.groovy:53)
	at com.kms.katalon.core.webui.keyword.WebUiBuiltInKeywords.setText(WebUiBuiltInKeywords.groovy:950)
	at com.kms.katalon.core.webui.keyword.WebUiBuiltInKeywords$setText$1.call(Unknown Source)
	at Script1537185514861.run(Script1537185514861.groovy:21)
	at com.kms.katalon.core.main.ScriptEngine.run(ScriptEngine.java:183)
	at com.kms.katalon.core.main.ScriptEngine.runScriptAsRawText(ScriptEngine.java:108)
	at com.kms.katalon.core.main.TestCaseExecutor.runScript(TestCaseExecutor.java:294)
	at com.kms.katalon.core.main.TestCaseExecutor.doExecute(TestCaseExecutor.java:285)
	at com.kms.katalon.core.main.TestCaseExecutor.processExecutionPhase(TestCaseExecutor.java:264)
	at com.kms.katalon.core.main.TestCaseExecutor.accessMainPhase(TestCaseExecutor.java:256)
	at com.kms.katalon.core.main.TestCaseExecutor.execute(TestCaseExecutor.java:200)
	at com.kms.katalon.core.main.TestSuiteExecutor.accessTestCaseMainPhase(TestSuiteExecutor.java:129)
	at com.kms.katalon.core.main.TestSuiteExecutor.accessTestSuiteMainPhase(TestSuiteExecutor.java:112)
	at com.kms.katalon.core.main.TestSuiteExecutor.execute(TestSuiteExecutor.java:81)
	at com.kms.katalon.core.main.TestCaseMain.startTestSuite(TestCaseMain.java:142)
	at com.kms.katalon.core.main.TestCaseMain$startTestSuite$0.call(Unknown Source)
	at org.codehaus.groovy.runtime.callsite.CallSiteArray.defaultCall(CallSiteArray.java:48)
	at org.codehaus.groovy.runtime.callsite.AbstractCallSite.call(AbstractCallSite.java:113)
	at org.codehaus.groovy.runtime.callsite.AbstractCallSite.call(AbstractCallSite.java:141)
	at TempTestSuite1537937721688.run(TempTestSuite1537937721688.groovy:36)
	at groovy.lang.GroovyShell.runScriptOrMainOrTestOrRunnable(GroovyShell.java:263)
	at groovy.lang.GroovyShell.run(GroovyShell.java:518)
	at groovy.lang.GroovyShell.run(GroovyShell.java:507)
	at groovy.ui.GroovyMain.processOnce(GroovyMain.java:653)
	at groovy.ui.GroovyMain.run(GroovyMain.java:384)
	at groovy.ui.GroovyMain.process(GroovyMain.java:370)
	at groovy.ui.GroovyMain.processArgs(GroovyMain.java:129)
	at groovy.ui.GroovyMain.main(GroovyMain.java:109)
	at sun.reflect.NativeMethodAccessorImpl.invoke0(Native Method)
	at sun.reflect.NativeMethodAccessorImpl.invoke(NativeMethodAccessorImpl.java:62)
	at sun.reflect.DelegatingMethodAccessorImpl.invoke(DelegatingMethodAccessorImpl.java:43)
	at java.lang.reflect.Method.invoke(Method.java:498)
	at org.codehaus.groovy.tools.GroovyStarter.rootLoader(GroovyStarter.java:109)
	at org.codehaus.groovy.tools.GroovyStarter.main(GroovyStarter.java:131)
)"/>
         <system-out><![CDATA[2018-09-26 11:28:28 - [TEST_CASE][FAILED] - Test Cases/nc_bo_login-test: Test Cases/nc_bo_login-test FAILED because (of) (Stack trace: com.kms.katalon.core.exception.StepFailedException: Unable to set text 'fgx' of object 'Object Repository/Page_Metafour User Login/input_Login_access_code' (Root cause: com.kms.katalon.core.webui.exception.WebElementNotFoundException: Web element with id: 'Object Repository/Page_Metafour User Login/input_Login_access_code' located by 'By.xpath: //input[@id='access_code']' not found)
	at com.kms.katalon.core.keyword.internal.KeywordMain.stepFailed(KeywordMain.groovy:36)
	at com.kms.katalon.core.webui.keyword.internal.WebUIKeywordMain.stepFailed(WebUIKeywordMain.groovy:65)
	at com.kms.katalon.core.webui.keyword.internal.WebUIKeywordMain.runKeyword(WebUIKeywordMain.groovy:27)
	at com.kms.katalon.core.webui.keyword.builtin.SetTextKeyword.setText(SetTextKeyword.groovy:65)
	at com.kms.katalon.core.webui.keyword.builtin.SetTextKeyword.execute(SetTextKeyword.groovy:37)
	at com.kms.katalon.core.keyword.internal.KeywordExecutor.executeKeywordForPlatform(KeywordExecutor.groovy:53)
	at com.kms.katalon.core.webui.keyword.WebUiBuiltInKeywords.setText(WebUiBuiltInKeywords.groovy:950)
	at com.kms.katalon.core.webui.keyword.WebUiBuiltInKeywords$setText$1.call(Unknown Source)
	at Script1537185514861.run(Script1537185514861.groovy:21)
	at com.kms.katalon.core.main.ScriptEngine.run(ScriptEngine.java:183)
	at com.kms.katalon.core.main.ScriptEngine.runScriptAsRawText(ScriptEngine.java:108)
	at com.kms.katalon.core.main.TestCaseExecutor.runScript(TestCaseExecutor.java:294)
	at com.kms.katalon.core.main.TestCaseExecutor.doExecute(TestCaseExecutor.java:285)
	at com.kms.katalon.core.main.TestCaseExecutor.processExecutionPhase(TestCaseExecutor.java:264)
	at com.kms.katalon.core.main.TestCaseExecutor.accessMainPhase(TestCaseExecutor.java:256)
	at com.kms.katalon.core.main.TestCaseExecutor.execute(TestCaseExecutor.java:200)
	at com.kms.katalon.core.main.TestSuiteExecutor.accessTestCaseMainPhase(TestSuiteExecutor.java:129)
	at com.kms.katalon.core.main.TestSuiteExecutor.accessTestSuiteMainPhase(TestSuiteExecutor.java:112)
	at com.kms.katalon.core.main.TestSuiteExecutor.execute(TestSuiteExecutor.java:81)
	at com.kms.katalon.core.main.TestCaseMain.startTestSuite(TestCaseMain.java:142)
	at com.kms.katalon.core.main.TestCaseMain$startTestSuite$0.call(Unknown Source)
	at org.codehaus.groovy.runtime.callsite.CallSiteArray.defaultCall(CallSiteArray.java:48)
	at org.codehaus.groovy.runtime.callsite.AbstractCallSite.call(AbstractCallSite.java:113)
	at org.codehaus.groovy.runtime.callsite.AbstractCallSite.call(AbstractCallSite.java:141)
	at TempTestSuite1537937721688.run(TempTestSuite1537937721688.groovy:36)
	at groovy.lang.GroovyShell.runScriptOrMainOrTestOrRunnable(GroovyShell.java:263)
	at groovy.lang.GroovyShell.run(GroovyShell.java:518)
	at groovy.lang.GroovyShell.run(GroovyShell.java:507)
	at groovy.ui.GroovyMain.processOnce(GroovyMain.java:653)
	at groovy.ui.GroovyMain.run(GroovyMain.java:384)
	at groovy.ui.GroovyMain.process(GroovyMain.java:370)
	at groovy.ui.GroovyMain.processArgs(GroovyMain.java:129)
	at groovy.ui.GroovyMain.main(GroovyMain.java:109)
	at sun.reflect.NativeMethodAccessorImpl.invoke0(Native Method)
	at sun.reflect.NativeMethodAccessorImpl.invoke(NativeMethodAccessorImpl.java:62)
	at sun.reflect.DelegatingMethodAccessorImpl.invoke(DelegatingMethodAccessorImpl.java:43)
	at java.lang.reflect.Method.invoke(Method.java:498)
	at org.codehaus.groovy.tools.GroovyStarter.rootLoader(GroovyStarter.java:109)
	at org.codehaus.groovy.tools.GroovyStarter.main(GroovyStarter.java:131)
)

2018-09-26 11:28:28 - [TEST_STEP][PASSED] - openBrowser: Browser is opened with url: 'http://fgx.m4.net/netcourier-data/'

2018-09-26 11:28:33 - [MESSAGE][PASSED] - Browser is opened with url: 'http://fgx.m4.net/netcourier-data/'

2018-09-26 11:28:33 - [TEST_STEP][PASSED] - navigateToUrl: Navigate to 'http://fgx.m4.net/netcourier-data/' successfully

2018-09-26 11:28:34 - [MESSAGE][PASSED] - Navigate to 'http://fgx.m4.net/netcourier-data/' successfully

2018-09-26 11:28:34 - [TEST_STEP][FAILED] - setText: Unable to set text 'fgx' of object 'Object Repository/Page_Metafour User Login/input_Login_access_code' (Root cause: com.kms.katalon.core.webui.exception.WebElementNotFoundException: Web element with id: 'Object Repository/Page_Metafour User Login/input_Login_access_code' located by 'By.xpath: //input[@id='access_code']' not found)

2018-09-26 11:29:05 - [MESSAGE][FAILED] - Unable to set text 'fgx' of object 'Object Repository/Page_Metafour User Login/input_Login_access_code' (Root cause: com.kms.katalon.core.webui.exception.WebElementNotFoundException: Web element with id: 'Object Repository/Page_Metafour User Login/input_Login_access_code' located by 'By.xpath: //input[@id='access_code']' not found)
[[ATTACHMENT|C:\\Users\\mazha\\Katalon Studio\\m4-monitoring\\Reports\\nc-cp-bo-login-test-suit\\20180926_105521\\1537939745602.png]]]]></system-out>
         <system-err><![CDATA[2018-09-26 11:28:28 - [TEST_CASE][FAILED] - Test Cases/nc_bo_login-test: Test Cases/nc_bo_login-test FAILED because (of) (Stack trace: com.kms.katalon.core.exception.StepFailedException: Unable to set text 'fgx' of object 'Object Repository/Page_Metafour User Login/input_Login_access_code' (Root cause: com.kms.katalon.core.webui.exception.WebElementNotFoundException: Web element with id: 'Object Repository/Page_Metafour User Login/input_Login_access_code' located by 'By.xpath: //input[@id='access_code']' not found)
	at com.kms.katalon.core.keyword.internal.KeywordMain.stepFailed(KeywordMain.groovy:36)
	at com.kms.katalon.core.webui.keyword.internal.WebUIKeywordMain.stepFailed(WebUIKeywordMain.groovy:65)
	at com.kms.katalon.core.webui.keyword.internal.WebUIKeywordMain.runKeyword(WebUIKeywordMain.groovy:27)
	at com.kms.katalon.core.webui.keyword.builtin.SetTextKeyword.setText(SetTextKeyword.groovy:65)
	at com.kms.katalon.core.webui.keyword.builtin.SetTextKeyword.execute(SetTextKeyword.groovy:37)
	at com.kms.katalon.core.keyword.internal.KeywordExecutor.executeKeywordForPlatform(KeywordExecutor.groovy:53)
	at com.kms.katalon.core.webui.keyword.WebUiBuiltInKeywords.setText(WebUiBuiltInKeywords.groovy:950)
	at com.kms.katalon.core.webui.keyword.WebUiBuiltInKeywords$setText$1.call(Unknown Source)
	at Script1537185514861.run(Script1537185514861.groovy:21)
	at com.kms.katalon.core.main.ScriptEngine.run(ScriptEngine.java:183)
	at com.kms.katalon.core.main.ScriptEngine.runScriptAsRawText(ScriptEngine.java:108)
	at com.kms.katalon.core.main.TestCaseExecutor.runScript(TestCaseExecutor.java:294)
	at com.kms.katalon.core.main.TestCaseExecutor.doExecute(TestCaseExecutor.java:285)
	at com.kms.katalon.core.main.TestCaseExecutor.processExecutionPhase(TestCaseExecutor.java:264)
	at com.kms.katalon.core.main.TestCaseExecutor.accessMainPhase(TestCaseExecutor.java:256)
	at com.kms.katalon.core.main.TestCaseExecutor.execute(TestCaseExecutor.java:200)
	at com.kms.katalon.core.main.TestSuiteExecutor.accessTestCaseMainPhase(TestSuiteExecutor.java:129)
	at com.kms.katalon.core.main.TestSuiteExecutor.accessTestSuiteMainPhase(TestSuiteExecutor.java:112)
	at com.kms.katalon.core.main.TestSuiteExecutor.execute(TestSuiteExecutor.java:81)
	at com.kms.katalon.core.main.TestCaseMain.startTestSuite(TestCaseMain.java:142)
	at com.kms.katalon.core.main.TestCaseMain$startTestSuite$0.call(Unknown Source)
	at org.codehaus.groovy.runtime.callsite.CallSiteArray.defaultCall(CallSiteArray.java:48)
	at org.codehaus.groovy.runtime.callsite.AbstractCallSite.call(AbstractCallSite.java:113)
	at org.codehaus.groovy.runtime.callsite.AbstractCallSite.call(AbstractCallSite.java:141)
	at TempTestSuite1537937721688.run(TempTestSuite1537937721688.groovy:36)
	at groovy.lang.GroovyShell.runScriptOrMainOrTestOrRunnable(GroovyShell.java:263)
	at groovy.lang.GroovyShell.run(GroovyShell.java:518)
	at groovy.lang.GroovyShell.run(GroovyShell.java:507)
	at groovy.ui.GroovyMain.processOnce(GroovyMain.java:653)
	at groovy.ui.GroovyMain.run(GroovyMain.java:384)
	at groovy.ui.GroovyMain.process(GroovyMain.java:370)
	at groovy.ui.GroovyMain.processArgs(GroovyMain.java:129)
	at groovy.ui.GroovyMain.main(GroovyMain.java:109)
	at sun.reflect.NativeMethodAccessorImpl.invoke0(Native Method)
	at sun.reflect.NativeMethodAccessorImpl.invoke(NativeMethodAccessorImpl.java:62)
	at sun.reflect.DelegatingMethodAccessorImpl.invoke(DelegatingMethodAccessorImpl.java:43)
	at java.lang.reflect.Method.invoke(Method.java:498)
	at org.codehaus.groovy.tools.GroovyStarter.rootLoader(GroovyStarter.java:109)
	at org.codehaus.groovy.tools.GroovyStarter.main(GroovyStarter.java:131)
)]]></system-err>
      </testcase>
      <testcase name="Test Cases/nc_bo_login-test" classname="Test Cases/nc_bo_login-test" status="PASSED">
         <system-out><![CDATA[2018-09-26 11:29:05 - [TEST_CASE][PASSED] - Test Cases/nc_bo_login-test: Test Cases/nc_bo_login-test

2018-09-26 11:29:05 - [TEST_STEP][PASSED] - openBrowser: Browser is opened with url: 'https://freightbrokers.netcourier.net/netcourier-data/'

2018-09-26 11:29:05 - [MESSAGE][WARNING] - A browser is already opened. Closing browser and opening a new one

2018-09-26 11:29:12 - [MESSAGE][PASSED] - Browser is opened with url: 'https://freightbrokers.netcourier.net/netcourier-data/'

2018-09-26 11:29:12 - [TEST_STEP][PASSED] - navigateToUrl: Navigate to 'https://freightbrokers.netcourier.net/netcourier-data/' successfully

2018-09-26 11:29:14 - [MESSAGE][PASSED] - Navigate to 'https://freightbrokers.netcourier.net/netcourier-data/' successfully

2018-09-26 11:29:14 - [TEST_STEP][PASSED] - setText: Text 'frb' is set on object 'Object Repository/Page_Metafour User Login/input_Login_access_code'

2018-09-26 11:29:17 - [MESSAGE][PASSED] - Text 'frb' is set on object 'Object Repository/Page_Metafour User Login/input_Login_access_code'

2018-09-26 11:29:17 - [TEST_STEP][PASSED] - setText: Text 'admin' is set on object 'Object Repository/Page_Metafour User Login/input_Login_login'

2018-09-26 11:29:17 - [MESSAGE][PASSED] - Text 'admin' is set on object 'Object Repository/Page_Metafour User Login/input_Login_login'

2018-09-26 11:29:17 - [TEST_STEP][PASSED] - setText: Text 'qtfrb052u' is set on object 'Object Repository/Page_Metafour User Login/input_Login_j_password'

2018-09-26 11:29:17 - [MESSAGE][PASSED] - Text 'qtfrb052u' is set on object 'Object Repository/Page_Metafour User Login/input_Login_j_password'

2018-09-26 11:29:17 - [TEST_STEP][PASSED] - click: Object: 'Object Repository/Page_Metafour User Login/button_Sign in' is clicked on

2018-09-26 11:29:21 - [MESSAGE][PASSED] - Object: 'Object Repository/Page_Metafour User Login/button_Sign in' is clicked on

2018-09-26 11:29:21 - [TEST_STEP][PASSED] - delay: Delayed 3 second(s)

2018-09-26 11:29:24 - [MESSAGE][PASSED] - Delayed 3 second(s)

2018-09-26 11:29:24 - [TEST_STEP][PASSED] - verifyElementNotPresent: Web element with id: 'Object Repository/Page_Metafour User Login/div_Sorry login failed' located by 'By.xpath: //div[@id='customerrormessagediv']' is not present after '30' second(s)

2018-09-26 11:29:24 - [MESSAGE][WARNING] - Timeout '0' is invalid. Using default page load timeout: '30'

2018-09-26 11:29:24 - [MESSAGE][PASSED] - Web element with id: 'Object Repository/Page_Metafour User Login/div_Sorry login failed' located by 'By.xpath: //div[@id='customerrormessagediv']' is not present after '30' second(s)

2018-09-26 11:29:24 - [TEST_STEP][PASSED] - closeBrowser: Browser is closed

2018-09-26 11:29:24 - [MESSAGE][PASSED] - Browser is closed]]></system-out>
         <system-err><![CDATA[]]></system-err>
      </testcase>
      <testcase name="Test Cases/nc_bo_login-test" classname="Test Cases/nc_bo_login-test" status="PASSED">
         <system-out><![CDATA[2018-09-26 11:29:24 - [TEST_CASE][PASSED] - Test Cases/nc_bo_login-test: Test Cases/nc_bo_login-test

2018-09-26 11:29:24 - [TEST_STEP][PASSED] - openBrowser: Browser is opened with url: 'https://hellmann.netcourier.net/netcourier-data/'

2018-09-26 11:29:30 - [MESSAGE][PASSED] - Browser is opened with url: 'https://hellmann.netcourier.net/netcourier-data/'

2018-09-26 11:29:30 - [TEST_STEP][PASSED] - navigateToUrl: Navigate to 'https://hellmann.netcourier.net/netcourier-data/' successfully

2018-09-26 11:29:32 - [MESSAGE][PASSED] - Navigate to 'https://hellmann.netcourier.net/netcourier-data/' successfully

2018-09-26 11:29:32 - [TEST_STEP][PASSED] - setText: Text 'man' is set on object 'Object Repository/Page_Metafour User Login/input_Login_access_code'

2018-09-26 11:29:35 - [MESSAGE][PASSED] - Text 'man' is set on object 'Object Repository/Page_Metafour User Login/input_Login_access_code'

2018-09-26 11:29:35 - [TEST_STEP][PASSED] - setText: Text 'admin' is set on object 'Object Repository/Page_Metafour User Login/input_Login_login'

2018-09-26 11:29:35 - [MESSAGE][PASSED] - Text 'admin' is set on object 'Object Repository/Page_Metafour User Login/input_Login_login'

2018-09-26 11:29:35 - [TEST_STEP][PASSED] - setText: Text 'qtman183u' is set on object 'Object Repository/Page_Metafour User Login/input_Login_j_password'

2018-09-26 11:29:35 - [MESSAGE][PASSED] - Text 'qtman183u' is set on object 'Object Repository/Page_Metafour User Login/input_Login_j_password'

2018-09-26 11:29:35 - [TEST_STEP][PASSED] - click: Object: 'Object Repository/Page_Metafour User Login/button_Sign in' is clicked on

2018-09-26 11:29:38 - [MESSAGE][PASSED] - Object: 'Object Repository/Page_Metafour User Login/button_Sign in' is clicked on

2018-09-26 11:29:38 - [TEST_STEP][PASSED] - delay: Delayed 3 second(s)

2018-09-26 11:29:41 - [MESSAGE][PASSED] - Delayed 3 second(s)

2018-09-26 11:29:41 - [TEST_STEP][PASSED] - verifyElementNotPresent: Web element with id: 'Object Repository/Page_Metafour User Login/div_Sorry login failed' located by 'By.xpath: //div[@id='customerrormessagediv']' is not present after '30' second(s)

2018-09-26 11:29:41 - [MESSAGE][WARNING] - Timeout '0' is invalid. Using default page load timeout: '30'

2018-09-26 11:29:41 - [MESSAGE][PASSED] - Web element with id: 'Object Repository/Page_Metafour User Login/div_Sorry login failed' located by 'By.xpath: //div[@id='customerrormessagediv']' is not present after '30' second(s)

2018-09-26 11:29:41 - [TEST_STEP][PASSED] - closeBrowser: Browser is closed

2018-09-26 11:29:42 - [MESSAGE][PASSED] - Browser is closed]]></system-out>
         <system-err><![CDATA[]]></system-err>
      </testcase>
      <testcase name="Test Cases/nc_bo_login-test" classname="Test Cases/nc_bo_login-test" status="PASSED">
         <system-out><![CDATA[2018-09-26 11:29:42 - [TEST_CASE][PASSED] - Test Cases/nc_bo_login-test: Test Cases/nc_bo_login-test

2018-09-26 11:29:42 - [TEST_STEP][PASSED] - openBrowser: Browser is opened with url: 'https://indyspain.netcourier.net/netcourier-data/'

2018-09-26 11:29:47 - [MESSAGE][PASSED] - Browser is opened with url: 'https://indyspain.netcourier.net/netcourier-data/'

2018-09-26 11:29:47 - [TEST_STEP][PASSED] - navigateToUrl: Navigate to 'https://indyspain.netcourier.net/netcourier-data/' successfully

2018-09-26 11:29:50 - [MESSAGE][PASSED] - Navigate to 'https://indyspain.netcourier.net/netcourier-data/' successfully

2018-09-26 11:29:50 - [TEST_STEP][PASSED] - setText: Text 'ind' is set on object 'Object Repository/Page_Metafour User Login/input_Login_access_code'

2018-09-26 11:29:53 - [MESSAGE][PASSED] - Text 'ind' is set on object 'Object Repository/Page_Metafour User Login/input_Login_access_code'

2018-09-26 11:29:53 - [TEST_STEP][PASSED] - setText: Text 'admin' is set on object 'Object Repository/Page_Metafour User Login/input_Login_login'

2018-09-26 11:29:53 - [MESSAGE][PASSED] - Text 'admin' is set on object 'Object Repository/Page_Metafour User Login/input_Login_login'

2018-09-26 11:29:53 - [TEST_STEP][PASSED] - setText: Text 'qtind074u' is set on object 'Object Repository/Page_Metafour User Login/input_Login_j_password'

2018-09-26 11:29:53 - [MESSAGE][PASSED] - Text 'qtind074u' is set on object 'Object Repository/Page_Metafour User Login/input_Login_j_password'

2018-09-26 11:29:53 - [TEST_STEP][PASSED] - click: Object: 'Object Repository/Page_Metafour User Login/button_Sign in' is clicked on

2018-09-26 11:29:57 - [MESSAGE][PASSED] - Object: 'Object Repository/Page_Metafour User Login/button_Sign in' is clicked on

2018-09-26 11:29:57 - [TEST_STEP][PASSED] - delay: Delayed 3 second(s)

2018-09-26 11:30:00 - [MESSAGE][PASSED] - Delayed 3 second(s)

2018-09-26 11:30:00 - [TEST_STEP][PASSED] - verifyElementNotPresent: Web element with id: 'Object Repository/Page_Metafour User Login/div_Sorry login failed' located by 'By.xpath: //div[@id='customerrormessagediv']' is not present after '30' second(s)

2018-09-26 11:30:00 - [MESSAGE][WARNING] - Timeout '0' is invalid. Using default page load timeout: '30'

2018-09-26 11:30:00 - [MESSAGE][PASSED] - Web element with id: 'Object Repository/Page_Metafour User Login/div_Sorry login failed' located by 'By.xpath: //div[@id='customerrormessagediv']' is not present after '30' second(s)

2018-09-26 11:30:00 - [TEST_STEP][PASSED] - closeBrowser: Browser is closed

2018-09-26 11:30:00 - [MESSAGE][PASSED] - Browser is closed]]></system-out>
         <system-err><![CDATA[]]></system-err>
      </testcase>
      <testcase name="Test Cases/nc_bo_login-test" classname="Test Cases/nc_bo_login-test" status="PASSED">
         <system-out><![CDATA[2018-09-26 11:30:00 - [TEST_CASE][PASSED] - Test Cases/nc_bo_login-test: Test Cases/nc_bo_login-test

2018-09-26 11:30:00 - [TEST_STEP][PASSED] - openBrowser: Browser is opened with url: 'https://icc.netcourier.net/netcourier-data/'

2018-09-26 11:30:06 - [MESSAGE][PASSED] - Browser is opened with url: 'https://icc.netcourier.net/netcourier-data/'

2018-09-26 11:30:06 - [TEST_STEP][PASSED] - navigateToUrl: Navigate to 'https://icc.netcourier.net/netcourier-data/' successfully

2018-09-26 11:30:08 - [MESSAGE][PASSED] - Navigate to 'https://icc.netcourier.net/netcourier-data/' successfully

2018-09-26 11:30:08 - [TEST_STEP][PASSED] - setText: Text 'icc' is set on object 'Object Repository/Page_Metafour User Login/input_Login_access_code'

2018-09-26 11:30:11 - [MESSAGE][PASSED] - Text 'icc' is set on object 'Object Repository/Page_Metafour User Login/input_Login_access_code'

2018-09-26 11:30:11 - [TEST_STEP][PASSED] - setText: Text 'admin' is set on object 'Object Repository/Page_Metafour User Login/input_Login_login'

2018-09-26 11:30:11 - [MESSAGE][PASSED] - Text 'admin' is set on object 'Object Repository/Page_Metafour User Login/input_Login_login'

2018-09-26 11:30:11 - [TEST_STEP][PASSED] - setText: Text 'qticc122u' is set on object 'Object Repository/Page_Metafour User Login/input_Login_j_password'

2018-09-26 11:30:11 - [MESSAGE][PASSED] - Text 'qticc122u' is set on object 'Object Repository/Page_Metafour User Login/input_Login_j_password'

2018-09-26 11:30:12 - [TEST_STEP][PASSED] - click: Object: 'Object Repository/Page_Metafour User Login/button_Sign in' is clicked on

2018-09-26 11:30:15 - [MESSAGE][PASSED] - Object: 'Object Repository/Page_Metafour User Login/button_Sign in' is clicked on

2018-09-26 11:30:15 - [TEST_STEP][PASSED] - delay: Delayed 3 second(s)

2018-09-26 11:30:18 - [MESSAGE][PASSED] - Delayed 3 second(s)

2018-09-26 11:30:18 - [TEST_STEP][PASSED] - verifyElementNotPresent: Web element with id: 'Object Repository/Page_Metafour User Login/div_Sorry login failed' located by 'By.xpath: //div[@id='customerrormessagediv']' is not present after '30' second(s)

2018-09-26 11:30:18 - [MESSAGE][WARNING] - Timeout '0' is invalid. Using default page load timeout: '30'

2018-09-26 11:30:18 - [MESSAGE][PASSED] - Web element with id: 'Object Repository/Page_Metafour User Login/div_Sorry login failed' located by 'By.xpath: //div[@id='customerrormessagediv']' is not present after '30' second(s)

2018-09-26 11:30:18 - [TEST_STEP][PASSED] - closeBrowser: Browser is closed

2018-09-26 11:30:18 - [MESSAGE][PASSED] - Browser is closed]]></system-out>
         <system-err><![CDATA[]]></system-err>
      </testcase>
      <testcase name="Test Cases/nc_bo_login-test" classname="Test Cases/nc_bo_login-test" status="PASSED">
         <system-out><![CDATA[2018-09-26 11:30:18 - [TEST_CASE][PASSED] - Test Cases/nc_bo_login-test: Test Cases/nc_bo_login-test

2018-09-26 11:30:18 - [TEST_STEP][PASSED] - openBrowser: Browser is opened with url: 'https://ilg.netcourier.net/netcourier-data/'

2018-09-26 11:30:24 - [MESSAGE][PASSED] - Browser is opened with url: 'https://ilg.netcourier.net/netcourier-data/'

2018-09-26 11:30:24 - [TEST_STEP][PASSED] - navigateToUrl: Navigate to 'https://ilg.netcourier.net/netcourier-data/' successfully

2018-09-26 11:30:26 - [MESSAGE][PASSED] - Navigate to 'https://ilg.netcourier.net/netcourier-data/' successfully

2018-09-26 11:30:26 - [TEST_STEP][PASSED] - setText: Text 'ilg' is set on object 'Object Repository/Page_Metafour User Login/input_Login_access_code'

2018-09-26 11:30:31 - [MESSAGE][PASSED] - Text 'ilg' is set on object 'Object Repository/Page_Metafour User Login/input_Login_access_code'

2018-09-26 11:30:31 - [TEST_STEP][PASSED] - setText: Text 'admin' is set on object 'Object Repository/Page_Metafour User Login/input_Login_login'

2018-09-26 11:30:31 - [MESSAGE][PASSED] - Text 'admin' is set on object 'Object Repository/Page_Metafour User Login/input_Login_login'

2018-09-26 11:30:31 - [TEST_STEP][PASSED] - setText: Text 'qtilg238u' is set on object 'Object Repository/Page_Metafour User Login/input_Login_j_password'

2018-09-26 11:30:31 - [MESSAGE][PASSED] - Text 'qtilg238u' is set on object 'Object Repository/Page_Metafour User Login/input_Login_j_password'

2018-09-26 11:30:31 - [TEST_STEP][PASSED] - click: Object: 'Object Repository/Page_Metafour User Login/button_Sign in' is clicked on

2018-09-26 11:30:34 - [MESSAGE][PASSED] - Object: 'Object Repository/Page_Metafour User Login/button_Sign in' is clicked on

2018-09-26 11:30:34 - [TEST_STEP][PASSED] - delay: Delayed 3 second(s)

2018-09-26 11:30:37 - [MESSAGE][PASSED] - Delayed 3 second(s)

2018-09-26 11:30:37 - [TEST_STEP][PASSED] - verifyElementNotPresent: Web element with id: 'Object Repository/Page_Metafour User Login/div_Sorry login failed' located by 'By.xpath: //div[@id='customerrormessagediv']' is not present after '30' second(s)

2018-09-26 11:30:37 - [MESSAGE][WARNING] - Timeout '0' is invalid. Using default page load timeout: '30'

2018-09-26 11:30:37 - [MESSAGE][PASSED] - Web element with id: 'Object Repository/Page_Metafour User Login/div_Sorry login failed' located by 'By.xpath: //div[@id='customerrormessagediv']' is not present after '30' second(s)

2018-09-26 11:30:37 - [TEST_STEP][PASSED] - closeBrowser: Browser is closed

2018-09-26 11:30:38 - [MESSAGE][PASSED] - Browser is closed]]></system-out>
         <system-err><![CDATA[]]></system-err>
      </testcase>
      <testcase name="Test Cases/nc_bo_login-test" classname="Test Cases/nc_bo_login-test" status="PASSED">
         <system-out><![CDATA[2018-09-26 11:30:38 - [TEST_CASE][PASSED] - Test Cases/nc_bo_login-test: Test Cases/nc_bo_login-test

2018-09-26 11:30:38 - [TEST_STEP][PASSED] - openBrowser: Browser is opened with url: 'https://itd.netcourier.net/netcourier-data/'

2018-09-26 11:30:45 - [MESSAGE][PASSED] - Browser is opened with url: 'https://itd.netcourier.net/netcourier-data/'

2018-09-26 11:30:45 - [TEST_STEP][PASSED] - navigateToUrl: Navigate to 'https://itd.netcourier.net/netcourier-data/' successfully

2018-09-26 11:30:48 - [MESSAGE][PASSED] - Navigate to 'https://itd.netcourier.net/netcourier-data/' successfully

2018-09-26 11:30:48 - [TEST_STEP][PASSED] - setText: Text 'itd' is set on object 'Object Repository/Page_Metafour User Login/input_Login_access_code'

2018-09-26 11:30:52 - [MESSAGE][PASSED] - Text 'itd' is set on object 'Object Repository/Page_Metafour User Login/input_Login_access_code'

2018-09-26 11:30:52 - [TEST_STEP][PASSED] - setText: Text 'admin' is set on object 'Object Repository/Page_Metafour User Login/input_Login_login'

2018-09-26 11:30:52 - [MESSAGE][PASSED] - Text 'admin' is set on object 'Object Repository/Page_Metafour User Login/input_Login_login'

2018-09-26 11:30:52 - [TEST_STEP][PASSED] - setText: Text 'qtitd237u' is set on object 'Object Repository/Page_Metafour User Login/input_Login_j_password'

2018-09-26 11:30:52 - [MESSAGE][PASSED] - Text 'qtitd237u' is set on object 'Object Repository/Page_Metafour User Login/input_Login_j_password'

2018-09-26 11:30:52 - [TEST_STEP][PASSED] - click: Object: 'Object Repository/Page_Metafour User Login/button_Sign in' is clicked on

2018-09-26 11:30:59 - [MESSAGE][PASSED] - Object: 'Object Repository/Page_Metafour User Login/button_Sign in' is clicked on

2018-09-26 11:30:59 - [TEST_STEP][PASSED] - delay: Delayed 3 second(s)

2018-09-26 11:31:02 - [MESSAGE][PASSED] - Delayed 3 second(s)

2018-09-26 11:31:02 - [TEST_STEP][PASSED] - verifyElementNotPresent: Web element with id: 'Object Repository/Page_Metafour User Login/div_Sorry login failed' located by 'By.xpath: //div[@id='customerrormessagediv']' is not present after '30' second(s)

2018-09-26 11:31:02 - [MESSAGE][WARNING] - Timeout '0' is invalid. Using default page load timeout: '30'

2018-09-26 11:31:02 - [MESSAGE][PASSED] - Web element with id: 'Object Repository/Page_Metafour User Login/div_Sorry login failed' located by 'By.xpath: //div[@id='customerrormessagediv']' is not present after '30' second(s)

2018-09-26 11:31:02 - [TEST_STEP][PASSED] - closeBrowser: Browser is closed

2018-09-26 11:31:02 - [MESSAGE][PASSED] - Browser is closed]]></system-out>
         <system-err><![CDATA[]]></system-err>
      </testcase>
      <testcase name="Test Cases/nc_bo_login-test" classname="Test Cases/nc_bo_login-test" status="PASSED">
         <system-out><![CDATA[2018-09-26 11:31:02 - [TEST_CASE][PASSED] - Test Cases/nc_bo_login-test: Test Cases/nc_bo_login-test

2018-09-26 11:31:02 - [TEST_STEP][PASSED] - openBrowser: Browser is opened with url: 'https://linkscourier.netcourier.net/netcourier-data/'

2018-09-26 11:31:08 - [MESSAGE][PASSED] - Browser is opened with url: 'https://linkscourier.netcourier.net/netcourier-data/'

2018-09-26 11:31:08 - [TEST_STEP][PASSED] - navigateToUrl: Navigate to 'https://linkscourier.netcourier.net/netcourier-data/' successfully

2018-09-26 11:31:11 - [MESSAGE][PASSED] - Navigate to 'https://linkscourier.netcourier.net/netcourier-data/' successfully

2018-09-26 11:31:11 - [TEST_STEP][PASSED] - setText: Text 'lnk' is set on object 'Object Repository/Page_Metafour User Login/input_Login_access_code'

2018-09-26 11:31:14 - [MESSAGE][PASSED] - Text 'lnk' is set on object 'Object Repository/Page_Metafour User Login/input_Login_access_code'

2018-09-26 11:31:14 - [TEST_STEP][PASSED] - setText: Text 'admin' is set on object 'Object Repository/Page_Metafour User Login/input_Login_login'

2018-09-26 11:31:14 - [MESSAGE][PASSED] - Text 'admin' is set on object 'Object Repository/Page_Metafour User Login/input_Login_login'

2018-09-26 11:31:14 - [TEST_STEP][PASSED] - setText: Text 'qtlnk097u' is set on object 'Object Repository/Page_Metafour User Login/input_Login_j_password'

2018-09-26 11:31:14 - [MESSAGE][PASSED] - Text 'qtlnk097u' is set on object 'Object Repository/Page_Metafour User Login/input_Login_j_password'

2018-09-26 11:31:14 - [TEST_STEP][PASSED] - click: Object: 'Object Repository/Page_Metafour User Login/button_Sign in' is clicked on

2018-09-26 11:31:17 - [MESSAGE][PASSED] - Object: 'Object Repository/Page_Metafour User Login/button_Sign in' is clicked on

2018-09-26 11:31:17 - [TEST_STEP][PASSED] - delay: Delayed 3 second(s)

2018-09-26 11:31:20 - [MESSAGE][PASSED] - Delayed 3 second(s)

2018-09-26 11:31:20 - [TEST_STEP][PASSED] - verifyElementNotPresent: Web element with id: 'Object Repository/Page_Metafour User Login/div_Sorry login failed' located by 'By.xpath: //div[@id='customerrormessagediv']' is not present after '30' second(s)

2018-09-26 11:31:20 - [MESSAGE][WARNING] - Timeout '0' is invalid. Using default page load timeout: '30'

2018-09-26 11:31:20 - [MESSAGE][PASSED] - Web element with id: 'Object Repository/Page_Metafour User Login/div_Sorry login failed' located by 'By.xpath: //div[@id='customerrormessagediv']' is not present after '30' second(s)

2018-09-26 11:31:20 - [TEST_STEP][PASSED] - closeBrowser: Browser is closed

2018-09-26 11:31:21 - [MESSAGE][PASSED] - Browser is closed]]></system-out>
         <system-err><![CDATA[]]></system-err>
      </testcase>
      <testcase name="Test Cases/nc_bo_login-test" classname="Test Cases/nc_bo_login-test" status="PASSED">
         <system-out><![CDATA[2018-09-26 11:31:21 - [TEST_CASE][PASSED] - Test Cases/nc_bo_login-test: Test Cases/nc_bo_login-test

2018-09-26 11:31:21 - [TEST_STEP][PASSED] - openBrowser: Browser is opened with url: 'https://masterdc.netcourier.net/netcourier-data/'

2018-09-26 11:31:27 - [MESSAGE][PASSED] - Browser is opened with url: 'https://masterdc.netcourier.net/netcourier-data/'

2018-09-26 11:31:27 - [TEST_STEP][PASSED] - navigateToUrl: Navigate to 'https://masterdc.netcourier.net/netcourier-data/' successfully

2018-09-26 11:31:29 - [MESSAGE][PASSED] - Navigate to 'https://masterdc.netcourier.net/netcourier-data/' successfully

2018-09-26 11:31:29 - [TEST_STEP][PASSED] - setText: Text 'mst' is set on object 'Object Repository/Page_Metafour User Login/input_Login_access_code'

2018-09-26 11:31:33 - [MESSAGE][PASSED] - Text 'mst' is set on object 'Object Repository/Page_Metafour User Login/input_Login_access_code'

2018-09-26 11:31:33 - [TEST_STEP][PASSED] - setText: Text 'admin' is set on object 'Object Repository/Page_Metafour User Login/input_Login_login'

2018-09-26 11:31:33 - [MESSAGE][PASSED] - Text 'admin' is set on object 'Object Repository/Page_Metafour User Login/input_Login_login'

2018-09-26 11:31:33 - [TEST_STEP][PASSED] - setText: Text 'qtmst100u' is set on object 'Object Repository/Page_Metafour User Login/input_Login_j_password'

2018-09-26 11:31:33 - [MESSAGE][PASSED] - Text 'qtmst100u' is set on object 'Object Repository/Page_Metafour User Login/input_Login_j_password'

2018-09-26 11:31:33 - [TEST_STEP][PASSED] - click: Object: 'Object Repository/Page_Metafour User Login/button_Sign in' is clicked on

2018-09-26 11:31:36 - [MESSAGE][PASSED] - Object: 'Object Repository/Page_Metafour User Login/button_Sign in' is clicked on

2018-09-26 11:31:36 - [TEST_STEP][PASSED] - delay: Delayed 3 second(s)

2018-09-26 11:31:39 - [MESSAGE][PASSED] - Delayed 3 second(s)

2018-09-26 11:31:39 - [TEST_STEP][PASSED] - verifyElementNotPresent: Web element with id: 'Object Repository/Page_Metafour User Login/div_Sorry login failed' located by 'By.xpath: //div[@id='customerrormessagediv']' is not present after '30' second(s)

2018-09-26 11:31:39 - [MESSAGE][WARNING] - Timeout '0' is invalid. Using default page load timeout: '30'

2018-09-26 11:31:39 - [MESSAGE][PASSED] - Web element with id: 'Object Repository/Page_Metafour User Login/div_Sorry login failed' located by 'By.xpath: //div[@id='customerrormessagediv']' is not present after '30' second(s)

2018-09-26 11:31:39 - [TEST_STEP][PASSED] - closeBrowser: Browser is closed

2018-09-26 11:31:40 - [MESSAGE][PASSED] - Browser is closed]]></system-out>
         <system-err><![CDATA[]]></system-err>
      </testcase>
      <testcase name="Test Cases/nc_bo_login-test" classname="Test Cases/nc_bo_login-test" status="PASSED">
         <system-out><![CDATA[2018-09-26 11:31:40 - [TEST_CASE][PASSED] - Test Cases/nc_bo_login-test: Test Cases/nc_bo_login-test

2018-09-26 11:31:40 - [TEST_STEP][PASSED] - openBrowser: Browser is opened with url: 'https://menzies.netcourier.net/netcourier-data/'

2018-09-26 11:31:45 - [MESSAGE][PASSED] - Browser is opened with url: 'https://menzies.netcourier.net/netcourier-data/'

2018-09-26 11:31:45 - [TEST_STEP][PASSED] - navigateToUrl: Navigate to 'https://menzies.netcourier.net/netcourier-data/' successfully

2018-09-26 11:31:48 - [MESSAGE][PASSED] - Navigate to 'https://menzies.netcourier.net/netcourier-data/' successfully

2018-09-26 11:31:48 - [TEST_STEP][PASSED] - setText: Text 'mnz' is set on object 'Object Repository/Page_Metafour User Login/input_Login_access_code'

2018-09-26 11:31:51 - [MESSAGE][PASSED] - Text 'mnz' is set on object 'Object Repository/Page_Metafour User Login/input_Login_access_code'

2018-09-26 11:31:51 - [TEST_STEP][PASSED] - setText: Text 'admin' is set on object 'Object Repository/Page_Metafour User Login/input_Login_login'

2018-09-26 11:31:51 - [MESSAGE][PASSED] - Text 'admin' is set on object 'Object Repository/Page_Metafour User Login/input_Login_login'

2018-09-26 11:31:51 - [TEST_STEP][PASSED] - setText: Text 'qtmnz191u' is set on object 'Object Repository/Page_Metafour User Login/input_Login_j_password'

2018-09-26 11:31:51 - [MESSAGE][PASSED] - Text 'qtmnz191u' is set on object 'Object Repository/Page_Metafour User Login/input_Login_j_password'

2018-09-26 11:31:51 - [TEST_STEP][PASSED] - click: Object: 'Object Repository/Page_Metafour User Login/button_Sign in' is clicked on

2018-09-26 11:31:55 - [MESSAGE][PASSED] - Object: 'Object Repository/Page_Metafour User Login/button_Sign in' is clicked on

2018-09-26 11:31:55 - [TEST_STEP][PASSED] - delay: Delayed 3 second(s)

2018-09-26 11:31:58 - [MESSAGE][PASSED] - Delayed 3 second(s)

2018-09-26 11:31:58 - [TEST_STEP][PASSED] - verifyElementNotPresent: Web element with id: 'Object Repository/Page_Metafour User Login/div_Sorry login failed' located by 'By.xpath: //div[@id='customerrormessagediv']' is not present after '30' second(s)

2018-09-26 11:31:58 - [MESSAGE][WARNING] - Timeout '0' is invalid. Using default page load timeout: '30'

2018-09-26 11:31:58 - [MESSAGE][PASSED] - Web element with id: 'Object Repository/Page_Metafour User Login/div_Sorry login failed' located by 'By.xpath: //div[@id='customerrormessagediv']' is not present after '30' second(s)

2018-09-26 11:31:58 - [TEST_STEP][PASSED] - closeBrowser: Browser is closed

2018-09-26 11:31:59 - [MESSAGE][PASSED] - Browser is closed]]></system-out>
         <system-err><![CDATA[]]></system-err>
      </testcase>
      <testcase name="Test Cases/nc_bo_login-test" classname="Test Cases/nc_bo_login-test" status="PASSED">
         <system-out><![CDATA[2018-09-26 11:31:59 - [TEST_CASE][PASSED] - Test Cases/nc_bo_login-test: Test Cases/nc_bo_login-test

2018-09-26 11:31:59 - [TEST_STEP][PASSED] - openBrowser: Browser is opened with url: 'https://msk.netcourier.net/netcourier-data/'

2018-09-26 11:32:05 - [MESSAGE][PASSED] - Browser is opened with url: 'https://msk.netcourier.net/netcourier-data/'

2018-09-26 11:32:05 - [TEST_STEP][PASSED] - navigateToUrl: Navigate to 'https://msk.netcourier.net/netcourier-data/' successfully

2018-09-26 11:32:07 - [MESSAGE][PASSED] - Navigate to 'https://msk.netcourier.net/netcourier-data/' successfully

2018-09-26 11:32:07 - [TEST_STEP][PASSED] - setText: Text 'msk' is set on object 'Object Repository/Page_Metafour User Login/input_Login_access_code'

2018-09-26 11:32:10 - [MESSAGE][PASSED] - Text 'msk' is set on object 'Object Repository/Page_Metafour User Login/input_Login_access_code'

2018-09-26 11:32:10 - [TEST_STEP][PASSED] - setText: Text 'admin' is set on object 'Object Repository/Page_Metafour User Login/input_Login_login'

2018-09-26 11:32:10 - [MESSAGE][PASSED] - Text 'admin' is set on object 'Object Repository/Page_Metafour User Login/input_Login_login'

2018-09-26 11:32:10 - [TEST_STEP][PASSED] - setText: Text 'qtmsk675u' is set on object 'Object Repository/Page_Metafour User Login/input_Login_j_password'

2018-09-26 11:32:10 - [MESSAGE][PASSED] - Text 'qtmsk675u' is set on object 'Object Repository/Page_Metafour User Login/input_Login_j_password'

2018-09-26 11:32:10 - [TEST_STEP][PASSED] - click: Object: 'Object Repository/Page_Metafour User Login/button_Sign in' is clicked on

2018-09-26 11:32:14 - [MESSAGE][PASSED] - Object: 'Object Repository/Page_Metafour User Login/button_Sign in' is clicked on

2018-09-26 11:32:14 - [TEST_STEP][PASSED] - delay: Delayed 3 second(s)

2018-09-26 11:32:17 - [MESSAGE][PASSED] - Delayed 3 second(s)

2018-09-26 11:32:17 - [TEST_STEP][PASSED] - verifyElementNotPresent: Web element with id: 'Object Repository/Page_Metafour User Login/div_Sorry login failed' located by 'By.xpath: //div[@id='customerrormessagediv']' is not present after '30' second(s)

2018-09-26 11:32:17 - [MESSAGE][WARNING] - Timeout '0' is invalid. Using default page load timeout: '30'

2018-09-26 11:32:17 - [MESSAGE][PASSED] - Web element with id: 'Object Repository/Page_Metafour User Login/div_Sorry login failed' located by 'By.xpath: //div[@id='customerrormessagediv']' is not present after '30' second(s)

2018-09-26 11:32:17 - [TEST_STEP][PASSED] - closeBrowser: Browser is closed

2018-09-26 11:32:18 - [MESSAGE][PASSED] - Browser is closed]]></system-out>
         <system-err><![CDATA[]]></system-err>
      </testcase>
      <testcase name="Test Cases/nc_bo_login-test" classname="Test Cases/nc_bo_login-test" status="PASSED">
         <system-out><![CDATA[2018-09-26 11:32:18 - [TEST_CASE][PASSED] - Test Cases/nc_bo_login-test: Test Cases/nc_bo_login-test

2018-09-26 11:32:18 - [TEST_STEP][PASSED] - openBrowser: Browser is opened with url: 'http://nexus.metafour.com/netcourier-data/'

2018-09-26 11:32:25 - [MESSAGE][PASSED] - Browser is opened with url: 'http://nexus.metafour.com/netcourier-data/'

2018-09-26 11:32:25 - [TEST_STEP][PASSED] - navigateToUrl: Navigate to 'http://nexus.metafour.com/netcourier-data/' successfully

2018-09-26 11:32:27 - [MESSAGE][PASSED] - Navigate to 'http://nexus.metafour.com/netcourier-data/' successfully

2018-09-26 11:32:27 - [TEST_STEP][PASSED] - setText: Text 'nxs' is set on object 'Object Repository/Page_Metafour User Login/input_Login_access_code'

2018-09-26 11:32:30 - [MESSAGE][PASSED] - Text 'nxs' is set on object 'Object Repository/Page_Metafour User Login/input_Login_access_code'

2018-09-26 11:32:30 - [TEST_STEP][PASSED] - setText: Text 'admin' is set on object 'Object Repository/Page_Metafour User Login/input_Login_login'

2018-09-26 11:32:30 - [MESSAGE][PASSED] - Text 'admin' is set on object 'Object Repository/Page_Metafour User Login/input_Login_login'

2018-09-26 11:32:30 - [TEST_STEP][PASSED] - setText: Text 'qtnxs076u' is set on object 'Object Repository/Page_Metafour User Login/input_Login_j_password'

2018-09-26 11:32:30 - [MESSAGE][PASSED] - Text 'qtnxs076u' is set on object 'Object Repository/Page_Metafour User Login/input_Login_j_password'

2018-09-26 11:32:30 - [TEST_STEP][PASSED] - click: Object: 'Object Repository/Page_Metafour User Login/button_Sign in' is clicked on

2018-09-26 11:32:34 - [MESSAGE][PASSED] - Object: 'Object Repository/Page_Metafour User Login/button_Sign in' is clicked on

2018-09-26 11:32:34 - [TEST_STEP][PASSED] - delay: Delayed 3 second(s)

2018-09-26 11:32:37 - [MESSAGE][PASSED] - Delayed 3 second(s)

2018-09-26 11:32:37 - [TEST_STEP][PASSED] - verifyElementNotPresent: Web element with id: 'Object Repository/Page_Metafour User Login/div_Sorry login failed' located by 'By.xpath: //div[@id='customerrormessagediv']' is not present after '30' second(s)

2018-09-26 11:32:37 - [MESSAGE][WARNING] - Timeout '0' is invalid. Using default page load timeout: '30'

2018-09-26 11:32:37 - [MESSAGE][PASSED] - Web element with id: 'Object Repository/Page_Metafour User Login/div_Sorry login failed' located by 'By.xpath: //div[@id='customerrormessagediv']' is not present after '30' second(s)

2018-09-26 11:32:37 - [TEST_STEP][PASSED] - closeBrowser: Browser is closed

2018-09-26 11:32:37 - [MESSAGE][PASSED] - Browser is closed]]></system-out>
         <system-err><![CDATA[]]></system-err>
      </testcase>
      <testcase name="Test Cases/nc_bo_login-test" classname="Test Cases/nc_bo_login-test" status="PASSED">
         <system-out><![CDATA[2018-09-26 11:32:37 - [TEST_CASE][PASSED] - Test Cases/nc_bo_login-test: Test Cases/nc_bo_login-test

2018-09-26 11:32:37 - [TEST_STEP][PASSED] - openBrowser: Browser is opened with url: 'https://parcelflight.netcourier.net/netcourier-data/'

2018-09-26 11:32:43 - [MESSAGE][PASSED] - Browser is opened with url: 'https://parcelflight.netcourier.net/netcourier-data/'

2018-09-26 11:32:43 - [TEST_STEP][PASSED] - navigateToUrl: Navigate to 'https://parcelflight.netcourier.net/netcourier-data/' successfully

2018-09-26 11:32:46 - [MESSAGE][PASSED] - Navigate to 'https://parcelflight.netcourier.net/netcourier-data/' successfully

2018-09-26 11:32:46 - [TEST_STEP][PASSED] - setText: Text 'paf' is set on object 'Object Repository/Page_Metafour User Login/input_Login_access_code'

2018-09-26 11:32:50 - [MESSAGE][PASSED] - Text 'paf' is set on object 'Object Repository/Page_Metafour User Login/input_Login_access_code'

2018-09-26 11:32:50 - [TEST_STEP][PASSED] - setText: Text 'admin' is set on object 'Object Repository/Page_Metafour User Login/input_Login_login'

2018-09-26 11:32:50 - [MESSAGE][PASSED] - Text 'admin' is set on object 'Object Repository/Page_Metafour User Login/input_Login_login'

2018-09-26 11:32:50 - [TEST_STEP][PASSED] - setText: Text 'qtpaf021u' is set on object 'Object Repository/Page_Metafour User Login/input_Login_j_password'

2018-09-26 11:32:50 - [MESSAGE][PASSED] - Text 'qtpaf021u' is set on object 'Object Repository/Page_Metafour User Login/input_Login_j_password'

2018-09-26 11:32:50 - [TEST_STEP][PASSED] - click: Object: 'Object Repository/Page_Metafour User Login/button_Sign in' is clicked on

2018-09-26 11:32:53 - [MESSAGE][PASSED] - Object: 'Object Repository/Page_Metafour User Login/button_Sign in' is clicked on

2018-09-26 11:32:53 - [TEST_STEP][PASSED] - delay: Delayed 3 second(s)

2018-09-26 11:32:56 - [MESSAGE][PASSED] - Delayed 3 second(s)

2018-09-26 11:32:56 - [TEST_STEP][PASSED] - verifyElementNotPresent: Web element with id: 'Object Repository/Page_Metafour User Login/div_Sorry login failed' located by 'By.xpath: //div[@id='customerrormessagediv']' is not present after '30' second(s)

2018-09-26 11:32:56 - [MESSAGE][WARNING] - Timeout '0' is invalid. Using default page load timeout: '30'

2018-09-26 11:32:56 - [MESSAGE][PASSED] - Web element with id: 'Object Repository/Page_Metafour User Login/div_Sorry login failed' located by 'By.xpath: //div[@id='customerrormessagediv']' is not present after '30' second(s)

2018-09-26 11:32:56 - [TEST_STEP][PASSED] - closeBrowser: Browser is closed

2018-09-26 11:32:57 - [MESSAGE][PASSED] - Browser is closed]]></system-out>
         <system-err><![CDATA[]]></system-err>
      </testcase>
      <testcase name="Test Cases/nc_bo_login-test" classname="Test Cases/nc_bo_login-test" status="PASSED">
         <system-out><![CDATA[2018-09-26 11:32:57 - [TEST_CASE][PASSED] - Test Cases/nc_bo_login-test: Test Cases/nc_bo_login-test

2018-09-26 11:32:57 - [TEST_STEP][PASSED] - openBrowser: Browser is opened with url: 'https://precision.netcourier.net/netcourier-data/'

2018-09-26 11:33:02 - [MESSAGE][PASSED] - Browser is opened with url: 'https://precision.netcourier.net/netcourier-data/'

2018-09-26 11:33:02 - [TEST_STEP][PASSED] - navigateToUrl: Navigate to 'https://precision.netcourier.net/netcourier-data/' successfully

2018-09-26 11:33:04 - [MESSAGE][PASSED] - Navigate to 'https://precision.netcourier.net/netcourier-data/' successfully

2018-09-26 11:33:04 - [TEST_STEP][PASSED] - setText: Text 'pcg' is set on object 'Object Repository/Page_Metafour User Login/input_Login_access_code'

2018-09-26 11:33:08 - [MESSAGE][PASSED] - Text 'pcg' is set on object 'Object Repository/Page_Metafour User Login/input_Login_access_code'

2018-09-26 11:33:08 - [TEST_STEP][PASSED] - setText: Text 'admin' is set on object 'Object Repository/Page_Metafour User Login/input_Login_login'

2018-09-26 11:33:08 - [MESSAGE][PASSED] - Text 'admin' is set on object 'Object Repository/Page_Metafour User Login/input_Login_login'

2018-09-26 11:33:08 - [TEST_STEP][PASSED] - setText: Text 'qtpcg080u' is set on object 'Object Repository/Page_Metafour User Login/input_Login_j_password'

2018-09-26 11:33:08 - [MESSAGE][PASSED] - Text 'qtpcg080u' is set on object 'Object Repository/Page_Metafour User Login/input_Login_j_password'

2018-09-26 11:33:08 - [TEST_STEP][PASSED] - click: Object: 'Object Repository/Page_Metafour User Login/button_Sign in' is clicked on

2018-09-26 11:33:11 - [MESSAGE][PASSED] - Object: 'Object Repository/Page_Metafour User Login/button_Sign in' is clicked on

2018-09-26 11:33:11 - [TEST_STEP][PASSED] - delay: Delayed 3 second(s)

2018-09-26 11:33:14 - [MESSAGE][PASSED] - Delayed 3 second(s)

2018-09-26 11:33:14 - [TEST_STEP][PASSED] - verifyElementNotPresent: Web element with id: 'Object Repository/Page_Metafour User Login/div_Sorry login failed' located by 'By.xpath: //div[@id='customerrormessagediv']' is not present after '30' second(s)

2018-09-26 11:33:14 - [MESSAGE][WARNING] - Timeout '0' is invalid. Using default page load timeout: '30'

2018-09-26 11:33:14 - [MESSAGE][PASSED] - Web element with id: 'Object Repository/Page_Metafour User Login/div_Sorry login failed' located by 'By.xpath: //div[@id='customerrormessagediv']' is not present after '30' second(s)

2018-09-26 11:33:14 - [TEST_STEP][PASSED] - closeBrowser: Browser is closed

2018-09-26 11:33:15 - [MESSAGE][PASSED] - Browser is closed]]></system-out>
         <system-err><![CDATA[]]></system-err>
      </testcase>
      <testcase name="Test Cases/nc_bo_login-test" classname="Test Cases/nc_bo_login-test" status="PASSED">
         <system-out><![CDATA[2018-09-26 11:33:15 - [TEST_CASE][PASSED] - Test Cases/nc_bo_login-test: Test Cases/nc_bo_login-test

2018-09-26 11:33:15 - [TEST_STEP][PASSED] - openBrowser: Browser is opened with url: 'https://santis.netcourier.net/netcourier-data/'

2018-09-26 11:33:20 - [MESSAGE][PASSED] - Browser is opened with url: 'https://santis.netcourier.net/netcourier-data/'

2018-09-26 11:33:20 - [TEST_STEP][PASSED] - navigateToUrl: Navigate to 'https://santis.netcourier.net/netcourier-data/' successfully

2018-09-26 11:33:22 - [MESSAGE][PASSED] - Navigate to 'https://santis.netcourier.net/netcourier-data/' successfully

2018-09-26 11:33:22 - [TEST_STEP][PASSED] - setText: Text 'san' is set on object 'Object Repository/Page_Metafour User Login/input_Login_access_code'

2018-09-26 11:33:26 - [MESSAGE][PASSED] - Text 'san' is set on object 'Object Repository/Page_Metafour User Login/input_Login_access_code'

2018-09-26 11:33:26 - [TEST_STEP][PASSED] - setText: Text 'admin' is set on object 'Object Repository/Page_Metafour User Login/input_Login_login'

2018-09-26 11:33:26 - [MESSAGE][PASSED] - Text 'admin' is set on object 'Object Repository/Page_Metafour User Login/input_Login_login'

2018-09-26 11:33:26 - [TEST_STEP][PASSED] - setText: Text 'qtsan121u' is set on object 'Object Repository/Page_Metafour User Login/input_Login_j_password'

2018-09-26 11:33:26 - [MESSAGE][PASSED] - Text 'qtsan121u' is set on object 'Object Repository/Page_Metafour User Login/input_Login_j_password'

2018-09-26 11:33:26 - [TEST_STEP][PASSED] - click: Object: 'Object Repository/Page_Metafour User Login/button_Sign in' is clicked on

2018-09-26 11:33:29 - [MESSAGE][PASSED] - Object: 'Object Repository/Page_Metafour User Login/button_Sign in' is clicked on

2018-09-26 11:33:29 - [TEST_STEP][PASSED] - delay: Delayed 3 second(s)

2018-09-26 11:33:32 - [MESSAGE][PASSED] - Delayed 3 second(s)

2018-09-26 11:33:32 - [TEST_STEP][PASSED] - verifyElementNotPresent: Web element with id: 'Object Repository/Page_Metafour User Login/div_Sorry login failed' located by 'By.xpath: //div[@id='customerrormessagediv']' is not present after '30' second(s)

2018-09-26 11:33:32 - [MESSAGE][WARNING] - Timeout '0' is invalid. Using default page load timeout: '30'

2018-09-26 11:33:32 - [MESSAGE][PASSED] - Web element with id: 'Object Repository/Page_Metafour User Login/div_Sorry login failed' located by 'By.xpath: //div[@id='customerrormessagediv']' is not present after '30' second(s)

2018-09-26 11:33:32 - [TEST_STEP][PASSED] - closeBrowser: Browser is closed

2018-09-26 11:33:33 - [MESSAGE][PASSED] - Browser is closed]]></system-out>
         <system-err><![CDATA[]]></system-err>
      </testcase>
      <testcase name="Test Cases/nc_bo_login-test" classname="Test Cases/nc_bo_login-test" status="PASSED">
         <system-out><![CDATA[2018-09-26 11:33:33 - [TEST_CASE][PASSED] - Test Cases/nc_bo_login-test: Test Cases/nc_bo_login-test

2018-09-26 11:33:33 - [TEST_STEP][PASSED] - openBrowser: Browser is opened with url: 'https://santova.netcourier.net/netcourier-data/'

2018-09-26 11:33:38 - [MESSAGE][PASSED] - Browser is opened with url: 'https://santova.netcourier.net/netcourier-data/'

2018-09-26 11:33:38 - [TEST_STEP][PASSED] - navigateToUrl: Navigate to 'https://santova.netcourier.net/netcourier-data/' successfully

2018-09-26 11:33:41 - [MESSAGE][PASSED] - Navigate to 'https://santova.netcourier.net/netcourier-data/' successfully

2018-09-26 11:33:41 - [TEST_STEP][PASSED] - setText: Text 'snt' is set on object 'Object Repository/Page_Metafour User Login/input_Login_access_code'

2018-09-26 11:33:45 - [MESSAGE][PASSED] - Text 'snt' is set on object 'Object Repository/Page_Metafour User Login/input_Login_access_code'

2018-09-26 11:33:45 - [TEST_STEP][PASSED] - setText: Text 'admin' is set on object 'Object Repository/Page_Metafour User Login/input_Login_login'

2018-09-26 11:33:45 - [MESSAGE][PASSED] - Text 'admin' is set on object 'Object Repository/Page_Metafour User Login/input_Login_login'

2018-09-26 11:33:45 - [TEST_STEP][PASSED] - setText: Text 'qtsnt180u' is set on object 'Object Repository/Page_Metafour User Login/input_Login_j_password'

2018-09-26 11:33:45 - [MESSAGE][PASSED] - Text 'qtsnt180u' is set on object 'Object Repository/Page_Metafour User Login/input_Login_j_password'

2018-09-26 11:33:45 - [TEST_STEP][PASSED] - click: Object: 'Object Repository/Page_Metafour User Login/button_Sign in' is clicked on

2018-09-26 11:33:48 - [MESSAGE][PASSED] - Object: 'Object Repository/Page_Metafour User Login/button_Sign in' is clicked on

2018-09-26 11:33:48 - [TEST_STEP][PASSED] - delay: Delayed 3 second(s)

2018-09-26 11:33:51 - [MESSAGE][PASSED] - Delayed 3 second(s)

2018-09-26 11:33:51 - [TEST_STEP][PASSED] - verifyElementNotPresent: Web element with id: 'Object Repository/Page_Metafour User Login/div_Sorry login failed' located by 'By.xpath: //div[@id='customerrormessagediv']' is not present after '30' second(s)

2018-09-26 11:33:51 - [MESSAGE][WARNING] - Timeout '0' is invalid. Using default page load timeout: '30'

2018-09-26 11:33:51 - [MESSAGE][PASSED] - Web element with id: 'Object Repository/Page_Metafour User Login/div_Sorry login failed' located by 'By.xpath: //div[@id='customerrormessagediv']' is not present after '30' second(s)

2018-09-26 11:33:51 - [TEST_STEP][PASSED] - closeBrowser: Browser is closed

2018-09-26 11:33:52 - [MESSAGE][PASSED] - Browser is closed]]></system-out>
         <system-err><![CDATA[]]></system-err>
      </testcase>
      <testcase name="Test Cases/nc_bo_login-test" classname="Test Cases/nc_bo_login-test" status="PASSED">
         <system-out><![CDATA[2018-09-26 11:33:52 - [TEST_CASE][PASSED] - Test Cases/nc_bo_login-test: Test Cases/nc_bo_login-test

2018-09-26 11:33:52 - [TEST_STEP][PASSED] - openBrowser: Browser is opened with url: 'https://snr.netcourier.net/netcourier-data/'

2018-09-26 11:33:57 - [MESSAGE][PASSED] - Browser is opened with url: 'https://snr.netcourier.net/netcourier-data/'

2018-09-26 11:33:57 - [TEST_STEP][PASSED] - navigateToUrl: Navigate to 'https://snr.netcourier.net/netcourier-data/' successfully

2018-09-26 11:34:00 - [MESSAGE][PASSED] - Navigate to 'https://snr.netcourier.net/netcourier-data/' successfully

2018-09-26 11:34:00 - [TEST_STEP][PASSED] - setText: Text 'snr' is set on object 'Object Repository/Page_Metafour User Login/input_Login_access_code'

2018-09-26 11:34:03 - [MESSAGE][PASSED] - Text 'snr' is set on object 'Object Repository/Page_Metafour User Login/input_Login_access_code'

2018-09-26 11:34:03 - [TEST_STEP][PASSED] - setText: Text 'admin' is set on object 'Object Repository/Page_Metafour User Login/input_Login_login'

2018-09-26 11:34:03 - [MESSAGE][PASSED] - Text 'admin' is set on object 'Object Repository/Page_Metafour User Login/input_Login_login'

2018-09-26 11:34:03 - [TEST_STEP][PASSED] - setText: Text 'qtsnr020u' is set on object 'Object Repository/Page_Metafour User Login/input_Login_j_password'

2018-09-26 11:34:03 - [MESSAGE][PASSED] - Text 'qtsnr020u' is set on object 'Object Repository/Page_Metafour User Login/input_Login_j_password'

2018-09-26 11:34:03 - [TEST_STEP][PASSED] - click: Object: 'Object Repository/Page_Metafour User Login/button_Sign in' is clicked on

2018-09-26 11:34:07 - [MESSAGE][PASSED] - Object: 'Object Repository/Page_Metafour User Login/button_Sign in' is clicked on

2018-09-26 11:34:07 - [TEST_STEP][PASSED] - delay: Delayed 3 second(s)

2018-09-26 11:34:10 - [MESSAGE][PASSED] - Delayed 3 second(s)

2018-09-26 11:34:10 - [TEST_STEP][PASSED] - verifyElementNotPresent: Web element with id: 'Object Repository/Page_Metafour User Login/div_Sorry login failed' located by 'By.xpath: //div[@id='customerrormessagediv']' is not present after '30' second(s)

2018-09-26 11:34:10 - [MESSAGE][WARNING] - Timeout '0' is invalid. Using default page load timeout: '30'

2018-09-26 11:34:10 - [MESSAGE][PASSED] - Web element with id: 'Object Repository/Page_Metafour User Login/div_Sorry login failed' located by 'By.xpath: //div[@id='customerrormessagediv']' is not present after '30' second(s)

2018-09-26 11:34:10 - [TEST_STEP][PASSED] - closeBrowser: Browser is closed

2018-09-26 11:34:11 - [MESSAGE][PASSED] - Browser is closed]]></system-out>
         <system-err><![CDATA[]]></system-err>
      </testcase>
      <testcase name="Test Cases/nc_bo_login-test" classname="Test Cases/nc_bo_login-test" status="PASSED">
         <system-out><![CDATA[2018-09-26 11:34:11 - [TEST_CASE][PASSED] - Test Cases/nc_bo_login-test: Test Cases/nc_bo_login-test

2018-09-26 11:34:11 - [TEST_STEP][PASSED] - openBrowser: Browser is opened with url: 'https://simplyparcel.netcourier.net/netcourier-data/'

2018-09-26 11:34:17 - [MESSAGE][PASSED] - Browser is opened with url: 'https://simplyparcel.netcourier.net/netcourier-data/'

2018-09-26 11:34:17 - [TEST_STEP][PASSED] - navigateToUrl: Navigate to 'https://simplyparcel.netcourier.net/netcourier-data/' successfully

2018-09-26 11:34:20 - [MESSAGE][PASSED] - Navigate to 'https://simplyparcel.netcourier.net/netcourier-data/' successfully

2018-09-26 11:34:20 - [TEST_STEP][PASSED] - setText: Text 'syp' is set on object 'Object Repository/Page_Metafour User Login/input_Login_access_code'

2018-09-26 11:34:23 - [MESSAGE][PASSED] - Text 'syp' is set on object 'Object Repository/Page_Metafour User Login/input_Login_access_code'

2018-09-26 11:34:23 - [TEST_STEP][PASSED] - setText: Text 'admin' is set on object 'Object Repository/Page_Metafour User Login/input_Login_login'

2018-09-26 11:34:23 - [MESSAGE][PASSED] - Text 'admin' is set on object 'Object Repository/Page_Metafour User Login/input_Login_login'

2018-09-26 11:34:23 - [TEST_STEP][PASSED] - setText: Text 'qtsyp419u' is set on object 'Object Repository/Page_Metafour User Login/input_Login_j_password'

2018-09-26 11:34:23 - [MESSAGE][PASSED] - Text 'qtsyp419u' is set on object 'Object Repository/Page_Metafour User Login/input_Login_j_password'

2018-09-26 11:34:23 - [TEST_STEP][PASSED] - click: Object: 'Object Repository/Page_Metafour User Login/button_Sign in' is clicked on

2018-09-26 11:34:27 - [MESSAGE][PASSED] - Object: 'Object Repository/Page_Metafour User Login/button_Sign in' is clicked on

2018-09-26 11:34:27 - [TEST_STEP][PASSED] - delay: Delayed 3 second(s)

2018-09-26 11:34:30 - [MESSAGE][PASSED] - Delayed 3 second(s)

2018-09-26 11:34:30 - [TEST_STEP][PASSED] - verifyElementNotPresent: Web element with id: 'Object Repository/Page_Metafour User Login/div_Sorry login failed' located by 'By.xpath: //div[@id='customerrormessagediv']' is not present after '30' second(s)

2018-09-26 11:34:30 - [MESSAGE][WARNING] - Timeout '0' is invalid. Using default page load timeout: '30'

2018-09-26 11:34:30 - [MESSAGE][PASSED] - Web element with id: 'Object Repository/Page_Metafour User Login/div_Sorry login failed' located by 'By.xpath: //div[@id='customerrormessagediv']' is not present after '30' second(s)

2018-09-26 11:34:30 - [TEST_STEP][PASSED] - closeBrowser: Browser is closed

2018-09-26 11:34:31 - [MESSAGE][PASSED] - Browser is closed]]></system-out>
         <system-err><![CDATA[]]></system-err>
      </testcase>
      <testcase name="Test Cases/nc_bo_login-test" classname="Test Cases/nc_bo_login-test" status="PASSED">
         <system-out><![CDATA[2018-09-26 11:34:31 - [TEST_CASE][PASSED] - Test Cases/nc_bo_login-test: Test Cases/nc_bo_login-test

2018-09-26 11:34:31 - [TEST_STEP][PASSED] - openBrowser: Browser is opened with url: 'https://tcc.netcourier.net/netcourier-data/'

2018-09-26 11:34:36 - [MESSAGE][PASSED] - Browser is opened with url: 'https://tcc.netcourier.net/netcourier-data/'

2018-09-26 11:34:36 - [TEST_STEP][PASSED] - navigateToUrl: Navigate to 'https://tcc.netcourier.net/netcourier-data/' successfully

2018-09-26 11:34:38 - [MESSAGE][PASSED] - Navigate to 'https://tcc.netcourier.net/netcourier-data/' successfully

2018-09-26 11:34:38 - [TEST_STEP][PASSED] - setText: Text 'tcc' is set on object 'Object Repository/Page_Metafour User Login/input_Login_access_code'

2018-09-26 11:34:45 - [MESSAGE][PASSED] - Text 'tcc' is set on object 'Object Repository/Page_Metafour User Login/input_Login_access_code'

2018-09-26 11:34:45 - [TEST_STEP][PASSED] - setText: Text 'admin' is set on object 'Object Repository/Page_Metafour User Login/input_Login_login'

2018-09-26 11:34:45 - [MESSAGE][PASSED] - Text 'admin' is set on object 'Object Repository/Page_Metafour User Login/input_Login_login'

2018-09-26 11:34:45 - [TEST_STEP][PASSED] - setText: Text 'qttcc042u' is set on object 'Object Repository/Page_Metafour User Login/input_Login_j_password'

2018-09-26 11:34:45 - [MESSAGE][PASSED] - Text 'qttcc042u' is set on object 'Object Repository/Page_Metafour User Login/input_Login_j_password'

2018-09-26 11:34:45 - [TEST_STEP][PASSED] - click: Object: 'Object Repository/Page_Metafour User Login/button_Sign in' is clicked on

2018-09-26 11:34:49 - [MESSAGE][PASSED] - Object: 'Object Repository/Page_Metafour User Login/button_Sign in' is clicked on

2018-09-26 11:34:49 - [TEST_STEP][PASSED] - delay: Delayed 3 second(s)

2018-09-26 11:34:52 - [MESSAGE][PASSED] - Delayed 3 second(s)

2018-09-26 11:34:52 - [TEST_STEP][PASSED] - verifyElementNotPresent: Web element with id: 'Object Repository/Page_Metafour User Login/div_Sorry login failed' located by 'By.xpath: //div[@id='customerrormessagediv']' is not present after '30' second(s)

2018-09-26 11:34:52 - [MESSAGE][WARNING] - Timeout '0' is invalid. Using default page load timeout: '30'

2018-09-26 11:34:52 - [MESSAGE][PASSED] - Web element with id: 'Object Repository/Page_Metafour User Login/div_Sorry login failed' located by 'By.xpath: //div[@id='customerrormessagediv']' is not present after '30' second(s)

2018-09-26 11:34:52 - [TEST_STEP][PASSED] - closeBrowser: Browser is closed

2018-09-26 11:34:53 - [MESSAGE][PASSED] - Browser is closed]]></system-out>
         <system-err><![CDATA[]]></system-err>
      </testcase>
      <testcase name="Test Cases/nc_bo_login-test" classname="Test Cases/nc_bo_login-test" status="PASSED">
         <system-out><![CDATA[2018-09-26 11:34:53 - [TEST_CASE][PASSED] - Test Cases/nc_bo_login-test: Test Cases/nc_bo_login-test

2018-09-26 11:34:53 - [TEST_STEP][PASSED] - openBrowser: Browser is opened with url: 'https://shard.netcourier.net/netcourier-data/'

2018-09-26 11:35:01 - [MESSAGE][PASSED] - Browser is opened with url: 'https://shard.netcourier.net/netcourier-data/'

2018-09-26 11:35:01 - [TEST_STEP][PASSED] - navigateToUrl: Navigate to 'https://shard.netcourier.net/netcourier-data/' successfully

2018-09-26 11:35:03 - [MESSAGE][PASSED] - Navigate to 'https://shard.netcourier.net/netcourier-data/' successfully

2018-09-26 11:35:03 - [TEST_STEP][PASSED] - setText: Text 'srd' is set on object 'Object Repository/Page_Metafour User Login/input_Login_access_code'

2018-09-26 11:35:06 - [MESSAGE][PASSED] - Text 'srd' is set on object 'Object Repository/Page_Metafour User Login/input_Login_access_code'

2018-09-26 11:35:06 - [TEST_STEP][PASSED] - setText: Text 'admin' is set on object 'Object Repository/Page_Metafour User Login/input_Login_login'

2018-09-26 11:35:06 - [MESSAGE][PASSED] - Text 'admin' is set on object 'Object Repository/Page_Metafour User Login/input_Login_login'

2018-09-26 11:35:06 - [TEST_STEP][PASSED] - setText: Text 'qtsrd111u' is set on object 'Object Repository/Page_Metafour User Login/input_Login_j_password'

2018-09-26 11:35:06 - [MESSAGE][PASSED] - Text 'qtsrd111u' is set on object 'Object Repository/Page_Metafour User Login/input_Login_j_password'

2018-09-26 11:35:06 - [TEST_STEP][PASSED] - click: Object: 'Object Repository/Page_Metafour User Login/button_Sign in' is clicked on

2018-09-26 11:35:10 - [MESSAGE][PASSED] - Object: 'Object Repository/Page_Metafour User Login/button_Sign in' is clicked on

2018-09-26 11:35:10 - [TEST_STEP][PASSED] - delay: Delayed 3 second(s)

2018-09-26 11:35:13 - [MESSAGE][PASSED] - Delayed 3 second(s)

2018-09-26 11:35:13 - [TEST_STEP][PASSED] - verifyElementNotPresent: Web element with id: 'Object Repository/Page_Metafour User Login/div_Sorry login failed' located by 'By.xpath: //div[@id='customerrormessagediv']' is not present after '30' second(s)

2018-09-26 11:35:13 - [MESSAGE][WARNING] - Timeout '0' is invalid. Using default page load timeout: '30'

2018-09-26 11:35:13 - [MESSAGE][PASSED] - Web element with id: 'Object Repository/Page_Metafour User Login/div_Sorry login failed' located by 'By.xpath: //div[@id='customerrormessagediv']' is not present after '30' second(s)

2018-09-26 11:35:13 - [TEST_STEP][PASSED] - closeBrowser: Browser is closed

2018-09-26 11:35:13 - [MESSAGE][PASSED] - Browser is closed]]></system-out>
         <system-err><![CDATA[]]></system-err>
      </testcase>
      <testcase name="Test Cases/nc_bo_login-test" classname="Test Cases/nc_bo_login-test" status="PASSED">
         <system-out><![CDATA[2018-09-26 11:35:13 - [TEST_CASE][PASSED] - Test Cases/nc_bo_login-test: Test Cases/nc_bo_login-test

2018-09-26 11:35:13 - [TEST_STEP][PASSED] - openBrowser: Browser is opened with url: 'https://tde.netcourier.net/netcourier-data/'

2018-09-26 11:35:19 - [MESSAGE][PASSED] - Browser is opened with url: 'https://tde.netcourier.net/netcourier-data/'

2018-09-26 11:35:19 - [TEST_STEP][PASSED] - navigateToUrl: Navigate to 'https://tde.netcourier.net/netcourier-data/' successfully

2018-09-26 11:35:22 - [MESSAGE][PASSED] - Navigate to 'https://tde.netcourier.net/netcourier-data/' successfully

2018-09-26 11:35:22 - [TEST_STEP][PASSED] - setText: Text 'tde' is set on object 'Object Repository/Page_Metafour User Login/input_Login_access_code'

2018-09-26 11:35:26 - [MESSAGE][PASSED] - Text 'tde' is set on object 'Object Repository/Page_Metafour User Login/input_Login_access_code'

2018-09-26 11:35:26 - [TEST_STEP][PASSED] - setText: Text 'admin' is set on object 'Object Repository/Page_Metafour User Login/input_Login_login'

2018-09-26 11:35:26 - [MESSAGE][PASSED] - Text 'admin' is set on object 'Object Repository/Page_Metafour User Login/input_Login_login'

2018-09-26 11:35:26 - [TEST_STEP][PASSED] - setText: Text 'qttde177u' is set on object 'Object Repository/Page_Metafour User Login/input_Login_j_password'

2018-09-26 11:35:26 - [MESSAGE][PASSED] - Text 'qttde177u' is set on object 'Object Repository/Page_Metafour User Login/input_Login_j_password'

2018-09-26 11:35:26 - [TEST_STEP][PASSED] - click: Object: 'Object Repository/Page_Metafour User Login/button_Sign in' is clicked on

2018-09-26 11:35:30 - [MESSAGE][PASSED] - Object: 'Object Repository/Page_Metafour User Login/button_Sign in' is clicked on

2018-09-26 11:35:30 - [TEST_STEP][PASSED] - delay: Delayed 3 second(s)

2018-09-26 11:35:33 - [MESSAGE][PASSED] - Delayed 3 second(s)

2018-09-26 11:35:33 - [TEST_STEP][PASSED] - verifyElementNotPresent: Web element with id: 'Object Repository/Page_Metafour User Login/div_Sorry login failed' located by 'By.xpath: //div[@id='customerrormessagediv']' is not present after '30' second(s)

2018-09-26 11:35:33 - [MESSAGE][WARNING] - Timeout '0' is invalid. Using default page load timeout: '30'

2018-09-26 11:35:33 - [MESSAGE][PASSED] - Web element with id: 'Object Repository/Page_Metafour User Login/div_Sorry login failed' located by 'By.xpath: //div[@id='customerrormessagediv']' is not present after '30' second(s)

2018-09-26 11:35:33 - [TEST_STEP][PASSED] - closeBrowser: Browser is closed

2018-09-26 11:35:33 - [MESSAGE][PASSED] - Browser is closed]]></system-out>
         <system-err><![CDATA[]]></system-err>
      </testcase>
      <testcase name="Test Cases/nc_bo_login-test" classname="Test Cases/nc_bo_login-test" status="PASSED">
         <system-out><![CDATA[2018-09-26 11:35:33 - [TEST_CASE][PASSED] - Test Cases/nc_bo_login-test: Test Cases/nc_bo_login-test

2018-09-26 11:35:33 - [TEST_STEP][PASSED] - openBrowser: Browser is opened with url: 'https://titan.netcourier.net/netcourier-data/'

2018-09-26 11:35:39 - [MESSAGE][PASSED] - Browser is opened with url: 'https://titan.netcourier.net/netcourier-data/'

2018-09-26 11:35:39 - [TEST_STEP][PASSED] - navigateToUrl: Navigate to 'https://titan.netcourier.net/netcourier-data/' successfully

2018-09-26 11:35:41 - [MESSAGE][PASSED] - Navigate to 'https://titan.netcourier.net/netcourier-data/' successfully

2018-09-26 11:35:41 - [TEST_STEP][PASSED] - setText: Text 'ttn' is set on object 'Object Repository/Page_Metafour User Login/input_Login_access_code'

2018-09-26 11:35:45 - [MESSAGE][PASSED] - Text 'ttn' is set on object 'Object Repository/Page_Metafour User Login/input_Login_access_code'

2018-09-26 11:35:45 - [TEST_STEP][PASSED] - setText: Text 'admin' is set on object 'Object Repository/Page_Metafour User Login/input_Login_login'

2018-09-26 11:35:45 - [MESSAGE][PASSED] - Text 'admin' is set on object 'Object Repository/Page_Metafour User Login/input_Login_login'

2018-09-26 11:35:45 - [TEST_STEP][PASSED] - setText: Text 'qtttn119u' is set on object 'Object Repository/Page_Metafour User Login/input_Login_j_password'

2018-09-26 11:35:45 - [MESSAGE][PASSED] - Text 'qtttn119u' is set on object 'Object Repository/Page_Metafour User Login/input_Login_j_password'

2018-09-26 11:35:45 - [TEST_STEP][PASSED] - click: Object: 'Object Repository/Page_Metafour User Login/button_Sign in' is clicked on

2018-09-26 11:35:48 - [MESSAGE][PASSED] - Object: 'Object Repository/Page_Metafour User Login/button_Sign in' is clicked on

2018-09-26 11:35:48 - [TEST_STEP][PASSED] - delay: Delayed 3 second(s)

2018-09-26 11:35:51 - [MESSAGE][PASSED] - Delayed 3 second(s)

2018-09-26 11:35:51 - [TEST_STEP][PASSED] - verifyElementNotPresent: Web element with id: 'Object Repository/Page_Metafour User Login/div_Sorry login failed' located by 'By.xpath: //div[@id='customerrormessagediv']' is not present after '30' second(s)

2018-09-26 11:35:51 - [MESSAGE][WARNING] - Timeout '0' is invalid. Using default page load timeout: '30'

2018-09-26 11:35:51 - [MESSAGE][PASSED] - Web element with id: 'Object Repository/Page_Metafour User Login/div_Sorry login failed' located by 'By.xpath: //div[@id='customerrormessagediv']' is not present after '30' second(s)

2018-09-26 11:35:51 - [TEST_STEP][PASSED] - closeBrowser: Browser is closed

2018-09-26 11:35:51 - [MESSAGE][PASSED] - Browser is closed]]></system-out>
         <system-err><![CDATA[]]></system-err>
      </testcase>
      <testcase name="Test Cases/nc_bo_login-test" classname="Test Cases/nc_bo_login-test" status="PASSED">
         <system-out><![CDATA[2018-09-26 11:35:51 - [TEST_CASE][PASSED] - Test Cases/nc_bo_login-test: Test Cases/nc_bo_login-test

2018-09-26 11:35:51 - [TEST_STEP][PASSED] - openBrowser: Browser is opened with url: 'https://topflight.netcourier.net/netcourier-data/'

2018-09-26 11:35:57 - [MESSAGE][PASSED] - Browser is opened with url: 'https://topflight.netcourier.net/netcourier-data/'

2018-09-26 11:35:57 - [TEST_STEP][PASSED] - navigateToUrl: Navigate to 'https://topflight.netcourier.net/netcourier-data/' successfully

2018-09-26 11:36:00 - [MESSAGE][PASSED] - Navigate to 'https://topflight.netcourier.net/netcourier-data/' successfully

2018-09-26 11:36:00 - [TEST_STEP][PASSED] - setText: Text 'top' is set on object 'Object Repository/Page_Metafour User Login/input_Login_access_code'

2018-09-26 11:36:11 - [MESSAGE][PASSED] - Text 'top' is set on object 'Object Repository/Page_Metafour User Login/input_Login_access_code'

2018-09-26 11:36:11 - [TEST_STEP][PASSED] - setText: Text 'admin' is set on object 'Object Repository/Page_Metafour User Login/input_Login_login'

2018-09-26 11:36:11 - [MESSAGE][PASSED] - Text 'admin' is set on object 'Object Repository/Page_Metafour User Login/input_Login_login'

2018-09-26 11:36:11 - [TEST_STEP][PASSED] - setText: Text 'qttop095u' is set on object 'Object Repository/Page_Metafour User Login/input_Login_j_password'

2018-09-26 11:36:11 - [MESSAGE][PASSED] - Text 'qttop095u' is set on object 'Object Repository/Page_Metafour User Login/input_Login_j_password'

2018-09-26 11:36:11 - [TEST_STEP][PASSED] - click: Object: 'Object Repository/Page_Metafour User Login/button_Sign in' is clicked on

2018-09-26 11:36:14 - [MESSAGE][PASSED] - Object: 'Object Repository/Page_Metafour User Login/button_Sign in' is clicked on

2018-09-26 11:36:14 - [TEST_STEP][PASSED] - delay: Delayed 3 second(s)

2018-09-26 11:36:17 - [MESSAGE][PASSED] - Delayed 3 second(s)

2018-09-26 11:36:17 - [TEST_STEP][PASSED] - verifyElementNotPresent: Web element with id: 'Object Repository/Page_Metafour User Login/div_Sorry login failed' located by 'By.xpath: //div[@id='customerrormessagediv']' is not present after '30' second(s)

2018-09-26 11:36:17 - [MESSAGE][WARNING] - Timeout '0' is invalid. Using default page load timeout: '30'

2018-09-26 11:36:17 - [MESSAGE][PASSED] - Web element with id: 'Object Repository/Page_Metafour User Login/div_Sorry login failed' located by 'By.xpath: //div[@id='customerrormessagediv']' is not present after '30' second(s)

2018-09-26 11:36:17 - [TEST_STEP][PASSED] - closeBrowser: Browser is closed

2018-09-26 11:36:18 - [MESSAGE][PASSED] - Browser is closed]]></system-out>
         <system-err><![CDATA[]]></system-err>
      </testcase>
      <testcase name="Test Cases/nc_bo_login-test" classname="Test Cases/nc_bo_login-test" status="PASSED">
         <system-out><![CDATA[2018-09-26 11:36:18 - [TEST_CASE][PASSED] - Test Cases/nc_bo_login-test: Test Cases/nc_bo_login-test

2018-09-26 11:36:18 - [TEST_STEP][PASSED] - openBrowser: Browser is opened with url: 'http://transworld.netcourier.net/netcourier-data/'

2018-09-26 11:36:26 - [MESSAGE][PASSED] - Browser is opened with url: 'http://transworld.netcourier.net/netcourier-data/'

2018-09-26 11:36:26 - [TEST_STEP][PASSED] - navigateToUrl: Navigate to 'http://transworld.netcourier.net/netcourier-data/' successfully

2018-09-26 11:36:28 - [MESSAGE][PASSED] - Navigate to 'http://transworld.netcourier.net/netcourier-data/' successfully

2018-09-26 11:36:28 - [TEST_STEP][PASSED] - setText: Text 'sic' is set on object 'Object Repository/Page_Metafour User Login/input_Login_access_code'

2018-09-26 11:36:32 - [MESSAGE][PASSED] - Text 'sic' is set on object 'Object Repository/Page_Metafour User Login/input_Login_access_code'

2018-09-26 11:36:32 - [TEST_STEP][PASSED] - setText: Text 'admin' is set on object 'Object Repository/Page_Metafour User Login/input_Login_login'

2018-09-26 11:36:32 - [MESSAGE][PASSED] - Text 'admin' is set on object 'Object Repository/Page_Metafour User Login/input_Login_login'

2018-09-26 11:36:32 - [TEST_STEP][PASSED] - setText: Text 'qtsic083u' is set on object 'Object Repository/Page_Metafour User Login/input_Login_j_password'

2018-09-26 11:36:32 - [MESSAGE][PASSED] - Text 'qtsic083u' is set on object 'Object Repository/Page_Metafour User Login/input_Login_j_password'

2018-09-26 11:36:32 - [TEST_STEP][PASSED] - click: Object: 'Object Repository/Page_Metafour User Login/button_Sign in' is clicked on

2018-09-26 11:36:36 - [MESSAGE][PASSED] - Object: 'Object Repository/Page_Metafour User Login/button_Sign in' is clicked on

2018-09-26 11:36:36 - [TEST_STEP][PASSED] - delay: Delayed 3 second(s)

2018-09-26 11:36:39 - [MESSAGE][PASSED] - Delayed 3 second(s)

2018-09-26 11:36:39 - [TEST_STEP][PASSED] - verifyElementNotPresent: Web element with id: 'Object Repository/Page_Metafour User Login/div_Sorry login failed' located by 'By.xpath: //div[@id='customerrormessagediv']' is not present after '30' second(s)

2018-09-26 11:36:39 - [MESSAGE][WARNING] - Timeout '0' is invalid. Using default page load timeout: '30'

2018-09-26 11:36:39 - [MESSAGE][PASSED] - Web element with id: 'Object Repository/Page_Metafour User Login/div_Sorry login failed' located by 'By.xpath: //div[@id='customerrormessagediv']' is not present after '30' second(s)

2018-09-26 11:36:39 - [TEST_STEP][PASSED] - closeBrowser: Browser is closed

2018-09-26 11:36:39 - [MESSAGE][PASSED] - Browser is closed]]></system-out>
         <system-err><![CDATA[]]></system-err>
      </testcase>
      <testcase name="Test Cases/nc_bo_login-test" classname="Test Cases/nc_bo_login-test" status="PASSED">
         <system-out><![CDATA[2018-09-26 11:36:39 - [TEST_CASE][PASSED] - Test Cases/nc_bo_login-test: Test Cases/nc_bo_login-test

2018-09-26 11:36:39 - [TEST_STEP][PASSED] - openBrowser: Browser is opened with url: 'https://ag.metafour.com/netcourier-data/'

2018-09-26 11:36:46 - [MESSAGE][PASSED] - Browser is opened with url: 'https://ag.metafour.com/netcourier-data/'

2018-09-26 11:36:46 - [TEST_STEP][PASSED] - navigateToUrl: Navigate to 'https://ag.metafour.com/netcourier-data/' successfully

2018-09-26 11:36:48 - [MESSAGE][PASSED] - Navigate to 'https://ag.metafour.com/netcourier-data/' successfully

2018-09-26 11:36:48 - [TEST_STEP][PASSED] - setText: Text 'adg' is set on object 'Object Repository/Page_Metafour User Login/input_Login_access_code'

2018-09-26 11:36:51 - [MESSAGE][PASSED] - Text 'adg' is set on object 'Object Repository/Page_Metafour User Login/input_Login_access_code'

2018-09-26 11:36:51 - [TEST_STEP][PASSED] - setText: Text 'admin' is set on object 'Object Repository/Page_Metafour User Login/input_Login_login'

2018-09-26 11:36:51 - [MESSAGE][PASSED] - Text 'admin' is set on object 'Object Repository/Page_Metafour User Login/input_Login_login'

2018-09-26 11:36:51 - [TEST_STEP][PASSED] - setText: Text 'qtadg302u' is set on object 'Object Repository/Page_Metafour User Login/input_Login_j_password'

2018-09-26 11:36:51 - [MESSAGE][PASSED] - Text 'qtadg302u' is set on object 'Object Repository/Page_Metafour User Login/input_Login_j_password'

2018-09-26 11:36:51 - [TEST_STEP][PASSED] - click: Object: 'Object Repository/Page_Metafour User Login/button_Sign in' is clicked on

2018-09-26 11:36:55 - [MESSAGE][PASSED] - Object: 'Object Repository/Page_Metafour User Login/button_Sign in' is clicked on

2018-09-26 11:36:55 - [TEST_STEP][PASSED] - delay: Delayed 3 second(s)

2018-09-26 11:36:58 - [MESSAGE][PASSED] - Delayed 3 second(s)

2018-09-26 11:36:58 - [TEST_STEP][PASSED] - verifyElementNotPresent: Web element with id: 'Object Repository/Page_Metafour User Login/div_Sorry login failed' located by 'By.xpath: //div[@id='customerrormessagediv']' is not present after '30' second(s)

2018-09-26 11:36:58 - [MESSAGE][WARNING] - Timeout '0' is invalid. Using default page load timeout: '30'

2018-09-26 11:36:58 - [MESSAGE][PASSED] - Web element with id: 'Object Repository/Page_Metafour User Login/div_Sorry login failed' located by 'By.xpath: //div[@id='customerrormessagediv']' is not present after '30' second(s)

2018-09-26 11:36:58 - [TEST_STEP][PASSED] - closeBrowser: Browser is closed

2018-09-26 11:36:59 - [MESSAGE][PASSED] - Browser is closed]]></system-out>
         <system-err><![CDATA[]]></system-err>
      </testcase>
      <testcase name="Test Cases/nc_bo_login-test" classname="Test Cases/nc_bo_login-test" status="PASSED">
         <system-out><![CDATA[2018-09-26 11:36:59 - [TEST_CASE][PASSED] - Test Cases/nc_bo_login-test: Test Cases/nc_bo_login-test

2018-09-26 11:36:59 - [TEST_STEP][PASSED] - openBrowser: Browser is opened with url: 'https://bartshealth.metafour.com/netcourier-data/'

2018-09-26 11:37:04 - [MESSAGE][PASSED] - Browser is opened with url: 'https://bartshealth.metafour.com/netcourier-data/'

2018-09-26 11:37:04 - [TEST_STEP][PASSED] - navigateToUrl: Navigate to 'https://bartshealth.metafour.com/netcourier-data/' successfully

2018-09-26 11:37:07 - [MESSAGE][PASSED] - Navigate to 'https://bartshealth.metafour.com/netcourier-data/' successfully

2018-09-26 11:37:07 - [TEST_STEP][PASSED] - setText: Text 'brt' is set on object 'Object Repository/Page_Metafour User Login/input_Login_access_code'

2018-09-26 11:37:10 - [MESSAGE][PASSED] - Text 'brt' is set on object 'Object Repository/Page_Metafour User Login/input_Login_access_code'

2018-09-26 11:37:10 - [TEST_STEP][PASSED] - setText: Text 'admin' is set on object 'Object Repository/Page_Metafour User Login/input_Login_login'

2018-09-26 11:37:10 - [MESSAGE][PASSED] - Text 'admin' is set on object 'Object Repository/Page_Metafour User Login/input_Login_login'

2018-09-26 11:37:10 - [TEST_STEP][PASSED] - setText: Text 'qtbrt524u' is set on object 'Object Repository/Page_Metafour User Login/input_Login_j_password'

2018-09-26 11:37:10 - [MESSAGE][PASSED] - Text 'qtbrt524u' is set on object 'Object Repository/Page_Metafour User Login/input_Login_j_password'

2018-09-26 11:37:10 - [TEST_STEP][PASSED] - click: Object: 'Object Repository/Page_Metafour User Login/button_Sign in' is clicked on

2018-09-26 11:37:13 - [MESSAGE][PASSED] - Object: 'Object Repository/Page_Metafour User Login/button_Sign in' is clicked on

2018-09-26 11:37:13 - [TEST_STEP][PASSED] - delay: Delayed 3 second(s)

2018-09-26 11:37:16 - [MESSAGE][PASSED] - Delayed 3 second(s)

2018-09-26 11:37:16 - [TEST_STEP][PASSED] - verifyElementNotPresent: Web element with id: 'Object Repository/Page_Metafour User Login/div_Sorry login failed' located by 'By.xpath: //div[@id='customerrormessagediv']' is not present after '30' second(s)

2018-09-26 11:37:16 - [MESSAGE][WARNING] - Timeout '0' is invalid. Using default page load timeout: '30'

2018-09-26 11:37:16 - [MESSAGE][PASSED] - Web element with id: 'Object Repository/Page_Metafour User Login/div_Sorry login failed' located by 'By.xpath: //div[@id='customerrormessagediv']' is not present after '30' second(s)

2018-09-26 11:37:16 - [TEST_STEP][PASSED] - closeBrowser: Browser is closed

2018-09-26 11:37:16 - [MESSAGE][PASSED] - Browser is closed]]></system-out>
         <system-err><![CDATA[]]></system-err>
      </testcase>
      <testcase name="Test Cases/nc_bo_login-test" classname="Test Cases/nc_bo_login-test" status="PASSED">
         <system-out><![CDATA[2018-09-26 11:37:16 - [TEST_CASE][PASSED] - Test Cases/nc_bo_login-test: Test Cases/nc_bo_login-test

2018-09-26 11:37:16 - [TEST_STEP][PASSED] - openBrowser: Browser is opened with url: 'https://bnym.metafour.com/netcourier-data/'

2018-09-26 11:37:26 - [MESSAGE][PASSED] - Browser is opened with url: 'https://bnym.metafour.com/netcourier-data/'

2018-09-26 11:37:26 - [TEST_STEP][PASSED] - navigateToUrl: Navigate to 'https://bnym.metafour.com/netcourier-data/' successfully

2018-09-26 11:37:29 - [MESSAGE][PASSED] - Navigate to 'https://bnym.metafour.com/netcourier-data/' successfully

2018-09-26 11:37:29 - [TEST_STEP][PASSED] - setText: Text 'bny' is set on object 'Object Repository/Page_Metafour User Login/input_Login_access_code'

2018-09-26 11:37:32 - [MESSAGE][PASSED] - Text 'bny' is set on object 'Object Repository/Page_Metafour User Login/input_Login_access_code'

2018-09-26 11:37:32 - [TEST_STEP][PASSED] - setText: Text 'admin' is set on object 'Object Repository/Page_Metafour User Login/input_Login_login'

2018-09-26 11:37:32 - [MESSAGE][PASSED] - Text 'admin' is set on object 'Object Repository/Page_Metafour User Login/input_Login_login'

2018-09-26 11:37:32 - [TEST_STEP][PASSED] - setText: Text 'qtbny720u' is set on object 'Object Repository/Page_Metafour User Login/input_Login_j_password'

2018-09-26 11:37:32 - [MESSAGE][PASSED] - Text 'qtbny720u' is set on object 'Object Repository/Page_Metafour User Login/input_Login_j_password'

2018-09-26 11:37:32 - [TEST_STEP][PASSED] - click: Object: 'Object Repository/Page_Metafour User Login/button_Sign in' is clicked on

2018-09-26 11:37:37 - [MESSAGE][PASSED] - Object: 'Object Repository/Page_Metafour User Login/button_Sign in' is clicked on

2018-09-26 11:37:37 - [TEST_STEP][PASSED] - delay: Delayed 3 second(s)

2018-09-26 11:37:40 - [MESSAGE][PASSED] - Delayed 3 second(s)

2018-09-26 11:37:40 - [TEST_STEP][PASSED] - verifyElementNotPresent: Web element with id: 'Object Repository/Page_Metafour User Login/div_Sorry login failed' located by 'By.xpath: //div[@id='customerrormessagediv']' is not present after '30' second(s)

2018-09-26 11:37:40 - [MESSAGE][WARNING] - Timeout '0' is invalid. Using default page load timeout: '30'

2018-09-26 11:37:40 - [MESSAGE][PASSED] - Web element with id: 'Object Repository/Page_Metafour User Login/div_Sorry login failed' located by 'By.xpath: //div[@id='customerrormessagediv']' is not present after '30' second(s)

2018-09-26 11:37:40 - [TEST_STEP][PASSED] - closeBrowser: Browser is closed

2018-09-26 11:37:40 - [MESSAGE][PASSED] - Browser is closed]]></system-out>
         <system-err><![CDATA[]]></system-err>
      </testcase>
      <testcase name="Test Cases/nc_bo_login-test" classname="Test Cases/nc_bo_login-test" status="PASSED">
         <system-out><![CDATA[2018-09-26 11:37:40 - [TEST_CASE][PASSED] - Test Cases/nc_bo_login-test: Test Cases/nc_bo_login-test

2018-09-26 11:37:40 - [TEST_STEP][PASSED] - openBrowser: Browser is opened with url: 'https://bp.metafour.com/netcourier-data/'

2018-09-26 11:37:50 - [MESSAGE][PASSED] - Browser is opened with url: 'https://bp.metafour.com/netcourier-data/'

2018-09-26 11:37:50 - [TEST_STEP][PASSED] - navigateToUrl: Navigate to 'https://bp.metafour.com/netcourier-data/' successfully

2018-09-26 11:37:52 - [MESSAGE][PASSED] - Navigate to 'https://bp.metafour.com/netcourier-data/' successfully

2018-09-26 11:37:52 - [TEST_STEP][PASSED] - setText: Text 'bpg' is set on object 'Object Repository/Page_Metafour User Login/input_Login_access_code'

2018-09-26 11:37:55 - [MESSAGE][PASSED] - Text 'bpg' is set on object 'Object Repository/Page_Metafour User Login/input_Login_access_code'

2018-09-26 11:37:55 - [TEST_STEP][PASSED] - setText: Text 'admin' is set on object 'Object Repository/Page_Metafour User Login/input_Login_login'

2018-09-26 11:37:56 - [MESSAGE][PASSED] - Text 'admin' is set on object 'Object Repository/Page_Metafour User Login/input_Login_login'

2018-09-26 11:37:56 - [TEST_STEP][PASSED] - setText: Text 'qtbpg715u' is set on object 'Object Repository/Page_Metafour User Login/input_Login_j_password'

2018-09-26 11:37:56 - [MESSAGE][PASSED] - Text 'qtbpg715u' is set on object 'Object Repository/Page_Metafour User Login/input_Login_j_password'

2018-09-26 11:37:56 - [TEST_STEP][PASSED] - click: Object: 'Object Repository/Page_Metafour User Login/button_Sign in' is clicked on

2018-09-26 11:37:59 - [MESSAGE][PASSED] - Object: 'Object Repository/Page_Metafour User Login/button_Sign in' is clicked on

2018-09-26 11:37:59 - [TEST_STEP][PASSED] - delay: Delayed 3 second(s)

2018-09-26 11:38:02 - [MESSAGE][PASSED] - Delayed 3 second(s)

2018-09-26 11:38:02 - [TEST_STEP][PASSED] - verifyElementNotPresent: Web element with id: 'Object Repository/Page_Metafour User Login/div_Sorry login failed' located by 'By.xpath: //div[@id='customerrormessagediv']' is not present after '30' second(s)

2018-09-26 11:38:02 - [MESSAGE][WARNING] - Timeout '0' is invalid. Using default page load timeout: '30'

2018-09-26 11:38:02 - [MESSAGE][PASSED] - Web element with id: 'Object Repository/Page_Metafour User Login/div_Sorry login failed' located by 'By.xpath: //div[@id='customerrormessagediv']' is not present after '30' second(s)

2018-09-26 11:38:02 - [TEST_STEP][PASSED] - closeBrowser: Browser is closed

2018-09-26 11:38:03 - [MESSAGE][PASSED] - Browser is closed]]></system-out>
         <system-err><![CDATA[]]></system-err>
      </testcase>
      <testcase name="Test Cases/nc_bo_login-test" classname="Test Cases/nc_bo_login-test" status="PASSED">
         <system-out><![CDATA[2018-09-26 11:38:03 - [TEST_CASE][PASSED] - Test Cases/nc_bo_login-test: Test Cases/nc_bo_login-test

2018-09-26 11:38:03 - [TEST_STEP][PASSED] - openBrowser: Browser is opened with url: 'https://bupa.metafour.com/netcourier-data/'

2018-09-26 11:38:09 - [MESSAGE][PASSED] - Browser is opened with url: 'https://bupa.metafour.com/netcourier-data/'

2018-09-26 11:38:09 - [TEST_STEP][PASSED] - navigateToUrl: Navigate to 'https://bupa.metafour.com/netcourier-data/' successfully

2018-09-26 11:38:11 - [MESSAGE][PASSED] - Navigate to 'https://bupa.metafour.com/netcourier-data/' successfully

2018-09-26 11:38:11 - [TEST_STEP][PASSED] - setText: Text 'bup' is set on object 'Object Repository/Page_Metafour User Login/input_Login_access_code'

2018-09-26 11:38:15 - [MESSAGE][PASSED] - Text 'bup' is set on object 'Object Repository/Page_Metafour User Login/input_Login_access_code'

2018-09-26 11:38:15 - [TEST_STEP][PASSED] - setText: Text 'admin' is set on object 'Object Repository/Page_Metafour User Login/input_Login_login'

2018-09-26 11:38:15 - [MESSAGE][PASSED] - Text 'admin' is set on object 'Object Repository/Page_Metafour User Login/input_Login_login'

2018-09-26 11:38:15 - [TEST_STEP][PASSED] - setText: Text 'qtbup635u' is set on object 'Object Repository/Page_Metafour User Login/input_Login_j_password'

2018-09-26 11:38:15 - [MESSAGE][PASSED] - Text 'qtbup635u' is set on object 'Object Repository/Page_Metafour User Login/input_Login_j_password'

2018-09-26 11:38:15 - [TEST_STEP][PASSED] - click: Object: 'Object Repository/Page_Metafour User Login/button_Sign in' is clicked on

2018-09-26 11:38:18 - [MESSAGE][PASSED] - Object: 'Object Repository/Page_Metafour User Login/button_Sign in' is clicked on

2018-09-26 11:38:18 - [TEST_STEP][PASSED] - delay: Delayed 3 second(s)

2018-09-26 11:38:21 - [MESSAGE][PASSED] - Delayed 3 second(s)

2018-09-26 11:38:21 - [TEST_STEP][PASSED] - verifyElementNotPresent: Web element with id: 'Object Repository/Page_Metafour User Login/div_Sorry login failed' located by 'By.xpath: //div[@id='customerrormessagediv']' is not present after '30' second(s)

2018-09-26 11:38:21 - [MESSAGE][WARNING] - Timeout '0' is invalid. Using default page load timeout: '30'

2018-09-26 11:38:21 - [MESSAGE][PASSED] - Web element with id: 'Object Repository/Page_Metafour User Login/div_Sorry login failed' located by 'By.xpath: //div[@id='customerrormessagediv']' is not present after '30' second(s)

2018-09-26 11:38:21 - [TEST_STEP][PASSED] - closeBrowser: Browser is closed

2018-09-26 11:38:21 - [MESSAGE][PASSED] - Browser is closed]]></system-out>
         <system-err><![CDATA[]]></system-err>
      </testcase>
      <testcase name="Test Cases/nc_bo_login-test" classname="Test Cases/nc_bo_login-test" status="PASSED">
         <system-out><![CDATA[2018-09-26 11:38:21 - [TEST_CASE][PASSED] - Test Cases/nc_bo_login-test: Test Cases/nc_bo_login-test

2018-09-26 11:38:21 - [TEST_STEP][PASSED] - openBrowser: Browser is opened with url: 'https://canon.metafour.com/netcourier-data/'

2018-09-26 11:38:27 - [MESSAGE][PASSED] - Browser is opened with url: 'https://canon.metafour.com/netcourier-data/'

2018-09-26 11:38:27 - [TEST_STEP][PASSED] - navigateToUrl: Navigate to 'https://canon.metafour.com/netcourier-data/' successfully

2018-09-26 11:38:30 - [MESSAGE][PASSED] - Navigate to 'https://canon.metafour.com/netcourier-data/' successfully

2018-09-26 11:38:30 - [TEST_STEP][PASSED] - setText: Text 'can' is set on object 'Object Repository/Page_Metafour User Login/input_Login_access_code'

2018-09-26 11:38:33 - [MESSAGE][PASSED] - Text 'can' is set on object 'Object Repository/Page_Metafour User Login/input_Login_access_code'

2018-09-26 11:38:33 - [TEST_STEP][PASSED] - setText: Text 'admin' is set on object 'Object Repository/Page_Metafour User Login/input_Login_login'

2018-09-26 11:38:33 - [MESSAGE][PASSED] - Text 'admin' is set on object 'Object Repository/Page_Metafour User Login/input_Login_login'

2018-09-26 11:38:33 - [TEST_STEP][PASSED] - setText: Text 'qtcan525u' is set on object 'Object Repository/Page_Metafour User Login/input_Login_j_password'

2018-09-26 11:38:33 - [MESSAGE][PASSED] - Text 'qtcan525u' is set on object 'Object Repository/Page_Metafour User Login/input_Login_j_password'

2018-09-26 11:38:33 - [TEST_STEP][PASSED] - click: Object: 'Object Repository/Page_Metafour User Login/button_Sign in' is clicked on

2018-09-26 11:38:36 - [MESSAGE][PASSED] - Object: 'Object Repository/Page_Metafour User Login/button_Sign in' is clicked on

2018-09-26 11:38:36 - [TEST_STEP][PASSED] - delay: Delayed 3 second(s)

2018-09-26 11:38:39 - [MESSAGE][PASSED] - Delayed 3 second(s)

2018-09-26 11:38:39 - [TEST_STEP][PASSED] - verifyElementNotPresent: Web element with id: 'Object Repository/Page_Metafour User Login/div_Sorry login failed' located by 'By.xpath: //div[@id='customerrormessagediv']' is not present after '30' second(s)

2018-09-26 11:38:39 - [MESSAGE][WARNING] - Timeout '0' is invalid. Using default page load timeout: '30'

2018-09-26 11:38:39 - [MESSAGE][PASSED] - Web element with id: 'Object Repository/Page_Metafour User Login/div_Sorry login failed' located by 'By.xpath: //div[@id='customerrormessagediv']' is not present after '30' second(s)

2018-09-26 11:38:39 - [TEST_STEP][PASSED] - closeBrowser: Browser is closed

2018-09-26 11:38:40 - [MESSAGE][PASSED] - Browser is closed]]></system-out>
         <system-err><![CDATA[]]></system-err>
      </testcase>
      <testcase name="Test Cases/nc_bo_login-test" classname="Test Cases/nc_bo_login-test" status="FAILED">
         <failure type="FAILED" message="(Stack trace: com.kms.katalon.core.exception.StepFailedException: Unable to set text 'crs' of object 'Object Repository/Page_Metafour User Login/input_Login_access_code' (Root cause: com.kms.katalon.core.webui.exception.WebElementNotFoundException: Web element with id: 'Object Repository/Page_Metafour User Login/input_Login_access_code' located by 'By.xpath: //input[@id='access_code']' not found)
	at com.kms.katalon.core.keyword.internal.KeywordMain.stepFailed(KeywordMain.groovy:36)
	at com.kms.katalon.core.webui.keyword.internal.WebUIKeywordMain.stepFailed(WebUIKeywordMain.groovy:65)
	at com.kms.katalon.core.webui.keyword.internal.WebUIKeywordMain.runKeyword(WebUIKeywordMain.groovy:27)
	at com.kms.katalon.core.webui.keyword.builtin.SetTextKeyword.setText(SetTextKeyword.groovy:65)
	at com.kms.katalon.core.webui.keyword.builtin.SetTextKeyword.execute(SetTextKeyword.groovy:37)
	at com.kms.katalon.core.keyword.internal.KeywordExecutor.executeKeywordForPlatform(KeywordExecutor.groovy:53)
	at com.kms.katalon.core.webui.keyword.WebUiBuiltInKeywords.setText(WebUiBuiltInKeywords.groovy:950)
	at com.kms.katalon.core.webui.keyword.WebUiBuiltInKeywords$setText$1.call(Unknown Source)
	at Script1537185514861.run(Script1537185514861.groovy:21)
	at com.kms.katalon.core.main.ScriptEngine.run(ScriptEngine.java:183)
	at com.kms.katalon.core.main.ScriptEngine.runScriptAsRawText(ScriptEngine.java:108)
	at com.kms.katalon.core.main.TestCaseExecutor.runScript(TestCaseExecutor.java:294)
	at com.kms.katalon.core.main.TestCaseExecutor.doExecute(TestCaseExecutor.java:285)
	at com.kms.katalon.core.main.TestCaseExecutor.processExecutionPhase(TestCaseExecutor.java:264)
	at com.kms.katalon.core.main.TestCaseExecutor.accessMainPhase(TestCaseExecutor.java:256)
	at com.kms.katalon.core.main.TestCaseExecutor.execute(TestCaseExecutor.java:200)
	at com.kms.katalon.core.main.TestSuiteExecutor.accessTestCaseMainPhase(TestSuiteExecutor.java:129)
	at com.kms.katalon.core.main.TestSuiteExecutor.accessTestSuiteMainPhase(TestSuiteExecutor.java:112)
	at com.kms.katalon.core.main.TestSuiteExecutor.execute(TestSuiteExecutor.java:81)
	at com.kms.katalon.core.main.TestCaseMain.startTestSuite(TestCaseMain.java:142)
	at com.kms.katalon.core.main.TestCaseMain$startTestSuite$0.call(Unknown Source)
	at org.codehaus.groovy.runtime.callsite.CallSiteArray.defaultCall(CallSiteArray.java:48)
	at org.codehaus.groovy.runtime.callsite.AbstractCallSite.call(AbstractCallSite.java:113)
	at org.codehaus.groovy.runtime.callsite.AbstractCallSite.call(AbstractCallSite.java:141)
	at TempTestSuite1537937721688.run(TempTestSuite1537937721688.groovy:36)
	at groovy.lang.GroovyShell.runScriptOrMainOrTestOrRunnable(GroovyShell.java:263)
	at groovy.lang.GroovyShell.run(GroovyShell.java:518)
	at groovy.lang.GroovyShell.run(GroovyShell.java:507)
	at groovy.ui.GroovyMain.processOnce(GroovyMain.java:653)
	at groovy.ui.GroovyMain.run(GroovyMain.java:384)
	at groovy.ui.GroovyMain.process(GroovyMain.java:370)
	at groovy.ui.GroovyMain.processArgs(GroovyMain.java:129)
	at groovy.ui.GroovyMain.main(GroovyMain.java:109)
	at sun.reflect.NativeMethodAccessorImpl.invoke0(Native Method)
	at sun.reflect.NativeMethodAccessorImpl.invoke(NativeMethodAccessorImpl.java:62)
	at sun.reflect.DelegatingMethodAccessorImpl.invoke(DelegatingMethodAccessorImpl.java:43)
	at java.lang.reflect.Method.invoke(Method.java:498)
	at org.codehaus.groovy.tools.GroovyStarter.rootLoader(GroovyStarter.java:109)
	at org.codehaus.groovy.tools.GroovyStarter.main(GroovyStarter.java:131)
)"/>
         <system-out><![CDATA[2018-09-26 11:38:40 - [TEST_CASE][FAILED] - Test Cases/nc_bo_login-test: Test Cases/nc_bo_login-test FAILED because (of) (Stack trace: com.kms.katalon.core.exception.StepFailedException: Unable to set text 'crs' of object 'Object Repository/Page_Metafour User Login/input_Login_access_code' (Root cause: com.kms.katalon.core.webui.exception.WebElementNotFoundException: Web element with id: 'Object Repository/Page_Metafour User Login/input_Login_access_code' located by 'By.xpath: //input[@id='access_code']' not found)
	at com.kms.katalon.core.keyword.internal.KeywordMain.stepFailed(KeywordMain.groovy:36)
	at com.kms.katalon.core.webui.keyword.internal.WebUIKeywordMain.stepFailed(WebUIKeywordMain.groovy:65)
	at com.kms.katalon.core.webui.keyword.internal.WebUIKeywordMain.runKeyword(WebUIKeywordMain.groovy:27)
	at com.kms.katalon.core.webui.keyword.builtin.SetTextKeyword.setText(SetTextKeyword.groovy:65)
	at com.kms.katalon.core.webui.keyword.builtin.SetTextKeyword.execute(SetTextKeyword.groovy:37)
	at com.kms.katalon.core.keyword.internal.KeywordExecutor.executeKeywordForPlatform(KeywordExecutor.groovy:53)
	at com.kms.katalon.core.webui.keyword.WebUiBuiltInKeywords.setText(WebUiBuiltInKeywords.groovy:950)
	at com.kms.katalon.core.webui.keyword.WebUiBuiltInKeywords$setText$1.call(Unknown Source)
	at Script1537185514861.run(Script1537185514861.groovy:21)
	at com.kms.katalon.core.main.ScriptEngine.run(ScriptEngine.java:183)
	at com.kms.katalon.core.main.ScriptEngine.runScriptAsRawText(ScriptEngine.java:108)
	at com.kms.katalon.core.main.TestCaseExecutor.runScript(TestCaseExecutor.java:294)
	at com.kms.katalon.core.main.TestCaseExecutor.doExecute(TestCaseExecutor.java:285)
	at com.kms.katalon.core.main.TestCaseExecutor.processExecutionPhase(TestCaseExecutor.java:264)
	at com.kms.katalon.core.main.TestCaseExecutor.accessMainPhase(TestCaseExecutor.java:256)
	at com.kms.katalon.core.main.TestCaseExecutor.execute(TestCaseExecutor.java:200)
	at com.kms.katalon.core.main.TestSuiteExecutor.accessTestCaseMainPhase(TestSuiteExecutor.java:129)
	at com.kms.katalon.core.main.TestSuiteExecutor.accessTestSuiteMainPhase(TestSuiteExecutor.java:112)
	at com.kms.katalon.core.main.TestSuiteExecutor.execute(TestSuiteExecutor.java:81)
	at com.kms.katalon.core.main.TestCaseMain.startTestSuite(TestCaseMain.java:142)
	at com.kms.katalon.core.main.TestCaseMain$startTestSuite$0.call(Unknown Source)
	at org.codehaus.groovy.runtime.callsite.CallSiteArray.defaultCall(CallSiteArray.java:48)
	at org.codehaus.groovy.runtime.callsite.AbstractCallSite.call(AbstractCallSite.java:113)
	at org.codehaus.groovy.runtime.callsite.AbstractCallSite.call(AbstractCallSite.java:141)
	at TempTestSuite1537937721688.run(TempTestSuite1537937721688.groovy:36)
	at groovy.lang.GroovyShell.runScriptOrMainOrTestOrRunnable(GroovyShell.java:263)
	at groovy.lang.GroovyShell.run(GroovyShell.java:518)
	at groovy.lang.GroovyShell.run(GroovyShell.java:507)
	at groovy.ui.GroovyMain.processOnce(GroovyMain.java:653)
	at groovy.ui.GroovyMain.run(GroovyMain.java:384)
	at groovy.ui.GroovyMain.process(GroovyMain.java:370)
	at groovy.ui.GroovyMain.processArgs(GroovyMain.java:129)
	at groovy.ui.GroovyMain.main(GroovyMain.java:109)
	at sun.reflect.NativeMethodAccessorImpl.invoke0(Native Method)
	at sun.reflect.NativeMethodAccessorImpl.invoke(NativeMethodAccessorImpl.java:62)
	at sun.reflect.DelegatingMethodAccessorImpl.invoke(DelegatingMethodAccessorImpl.java:43)
	at java.lang.reflect.Method.invoke(Method.java:498)
	at org.codehaus.groovy.tools.GroovyStarter.rootLoader(GroovyStarter.java:109)
	at org.codehaus.groovy.tools.GroovyStarter.main(GroovyStarter.java:131)
)

2018-09-26 11:38:40 - [TEST_STEP][PASSED] - openBrowser: Browser is opened with url: 'https://creditsuisse.metafour.com/netcourier-data/main'

2018-09-26 11:38:47 - [MESSAGE][PASSED] - Browser is opened with url: 'https://creditsuisse.metafour.com/netcourier-data/main'

2018-09-26 11:38:47 - [TEST_STEP][PASSED] - navigateToUrl: Navigate to 'https://creditsuisse.metafour.com/netcourier-data/main' successfully

2018-09-26 11:38:48 - [MESSAGE][PASSED] - Navigate to 'https://creditsuisse.metafour.com/netcourier-data/main' successfully

2018-09-26 11:38:48 - [TEST_STEP][FAILED] - setText: Unable to set text 'crs' of object 'Object Repository/Page_Metafour User Login/input_Login_access_code' (Root cause: com.kms.katalon.core.webui.exception.WebElementNotFoundException: Web element with id: 'Object Repository/Page_Metafour User Login/input_Login_access_code' located by 'By.xpath: //input[@id='access_code']' not found)

2018-09-26 11:39:20 - [MESSAGE][FAILED] - Unable to set text 'crs' of object 'Object Repository/Page_Metafour User Login/input_Login_access_code' (Root cause: com.kms.katalon.core.webui.exception.WebElementNotFoundException: Web element with id: 'Object Repository/Page_Metafour User Login/input_Login_access_code' located by 'By.xpath: //input[@id='access_code']' not found)
[[ATTACHMENT|C:\\Users\\mazha\\Katalon Studio\\m4-monitoring\\Reports\\nc-cp-bo-login-test-suit\\20180926_105521\\1537940360247.png]]]]></system-out>
         <system-err><![CDATA[2018-09-26 11:38:40 - [TEST_CASE][FAILED] - Test Cases/nc_bo_login-test: Test Cases/nc_bo_login-test FAILED because (of) (Stack trace: com.kms.katalon.core.exception.StepFailedException: Unable to set text 'crs' of object 'Object Repository/Page_Metafour User Login/input_Login_access_code' (Root cause: com.kms.katalon.core.webui.exception.WebElementNotFoundException: Web element with id: 'Object Repository/Page_Metafour User Login/input_Login_access_code' located by 'By.xpath: //input[@id='access_code']' not found)
	at com.kms.katalon.core.keyword.internal.KeywordMain.stepFailed(KeywordMain.groovy:36)
	at com.kms.katalon.core.webui.keyword.internal.WebUIKeywordMain.stepFailed(WebUIKeywordMain.groovy:65)
	at com.kms.katalon.core.webui.keyword.internal.WebUIKeywordMain.runKeyword(WebUIKeywordMain.groovy:27)
	at com.kms.katalon.core.webui.keyword.builtin.SetTextKeyword.setText(SetTextKeyword.groovy:65)
	at com.kms.katalon.core.webui.keyword.builtin.SetTextKeyword.execute(SetTextKeyword.groovy:37)
	at com.kms.katalon.core.keyword.internal.KeywordExecutor.executeKeywordForPlatform(KeywordExecutor.groovy:53)
	at com.kms.katalon.core.webui.keyword.WebUiBuiltInKeywords.setText(WebUiBuiltInKeywords.groovy:950)
	at com.kms.katalon.core.webui.keyword.WebUiBuiltInKeywords$setText$1.call(Unknown Source)
	at Script1537185514861.run(Script1537185514861.groovy:21)
	at com.kms.katalon.core.main.ScriptEngine.run(ScriptEngine.java:183)
	at com.kms.katalon.core.main.ScriptEngine.runScriptAsRawText(ScriptEngine.java:108)
	at com.kms.katalon.core.main.TestCaseExecutor.runScript(TestCaseExecutor.java:294)
	at com.kms.katalon.core.main.TestCaseExecutor.doExecute(TestCaseExecutor.java:285)
	at com.kms.katalon.core.main.TestCaseExecutor.processExecutionPhase(TestCaseExecutor.java:264)
	at com.kms.katalon.core.main.TestCaseExecutor.accessMainPhase(TestCaseExecutor.java:256)
	at com.kms.katalon.core.main.TestCaseExecutor.execute(TestCaseExecutor.java:200)
	at com.kms.katalon.core.main.TestSuiteExecutor.accessTestCaseMainPhase(TestSuiteExecutor.java:129)
	at com.kms.katalon.core.main.TestSuiteExecutor.accessTestSuiteMainPhase(TestSuiteExecutor.java:112)
	at com.kms.katalon.core.main.TestSuiteExecutor.execute(TestSuiteExecutor.java:81)
	at com.kms.katalon.core.main.TestCaseMain.startTestSuite(TestCaseMain.java:142)
	at com.kms.katalon.core.main.TestCaseMain$startTestSuite$0.call(Unknown Source)
	at org.codehaus.groovy.runtime.callsite.CallSiteArray.defaultCall(CallSiteArray.java:48)
	at org.codehaus.groovy.runtime.callsite.AbstractCallSite.call(AbstractCallSite.java:113)
	at org.codehaus.groovy.runtime.callsite.AbstractCallSite.call(AbstractCallSite.java:141)
	at TempTestSuite1537937721688.run(TempTestSuite1537937721688.groovy:36)
	at groovy.lang.GroovyShell.runScriptOrMainOrTestOrRunnable(GroovyShell.java:263)
	at groovy.lang.GroovyShell.run(GroovyShell.java:518)
	at groovy.lang.GroovyShell.run(GroovyShell.java:507)
	at groovy.ui.GroovyMain.processOnce(GroovyMain.java:653)
	at groovy.ui.GroovyMain.run(GroovyMain.java:384)
	at groovy.ui.GroovyMain.process(GroovyMain.java:370)
	at groovy.ui.GroovyMain.processArgs(GroovyMain.java:129)
	at groovy.ui.GroovyMain.main(GroovyMain.java:109)
	at sun.reflect.NativeMethodAccessorImpl.invoke0(Native Method)
	at sun.reflect.NativeMethodAccessorImpl.invoke(NativeMethodAccessorImpl.java:62)
	at sun.reflect.DelegatingMethodAccessorImpl.invoke(DelegatingMethodAccessorImpl.java:43)
	at java.lang.reflect.Method.invoke(Method.java:498)
	at org.codehaus.groovy.tools.GroovyStarter.rootLoader(GroovyStarter.java:109)
	at org.codehaus.groovy.tools.GroovyStarter.main(GroovyStarter.java:131)
)]]></system-err>
      </testcase>
      <testcase name="Test Cases/nc_bo_login-test" classname="Test Cases/nc_bo_login-test" status="PASSED">
         <system-out><![CDATA[2018-09-26 11:39:20 - [TEST_CASE][PASSED] - Test Cases/nc_bo_login-test: Test Cases/nc_bo_login-test

2018-09-26 11:39:20 - [TEST_STEP][PASSED] - openBrowser: Browser is opened with url: 'https://emirates.metafour.com/netcourier-data/'

2018-09-26 11:39:20 - [MESSAGE][WARNING] - A browser is already opened. Closing browser and opening a new one

2018-09-26 11:39:27 - [MESSAGE][PASSED] - Browser is opened with url: 'https://emirates.metafour.com/netcourier-data/'

2018-09-26 11:39:27 - [TEST_STEP][PASSED] - navigateToUrl: Navigate to 'https://emirates.metafour.com/netcourier-data/' successfully

2018-09-26 11:39:29 - [MESSAGE][PASSED] - Navigate to 'https://emirates.metafour.com/netcourier-data/' successfully

2018-09-26 11:39:29 - [TEST_STEP][PASSED] - setText: Text 'emr' is set on object 'Object Repository/Page_Metafour User Login/input_Login_access_code'

2018-09-26 11:39:32 - [MESSAGE][PASSED] - Text 'emr' is set on object 'Object Repository/Page_Metafour User Login/input_Login_access_code'

2018-09-26 11:39:32 - [TEST_STEP][PASSED] - setText: Text 'admin' is set on object 'Object Repository/Page_Metafour User Login/input_Login_login'

2018-09-26 11:39:32 - [MESSAGE][PASSED] - Text 'admin' is set on object 'Object Repository/Page_Metafour User Login/input_Login_login'

2018-09-26 11:39:32 - [TEST_STEP][PASSED] - setText: Text 'qtemr125u' is set on object 'Object Repository/Page_Metafour User Login/input_Login_j_password'

2018-09-26 11:39:32 - [MESSAGE][PASSED] - Text 'qtemr125u' is set on object 'Object Repository/Page_Metafour User Login/input_Login_j_password'

2018-09-26 11:39:32 - [TEST_STEP][PASSED] - click: Object: 'Object Repository/Page_Metafour User Login/button_Sign in' is clicked on

2018-09-26 11:39:36 - [MESSAGE][PASSED] - Object: 'Object Repository/Page_Metafour User Login/button_Sign in' is clicked on

2018-09-26 11:39:36 - [TEST_STEP][PASSED] - delay: Delayed 3 second(s)

2018-09-26 11:39:39 - [MESSAGE][PASSED] - Delayed 3 second(s)

2018-09-26 11:39:39 - [TEST_STEP][PASSED] - verifyElementNotPresent: Web element with id: 'Object Repository/Page_Metafour User Login/div_Sorry login failed' located by 'By.xpath: //div[@id='customerrormessagediv']' is not present after '30' second(s)

2018-09-26 11:39:39 - [MESSAGE][WARNING] - Timeout '0' is invalid. Using default page load timeout: '30'

2018-09-26 11:39:39 - [MESSAGE][PASSED] - Web element with id: 'Object Repository/Page_Metafour User Login/div_Sorry login failed' located by 'By.xpath: //div[@id='customerrormessagediv']' is not present after '30' second(s)

2018-09-26 11:39:39 - [TEST_STEP][PASSED] - closeBrowser: Browser is closed

2018-09-26 11:39:39 - [MESSAGE][PASSED] - Browser is closed]]></system-out>
         <system-err><![CDATA[]]></system-err>
      </testcase>
      <testcase name="Test Cases/nc_bo_login-test" classname="Test Cases/nc_bo_login-test" status="PASSED">
         <system-out><![CDATA[2018-09-26 11:39:39 - [TEST_CASE][PASSED] - Test Cases/nc_bo_login-test: Test Cases/nc_bo_login-test

2018-09-26 11:39:39 - [TEST_STEP][PASSED] - openBrowser: Browser is opened with url: 'https://hsbc.metafour.com/netcourier-data/'

2018-09-26 11:39:46 - [MESSAGE][PASSED] - Browser is opened with url: 'https://hsbc.metafour.com/netcourier-data/'

2018-09-26 11:39:46 - [TEST_STEP][PASSED] - navigateToUrl: Navigate to 'https://hsbc.metafour.com/netcourier-data/' successfully

2018-09-26 11:39:48 - [MESSAGE][PASSED] - Navigate to 'https://hsbc.metafour.com/netcourier-data/' successfully

2018-09-26 11:39:48 - [TEST_STEP][PASSED] - setText: Text 'hsb' is set on object 'Object Repository/Page_Metafour User Login/input_Login_access_code'

2018-09-26 11:39:51 - [MESSAGE][PASSED] - Text 'hsb' is set on object 'Object Repository/Page_Metafour User Login/input_Login_access_code'

2018-09-26 11:39:51 - [TEST_STEP][PASSED] - setText: Text 'admin' is set on object 'Object Repository/Page_Metafour User Login/input_Login_login'

2018-09-26 11:39:51 - [MESSAGE][PASSED] - Text 'admin' is set on object 'Object Repository/Page_Metafour User Login/input_Login_login'

2018-09-26 11:39:51 - [TEST_STEP][PASSED] - setText: Text 'qthsb472u' is set on object 'Object Repository/Page_Metafour User Login/input_Login_j_password'

2018-09-26 11:39:51 - [MESSAGE][PASSED] - Text 'qthsb472u' is set on object 'Object Repository/Page_Metafour User Login/input_Login_j_password'

2018-09-26 11:39:51 - [TEST_STEP][PASSED] - click: Object: 'Object Repository/Page_Metafour User Login/button_Sign in' is clicked on

2018-09-26 11:39:55 - [MESSAGE][PASSED] - Object: 'Object Repository/Page_Metafour User Login/button_Sign in' is clicked on

2018-09-26 11:39:55 - [TEST_STEP][PASSED] - delay: Delayed 3 second(s)

2018-09-26 11:39:58 - [MESSAGE][PASSED] - Delayed 3 second(s)

2018-09-26 11:39:58 - [TEST_STEP][PASSED] - verifyElementNotPresent: Web element with id: 'Object Repository/Page_Metafour User Login/div_Sorry login failed' located by 'By.xpath: //div[@id='customerrormessagediv']' is not present after '30' second(s)

2018-09-26 11:39:58 - [MESSAGE][WARNING] - Timeout '0' is invalid. Using default page load timeout: '30'

2018-09-26 11:39:58 - [MESSAGE][PASSED] - Web element with id: 'Object Repository/Page_Metafour User Login/div_Sorry login failed' located by 'By.xpath: //div[@id='customerrormessagediv']' is not present after '30' second(s)

2018-09-26 11:39:58 - [TEST_STEP][PASSED] - closeBrowser: Browser is closed

2018-09-26 11:39:59 - [MESSAGE][PASSED] - Browser is closed]]></system-out>
         <system-err><![CDATA[]]></system-err>
      </testcase>
      <testcase name="Test Cases/nc_bo_login-test" classname="Test Cases/nc_bo_login-test" status="PASSED">
         <system-out><![CDATA[2018-09-26 11:39:59 - [TEST_CASE][PASSED] - Test Cases/nc_bo_login-test: Test Cases/nc_bo_login-test

2018-09-26 11:39:59 - [TEST_STEP][PASSED] - openBrowser: Browser is opened with url: 'https://jdsports.metafour.com/netcourier-data/'

2018-09-26 11:40:05 - [MESSAGE][PASSED] - Browser is opened with url: 'https://jdsports.metafour.com/netcourier-data/'

2018-09-26 11:40:05 - [TEST_STEP][PASSED] - navigateToUrl: Navigate to 'https://jdsports.metafour.com/netcourier-data/' successfully

2018-09-26 11:40:07 - [MESSAGE][PASSED] - Navigate to 'https://jdsports.metafour.com/netcourier-data/' successfully

2018-09-26 11:40:07 - [TEST_STEP][PASSED] - setText: Text 'jds' is set on object 'Object Repository/Page_Metafour User Login/input_Login_access_code'

2018-09-26 11:40:10 - [MESSAGE][PASSED] - Text 'jds' is set on object 'Object Repository/Page_Metafour User Login/input_Login_access_code'

2018-09-26 11:40:10 - [TEST_STEP][PASSED] - setText: Text 'admin' is set on object 'Object Repository/Page_Metafour User Login/input_Login_login'

2018-09-26 11:40:10 - [MESSAGE][PASSED] - Text 'admin' is set on object 'Object Repository/Page_Metafour User Login/input_Login_login'

2018-09-26 11:40:10 - [TEST_STEP][PASSED] - setText: Text 'qtjds865u' is set on object 'Object Repository/Page_Metafour User Login/input_Login_j_password'

2018-09-26 11:40:11 - [MESSAGE][PASSED] - Text 'qtjds865u' is set on object 'Object Repository/Page_Metafour User Login/input_Login_j_password'

2018-09-26 11:40:11 - [TEST_STEP][PASSED] - click: Object: 'Object Repository/Page_Metafour User Login/button_Sign in' is clicked on

2018-09-26 11:40:14 - [MESSAGE][PASSED] - Object: 'Object Repository/Page_Metafour User Login/button_Sign in' is clicked on

2018-09-26 11:40:14 - [TEST_STEP][PASSED] - delay: Delayed 3 second(s)

2018-09-26 11:40:17 - [MESSAGE][PASSED] - Delayed 3 second(s)

2018-09-26 11:40:17 - [TEST_STEP][PASSED] - verifyElementNotPresent: Web element with id: 'Object Repository/Page_Metafour User Login/div_Sorry login failed' located by 'By.xpath: //div[@id='customerrormessagediv']' is not present after '30' second(s)

2018-09-26 11:40:17 - [MESSAGE][WARNING] - Timeout '0' is invalid. Using default page load timeout: '30'

2018-09-26 11:40:17 - [MESSAGE][PASSED] - Web element with id: 'Object Repository/Page_Metafour User Login/div_Sorry login failed' located by 'By.xpath: //div[@id='customerrormessagediv']' is not present after '30' second(s)

2018-09-26 11:40:17 - [TEST_STEP][PASSED] - closeBrowser: Browser is closed

2018-09-26 11:40:18 - [MESSAGE][PASSED] - Browser is closed]]></system-out>
         <system-err><![CDATA[]]></system-err>
      </testcase>
      <testcase name="Test Cases/nc_bo_login-test" classname="Test Cases/nc_bo_login-test" status="PASSED">
         <system-out><![CDATA[2018-09-26 11:40:18 - [TEST_CASE][PASSED] - Test Cases/nc_bo_login-test: Test Cases/nc_bo_login-test

2018-09-26 11:40:18 - [TEST_STEP][PASSED] - openBrowser: Browser is opened with url: 'https://kwm.metafour.com/netcourier-data/'

2018-09-26 11:40:24 - [MESSAGE][PASSED] - Browser is opened with url: 'https://kwm.metafour.com/netcourier-data/'

2018-09-26 11:40:24 - [TEST_STEP][PASSED] - navigateToUrl: Navigate to 'https://kwm.metafour.com/netcourier-data/' successfully

2018-09-26 11:40:26 - [MESSAGE][PASSED] - Navigate to 'https://kwm.metafour.com/netcourier-data/' successfully

2018-09-26 11:40:26 - [TEST_STEP][PASSED] - setText: Text 'kwm' is set on object 'Object Repository/Page_Metafour User Login/input_Login_access_code'

2018-09-26 11:40:29 - [MESSAGE][PASSED] - Text 'kwm' is set on object 'Object Repository/Page_Metafour User Login/input_Login_access_code'

2018-09-26 11:40:29 - [TEST_STEP][PASSED] - setText: Text 'admin' is set on object 'Object Repository/Page_Metafour User Login/input_Login_login'

2018-09-26 11:40:29 - [MESSAGE][PASSED] - Text 'admin' is set on object 'Object Repository/Page_Metafour User Login/input_Login_login'

2018-09-26 11:40:29 - [TEST_STEP][PASSED] - setText: Text 'qtkwm737u' is set on object 'Object Repository/Page_Metafour User Login/input_Login_j_password'

2018-09-26 11:40:30 - [MESSAGE][PASSED] - Text 'qtkwm737u' is set on object 'Object Repository/Page_Metafour User Login/input_Login_j_password'

2018-09-26 11:40:30 - [TEST_STEP][PASSED] - click: Object: 'Object Repository/Page_Metafour User Login/button_Sign in' is clicked on

2018-09-26 11:40:32 - [MESSAGE][PASSED] - Object: 'Object Repository/Page_Metafour User Login/button_Sign in' is clicked on

2018-09-26 11:40:32 - [TEST_STEP][PASSED] - delay: Delayed 3 second(s)

2018-09-26 11:40:35 - [MESSAGE][PASSED] - Delayed 3 second(s)

2018-09-26 11:40:35 - [TEST_STEP][PASSED] - verifyElementNotPresent: Web element with id: 'Object Repository/Page_Metafour User Login/div_Sorry login failed' located by 'By.xpath: //div[@id='customerrormessagediv']' is not present after '30' second(s)

2018-09-26 11:40:35 - [MESSAGE][WARNING] - Timeout '0' is invalid. Using default page load timeout: '30'

2018-09-26 11:40:36 - [MESSAGE][PASSED] - Web element with id: 'Object Repository/Page_Metafour User Login/div_Sorry login failed' located by 'By.xpath: //div[@id='customerrormessagediv']' is not present after '30' second(s)

2018-09-26 11:40:36 - [TEST_STEP][PASSED] - closeBrowser: Browser is closed

2018-09-26 11:40:36 - [MESSAGE][PASSED] - Browser is closed]]></system-out>
         <system-err><![CDATA[]]></system-err>
      </testcase>
      <testcase name="Test Cases/nc_bo_login-test" classname="Test Cases/nc_bo_login-test" status="PASSED">
         <system-out><![CDATA[2018-09-26 11:40:36 - [TEST_CASE][PASSED] - Test Cases/nc_bo_login-test: Test Cases/nc_bo_login-test

2018-09-26 11:40:36 - [TEST_STEP][PASSED] - openBrowser: Browser is opened with url: 'https://nbcu.metafour.com/netcourier-data/'

2018-09-26 11:40:42 - [MESSAGE][PASSED] - Browser is opened with url: 'https://nbcu.metafour.com/netcourier-data/'

2018-09-26 11:40:42 - [TEST_STEP][PASSED] - navigateToUrl: Navigate to 'https://nbcu.metafour.com/netcourier-data/' successfully

2018-09-26 11:40:45 - [MESSAGE][PASSED] - Navigate to 'https://nbcu.metafour.com/netcourier-data/' successfully

2018-09-26 11:40:45 - [TEST_STEP][PASSED] - setText: Text 'nbc' is set on object 'Object Repository/Page_Metafour User Login/input_Login_access_code'

2018-09-26 11:40:48 - [MESSAGE][PASSED] - Text 'nbc' is set on object 'Object Repository/Page_Metafour User Login/input_Login_access_code'

2018-09-26 11:40:48 - [TEST_STEP][PASSED] - setText: Text 'admin' is set on object 'Object Repository/Page_Metafour User Login/input_Login_login'

2018-09-26 11:40:48 - [MESSAGE][PASSED] - Text 'admin' is set on object 'Object Repository/Page_Metafour User Login/input_Login_login'

2018-09-26 11:40:48 - [TEST_STEP][PASSED] - setText: Text 'qtnbc725u' is set on object 'Object Repository/Page_Metafour User Login/input_Login_j_password'

2018-09-26 11:40:48 - [MESSAGE][PASSED] - Text 'qtnbc725u' is set on object 'Object Repository/Page_Metafour User Login/input_Login_j_password'

2018-09-26 11:40:48 - [TEST_STEP][PASSED] - click: Object: 'Object Repository/Page_Metafour User Login/button_Sign in' is clicked on

2018-09-26 11:40:51 - [MESSAGE][PASSED] - Object: 'Object Repository/Page_Metafour User Login/button_Sign in' is clicked on

2018-09-26 11:40:51 - [TEST_STEP][PASSED] - delay: Delayed 3 second(s)

2018-09-26 11:40:54 - [MESSAGE][PASSED] - Delayed 3 second(s)

2018-09-26 11:40:54 - [TEST_STEP][PASSED] - verifyElementNotPresent: Web element with id: 'Object Repository/Page_Metafour User Login/div_Sorry login failed' located by 'By.xpath: //div[@id='customerrormessagediv']' is not present after '30' second(s)

2018-09-26 11:40:54 - [MESSAGE][WARNING] - Timeout '0' is invalid. Using default page load timeout: '30'

2018-09-26 11:40:54 - [MESSAGE][PASSED] - Web element with id: 'Object Repository/Page_Metafour User Login/div_Sorry login failed' located by 'By.xpath: //div[@id='customerrormessagediv']' is not present after '30' second(s)

2018-09-26 11:40:54 - [TEST_STEP][PASSED] - closeBrowser: Browser is closed

2018-09-26 11:40:55 - [MESSAGE][PASSED] - Browser is closed]]></system-out>
         <system-err><![CDATA[]]></system-err>
      </testcase>
      <testcase name="Test Cases/nc_bo_login-test" classname="Test Cases/nc_bo_login-test" status="PASSED">
         <system-out><![CDATA[2018-09-26 11:40:55 - [TEST_CASE][PASSED] - Test Cases/nc_bo_login-test: Test Cases/nc_bo_login-test

2018-09-26 11:40:55 - [TEST_STEP][PASSED] - openBrowser: Browser is opened with url: 'https://newsint.metafour.com/netcourier-data/'

2018-09-26 11:41:01 - [MESSAGE][PASSED] - Browser is opened with url: 'https://newsint.metafour.com/netcourier-data/'

2018-09-26 11:41:01 - [TEST_STEP][PASSED] - navigateToUrl: Navigate to 'https://newsint.metafour.com/netcourier-data/' successfully

2018-09-26 11:41:04 - [MESSAGE][PASSED] - Navigate to 'https://newsint.metafour.com/netcourier-data/' successfully

2018-09-26 11:41:04 - [TEST_STEP][PASSED] - setText: Text 'nin' is set on object 'Object Repository/Page_Metafour User Login/input_Login_access_code'

2018-09-26 11:41:07 - [MESSAGE][PASSED] - Text 'nin' is set on object 'Object Repository/Page_Metafour User Login/input_Login_access_code'

2018-09-26 11:41:07 - [TEST_STEP][PASSED] - setText: Text 'admin' is set on object 'Object Repository/Page_Metafour User Login/input_Login_login'

2018-09-26 11:41:07 - [MESSAGE][PASSED] - Text 'admin' is set on object 'Object Repository/Page_Metafour User Login/input_Login_login'

2018-09-26 11:41:07 - [TEST_STEP][PASSED] - setText: Text 'qtnin588u' is set on object 'Object Repository/Page_Metafour User Login/input_Login_j_password'

2018-09-26 11:41:07 - [MESSAGE][PASSED] - Text 'qtnin588u' is set on object 'Object Repository/Page_Metafour User Login/input_Login_j_password'

2018-09-26 11:41:07 - [TEST_STEP][PASSED] - click: Object: 'Object Repository/Page_Metafour User Login/button_Sign in' is clicked on

2018-09-26 11:41:12 - [MESSAGE][PASSED] - Object: 'Object Repository/Page_Metafour User Login/button_Sign in' is clicked on

2018-09-26 11:41:12 - [TEST_STEP][PASSED] - delay: Delayed 3 second(s)

2018-09-26 11:41:15 - [MESSAGE][PASSED] - Delayed 3 second(s)

2018-09-26 11:41:15 - [TEST_STEP][PASSED] - verifyElementNotPresent: Web element with id: 'Object Repository/Page_Metafour User Login/div_Sorry login failed' located by 'By.xpath: //div[@id='customerrormessagediv']' is not present after '30' second(s)

2018-09-26 11:41:15 - [MESSAGE][WARNING] - Timeout '0' is invalid. Using default page load timeout: '30'

2018-09-26 11:41:15 - [MESSAGE][PASSED] - Web element with id: 'Object Repository/Page_Metafour User Login/div_Sorry login failed' located by 'By.xpath: //div[@id='customerrormessagediv']' is not present after '30' second(s)

2018-09-26 11:41:15 - [TEST_STEP][PASSED] - closeBrowser: Browser is closed

2018-09-26 11:41:15 - [MESSAGE][PASSED] - Browser is closed]]></system-out>
         <system-err><![CDATA[]]></system-err>
      </testcase>
      <testcase name="Test Cases/nc_bo_login-test" classname="Test Cases/nc_bo_login-test" status="PASSED">
         <system-out><![CDATA[2018-09-26 11:41:15 - [TEST_CASE][PASSED] - Test Cases/nc_bo_login-test: Test Cases/nc_bo_login-test

2018-09-26 11:41:15 - [TEST_STEP][PASSED] - openBrowser: Browser is opened with url: 'https://png.metafour.com/netcourier-data/'

2018-09-26 11:41:21 - [MESSAGE][PASSED] - Browser is opened with url: 'https://png.metafour.com/netcourier-data/'

2018-09-26 11:41:21 - [TEST_STEP][PASSED] - navigateToUrl: Navigate to 'https://png.metafour.com/netcourier-data/' successfully

2018-09-26 11:41:24 - [MESSAGE][PASSED] - Navigate to 'https://png.metafour.com/netcourier-data/' successfully

2018-09-26 11:41:24 - [TEST_STEP][PASSED] - setText: Text 'png' is set on object 'Object Repository/Page_Metafour User Login/input_Login_access_code'

2018-09-26 11:41:27 - [MESSAGE][PASSED] - Text 'png' is set on object 'Object Repository/Page_Metafour User Login/input_Login_access_code'

2018-09-26 11:41:27 - [TEST_STEP][PASSED] - setText: Text 'admin' is set on object 'Object Repository/Page_Metafour User Login/input_Login_login'

2018-09-26 11:41:27 - [MESSAGE][PASSED] - Text 'admin' is set on object 'Object Repository/Page_Metafour User Login/input_Login_login'

2018-09-26 11:41:27 - [TEST_STEP][PASSED] - setText: Text 'qtpng178u' is set on object 'Object Repository/Page_Metafour User Login/input_Login_j_password'

2018-09-26 11:41:27 - [MESSAGE][PASSED] - Text 'qtpng178u' is set on object 'Object Repository/Page_Metafour User Login/input_Login_j_password'

2018-09-26 11:41:27 - [TEST_STEP][PASSED] - click: Object: 'Object Repository/Page_Metafour User Login/button_Sign in' is clicked on

2018-09-26 11:41:30 - [MESSAGE][PASSED] - Object: 'Object Repository/Page_Metafour User Login/button_Sign in' is clicked on

2018-09-26 11:41:30 - [TEST_STEP][PASSED] - delay: Delayed 3 second(s)

2018-09-26 11:41:33 - [MESSAGE][PASSED] - Delayed 3 second(s)

2018-09-26 11:41:33 - [TEST_STEP][PASSED] - verifyElementNotPresent: Web element with id: 'Object Repository/Page_Metafour User Login/div_Sorry login failed' located by 'By.xpath: //div[@id='customerrormessagediv']' is not present after '30' second(s)

2018-09-26 11:41:33 - [MESSAGE][WARNING] - Timeout '0' is invalid. Using default page load timeout: '30'

2018-09-26 11:41:33 - [MESSAGE][PASSED] - Web element with id: 'Object Repository/Page_Metafour User Login/div_Sorry login failed' located by 'By.xpath: //div[@id='customerrormessagediv']' is not present after '30' second(s)

2018-09-26 11:41:33 - [TEST_STEP][PASSED] - closeBrowser: Browser is closed

2018-09-26 11:41:34 - [MESSAGE][PASSED] - Browser is closed]]></system-out>
         <system-err><![CDATA[]]></system-err>
      </testcase>
      <testcase name="Test Cases/nc_bo_login-test" classname="Test Cases/nc_bo_login-test" status="FAILED">
         <failure type="FAILED" message="(Stack trace: com.kms.katalon.core.exception.StepFailedException: Unable to verify object 'Object Repository/Page_Metafour User Login/div_Sorry login failed' is not present (Root cause: Web element with id: 'Object Repository/Page_Metafour User Login/div_Sorry login failed' located by 'By.xpath: //div[@id='customerrormessagediv']' is present after '30' second(s))
	at com.kms.katalon.core.keyword.internal.KeywordMain.stepFailed(KeywordMain.groovy:36)
	at com.kms.katalon.core.webui.keyword.internal.WebUIKeywordMain.stepFailed(WebUIKeywordMain.groovy:65)
	at com.kms.katalon.core.webui.keyword.internal.WebUIKeywordMain.runKeyword(WebUIKeywordMain.groovy:27)
	at com.kms.katalon.core.webui.keyword.builtin.VerifyElementNotPresentKeyword.verifyElementNotPresent(VerifyElementNotPresentKeyword.groovy:118)
	at com.kms.katalon.core.webui.keyword.builtin.VerifyElementNotPresentKeyword.execute(VerifyElementNotPresentKeyword.groovy:68)
	at com.kms.katalon.core.keyword.internal.KeywordExecutor.executeKeywordForPlatform(KeywordExecutor.groovy:53)
	at com.kms.katalon.core.webui.keyword.WebUiBuiltInKeywords.verifyElementNotPresent(WebUiBuiltInKeywords.groovy:1467)
	at com.kms.katalon.core.webui.keyword.WebUiBuiltInKeywords$verifyElementNotPresent$3.call(Unknown Source)
	at Script1537185514861.run(Script1537185514861.groovy:31)
	at com.kms.katalon.core.main.ScriptEngine.run(ScriptEngine.java:183)
	at com.kms.katalon.core.main.ScriptEngine.runScriptAsRawText(ScriptEngine.java:108)
	at com.kms.katalon.core.main.TestCaseExecutor.runScript(TestCaseExecutor.java:294)
	at com.kms.katalon.core.main.TestCaseExecutor.doExecute(TestCaseExecutor.java:285)
	at com.kms.katalon.core.main.TestCaseExecutor.processExecutionPhase(TestCaseExecutor.java:264)
	at com.kms.katalon.core.main.TestCaseExecutor.accessMainPhase(TestCaseExecutor.java:256)
	at com.kms.katalon.core.main.TestCaseExecutor.execute(TestCaseExecutor.java:200)
	at com.kms.katalon.core.main.TestSuiteExecutor.accessTestCaseMainPhase(TestSuiteExecutor.java:129)
	at com.kms.katalon.core.main.TestSuiteExecutor.accessTestSuiteMainPhase(TestSuiteExecutor.java:112)
	at com.kms.katalon.core.main.TestSuiteExecutor.execute(TestSuiteExecutor.java:81)
	at com.kms.katalon.core.main.TestCaseMain.startTestSuite(TestCaseMain.java:142)
	at com.kms.katalon.core.main.TestCaseMain$startTestSuite$0.call(Unknown Source)
	at org.codehaus.groovy.runtime.callsite.CallSiteArray.defaultCall(CallSiteArray.java:48)
	at org.codehaus.groovy.runtime.callsite.AbstractCallSite.call(AbstractCallSite.java:113)
	at org.codehaus.groovy.runtime.callsite.AbstractCallSite.call(AbstractCallSite.java:141)
	at TempTestSuite1537937721688.run(TempTestSuite1537937721688.groovy:36)
	at groovy.lang.GroovyShell.runScriptOrMainOrTestOrRunnable(GroovyShell.java:263)
	at groovy.lang.GroovyShell.run(GroovyShell.java:518)
	at groovy.lang.GroovyShell.run(GroovyShell.java:507)
	at groovy.ui.GroovyMain.processOnce(GroovyMain.java:653)
	at groovy.ui.GroovyMain.run(GroovyMain.java:384)
	at groovy.ui.GroovyMain.process(GroovyMain.java:370)
	at groovy.ui.GroovyMain.processArgs(GroovyMain.java:129)
	at groovy.ui.GroovyMain.main(GroovyMain.java:109)
	at sun.reflect.NativeMethodAccessorImpl.invoke0(Native Method)
	at sun.reflect.NativeMethodAccessorImpl.invoke(NativeMethodAccessorImpl.java:62)
	at sun.reflect.DelegatingMethodAccessorImpl.invoke(DelegatingMethodAccessorImpl.java:43)
	at java.lang.reflect.Method.invoke(Method.java:498)
	at org.codehaus.groovy.tools.GroovyStarter.rootLoader(GroovyStarter.java:109)
	at org.codehaus.groovy.tools.GroovyStarter.main(GroovyStarter.java:131)
)"/>
         <system-out><![CDATA[2018-09-26 11:41:34 - [TEST_CASE][FAILED] - Test Cases/nc_bo_login-test: Test Cases/nc_bo_login-test FAILED because (of) (Stack trace: com.kms.katalon.core.exception.StepFailedException: Unable to verify object 'Object Repository/Page_Metafour User Login/div_Sorry login failed' is not present (Root cause: Web element with id: 'Object Repository/Page_Metafour User Login/div_Sorry login failed' located by 'By.xpath: //div[@id='customerrormessagediv']' is present after '30' second(s))
	at com.kms.katalon.core.keyword.internal.KeywordMain.stepFailed(KeywordMain.groovy:36)
	at com.kms.katalon.core.webui.keyword.internal.WebUIKeywordMain.stepFailed(WebUIKeywordMain.groovy:65)
	at com.kms.katalon.core.webui.keyword.internal.WebUIKeywordMain.runKeyword(WebUIKeywordMain.groovy:27)
	at com.kms.katalon.core.webui.keyword.builtin.VerifyElementNotPresentKeyword.verifyElementNotPresent(VerifyElementNotPresentKeyword.groovy:118)
	at com.kms.katalon.core.webui.keyword.builtin.VerifyElementNotPresentKeyword.execute(VerifyElementNotPresentKeyword.groovy:68)
	at com.kms.katalon.core.keyword.internal.KeywordExecutor.executeKeywordForPlatform(KeywordExecutor.groovy:53)
	at com.kms.katalon.core.webui.keyword.WebUiBuiltInKeywords.verifyElementNotPresent(WebUiBuiltInKeywords.groovy:1467)
	at com.kms.katalon.core.webui.keyword.WebUiBuiltInKeywords$verifyElementNotPresent$3.call(Unknown Source)
	at Script1537185514861.run(Script1537185514861.groovy:31)
	at com.kms.katalon.core.main.ScriptEngine.run(ScriptEngine.java:183)
	at com.kms.katalon.core.main.ScriptEngine.runScriptAsRawText(ScriptEngine.java:108)
	at com.kms.katalon.core.main.TestCaseExecutor.runScript(TestCaseExecutor.java:294)
	at com.kms.katalon.core.main.TestCaseExecutor.doExecute(TestCaseExecutor.java:285)
	at com.kms.katalon.core.main.TestCaseExecutor.processExecutionPhase(TestCaseExecutor.java:264)
	at com.kms.katalon.core.main.TestCaseExecutor.accessMainPhase(TestCaseExecutor.java:256)
	at com.kms.katalon.core.main.TestCaseExecutor.execute(TestCaseExecutor.java:200)
	at com.kms.katalon.core.main.TestSuiteExecutor.accessTestCaseMainPhase(TestSuiteExecutor.java:129)
	at com.kms.katalon.core.main.TestSuiteExecutor.accessTestSuiteMainPhase(TestSuiteExecutor.java:112)
	at com.kms.katalon.core.main.TestSuiteExecutor.execute(TestSuiteExecutor.java:81)
	at com.kms.katalon.core.main.TestCaseMain.startTestSuite(TestCaseMain.java:142)
	at com.kms.katalon.core.main.TestCaseMain$startTestSuite$0.call(Unknown Source)
	at org.codehaus.groovy.runtime.callsite.CallSiteArray.defaultCall(CallSiteArray.java:48)
	at org.codehaus.groovy.runtime.callsite.AbstractCallSite.call(AbstractCallSite.java:113)
	at org.codehaus.groovy.runtime.callsite.AbstractCallSite.call(AbstractCallSite.java:141)
	at TempTestSuite1537937721688.run(TempTestSuite1537937721688.groovy:36)
	at groovy.lang.GroovyShell.runScriptOrMainOrTestOrRunnable(GroovyShell.java:263)
	at groovy.lang.GroovyShell.run(GroovyShell.java:518)
	at groovy.lang.GroovyShell.run(GroovyShell.java:507)
	at groovy.ui.GroovyMain.processOnce(GroovyMain.java:653)
	at groovy.ui.GroovyMain.run(GroovyMain.java:384)
	at groovy.ui.GroovyMain.process(GroovyMain.java:370)
	at groovy.ui.GroovyMain.processArgs(GroovyMain.java:129)
	at groovy.ui.GroovyMain.main(GroovyMain.java:109)
	at sun.reflect.NativeMethodAccessorImpl.invoke0(Native Method)
	at sun.reflect.NativeMethodAccessorImpl.invoke(NativeMethodAccessorImpl.java:62)
	at sun.reflect.DelegatingMethodAccessorImpl.invoke(DelegatingMethodAccessorImpl.java:43)
	at java.lang.reflect.Method.invoke(Method.java:498)
	at org.codehaus.groovy.tools.GroovyStarter.rootLoader(GroovyStarter.java:109)
	at org.codehaus.groovy.tools.GroovyStarter.main(GroovyStarter.java:131)
)

2018-09-26 11:41:34 - [TEST_STEP][PASSED] - openBrowser: Browser is opened with url: 'https://philips.metafour.com/netcourier-data/'

2018-09-26 11:41:40 - [MESSAGE][PASSED] - Browser is opened with url: 'https://philips.metafour.com/netcourier-data/'

2018-09-26 11:41:40 - [TEST_STEP][PASSED] - navigateToUrl: Navigate to 'https://philips.metafour.com/netcourier-data/' successfully

2018-09-26 11:41:43 - [MESSAGE][PASSED] - Navigate to 'https://philips.metafour.com/netcourier-data/' successfully

2018-09-26 11:41:43 - [TEST_STEP][PASSED] - setText: Text 'phl' is set on object 'Object Repository/Page_Metafour User Login/input_Login_access_code'

2018-09-26 11:41:46 - [MESSAGE][PASSED] - Text 'phl' is set on object 'Object Repository/Page_Metafour User Login/input_Login_access_code'

2018-09-26 11:41:46 - [TEST_STEP][PASSED] - setText: Text 'admin' is set on object 'Object Repository/Page_Metafour User Login/input_Login_login'

2018-09-26 11:41:46 - [MESSAGE][PASSED] - Text 'admin' is set on object 'Object Repository/Page_Metafour User Login/input_Login_login'

2018-09-26 11:41:46 - [TEST_STEP][PASSED] - setText: Text 'qtphl888u' is set on object 'Object Repository/Page_Metafour User Login/input_Login_j_password'

2018-09-26 11:41:46 - [MESSAGE][PASSED] - Text 'qtphl888u' is set on object 'Object Repository/Page_Metafour User Login/input_Login_j_password'

2018-09-26 11:41:46 - [TEST_STEP][PASSED] - click: Object: 'Object Repository/Page_Metafour User Login/button_Sign in' is clicked on

2018-09-26 11:41:47 - [MESSAGE][PASSED] - Object: 'Object Repository/Page_Metafour User Login/button_Sign in' is clicked on

2018-09-26 11:41:47 - [TEST_STEP][PASSED] - delay: Delayed 3 second(s)

2018-09-26 11:41:50 - [MESSAGE][PASSED] - Delayed 3 second(s)

2018-09-26 11:41:50 - [TEST_STEP][FAILED] - verifyElementNotPresent: Unable to verify object 'Object Repository/Page_Metafour User Login/div_Sorry login failed' is not present (Root cause: Web element with id: 'Object Repository/Page_Metafour User Login/div_Sorry login failed' located by 'By.xpath: //div[@id='customerrormessagediv']' is present after '30' second(s))

2018-09-26 11:41:50 - [MESSAGE][WARNING] - Timeout '0' is invalid. Using default page load timeout: '30'

2018-09-26 11:42:21 - [MESSAGE][FAILED] - Web element with id: 'Object Repository/Page_Metafour User Login/div_Sorry login failed' located by 'By.xpath: //div[@id='customerrormessagediv']' is present after '30' second(s)
[[ATTACHMENT|C:\\Users\\mazha\\Katalon Studio\\m4-monitoring\\Reports\\nc-cp-bo-login-test-suit\\20180926_105521\\1537940541207.png]]

2018-09-26 11:42:21 - [MESSAGE][FAILED] - Unable to verify object 'Object Repository/Page_Metafour User Login/div_Sorry login failed' is not present (Root cause: Web element with id: 'Object Repository/Page_Metafour User Login/div_Sorry login failed' located by 'By.xpath: //div[@id='customerrormessagediv']' is present after '30' second(s))
[[ATTACHMENT|C:\\Users\\mazha\\Katalon Studio\\m4-monitoring\\Reports\\nc-cp-bo-login-test-suit\\20180926_105521\\1537940541465.png]]]]></system-out>
         <system-err><![CDATA[2018-09-26 11:41:34 - [TEST_CASE][FAILED] - Test Cases/nc_bo_login-test: Test Cases/nc_bo_login-test FAILED because (of) (Stack trace: com.kms.katalon.core.exception.StepFailedException: Unable to verify object 'Object Repository/Page_Metafour User Login/div_Sorry login failed' is not present (Root cause: Web element with id: 'Object Repository/Page_Metafour User Login/div_Sorry login failed' located by 'By.xpath: //div[@id='customerrormessagediv']' is present after '30' second(s))
	at com.kms.katalon.core.keyword.internal.KeywordMain.stepFailed(KeywordMain.groovy:36)
	at com.kms.katalon.core.webui.keyword.internal.WebUIKeywordMain.stepFailed(WebUIKeywordMain.groovy:65)
	at com.kms.katalon.core.webui.keyword.internal.WebUIKeywordMain.runKeyword(WebUIKeywordMain.groovy:27)
	at com.kms.katalon.core.webui.keyword.builtin.VerifyElementNotPresentKeyword.verifyElementNotPresent(VerifyElementNotPresentKeyword.groovy:118)
	at com.kms.katalon.core.webui.keyword.builtin.VerifyElementNotPresentKeyword.execute(VerifyElementNotPresentKeyword.groovy:68)
	at com.kms.katalon.core.keyword.internal.KeywordExecutor.executeKeywordForPlatform(KeywordExecutor.groovy:53)
	at com.kms.katalon.core.webui.keyword.WebUiBuiltInKeywords.verifyElementNotPresent(WebUiBuiltInKeywords.groovy:1467)
	at com.kms.katalon.core.webui.keyword.WebUiBuiltInKeywords$verifyElementNotPresent$3.call(Unknown Source)
	at Script1537185514861.run(Script1537185514861.groovy:31)
	at com.kms.katalon.core.main.ScriptEngine.run(ScriptEngine.java:183)
	at com.kms.katalon.core.main.ScriptEngine.runScriptAsRawText(ScriptEngine.java:108)
	at com.kms.katalon.core.main.TestCaseExecutor.runScript(TestCaseExecutor.java:294)
	at com.kms.katalon.core.main.TestCaseExecutor.doExecute(TestCaseExecutor.java:285)
	at com.kms.katalon.core.main.TestCaseExecutor.processExecutionPhase(TestCaseExecutor.java:264)
	at com.kms.katalon.core.main.TestCaseExecutor.accessMainPhase(TestCaseExecutor.java:256)
	at com.kms.katalon.core.main.TestCaseExecutor.execute(TestCaseExecutor.java:200)
	at com.kms.katalon.core.main.TestSuiteExecutor.accessTestCaseMainPhase(TestSuiteExecutor.java:129)
	at com.kms.katalon.core.main.TestSuiteExecutor.accessTestSuiteMainPhase(TestSuiteExecutor.java:112)
	at com.kms.katalon.core.main.TestSuiteExecutor.execute(TestSuiteExecutor.java:81)
	at com.kms.katalon.core.main.TestCaseMain.startTestSuite(TestCaseMain.java:142)
	at com.kms.katalon.core.main.TestCaseMain$startTestSuite$0.call(Unknown Source)
	at org.codehaus.groovy.runtime.callsite.CallSiteArray.defaultCall(CallSiteArray.java:48)
	at org.codehaus.groovy.runtime.callsite.AbstractCallSite.call(AbstractCallSite.java:113)
	at org.codehaus.groovy.runtime.callsite.AbstractCallSite.call(AbstractCallSite.java:141)
	at TempTestSuite1537937721688.run(TempTestSuite1537937721688.groovy:36)
	at groovy.lang.GroovyShell.runScriptOrMainOrTestOrRunnable(GroovyShell.java:263)
	at groovy.lang.GroovyShell.run(GroovyShell.java:518)
	at groovy.lang.GroovyShell.run(GroovyShell.java:507)
	at groovy.ui.GroovyMain.processOnce(GroovyMain.java:653)
	at groovy.ui.GroovyMain.run(GroovyMain.java:384)
	at groovy.ui.GroovyMain.process(GroovyMain.java:370)
	at groovy.ui.GroovyMain.processArgs(GroovyMain.java:129)
	at groovy.ui.GroovyMain.main(GroovyMain.java:109)
	at sun.reflect.NativeMethodAccessorImpl.invoke0(Native Method)
	at sun.reflect.NativeMethodAccessorImpl.invoke(NativeMethodAccessorImpl.java:62)
	at sun.reflect.DelegatingMethodAccessorImpl.invoke(DelegatingMethodAccessorImpl.java:43)
	at java.lang.reflect.Method.invoke(Method.java:498)
	at org.codehaus.groovy.tools.GroovyStarter.rootLoader(GroovyStarter.java:109)
	at org.codehaus.groovy.tools.GroovyStarter.main(GroovyStarter.java:131)
)]]></system-err>
      </testcase>
      <testcase name="Test Cases/nc_bo_login-test" classname="Test Cases/nc_bo_login-test" status="PASSED">
         <system-out><![CDATA[2018-09-26 11:42:21 - [TEST_CASE][PASSED] - Test Cases/nc_bo_login-test: Test Cases/nc_bo_login-test

2018-09-26 11:42:21 - [TEST_STEP][PASSED] - openBrowser: Browser is opened with url: 'https://shell-ubook2.metafour.com/netcourier-data/'

2018-09-26 11:42:21 - [MESSAGE][WARNING] - A browser is already opened. Closing browser and opening a new one

2018-09-26 11:42:28 - [MESSAGE][PASSED] - Browser is opened with url: 'https://shell-ubook2.metafour.com/netcourier-data/'

2018-09-26 11:42:28 - [TEST_STEP][PASSED] - navigateToUrl: Navigate to 'https://shell-ubook2.metafour.com/netcourier-data/' successfully

2018-09-26 11:42:30 - [MESSAGE][PASSED] - Navigate to 'https://shell-ubook2.metafour.com/netcourier-data/' successfully

2018-09-26 11:42:30 - [TEST_STEP][PASSED] - setText: Text 'shl' is set on object 'Object Repository/Page_Metafour User Login/input_Login_access_code'

2018-09-26 11:42:33 - [MESSAGE][PASSED] - Text 'shl' is set on object 'Object Repository/Page_Metafour User Login/input_Login_access_code'

2018-09-26 11:42:33 - [TEST_STEP][PASSED] - setText: Text 'admin' is set on object 'Object Repository/Page_Metafour User Login/input_Login_login'

2018-09-26 11:42:33 - [MESSAGE][PASSED] - Text 'admin' is set on object 'Object Repository/Page_Metafour User Login/input_Login_login'

2018-09-26 11:42:33 - [TEST_STEP][PASSED] - setText: Text 'qtshl060u' is set on object 'Object Repository/Page_Metafour User Login/input_Login_j_password'

2018-09-26 11:42:34 - [MESSAGE][PASSED] - Text 'qtshl060u' is set on object 'Object Repository/Page_Metafour User Login/input_Login_j_password'

2018-09-26 11:42:34 - [TEST_STEP][PASSED] - click: Object: 'Object Repository/Page_Metafour User Login/button_Sign in' is clicked on

2018-09-26 11:42:37 - [MESSAGE][PASSED] - Object: 'Object Repository/Page_Metafour User Login/button_Sign in' is clicked on

2018-09-26 11:42:37 - [TEST_STEP][PASSED] - delay: Delayed 3 second(s)

2018-09-26 11:42:40 - [MESSAGE][PASSED] - Delayed 3 second(s)

2018-09-26 11:42:40 - [TEST_STEP][PASSED] - verifyElementNotPresent: Web element with id: 'Object Repository/Page_Metafour User Login/div_Sorry login failed' located by 'By.xpath: //div[@id='customerrormessagediv']' is not present after '30' second(s)

2018-09-26 11:42:40 - [MESSAGE][WARNING] - Timeout '0' is invalid. Using default page load timeout: '30'

2018-09-26 11:42:40 - [MESSAGE][PASSED] - Web element with id: 'Object Repository/Page_Metafour User Login/div_Sorry login failed' located by 'By.xpath: //div[@id='customerrormessagediv']' is not present after '30' second(s)

2018-09-26 11:42:40 - [TEST_STEP][PASSED] - closeBrowser: Browser is closed

2018-09-26 11:42:40 - [MESSAGE][PASSED] - Browser is closed]]></system-out>
         <system-err><![CDATA[]]></system-err>
      </testcase>
      <testcase name="Test Cases/nc_bo_login-test" classname="Test Cases/nc_bo_login-test" status="PASSED">
         <system-out><![CDATA[2018-09-26 11:42:40 - [TEST_CASE][PASSED] - Test Cases/nc_bo_login-test: Test Cases/nc_bo_login-test

2018-09-26 11:42:40 - [TEST_STEP][PASSED] - openBrowser: Browser is opened with url: 'https://spsdemo.metafour.com/netcourier-data/'

2018-09-26 11:42:46 - [MESSAGE][PASSED] - Browser is opened with url: 'https://spsdemo.metafour.com/netcourier-data/'

2018-09-26 11:42:46 - [TEST_STEP][PASSED] - navigateToUrl: Navigate to 'https://spsdemo.metafour.com/netcourier-data/' successfully

2018-09-26 11:42:49 - [MESSAGE][PASSED] - Navigate to 'https://spsdemo.metafour.com/netcourier-data/' successfully

2018-09-26 11:42:49 - [TEST_STEP][PASSED] - setText: Text 'spr' is set on object 'Object Repository/Page_Metafour User Login/input_Login_access_code'

2018-09-26 11:42:52 - [MESSAGE][PASSED] - Text 'spr' is set on object 'Object Repository/Page_Metafour User Login/input_Login_access_code'

2018-09-26 11:42:52 - [TEST_STEP][PASSED] - setText: Text 'admin' is set on object 'Object Repository/Page_Metafour User Login/input_Login_login'

2018-09-26 11:42:52 - [MESSAGE][PASSED] - Text 'admin' is set on object 'Object Repository/Page_Metafour User Login/input_Login_login'

2018-09-26 11:42:52 - [TEST_STEP][PASSED] - setText: Text 'qtspr301u' is set on object 'Object Repository/Page_Metafour User Login/input_Login_j_password'

2018-09-26 11:42:53 - [MESSAGE][PASSED] - Text 'qtspr301u' is set on object 'Object Repository/Page_Metafour User Login/input_Login_j_password'

2018-09-26 11:42:53 - [TEST_STEP][PASSED] - click: Object: 'Object Repository/Page_Metafour User Login/button_Sign in' is clicked on

2018-09-26 11:42:56 - [MESSAGE][PASSED] - Object: 'Object Repository/Page_Metafour User Login/button_Sign in' is clicked on

2018-09-26 11:42:56 - [TEST_STEP][PASSED] - delay: Delayed 3 second(s)

2018-09-26 11:42:59 - [MESSAGE][PASSED] - Delayed 3 second(s)

2018-09-26 11:42:59 - [TEST_STEP][PASSED] - verifyElementNotPresent: Web element with id: 'Object Repository/Page_Metafour User Login/div_Sorry login failed' located by 'By.xpath: //div[@id='customerrormessagediv']' is not present after '30' second(s)

2018-09-26 11:42:59 - [MESSAGE][WARNING] - Timeout '0' is invalid. Using default page load timeout: '30'

2018-09-26 11:42:59 - [MESSAGE][PASSED] - Web element with id: 'Object Repository/Page_Metafour User Login/div_Sorry login failed' located by 'By.xpath: //div[@id='customerrormessagediv']' is not present after '30' second(s)

2018-09-26 11:42:59 - [TEST_STEP][PASSED] - closeBrowser: Browser is closed

2018-09-26 11:42:59 - [MESSAGE][PASSED] - Browser is closed]]></system-out>
         <system-err><![CDATA[]]></system-err>
      </testcase>
      <testcase name="Test Cases/nc_bo_login-test" classname="Test Cases/nc_bo_login-test" status="PASSED">
         <system-out><![CDATA[2018-09-26 11:42:59 - [TEST_CASE][PASSED] - Test Cases/nc_bo_login-test: Test Cases/nc_bo_login-test

2018-09-26 11:42:59 - [TEST_STEP][PASSED] - openBrowser: Browser is opened with url: 'https://ubook2-master.metafour.com/netcourier-data/'

2018-09-26 11:43:05 - [MESSAGE][PASSED] - Browser is opened with url: 'https://ubook2-master.metafour.com/netcourier-data/'

2018-09-26 11:43:05 - [TEST_STEP][PASSED] - navigateToUrl: Navigate to 'https://ubook2-master.metafour.com/netcourier-data/' successfully

2018-09-26 11:43:08 - [MESSAGE][PASSED] - Navigate to 'https://ubook2-master.metafour.com/netcourier-data/' successfully

2018-09-26 11:43:08 - [TEST_STEP][PASSED] - setText: Text 'sps' is set on object 'Object Repository/Page_Metafour User Login/input_Login_access_code'

2018-09-26 11:43:11 - [MESSAGE][PASSED] - Text 'sps' is set on object 'Object Repository/Page_Metafour User Login/input_Login_access_code'

2018-09-26 11:43:11 - [TEST_STEP][PASSED] - setText: Text 'admin' is set on object 'Object Repository/Page_Metafour User Login/input_Login_login'

2018-09-26 11:43:11 - [MESSAGE][PASSED] - Text 'admin' is set on object 'Object Repository/Page_Metafour User Login/input_Login_login'

2018-09-26 11:43:11 - [TEST_STEP][PASSED] - setText: Text 'qtsps888u' is set on object 'Object Repository/Page_Metafour User Login/input_Login_j_password'

2018-09-26 11:43:11 - [MESSAGE][PASSED] - Text 'qtsps888u' is set on object 'Object Repository/Page_Metafour User Login/input_Login_j_password'

2018-09-26 11:43:11 - [TEST_STEP][PASSED] - click: Object: 'Object Repository/Page_Metafour User Login/button_Sign in' is clicked on

2018-09-26 11:43:14 - [MESSAGE][PASSED] - Object: 'Object Repository/Page_Metafour User Login/button_Sign in' is clicked on

2018-09-26 11:43:14 - [TEST_STEP][PASSED] - delay: Delayed 3 second(s)

2018-09-26 11:43:17 - [MESSAGE][PASSED] - Delayed 3 second(s)

2018-09-26 11:43:17 - [TEST_STEP][PASSED] - verifyElementNotPresent: Web element with id: 'Object Repository/Page_Metafour User Login/div_Sorry login failed' located by 'By.xpath: //div[@id='customerrormessagediv']' is not present after '30' second(s)

2018-09-26 11:43:17 - [MESSAGE][WARNING] - Timeout '0' is invalid. Using default page load timeout: '30'

2018-09-26 11:43:17 - [MESSAGE][PASSED] - Web element with id: 'Object Repository/Page_Metafour User Login/div_Sorry login failed' located by 'By.xpath: //div[@id='customerrormessagediv']' is not present after '30' second(s)

2018-09-26 11:43:17 - [TEST_STEP][PASSED] - closeBrowser: Browser is closed

2018-09-26 11:43:18 - [MESSAGE][PASSED] - Browser is closed]]></system-out>
         <system-err><![CDATA[]]></system-err>
      </testcase>
      <testcase name="Test Cases/nc_bo_login-test" classname="Test Cases/nc_bo_login-test" status="PASSED">
         <system-out><![CDATA[2018-09-26 11:43:18 - [TEST_CASE][PASSED] - Test Cases/nc_bo_login-test: Test Cases/nc_bo_login-test

2018-09-26 11:43:18 - [TEST_STEP][PASSED] - openBrowser: Browser is opened with url: 'https://spsuat.metafour.com/netcourier-data/'

2018-09-26 11:43:24 - [MESSAGE][PASSED] - Browser is opened with url: 'https://spsuat.metafour.com/netcourier-data/'

2018-09-26 11:43:24 - [TEST_STEP][PASSED] - navigateToUrl: Navigate to 'https://spsuat.metafour.com/netcourier-data/' successfully

2018-09-26 11:43:26 - [MESSAGE][PASSED] - Navigate to 'https://spsuat.metafour.com/netcourier-data/' successfully

2018-09-26 11:43:26 - [TEST_STEP][PASSED] - setText: Text 'uat' is set on object 'Object Repository/Page_Metafour User Login/input_Login_access_code'

2018-09-26 11:43:29 - [MESSAGE][PASSED] - Text 'uat' is set on object 'Object Repository/Page_Metafour User Login/input_Login_access_code'

2018-09-26 11:43:29 - [TEST_STEP][PASSED] - setText: Text 'admin' is set on object 'Object Repository/Page_Metafour User Login/input_Login_login'

2018-09-26 11:43:30 - [MESSAGE][PASSED] - Text 'admin' is set on object 'Object Repository/Page_Metafour User Login/input_Login_login'

2018-09-26 11:43:30 - [TEST_STEP][PASSED] - setText: Text 'qtuat301u' is set on object 'Object Repository/Page_Metafour User Login/input_Login_j_password'

2018-09-26 11:43:30 - [MESSAGE][PASSED] - Text 'qtuat301u' is set on object 'Object Repository/Page_Metafour User Login/input_Login_j_password'

2018-09-26 11:43:30 - [TEST_STEP][PASSED] - click: Object: 'Object Repository/Page_Metafour User Login/button_Sign in' is clicked on

2018-09-26 11:43:34 - [MESSAGE][PASSED] - Object: 'Object Repository/Page_Metafour User Login/button_Sign in' is clicked on

2018-09-26 11:43:34 - [TEST_STEP][PASSED] - delay: Delayed 3 second(s)

2018-09-26 11:43:37 - [MESSAGE][PASSED] - Delayed 3 second(s)

2018-09-26 11:43:37 - [TEST_STEP][PASSED] - verifyElementNotPresent: Web element with id: 'Object Repository/Page_Metafour User Login/div_Sorry login failed' located by 'By.xpath: //div[@id='customerrormessagediv']' is not present after '30' second(s)

2018-09-26 11:43:37 - [MESSAGE][WARNING] - Timeout '0' is invalid. Using default page load timeout: '30'

2018-09-26 11:43:37 - [MESSAGE][PASSED] - Web element with id: 'Object Repository/Page_Metafour User Login/div_Sorry login failed' located by 'By.xpath: //div[@id='customerrormessagediv']' is not present after '30' second(s)

2018-09-26 11:43:37 - [TEST_STEP][PASSED] - closeBrowser: Browser is closed

2018-09-26 11:43:37 - [MESSAGE][PASSED] - Browser is closed]]></system-out>
         <system-err><![CDATA[]]></system-err>
      </testcase>
      <testcase name="Test Cases/nc_bo_login-test" classname="Test Cases/nc_bo_login-test" status="PASSED">
         <system-out><![CDATA[2018-09-26 11:43:37 - [TEST_CASE][PASSED] - Test Cases/nc_bo_login-test: Test Cases/nc_bo_login-test

2018-09-26 11:43:37 - [TEST_STEP][PASSED] - openBrowser: Browser is opened with url: 'https://talktalk.metafour.com/netcourier-data/'

2018-09-26 11:43:44 - [MESSAGE][PASSED] - Browser is opened with url: 'https://talktalk.metafour.com/netcourier-data/'

2018-09-26 11:43:44 - [TEST_STEP][PASSED] - navigateToUrl: Navigate to 'https://talktalk.metafour.com/netcourier-data/' successfully

2018-09-26 11:43:46 - [MESSAGE][PASSED] - Navigate to 'https://talktalk.metafour.com/netcourier-data/' successfully

2018-09-26 11:43:46 - [TEST_STEP][PASSED] - setText: Text 'ttu' is set on object 'Object Repository/Page_Metafour User Login/input_Login_access_code'

2018-09-26 11:43:49 - [MESSAGE][PASSED] - Text 'ttu' is set on object 'Object Repository/Page_Metafour User Login/input_Login_access_code'

2018-09-26 11:43:49 - [TEST_STEP][PASSED] - setText: Text 'admin' is set on object 'Object Repository/Page_Metafour User Login/input_Login_login'

2018-09-26 11:43:49 - [MESSAGE][PASSED] - Text 'admin' is set on object 'Object Repository/Page_Metafour User Login/input_Login_login'

2018-09-26 11:43:49 - [TEST_STEP][PASSED] - setText: Text 'qtttu533u' is set on object 'Object Repository/Page_Metafour User Login/input_Login_j_password'

2018-09-26 11:43:50 - [MESSAGE][PASSED] - Text 'qtttu533u' is set on object 'Object Repository/Page_Metafour User Login/input_Login_j_password'

2018-09-26 11:43:50 - [TEST_STEP][PASSED] - click: Object: 'Object Repository/Page_Metafour User Login/button_Sign in' is clicked on

2018-09-26 11:43:53 - [MESSAGE][PASSED] - Object: 'Object Repository/Page_Metafour User Login/button_Sign in' is clicked on

2018-09-26 11:43:53 - [TEST_STEP][PASSED] - delay: Delayed 3 second(s)

2018-09-26 11:43:56 - [MESSAGE][PASSED] - Delayed 3 second(s)

2018-09-26 11:43:56 - [TEST_STEP][PASSED] - verifyElementNotPresent: Web element with id: 'Object Repository/Page_Metafour User Login/div_Sorry login failed' located by 'By.xpath: //div[@id='customerrormessagediv']' is not present after '30' second(s)

2018-09-26 11:43:56 - [MESSAGE][WARNING] - Timeout '0' is invalid. Using default page load timeout: '30'

2018-09-26 11:43:56 - [MESSAGE][PASSED] - Web element with id: 'Object Repository/Page_Metafour User Login/div_Sorry login failed' located by 'By.xpath: //div[@id='customerrormessagediv']' is not present after '30' second(s)

2018-09-26 11:43:56 - [TEST_STEP][PASSED] - closeBrowser: Browser is closed

2018-09-26 11:43:56 - [MESSAGE][PASSED] - Browser is closed]]></system-out>
         <system-err><![CDATA[]]></system-err>
      </testcase>
      <system-out><![CDATA[2018-09-26 10:55:24 - [TEST_SUITE][FAILED] - nc-cp-bo-login-test-suit: Test Cases/nc_cp_login_test FAILED because (of) (Stack trace: com.kms.katalon.core.exception.StepFailedException: Unable to verify object 'Object Repository/Page_Metafour User Login/div_Sorry login failed' is not present (Root cause: Web element with id: 'Object Repository/Page_Metafour User Login/div_Sorry login failed' located by 'By.xpath: //div[@id='customerrormessagediv']' is present after '30' second(s))
	at com.kms.katalon.core.keyword.internal.KeywordMain.stepFailed(KeywordMain.groovy:36)
	at com.kms.katalon.core.webui.keyword.internal.WebUIKeywordMain.stepFailed(WebUIKeywordMain.groovy:65)
	at com.kms.katalon.core.webui.keyword.internal.WebUIKeywordMain.runKeyword(WebUIKeywordMain.groovy:27)
	at com.kms.katalon.core.webui.keyword.builtin.VerifyElementNotPresentKeyword.verifyElementNotPresent(VerifyElementNotPresentKeyword.groovy:118)
	at com.kms.katalon.core.webui.keyword.builtin.VerifyElementNotPresentKeyword.execute(VerifyElementNotPresentKeyword.groovy:68)
	at com.kms.katalon.core.keyword.internal.KeywordExecutor.executeKeywordForPlatform(KeywordExecutor.groovy:53)
	at com.kms.katalon.core.webui.keyword.WebUiBuiltInKeywords.verifyElementNotPresent(WebUiBuiltInKeywords.groovy:1467)
	at com.kms.katalon.core.webui.keyword.WebUiBuiltInKeywords$verifyElementNotPresent$3.call(Unknown Source)
	at Script1537190043452.run(Script1537190043452.groovy:31)
	at com.kms.katalon.core.main.ScriptEngine.run(ScriptEngine.java:183)
	at com.kms.katalon.core.main.ScriptEngine.runScriptAsRawText(ScriptEngine.java:108)
	at com.kms.katalon.core.main.TestCaseExecutor.runScript(TestCaseExecutor.java:294)
	at com.kms.katalon.core.main.TestCaseExecutor.doExecute(TestCaseExecutor.java:285)
	at com.kms.katalon.core.main.TestCaseExecutor.processExecutionPhase(TestCaseExecutor.java:264)
	at com.kms.katalon.core.main.TestCaseExecutor.accessMainPhase(TestCaseExecutor.java:256)
	at com.kms.katalon.core.main.TestCaseExecutor.execute(TestCaseExecutor.java:200)
	at com.kms.katalon.core.main.TestSuiteExecutor.accessTestCaseMainPhase(TestSuiteExecutor.java:129)
	at com.kms.katalon.core.main.TestSuiteExecutor.accessTestSuiteMainPhase(TestSuiteExecutor.java:112)
	at com.kms.katalon.core.main.TestSuiteExecutor.execute(TestSuiteExecutor.java:81)
	at com.kms.katalon.core.main.TestCaseMain.startTestSuite(TestCaseMain.java:142)
	at com.kms.katalon.core.main.TestCaseMain$startTestSuite$0.call(Unknown Source)
	at org.codehaus.groovy.runtime.callsite.CallSiteArray.defaultCall(CallSiteArray.java:48)
	at org.codehaus.groovy.runtime.callsite.AbstractCallSite.call(AbstractCallSite.java:113)
	at org.codehaus.groovy.runtime.callsite.AbstractCallSite.call(AbstractCallSite.java:141)
	at TempTestSuite1537937721688.run(TempTestSuite1537937721688.groovy:36)
	at groovy.lang.GroovyShell.runScriptOrMainOrTestOrRunnable(GroovyShell.java:263)
	at groovy.lang.GroovyShell.run(GroovyShell.java:518)
	at groovy.lang.GroovyShell.run(GroovyShell.java:507)
	at groovy.ui.GroovyMain.processOnce(GroovyMain.java:653)
	at groovy.ui.GroovyMain.run(GroovyMain.java:384)
	at groovy.ui.GroovyMain.process(GroovyMain.java:370)
	at groovy.ui.GroovyMain.processArgs(GroovyMain.java:129)
	at groovy.ui.GroovyMain.main(GroovyMain.java:109)
	at sun.reflect.NativeMethodAccessorImpl.invoke0(Native Method)
	at sun.reflect.NativeMethodAccessorImpl.invoke(NativeMethodAccessorImpl.java:62)
	at sun.reflect.DelegatingMethodAccessorImpl.invoke(DelegatingMethodAccessorImpl.java:43)
	at java.lang.reflect.Method.invoke(Method.java:498)
	at org.codehaus.groovy.tools.GroovyStarter.rootLoader(GroovyStarter.java:109)
	at org.codehaus.groovy.tools.GroovyStarter.main(GroovyStarter.java:131)
)]]></system-out>
      <system-err><![CDATA[2018-09-26 10:55:24 - [TEST_SUITE][FAILED] - nc-cp-bo-login-test-suit: Test Cases/nc_cp_login_test FAILED because (of) (Stack trace: com.kms.katalon.core.exception.StepFailedException: Unable to verify object 'Object Repository/Page_Metafour User Login/div_Sorry login failed' is not present (Root cause: Web element with id: 'Object Repository/Page_Metafour User Login/div_Sorry login failed' located by 'By.xpath: //div[@id='customerrormessagediv']' is present after '30' second(s))
	at com.kms.katalon.core.keyword.internal.KeywordMain.stepFailed(KeywordMain.groovy:36)
	at com.kms.katalon.core.webui.keyword.internal.WebUIKeywordMain.stepFailed(WebUIKeywordMain.groovy:65)
	at com.kms.katalon.core.webui.keyword.internal.WebUIKeywordMain.runKeyword(WebUIKeywordMain.groovy:27)
	at com.kms.katalon.core.webui.keyword.builtin.VerifyElementNotPresentKeyword.verifyElementNotPresent(VerifyElementNotPresentKeyword.groovy:118)
	at com.kms.katalon.core.webui.keyword.builtin.VerifyElementNotPresentKeyword.execute(VerifyElementNotPresentKeyword.groovy:68)
	at com.kms.katalon.core.keyword.internal.KeywordExecutor.executeKeywordForPlatform(KeywordExecutor.groovy:53)
	at com.kms.katalon.core.webui.keyword.WebUiBuiltInKeywords.verifyElementNotPresent(WebUiBuiltInKeywords.groovy:1467)
	at com.kms.katalon.core.webui.keyword.WebUiBuiltInKeywords$verifyElementNotPresent$3.call(Unknown Source)
	at Script1537190043452.run(Script1537190043452.groovy:31)
	at com.kms.katalon.core.main.ScriptEngine.run(ScriptEngine.java:183)
	at com.kms.katalon.core.main.ScriptEngine.runScriptAsRawText(ScriptEngine.java:108)
	at com.kms.katalon.core.main.TestCaseExecutor.runScript(TestCaseExecutor.java:294)
	at com.kms.katalon.core.main.TestCaseExecutor.doExecute(TestCaseExecutor.java:285)
	at com.kms.katalon.core.main.TestCaseExecutor.processExecutionPhase(TestCaseExecutor.java:264)
	at com.kms.katalon.core.main.TestCaseExecutor.accessMainPhase(TestCaseExecutor.java:256)
	at com.kms.katalon.core.main.TestCaseExecutor.execute(TestCaseExecutor.java:200)
	at com.kms.katalon.core.main.TestSuiteExecutor.accessTestCaseMainPhase(TestSuiteExecutor.java:129)
	at com.kms.katalon.core.main.TestSuiteExecutor.accessTestSuiteMainPhase(TestSuiteExecutor.java:112)
	at com.kms.katalon.core.main.TestSuiteExecutor.execute(TestSuiteExecutor.java:81)
	at com.kms.katalon.core.main.TestCaseMain.startTestSuite(TestCaseMain.java:142)
	at com.kms.katalon.core.main.TestCaseMain$startTestSuite$0.call(Unknown Source)
	at org.codehaus.groovy.runtime.callsite.CallSiteArray.defaultCall(CallSiteArray.java:48)
	at org.codehaus.groovy.runtime.callsite.AbstractCallSite.call(AbstractCallSite.java:113)
	at org.codehaus.groovy.runtime.callsite.AbstractCallSite.call(AbstractCallSite.java:141)
	at TempTestSuite1537937721688.run(TempTestSuite1537937721688.groovy:36)
	at groovy.lang.GroovyShell.runScriptOrMainOrTestOrRunnable(GroovyShell.java:263)
	at groovy.lang.GroovyShell.run(GroovyShell.java:518)
	at groovy.lang.GroovyShell.run(GroovyShell.java:507)
	at groovy.ui.GroovyMain.processOnce(GroovyMain.java:653)
	at groovy.ui.GroovyMain.run(GroovyMain.java:384)
	at groovy.ui.GroovyMain.process(GroovyMain.java:370)
	at groovy.ui.GroovyMain.processArgs(GroovyMain.java:129)
	at groovy.ui.GroovyMain.main(GroovyMain.java:109)
	at sun.reflect.NativeMethodAccessorImpl.invoke0(Native Method)
	at sun.reflect.NativeMethodAccessorImpl.invoke(NativeMethodAccessorImpl.java:62)
	at sun.reflect.DelegatingMethodAccessorImpl.invoke(DelegatingMethodAccessorImpl.java:43)
	at java.lang.reflect.Method.invoke(Method.java:498)
	at org.codehaus.groovy.tools.GroovyStarter.rootLoader(GroovyStarter.java:109)
	at org.codehaus.groovy.tools.GroovyStarter.main(GroovyStarter.java:131)
)]]></system-err>
   </testsuite>
</testsuites>
